[2024-01-30T18:49:09.997+0000] {processor.py:154} INFO - Started process (PID=84) to work on /home/airflow/.local/lib/python3.7/site-packages/airflow/example_dags/example_latest_only_with_trigger.py
[2024-01-30T18:49:09.998+0000] {processor.py:756} INFO - Processing file /home/airflow/.local/lib/python3.7/site-packages/airflow/example_dags/example_latest_only_with_trigger.py for tasks to queue
[2024-01-30T18:49:10.000+0000] {logging_mixin.py:120} INFO - [2024-01-30T18:49:09.999+0000] {dagbag.py:537} INFO - Filling up the DagBag from /home/airflow/.local/lib/python3.7/site-packages/airflow/example_dags/example_latest_only_with_trigger.py
[2024-01-30T18:49:10.073+0000] {processor.py:766} INFO - DAG(s) dict_keys(['latest_only_with_trigger']) retrieved from /home/airflow/.local/lib/python3.7/site-packages/airflow/example_dags/example_latest_only_with_trigger.py
[2024-01-30T18:49:10.518+0000] {logging_mixin.py:120} INFO - [2024-01-30T18:49:10.518+0000] {dag.py:2585} INFO - Sync 1 DAGs
[2024-01-30T18:49:10.654+0000] {logging_mixin.py:120} INFO - [2024-01-30T18:49:10.654+0000] {dag.py:3340} INFO - Setting next_dagrun for latest_only_with_trigger to 2024-01-30T14:49:10.653336+00:00, run_after=2024-01-30T18:49:10.653336+00:00
[2024-01-30T18:49:10.959+0000] {processor.py:176} INFO - Processing /home/airflow/.local/lib/python3.7/site-packages/airflow/example_dags/example_latest_only_with_trigger.py took 0.976 seconds
[2024-01-30T18:49:41.293+0000] {processor.py:154} INFO - Started process (PID=142) to work on /home/airflow/.local/lib/python3.7/site-packages/airflow/example_dags/example_latest_only_with_trigger.py
[2024-01-30T18:49:41.296+0000] {processor.py:756} INFO - Processing file /home/airflow/.local/lib/python3.7/site-packages/airflow/example_dags/example_latest_only_with_trigger.py for tasks to queue
[2024-01-30T18:49:41.297+0000] {logging_mixin.py:120} INFO - [2024-01-30T18:49:41.297+0000] {dagbag.py:537} INFO - Filling up the DagBag from /home/airflow/.local/lib/python3.7/site-packages/airflow/example_dags/example_latest_only_with_trigger.py
[2024-01-30T18:49:41.328+0000] {processor.py:766} INFO - DAG(s) dict_keys(['latest_only_with_trigger']) retrieved from /home/airflow/.local/lib/python3.7/site-packages/airflow/example_dags/example_latest_only_with_trigger.py
[2024-01-30T18:49:41.406+0000] {logging_mixin.py:120} INFO - [2024-01-30T18:49:41.406+0000] {dag.py:2585} INFO - Sync 1 DAGs
[2024-01-30T18:49:41.455+0000] {logging_mixin.py:120} INFO - [2024-01-30T18:49:41.455+0000] {dag.py:3340} INFO - Setting next_dagrun for latest_only_with_trigger to 2024-01-30T14:49:41.454635+00:00, run_after=2024-01-30T18:49:41.454635+00:00
[2024-01-30T18:49:41.494+0000] {processor.py:176} INFO - Processing /home/airflow/.local/lib/python3.7/site-packages/airflow/example_dags/example_latest_only_with_trigger.py took 0.207 seconds
[2024-01-30T18:50:11.676+0000] {processor.py:154} INFO - Started process (PID=198) to work on /home/airflow/.local/lib/python3.7/site-packages/airflow/example_dags/example_latest_only_with_trigger.py
[2024-01-30T18:50:11.678+0000] {processor.py:756} INFO - Processing file /home/airflow/.local/lib/python3.7/site-packages/airflow/example_dags/example_latest_only_with_trigger.py for tasks to queue
[2024-01-30T18:50:11.680+0000] {logging_mixin.py:120} INFO - [2024-01-30T18:50:11.679+0000] {dagbag.py:537} INFO - Filling up the DagBag from /home/airflow/.local/lib/python3.7/site-packages/airflow/example_dags/example_latest_only_with_trigger.py
[2024-01-30T18:50:11.703+0000] {processor.py:766} INFO - DAG(s) dict_keys(['latest_only_with_trigger']) retrieved from /home/airflow/.local/lib/python3.7/site-packages/airflow/example_dags/example_latest_only_with_trigger.py
[2024-01-30T18:50:11.759+0000] {logging_mixin.py:120} INFO - [2024-01-30T18:50:11.759+0000] {dag.py:2585} INFO - Sync 1 DAGs
[2024-01-30T18:50:11.792+0000] {logging_mixin.py:120} INFO - [2024-01-30T18:50:11.792+0000] {dag.py:3340} INFO - Setting next_dagrun for latest_only_with_trigger to 2024-01-30T14:50:11.792479+00:00, run_after=2024-01-30T18:50:11.792479+00:00
[2024-01-30T18:50:11.820+0000] {processor.py:176} INFO - Processing /home/airflow/.local/lib/python3.7/site-packages/airflow/example_dags/example_latest_only_with_trigger.py took 0.149 seconds
[2024-01-30T18:50:42.698+0000] {processor.py:154} INFO - Started process (PID=262) to work on /home/airflow/.local/lib/python3.7/site-packages/airflow/example_dags/example_latest_only_with_trigger.py
[2024-01-30T18:50:42.700+0000] {processor.py:756} INFO - Processing file /home/airflow/.local/lib/python3.7/site-packages/airflow/example_dags/example_latest_only_with_trigger.py for tasks to queue
[2024-01-30T18:50:42.701+0000] {logging_mixin.py:120} INFO - [2024-01-30T18:50:42.701+0000] {dagbag.py:537} INFO - Filling up the DagBag from /home/airflow/.local/lib/python3.7/site-packages/airflow/example_dags/example_latest_only_with_trigger.py
[2024-01-30T18:50:42.724+0000] {processor.py:766} INFO - DAG(s) dict_keys(['latest_only_with_trigger']) retrieved from /home/airflow/.local/lib/python3.7/site-packages/airflow/example_dags/example_latest_only_with_trigger.py
[2024-01-30T18:50:42.784+0000] {logging_mixin.py:120} INFO - [2024-01-30T18:50:42.784+0000] {dag.py:2585} INFO - Sync 1 DAGs
[2024-01-30T18:50:42.815+0000] {logging_mixin.py:120} INFO - [2024-01-30T18:50:42.815+0000] {dag.py:3340} INFO - Setting next_dagrun for latest_only_with_trigger to 2024-01-30T14:50:42.815103+00:00, run_after=2024-01-30T18:50:42.815103+00:00
[2024-01-30T18:50:42.844+0000] {processor.py:176} INFO - Processing /home/airflow/.local/lib/python3.7/site-packages/airflow/example_dags/example_latest_only_with_trigger.py took 0.151 seconds
[2024-01-30T18:51:13.575+0000] {processor.py:154} INFO - Started process (PID=325) to work on /home/airflow/.local/lib/python3.7/site-packages/airflow/example_dags/example_latest_only_with_trigger.py
[2024-01-30T18:51:13.576+0000] {processor.py:756} INFO - Processing file /home/airflow/.local/lib/python3.7/site-packages/airflow/example_dags/example_latest_only_with_trigger.py for tasks to queue
[2024-01-30T18:51:13.577+0000] {logging_mixin.py:120} INFO - [2024-01-30T18:51:13.577+0000] {dagbag.py:537} INFO - Filling up the DagBag from /home/airflow/.local/lib/python3.7/site-packages/airflow/example_dags/example_latest_only_with_trigger.py
[2024-01-30T18:51:13.596+0000] {processor.py:766} INFO - DAG(s) dict_keys(['latest_only_with_trigger']) retrieved from /home/airflow/.local/lib/python3.7/site-packages/airflow/example_dags/example_latest_only_with_trigger.py
[2024-01-30T18:51:13.646+0000] {logging_mixin.py:120} INFO - [2024-01-30T18:51:13.646+0000] {dag.py:2585} INFO - Sync 1 DAGs
[2024-01-30T18:51:13.677+0000] {logging_mixin.py:120} INFO - [2024-01-30T18:51:13.677+0000] {dag.py:3340} INFO - Setting next_dagrun for latest_only_with_trigger to 2024-01-30T14:51:13.677183+00:00, run_after=2024-01-30T18:51:13.677183+00:00
[2024-01-30T18:51:13.705+0000] {processor.py:176} INFO - Processing /home/airflow/.local/lib/python3.7/site-packages/airflow/example_dags/example_latest_only_with_trigger.py took 0.134 seconds
[2024-01-30T18:51:44.319+0000] {processor.py:154} INFO - Started process (PID=382) to work on /home/airflow/.local/lib/python3.7/site-packages/airflow/example_dags/example_latest_only_with_trigger.py
[2024-01-30T18:51:44.321+0000] {processor.py:756} INFO - Processing file /home/airflow/.local/lib/python3.7/site-packages/airflow/example_dags/example_latest_only_with_trigger.py for tasks to queue
[2024-01-30T18:51:44.323+0000] {logging_mixin.py:120} INFO - [2024-01-30T18:51:44.322+0000] {dagbag.py:537} INFO - Filling up the DagBag from /home/airflow/.local/lib/python3.7/site-packages/airflow/example_dags/example_latest_only_with_trigger.py
[2024-01-30T18:51:44.350+0000] {processor.py:766} INFO - DAG(s) dict_keys(['latest_only_with_trigger']) retrieved from /home/airflow/.local/lib/python3.7/site-packages/airflow/example_dags/example_latest_only_with_trigger.py
[2024-01-30T18:51:44.417+0000] {logging_mixin.py:120} INFO - [2024-01-30T18:51:44.417+0000] {dag.py:2585} INFO - Sync 1 DAGs
[2024-01-30T18:51:44.456+0000] {logging_mixin.py:120} INFO - [2024-01-30T18:51:44.456+0000] {dag.py:3340} INFO - Setting next_dagrun for latest_only_with_trigger to 2024-01-30T14:51:44.455839+00:00, run_after=2024-01-30T18:51:44.455839+00:00
[2024-01-30T18:51:44.482+0000] {processor.py:176} INFO - Processing /home/airflow/.local/lib/python3.7/site-packages/airflow/example_dags/example_latest_only_with_trigger.py took 0.168 seconds
[2024-01-30T18:52:14.902+0000] {processor.py:154} INFO - Started process (PID=448) to work on /home/airflow/.local/lib/python3.7/site-packages/airflow/example_dags/example_latest_only_with_trigger.py
[2024-01-30T18:52:14.903+0000] {processor.py:756} INFO - Processing file /home/airflow/.local/lib/python3.7/site-packages/airflow/example_dags/example_latest_only_with_trigger.py for tasks to queue
[2024-01-30T18:52:14.904+0000] {logging_mixin.py:120} INFO - [2024-01-30T18:52:14.904+0000] {dagbag.py:537} INFO - Filling up the DagBag from /home/airflow/.local/lib/python3.7/site-packages/airflow/example_dags/example_latest_only_with_trigger.py
[2024-01-30T18:52:14.930+0000] {processor.py:766} INFO - DAG(s) dict_keys(['latest_only_with_trigger']) retrieved from /home/airflow/.local/lib/python3.7/site-packages/airflow/example_dags/example_latest_only_with_trigger.py
[2024-01-30T18:52:14.986+0000] {logging_mixin.py:120} INFO - [2024-01-30T18:52:14.986+0000] {dag.py:2585} INFO - Sync 1 DAGs
[2024-01-30T18:52:15.031+0000] {logging_mixin.py:120} INFO - [2024-01-30T18:52:15.031+0000] {dag.py:3340} INFO - Setting next_dagrun for latest_only_with_trigger to 2024-01-30T14:52:15.031295+00:00, run_after=2024-01-30T18:52:15.031295+00:00
[2024-01-30T18:52:15.063+0000] {processor.py:176} INFO - Processing /home/airflow/.local/lib/python3.7/site-packages/airflow/example_dags/example_latest_only_with_trigger.py took 0.166 seconds
[2024-01-30T18:52:45.892+0000] {processor.py:154} INFO - Started process (PID=512) to work on /home/airflow/.local/lib/python3.7/site-packages/airflow/example_dags/example_latest_only_with_trigger.py
[2024-01-30T18:52:45.894+0000] {processor.py:756} INFO - Processing file /home/airflow/.local/lib/python3.7/site-packages/airflow/example_dags/example_latest_only_with_trigger.py for tasks to queue
[2024-01-30T18:52:45.895+0000] {logging_mixin.py:120} INFO - [2024-01-30T18:52:45.895+0000] {dagbag.py:537} INFO - Filling up the DagBag from /home/airflow/.local/lib/python3.7/site-packages/airflow/example_dags/example_latest_only_with_trigger.py
[2024-01-30T18:52:45.918+0000] {processor.py:766} INFO - DAG(s) dict_keys(['latest_only_with_trigger']) retrieved from /home/airflow/.local/lib/python3.7/site-packages/airflow/example_dags/example_latest_only_with_trigger.py
[2024-01-30T18:52:45.971+0000] {logging_mixin.py:120} INFO - [2024-01-30T18:52:45.971+0000] {dag.py:2585} INFO - Sync 1 DAGs
[2024-01-30T18:52:46.002+0000] {logging_mixin.py:120} INFO - [2024-01-30T18:52:46.002+0000] {dag.py:3340} INFO - Setting next_dagrun for latest_only_with_trigger to 2024-01-30T14:52:46.002407+00:00, run_after=2024-01-30T18:52:46.002407+00:00
[2024-01-30T18:52:46.040+0000] {processor.py:176} INFO - Processing /home/airflow/.local/lib/python3.7/site-packages/airflow/example_dags/example_latest_only_with_trigger.py took 0.152 seconds
[2024-01-30T18:53:16.333+0000] {processor.py:154} INFO - Started process (PID=567) to work on /home/airflow/.local/lib/python3.7/site-packages/airflow/example_dags/example_latest_only_with_trigger.py
[2024-01-30T18:53:16.335+0000] {processor.py:756} INFO - Processing file /home/airflow/.local/lib/python3.7/site-packages/airflow/example_dags/example_latest_only_with_trigger.py for tasks to queue
[2024-01-30T18:53:16.337+0000] {logging_mixin.py:120} INFO - [2024-01-30T18:53:16.337+0000] {dagbag.py:537} INFO - Filling up the DagBag from /home/airflow/.local/lib/python3.7/site-packages/airflow/example_dags/example_latest_only_with_trigger.py
[2024-01-30T18:53:16.359+0000] {processor.py:766} INFO - DAG(s) dict_keys(['latest_only_with_trigger']) retrieved from /home/airflow/.local/lib/python3.7/site-packages/airflow/example_dags/example_latest_only_with_trigger.py
[2024-01-30T18:53:16.420+0000] {logging_mixin.py:120} INFO - [2024-01-30T18:53:16.420+0000] {dag.py:2585} INFO - Sync 1 DAGs
[2024-01-30T18:53:16.452+0000] {logging_mixin.py:120} INFO - [2024-01-30T18:53:16.451+0000] {dag.py:3340} INFO - Setting next_dagrun for latest_only_with_trigger to 2024-01-30T14:53:16.451605+00:00, run_after=2024-01-30T18:53:16.451605+00:00
[2024-01-30T18:53:16.478+0000] {processor.py:176} INFO - Processing /home/airflow/.local/lib/python3.7/site-packages/airflow/example_dags/example_latest_only_with_trigger.py took 0.151 seconds
[2024-01-30T18:53:46.672+0000] {processor.py:154} INFO - Started process (PID=641) to work on /home/airflow/.local/lib/python3.7/site-packages/airflow/example_dags/example_latest_only_with_trigger.py
[2024-01-30T18:53:46.674+0000] {processor.py:756} INFO - Processing file /home/airflow/.local/lib/python3.7/site-packages/airflow/example_dags/example_latest_only_with_trigger.py for tasks to queue
[2024-01-30T18:53:46.675+0000] {logging_mixin.py:120} INFO - [2024-01-30T18:53:46.675+0000] {dagbag.py:537} INFO - Filling up the DagBag from /home/airflow/.local/lib/python3.7/site-packages/airflow/example_dags/example_latest_only_with_trigger.py
[2024-01-30T18:53:46.695+0000] {processor.py:766} INFO - DAG(s) dict_keys(['latest_only_with_trigger']) retrieved from /home/airflow/.local/lib/python3.7/site-packages/airflow/example_dags/example_latest_only_with_trigger.py
[2024-01-30T18:53:46.751+0000] {logging_mixin.py:120} INFO - [2024-01-30T18:53:46.751+0000] {dag.py:2585} INFO - Sync 1 DAGs
[2024-01-30T18:53:46.786+0000] {logging_mixin.py:120} INFO - [2024-01-30T18:53:46.786+0000] {dag.py:3340} INFO - Setting next_dagrun for latest_only_with_trigger to 2024-01-30T14:53:46.786043+00:00, run_after=2024-01-30T18:53:46.786043+00:00
[2024-01-30T18:53:46.815+0000] {processor.py:176} INFO - Processing /home/airflow/.local/lib/python3.7/site-packages/airflow/example_dags/example_latest_only_with_trigger.py took 0.146 seconds
[2024-01-30T18:54:17.702+0000] {processor.py:154} INFO - Started process (PID=705) to work on /home/airflow/.local/lib/python3.7/site-packages/airflow/example_dags/example_latest_only_with_trigger.py
[2024-01-30T18:54:17.703+0000] {processor.py:756} INFO - Processing file /home/airflow/.local/lib/python3.7/site-packages/airflow/example_dags/example_latest_only_with_trigger.py for tasks to queue
[2024-01-30T18:54:17.705+0000] {logging_mixin.py:120} INFO - [2024-01-30T18:54:17.705+0000] {dagbag.py:537} INFO - Filling up the DagBag from /home/airflow/.local/lib/python3.7/site-packages/airflow/example_dags/example_latest_only_with_trigger.py
[2024-01-30T18:54:17.767+0000] {processor.py:766} INFO - DAG(s) dict_keys(['latest_only_with_trigger']) retrieved from /home/airflow/.local/lib/python3.7/site-packages/airflow/example_dags/example_latest_only_with_trigger.py
[2024-01-30T18:54:17.880+0000] {logging_mixin.py:120} INFO - [2024-01-30T18:54:17.879+0000] {dag.py:2585} INFO - Sync 1 DAGs
[2024-01-30T18:54:17.923+0000] {logging_mixin.py:120} INFO - [2024-01-30T18:54:17.922+0000] {dag.py:3340} INFO - Setting next_dagrun for latest_only_with_trigger to 2024-01-30T14:54:17.922144+00:00, run_after=2024-01-30T18:54:17.922144+00:00
[2024-01-30T18:54:17.952+0000] {processor.py:176} INFO - Processing /home/airflow/.local/lib/python3.7/site-packages/airflow/example_dags/example_latest_only_with_trigger.py took 0.257 seconds
[2024-01-30T18:54:47.981+0000] {processor.py:154} INFO - Started process (PID=760) to work on /home/airflow/.local/lib/python3.7/site-packages/airflow/example_dags/example_latest_only_with_trigger.py
[2024-01-30T18:54:47.982+0000] {processor.py:756} INFO - Processing file /home/airflow/.local/lib/python3.7/site-packages/airflow/example_dags/example_latest_only_with_trigger.py for tasks to queue
[2024-01-30T18:54:47.983+0000] {logging_mixin.py:120} INFO - [2024-01-30T18:54:47.983+0000] {dagbag.py:537} INFO - Filling up the DagBag from /home/airflow/.local/lib/python3.7/site-packages/airflow/example_dags/example_latest_only_with_trigger.py
[2024-01-30T18:54:48.003+0000] {processor.py:766} INFO - DAG(s) dict_keys(['latest_only_with_trigger']) retrieved from /home/airflow/.local/lib/python3.7/site-packages/airflow/example_dags/example_latest_only_with_trigger.py
[2024-01-30T18:54:48.056+0000] {logging_mixin.py:120} INFO - [2024-01-30T18:54:48.056+0000] {dag.py:2585} INFO - Sync 1 DAGs
[2024-01-30T18:54:48.099+0000] {logging_mixin.py:120} INFO - [2024-01-30T18:54:48.099+0000] {dag.py:3340} INFO - Setting next_dagrun for latest_only_with_trigger to 2024-01-30T14:54:48.098845+00:00, run_after=2024-01-30T18:54:48.098845+00:00
[2024-01-30T18:54:48.124+0000] {processor.py:176} INFO - Processing /home/airflow/.local/lib/python3.7/site-packages/airflow/example_dags/example_latest_only_with_trigger.py took 0.147 seconds
[2024-01-30T18:55:18.587+0000] {processor.py:154} INFO - Started process (PID=824) to work on /home/airflow/.local/lib/python3.7/site-packages/airflow/example_dags/example_latest_only_with_trigger.py
[2024-01-30T18:55:18.589+0000] {processor.py:756} INFO - Processing file /home/airflow/.local/lib/python3.7/site-packages/airflow/example_dags/example_latest_only_with_trigger.py for tasks to queue
[2024-01-30T18:55:18.590+0000] {logging_mixin.py:120} INFO - [2024-01-30T18:55:18.590+0000] {dagbag.py:537} INFO - Filling up the DagBag from /home/airflow/.local/lib/python3.7/site-packages/airflow/example_dags/example_latest_only_with_trigger.py
[2024-01-30T18:55:18.620+0000] {processor.py:766} INFO - DAG(s) dict_keys(['latest_only_with_trigger']) retrieved from /home/airflow/.local/lib/python3.7/site-packages/airflow/example_dags/example_latest_only_with_trigger.py
[2024-01-30T18:55:18.705+0000] {logging_mixin.py:120} INFO - [2024-01-30T18:55:18.704+0000] {dag.py:2585} INFO - Sync 1 DAGs
[2024-01-30T18:55:18.755+0000] {logging_mixin.py:120} INFO - [2024-01-30T18:55:18.755+0000] {dag.py:3340} INFO - Setting next_dagrun for latest_only_with_trigger to 2024-01-30T14:55:18.755346+00:00, run_after=2024-01-30T18:55:18.755346+00:00
[2024-01-30T18:55:18.796+0000] {processor.py:176} INFO - Processing /home/airflow/.local/lib/python3.7/site-packages/airflow/example_dags/example_latest_only_with_trigger.py took 0.215 seconds
[2024-01-30T18:55:49.492+0000] {processor.py:154} INFO - Started process (PID=887) to work on /home/airflow/.local/lib/python3.7/site-packages/airflow/example_dags/example_latest_only_with_trigger.py
[2024-01-30T18:55:49.494+0000] {processor.py:756} INFO - Processing file /home/airflow/.local/lib/python3.7/site-packages/airflow/example_dags/example_latest_only_with_trigger.py for tasks to queue
[2024-01-30T18:55:49.495+0000] {logging_mixin.py:120} INFO - [2024-01-30T18:55:49.495+0000] {dagbag.py:537} INFO - Filling up the DagBag from /home/airflow/.local/lib/python3.7/site-packages/airflow/example_dags/example_latest_only_with_trigger.py
[2024-01-30T18:55:49.525+0000] {processor.py:766} INFO - DAG(s) dict_keys(['latest_only_with_trigger']) retrieved from /home/airflow/.local/lib/python3.7/site-packages/airflow/example_dags/example_latest_only_with_trigger.py
[2024-01-30T18:55:49.601+0000] {logging_mixin.py:120} INFO - [2024-01-30T18:55:49.600+0000] {dag.py:2585} INFO - Sync 1 DAGs
[2024-01-30T18:55:49.648+0000] {logging_mixin.py:120} INFO - [2024-01-30T18:55:49.648+0000] {dag.py:3340} INFO - Setting next_dagrun for latest_only_with_trigger to 2024-01-30T14:55:49.648105+00:00, run_after=2024-01-30T18:55:49.648105+00:00
[2024-01-30T18:55:49.677+0000] {processor.py:176} INFO - Processing /home/airflow/.local/lib/python3.7/site-packages/airflow/example_dags/example_latest_only_with_trigger.py took 0.190 seconds
[2024-01-30T18:56:19.791+0000] {processor.py:154} INFO - Started process (PID=942) to work on /home/airflow/.local/lib/python3.7/site-packages/airflow/example_dags/example_latest_only_with_trigger.py
[2024-01-30T18:56:19.793+0000] {processor.py:756} INFO - Processing file /home/airflow/.local/lib/python3.7/site-packages/airflow/example_dags/example_latest_only_with_trigger.py for tasks to queue
[2024-01-30T18:56:19.795+0000] {logging_mixin.py:120} INFO - [2024-01-30T18:56:19.794+0000] {dagbag.py:537} INFO - Filling up the DagBag from /home/airflow/.local/lib/python3.7/site-packages/airflow/example_dags/example_latest_only_with_trigger.py
[2024-01-30T18:56:19.820+0000] {processor.py:766} INFO - DAG(s) dict_keys(['latest_only_with_trigger']) retrieved from /home/airflow/.local/lib/python3.7/site-packages/airflow/example_dags/example_latest_only_with_trigger.py
[2024-01-30T18:56:19.895+0000] {logging_mixin.py:120} INFO - [2024-01-30T18:56:19.895+0000] {dag.py:2585} INFO - Sync 1 DAGs
[2024-01-30T18:56:19.942+0000] {logging_mixin.py:120} INFO - [2024-01-30T18:56:19.942+0000] {dag.py:3340} INFO - Setting next_dagrun for latest_only_with_trigger to 2024-01-30T14:56:19.941503+00:00, run_after=2024-01-30T18:56:19.941503+00:00
[2024-01-30T18:56:19.981+0000] {processor.py:176} INFO - Processing /home/airflow/.local/lib/python3.7/site-packages/airflow/example_dags/example_latest_only_with_trigger.py took 0.195 seconds
[2024-01-30T18:56:50.287+0000] {processor.py:154} INFO - Started process (PID=1006) to work on /home/airflow/.local/lib/python3.7/site-packages/airflow/example_dags/example_latest_only_with_trigger.py
[2024-01-30T18:56:50.290+0000] {processor.py:756} INFO - Processing file /home/airflow/.local/lib/python3.7/site-packages/airflow/example_dags/example_latest_only_with_trigger.py for tasks to queue
[2024-01-30T18:56:50.292+0000] {logging_mixin.py:120} INFO - [2024-01-30T18:56:50.292+0000] {dagbag.py:537} INFO - Filling up the DagBag from /home/airflow/.local/lib/python3.7/site-packages/airflow/example_dags/example_latest_only_with_trigger.py
[2024-01-30T18:56:50.316+0000] {processor.py:766} INFO - DAG(s) dict_keys(['latest_only_with_trigger']) retrieved from /home/airflow/.local/lib/python3.7/site-packages/airflow/example_dags/example_latest_only_with_trigger.py
[2024-01-30T18:56:50.384+0000] {logging_mixin.py:120} INFO - [2024-01-30T18:56:50.384+0000] {dag.py:2585} INFO - Sync 1 DAGs
[2024-01-30T18:56:50.426+0000] {logging_mixin.py:120} INFO - [2024-01-30T18:56:50.426+0000] {dag.py:3340} INFO - Setting next_dagrun for latest_only_with_trigger to 2024-01-30T14:56:50.425603+00:00, run_after=2024-01-30T18:56:50.425603+00:00
[2024-01-30T18:56:50.454+0000] {processor.py:176} INFO - Processing /home/airflow/.local/lib/python3.7/site-packages/airflow/example_dags/example_latest_only_with_trigger.py took 0.172 seconds
[2024-01-30T18:57:20.819+0000] {processor.py:154} INFO - Started process (PID=1061) to work on /home/airflow/.local/lib/python3.7/site-packages/airflow/example_dags/example_latest_only_with_trigger.py
[2024-01-30T18:57:20.821+0000] {processor.py:756} INFO - Processing file /home/airflow/.local/lib/python3.7/site-packages/airflow/example_dags/example_latest_only_with_trigger.py for tasks to queue
[2024-01-30T18:57:20.822+0000] {logging_mixin.py:120} INFO - [2024-01-30T18:57:20.822+0000] {dagbag.py:537} INFO - Filling up the DagBag from /home/airflow/.local/lib/python3.7/site-packages/airflow/example_dags/example_latest_only_with_trigger.py
[2024-01-30T18:57:20.840+0000] {processor.py:766} INFO - DAG(s) dict_keys(['latest_only_with_trigger']) retrieved from /home/airflow/.local/lib/python3.7/site-packages/airflow/example_dags/example_latest_only_with_trigger.py
[2024-01-30T18:57:20.898+0000] {logging_mixin.py:120} INFO - [2024-01-30T18:57:20.898+0000] {dag.py:2585} INFO - Sync 1 DAGs
[2024-01-30T18:57:20.943+0000] {logging_mixin.py:120} INFO - [2024-01-30T18:57:20.943+0000] {dag.py:3340} INFO - Setting next_dagrun for latest_only_with_trigger to 2024-01-30T14:57:20.942811+00:00, run_after=2024-01-30T18:57:20.942811+00:00
[2024-01-30T18:57:20.978+0000] {processor.py:176} INFO - Processing /home/airflow/.local/lib/python3.7/site-packages/airflow/example_dags/example_latest_only_with_trigger.py took 0.163 seconds
[2024-01-30T18:57:51.391+0000] {processor.py:154} INFO - Started process (PID=1125) to work on /home/airflow/.local/lib/python3.7/site-packages/airflow/example_dags/example_latest_only_with_trigger.py
[2024-01-30T18:57:51.393+0000] {processor.py:756} INFO - Processing file /home/airflow/.local/lib/python3.7/site-packages/airflow/example_dags/example_latest_only_with_trigger.py for tasks to queue
[2024-01-30T18:57:51.394+0000] {logging_mixin.py:120} INFO - [2024-01-30T18:57:51.394+0000] {dagbag.py:537} INFO - Filling up the DagBag from /home/airflow/.local/lib/python3.7/site-packages/airflow/example_dags/example_latest_only_with_trigger.py
[2024-01-30T18:57:51.417+0000] {processor.py:766} INFO - DAG(s) dict_keys(['latest_only_with_trigger']) retrieved from /home/airflow/.local/lib/python3.7/site-packages/airflow/example_dags/example_latest_only_with_trigger.py
[2024-01-30T18:57:51.472+0000] {logging_mixin.py:120} INFO - [2024-01-30T18:57:51.471+0000] {dag.py:2585} INFO - Sync 1 DAGs
[2024-01-30T18:57:51.504+0000] {logging_mixin.py:120} INFO - [2024-01-30T18:57:51.504+0000] {dag.py:3340} INFO - Setting next_dagrun for latest_only_with_trigger to 2024-01-30T14:57:51.504246+00:00, run_after=2024-01-30T18:57:51.504246+00:00
[2024-01-30T18:57:51.536+0000] {processor.py:176} INFO - Processing /home/airflow/.local/lib/python3.7/site-packages/airflow/example_dags/example_latest_only_with_trigger.py took 0.150 seconds
[2024-01-30T18:58:21.715+0000] {processor.py:154} INFO - Started process (PID=1189) to work on /home/airflow/.local/lib/python3.7/site-packages/airflow/example_dags/example_latest_only_with_trigger.py
[2024-01-30T18:58:21.718+0000] {processor.py:756} INFO - Processing file /home/airflow/.local/lib/python3.7/site-packages/airflow/example_dags/example_latest_only_with_trigger.py for tasks to queue
[2024-01-30T18:58:21.720+0000] {logging_mixin.py:120} INFO - [2024-01-30T18:58:21.720+0000] {dagbag.py:537} INFO - Filling up the DagBag from /home/airflow/.local/lib/python3.7/site-packages/airflow/example_dags/example_latest_only_with_trigger.py
[2024-01-30T18:58:21.745+0000] {processor.py:766} INFO - DAG(s) dict_keys(['latest_only_with_trigger']) retrieved from /home/airflow/.local/lib/python3.7/site-packages/airflow/example_dags/example_latest_only_with_trigger.py
[2024-01-30T18:58:21.803+0000] {logging_mixin.py:120} INFO - [2024-01-30T18:58:21.803+0000] {dag.py:2585} INFO - Sync 1 DAGs
[2024-01-30T18:58:21.838+0000] {logging_mixin.py:120} INFO - [2024-01-30T18:58:21.838+0000] {dag.py:3340} INFO - Setting next_dagrun for latest_only_with_trigger to 2024-01-30T14:58:21.837984+00:00, run_after=2024-01-30T18:58:21.837984+00:00
[2024-01-30T18:58:21.885+0000] {processor.py:176} INFO - Processing /home/airflow/.local/lib/python3.7/site-packages/airflow/example_dags/example_latest_only_with_trigger.py took 0.175 seconds
[2024-01-30T18:58:52.215+0000] {processor.py:154} INFO - Started process (PID=1243) to work on /home/airflow/.local/lib/python3.7/site-packages/airflow/example_dags/example_latest_only_with_trigger.py
[2024-01-30T18:58:52.217+0000] {processor.py:756} INFO - Processing file /home/airflow/.local/lib/python3.7/site-packages/airflow/example_dags/example_latest_only_with_trigger.py for tasks to queue
[2024-01-30T18:58:52.219+0000] {logging_mixin.py:120} INFO - [2024-01-30T18:58:52.219+0000] {dagbag.py:537} INFO - Filling up the DagBag from /home/airflow/.local/lib/python3.7/site-packages/airflow/example_dags/example_latest_only_with_trigger.py
[2024-01-30T18:58:52.241+0000] {processor.py:766} INFO - DAG(s) dict_keys(['latest_only_with_trigger']) retrieved from /home/airflow/.local/lib/python3.7/site-packages/airflow/example_dags/example_latest_only_with_trigger.py
[2024-01-30T18:58:52.297+0000] {logging_mixin.py:120} INFO - [2024-01-30T18:58:52.297+0000] {dag.py:2585} INFO - Sync 1 DAGs
[2024-01-30T18:58:52.330+0000] {logging_mixin.py:120} INFO - [2024-01-30T18:58:52.330+0000] {dag.py:3340} INFO - Setting next_dagrun for latest_only_with_trigger to 2024-01-30T14:58:52.330086+00:00, run_after=2024-01-30T18:58:52.330086+00:00
[2024-01-30T18:58:52.361+0000] {processor.py:176} INFO - Processing /home/airflow/.local/lib/python3.7/site-packages/airflow/example_dags/example_latest_only_with_trigger.py took 0.151 seconds
[2024-01-30T18:59:22.851+0000] {processor.py:154} INFO - Started process (PID=1306) to work on /home/airflow/.local/lib/python3.7/site-packages/airflow/example_dags/example_latest_only_with_trigger.py
[2024-01-30T18:59:22.853+0000] {processor.py:756} INFO - Processing file /home/airflow/.local/lib/python3.7/site-packages/airflow/example_dags/example_latest_only_with_trigger.py for tasks to queue
[2024-01-30T18:59:22.854+0000] {logging_mixin.py:120} INFO - [2024-01-30T18:59:22.854+0000] {dagbag.py:537} INFO - Filling up the DagBag from /home/airflow/.local/lib/python3.7/site-packages/airflow/example_dags/example_latest_only_with_trigger.py
[2024-01-30T18:59:22.879+0000] {processor.py:766} INFO - DAG(s) dict_keys(['latest_only_with_trigger']) retrieved from /home/airflow/.local/lib/python3.7/site-packages/airflow/example_dags/example_latest_only_with_trigger.py
[2024-01-30T18:59:22.941+0000] {logging_mixin.py:120} INFO - [2024-01-30T18:59:22.940+0000] {dag.py:2585} INFO - Sync 1 DAGs
[2024-01-30T18:59:22.982+0000] {logging_mixin.py:120} INFO - [2024-01-30T18:59:22.982+0000] {dag.py:3340} INFO - Setting next_dagrun for latest_only_with_trigger to 2024-01-30T14:59:22.982201+00:00, run_after=2024-01-30T18:59:22.982201+00:00
[2024-01-30T18:59:23.015+0000] {processor.py:176} INFO - Processing /home/airflow/.local/lib/python3.7/site-packages/airflow/example_dags/example_latest_only_with_trigger.py took 0.168 seconds
[2024-01-30T18:59:53.857+0000] {processor.py:154} INFO - Started process (PID=1362) to work on /home/airflow/.local/lib/python3.7/site-packages/airflow/example_dags/example_latest_only_with_trigger.py
[2024-01-30T18:59:53.858+0000] {processor.py:756} INFO - Processing file /home/airflow/.local/lib/python3.7/site-packages/airflow/example_dags/example_latest_only_with_trigger.py for tasks to queue
[2024-01-30T18:59:53.860+0000] {logging_mixin.py:120} INFO - [2024-01-30T18:59:53.859+0000] {dagbag.py:537} INFO - Filling up the DagBag from /home/airflow/.local/lib/python3.7/site-packages/airflow/example_dags/example_latest_only_with_trigger.py
[2024-01-30T18:59:53.885+0000] {processor.py:766} INFO - DAG(s) dict_keys(['latest_only_with_trigger']) retrieved from /home/airflow/.local/lib/python3.7/site-packages/airflow/example_dags/example_latest_only_with_trigger.py
[2024-01-30T18:59:53.950+0000] {logging_mixin.py:120} INFO - [2024-01-30T18:59:53.950+0000] {dag.py:2585} INFO - Sync 1 DAGs
[2024-01-30T18:59:53.994+0000] {logging_mixin.py:120} INFO - [2024-01-30T18:59:53.994+0000] {dag.py:3340} INFO - Setting next_dagrun for latest_only_with_trigger to 2024-01-30T14:59:53.994242+00:00, run_after=2024-01-30T18:59:53.994242+00:00
[2024-01-30T18:59:54.029+0000] {processor.py:176} INFO - Processing /home/airflow/.local/lib/python3.7/site-packages/airflow/example_dags/example_latest_only_with_trigger.py took 0.179 seconds
[2024-01-30T19:00:24.883+0000] {processor.py:154} INFO - Started process (PID=1426) to work on /home/airflow/.local/lib/python3.7/site-packages/airflow/example_dags/example_latest_only_with_trigger.py
[2024-01-30T19:00:24.884+0000] {processor.py:756} INFO - Processing file /home/airflow/.local/lib/python3.7/site-packages/airflow/example_dags/example_latest_only_with_trigger.py for tasks to queue
[2024-01-30T19:00:24.887+0000] {logging_mixin.py:120} INFO - [2024-01-30T19:00:24.886+0000] {dagbag.py:537} INFO - Filling up the DagBag from /home/airflow/.local/lib/python3.7/site-packages/airflow/example_dags/example_latest_only_with_trigger.py
[2024-01-30T19:00:24.913+0000] {processor.py:766} INFO - DAG(s) dict_keys(['latest_only_with_trigger']) retrieved from /home/airflow/.local/lib/python3.7/site-packages/airflow/example_dags/example_latest_only_with_trigger.py
[2024-01-30T19:00:24.975+0000] {logging_mixin.py:120} INFO - [2024-01-30T19:00:24.975+0000] {dag.py:2585} INFO - Sync 1 DAGs
[2024-01-30T19:00:25.016+0000] {logging_mixin.py:120} INFO - [2024-01-30T19:00:25.016+0000] {dag.py:3340} INFO - Setting next_dagrun for latest_only_with_trigger to 2024-01-30T15:00:25.015579+00:00, run_after=2024-01-30T19:00:25.015579+00:00
[2024-01-30T19:00:25.050+0000] {processor.py:176} INFO - Processing /home/airflow/.local/lib/python3.7/site-packages/airflow/example_dags/example_latest_only_with_trigger.py took 0.172 seconds
[2024-01-30T19:00:55.469+0000] {processor.py:154} INFO - Started process (PID=1491) to work on /home/airflow/.local/lib/python3.7/site-packages/airflow/example_dags/example_latest_only_with_trigger.py
[2024-01-30T19:00:55.471+0000] {processor.py:756} INFO - Processing file /home/airflow/.local/lib/python3.7/site-packages/airflow/example_dags/example_latest_only_with_trigger.py for tasks to queue
[2024-01-30T19:00:55.472+0000] {logging_mixin.py:120} INFO - [2024-01-30T19:00:55.472+0000] {dagbag.py:537} INFO - Filling up the DagBag from /home/airflow/.local/lib/python3.7/site-packages/airflow/example_dags/example_latest_only_with_trigger.py
[2024-01-30T19:00:55.491+0000] {processor.py:766} INFO - DAG(s) dict_keys(['latest_only_with_trigger']) retrieved from /home/airflow/.local/lib/python3.7/site-packages/airflow/example_dags/example_latest_only_with_trigger.py
[2024-01-30T19:00:55.543+0000] {logging_mixin.py:120} INFO - [2024-01-30T19:00:55.543+0000] {dag.py:2585} INFO - Sync 1 DAGs
[2024-01-30T19:00:55.603+0000] {logging_mixin.py:120} INFO - [2024-01-30T19:00:55.603+0000] {dag.py:3340} INFO - Setting next_dagrun for latest_only_with_trigger to 2024-01-30T15:00:55.602474+00:00, run_after=2024-01-30T19:00:55.602474+00:00
[2024-01-30T19:00:55.659+0000] {processor.py:176} INFO - Processing /home/airflow/.local/lib/python3.7/site-packages/airflow/example_dags/example_latest_only_with_trigger.py took 0.194 seconds
[2024-01-30T19:01:25.756+0000] {processor.py:154} INFO - Started process (PID=1547) to work on /home/airflow/.local/lib/python3.7/site-packages/airflow/example_dags/example_latest_only_with_trigger.py
[2024-01-30T19:01:25.758+0000] {processor.py:756} INFO - Processing file /home/airflow/.local/lib/python3.7/site-packages/airflow/example_dags/example_latest_only_with_trigger.py for tasks to queue
[2024-01-30T19:01:25.760+0000] {logging_mixin.py:120} INFO - [2024-01-30T19:01:25.760+0000] {dagbag.py:537} INFO - Filling up the DagBag from /home/airflow/.local/lib/python3.7/site-packages/airflow/example_dags/example_latest_only_with_trigger.py
[2024-01-30T19:01:25.789+0000] {processor.py:766} INFO - DAG(s) dict_keys(['latest_only_with_trigger']) retrieved from /home/airflow/.local/lib/python3.7/site-packages/airflow/example_dags/example_latest_only_with_trigger.py
[2024-01-30T19:01:25.865+0000] {logging_mixin.py:120} INFO - [2024-01-30T19:01:25.865+0000] {dag.py:2585} INFO - Sync 1 DAGs
[2024-01-30T19:01:25.919+0000] {logging_mixin.py:120} INFO - [2024-01-30T19:01:25.918+0000] {dag.py:3340} INFO - Setting next_dagrun for latest_only_with_trigger to 2024-01-30T15:01:25.918219+00:00, run_after=2024-01-30T19:01:25.918219+00:00
[2024-01-30T19:01:25.966+0000] {processor.py:176} INFO - Processing /home/airflow/.local/lib/python3.7/site-packages/airflow/example_dags/example_latest_only_with_trigger.py took 0.217 seconds
[2024-01-30T19:01:56.271+0000] {processor.py:154} INFO - Started process (PID=1611) to work on /home/airflow/.local/lib/python3.7/site-packages/airflow/example_dags/example_latest_only_with_trigger.py
[2024-01-30T19:01:56.272+0000] {processor.py:756} INFO - Processing file /home/airflow/.local/lib/python3.7/site-packages/airflow/example_dags/example_latest_only_with_trigger.py for tasks to queue
[2024-01-30T19:01:56.274+0000] {logging_mixin.py:120} INFO - [2024-01-30T19:01:56.274+0000] {dagbag.py:537} INFO - Filling up the DagBag from /home/airflow/.local/lib/python3.7/site-packages/airflow/example_dags/example_latest_only_with_trigger.py
[2024-01-30T19:01:56.309+0000] {processor.py:766} INFO - DAG(s) dict_keys(['latest_only_with_trigger']) retrieved from /home/airflow/.local/lib/python3.7/site-packages/airflow/example_dags/example_latest_only_with_trigger.py
[2024-01-30T19:01:56.430+0000] {logging_mixin.py:120} INFO - [2024-01-30T19:01:56.430+0000] {dag.py:2585} INFO - Sync 1 DAGs
[2024-01-30T19:01:56.472+0000] {logging_mixin.py:120} INFO - [2024-01-30T19:01:56.472+0000] {dag.py:3340} INFO - Setting next_dagrun for latest_only_with_trigger to 2024-01-30T15:01:56.471831+00:00, run_after=2024-01-30T19:01:56.471831+00:00
[2024-01-30T19:01:56.504+0000] {processor.py:176} INFO - Processing /home/airflow/.local/lib/python3.7/site-packages/airflow/example_dags/example_latest_only_with_trigger.py took 0.241 seconds
[2024-01-30T19:02:27.104+0000] {processor.py:154} INFO - Started process (PID=1675) to work on /home/airflow/.local/lib/python3.7/site-packages/airflow/example_dags/example_latest_only_with_trigger.py
[2024-01-30T19:02:27.107+0000] {processor.py:756} INFO - Processing file /home/airflow/.local/lib/python3.7/site-packages/airflow/example_dags/example_latest_only_with_trigger.py for tasks to queue
[2024-01-30T19:02:27.110+0000] {logging_mixin.py:120} INFO - [2024-01-30T19:02:27.110+0000] {dagbag.py:537} INFO - Filling up the DagBag from /home/airflow/.local/lib/python3.7/site-packages/airflow/example_dags/example_latest_only_with_trigger.py
[2024-01-30T19:02:27.148+0000] {processor.py:766} INFO - DAG(s) dict_keys(['latest_only_with_trigger']) retrieved from /home/airflow/.local/lib/python3.7/site-packages/airflow/example_dags/example_latest_only_with_trigger.py
[2024-01-30T19:02:27.221+0000] {logging_mixin.py:120} INFO - [2024-01-30T19:02:27.220+0000] {dag.py:2585} INFO - Sync 1 DAGs
[2024-01-30T19:02:27.262+0000] {logging_mixin.py:120} INFO - [2024-01-30T19:02:27.262+0000] {dag.py:3340} INFO - Setting next_dagrun for latest_only_with_trigger to 2024-01-30T15:02:27.262097+00:00, run_after=2024-01-30T19:02:27.262097+00:00
[2024-01-30T19:02:27.304+0000] {processor.py:176} INFO - Processing /home/airflow/.local/lib/python3.7/site-packages/airflow/example_dags/example_latest_only_with_trigger.py took 0.205 seconds
[2024-01-30T19:02:57.439+0000] {processor.py:154} INFO - Started process (PID=1731) to work on /home/airflow/.local/lib/python3.7/site-packages/airflow/example_dags/example_latest_only_with_trigger.py
[2024-01-30T19:02:57.443+0000] {processor.py:756} INFO - Processing file /home/airflow/.local/lib/python3.7/site-packages/airflow/example_dags/example_latest_only_with_trigger.py for tasks to queue
[2024-01-30T19:02:57.446+0000] {logging_mixin.py:120} INFO - [2024-01-30T19:02:57.446+0000] {dagbag.py:537} INFO - Filling up the DagBag from /home/airflow/.local/lib/python3.7/site-packages/airflow/example_dags/example_latest_only_with_trigger.py
[2024-01-30T19:02:57.508+0000] {processor.py:766} INFO - DAG(s) dict_keys(['latest_only_with_trigger']) retrieved from /home/airflow/.local/lib/python3.7/site-packages/airflow/example_dags/example_latest_only_with_trigger.py
[2024-01-30T19:02:57.617+0000] {logging_mixin.py:120} INFO - [2024-01-30T19:02:57.617+0000] {dag.py:2585} INFO - Sync 1 DAGs
[2024-01-30T19:02:57.651+0000] {logging_mixin.py:120} INFO - [2024-01-30T19:02:57.651+0000] {dag.py:3340} INFO - Setting next_dagrun for latest_only_with_trigger to 2024-01-30T15:02:57.650685+00:00, run_after=2024-01-30T19:02:57.650685+00:00
[2024-01-30T19:02:57.675+0000] {processor.py:176} INFO - Processing /home/airflow/.local/lib/python3.7/site-packages/airflow/example_dags/example_latest_only_with_trigger.py took 0.248 seconds
[2024-01-30T19:03:28.029+0000] {processor.py:154} INFO - Started process (PID=1795) to work on /home/airflow/.local/lib/python3.7/site-packages/airflow/example_dags/example_latest_only_with_trigger.py
[2024-01-30T19:03:28.031+0000] {processor.py:756} INFO - Processing file /home/airflow/.local/lib/python3.7/site-packages/airflow/example_dags/example_latest_only_with_trigger.py for tasks to queue
[2024-01-30T19:03:28.032+0000] {logging_mixin.py:120} INFO - [2024-01-30T19:03:28.032+0000] {dagbag.py:537} INFO - Filling up the DagBag from /home/airflow/.local/lib/python3.7/site-packages/airflow/example_dags/example_latest_only_with_trigger.py
[2024-01-30T19:03:28.053+0000] {processor.py:766} INFO - DAG(s) dict_keys(['latest_only_with_trigger']) retrieved from /home/airflow/.local/lib/python3.7/site-packages/airflow/example_dags/example_latest_only_with_trigger.py
[2024-01-30T19:03:28.102+0000] {logging_mixin.py:120} INFO - [2024-01-30T19:03:28.102+0000] {dag.py:2585} INFO - Sync 1 DAGs
[2024-01-30T19:03:28.133+0000] {logging_mixin.py:120} INFO - [2024-01-30T19:03:28.133+0000] {dag.py:3340} INFO - Setting next_dagrun for latest_only_with_trigger to 2024-01-30T15:03:28.132828+00:00, run_after=2024-01-30T19:03:28.132828+00:00
[2024-01-30T19:03:28.159+0000] {processor.py:176} INFO - Processing /home/airflow/.local/lib/python3.7/site-packages/airflow/example_dags/example_latest_only_with_trigger.py took 0.135 seconds
[2024-01-30T19:03:58.694+0000] {processor.py:154} INFO - Started process (PID=1850) to work on /home/airflow/.local/lib/python3.7/site-packages/airflow/example_dags/example_latest_only_with_trigger.py
[2024-01-30T19:03:58.696+0000] {processor.py:756} INFO - Processing file /home/airflow/.local/lib/python3.7/site-packages/airflow/example_dags/example_latest_only_with_trigger.py for tasks to queue
[2024-01-30T19:03:58.698+0000] {logging_mixin.py:120} INFO - [2024-01-30T19:03:58.698+0000] {dagbag.py:537} INFO - Filling up the DagBag from /home/airflow/.local/lib/python3.7/site-packages/airflow/example_dags/example_latest_only_with_trigger.py
[2024-01-30T19:03:58.728+0000] {processor.py:766} INFO - DAG(s) dict_keys(['latest_only_with_trigger']) retrieved from /home/airflow/.local/lib/python3.7/site-packages/airflow/example_dags/example_latest_only_with_trigger.py
[2024-01-30T19:03:58.807+0000] {logging_mixin.py:120} INFO - [2024-01-30T19:03:58.806+0000] {dag.py:2585} INFO - Sync 1 DAGs
[2024-01-30T19:03:58.858+0000] {logging_mixin.py:120} INFO - [2024-01-30T19:03:58.858+0000] {dag.py:3340} INFO - Setting next_dagrun for latest_only_with_trigger to 2024-01-30T15:03:58.857406+00:00, run_after=2024-01-30T19:03:58.857406+00:00
[2024-01-30T19:03:58.897+0000] {processor.py:176} INFO - Processing /home/airflow/.local/lib/python3.7/site-packages/airflow/example_dags/example_latest_only_with_trigger.py took 0.212 seconds
[2024-01-30T19:04:28.975+0000] {processor.py:154} INFO - Started process (PID=1913) to work on /home/airflow/.local/lib/python3.7/site-packages/airflow/example_dags/example_latest_only_with_trigger.py
[2024-01-30T19:04:28.977+0000] {processor.py:756} INFO - Processing file /home/airflow/.local/lib/python3.7/site-packages/airflow/example_dags/example_latest_only_with_trigger.py for tasks to queue
[2024-01-30T19:04:28.979+0000] {logging_mixin.py:120} INFO - [2024-01-30T19:04:28.979+0000] {dagbag.py:537} INFO - Filling up the DagBag from /home/airflow/.local/lib/python3.7/site-packages/airflow/example_dags/example_latest_only_with_trigger.py
[2024-01-30T19:04:28.997+0000] {processor.py:766} INFO - DAG(s) dict_keys(['latest_only_with_trigger']) retrieved from /home/airflow/.local/lib/python3.7/site-packages/airflow/example_dags/example_latest_only_with_trigger.py
[2024-01-30T19:04:29.054+0000] {logging_mixin.py:120} INFO - [2024-01-30T19:04:29.054+0000] {dag.py:2585} INFO - Sync 1 DAGs
[2024-01-30T19:04:29.103+0000] {logging_mixin.py:120} INFO - [2024-01-30T19:04:29.103+0000] {dag.py:3340} INFO - Setting next_dagrun for latest_only_with_trigger to 2024-01-30T15:04:29.102469+00:00, run_after=2024-01-30T19:04:29.102469+00:00
[2024-01-30T19:04:29.147+0000] {processor.py:176} INFO - Processing /home/airflow/.local/lib/python3.7/site-packages/airflow/example_dags/example_latest_only_with_trigger.py took 0.176 seconds
[2024-01-30T19:04:59.421+0000] {processor.py:154} INFO - Started process (PID=1977) to work on /home/airflow/.local/lib/python3.7/site-packages/airflow/example_dags/example_latest_only_with_trigger.py
[2024-01-30T19:04:59.423+0000] {processor.py:756} INFO - Processing file /home/airflow/.local/lib/python3.7/site-packages/airflow/example_dags/example_latest_only_with_trigger.py for tasks to queue
[2024-01-30T19:04:59.425+0000] {logging_mixin.py:120} INFO - [2024-01-30T19:04:59.425+0000] {dagbag.py:537} INFO - Filling up the DagBag from /home/airflow/.local/lib/python3.7/site-packages/airflow/example_dags/example_latest_only_with_trigger.py
[2024-01-30T19:04:59.449+0000] {processor.py:766} INFO - DAG(s) dict_keys(['latest_only_with_trigger']) retrieved from /home/airflow/.local/lib/python3.7/site-packages/airflow/example_dags/example_latest_only_with_trigger.py
[2024-01-30T19:04:59.511+0000] {logging_mixin.py:120} INFO - [2024-01-30T19:04:59.511+0000] {dag.py:2585} INFO - Sync 1 DAGs
[2024-01-30T19:04:59.547+0000] {logging_mixin.py:120} INFO - [2024-01-30T19:04:59.547+0000] {dag.py:3340} INFO - Setting next_dagrun for latest_only_with_trigger to 2024-01-30T15:04:59.546707+00:00, run_after=2024-01-30T19:04:59.546707+00:00
[2024-01-30T19:04:59.580+0000] {processor.py:176} INFO - Processing /home/airflow/.local/lib/python3.7/site-packages/airflow/example_dags/example_latest_only_with_trigger.py took 0.165 seconds
[2024-01-30T19:05:29.993+0000] {processor.py:154} INFO - Started process (PID=2032) to work on /home/airflow/.local/lib/python3.7/site-packages/airflow/example_dags/example_latest_only_with_trigger.py
[2024-01-30T19:05:29.995+0000] {processor.py:756} INFO - Processing file /home/airflow/.local/lib/python3.7/site-packages/airflow/example_dags/example_latest_only_with_trigger.py for tasks to queue
[2024-01-30T19:05:29.996+0000] {logging_mixin.py:120} INFO - [2024-01-30T19:05:29.996+0000] {dagbag.py:537} INFO - Filling up the DagBag from /home/airflow/.local/lib/python3.7/site-packages/airflow/example_dags/example_latest_only_with_trigger.py
[2024-01-30T19:05:30.024+0000] {processor.py:766} INFO - DAG(s) dict_keys(['latest_only_with_trigger']) retrieved from /home/airflow/.local/lib/python3.7/site-packages/airflow/example_dags/example_latest_only_with_trigger.py
[2024-01-30T19:05:30.094+0000] {logging_mixin.py:120} INFO - [2024-01-30T19:05:30.093+0000] {dag.py:2585} INFO - Sync 1 DAGs
[2024-01-30T19:05:30.131+0000] {logging_mixin.py:120} INFO - [2024-01-30T19:05:30.131+0000] {dag.py:3340} INFO - Setting next_dagrun for latest_only_with_trigger to 2024-01-30T15:05:30.131413+00:00, run_after=2024-01-30T19:05:30.131413+00:00
[2024-01-30T19:05:30.162+0000] {processor.py:176} INFO - Processing /home/airflow/.local/lib/python3.7/site-packages/airflow/example_dags/example_latest_only_with_trigger.py took 0.177 seconds
[2024-01-30T19:06:00.405+0000] {processor.py:154} INFO - Started process (PID=2097) to work on /home/airflow/.local/lib/python3.7/site-packages/airflow/example_dags/example_latest_only_with_trigger.py
[2024-01-30T19:06:00.408+0000] {processor.py:756} INFO - Processing file /home/airflow/.local/lib/python3.7/site-packages/airflow/example_dags/example_latest_only_with_trigger.py for tasks to queue
[2024-01-30T19:06:00.410+0000] {logging_mixin.py:120} INFO - [2024-01-30T19:06:00.410+0000] {dagbag.py:537} INFO - Filling up the DagBag from /home/airflow/.local/lib/python3.7/site-packages/airflow/example_dags/example_latest_only_with_trigger.py
[2024-01-30T19:06:00.443+0000] {processor.py:766} INFO - DAG(s) dict_keys(['latest_only_with_trigger']) retrieved from /home/airflow/.local/lib/python3.7/site-packages/airflow/example_dags/example_latest_only_with_trigger.py
[2024-01-30T19:06:00.528+0000] {logging_mixin.py:120} INFO - [2024-01-30T19:06:00.528+0000] {dag.py:2585} INFO - Sync 1 DAGs
[2024-01-30T19:06:00.573+0000] {logging_mixin.py:120} INFO - [2024-01-30T19:06:00.572+0000] {dag.py:3340} INFO - Setting next_dagrun for latest_only_with_trigger to 2024-01-30T15:06:00.572421+00:00, run_after=2024-01-30T19:06:00.572421+00:00
[2024-01-30T19:06:00.607+0000] {processor.py:176} INFO - Processing /home/airflow/.local/lib/python3.7/site-packages/airflow/example_dags/example_latest_only_with_trigger.py took 0.209 seconds
[2024-01-30T19:06:31.019+0000] {processor.py:154} INFO - Started process (PID=2153) to work on /home/airflow/.local/lib/python3.7/site-packages/airflow/example_dags/example_latest_only_with_trigger.py
[2024-01-30T19:06:31.026+0000] {processor.py:756} INFO - Processing file /home/airflow/.local/lib/python3.7/site-packages/airflow/example_dags/example_latest_only_with_trigger.py for tasks to queue
[2024-01-30T19:06:31.028+0000] {logging_mixin.py:120} INFO - [2024-01-30T19:06:31.028+0000] {dagbag.py:537} INFO - Filling up the DagBag from /home/airflow/.local/lib/python3.7/site-packages/airflow/example_dags/example_latest_only_with_trigger.py
[2024-01-30T19:06:31.093+0000] {processor.py:766} INFO - DAG(s) dict_keys(['latest_only_with_trigger']) retrieved from /home/airflow/.local/lib/python3.7/site-packages/airflow/example_dags/example_latest_only_with_trigger.py
[2024-01-30T19:06:31.181+0000] {logging_mixin.py:120} INFO - [2024-01-30T19:06:31.181+0000] {dag.py:2585} INFO - Sync 1 DAGs
[2024-01-30T19:06:31.224+0000] {logging_mixin.py:120} INFO - [2024-01-30T19:06:31.223+0000] {dag.py:3340} INFO - Setting next_dagrun for latest_only_with_trigger to 2024-01-30T15:06:31.223370+00:00, run_after=2024-01-30T19:06:31.223370+00:00
[2024-01-30T19:06:31.274+0000] {processor.py:176} INFO - Processing /home/airflow/.local/lib/python3.7/site-packages/airflow/example_dags/example_latest_only_with_trigger.py took 0.259 seconds
[2024-01-30T19:07:01.489+0000] {processor.py:154} INFO - Started process (PID=2217) to work on /home/airflow/.local/lib/python3.7/site-packages/airflow/example_dags/example_latest_only_with_trigger.py
[2024-01-30T19:07:01.491+0000] {processor.py:756} INFO - Processing file /home/airflow/.local/lib/python3.7/site-packages/airflow/example_dags/example_latest_only_with_trigger.py for tasks to queue
[2024-01-30T19:07:01.492+0000] {logging_mixin.py:120} INFO - [2024-01-30T19:07:01.492+0000] {dagbag.py:537} INFO - Filling up the DagBag from /home/airflow/.local/lib/python3.7/site-packages/airflow/example_dags/example_latest_only_with_trigger.py
[2024-01-30T19:07:01.518+0000] {processor.py:766} INFO - DAG(s) dict_keys(['latest_only_with_trigger']) retrieved from /home/airflow/.local/lib/python3.7/site-packages/airflow/example_dags/example_latest_only_with_trigger.py
[2024-01-30T19:07:01.641+0000] {logging_mixin.py:120} INFO - [2024-01-30T19:07:01.641+0000] {dag.py:2585} INFO - Sync 1 DAGs
[2024-01-30T19:07:01.691+0000] {logging_mixin.py:120} INFO - [2024-01-30T19:07:01.691+0000] {dag.py:3340} INFO - Setting next_dagrun for latest_only_with_trigger to 2024-01-30T15:07:01.691261+00:00, run_after=2024-01-30T19:07:01.691261+00:00
[2024-01-30T19:07:01.729+0000] {processor.py:176} INFO - Processing /home/airflow/.local/lib/python3.7/site-packages/airflow/example_dags/example_latest_only_with_trigger.py took 0.247 seconds
[2024-01-30T19:07:32.731+0000] {processor.py:154} INFO - Started process (PID=2281) to work on /home/airflow/.local/lib/python3.7/site-packages/airflow/example_dags/example_latest_only_with_trigger.py
[2024-01-30T19:07:32.733+0000] {processor.py:756} INFO - Processing file /home/airflow/.local/lib/python3.7/site-packages/airflow/example_dags/example_latest_only_with_trigger.py for tasks to queue
[2024-01-30T19:07:32.735+0000] {logging_mixin.py:120} INFO - [2024-01-30T19:07:32.734+0000] {dagbag.py:537} INFO - Filling up the DagBag from /home/airflow/.local/lib/python3.7/site-packages/airflow/example_dags/example_latest_only_with_trigger.py
[2024-01-30T19:07:32.772+0000] {processor.py:766} INFO - DAG(s) dict_keys(['latest_only_with_trigger']) retrieved from /home/airflow/.local/lib/python3.7/site-packages/airflow/example_dags/example_latest_only_with_trigger.py
[2024-01-30T19:07:32.854+0000] {logging_mixin.py:120} INFO - [2024-01-30T19:07:32.854+0000] {dag.py:2585} INFO - Sync 1 DAGs
[2024-01-30T19:07:32.900+0000] {logging_mixin.py:120} INFO - [2024-01-30T19:07:32.900+0000] {dag.py:3340} INFO - Setting next_dagrun for latest_only_with_trigger to 2024-01-30T15:07:32.900100+00:00, run_after=2024-01-30T19:07:32.900100+00:00
[2024-01-30T19:07:32.941+0000] {processor.py:176} INFO - Processing /home/airflow/.local/lib/python3.7/site-packages/airflow/example_dags/example_latest_only_with_trigger.py took 0.214 seconds
[2024-01-30T19:08:03.437+0000] {processor.py:154} INFO - Started process (PID=2335) to work on /home/airflow/.local/lib/python3.7/site-packages/airflow/example_dags/example_latest_only_with_trigger.py
[2024-01-30T19:08:03.438+0000] {processor.py:756} INFO - Processing file /home/airflow/.local/lib/python3.7/site-packages/airflow/example_dags/example_latest_only_with_trigger.py for tasks to queue
[2024-01-30T19:08:03.440+0000] {logging_mixin.py:120} INFO - [2024-01-30T19:08:03.440+0000] {dagbag.py:537} INFO - Filling up the DagBag from /home/airflow/.local/lib/python3.7/site-packages/airflow/example_dags/example_latest_only_with_trigger.py
[2024-01-30T19:08:03.463+0000] {processor.py:766} INFO - DAG(s) dict_keys(['latest_only_with_trigger']) retrieved from /home/airflow/.local/lib/python3.7/site-packages/airflow/example_dags/example_latest_only_with_trigger.py
[2024-01-30T19:08:03.530+0000] {logging_mixin.py:120} INFO - [2024-01-30T19:08:03.530+0000] {dag.py:2585} INFO - Sync 1 DAGs
[2024-01-30T19:08:03.563+0000] {logging_mixin.py:120} INFO - [2024-01-30T19:08:03.563+0000] {dag.py:3340} INFO - Setting next_dagrun for latest_only_with_trigger to 2024-01-30T15:08:03.563491+00:00, run_after=2024-01-30T19:08:03.563491+00:00
[2024-01-30T19:08:03.588+0000] {processor.py:176} INFO - Processing /home/airflow/.local/lib/python3.7/site-packages/airflow/example_dags/example_latest_only_with_trigger.py took 0.159 seconds
[2024-01-30T19:08:33.672+0000] {processor.py:154} INFO - Started process (PID=2401) to work on /home/airflow/.local/lib/python3.7/site-packages/airflow/example_dags/example_latest_only_with_trigger.py
[2024-01-30T19:08:33.675+0000] {processor.py:756} INFO - Processing file /home/airflow/.local/lib/python3.7/site-packages/airflow/example_dags/example_latest_only_with_trigger.py for tasks to queue
[2024-01-30T19:08:33.677+0000] {logging_mixin.py:120} INFO - [2024-01-30T19:08:33.676+0000] {dagbag.py:537} INFO - Filling up the DagBag from /home/airflow/.local/lib/python3.7/site-packages/airflow/example_dags/example_latest_only_with_trigger.py
[2024-01-30T19:08:33.701+0000] {processor.py:766} INFO - DAG(s) dict_keys(['latest_only_with_trigger']) retrieved from /home/airflow/.local/lib/python3.7/site-packages/airflow/example_dags/example_latest_only_with_trigger.py
[2024-01-30T19:08:33.769+0000] {logging_mixin.py:120} INFO - [2024-01-30T19:08:33.769+0000] {dag.py:2585} INFO - Sync 1 DAGs
[2024-01-30T19:08:33.812+0000] {logging_mixin.py:120} INFO - [2024-01-30T19:08:33.811+0000] {dag.py:3340} INFO - Setting next_dagrun for latest_only_with_trigger to 2024-01-30T15:08:33.811566+00:00, run_after=2024-01-30T19:08:33.811566+00:00
[2024-01-30T19:08:33.844+0000] {processor.py:176} INFO - Processing /home/airflow/.local/lib/python3.7/site-packages/airflow/example_dags/example_latest_only_with_trigger.py took 0.177 seconds
[2024-01-30T19:09:04.307+0000] {processor.py:154} INFO - Started process (PID=2464) to work on /home/airflow/.local/lib/python3.7/site-packages/airflow/example_dags/example_latest_only_with_trigger.py
[2024-01-30T19:09:04.310+0000] {processor.py:756} INFO - Processing file /home/airflow/.local/lib/python3.7/site-packages/airflow/example_dags/example_latest_only_with_trigger.py for tasks to queue
[2024-01-30T19:09:04.312+0000] {logging_mixin.py:120} INFO - [2024-01-30T19:09:04.312+0000] {dagbag.py:537} INFO - Filling up the DagBag from /home/airflow/.local/lib/python3.7/site-packages/airflow/example_dags/example_latest_only_with_trigger.py
[2024-01-30T19:09:04.349+0000] {processor.py:766} INFO - DAG(s) dict_keys(['latest_only_with_trigger']) retrieved from /home/airflow/.local/lib/python3.7/site-packages/airflow/example_dags/example_latest_only_with_trigger.py
[2024-01-30T19:09:04.432+0000] {logging_mixin.py:120} INFO - [2024-01-30T19:09:04.432+0000] {dag.py:2585} INFO - Sync 1 DAGs
[2024-01-30T19:09:04.561+0000] {logging_mixin.py:120} INFO - [2024-01-30T19:09:04.561+0000] {dag.py:3340} INFO - Setting next_dagrun for latest_only_with_trigger to 2024-01-30T15:09:04.559851+00:00, run_after=2024-01-30T19:09:04.559851+00:00
[2024-01-30T19:09:04.635+0000] {processor.py:176} INFO - Processing /home/airflow/.local/lib/python3.7/site-packages/airflow/example_dags/example_latest_only_with_trigger.py took 0.335 seconds
[2024-01-30T19:09:35.113+0000] {processor.py:154} INFO - Started process (PID=2525) to work on /home/airflow/.local/lib/python3.7/site-packages/airflow/example_dags/example_latest_only_with_trigger.py
[2024-01-30T19:09:35.115+0000] {processor.py:756} INFO - Processing file /home/airflow/.local/lib/python3.7/site-packages/airflow/example_dags/example_latest_only_with_trigger.py for tasks to queue
[2024-01-30T19:09:35.116+0000] {logging_mixin.py:120} INFO - [2024-01-30T19:09:35.116+0000] {dagbag.py:537} INFO - Filling up the DagBag from /home/airflow/.local/lib/python3.7/site-packages/airflow/example_dags/example_latest_only_with_trigger.py
[2024-01-30T19:09:35.144+0000] {processor.py:766} INFO - DAG(s) dict_keys(['latest_only_with_trigger']) retrieved from /home/airflow/.local/lib/python3.7/site-packages/airflow/example_dags/example_latest_only_with_trigger.py
[2024-01-30T19:09:35.231+0000] {logging_mixin.py:120} INFO - [2024-01-30T19:09:35.230+0000] {dag.py:2585} INFO - Sync 1 DAGs
[2024-01-30T19:09:35.297+0000] {logging_mixin.py:120} INFO - [2024-01-30T19:09:35.296+0000] {dag.py:3340} INFO - Setting next_dagrun for latest_only_with_trigger to 2024-01-30T15:09:35.296441+00:00, run_after=2024-01-30T19:09:35.296441+00:00
[2024-01-30T19:09:35.338+0000] {processor.py:176} INFO - Processing /home/airflow/.local/lib/python3.7/site-packages/airflow/example_dags/example_latest_only_with_trigger.py took 0.231 seconds
[2024-01-30T19:10:05.788+0000] {processor.py:154} INFO - Started process (PID=2589) to work on /home/airflow/.local/lib/python3.7/site-packages/airflow/example_dags/example_latest_only_with_trigger.py
[2024-01-30T19:10:05.791+0000] {processor.py:756} INFO - Processing file /home/airflow/.local/lib/python3.7/site-packages/airflow/example_dags/example_latest_only_with_trigger.py for tasks to queue
[2024-01-30T19:10:05.793+0000] {logging_mixin.py:120} INFO - [2024-01-30T19:10:05.793+0000] {dagbag.py:537} INFO - Filling up the DagBag from /home/airflow/.local/lib/python3.7/site-packages/airflow/example_dags/example_latest_only_with_trigger.py
[2024-01-30T19:10:05.833+0000] {processor.py:766} INFO - DAG(s) dict_keys(['latest_only_with_trigger']) retrieved from /home/airflow/.local/lib/python3.7/site-packages/airflow/example_dags/example_latest_only_with_trigger.py
[2024-01-30T19:10:05.921+0000] {logging_mixin.py:120} INFO - [2024-01-30T19:10:05.921+0000] {dag.py:2585} INFO - Sync 1 DAGs
[2024-01-30T19:10:05.960+0000] {logging_mixin.py:120} INFO - [2024-01-30T19:10:05.960+0000] {dag.py:3340} INFO - Setting next_dagrun for latest_only_with_trigger to 2024-01-30T15:10:05.959920+00:00, run_after=2024-01-30T19:10:05.959920+00:00
[2024-01-30T19:10:05.991+0000] {processor.py:176} INFO - Processing /home/airflow/.local/lib/python3.7/site-packages/airflow/example_dags/example_latest_only_with_trigger.py took 0.209 seconds
[2024-01-30T19:10:36.243+0000] {processor.py:154} INFO - Started process (PID=2645) to work on /home/airflow/.local/lib/python3.7/site-packages/airflow/example_dags/example_latest_only_with_trigger.py
[2024-01-30T19:10:36.246+0000] {processor.py:756} INFO - Processing file /home/airflow/.local/lib/python3.7/site-packages/airflow/example_dags/example_latest_only_with_trigger.py for tasks to queue
[2024-01-30T19:10:36.248+0000] {logging_mixin.py:120} INFO - [2024-01-30T19:10:36.247+0000] {dagbag.py:537} INFO - Filling up the DagBag from /home/airflow/.local/lib/python3.7/site-packages/airflow/example_dags/example_latest_only_with_trigger.py
[2024-01-30T19:10:36.278+0000] {processor.py:766} INFO - DAG(s) dict_keys(['latest_only_with_trigger']) retrieved from /home/airflow/.local/lib/python3.7/site-packages/airflow/example_dags/example_latest_only_with_trigger.py
[2024-01-30T19:10:36.353+0000] {logging_mixin.py:120} INFO - [2024-01-30T19:10:36.353+0000] {dag.py:2585} INFO - Sync 1 DAGs
[2024-01-30T19:10:36.405+0000] {logging_mixin.py:120} INFO - [2024-01-30T19:10:36.405+0000] {dag.py:3340} INFO - Setting next_dagrun for latest_only_with_trigger to 2024-01-30T15:10:36.405076+00:00, run_after=2024-01-30T19:10:36.405076+00:00
[2024-01-30T19:10:36.439+0000] {processor.py:176} INFO - Processing /home/airflow/.local/lib/python3.7/site-packages/airflow/example_dags/example_latest_only_with_trigger.py took 0.204 seconds
[2024-01-30T19:11:06.883+0000] {processor.py:154} INFO - Started process (PID=2709) to work on /home/airflow/.local/lib/python3.7/site-packages/airflow/example_dags/example_latest_only_with_trigger.py
[2024-01-30T19:11:06.886+0000] {processor.py:756} INFO - Processing file /home/airflow/.local/lib/python3.7/site-packages/airflow/example_dags/example_latest_only_with_trigger.py for tasks to queue
[2024-01-30T19:11:06.888+0000] {logging_mixin.py:120} INFO - [2024-01-30T19:11:06.888+0000] {dagbag.py:537} INFO - Filling up the DagBag from /home/airflow/.local/lib/python3.7/site-packages/airflow/example_dags/example_latest_only_with_trigger.py
[2024-01-30T19:11:06.912+0000] {processor.py:766} INFO - DAG(s) dict_keys(['latest_only_with_trigger']) retrieved from /home/airflow/.local/lib/python3.7/site-packages/airflow/example_dags/example_latest_only_with_trigger.py
[2024-01-30T19:11:06.974+0000] {logging_mixin.py:120} INFO - [2024-01-30T19:11:06.974+0000] {dag.py:2585} INFO - Sync 1 DAGs
[2024-01-30T19:11:07.013+0000] {logging_mixin.py:120} INFO - [2024-01-30T19:11:07.013+0000] {dag.py:3340} INFO - Setting next_dagrun for latest_only_with_trigger to 2024-01-30T15:11:07.012831+00:00, run_after=2024-01-30T19:11:07.012831+00:00
[2024-01-30T19:11:07.043+0000] {processor.py:176} INFO - Processing /home/airflow/.local/lib/python3.7/site-packages/airflow/example_dags/example_latest_only_with_trigger.py took 0.165 seconds
[2024-01-30T19:11:38.064+0000] {processor.py:154} INFO - Started process (PID=2777) to work on /home/airflow/.local/lib/python3.7/site-packages/airflow/example_dags/example_latest_only_with_trigger.py
[2024-01-30T19:11:38.067+0000] {processor.py:756} INFO - Processing file /home/airflow/.local/lib/python3.7/site-packages/airflow/example_dags/example_latest_only_with_trigger.py for tasks to queue
[2024-01-30T19:11:38.068+0000] {logging_mixin.py:120} INFO - [2024-01-30T19:11:38.068+0000] {dagbag.py:537} INFO - Filling up the DagBag from /home/airflow/.local/lib/python3.7/site-packages/airflow/example_dags/example_latest_only_with_trigger.py
[2024-01-30T19:11:38.088+0000] {processor.py:766} INFO - DAG(s) dict_keys(['latest_only_with_trigger']) retrieved from /home/airflow/.local/lib/python3.7/site-packages/airflow/example_dags/example_latest_only_with_trigger.py
[2024-01-30T19:11:38.140+0000] {logging_mixin.py:120} INFO - [2024-01-30T19:11:38.140+0000] {dag.py:2585} INFO - Sync 1 DAGs
[2024-01-30T19:11:38.175+0000] {logging_mixin.py:120} INFO - [2024-01-30T19:11:38.174+0000] {dag.py:3340} INFO - Setting next_dagrun for latest_only_with_trigger to 2024-01-30T15:11:38.174490+00:00, run_after=2024-01-30T19:11:38.174490+00:00
[2024-01-30T19:11:38.206+0000] {processor.py:176} INFO - Processing /home/airflow/.local/lib/python3.7/site-packages/airflow/example_dags/example_latest_only_with_trigger.py took 0.145 seconds
[2024-01-30T19:12:08.372+0000] {processor.py:154} INFO - Started process (PID=2834) to work on /home/airflow/.local/lib/python3.7/site-packages/airflow/example_dags/example_latest_only_with_trigger.py
[2024-01-30T19:12:08.374+0000] {processor.py:756} INFO - Processing file /home/airflow/.local/lib/python3.7/site-packages/airflow/example_dags/example_latest_only_with_trigger.py for tasks to queue
[2024-01-30T19:12:08.375+0000] {logging_mixin.py:120} INFO - [2024-01-30T19:12:08.375+0000] {dagbag.py:537} INFO - Filling up the DagBag from /home/airflow/.local/lib/python3.7/site-packages/airflow/example_dags/example_latest_only_with_trigger.py
[2024-01-30T19:12:08.403+0000] {processor.py:766} INFO - DAG(s) dict_keys(['latest_only_with_trigger']) retrieved from /home/airflow/.local/lib/python3.7/site-packages/airflow/example_dags/example_latest_only_with_trigger.py
[2024-01-30T19:12:08.467+0000] {logging_mixin.py:120} INFO - [2024-01-30T19:12:08.466+0000] {dag.py:2585} INFO - Sync 1 DAGs
[2024-01-30T19:12:08.502+0000] {logging_mixin.py:120} INFO - [2024-01-30T19:12:08.502+0000] {dag.py:3340} INFO - Setting next_dagrun for latest_only_with_trigger to 2024-01-30T15:12:08.501638+00:00, run_after=2024-01-30T19:12:08.501638+00:00
[2024-01-30T19:12:08.530+0000] {processor.py:176} INFO - Processing /home/airflow/.local/lib/python3.7/site-packages/airflow/example_dags/example_latest_only_with_trigger.py took 0.165 seconds
[2024-01-30T19:12:39.253+0000] {processor.py:154} INFO - Started process (PID=2900) to work on /home/airflow/.local/lib/python3.7/site-packages/airflow/example_dags/example_latest_only_with_trigger.py
[2024-01-30T19:12:39.257+0000] {processor.py:756} INFO - Processing file /home/airflow/.local/lib/python3.7/site-packages/airflow/example_dags/example_latest_only_with_trigger.py for tasks to queue
[2024-01-30T19:12:39.259+0000] {logging_mixin.py:120} INFO - [2024-01-30T19:12:39.259+0000] {dagbag.py:537} INFO - Filling up the DagBag from /home/airflow/.local/lib/python3.7/site-packages/airflow/example_dags/example_latest_only_with_trigger.py
[2024-01-30T19:12:39.287+0000] {processor.py:766} INFO - DAG(s) dict_keys(['latest_only_with_trigger']) retrieved from /home/airflow/.local/lib/python3.7/site-packages/airflow/example_dags/example_latest_only_with_trigger.py
[2024-01-30T19:12:39.342+0000] {logging_mixin.py:120} INFO - [2024-01-30T19:12:39.342+0000] {dag.py:2585} INFO - Sync 1 DAGs
[2024-01-30T19:12:39.376+0000] {logging_mixin.py:120} INFO - [2024-01-30T19:12:39.376+0000] {dag.py:3340} INFO - Setting next_dagrun for latest_only_with_trigger to 2024-01-30T15:12:39.376196+00:00, run_after=2024-01-30T19:12:39.376196+00:00
[2024-01-30T19:12:39.406+0000] {processor.py:176} INFO - Processing /home/airflow/.local/lib/python3.7/site-packages/airflow/example_dags/example_latest_only_with_trigger.py took 0.159 seconds
[2024-01-30T19:13:09.910+0000] {processor.py:154} INFO - Started process (PID=2965) to work on /home/airflow/.local/lib/python3.7/site-packages/airflow/example_dags/example_latest_only_with_trigger.py
[2024-01-30T19:13:09.912+0000] {processor.py:756} INFO - Processing file /home/airflow/.local/lib/python3.7/site-packages/airflow/example_dags/example_latest_only_with_trigger.py for tasks to queue
[2024-01-30T19:13:09.914+0000] {logging_mixin.py:120} INFO - [2024-01-30T19:13:09.913+0000] {dagbag.py:537} INFO - Filling up the DagBag from /home/airflow/.local/lib/python3.7/site-packages/airflow/example_dags/example_latest_only_with_trigger.py
[2024-01-30T19:13:09.945+0000] {processor.py:766} INFO - DAG(s) dict_keys(['latest_only_with_trigger']) retrieved from /home/airflow/.local/lib/python3.7/site-packages/airflow/example_dags/example_latest_only_with_trigger.py
[2024-01-30T19:13:10.018+0000] {logging_mixin.py:120} INFO - [2024-01-30T19:13:10.017+0000] {dag.py:2585} INFO - Sync 1 DAGs
[2024-01-30T19:13:10.057+0000] {logging_mixin.py:120} INFO - [2024-01-30T19:13:10.057+0000] {dag.py:3340} INFO - Setting next_dagrun for latest_only_with_trigger to 2024-01-30T15:13:10.057280+00:00, run_after=2024-01-30T19:13:10.057280+00:00
[2024-01-30T19:13:10.087+0000] {processor.py:176} INFO - Processing /home/airflow/.local/lib/python3.7/site-packages/airflow/example_dags/example_latest_only_with_trigger.py took 0.182 seconds
[2024-01-30T19:13:40.274+0000] {processor.py:154} INFO - Started process (PID=3021) to work on /home/airflow/.local/lib/python3.7/site-packages/airflow/example_dags/example_latest_only_with_trigger.py
[2024-01-30T19:13:40.275+0000] {processor.py:756} INFO - Processing file /home/airflow/.local/lib/python3.7/site-packages/airflow/example_dags/example_latest_only_with_trigger.py for tasks to queue
[2024-01-30T19:13:40.278+0000] {logging_mixin.py:120} INFO - [2024-01-30T19:13:40.277+0000] {dagbag.py:537} INFO - Filling up the DagBag from /home/airflow/.local/lib/python3.7/site-packages/airflow/example_dags/example_latest_only_with_trigger.py
[2024-01-30T19:13:40.304+0000] {processor.py:766} INFO - DAG(s) dict_keys(['latest_only_with_trigger']) retrieved from /home/airflow/.local/lib/python3.7/site-packages/airflow/example_dags/example_latest_only_with_trigger.py
[2024-01-30T19:13:40.374+0000] {logging_mixin.py:120} INFO - [2024-01-30T19:13:40.374+0000] {dag.py:2585} INFO - Sync 1 DAGs
[2024-01-30T19:13:40.418+0000] {logging_mixin.py:120} INFO - [2024-01-30T19:13:40.417+0000] {dag.py:3340} INFO - Setting next_dagrun for latest_only_with_trigger to 2024-01-30T15:13:40.417031+00:00, run_after=2024-01-30T19:13:40.417031+00:00
[2024-01-30T19:13:40.453+0000] {processor.py:176} INFO - Processing /home/airflow/.local/lib/python3.7/site-packages/airflow/example_dags/example_latest_only_with_trigger.py took 0.184 seconds
[2024-01-30T19:14:10.597+0000] {processor.py:154} INFO - Started process (PID=3086) to work on /home/airflow/.local/lib/python3.7/site-packages/airflow/example_dags/example_latest_only_with_trigger.py
[2024-01-30T19:14:10.599+0000] {processor.py:756} INFO - Processing file /home/airflow/.local/lib/python3.7/site-packages/airflow/example_dags/example_latest_only_with_trigger.py for tasks to queue
[2024-01-30T19:14:10.600+0000] {logging_mixin.py:120} INFO - [2024-01-30T19:14:10.600+0000] {dagbag.py:537} INFO - Filling up the DagBag from /home/airflow/.local/lib/python3.7/site-packages/airflow/example_dags/example_latest_only_with_trigger.py
[2024-01-30T19:14:10.625+0000] {processor.py:766} INFO - DAG(s) dict_keys(['latest_only_with_trigger']) retrieved from /home/airflow/.local/lib/python3.7/site-packages/airflow/example_dags/example_latest_only_with_trigger.py
[2024-01-30T19:14:10.686+0000] {logging_mixin.py:120} INFO - [2024-01-30T19:14:10.686+0000] {dag.py:2585} INFO - Sync 1 DAGs
[2024-01-30T19:14:10.722+0000] {logging_mixin.py:120} INFO - [2024-01-30T19:14:10.722+0000] {dag.py:3340} INFO - Setting next_dagrun for latest_only_with_trigger to 2024-01-30T15:14:10.722397+00:00, run_after=2024-01-30T19:14:10.722397+00:00
[2024-01-30T19:14:10.749+0000] {processor.py:176} INFO - Processing /home/airflow/.local/lib/python3.7/site-packages/airflow/example_dags/example_latest_only_with_trigger.py took 0.158 seconds
[2024-01-30T19:14:41.113+0000] {processor.py:154} INFO - Started process (PID=3142) to work on /home/airflow/.local/lib/python3.7/site-packages/airflow/example_dags/example_latest_only_with_trigger.py
[2024-01-30T19:14:41.115+0000] {processor.py:756} INFO - Processing file /home/airflow/.local/lib/python3.7/site-packages/airflow/example_dags/example_latest_only_with_trigger.py for tasks to queue
[2024-01-30T19:14:41.121+0000] {logging_mixin.py:120} INFO - [2024-01-30T19:14:41.119+0000] {dagbag.py:537} INFO - Filling up the DagBag from /home/airflow/.local/lib/python3.7/site-packages/airflow/example_dags/example_latest_only_with_trigger.py
[2024-01-30T19:14:41.154+0000] {processor.py:766} INFO - DAG(s) dict_keys(['latest_only_with_trigger']) retrieved from /home/airflow/.local/lib/python3.7/site-packages/airflow/example_dags/example_latest_only_with_trigger.py
[2024-01-30T19:14:41.233+0000] {logging_mixin.py:120} INFO - [2024-01-30T19:14:41.233+0000] {dag.py:2585} INFO - Sync 1 DAGs
[2024-01-30T19:14:41.286+0000] {logging_mixin.py:120} INFO - [2024-01-30T19:14:41.285+0000] {dag.py:3340} INFO - Setting next_dagrun for latest_only_with_trigger to 2024-01-30T15:14:41.285198+00:00, run_after=2024-01-30T19:14:41.285198+00:00
[2024-01-30T19:14:41.320+0000] {processor.py:176} INFO - Processing /home/airflow/.local/lib/python3.7/site-packages/airflow/example_dags/example_latest_only_with_trigger.py took 0.220 seconds
[2024-01-30T19:15:11.596+0000] {processor.py:154} INFO - Started process (PID=3207) to work on /home/airflow/.local/lib/python3.7/site-packages/airflow/example_dags/example_latest_only_with_trigger.py
[2024-01-30T19:15:11.599+0000] {processor.py:756} INFO - Processing file /home/airflow/.local/lib/python3.7/site-packages/airflow/example_dags/example_latest_only_with_trigger.py for tasks to queue
[2024-01-30T19:15:11.602+0000] {logging_mixin.py:120} INFO - [2024-01-30T19:15:11.601+0000] {dagbag.py:537} INFO - Filling up the DagBag from /home/airflow/.local/lib/python3.7/site-packages/airflow/example_dags/example_latest_only_with_trigger.py
[2024-01-30T19:15:11.626+0000] {processor.py:766} INFO - DAG(s) dict_keys(['latest_only_with_trigger']) retrieved from /home/airflow/.local/lib/python3.7/site-packages/airflow/example_dags/example_latest_only_with_trigger.py
[2024-01-30T19:15:11.695+0000] {logging_mixin.py:120} INFO - [2024-01-30T19:15:11.695+0000] {dag.py:2585} INFO - Sync 1 DAGs
[2024-01-30T19:15:11.740+0000] {logging_mixin.py:120} INFO - [2024-01-30T19:15:11.739+0000] {dag.py:3340} INFO - Setting next_dagrun for latest_only_with_trigger to 2024-01-30T15:15:11.739213+00:00, run_after=2024-01-30T19:15:11.739213+00:00
[2024-01-30T19:15:11.768+0000] {processor.py:176} INFO - Processing /home/airflow/.local/lib/python3.7/site-packages/airflow/example_dags/example_latest_only_with_trigger.py took 0.176 seconds
[2024-01-30T19:15:42.411+0000] {processor.py:154} INFO - Started process (PID=3271) to work on /home/airflow/.local/lib/python3.7/site-packages/airflow/example_dags/example_latest_only_with_trigger.py
[2024-01-30T19:15:42.413+0000] {processor.py:756} INFO - Processing file /home/airflow/.local/lib/python3.7/site-packages/airflow/example_dags/example_latest_only_with_trigger.py for tasks to queue
[2024-01-30T19:15:42.415+0000] {logging_mixin.py:120} INFO - [2024-01-30T19:15:42.415+0000] {dagbag.py:537} INFO - Filling up the DagBag from /home/airflow/.local/lib/python3.7/site-packages/airflow/example_dags/example_latest_only_with_trigger.py
[2024-01-30T19:15:42.442+0000] {processor.py:766} INFO - DAG(s) dict_keys(['latest_only_with_trigger']) retrieved from /home/airflow/.local/lib/python3.7/site-packages/airflow/example_dags/example_latest_only_with_trigger.py
[2024-01-30T19:15:42.522+0000] {logging_mixin.py:120} INFO - [2024-01-30T19:15:42.522+0000] {dag.py:2585} INFO - Sync 1 DAGs
[2024-01-30T19:15:42.565+0000] {logging_mixin.py:120} INFO - [2024-01-30T19:15:42.565+0000] {dag.py:3340} INFO - Setting next_dagrun for latest_only_with_trigger to 2024-01-30T15:15:42.565078+00:00, run_after=2024-01-30T19:15:42.565078+00:00
[2024-01-30T19:15:42.603+0000] {processor.py:176} INFO - Processing /home/airflow/.local/lib/python3.7/site-packages/airflow/example_dags/example_latest_only_with_trigger.py took 0.198 seconds
[2024-01-30T19:16:12.703+0000] {processor.py:154} INFO - Started process (PID=3327) to work on /home/airflow/.local/lib/python3.7/site-packages/airflow/example_dags/example_latest_only_with_trigger.py
[2024-01-30T19:16:12.706+0000] {processor.py:756} INFO - Processing file /home/airflow/.local/lib/python3.7/site-packages/airflow/example_dags/example_latest_only_with_trigger.py for tasks to queue
[2024-01-30T19:16:12.708+0000] {logging_mixin.py:120} INFO - [2024-01-30T19:16:12.708+0000] {dagbag.py:537} INFO - Filling up the DagBag from /home/airflow/.local/lib/python3.7/site-packages/airflow/example_dags/example_latest_only_with_trigger.py
[2024-01-30T19:16:12.733+0000] {processor.py:766} INFO - DAG(s) dict_keys(['latest_only_with_trigger']) retrieved from /home/airflow/.local/lib/python3.7/site-packages/airflow/example_dags/example_latest_only_with_trigger.py
[2024-01-30T19:16:12.801+0000] {logging_mixin.py:120} INFO - [2024-01-30T19:16:12.801+0000] {dag.py:2585} INFO - Sync 1 DAGs
[2024-01-30T19:16:12.850+0000] {logging_mixin.py:120} INFO - [2024-01-30T19:16:12.849+0000] {dag.py:3340} INFO - Setting next_dagrun for latest_only_with_trigger to 2024-01-30T15:16:12.849401+00:00, run_after=2024-01-30T19:16:12.849401+00:00
[2024-01-30T19:16:12.893+0000] {processor.py:176} INFO - Processing /home/airflow/.local/lib/python3.7/site-packages/airflow/example_dags/example_latest_only_with_trigger.py took 0.194 seconds
[2024-01-30T19:16:43.313+0000] {processor.py:154} INFO - Started process (PID=3393) to work on /home/airflow/.local/lib/python3.7/site-packages/airflow/example_dags/example_latest_only_with_trigger.py
[2024-01-30T19:16:43.316+0000] {processor.py:756} INFO - Processing file /home/airflow/.local/lib/python3.7/site-packages/airflow/example_dags/example_latest_only_with_trigger.py for tasks to queue
[2024-01-30T19:16:43.317+0000] {logging_mixin.py:120} INFO - [2024-01-30T19:16:43.317+0000] {dagbag.py:537} INFO - Filling up the DagBag from /home/airflow/.local/lib/python3.7/site-packages/airflow/example_dags/example_latest_only_with_trigger.py
[2024-01-30T19:16:43.341+0000] {processor.py:766} INFO - DAG(s) dict_keys(['latest_only_with_trigger']) retrieved from /home/airflow/.local/lib/python3.7/site-packages/airflow/example_dags/example_latest_only_with_trigger.py
[2024-01-30T19:16:43.397+0000] {logging_mixin.py:120} INFO - [2024-01-30T19:16:43.397+0000] {dag.py:2585} INFO - Sync 1 DAGs
[2024-01-30T19:16:43.434+0000] {logging_mixin.py:120} INFO - [2024-01-30T19:16:43.434+0000] {dag.py:3340} INFO - Setting next_dagrun for latest_only_with_trigger to 2024-01-30T15:16:43.434244+00:00, run_after=2024-01-30T19:16:43.434244+00:00
[2024-01-30T19:16:43.461+0000] {processor.py:176} INFO - Processing /home/airflow/.local/lib/python3.7/site-packages/airflow/example_dags/example_latest_only_with_trigger.py took 0.153 seconds
[2024-01-30T19:17:14.447+0000] {processor.py:154} INFO - Started process (PID=3449) to work on /home/airflow/.local/lib/python3.7/site-packages/airflow/example_dags/example_latest_only_with_trigger.py
[2024-01-30T19:17:14.449+0000] {processor.py:756} INFO - Processing file /home/airflow/.local/lib/python3.7/site-packages/airflow/example_dags/example_latest_only_with_trigger.py for tasks to queue
[2024-01-30T19:17:14.451+0000] {logging_mixin.py:120} INFO - [2024-01-30T19:17:14.451+0000] {dagbag.py:537} INFO - Filling up the DagBag from /home/airflow/.local/lib/python3.7/site-packages/airflow/example_dags/example_latest_only_with_trigger.py
[2024-01-30T19:17:14.481+0000] {processor.py:766} INFO - DAG(s) dict_keys(['latest_only_with_trigger']) retrieved from /home/airflow/.local/lib/python3.7/site-packages/airflow/example_dags/example_latest_only_with_trigger.py
[2024-01-30T19:17:14.548+0000] {logging_mixin.py:120} INFO - [2024-01-30T19:17:14.547+0000] {dag.py:2585} INFO - Sync 1 DAGs
[2024-01-30T19:17:14.594+0000] {logging_mixin.py:120} INFO - [2024-01-30T19:17:14.594+0000] {dag.py:3340} INFO - Setting next_dagrun for latest_only_with_trigger to 2024-01-30T15:17:14.593849+00:00, run_after=2024-01-30T19:17:14.593849+00:00
[2024-01-30T19:17:14.624+0000] {processor.py:176} INFO - Processing /home/airflow/.local/lib/python3.7/site-packages/airflow/example_dags/example_latest_only_with_trigger.py took 0.182 seconds
[2024-01-30T19:17:45.015+0000] {processor.py:154} INFO - Started process (PID=3514) to work on /home/airflow/.local/lib/python3.7/site-packages/airflow/example_dags/example_latest_only_with_trigger.py
[2024-01-30T19:17:45.017+0000] {processor.py:756} INFO - Processing file /home/airflow/.local/lib/python3.7/site-packages/airflow/example_dags/example_latest_only_with_trigger.py for tasks to queue
[2024-01-30T19:17:45.018+0000] {logging_mixin.py:120} INFO - [2024-01-30T19:17:45.018+0000] {dagbag.py:537} INFO - Filling up the DagBag from /home/airflow/.local/lib/python3.7/site-packages/airflow/example_dags/example_latest_only_with_trigger.py
[2024-01-30T19:17:45.038+0000] {processor.py:766} INFO - DAG(s) dict_keys(['latest_only_with_trigger']) retrieved from /home/airflow/.local/lib/python3.7/site-packages/airflow/example_dags/example_latest_only_with_trigger.py
[2024-01-30T19:17:45.090+0000] {logging_mixin.py:120} INFO - [2024-01-30T19:17:45.090+0000] {dag.py:2585} INFO - Sync 1 DAGs
[2024-01-30T19:17:45.123+0000] {logging_mixin.py:120} INFO - [2024-01-30T19:17:45.123+0000] {dag.py:3340} INFO - Setting next_dagrun for latest_only_with_trigger to 2024-01-30T15:17:45.122888+00:00, run_after=2024-01-30T19:17:45.122888+00:00
[2024-01-30T19:17:45.147+0000] {processor.py:176} INFO - Processing /home/airflow/.local/lib/python3.7/site-packages/airflow/example_dags/example_latest_only_with_trigger.py took 0.137 seconds
[2024-01-30T19:18:15.748+0000] {processor.py:154} INFO - Started process (PID=3580) to work on /home/airflow/.local/lib/python3.7/site-packages/airflow/example_dags/example_latest_only_with_trigger.py
[2024-01-30T19:18:15.749+0000] {processor.py:756} INFO - Processing file /home/airflow/.local/lib/python3.7/site-packages/airflow/example_dags/example_latest_only_with_trigger.py for tasks to queue
[2024-01-30T19:18:15.750+0000] {logging_mixin.py:120} INFO - [2024-01-30T19:18:15.750+0000] {dagbag.py:537} INFO - Filling up the DagBag from /home/airflow/.local/lib/python3.7/site-packages/airflow/example_dags/example_latest_only_with_trigger.py
[2024-01-30T19:18:15.769+0000] {processor.py:766} INFO - DAG(s) dict_keys(['latest_only_with_trigger']) retrieved from /home/airflow/.local/lib/python3.7/site-packages/airflow/example_dags/example_latest_only_with_trigger.py
[2024-01-30T19:18:15.822+0000] {logging_mixin.py:120} INFO - [2024-01-30T19:18:15.821+0000] {dag.py:2585} INFO - Sync 1 DAGs
[2024-01-30T19:18:15.853+0000] {logging_mixin.py:120} INFO - [2024-01-30T19:18:15.853+0000] {dag.py:3340} INFO - Setting next_dagrun for latest_only_with_trigger to 2024-01-30T15:18:15.852669+00:00, run_after=2024-01-30T19:18:15.852669+00:00
[2024-01-30T19:18:15.877+0000] {processor.py:176} INFO - Processing /home/airflow/.local/lib/python3.7/site-packages/airflow/example_dags/example_latest_only_with_trigger.py took 0.133 seconds
[2024-01-30T19:18:46.227+0000] {processor.py:154} INFO - Started process (PID=3643) to work on /home/airflow/.local/lib/python3.7/site-packages/airflow/example_dags/example_latest_only_with_trigger.py
[2024-01-30T19:18:46.228+0000] {processor.py:756} INFO - Processing file /home/airflow/.local/lib/python3.7/site-packages/airflow/example_dags/example_latest_only_with_trigger.py for tasks to queue
[2024-01-30T19:18:46.229+0000] {logging_mixin.py:120} INFO - [2024-01-30T19:18:46.229+0000] {dagbag.py:537} INFO - Filling up the DagBag from /home/airflow/.local/lib/python3.7/site-packages/airflow/example_dags/example_latest_only_with_trigger.py
[2024-01-30T19:18:46.248+0000] {processor.py:766} INFO - DAG(s) dict_keys(['latest_only_with_trigger']) retrieved from /home/airflow/.local/lib/python3.7/site-packages/airflow/example_dags/example_latest_only_with_trigger.py
[2024-01-30T19:18:46.299+0000] {logging_mixin.py:120} INFO - [2024-01-30T19:18:46.299+0000] {dag.py:2585} INFO - Sync 1 DAGs
[2024-01-30T19:18:46.328+0000] {logging_mixin.py:120} INFO - [2024-01-30T19:18:46.328+0000] {dag.py:3340} INFO - Setting next_dagrun for latest_only_with_trigger to 2024-01-30T15:18:46.327815+00:00, run_after=2024-01-30T19:18:46.327815+00:00
[2024-01-30T19:18:46.352+0000] {processor.py:176} INFO - Processing /home/airflow/.local/lib/python3.7/site-packages/airflow/example_dags/example_latest_only_with_trigger.py took 0.130 seconds
[2024-01-30T19:19:16.455+0000] {processor.py:154} INFO - Started process (PID=3701) to work on /home/airflow/.local/lib/python3.7/site-packages/airflow/example_dags/example_latest_only_with_trigger.py
[2024-01-30T19:19:16.456+0000] {processor.py:756} INFO - Processing file /home/airflow/.local/lib/python3.7/site-packages/airflow/example_dags/example_latest_only_with_trigger.py for tasks to queue
[2024-01-30T19:19:16.458+0000] {logging_mixin.py:120} INFO - [2024-01-30T19:19:16.457+0000] {dagbag.py:537} INFO - Filling up the DagBag from /home/airflow/.local/lib/python3.7/site-packages/airflow/example_dags/example_latest_only_with_trigger.py
[2024-01-30T19:19:16.475+0000] {processor.py:766} INFO - DAG(s) dict_keys(['latest_only_with_trigger']) retrieved from /home/airflow/.local/lib/python3.7/site-packages/airflow/example_dags/example_latest_only_with_trigger.py
[2024-01-30T19:19:16.526+0000] {logging_mixin.py:120} INFO - [2024-01-30T19:19:16.526+0000] {dag.py:2585} INFO - Sync 1 DAGs
[2024-01-30T19:19:16.556+0000] {logging_mixin.py:120} INFO - [2024-01-30T19:19:16.556+0000] {dag.py:3340} INFO - Setting next_dagrun for latest_only_with_trigger to 2024-01-30T15:19:16.555796+00:00, run_after=2024-01-30T19:19:16.555796+00:00
[2024-01-30T19:19:16.579+0000] {processor.py:176} INFO - Processing /home/airflow/.local/lib/python3.7/site-packages/airflow/example_dags/example_latest_only_with_trigger.py took 0.128 seconds
[2024-01-30T19:19:47.099+0000] {processor.py:154} INFO - Started process (PID=3766) to work on /home/airflow/.local/lib/python3.7/site-packages/airflow/example_dags/example_latest_only_with_trigger.py
[2024-01-30T19:19:47.101+0000] {processor.py:756} INFO - Processing file /home/airflow/.local/lib/python3.7/site-packages/airflow/example_dags/example_latest_only_with_trigger.py for tasks to queue
[2024-01-30T19:19:47.104+0000] {logging_mixin.py:120} INFO - [2024-01-30T19:19:47.104+0000] {dagbag.py:537} INFO - Filling up the DagBag from /home/airflow/.local/lib/python3.7/site-packages/airflow/example_dags/example_latest_only_with_trigger.py
[2024-01-30T19:19:47.126+0000] {processor.py:766} INFO - DAG(s) dict_keys(['latest_only_with_trigger']) retrieved from /home/airflow/.local/lib/python3.7/site-packages/airflow/example_dags/example_latest_only_with_trigger.py
[2024-01-30T19:19:47.180+0000] {logging_mixin.py:120} INFO - [2024-01-30T19:19:47.180+0000] {dag.py:2585} INFO - Sync 1 DAGs
[2024-01-30T19:19:47.222+0000] {logging_mixin.py:120} INFO - [2024-01-30T19:19:47.222+0000] {dag.py:3340} INFO - Setting next_dagrun for latest_only_with_trigger to 2024-01-30T15:19:47.221997+00:00, run_after=2024-01-30T19:19:47.221997+00:00
[2024-01-30T19:19:47.252+0000] {processor.py:176} INFO - Processing /home/airflow/.local/lib/python3.7/site-packages/airflow/example_dags/example_latest_only_with_trigger.py took 0.157 seconds
[2024-01-30T19:20:17.745+0000] {processor.py:154} INFO - Started process (PID=3829) to work on /home/airflow/.local/lib/python3.7/site-packages/airflow/example_dags/example_latest_only_with_trigger.py
[2024-01-30T19:20:17.747+0000] {processor.py:756} INFO - Processing file /home/airflow/.local/lib/python3.7/site-packages/airflow/example_dags/example_latest_only_with_trigger.py for tasks to queue
[2024-01-30T19:20:17.749+0000] {logging_mixin.py:120} INFO - [2024-01-30T19:20:17.749+0000] {dagbag.py:537} INFO - Filling up the DagBag from /home/airflow/.local/lib/python3.7/site-packages/airflow/example_dags/example_latest_only_with_trigger.py
[2024-01-30T19:20:17.795+0000] {processor.py:766} INFO - DAG(s) dict_keys(['latest_only_with_trigger']) retrieved from /home/airflow/.local/lib/python3.7/site-packages/airflow/example_dags/example_latest_only_with_trigger.py
[2024-01-30T19:20:17.879+0000] {logging_mixin.py:120} INFO - [2024-01-30T19:20:17.879+0000] {dag.py:2585} INFO - Sync 1 DAGs
[2024-01-30T19:20:17.938+0000] {logging_mixin.py:120} INFO - [2024-01-30T19:20:17.937+0000] {dag.py:3340} INFO - Setting next_dagrun for latest_only_with_trigger to 2024-01-30T15:20:17.936707+00:00, run_after=2024-01-30T19:20:17.936707+00:00
[2024-01-30T19:20:18.147+0000] {processor.py:176} INFO - Processing /home/airflow/.local/lib/python3.7/site-packages/airflow/example_dags/example_latest_only_with_trigger.py took 0.411 seconds
[2024-01-30T19:20:48.433+0000] {processor.py:154} INFO - Started process (PID=3887) to work on /home/airflow/.local/lib/python3.7/site-packages/airflow/example_dags/example_latest_only_with_trigger.py
[2024-01-30T19:20:48.435+0000] {processor.py:756} INFO - Processing file /home/airflow/.local/lib/python3.7/site-packages/airflow/example_dags/example_latest_only_with_trigger.py for tasks to queue
[2024-01-30T19:20:48.436+0000] {logging_mixin.py:120} INFO - [2024-01-30T19:20:48.436+0000] {dagbag.py:537} INFO - Filling up the DagBag from /home/airflow/.local/lib/python3.7/site-packages/airflow/example_dags/example_latest_only_with_trigger.py
[2024-01-30T19:20:48.458+0000] {processor.py:766} INFO - DAG(s) dict_keys(['latest_only_with_trigger']) retrieved from /home/airflow/.local/lib/python3.7/site-packages/airflow/example_dags/example_latest_only_with_trigger.py
[2024-01-30T19:20:48.506+0000] {logging_mixin.py:120} INFO - [2024-01-30T19:20:48.506+0000] {dag.py:2585} INFO - Sync 1 DAGs
[2024-01-30T19:20:48.535+0000] {logging_mixin.py:120} INFO - [2024-01-30T19:20:48.535+0000] {dag.py:3340} INFO - Setting next_dagrun for latest_only_with_trigger to 2024-01-30T15:20:48.535046+00:00, run_after=2024-01-30T19:20:48.535046+00:00
[2024-01-30T19:20:48.558+0000] {processor.py:176} INFO - Processing /home/airflow/.local/lib/python3.7/site-packages/airflow/example_dags/example_latest_only_with_trigger.py took 0.131 seconds
[2024-01-30T19:21:19.212+0000] {processor.py:154} INFO - Started process (PID=3952) to work on /home/airflow/.local/lib/python3.7/site-packages/airflow/example_dags/example_latest_only_with_trigger.py
[2024-01-30T19:21:19.214+0000] {processor.py:756} INFO - Processing file /home/airflow/.local/lib/python3.7/site-packages/airflow/example_dags/example_latest_only_with_trigger.py for tasks to queue
[2024-01-30T19:21:19.216+0000] {logging_mixin.py:120} INFO - [2024-01-30T19:21:19.215+0000] {dagbag.py:537} INFO - Filling up the DagBag from /home/airflow/.local/lib/python3.7/site-packages/airflow/example_dags/example_latest_only_with_trigger.py
[2024-01-30T19:21:19.241+0000] {processor.py:766} INFO - DAG(s) dict_keys(['latest_only_with_trigger']) retrieved from /home/airflow/.local/lib/python3.7/site-packages/airflow/example_dags/example_latest_only_with_trigger.py
[2024-01-30T19:21:19.297+0000] {logging_mixin.py:120} INFO - [2024-01-30T19:21:19.297+0000] {dag.py:2585} INFO - Sync 1 DAGs
[2024-01-30T19:21:19.356+0000] {logging_mixin.py:120} INFO - [2024-01-30T19:21:19.356+0000] {dag.py:3340} INFO - Setting next_dagrun for latest_only_with_trigger to 2024-01-30T15:21:19.356011+00:00, run_after=2024-01-30T19:21:19.356011+00:00
[2024-01-30T19:21:19.390+0000] {processor.py:176} INFO - Processing /home/airflow/.local/lib/python3.7/site-packages/airflow/example_dags/example_latest_only_with_trigger.py took 0.184 seconds
[2024-01-30T19:21:49.674+0000] {processor.py:154} INFO - Started process (PID=4007) to work on /home/airflow/.local/lib/python3.7/site-packages/airflow/example_dags/example_latest_only_with_trigger.py
[2024-01-30T19:21:49.676+0000] {processor.py:756} INFO - Processing file /home/airflow/.local/lib/python3.7/site-packages/airflow/example_dags/example_latest_only_with_trigger.py for tasks to queue
[2024-01-30T19:21:49.677+0000] {logging_mixin.py:120} INFO - [2024-01-30T19:21:49.677+0000] {dagbag.py:537} INFO - Filling up the DagBag from /home/airflow/.local/lib/python3.7/site-packages/airflow/example_dags/example_latest_only_with_trigger.py
[2024-01-30T19:21:49.702+0000] {processor.py:766} INFO - DAG(s) dict_keys(['latest_only_with_trigger']) retrieved from /home/airflow/.local/lib/python3.7/site-packages/airflow/example_dags/example_latest_only_with_trigger.py
[2024-01-30T19:21:49.766+0000] {logging_mixin.py:120} INFO - [2024-01-30T19:21:49.766+0000] {dag.py:2585} INFO - Sync 1 DAGs
[2024-01-30T19:21:49.811+0000] {logging_mixin.py:120} INFO - [2024-01-30T19:21:49.811+0000] {dag.py:3340} INFO - Setting next_dagrun for latest_only_with_trigger to 2024-01-30T15:21:49.810886+00:00, run_after=2024-01-30T19:21:49.810886+00:00
[2024-01-30T19:21:49.837+0000] {processor.py:176} INFO - Processing /home/airflow/.local/lib/python3.7/site-packages/airflow/example_dags/example_latest_only_with_trigger.py took 0.168 seconds
