[2024-01-30T18:48:49.045+0000] {processor.py:154} INFO - Started process (PID=46) to work on /home/airflow/.local/lib/python3.7/site-packages/airflow/example_dags/example_branch_python_dop_operator_3.py
[2024-01-30T18:48:49.053+0000] {processor.py:756} INFO - Processing file /home/airflow/.local/lib/python3.7/site-packages/airflow/example_dags/example_branch_python_dop_operator_3.py for tasks to queue
[2024-01-30T18:48:49.059+0000] {logging_mixin.py:120} INFO - [2024-01-30T18:48:49.059+0000] {dagbag.py:537} INFO - Filling up the DagBag from /home/airflow/.local/lib/python3.7/site-packages/airflow/example_dags/example_branch_python_dop_operator_3.py
[2024-01-30T18:48:49.235+0000] {processor.py:766} INFO - DAG(s) dict_keys(['example_branch_dop_operator_v3']) retrieved from /home/airflow/.local/lib/python3.7/site-packages/airflow/example_dags/example_branch_python_dop_operator_3.py
[2024-01-30T18:48:49.572+0000] {logging_mixin.py:120} INFO - [2024-01-30T18:48:49.571+0000] {dag.py:2585} INFO - Sync 1 DAGs
[2024-01-30T18:48:49.749+0000] {logging_mixin.py:120} INFO - [2024-01-30T18:48:49.745+0000] {dag.py:3340} INFO - Setting next_dagrun for example_branch_dop_operator_v3 to 2024-01-30T18:47:00+00:00, run_after=2024-01-30T18:48:00+00:00
[2024-01-30T18:48:50.125+0000] {processor.py:176} INFO - Processing /home/airflow/.local/lib/python3.7/site-packages/airflow/example_dags/example_branch_python_dop_operator_3.py took 1.119 seconds
[2024-01-30T18:49:20.665+0000] {processor.py:154} INFO - Started process (PID=100) to work on /home/airflow/.local/lib/python3.7/site-packages/airflow/example_dags/example_branch_python_dop_operator_3.py
[2024-01-30T18:49:20.667+0000] {processor.py:756} INFO - Processing file /home/airflow/.local/lib/python3.7/site-packages/airflow/example_dags/example_branch_python_dop_operator_3.py for tasks to queue
[2024-01-30T18:49:20.668+0000] {logging_mixin.py:120} INFO - [2024-01-30T18:49:20.668+0000] {dagbag.py:537} INFO - Filling up the DagBag from /home/airflow/.local/lib/python3.7/site-packages/airflow/example_dags/example_branch_python_dop_operator_3.py
[2024-01-30T18:49:20.708+0000] {processor.py:766} INFO - DAG(s) dict_keys(['example_branch_dop_operator_v3']) retrieved from /home/airflow/.local/lib/python3.7/site-packages/airflow/example_dags/example_branch_python_dop_operator_3.py
[2024-01-30T18:49:20.772+0000] {logging_mixin.py:120} INFO - [2024-01-30T18:49:20.772+0000] {dag.py:2585} INFO - Sync 1 DAGs
[2024-01-30T18:49:20.821+0000] {logging_mixin.py:120} INFO - [2024-01-30T18:49:20.820+0000] {dag.py:3340} INFO - Setting next_dagrun for example_branch_dop_operator_v3 to 2024-01-30T18:48:00+00:00, run_after=2024-01-30T18:49:00+00:00
[2024-01-30T18:49:20.848+0000] {processor.py:176} INFO - Processing /home/airflow/.local/lib/python3.7/site-packages/airflow/example_dags/example_branch_python_dop_operator_3.py took 0.188 seconds
[2024-01-30T18:49:51.220+0000] {processor.py:154} INFO - Started process (PID=166) to work on /home/airflow/.local/lib/python3.7/site-packages/airflow/example_dags/example_branch_python_dop_operator_3.py
[2024-01-30T18:49:51.221+0000] {processor.py:756} INFO - Processing file /home/airflow/.local/lib/python3.7/site-packages/airflow/example_dags/example_branch_python_dop_operator_3.py for tasks to queue
[2024-01-30T18:49:51.222+0000] {logging_mixin.py:120} INFO - [2024-01-30T18:49:51.222+0000] {dagbag.py:537} INFO - Filling up the DagBag from /home/airflow/.local/lib/python3.7/site-packages/airflow/example_dags/example_branch_python_dop_operator_3.py
[2024-01-30T18:49:51.256+0000] {processor.py:766} INFO - DAG(s) dict_keys(['example_branch_dop_operator_v3']) retrieved from /home/airflow/.local/lib/python3.7/site-packages/airflow/example_dags/example_branch_python_dop_operator_3.py
[2024-01-30T18:49:51.330+0000] {logging_mixin.py:120} INFO - [2024-01-30T18:49:51.330+0000] {dag.py:2585} INFO - Sync 1 DAGs
[2024-01-30T18:49:51.446+0000] {logging_mixin.py:120} INFO - [2024-01-30T18:49:51.445+0000] {dag.py:3340} INFO - Setting next_dagrun for example_branch_dop_operator_v3 to 2024-01-30T18:48:00+00:00, run_after=2024-01-30T18:49:00+00:00
[2024-01-30T18:49:51.470+0000] {processor.py:176} INFO - Processing /home/airflow/.local/lib/python3.7/site-packages/airflow/example_dags/example_branch_python_dop_operator_3.py took 0.260 seconds
[2024-01-30T18:50:22.525+0000] {processor.py:154} INFO - Started process (PID=221) to work on /home/airflow/.local/lib/python3.7/site-packages/airflow/example_dags/example_branch_python_dop_operator_3.py
[2024-01-30T18:50:22.531+0000] {processor.py:756} INFO - Processing file /home/airflow/.local/lib/python3.7/site-packages/airflow/example_dags/example_branch_python_dop_operator_3.py for tasks to queue
[2024-01-30T18:50:22.534+0000] {logging_mixin.py:120} INFO - [2024-01-30T18:50:22.533+0000] {dagbag.py:537} INFO - Filling up the DagBag from /home/airflow/.local/lib/python3.7/site-packages/airflow/example_dags/example_branch_python_dop_operator_3.py
[2024-01-30T18:50:22.594+0000] {processor.py:766} INFO - DAG(s) dict_keys(['example_branch_dop_operator_v3']) retrieved from /home/airflow/.local/lib/python3.7/site-packages/airflow/example_dags/example_branch_python_dop_operator_3.py
[2024-01-30T18:50:22.671+0000] {logging_mixin.py:120} INFO - [2024-01-30T18:50:22.670+0000] {dag.py:2585} INFO - Sync 1 DAGs
[2024-01-30T18:50:22.723+0000] {logging_mixin.py:120} INFO - [2024-01-30T18:50:22.723+0000] {dag.py:3340} INFO - Setting next_dagrun for example_branch_dop_operator_v3 to 2024-01-30T18:49:00+00:00, run_after=2024-01-30T18:50:00+00:00
[2024-01-30T18:50:22.755+0000] {processor.py:176} INFO - Processing /home/airflow/.local/lib/python3.7/site-packages/airflow/example_dags/example_branch_python_dop_operator_3.py took 0.238 seconds
[2024-01-30T18:50:53.058+0000] {processor.py:154} INFO - Started process (PID=284) to work on /home/airflow/.local/lib/python3.7/site-packages/airflow/example_dags/example_branch_python_dop_operator_3.py
[2024-01-30T18:50:53.060+0000] {processor.py:756} INFO - Processing file /home/airflow/.local/lib/python3.7/site-packages/airflow/example_dags/example_branch_python_dop_operator_3.py for tasks to queue
[2024-01-30T18:50:53.061+0000] {logging_mixin.py:120} INFO - [2024-01-30T18:50:53.061+0000] {dagbag.py:537} INFO - Filling up the DagBag from /home/airflow/.local/lib/python3.7/site-packages/airflow/example_dags/example_branch_python_dop_operator_3.py
[2024-01-30T18:50:53.094+0000] {processor.py:766} INFO - DAG(s) dict_keys(['example_branch_dop_operator_v3']) retrieved from /home/airflow/.local/lib/python3.7/site-packages/airflow/example_dags/example_branch_python_dop_operator_3.py
[2024-01-30T18:50:53.159+0000] {logging_mixin.py:120} INFO - [2024-01-30T18:50:53.159+0000] {dag.py:2585} INFO - Sync 1 DAGs
[2024-01-30T18:50:53.225+0000] {logging_mixin.py:120} INFO - [2024-01-30T18:50:53.225+0000] {dag.py:3340} INFO - Setting next_dagrun for example_branch_dop_operator_v3 to 2024-01-30T18:49:00+00:00, run_after=2024-01-30T18:50:00+00:00
[2024-01-30T18:50:53.250+0000] {processor.py:176} INFO - Processing /home/airflow/.local/lib/python3.7/site-packages/airflow/example_dags/example_branch_python_dop_operator_3.py took 0.196 seconds
[2024-01-30T18:51:23.754+0000] {processor.py:154} INFO - Started process (PID=348) to work on /home/airflow/.local/lib/python3.7/site-packages/airflow/example_dags/example_branch_python_dop_operator_3.py
[2024-01-30T18:51:23.755+0000] {processor.py:756} INFO - Processing file /home/airflow/.local/lib/python3.7/site-packages/airflow/example_dags/example_branch_python_dop_operator_3.py for tasks to queue
[2024-01-30T18:51:23.757+0000] {logging_mixin.py:120} INFO - [2024-01-30T18:51:23.757+0000] {dagbag.py:537} INFO - Filling up the DagBag from /home/airflow/.local/lib/python3.7/site-packages/airflow/example_dags/example_branch_python_dop_operator_3.py
[2024-01-30T18:51:23.800+0000] {processor.py:766} INFO - DAG(s) dict_keys(['example_branch_dop_operator_v3']) retrieved from /home/airflow/.local/lib/python3.7/site-packages/airflow/example_dags/example_branch_python_dop_operator_3.py
[2024-01-30T18:51:23.871+0000] {logging_mixin.py:120} INFO - [2024-01-30T18:51:23.870+0000] {dag.py:2585} INFO - Sync 1 DAGs
[2024-01-30T18:51:23.924+0000] {logging_mixin.py:120} INFO - [2024-01-30T18:51:23.924+0000] {dag.py:3340} INFO - Setting next_dagrun for example_branch_dop_operator_v3 to 2024-01-30T18:50:00+00:00, run_after=2024-01-30T18:51:00+00:00
[2024-01-30T18:51:23.970+0000] {processor.py:176} INFO - Processing /home/airflow/.local/lib/python3.7/site-packages/airflow/example_dags/example_branch_python_dop_operator_3.py took 0.222 seconds
[2024-01-30T18:51:54.562+0000] {processor.py:154} INFO - Started process (PID=405) to work on /home/airflow/.local/lib/python3.7/site-packages/airflow/example_dags/example_branch_python_dop_operator_3.py
[2024-01-30T18:51:54.564+0000] {processor.py:756} INFO - Processing file /home/airflow/.local/lib/python3.7/site-packages/airflow/example_dags/example_branch_python_dop_operator_3.py for tasks to queue
[2024-01-30T18:51:54.565+0000] {logging_mixin.py:120} INFO - [2024-01-30T18:51:54.565+0000] {dagbag.py:537} INFO - Filling up the DagBag from /home/airflow/.local/lib/python3.7/site-packages/airflow/example_dags/example_branch_python_dop_operator_3.py
[2024-01-30T18:51:54.600+0000] {processor.py:766} INFO - DAG(s) dict_keys(['example_branch_dop_operator_v3']) retrieved from /home/airflow/.local/lib/python3.7/site-packages/airflow/example_dags/example_branch_python_dop_operator_3.py
[2024-01-30T18:51:54.652+0000] {logging_mixin.py:120} INFO - [2024-01-30T18:51:54.651+0000] {dag.py:2585} INFO - Sync 1 DAGs
[2024-01-30T18:51:54.689+0000] {logging_mixin.py:120} INFO - [2024-01-30T18:51:54.689+0000] {dag.py:3340} INFO - Setting next_dagrun for example_branch_dop_operator_v3 to 2024-01-30T18:50:00+00:00, run_after=2024-01-30T18:51:00+00:00
[2024-01-30T18:51:54.716+0000] {processor.py:176} INFO - Processing /home/airflow/.local/lib/python3.7/site-packages/airflow/example_dags/example_branch_python_dop_operator_3.py took 0.159 seconds
[2024-01-30T18:52:24.834+0000] {processor.py:154} INFO - Started process (PID=469) to work on /home/airflow/.local/lib/python3.7/site-packages/airflow/example_dags/example_branch_python_dop_operator_3.py
[2024-01-30T18:52:24.835+0000] {processor.py:756} INFO - Processing file /home/airflow/.local/lib/python3.7/site-packages/airflow/example_dags/example_branch_python_dop_operator_3.py for tasks to queue
[2024-01-30T18:52:24.837+0000] {logging_mixin.py:120} INFO - [2024-01-30T18:52:24.836+0000] {dagbag.py:537} INFO - Filling up the DagBag from /home/airflow/.local/lib/python3.7/site-packages/airflow/example_dags/example_branch_python_dop_operator_3.py
[2024-01-30T18:52:24.867+0000] {processor.py:766} INFO - DAG(s) dict_keys(['example_branch_dop_operator_v3']) retrieved from /home/airflow/.local/lib/python3.7/site-packages/airflow/example_dags/example_branch_python_dop_operator_3.py
[2024-01-30T18:52:24.918+0000] {logging_mixin.py:120} INFO - [2024-01-30T18:52:24.918+0000] {dag.py:2585} INFO - Sync 1 DAGs
[2024-01-30T18:52:24.963+0000] {logging_mixin.py:120} INFO - [2024-01-30T18:52:24.962+0000] {dag.py:3340} INFO - Setting next_dagrun for example_branch_dop_operator_v3 to 2024-01-30T18:51:00+00:00, run_after=2024-01-30T18:52:00+00:00
[2024-01-30T18:52:24.995+0000] {processor.py:176} INFO - Processing /home/airflow/.local/lib/python3.7/site-packages/airflow/example_dags/example_branch_python_dop_operator_3.py took 0.166 seconds
[2024-01-30T18:52:56.135+0000] {processor.py:154} INFO - Started process (PID=534) to work on /home/airflow/.local/lib/python3.7/site-packages/airflow/example_dags/example_branch_python_dop_operator_3.py
[2024-01-30T18:52:56.137+0000] {processor.py:756} INFO - Processing file /home/airflow/.local/lib/python3.7/site-packages/airflow/example_dags/example_branch_python_dop_operator_3.py for tasks to queue
[2024-01-30T18:52:56.139+0000] {logging_mixin.py:120} INFO - [2024-01-30T18:52:56.138+0000] {dagbag.py:537} INFO - Filling up the DagBag from /home/airflow/.local/lib/python3.7/site-packages/airflow/example_dags/example_branch_python_dop_operator_3.py
[2024-01-30T18:52:56.183+0000] {processor.py:766} INFO - DAG(s) dict_keys(['example_branch_dop_operator_v3']) retrieved from /home/airflow/.local/lib/python3.7/site-packages/airflow/example_dags/example_branch_python_dop_operator_3.py
[2024-01-30T18:52:56.244+0000] {logging_mixin.py:120} INFO - [2024-01-30T18:52:56.244+0000] {dag.py:2585} INFO - Sync 1 DAGs
[2024-01-30T18:52:56.287+0000] {logging_mixin.py:120} INFO - [2024-01-30T18:52:56.286+0000] {dag.py:3340} INFO - Setting next_dagrun for example_branch_dop_operator_v3 to 2024-01-30T18:51:00+00:00, run_after=2024-01-30T18:52:00+00:00
[2024-01-30T18:52:56.313+0000] {processor.py:176} INFO - Processing /home/airflow/.local/lib/python3.7/site-packages/airflow/example_dags/example_branch_python_dop_operator_3.py took 0.186 seconds
[2024-01-30T18:53:26.480+0000] {processor.py:154} INFO - Started process (PID=596) to work on /home/airflow/.local/lib/python3.7/site-packages/airflow/example_dags/example_branch_python_dop_operator_3.py
[2024-01-30T18:53:26.482+0000] {processor.py:756} INFO - Processing file /home/airflow/.local/lib/python3.7/site-packages/airflow/example_dags/example_branch_python_dop_operator_3.py for tasks to queue
[2024-01-30T18:53:26.483+0000] {logging_mixin.py:120} INFO - [2024-01-30T18:53:26.483+0000] {dagbag.py:537} INFO - Filling up the DagBag from /home/airflow/.local/lib/python3.7/site-packages/airflow/example_dags/example_branch_python_dop_operator_3.py
[2024-01-30T18:53:26.516+0000] {processor.py:766} INFO - DAG(s) dict_keys(['example_branch_dop_operator_v3']) retrieved from /home/airflow/.local/lib/python3.7/site-packages/airflow/example_dags/example_branch_python_dop_operator_3.py
[2024-01-30T18:53:26.568+0000] {logging_mixin.py:120} INFO - [2024-01-30T18:53:26.568+0000] {dag.py:2585} INFO - Sync 1 DAGs
[2024-01-30T18:53:26.608+0000] {logging_mixin.py:120} INFO - [2024-01-30T18:53:26.608+0000] {dag.py:3340} INFO - Setting next_dagrun for example_branch_dop_operator_v3 to 2024-01-30T18:52:00+00:00, run_after=2024-01-30T18:53:00+00:00
[2024-01-30T18:53:26.633+0000] {processor.py:176} INFO - Processing /home/airflow/.local/lib/python3.7/site-packages/airflow/example_dags/example_branch_python_dop_operator_3.py took 0.156 seconds
[2024-01-30T18:53:57.028+0000] {processor.py:154} INFO - Started process (PID=663) to work on /home/airflow/.local/lib/python3.7/site-packages/airflow/example_dags/example_branch_python_dop_operator_3.py
[2024-01-30T18:53:57.030+0000] {processor.py:756} INFO - Processing file /home/airflow/.local/lib/python3.7/site-packages/airflow/example_dags/example_branch_python_dop_operator_3.py for tasks to queue
[2024-01-30T18:53:57.031+0000] {logging_mixin.py:120} INFO - [2024-01-30T18:53:57.031+0000] {dagbag.py:537} INFO - Filling up the DagBag from /home/airflow/.local/lib/python3.7/site-packages/airflow/example_dags/example_branch_python_dop_operator_3.py
[2024-01-30T18:53:57.073+0000] {processor.py:766} INFO - DAG(s) dict_keys(['example_branch_dop_operator_v3']) retrieved from /home/airflow/.local/lib/python3.7/site-packages/airflow/example_dags/example_branch_python_dop_operator_3.py
[2024-01-30T18:53:57.131+0000] {logging_mixin.py:120} INFO - [2024-01-30T18:53:57.131+0000] {dag.py:2585} INFO - Sync 1 DAGs
[2024-01-30T18:53:57.181+0000] {logging_mixin.py:120} INFO - [2024-01-30T18:53:57.181+0000] {dag.py:3340} INFO - Setting next_dagrun for example_branch_dop_operator_v3 to 2024-01-30T18:52:00+00:00, run_after=2024-01-30T18:53:00+00:00
[2024-01-30T18:53:57.225+0000] {processor.py:176} INFO - Processing /home/airflow/.local/lib/python3.7/site-packages/airflow/example_dags/example_branch_python_dop_operator_3.py took 0.203 seconds
[2024-01-30T18:54:27.321+0000] {processor.py:154} INFO - Started process (PID=727) to work on /home/airflow/.local/lib/python3.7/site-packages/airflow/example_dags/example_branch_python_dop_operator_3.py
[2024-01-30T18:54:27.324+0000] {processor.py:756} INFO - Processing file /home/airflow/.local/lib/python3.7/site-packages/airflow/example_dags/example_branch_python_dop_operator_3.py for tasks to queue
[2024-01-30T18:54:27.327+0000] {logging_mixin.py:120} INFO - [2024-01-30T18:54:27.326+0000] {dagbag.py:537} INFO - Filling up the DagBag from /home/airflow/.local/lib/python3.7/site-packages/airflow/example_dags/example_branch_python_dop_operator_3.py
[2024-01-30T18:54:27.369+0000] {processor.py:766} INFO - DAG(s) dict_keys(['example_branch_dop_operator_v3']) retrieved from /home/airflow/.local/lib/python3.7/site-packages/airflow/example_dags/example_branch_python_dop_operator_3.py
[2024-01-30T18:54:27.432+0000] {logging_mixin.py:120} INFO - [2024-01-30T18:54:27.432+0000] {dag.py:2585} INFO - Sync 1 DAGs
[2024-01-30T18:54:27.485+0000] {logging_mixin.py:120} INFO - [2024-01-30T18:54:27.485+0000] {dag.py:3340} INFO - Setting next_dagrun for example_branch_dop_operator_v3 to 2024-01-30T18:53:00+00:00, run_after=2024-01-30T18:54:00+00:00
[2024-01-30T18:54:27.518+0000] {processor.py:176} INFO - Processing /home/airflow/.local/lib/python3.7/site-packages/airflow/example_dags/example_branch_python_dop_operator_3.py took 0.203 seconds
[2024-01-30T18:54:57.697+0000] {processor.py:154} INFO - Started process (PID=782) to work on /home/airflow/.local/lib/python3.7/site-packages/airflow/example_dags/example_branch_python_dop_operator_3.py
[2024-01-30T18:54:57.699+0000] {processor.py:756} INFO - Processing file /home/airflow/.local/lib/python3.7/site-packages/airflow/example_dags/example_branch_python_dop_operator_3.py for tasks to queue
[2024-01-30T18:54:57.701+0000] {logging_mixin.py:120} INFO - [2024-01-30T18:54:57.701+0000] {dagbag.py:537} INFO - Filling up the DagBag from /home/airflow/.local/lib/python3.7/site-packages/airflow/example_dags/example_branch_python_dop_operator_3.py
[2024-01-30T18:54:57.751+0000] {processor.py:766} INFO - DAG(s) dict_keys(['example_branch_dop_operator_v3']) retrieved from /home/airflow/.local/lib/python3.7/site-packages/airflow/example_dags/example_branch_python_dop_operator_3.py
[2024-01-30T18:54:57.857+0000] {logging_mixin.py:120} INFO - [2024-01-30T18:54:57.857+0000] {dag.py:2585} INFO - Sync 1 DAGs
[2024-01-30T18:54:57.901+0000] {logging_mixin.py:120} INFO - [2024-01-30T18:54:57.901+0000] {dag.py:3340} INFO - Setting next_dagrun for example_branch_dop_operator_v3 to 2024-01-30T18:53:00+00:00, run_after=2024-01-30T18:54:00+00:00
[2024-01-30T18:54:57.925+0000] {processor.py:176} INFO - Processing /home/airflow/.local/lib/python3.7/site-packages/airflow/example_dags/example_branch_python_dop_operator_3.py took 0.235 seconds
[2024-01-30T18:55:28.203+0000] {processor.py:154} INFO - Started process (PID=846) to work on /home/airflow/.local/lib/python3.7/site-packages/airflow/example_dags/example_branch_python_dop_operator_3.py
[2024-01-30T18:55:28.205+0000] {processor.py:756} INFO - Processing file /home/airflow/.local/lib/python3.7/site-packages/airflow/example_dags/example_branch_python_dop_operator_3.py for tasks to queue
[2024-01-30T18:55:28.208+0000] {logging_mixin.py:120} INFO - [2024-01-30T18:55:28.207+0000] {dagbag.py:537} INFO - Filling up the DagBag from /home/airflow/.local/lib/python3.7/site-packages/airflow/example_dags/example_branch_python_dop_operator_3.py
[2024-01-30T18:55:28.247+0000] {processor.py:766} INFO - DAG(s) dict_keys(['example_branch_dop_operator_v3']) retrieved from /home/airflow/.local/lib/python3.7/site-packages/airflow/example_dags/example_branch_python_dop_operator_3.py
[2024-01-30T18:55:28.311+0000] {logging_mixin.py:120} INFO - [2024-01-30T18:55:28.310+0000] {dag.py:2585} INFO - Sync 1 DAGs
[2024-01-30T18:55:28.350+0000] {logging_mixin.py:120} INFO - [2024-01-30T18:55:28.349+0000] {dag.py:3340} INFO - Setting next_dagrun for example_branch_dop_operator_v3 to 2024-01-30T18:54:00+00:00, run_after=2024-01-30T18:55:00+00:00
[2024-01-30T18:55:28.373+0000] {processor.py:176} INFO - Processing /home/airflow/.local/lib/python3.7/site-packages/airflow/example_dags/example_branch_python_dop_operator_3.py took 0.175 seconds
[2024-01-30T18:55:58.862+0000] {processor.py:154} INFO - Started process (PID=900) to work on /home/airflow/.local/lib/python3.7/site-packages/airflow/example_dags/example_branch_python_dop_operator_3.py
[2024-01-30T18:55:58.864+0000] {processor.py:756} INFO - Processing file /home/airflow/.local/lib/python3.7/site-packages/airflow/example_dags/example_branch_python_dop_operator_3.py for tasks to queue
[2024-01-30T18:55:58.865+0000] {logging_mixin.py:120} INFO - [2024-01-30T18:55:58.865+0000] {dagbag.py:537} INFO - Filling up the DagBag from /home/airflow/.local/lib/python3.7/site-packages/airflow/example_dags/example_branch_python_dop_operator_3.py
[2024-01-30T18:55:58.901+0000] {processor.py:766} INFO - DAG(s) dict_keys(['example_branch_dop_operator_v3']) retrieved from /home/airflow/.local/lib/python3.7/site-packages/airflow/example_dags/example_branch_python_dop_operator_3.py
[2024-01-30T18:55:58.950+0000] {logging_mixin.py:120} INFO - [2024-01-30T18:55:58.950+0000] {dag.py:2585} INFO - Sync 1 DAGs
[2024-01-30T18:55:58.988+0000] {logging_mixin.py:120} INFO - [2024-01-30T18:55:58.987+0000] {dag.py:3340} INFO - Setting next_dagrun for example_branch_dop_operator_v3 to 2024-01-30T18:54:00+00:00, run_after=2024-01-30T18:55:00+00:00
[2024-01-30T18:55:59.011+0000] {processor.py:176} INFO - Processing /home/airflow/.local/lib/python3.7/site-packages/airflow/example_dags/example_branch_python_dop_operator_3.py took 0.153 seconds
[2024-01-30T18:56:29.179+0000] {processor.py:154} INFO - Started process (PID=964) to work on /home/airflow/.local/lib/python3.7/site-packages/airflow/example_dags/example_branch_python_dop_operator_3.py
[2024-01-30T18:56:29.180+0000] {processor.py:756} INFO - Processing file /home/airflow/.local/lib/python3.7/site-packages/airflow/example_dags/example_branch_python_dop_operator_3.py for tasks to queue
[2024-01-30T18:56:29.181+0000] {logging_mixin.py:120} INFO - [2024-01-30T18:56:29.181+0000] {dagbag.py:537} INFO - Filling up the DagBag from /home/airflow/.local/lib/python3.7/site-packages/airflow/example_dags/example_branch_python_dop_operator_3.py
[2024-01-30T18:56:29.218+0000] {processor.py:766} INFO - DAG(s) dict_keys(['example_branch_dop_operator_v3']) retrieved from /home/airflow/.local/lib/python3.7/site-packages/airflow/example_dags/example_branch_python_dop_operator_3.py
[2024-01-30T18:56:29.284+0000] {logging_mixin.py:120} INFO - [2024-01-30T18:56:29.283+0000] {dag.py:2585} INFO - Sync 1 DAGs
[2024-01-30T18:56:29.330+0000] {logging_mixin.py:120} INFO - [2024-01-30T18:56:29.330+0000] {dag.py:3340} INFO - Setting next_dagrun for example_branch_dop_operator_v3 to 2024-01-30T18:55:00+00:00, run_after=2024-01-30T18:56:00+00:00
[2024-01-30T18:56:29.360+0000] {processor.py:176} INFO - Processing /home/airflow/.local/lib/python3.7/site-packages/airflow/example_dags/example_branch_python_dop_operator_3.py took 0.186 seconds
[2024-01-30T18:56:59.862+0000] {processor.py:154} INFO - Started process (PID=1028) to work on /home/airflow/.local/lib/python3.7/site-packages/airflow/example_dags/example_branch_python_dop_operator_3.py
[2024-01-30T18:56:59.864+0000] {processor.py:756} INFO - Processing file /home/airflow/.local/lib/python3.7/site-packages/airflow/example_dags/example_branch_python_dop_operator_3.py for tasks to queue
[2024-01-30T18:56:59.865+0000] {logging_mixin.py:120} INFO - [2024-01-30T18:56:59.865+0000] {dagbag.py:537} INFO - Filling up the DagBag from /home/airflow/.local/lib/python3.7/site-packages/airflow/example_dags/example_branch_python_dop_operator_3.py
[2024-01-30T18:56:59.901+0000] {processor.py:766} INFO - DAG(s) dict_keys(['example_branch_dop_operator_v3']) retrieved from /home/airflow/.local/lib/python3.7/site-packages/airflow/example_dags/example_branch_python_dop_operator_3.py
[2024-01-30T18:56:59.957+0000] {logging_mixin.py:120} INFO - [2024-01-30T18:56:59.957+0000] {dag.py:2585} INFO - Sync 1 DAGs
[2024-01-30T18:56:59.996+0000] {logging_mixin.py:120} INFO - [2024-01-30T18:56:59.996+0000] {dag.py:3340} INFO - Setting next_dagrun for example_branch_dop_operator_v3 to 2024-01-30T18:55:00+00:00, run_after=2024-01-30T18:56:00+00:00
[2024-01-30T18:57:00.021+0000] {processor.py:176} INFO - Processing /home/airflow/.local/lib/python3.7/site-packages/airflow/example_dags/example_branch_python_dop_operator_3.py took 0.165 seconds
[2024-01-30T18:57:30.335+0000] {processor.py:154} INFO - Started process (PID=1083) to work on /home/airflow/.local/lib/python3.7/site-packages/airflow/example_dags/example_branch_python_dop_operator_3.py
[2024-01-30T18:57:30.336+0000] {processor.py:756} INFO - Processing file /home/airflow/.local/lib/python3.7/site-packages/airflow/example_dags/example_branch_python_dop_operator_3.py for tasks to queue
[2024-01-30T18:57:30.338+0000] {logging_mixin.py:120} INFO - [2024-01-30T18:57:30.337+0000] {dagbag.py:537} INFO - Filling up the DagBag from /home/airflow/.local/lib/python3.7/site-packages/airflow/example_dags/example_branch_python_dop_operator_3.py
[2024-01-30T18:57:30.375+0000] {processor.py:766} INFO - DAG(s) dict_keys(['example_branch_dop_operator_v3']) retrieved from /home/airflow/.local/lib/python3.7/site-packages/airflow/example_dags/example_branch_python_dop_operator_3.py
[2024-01-30T18:57:30.452+0000] {logging_mixin.py:120} INFO - [2024-01-30T18:57:30.451+0000] {dag.py:2585} INFO - Sync 1 DAGs
[2024-01-30T18:57:30.513+0000] {logging_mixin.py:120} INFO - [2024-01-30T18:57:30.513+0000] {dag.py:3340} INFO - Setting next_dagrun for example_branch_dop_operator_v3 to 2024-01-30T18:56:00+00:00, run_after=2024-01-30T18:57:00+00:00
[2024-01-30T18:57:30.558+0000] {processor.py:176} INFO - Processing /home/airflow/.local/lib/python3.7/site-packages/airflow/example_dags/example_branch_python_dop_operator_3.py took 0.229 seconds
[2024-01-30T18:58:00.912+0000] {processor.py:154} INFO - Started process (PID=1147) to work on /home/airflow/.local/lib/python3.7/site-packages/airflow/example_dags/example_branch_python_dop_operator_3.py
[2024-01-30T18:58:00.914+0000] {processor.py:756} INFO - Processing file /home/airflow/.local/lib/python3.7/site-packages/airflow/example_dags/example_branch_python_dop_operator_3.py for tasks to queue
[2024-01-30T18:58:00.915+0000] {logging_mixin.py:120} INFO - [2024-01-30T18:58:00.915+0000] {dagbag.py:537} INFO - Filling up the DagBag from /home/airflow/.local/lib/python3.7/site-packages/airflow/example_dags/example_branch_python_dop_operator_3.py
[2024-01-30T18:58:00.948+0000] {processor.py:766} INFO - DAG(s) dict_keys(['example_branch_dop_operator_v3']) retrieved from /home/airflow/.local/lib/python3.7/site-packages/airflow/example_dags/example_branch_python_dop_operator_3.py
[2024-01-30T18:58:01.003+0000] {logging_mixin.py:120} INFO - [2024-01-30T18:58:01.003+0000] {dag.py:2585} INFO - Sync 1 DAGs
[2024-01-30T18:58:01.043+0000] {logging_mixin.py:120} INFO - [2024-01-30T18:58:01.043+0000] {dag.py:3340} INFO - Setting next_dagrun for example_branch_dop_operator_v3 to 2024-01-30T18:57:00+00:00, run_after=2024-01-30T18:58:00+00:00
[2024-01-30T18:58:01.071+0000] {processor.py:176} INFO - Processing /home/airflow/.local/lib/python3.7/site-packages/airflow/example_dags/example_branch_python_dop_operator_3.py took 0.165 seconds
[2024-01-30T18:58:31.385+0000] {processor.py:154} INFO - Started process (PID=1209) to work on /home/airflow/.local/lib/python3.7/site-packages/airflow/example_dags/example_branch_python_dop_operator_3.py
[2024-01-30T18:58:31.388+0000] {processor.py:756} INFO - Processing file /home/airflow/.local/lib/python3.7/site-packages/airflow/example_dags/example_branch_python_dop_operator_3.py for tasks to queue
[2024-01-30T18:58:31.404+0000] {logging_mixin.py:120} INFO - [2024-01-30T18:58:31.403+0000] {dagbag.py:537} INFO - Filling up the DagBag from /home/airflow/.local/lib/python3.7/site-packages/airflow/example_dags/example_branch_python_dop_operator_3.py
[2024-01-30T18:58:31.441+0000] {processor.py:766} INFO - DAG(s) dict_keys(['example_branch_dop_operator_v3']) retrieved from /home/airflow/.local/lib/python3.7/site-packages/airflow/example_dags/example_branch_python_dop_operator_3.py
[2024-01-30T18:58:31.497+0000] {logging_mixin.py:120} INFO - [2024-01-30T18:58:31.496+0000] {dag.py:2585} INFO - Sync 1 DAGs
[2024-01-30T18:58:31.536+0000] {logging_mixin.py:120} INFO - [2024-01-30T18:58:31.536+0000] {dag.py:3340} INFO - Setting next_dagrun for example_branch_dop_operator_v3 to 2024-01-30T18:57:00+00:00, run_after=2024-01-30T18:58:00+00:00
[2024-01-30T18:58:31.562+0000] {processor.py:176} INFO - Processing /home/airflow/.local/lib/python3.7/site-packages/airflow/example_dags/example_branch_python_dop_operator_3.py took 0.182 seconds
[2024-01-30T18:59:02.281+0000] {processor.py:154} INFO - Started process (PID=1266) to work on /home/airflow/.local/lib/python3.7/site-packages/airflow/example_dags/example_branch_python_dop_operator_3.py
[2024-01-30T18:59:02.282+0000] {processor.py:756} INFO - Processing file /home/airflow/.local/lib/python3.7/site-packages/airflow/example_dags/example_branch_python_dop_operator_3.py for tasks to queue
[2024-01-30T18:59:02.283+0000] {logging_mixin.py:120} INFO - [2024-01-30T18:59:02.283+0000] {dagbag.py:537} INFO - Filling up the DagBag from /home/airflow/.local/lib/python3.7/site-packages/airflow/example_dags/example_branch_python_dop_operator_3.py
[2024-01-30T18:59:02.316+0000] {processor.py:766} INFO - DAG(s) dict_keys(['example_branch_dop_operator_v3']) retrieved from /home/airflow/.local/lib/python3.7/site-packages/airflow/example_dags/example_branch_python_dop_operator_3.py
[2024-01-30T18:59:02.387+0000] {logging_mixin.py:120} INFO - [2024-01-30T18:59:02.387+0000] {dag.py:2585} INFO - Sync 1 DAGs
[2024-01-30T18:59:02.440+0000] {logging_mixin.py:120} INFO - [2024-01-30T18:59:02.440+0000] {dag.py:3340} INFO - Setting next_dagrun for example_branch_dop_operator_v3 to 2024-01-30T18:58:00+00:00, run_after=2024-01-30T18:59:00+00:00
[2024-01-30T18:59:02.471+0000] {processor.py:176} INFO - Processing /home/airflow/.local/lib/python3.7/site-packages/airflow/example_dags/example_branch_python_dop_operator_3.py took 0.208 seconds
[2024-01-30T18:59:32.640+0000] {processor.py:154} INFO - Started process (PID=1330) to work on /home/airflow/.local/lib/python3.7/site-packages/airflow/example_dags/example_branch_python_dop_operator_3.py
[2024-01-30T18:59:32.641+0000] {processor.py:756} INFO - Processing file /home/airflow/.local/lib/python3.7/site-packages/airflow/example_dags/example_branch_python_dop_operator_3.py for tasks to queue
[2024-01-30T18:59:32.642+0000] {logging_mixin.py:120} INFO - [2024-01-30T18:59:32.642+0000] {dagbag.py:537} INFO - Filling up the DagBag from /home/airflow/.local/lib/python3.7/site-packages/airflow/example_dags/example_branch_python_dop_operator_3.py
[2024-01-30T18:59:32.683+0000] {processor.py:766} INFO - DAG(s) dict_keys(['example_branch_dop_operator_v3']) retrieved from /home/airflow/.local/lib/python3.7/site-packages/airflow/example_dags/example_branch_python_dop_operator_3.py
[2024-01-30T18:59:32.756+0000] {logging_mixin.py:120} INFO - [2024-01-30T18:59:32.756+0000] {dag.py:2585} INFO - Sync 1 DAGs
[2024-01-30T18:59:32.809+0000] {logging_mixin.py:120} INFO - [2024-01-30T18:59:32.809+0000] {dag.py:3340} INFO - Setting next_dagrun for example_branch_dop_operator_v3 to 2024-01-30T18:58:00+00:00, run_after=2024-01-30T18:59:00+00:00
[2024-01-30T18:59:32.838+0000] {processor.py:176} INFO - Processing /home/airflow/.local/lib/python3.7/site-packages/airflow/example_dags/example_branch_python_dop_operator_3.py took 0.204 seconds
[2024-01-30T19:00:03.227+0000] {processor.py:154} INFO - Started process (PID=1385) to work on /home/airflow/.local/lib/python3.7/site-packages/airflow/example_dags/example_branch_python_dop_operator_3.py
[2024-01-30T19:00:03.229+0000] {processor.py:756} INFO - Processing file /home/airflow/.local/lib/python3.7/site-packages/airflow/example_dags/example_branch_python_dop_operator_3.py for tasks to queue
[2024-01-30T19:00:03.230+0000] {logging_mixin.py:120} INFO - [2024-01-30T19:00:03.230+0000] {dagbag.py:537} INFO - Filling up the DagBag from /home/airflow/.local/lib/python3.7/site-packages/airflow/example_dags/example_branch_python_dop_operator_3.py
[2024-01-30T19:00:03.266+0000] {processor.py:766} INFO - DAG(s) dict_keys(['example_branch_dop_operator_v3']) retrieved from /home/airflow/.local/lib/python3.7/site-packages/airflow/example_dags/example_branch_python_dop_operator_3.py
[2024-01-30T19:00:03.339+0000] {logging_mixin.py:120} INFO - [2024-01-30T19:00:03.338+0000] {dag.py:2585} INFO - Sync 1 DAGs
[2024-01-30T19:00:03.383+0000] {logging_mixin.py:120} INFO - [2024-01-30T19:00:03.383+0000] {dag.py:3340} INFO - Setting next_dagrun for example_branch_dop_operator_v3 to 2024-01-30T18:59:00+00:00, run_after=2024-01-30T19:00:00+00:00
[2024-01-30T19:00:03.415+0000] {processor.py:176} INFO - Processing /home/airflow/.local/lib/python3.7/site-packages/airflow/example_dags/example_branch_python_dop_operator_3.py took 0.193 seconds
[2024-01-30T19:00:33.680+0000] {processor.py:154} INFO - Started process (PID=1449) to work on /home/airflow/.local/lib/python3.7/site-packages/airflow/example_dags/example_branch_python_dop_operator_3.py
[2024-01-30T19:00:33.681+0000] {processor.py:756} INFO - Processing file /home/airflow/.local/lib/python3.7/site-packages/airflow/example_dags/example_branch_python_dop_operator_3.py for tasks to queue
[2024-01-30T19:00:33.682+0000] {logging_mixin.py:120} INFO - [2024-01-30T19:00:33.682+0000] {dagbag.py:537} INFO - Filling up the DagBag from /home/airflow/.local/lib/python3.7/site-packages/airflow/example_dags/example_branch_python_dop_operator_3.py
[2024-01-30T19:00:33.711+0000] {processor.py:766} INFO - DAG(s) dict_keys(['example_branch_dop_operator_v3']) retrieved from /home/airflow/.local/lib/python3.7/site-packages/airflow/example_dags/example_branch_python_dop_operator_3.py
[2024-01-30T19:00:33.761+0000] {logging_mixin.py:120} INFO - [2024-01-30T19:00:33.761+0000] {dag.py:2585} INFO - Sync 1 DAGs
[2024-01-30T19:00:33.800+0000] {logging_mixin.py:120} INFO - [2024-01-30T19:00:33.799+0000] {dag.py:3340} INFO - Setting next_dagrun for example_branch_dop_operator_v3 to 2024-01-30T18:59:00+00:00, run_after=2024-01-30T19:00:00+00:00
[2024-01-30T19:00:33.825+0000] {processor.py:176} INFO - Processing /home/airflow/.local/lib/python3.7/site-packages/airflow/example_dags/example_branch_python_dop_operator_3.py took 0.150 seconds
[2024-01-30T19:01:04.214+0000] {processor.py:154} INFO - Started process (PID=1505) to work on /home/airflow/.local/lib/python3.7/site-packages/airflow/example_dags/example_branch_python_dop_operator_3.py
[2024-01-30T19:01:04.216+0000] {processor.py:756} INFO - Processing file /home/airflow/.local/lib/python3.7/site-packages/airflow/example_dags/example_branch_python_dop_operator_3.py for tasks to queue
[2024-01-30T19:01:04.217+0000] {logging_mixin.py:120} INFO - [2024-01-30T19:01:04.217+0000] {dagbag.py:537} INFO - Filling up the DagBag from /home/airflow/.local/lib/python3.7/site-packages/airflow/example_dags/example_branch_python_dop_operator_3.py
[2024-01-30T19:01:04.253+0000] {processor.py:766} INFO - DAG(s) dict_keys(['example_branch_dop_operator_v3']) retrieved from /home/airflow/.local/lib/python3.7/site-packages/airflow/example_dags/example_branch_python_dop_operator_3.py
[2024-01-30T19:01:04.313+0000] {logging_mixin.py:120} INFO - [2024-01-30T19:01:04.313+0000] {dag.py:2585} INFO - Sync 1 DAGs
[2024-01-30T19:01:04.356+0000] {logging_mixin.py:120} INFO - [2024-01-30T19:01:04.356+0000] {dag.py:3340} INFO - Setting next_dagrun for example_branch_dop_operator_v3 to 2024-01-30T19:00:00+00:00, run_after=2024-01-30T19:01:00+00:00
[2024-01-30T19:01:04.382+0000] {processor.py:176} INFO - Processing /home/airflow/.local/lib/python3.7/site-packages/airflow/example_dags/example_branch_python_dop_operator_3.py took 0.172 seconds
[2024-01-30T19:01:35.553+0000] {processor.py:154} INFO - Started process (PID=1569) to work on /home/airflow/.local/lib/python3.7/site-packages/airflow/example_dags/example_branch_python_dop_operator_3.py
[2024-01-30T19:01:35.554+0000] {processor.py:756} INFO - Processing file /home/airflow/.local/lib/python3.7/site-packages/airflow/example_dags/example_branch_python_dop_operator_3.py for tasks to queue
[2024-01-30T19:01:35.556+0000] {logging_mixin.py:120} INFO - [2024-01-30T19:01:35.556+0000] {dagbag.py:537} INFO - Filling up the DagBag from /home/airflow/.local/lib/python3.7/site-packages/airflow/example_dags/example_branch_python_dop_operator_3.py
[2024-01-30T19:01:35.594+0000] {processor.py:766} INFO - DAG(s) dict_keys(['example_branch_dop_operator_v3']) retrieved from /home/airflow/.local/lib/python3.7/site-packages/airflow/example_dags/example_branch_python_dop_operator_3.py
[2024-01-30T19:01:35.683+0000] {logging_mixin.py:120} INFO - [2024-01-30T19:01:35.682+0000] {dag.py:2585} INFO - Sync 1 DAGs
[2024-01-30T19:01:35.739+0000] {logging_mixin.py:120} INFO - [2024-01-30T19:01:35.739+0000] {dag.py:3340} INFO - Setting next_dagrun for example_branch_dop_operator_v3 to 2024-01-30T19:00:00+00:00, run_after=2024-01-30T19:01:00+00:00
[2024-01-30T19:01:35.777+0000] {processor.py:176} INFO - Processing /home/airflow/.local/lib/python3.7/site-packages/airflow/example_dags/example_branch_python_dop_operator_3.py took 0.231 seconds
[2024-01-30T19:02:06.439+0000] {processor.py:154} INFO - Started process (PID=1633) to work on /home/airflow/.local/lib/python3.7/site-packages/airflow/example_dags/example_branch_python_dop_operator_3.py
[2024-01-30T19:02:06.440+0000] {processor.py:756} INFO - Processing file /home/airflow/.local/lib/python3.7/site-packages/airflow/example_dags/example_branch_python_dop_operator_3.py for tasks to queue
[2024-01-30T19:02:06.442+0000] {logging_mixin.py:120} INFO - [2024-01-30T19:02:06.441+0000] {dagbag.py:537} INFO - Filling up the DagBag from /home/airflow/.local/lib/python3.7/site-packages/airflow/example_dags/example_branch_python_dop_operator_3.py
[2024-01-30T19:02:06.482+0000] {processor.py:766} INFO - DAG(s) dict_keys(['example_branch_dop_operator_v3']) retrieved from /home/airflow/.local/lib/python3.7/site-packages/airflow/example_dags/example_branch_python_dop_operator_3.py
[2024-01-30T19:02:06.537+0000] {logging_mixin.py:120} INFO - [2024-01-30T19:02:06.537+0000] {dag.py:2585} INFO - Sync 1 DAGs
[2024-01-30T19:02:06.575+0000] {logging_mixin.py:120} INFO - [2024-01-30T19:02:06.575+0000] {dag.py:3340} INFO - Setting next_dagrun for example_branch_dop_operator_v3 to 2024-01-30T19:01:00+00:00, run_after=2024-01-30T19:02:00+00:00
[2024-01-30T19:02:06.600+0000] {processor.py:176} INFO - Processing /home/airflow/.local/lib/python3.7/site-packages/airflow/example_dags/example_branch_python_dop_operator_3.py took 0.166 seconds
[2024-01-30T19:02:37.361+0000] {processor.py:154} INFO - Started process (PID=1688) to work on /home/airflow/.local/lib/python3.7/site-packages/airflow/example_dags/example_branch_python_dop_operator_3.py
[2024-01-30T19:02:37.364+0000] {processor.py:756} INFO - Processing file /home/airflow/.local/lib/python3.7/site-packages/airflow/example_dags/example_branch_python_dop_operator_3.py for tasks to queue
[2024-01-30T19:02:37.366+0000] {logging_mixin.py:120} INFO - [2024-01-30T19:02:37.366+0000] {dagbag.py:537} INFO - Filling up the DagBag from /home/airflow/.local/lib/python3.7/site-packages/airflow/example_dags/example_branch_python_dop_operator_3.py
[2024-01-30T19:02:37.420+0000] {processor.py:766} INFO - DAG(s) dict_keys(['example_branch_dop_operator_v3']) retrieved from /home/airflow/.local/lib/python3.7/site-packages/airflow/example_dags/example_branch_python_dop_operator_3.py
[2024-01-30T19:02:37.509+0000] {logging_mixin.py:120} INFO - [2024-01-30T19:02:37.508+0000] {dag.py:2585} INFO - Sync 1 DAGs
[2024-01-30T19:02:37.578+0000] {logging_mixin.py:120} INFO - [2024-01-30T19:02:37.578+0000] {dag.py:3340} INFO - Setting next_dagrun for example_branch_dop_operator_v3 to 2024-01-30T19:01:00+00:00, run_after=2024-01-30T19:02:00+00:00
[2024-01-30T19:02:37.622+0000] {processor.py:176} INFO - Processing /home/airflow/.local/lib/python3.7/site-packages/airflow/example_dags/example_branch_python_dop_operator_3.py took 0.268 seconds
[2024-01-30T19:03:07.773+0000] {processor.py:154} INFO - Started process (PID=1753) to work on /home/airflow/.local/lib/python3.7/site-packages/airflow/example_dags/example_branch_python_dop_operator_3.py
[2024-01-30T19:03:07.775+0000] {processor.py:756} INFO - Processing file /home/airflow/.local/lib/python3.7/site-packages/airflow/example_dags/example_branch_python_dop_operator_3.py for tasks to queue
[2024-01-30T19:03:07.777+0000] {logging_mixin.py:120} INFO - [2024-01-30T19:03:07.776+0000] {dagbag.py:537} INFO - Filling up the DagBag from /home/airflow/.local/lib/python3.7/site-packages/airflow/example_dags/example_branch_python_dop_operator_3.py
[2024-01-30T19:03:07.821+0000] {processor.py:766} INFO - DAG(s) dict_keys(['example_branch_dop_operator_v3']) retrieved from /home/airflow/.local/lib/python3.7/site-packages/airflow/example_dags/example_branch_python_dop_operator_3.py
[2024-01-30T19:03:07.884+0000] {logging_mixin.py:120} INFO - [2024-01-30T19:03:07.884+0000] {dag.py:2585} INFO - Sync 1 DAGs
[2024-01-30T19:03:07.943+0000] {logging_mixin.py:120} INFO - [2024-01-30T19:03:07.943+0000] {dag.py:3340} INFO - Setting next_dagrun for example_branch_dop_operator_v3 to 2024-01-30T19:02:00+00:00, run_after=2024-01-30T19:03:00+00:00
[2024-01-30T19:03:07.970+0000] {processor.py:176} INFO - Processing /home/airflow/.local/lib/python3.7/site-packages/airflow/example_dags/example_branch_python_dop_operator_3.py took 0.202 seconds
[2024-01-30T19:03:38.167+0000] {processor.py:154} INFO - Started process (PID=1817) to work on /home/airflow/.local/lib/python3.7/site-packages/airflow/example_dags/example_branch_python_dop_operator_3.py
[2024-01-30T19:03:38.168+0000] {processor.py:756} INFO - Processing file /home/airflow/.local/lib/python3.7/site-packages/airflow/example_dags/example_branch_python_dop_operator_3.py for tasks to queue
[2024-01-30T19:03:38.170+0000] {logging_mixin.py:120} INFO - [2024-01-30T19:03:38.170+0000] {dagbag.py:537} INFO - Filling up the DagBag from /home/airflow/.local/lib/python3.7/site-packages/airflow/example_dags/example_branch_python_dop_operator_3.py
[2024-01-30T19:03:38.227+0000] {processor.py:766} INFO - DAG(s) dict_keys(['example_branch_dop_operator_v3']) retrieved from /home/airflow/.local/lib/python3.7/site-packages/airflow/example_dags/example_branch_python_dop_operator_3.py
[2024-01-30T19:03:38.289+0000] {logging_mixin.py:120} INFO - [2024-01-30T19:03:38.289+0000] {dag.py:2585} INFO - Sync 1 DAGs
[2024-01-30T19:03:38.327+0000] {logging_mixin.py:120} INFO - [2024-01-30T19:03:38.327+0000] {dag.py:3340} INFO - Setting next_dagrun for example_branch_dop_operator_v3 to 2024-01-30T19:02:00+00:00, run_after=2024-01-30T19:03:00+00:00
[2024-01-30T19:03:38.351+0000] {processor.py:176} INFO - Processing /home/airflow/.local/lib/python3.7/site-packages/airflow/example_dags/example_branch_python_dop_operator_3.py took 0.191 seconds
[2024-01-30T19:04:09.032+0000] {processor.py:154} INFO - Started process (PID=1871) to work on /home/airflow/.local/lib/python3.7/site-packages/airflow/example_dags/example_branch_python_dop_operator_3.py
[2024-01-30T19:04:09.033+0000] {processor.py:756} INFO - Processing file /home/airflow/.local/lib/python3.7/site-packages/airflow/example_dags/example_branch_python_dop_operator_3.py for tasks to queue
[2024-01-30T19:04:09.035+0000] {logging_mixin.py:120} INFO - [2024-01-30T19:04:09.035+0000] {dagbag.py:537} INFO - Filling up the DagBag from /home/airflow/.local/lib/python3.7/site-packages/airflow/example_dags/example_branch_python_dop_operator_3.py
[2024-01-30T19:04:09.079+0000] {processor.py:766} INFO - DAG(s) dict_keys(['example_branch_dop_operator_v3']) retrieved from /home/airflow/.local/lib/python3.7/site-packages/airflow/example_dags/example_branch_python_dop_operator_3.py
[2024-01-30T19:04:09.165+0000] {logging_mixin.py:120} INFO - [2024-01-30T19:04:09.165+0000] {dag.py:2585} INFO - Sync 1 DAGs
[2024-01-30T19:04:09.233+0000] {logging_mixin.py:120} INFO - [2024-01-30T19:04:09.233+0000] {dag.py:3340} INFO - Setting next_dagrun for example_branch_dop_operator_v3 to 2024-01-30T19:03:00+00:00, run_after=2024-01-30T19:04:00+00:00
[2024-01-30T19:04:09.272+0000] {processor.py:176} INFO - Processing /home/airflow/.local/lib/python3.7/site-packages/airflow/example_dags/example_branch_python_dop_operator_3.py took 0.246 seconds
[2024-01-30T19:04:39.496+0000] {processor.py:154} INFO - Started process (PID=1935) to work on /home/airflow/.local/lib/python3.7/site-packages/airflow/example_dags/example_branch_python_dop_operator_3.py
[2024-01-30T19:04:39.498+0000] {processor.py:756} INFO - Processing file /home/airflow/.local/lib/python3.7/site-packages/airflow/example_dags/example_branch_python_dop_operator_3.py for tasks to queue
[2024-01-30T19:04:39.500+0000] {logging_mixin.py:120} INFO - [2024-01-30T19:04:39.500+0000] {dagbag.py:537} INFO - Filling up the DagBag from /home/airflow/.local/lib/python3.7/site-packages/airflow/example_dags/example_branch_python_dop_operator_3.py
[2024-01-30T19:04:39.541+0000] {processor.py:766} INFO - DAG(s) dict_keys(['example_branch_dop_operator_v3']) retrieved from /home/airflow/.local/lib/python3.7/site-packages/airflow/example_dags/example_branch_python_dop_operator_3.py
[2024-01-30T19:04:39.608+0000] {logging_mixin.py:120} INFO - [2024-01-30T19:04:39.608+0000] {dag.py:2585} INFO - Sync 1 DAGs
[2024-01-30T19:04:39.671+0000] {logging_mixin.py:120} INFO - [2024-01-30T19:04:39.671+0000] {dag.py:3340} INFO - Setting next_dagrun for example_branch_dop_operator_v3 to 2024-01-30T19:03:00+00:00, run_after=2024-01-30T19:04:00+00:00
[2024-01-30T19:04:39.704+0000] {processor.py:176} INFO - Processing /home/airflow/.local/lib/python3.7/site-packages/airflow/example_dags/example_branch_python_dop_operator_3.py took 0.213 seconds
[2024-01-30T19:05:09.872+0000] {processor.py:154} INFO - Started process (PID=1999) to work on /home/airflow/.local/lib/python3.7/site-packages/airflow/example_dags/example_branch_python_dop_operator_3.py
[2024-01-30T19:05:09.874+0000] {processor.py:756} INFO - Processing file /home/airflow/.local/lib/python3.7/site-packages/airflow/example_dags/example_branch_python_dop_operator_3.py for tasks to queue
[2024-01-30T19:05:09.875+0000] {logging_mixin.py:120} INFO - [2024-01-30T19:05:09.875+0000] {dagbag.py:537} INFO - Filling up the DagBag from /home/airflow/.local/lib/python3.7/site-packages/airflow/example_dags/example_branch_python_dop_operator_3.py
[2024-01-30T19:05:09.924+0000] {processor.py:766} INFO - DAG(s) dict_keys(['example_branch_dop_operator_v3']) retrieved from /home/airflow/.local/lib/python3.7/site-packages/airflow/example_dags/example_branch_python_dop_operator_3.py
[2024-01-30T19:05:10.007+0000] {logging_mixin.py:120} INFO - [2024-01-30T19:05:10.007+0000] {dag.py:2585} INFO - Sync 1 DAGs
[2024-01-30T19:05:10.068+0000] {logging_mixin.py:120} INFO - [2024-01-30T19:05:10.068+0000] {dag.py:3340} INFO - Setting next_dagrun for example_branch_dop_operator_v3 to 2024-01-30T19:04:00+00:00, run_after=2024-01-30T19:05:00+00:00
[2024-01-30T19:05:10.109+0000] {processor.py:176} INFO - Processing /home/airflow/.local/lib/python3.7/site-packages/airflow/example_dags/example_branch_python_dop_operator_3.py took 0.242 seconds
[2024-01-30T19:05:40.338+0000] {processor.py:154} INFO - Started process (PID=2055) to work on /home/airflow/.local/lib/python3.7/site-packages/airflow/example_dags/example_branch_python_dop_operator_3.py
[2024-01-30T19:05:40.339+0000] {processor.py:756} INFO - Processing file /home/airflow/.local/lib/python3.7/site-packages/airflow/example_dags/example_branch_python_dop_operator_3.py for tasks to queue
[2024-01-30T19:05:40.340+0000] {logging_mixin.py:120} INFO - [2024-01-30T19:05:40.340+0000] {dagbag.py:537} INFO - Filling up the DagBag from /home/airflow/.local/lib/python3.7/site-packages/airflow/example_dags/example_branch_python_dop_operator_3.py
[2024-01-30T19:05:40.373+0000] {processor.py:766} INFO - DAG(s) dict_keys(['example_branch_dop_operator_v3']) retrieved from /home/airflow/.local/lib/python3.7/site-packages/airflow/example_dags/example_branch_python_dop_operator_3.py
[2024-01-30T19:05:40.429+0000] {logging_mixin.py:120} INFO - [2024-01-30T19:05:40.429+0000] {dag.py:2585} INFO - Sync 1 DAGs
[2024-01-30T19:05:40.473+0000] {logging_mixin.py:120} INFO - [2024-01-30T19:05:40.473+0000] {dag.py:3340} INFO - Setting next_dagrun for example_branch_dop_operator_v3 to 2024-01-30T19:04:00+00:00, run_after=2024-01-30T19:05:00+00:00
[2024-01-30T19:05:40.502+0000] {processor.py:176} INFO - Processing /home/airflow/.local/lib/python3.7/site-packages/airflow/example_dags/example_branch_python_dop_operator_3.py took 0.169 seconds
[2024-01-30T19:06:10.991+0000] {processor.py:154} INFO - Started process (PID=2119) to work on /home/airflow/.local/lib/python3.7/site-packages/airflow/example_dags/example_branch_python_dop_operator_3.py
[2024-01-30T19:06:10.993+0000] {processor.py:756} INFO - Processing file /home/airflow/.local/lib/python3.7/site-packages/airflow/example_dags/example_branch_python_dop_operator_3.py for tasks to queue
[2024-01-30T19:06:10.994+0000] {logging_mixin.py:120} INFO - [2024-01-30T19:06:10.994+0000] {dagbag.py:537} INFO - Filling up the DagBag from /home/airflow/.local/lib/python3.7/site-packages/airflow/example_dags/example_branch_python_dop_operator_3.py
[2024-01-30T19:06:11.036+0000] {processor.py:766} INFO - DAG(s) dict_keys(['example_branch_dop_operator_v3']) retrieved from /home/airflow/.local/lib/python3.7/site-packages/airflow/example_dags/example_branch_python_dop_operator_3.py
[2024-01-30T19:06:11.105+0000] {logging_mixin.py:120} INFO - [2024-01-30T19:06:11.105+0000] {dag.py:2585} INFO - Sync 1 DAGs
[2024-01-30T19:06:11.156+0000] {logging_mixin.py:120} INFO - [2024-01-30T19:06:11.155+0000] {dag.py:3340} INFO - Setting next_dagrun for example_branch_dop_operator_v3 to 2024-01-30T19:05:00+00:00, run_after=2024-01-30T19:06:00+00:00
[2024-01-30T19:06:11.190+0000] {processor.py:176} INFO - Processing /home/airflow/.local/lib/python3.7/site-packages/airflow/example_dags/example_branch_python_dop_operator_3.py took 0.207 seconds
[2024-01-30T19:06:41.342+0000] {processor.py:154} INFO - Started process (PID=2176) to work on /home/airflow/.local/lib/python3.7/site-packages/airflow/example_dags/example_branch_python_dop_operator_3.py
[2024-01-30T19:06:41.345+0000] {processor.py:756} INFO - Processing file /home/airflow/.local/lib/python3.7/site-packages/airflow/example_dags/example_branch_python_dop_operator_3.py for tasks to queue
[2024-01-30T19:06:41.347+0000] {logging_mixin.py:120} INFO - [2024-01-30T19:06:41.346+0000] {dagbag.py:537} INFO - Filling up the DagBag from /home/airflow/.local/lib/python3.7/site-packages/airflow/example_dags/example_branch_python_dop_operator_3.py
[2024-01-30T19:06:41.405+0000] {processor.py:766} INFO - DAG(s) dict_keys(['example_branch_dop_operator_v3']) retrieved from /home/airflow/.local/lib/python3.7/site-packages/airflow/example_dags/example_branch_python_dop_operator_3.py
[2024-01-30T19:06:41.470+0000] {logging_mixin.py:120} INFO - [2024-01-30T19:06:41.469+0000] {dag.py:2585} INFO - Sync 1 DAGs
[2024-01-30T19:06:41.518+0000] {logging_mixin.py:120} INFO - [2024-01-30T19:06:41.518+0000] {dag.py:3340} INFO - Setting next_dagrun for example_branch_dop_operator_v3 to 2024-01-30T19:05:00+00:00, run_after=2024-01-30T19:06:00+00:00
[2024-01-30T19:06:41.550+0000] {processor.py:176} INFO - Processing /home/airflow/.local/lib/python3.7/site-packages/airflow/example_dags/example_branch_python_dop_operator_3.py took 0.215 seconds
[2024-01-30T19:07:11.767+0000] {processor.py:154} INFO - Started process (PID=2240) to work on /home/airflow/.local/lib/python3.7/site-packages/airflow/example_dags/example_branch_python_dop_operator_3.py
[2024-01-30T19:07:11.769+0000] {processor.py:756} INFO - Processing file /home/airflow/.local/lib/python3.7/site-packages/airflow/example_dags/example_branch_python_dop_operator_3.py for tasks to queue
[2024-01-30T19:07:11.772+0000] {logging_mixin.py:120} INFO - [2024-01-30T19:07:11.771+0000] {dagbag.py:537} INFO - Filling up the DagBag from /home/airflow/.local/lib/python3.7/site-packages/airflow/example_dags/example_branch_python_dop_operator_3.py
[2024-01-30T19:07:11.815+0000] {processor.py:766} INFO - DAG(s) dict_keys(['example_branch_dop_operator_v3']) retrieved from /home/airflow/.local/lib/python3.7/site-packages/airflow/example_dags/example_branch_python_dop_operator_3.py
[2024-01-30T19:07:11.889+0000] {logging_mixin.py:120} INFO - [2024-01-30T19:07:11.889+0000] {dag.py:2585} INFO - Sync 1 DAGs
[2024-01-30T19:07:11.981+0000] {logging_mixin.py:120} INFO - [2024-01-30T19:07:11.981+0000] {dag.py:3340} INFO - Setting next_dagrun for example_branch_dop_operator_v3 to 2024-01-30T19:06:00+00:00, run_after=2024-01-30T19:07:00+00:00
[2024-01-30T19:07:12.027+0000] {processor.py:176} INFO - Processing /home/airflow/.local/lib/python3.7/site-packages/airflow/example_dags/example_branch_python_dop_operator_3.py took 0.266 seconds
[2024-01-30T19:07:42.147+0000] {processor.py:154} INFO - Started process (PID=2303) to work on /home/airflow/.local/lib/python3.7/site-packages/airflow/example_dags/example_branch_python_dop_operator_3.py
[2024-01-30T19:07:42.149+0000] {processor.py:756} INFO - Processing file /home/airflow/.local/lib/python3.7/site-packages/airflow/example_dags/example_branch_python_dop_operator_3.py for tasks to queue
[2024-01-30T19:07:42.150+0000] {logging_mixin.py:120} INFO - [2024-01-30T19:07:42.150+0000] {dagbag.py:537} INFO - Filling up the DagBag from /home/airflow/.local/lib/python3.7/site-packages/airflow/example_dags/example_branch_python_dop_operator_3.py
[2024-01-30T19:07:42.190+0000] {processor.py:766} INFO - DAG(s) dict_keys(['example_branch_dop_operator_v3']) retrieved from /home/airflow/.local/lib/python3.7/site-packages/airflow/example_dags/example_branch_python_dop_operator_3.py
[2024-01-30T19:07:42.257+0000] {logging_mixin.py:120} INFO - [2024-01-30T19:07:42.257+0000] {dag.py:2585} INFO - Sync 1 DAGs
[2024-01-30T19:07:42.331+0000] {logging_mixin.py:120} INFO - [2024-01-30T19:07:42.331+0000] {dag.py:3340} INFO - Setting next_dagrun for example_branch_dop_operator_v3 to 2024-01-30T19:06:00+00:00, run_after=2024-01-30T19:07:00+00:00
[2024-01-30T19:07:42.366+0000] {processor.py:176} INFO - Processing /home/airflow/.local/lib/python3.7/site-packages/airflow/example_dags/example_branch_python_dop_operator_3.py took 0.225 seconds
[2024-01-30T19:08:12.654+0000] {processor.py:154} INFO - Started process (PID=2358) to work on /home/airflow/.local/lib/python3.7/site-packages/airflow/example_dags/example_branch_python_dop_operator_3.py
[2024-01-30T19:08:12.658+0000] {processor.py:756} INFO - Processing file /home/airflow/.local/lib/python3.7/site-packages/airflow/example_dags/example_branch_python_dop_operator_3.py for tasks to queue
[2024-01-30T19:08:12.662+0000] {logging_mixin.py:120} INFO - [2024-01-30T19:08:12.660+0000] {dagbag.py:537} INFO - Filling up the DagBag from /home/airflow/.local/lib/python3.7/site-packages/airflow/example_dags/example_branch_python_dop_operator_3.py
[2024-01-30T19:08:12.730+0000] {processor.py:766} INFO - DAG(s) dict_keys(['example_branch_dop_operator_v3']) retrieved from /home/airflow/.local/lib/python3.7/site-packages/airflow/example_dags/example_branch_python_dop_operator_3.py
[2024-01-30T19:08:12.832+0000] {logging_mixin.py:120} INFO - [2024-01-30T19:08:12.831+0000] {dag.py:2585} INFO - Sync 1 DAGs
[2024-01-30T19:08:12.895+0000] {logging_mixin.py:120} INFO - [2024-01-30T19:08:12.895+0000] {dag.py:3340} INFO - Setting next_dagrun for example_branch_dop_operator_v3 to 2024-01-30T19:07:00+00:00, run_after=2024-01-30T19:08:00+00:00
[2024-01-30T19:08:12.940+0000] {processor.py:176} INFO - Processing /home/airflow/.local/lib/python3.7/site-packages/airflow/example_dags/example_branch_python_dop_operator_3.py took 0.293 seconds
[2024-01-30T19:08:43.427+0000] {processor.py:154} INFO - Started process (PID=2424) to work on /home/airflow/.local/lib/python3.7/site-packages/airflow/example_dags/example_branch_python_dop_operator_3.py
[2024-01-30T19:08:43.430+0000] {processor.py:756} INFO - Processing file /home/airflow/.local/lib/python3.7/site-packages/airflow/example_dags/example_branch_python_dop_operator_3.py for tasks to queue
[2024-01-30T19:08:43.434+0000] {logging_mixin.py:120} INFO - [2024-01-30T19:08:43.434+0000] {dagbag.py:537} INFO - Filling up the DagBag from /home/airflow/.local/lib/python3.7/site-packages/airflow/example_dags/example_branch_python_dop_operator_3.py
[2024-01-30T19:08:43.499+0000] {processor.py:766} INFO - DAG(s) dict_keys(['example_branch_dop_operator_v3']) retrieved from /home/airflow/.local/lib/python3.7/site-packages/airflow/example_dags/example_branch_python_dop_operator_3.py
[2024-01-30T19:08:43.646+0000] {logging_mixin.py:120} INFO - [2024-01-30T19:08:43.645+0000] {dag.py:2585} INFO - Sync 1 DAGs
[2024-01-30T19:08:43.789+0000] {logging_mixin.py:120} INFO - [2024-01-30T19:08:43.789+0000] {dag.py:3340} INFO - Setting next_dagrun for example_branch_dop_operator_v3 to 2024-01-30T19:07:00+00:00, run_after=2024-01-30T19:08:00+00:00
[2024-01-30T19:08:43.833+0000] {processor.py:176} INFO - Processing /home/airflow/.local/lib/python3.7/site-packages/airflow/example_dags/example_branch_python_dop_operator_3.py took 0.414 seconds
[2024-01-30T19:09:14.628+0000] {processor.py:154} INFO - Started process (PID=2480) to work on /home/airflow/.local/lib/python3.7/site-packages/airflow/example_dags/example_branch_python_dop_operator_3.py
[2024-01-30T19:09:14.630+0000] {processor.py:756} INFO - Processing file /home/airflow/.local/lib/python3.7/site-packages/airflow/example_dags/example_branch_python_dop_operator_3.py for tasks to queue
[2024-01-30T19:09:14.631+0000] {logging_mixin.py:120} INFO - [2024-01-30T19:09:14.631+0000] {dagbag.py:537} INFO - Filling up the DagBag from /home/airflow/.local/lib/python3.7/site-packages/airflow/example_dags/example_branch_python_dop_operator_3.py
[2024-01-30T19:09:14.670+0000] {processor.py:766} INFO - DAG(s) dict_keys(['example_branch_dop_operator_v3']) retrieved from /home/airflow/.local/lib/python3.7/site-packages/airflow/example_dags/example_branch_python_dop_operator_3.py
[2024-01-30T19:09:14.736+0000] {logging_mixin.py:120} INFO - [2024-01-30T19:09:14.735+0000] {dag.py:2585} INFO - Sync 1 DAGs
[2024-01-30T19:09:14.780+0000] {logging_mixin.py:120} INFO - [2024-01-30T19:09:14.780+0000] {dag.py:3340} INFO - Setting next_dagrun for example_branch_dop_operator_v3 to 2024-01-30T19:08:00+00:00, run_after=2024-01-30T19:09:00+00:00
[2024-01-30T19:09:14.811+0000] {processor.py:176} INFO - Processing /home/airflow/.local/lib/python3.7/site-packages/airflow/example_dags/example_branch_python_dop_operator_3.py took 0.189 seconds
[2024-01-30T19:09:45.197+0000] {processor.py:154} INFO - Started process (PID=2549) to work on /home/airflow/.local/lib/python3.7/site-packages/airflow/example_dags/example_branch_python_dop_operator_3.py
[2024-01-30T19:09:45.199+0000] {processor.py:756} INFO - Processing file /home/airflow/.local/lib/python3.7/site-packages/airflow/example_dags/example_branch_python_dop_operator_3.py for tasks to queue
[2024-01-30T19:09:45.200+0000] {logging_mixin.py:120} INFO - [2024-01-30T19:09:45.200+0000] {dagbag.py:537} INFO - Filling up the DagBag from /home/airflow/.local/lib/python3.7/site-packages/airflow/example_dags/example_branch_python_dop_operator_3.py
[2024-01-30T19:09:45.265+0000] {processor.py:766} INFO - DAG(s) dict_keys(['example_branch_dop_operator_v3']) retrieved from /home/airflow/.local/lib/python3.7/site-packages/airflow/example_dags/example_branch_python_dop_operator_3.py
[2024-01-30T19:09:45.372+0000] {logging_mixin.py:120} INFO - [2024-01-30T19:09:45.371+0000] {dag.py:2585} INFO - Sync 1 DAGs
[2024-01-30T19:09:45.462+0000] {logging_mixin.py:120} INFO - [2024-01-30T19:09:45.462+0000] {dag.py:3340} INFO - Setting next_dagrun for example_branch_dop_operator_v3 to 2024-01-30T19:08:00+00:00, run_after=2024-01-30T19:09:00+00:00
[2024-01-30T19:09:45.563+0000] {processor.py:176} INFO - Processing /home/airflow/.local/lib/python3.7/site-packages/airflow/example_dags/example_branch_python_dop_operator_3.py took 0.373 seconds
[2024-01-30T19:10:15.948+0000] {processor.py:154} INFO - Started process (PID=2613) to work on /home/airflow/.local/lib/python3.7/site-packages/airflow/example_dags/example_branch_python_dop_operator_3.py
[2024-01-30T19:10:15.951+0000] {processor.py:756} INFO - Processing file /home/airflow/.local/lib/python3.7/site-packages/airflow/example_dags/example_branch_python_dop_operator_3.py for tasks to queue
[2024-01-30T19:10:15.954+0000] {logging_mixin.py:120} INFO - [2024-01-30T19:10:15.954+0000] {dagbag.py:537} INFO - Filling up the DagBag from /home/airflow/.local/lib/python3.7/site-packages/airflow/example_dags/example_branch_python_dop_operator_3.py
[2024-01-30T19:10:16.006+0000] {processor.py:766} INFO - DAG(s) dict_keys(['example_branch_dop_operator_v3']) retrieved from /home/airflow/.local/lib/python3.7/site-packages/airflow/example_dags/example_branch_python_dop_operator_3.py
[2024-01-30T19:10:16.106+0000] {logging_mixin.py:120} INFO - [2024-01-30T19:10:16.105+0000] {dag.py:2585} INFO - Sync 1 DAGs
[2024-01-30T19:10:16.187+0000] {logging_mixin.py:120} INFO - [2024-01-30T19:10:16.187+0000] {dag.py:3340} INFO - Setting next_dagrun for example_branch_dop_operator_v3 to 2024-01-30T19:09:00+00:00, run_after=2024-01-30T19:10:00+00:00
[2024-01-30T19:10:16.224+0000] {processor.py:176} INFO - Processing /home/airflow/.local/lib/python3.7/site-packages/airflow/example_dags/example_branch_python_dop_operator_3.py took 0.282 seconds
[2024-01-30T19:10:46.650+0000] {processor.py:154} INFO - Started process (PID=2669) to work on /home/airflow/.local/lib/python3.7/site-packages/airflow/example_dags/example_branch_python_dop_operator_3.py
[2024-01-30T19:10:46.652+0000] {processor.py:756} INFO - Processing file /home/airflow/.local/lib/python3.7/site-packages/airflow/example_dags/example_branch_python_dop_operator_3.py for tasks to queue
[2024-01-30T19:10:46.654+0000] {logging_mixin.py:120} INFO - [2024-01-30T19:10:46.654+0000] {dagbag.py:537} INFO - Filling up the DagBag from /home/airflow/.local/lib/python3.7/site-packages/airflow/example_dags/example_branch_python_dop_operator_3.py
[2024-01-30T19:10:46.695+0000] {processor.py:766} INFO - DAG(s) dict_keys(['example_branch_dop_operator_v3']) retrieved from /home/airflow/.local/lib/python3.7/site-packages/airflow/example_dags/example_branch_python_dop_operator_3.py
[2024-01-30T19:10:46.769+0000] {logging_mixin.py:120} INFO - [2024-01-30T19:10:46.769+0000] {dag.py:2585} INFO - Sync 1 DAGs
[2024-01-30T19:10:46.821+0000] {logging_mixin.py:120} INFO - [2024-01-30T19:10:46.821+0000] {dag.py:3340} INFO - Setting next_dagrun for example_branch_dop_operator_v3 to 2024-01-30T19:09:00+00:00, run_after=2024-01-30T19:10:00+00:00
[2024-01-30T19:10:46.851+0000] {processor.py:176} INFO - Processing /home/airflow/.local/lib/python3.7/site-packages/airflow/example_dags/example_branch_python_dop_operator_3.py took 0.207 seconds
[2024-01-30T19:11:17.158+0000] {processor.py:154} INFO - Started process (PID=2734) to work on /home/airflow/.local/lib/python3.7/site-packages/airflow/example_dags/example_branch_python_dop_operator_3.py
[2024-01-30T19:11:17.159+0000] {processor.py:756} INFO - Processing file /home/airflow/.local/lib/python3.7/site-packages/airflow/example_dags/example_branch_python_dop_operator_3.py for tasks to queue
[2024-01-30T19:11:17.161+0000] {logging_mixin.py:120} INFO - [2024-01-30T19:11:17.161+0000] {dagbag.py:537} INFO - Filling up the DagBag from /home/airflow/.local/lib/python3.7/site-packages/airflow/example_dags/example_branch_python_dop_operator_3.py
[2024-01-30T19:11:17.197+0000] {processor.py:766} INFO - DAG(s) dict_keys(['example_branch_dop_operator_v3']) retrieved from /home/airflow/.local/lib/python3.7/site-packages/airflow/example_dags/example_branch_python_dop_operator_3.py
[2024-01-30T19:11:17.257+0000] {logging_mixin.py:120} INFO - [2024-01-30T19:11:17.257+0000] {dag.py:2585} INFO - Sync 1 DAGs
[2024-01-30T19:11:17.300+0000] {logging_mixin.py:120} INFO - [2024-01-30T19:11:17.300+0000] {dag.py:3340} INFO - Setting next_dagrun for example_branch_dop_operator_v3 to 2024-01-30T19:10:00+00:00, run_after=2024-01-30T19:11:00+00:00
[2024-01-30T19:11:17.329+0000] {processor.py:176} INFO - Processing /home/airflow/.local/lib/python3.7/site-packages/airflow/example_dags/example_branch_python_dop_operator_3.py took 0.177 seconds
[2024-01-30T19:11:47.458+0000] {processor.py:154} INFO - Started process (PID=2790) to work on /home/airflow/.local/lib/python3.7/site-packages/airflow/example_dags/example_branch_python_dop_operator_3.py
[2024-01-30T19:11:47.460+0000] {processor.py:756} INFO - Processing file /home/airflow/.local/lib/python3.7/site-packages/airflow/example_dags/example_branch_python_dop_operator_3.py for tasks to queue
[2024-01-30T19:11:47.462+0000] {logging_mixin.py:120} INFO - [2024-01-30T19:11:47.462+0000] {dagbag.py:537} INFO - Filling up the DagBag from /home/airflow/.local/lib/python3.7/site-packages/airflow/example_dags/example_branch_python_dop_operator_3.py
[2024-01-30T19:11:47.503+0000] {processor.py:766} INFO - DAG(s) dict_keys(['example_branch_dop_operator_v3']) retrieved from /home/airflow/.local/lib/python3.7/site-packages/airflow/example_dags/example_branch_python_dop_operator_3.py
[2024-01-30T19:11:47.570+0000] {logging_mixin.py:120} INFO - [2024-01-30T19:11:47.569+0000] {dag.py:2585} INFO - Sync 1 DAGs
[2024-01-30T19:11:47.619+0000] {logging_mixin.py:120} INFO - [2024-01-30T19:11:47.619+0000] {dag.py:3340} INFO - Setting next_dagrun for example_branch_dop_operator_v3 to 2024-01-30T19:10:00+00:00, run_after=2024-01-30T19:11:00+00:00
[2024-01-30T19:11:47.657+0000] {processor.py:176} INFO - Processing /home/airflow/.local/lib/python3.7/site-packages/airflow/example_dags/example_branch_python_dop_operator_3.py took 0.204 seconds
[2024-01-30T19:12:17.897+0000] {processor.py:154} INFO - Started process (PID=2857) to work on /home/airflow/.local/lib/python3.7/site-packages/airflow/example_dags/example_branch_python_dop_operator_3.py
[2024-01-30T19:12:17.899+0000] {processor.py:756} INFO - Processing file /home/airflow/.local/lib/python3.7/site-packages/airflow/example_dags/example_branch_python_dop_operator_3.py for tasks to queue
[2024-01-30T19:12:17.901+0000] {logging_mixin.py:120} INFO - [2024-01-30T19:12:17.900+0000] {dagbag.py:537} INFO - Filling up the DagBag from /home/airflow/.local/lib/python3.7/site-packages/airflow/example_dags/example_branch_python_dop_operator_3.py
[2024-01-30T19:12:17.945+0000] {processor.py:766} INFO - DAG(s) dict_keys(['example_branch_dop_operator_v3']) retrieved from /home/airflow/.local/lib/python3.7/site-packages/airflow/example_dags/example_branch_python_dop_operator_3.py
[2024-01-30T19:12:18.112+0000] {logging_mixin.py:120} INFO - [2024-01-30T19:12:18.111+0000] {dag.py:2585} INFO - Sync 1 DAGs
[2024-01-30T19:12:18.186+0000] {logging_mixin.py:120} INFO - [2024-01-30T19:12:18.186+0000] {dag.py:3340} INFO - Setting next_dagrun for example_branch_dop_operator_v3 to 2024-01-30T19:11:00+00:00, run_after=2024-01-30T19:12:00+00:00
[2024-01-30T19:12:18.255+0000] {processor.py:176} INFO - Processing /home/airflow/.local/lib/python3.7/site-packages/airflow/example_dags/example_branch_python_dop_operator_3.py took 0.362 seconds
[2024-01-30T19:12:48.462+0000] {processor.py:154} INFO - Started process (PID=2922) to work on /home/airflow/.local/lib/python3.7/site-packages/airflow/example_dags/example_branch_python_dop_operator_3.py
[2024-01-30T19:12:48.463+0000] {processor.py:756} INFO - Processing file /home/airflow/.local/lib/python3.7/site-packages/airflow/example_dags/example_branch_python_dop_operator_3.py for tasks to queue
[2024-01-30T19:12:48.465+0000] {logging_mixin.py:120} INFO - [2024-01-30T19:12:48.464+0000] {dagbag.py:537} INFO - Filling up the DagBag from /home/airflow/.local/lib/python3.7/site-packages/airflow/example_dags/example_branch_python_dop_operator_3.py
[2024-01-30T19:12:48.502+0000] {processor.py:766} INFO - DAG(s) dict_keys(['example_branch_dop_operator_v3']) retrieved from /home/airflow/.local/lib/python3.7/site-packages/airflow/example_dags/example_branch_python_dop_operator_3.py
[2024-01-30T19:12:48.567+0000] {logging_mixin.py:120} INFO - [2024-01-30T19:12:48.567+0000] {dag.py:2585} INFO - Sync 1 DAGs
[2024-01-30T19:12:48.630+0000] {logging_mixin.py:120} INFO - [2024-01-30T19:12:48.630+0000] {dag.py:3340} INFO - Setting next_dagrun for example_branch_dop_operator_v3 to 2024-01-30T19:11:00+00:00, run_after=2024-01-30T19:12:00+00:00
[2024-01-30T19:12:48.674+0000] {processor.py:176} INFO - Processing /home/airflow/.local/lib/python3.7/site-packages/airflow/example_dags/example_branch_python_dop_operator_3.py took 0.216 seconds
[2024-01-30T19:13:19.197+0000] {processor.py:154} INFO - Started process (PID=2978) to work on /home/airflow/.local/lib/python3.7/site-packages/airflow/example_dags/example_branch_python_dop_operator_3.py
[2024-01-30T19:13:19.200+0000] {processor.py:756} INFO - Processing file /home/airflow/.local/lib/python3.7/site-packages/airflow/example_dags/example_branch_python_dop_operator_3.py for tasks to queue
[2024-01-30T19:13:19.202+0000] {logging_mixin.py:120} INFO - [2024-01-30T19:13:19.202+0000] {dagbag.py:537} INFO - Filling up the DagBag from /home/airflow/.local/lib/python3.7/site-packages/airflow/example_dags/example_branch_python_dop_operator_3.py
[2024-01-30T19:13:19.243+0000] {processor.py:766} INFO - DAG(s) dict_keys(['example_branch_dop_operator_v3']) retrieved from /home/airflow/.local/lib/python3.7/site-packages/airflow/example_dags/example_branch_python_dop_operator_3.py
[2024-01-30T19:13:19.310+0000] {logging_mixin.py:120} INFO - [2024-01-30T19:13:19.310+0000] {dag.py:2585} INFO - Sync 1 DAGs
[2024-01-30T19:13:19.360+0000] {logging_mixin.py:120} INFO - [2024-01-30T19:13:19.360+0000] {dag.py:3340} INFO - Setting next_dagrun for example_branch_dop_operator_v3 to 2024-01-30T19:12:00+00:00, run_after=2024-01-30T19:13:00+00:00
[2024-01-30T19:13:19.396+0000] {processor.py:176} INFO - Processing /home/airflow/.local/lib/python3.7/site-packages/airflow/example_dags/example_branch_python_dop_operator_3.py took 0.203 seconds
[2024-01-30T19:13:49.541+0000] {processor.py:154} INFO - Started process (PID=3043) to work on /home/airflow/.local/lib/python3.7/site-packages/airflow/example_dags/example_branch_python_dop_operator_3.py
[2024-01-30T19:13:49.542+0000] {processor.py:756} INFO - Processing file /home/airflow/.local/lib/python3.7/site-packages/airflow/example_dags/example_branch_python_dop_operator_3.py for tasks to queue
[2024-01-30T19:13:49.543+0000] {logging_mixin.py:120} INFO - [2024-01-30T19:13:49.543+0000] {dagbag.py:537} INFO - Filling up the DagBag from /home/airflow/.local/lib/python3.7/site-packages/airflow/example_dags/example_branch_python_dop_operator_3.py
[2024-01-30T19:13:49.581+0000] {processor.py:766} INFO - DAG(s) dict_keys(['example_branch_dop_operator_v3']) retrieved from /home/airflow/.local/lib/python3.7/site-packages/airflow/example_dags/example_branch_python_dop_operator_3.py
[2024-01-30T19:13:49.649+0000] {logging_mixin.py:120} INFO - [2024-01-30T19:13:49.649+0000] {dag.py:2585} INFO - Sync 1 DAGs
[2024-01-30T19:13:49.697+0000] {logging_mixin.py:120} INFO - [2024-01-30T19:13:49.697+0000] {dag.py:3340} INFO - Setting next_dagrun for example_branch_dop_operator_v3 to 2024-01-30T19:12:00+00:00, run_after=2024-01-30T19:13:00+00:00
[2024-01-30T19:13:49.731+0000] {processor.py:176} INFO - Processing /home/airflow/.local/lib/python3.7/site-packages/airflow/example_dags/example_branch_python_dop_operator_3.py took 0.194 seconds
[2024-01-30T19:14:20.095+0000] {processor.py:154} INFO - Started process (PID=3110) to work on /home/airflow/.local/lib/python3.7/site-packages/airflow/example_dags/example_branch_python_dop_operator_3.py
[2024-01-30T19:14:20.096+0000] {processor.py:756} INFO - Processing file /home/airflow/.local/lib/python3.7/site-packages/airflow/example_dags/example_branch_python_dop_operator_3.py for tasks to queue
[2024-01-30T19:14:20.098+0000] {logging_mixin.py:120} INFO - [2024-01-30T19:14:20.097+0000] {dagbag.py:537} INFO - Filling up the DagBag from /home/airflow/.local/lib/python3.7/site-packages/airflow/example_dags/example_branch_python_dop_operator_3.py
[2024-01-30T19:14:20.136+0000] {processor.py:766} INFO - DAG(s) dict_keys(['example_branch_dop_operator_v3']) retrieved from /home/airflow/.local/lib/python3.7/site-packages/airflow/example_dags/example_branch_python_dop_operator_3.py
[2024-01-30T19:14:20.195+0000] {logging_mixin.py:120} INFO - [2024-01-30T19:14:20.194+0000] {dag.py:2585} INFO - Sync 1 DAGs
[2024-01-30T19:14:20.244+0000] {logging_mixin.py:120} INFO - [2024-01-30T19:14:20.244+0000] {dag.py:3340} INFO - Setting next_dagrun for example_branch_dop_operator_v3 to 2024-01-30T19:13:00+00:00, run_after=2024-01-30T19:14:00+00:00
[2024-01-30T19:14:20.278+0000] {processor.py:176} INFO - Processing /home/airflow/.local/lib/python3.7/site-packages/airflow/example_dags/example_branch_python_dop_operator_3.py took 0.188 seconds
[2024-01-30T19:14:50.376+0000] {processor.py:154} INFO - Started process (PID=3166) to work on /home/airflow/.local/lib/python3.7/site-packages/airflow/example_dags/example_branch_python_dop_operator_3.py
[2024-01-30T19:14:50.378+0000] {processor.py:756} INFO - Processing file /home/airflow/.local/lib/python3.7/site-packages/airflow/example_dags/example_branch_python_dop_operator_3.py for tasks to queue
[2024-01-30T19:14:50.380+0000] {logging_mixin.py:120} INFO - [2024-01-30T19:14:50.380+0000] {dagbag.py:537} INFO - Filling up the DagBag from /home/airflow/.local/lib/python3.7/site-packages/airflow/example_dags/example_branch_python_dop_operator_3.py
[2024-01-30T19:14:50.412+0000] {processor.py:766} INFO - DAG(s) dict_keys(['example_branch_dop_operator_v3']) retrieved from /home/airflow/.local/lib/python3.7/site-packages/airflow/example_dags/example_branch_python_dop_operator_3.py
[2024-01-30T19:14:50.467+0000] {logging_mixin.py:120} INFO - [2024-01-30T19:14:50.467+0000] {dag.py:2585} INFO - Sync 1 DAGs
[2024-01-30T19:14:50.505+0000] {logging_mixin.py:120} INFO - [2024-01-30T19:14:50.505+0000] {dag.py:3340} INFO - Setting next_dagrun for example_branch_dop_operator_v3 to 2024-01-30T19:13:00+00:00, run_after=2024-01-30T19:14:00+00:00
[2024-01-30T19:14:50.531+0000] {processor.py:176} INFO - Processing /home/airflow/.local/lib/python3.7/site-packages/airflow/example_dags/example_branch_python_dop_operator_3.py took 0.164 seconds
[2024-01-30T19:15:21.142+0000] {processor.py:154} INFO - Started process (PID=3231) to work on /home/airflow/.local/lib/python3.7/site-packages/airflow/example_dags/example_branch_python_dop_operator_3.py
[2024-01-30T19:15:21.146+0000] {processor.py:756} INFO - Processing file /home/airflow/.local/lib/python3.7/site-packages/airflow/example_dags/example_branch_python_dop_operator_3.py for tasks to queue
[2024-01-30T19:15:21.147+0000] {logging_mixin.py:120} INFO - [2024-01-30T19:15:21.147+0000] {dagbag.py:537} INFO - Filling up the DagBag from /home/airflow/.local/lib/python3.7/site-packages/airflow/example_dags/example_branch_python_dop_operator_3.py
[2024-01-30T19:15:21.186+0000] {processor.py:766} INFO - DAG(s) dict_keys(['example_branch_dop_operator_v3']) retrieved from /home/airflow/.local/lib/python3.7/site-packages/airflow/example_dags/example_branch_python_dop_operator_3.py
[2024-01-30T19:15:21.245+0000] {logging_mixin.py:120} INFO - [2024-01-30T19:15:21.245+0000] {dag.py:2585} INFO - Sync 1 DAGs
[2024-01-30T19:15:21.297+0000] {logging_mixin.py:120} INFO - [2024-01-30T19:15:21.297+0000] {dag.py:3340} INFO - Setting next_dagrun for example_branch_dop_operator_v3 to 2024-01-30T19:14:00+00:00, run_after=2024-01-30T19:15:00+00:00
[2024-01-30T19:15:21.334+0000] {processor.py:176} INFO - Processing /home/airflow/.local/lib/python3.7/site-packages/airflow/example_dags/example_branch_python_dop_operator_3.py took 0.197 seconds
[2024-01-30T19:15:51.488+0000] {processor.py:154} INFO - Started process (PID=3284) to work on /home/airflow/.local/lib/python3.7/site-packages/airflow/example_dags/example_branch_python_dop_operator_3.py
[2024-01-30T19:15:51.489+0000] {processor.py:756} INFO - Processing file /home/airflow/.local/lib/python3.7/site-packages/airflow/example_dags/example_branch_python_dop_operator_3.py for tasks to queue
[2024-01-30T19:15:51.490+0000] {logging_mixin.py:120} INFO - [2024-01-30T19:15:51.490+0000] {dagbag.py:537} INFO - Filling up the DagBag from /home/airflow/.local/lib/python3.7/site-packages/airflow/example_dags/example_branch_python_dop_operator_3.py
[2024-01-30T19:15:51.518+0000] {processor.py:766} INFO - DAG(s) dict_keys(['example_branch_dop_operator_v3']) retrieved from /home/airflow/.local/lib/python3.7/site-packages/airflow/example_dags/example_branch_python_dop_operator_3.py
[2024-01-30T19:15:51.570+0000] {logging_mixin.py:120} INFO - [2024-01-30T19:15:51.569+0000] {dag.py:2585} INFO - Sync 1 DAGs
[2024-01-30T19:15:51.606+0000] {logging_mixin.py:120} INFO - [2024-01-30T19:15:51.605+0000] {dag.py:3340} INFO - Setting next_dagrun for example_branch_dop_operator_v3 to 2024-01-30T19:14:00+00:00, run_after=2024-01-30T19:15:00+00:00
[2024-01-30T19:15:51.632+0000] {processor.py:176} INFO - Processing /home/airflow/.local/lib/python3.7/site-packages/airflow/example_dags/example_branch_python_dop_operator_3.py took 0.148 seconds
[2024-01-30T19:16:22.344+0000] {processor.py:154} INFO - Started process (PID=3349) to work on /home/airflow/.local/lib/python3.7/site-packages/airflow/example_dags/example_branch_python_dop_operator_3.py
[2024-01-30T19:16:22.345+0000] {processor.py:756} INFO - Processing file /home/airflow/.local/lib/python3.7/site-packages/airflow/example_dags/example_branch_python_dop_operator_3.py for tasks to queue
[2024-01-30T19:16:22.347+0000] {logging_mixin.py:120} INFO - [2024-01-30T19:16:22.346+0000] {dagbag.py:537} INFO - Filling up the DagBag from /home/airflow/.local/lib/python3.7/site-packages/airflow/example_dags/example_branch_python_dop_operator_3.py
[2024-01-30T19:16:22.385+0000] {processor.py:766} INFO - DAG(s) dict_keys(['example_branch_dop_operator_v3']) retrieved from /home/airflow/.local/lib/python3.7/site-packages/airflow/example_dags/example_branch_python_dop_operator_3.py
[2024-01-30T19:16:22.446+0000] {logging_mixin.py:120} INFO - [2024-01-30T19:16:22.446+0000] {dag.py:2585} INFO - Sync 1 DAGs
[2024-01-30T19:16:22.489+0000] {logging_mixin.py:120} INFO - [2024-01-30T19:16:22.489+0000] {dag.py:3340} INFO - Setting next_dagrun for example_branch_dop_operator_v3 to 2024-01-30T19:15:00+00:00, run_after=2024-01-30T19:16:00+00:00
[2024-01-30T19:16:22.521+0000] {processor.py:176} INFO - Processing /home/airflow/.local/lib/python3.7/site-packages/airflow/example_dags/example_branch_python_dop_operator_3.py took 0.183 seconds
[2024-01-30T19:16:52.558+0000] {processor.py:154} INFO - Started process (PID=3414) to work on /home/airflow/.local/lib/python3.7/site-packages/airflow/example_dags/example_branch_python_dop_operator_3.py
[2024-01-30T19:16:52.560+0000] {processor.py:756} INFO - Processing file /home/airflow/.local/lib/python3.7/site-packages/airflow/example_dags/example_branch_python_dop_operator_3.py for tasks to queue
[2024-01-30T19:16:52.563+0000] {logging_mixin.py:120} INFO - [2024-01-30T19:16:52.562+0000] {dagbag.py:537} INFO - Filling up the DagBag from /home/airflow/.local/lib/python3.7/site-packages/airflow/example_dags/example_branch_python_dop_operator_3.py
[2024-01-30T19:16:52.599+0000] {processor.py:766} INFO - DAG(s) dict_keys(['example_branch_dop_operator_v3']) retrieved from /home/airflow/.local/lib/python3.7/site-packages/airflow/example_dags/example_branch_python_dop_operator_3.py
[2024-01-30T19:16:52.662+0000] {logging_mixin.py:120} INFO - [2024-01-30T19:16:52.661+0000] {dag.py:2585} INFO - Sync 1 DAGs
[2024-01-30T19:16:52.713+0000] {logging_mixin.py:120} INFO - [2024-01-30T19:16:52.712+0000] {dag.py:3340} INFO - Setting next_dagrun for example_branch_dop_operator_v3 to 2024-01-30T19:15:00+00:00, run_after=2024-01-30T19:16:00+00:00
[2024-01-30T19:16:52.743+0000] {processor.py:176} INFO - Processing /home/airflow/.local/lib/python3.7/site-packages/airflow/example_dags/example_branch_python_dop_operator_3.py took 0.192 seconds
[2024-01-30T19:17:23.645+0000] {processor.py:154} INFO - Started process (PID=3471) to work on /home/airflow/.local/lib/python3.7/site-packages/airflow/example_dags/example_branch_python_dop_operator_3.py
[2024-01-30T19:17:23.647+0000] {processor.py:756} INFO - Processing file /home/airflow/.local/lib/python3.7/site-packages/airflow/example_dags/example_branch_python_dop_operator_3.py for tasks to queue
[2024-01-30T19:17:23.648+0000] {logging_mixin.py:120} INFO - [2024-01-30T19:17:23.648+0000] {dagbag.py:537} INFO - Filling up the DagBag from /home/airflow/.local/lib/python3.7/site-packages/airflow/example_dags/example_branch_python_dop_operator_3.py
[2024-01-30T19:17:23.682+0000] {processor.py:766} INFO - DAG(s) dict_keys(['example_branch_dop_operator_v3']) retrieved from /home/airflow/.local/lib/python3.7/site-packages/airflow/example_dags/example_branch_python_dop_operator_3.py
[2024-01-30T19:17:23.737+0000] {logging_mixin.py:120} INFO - [2024-01-30T19:17:23.737+0000] {dag.py:2585} INFO - Sync 1 DAGs
[2024-01-30T19:17:23.777+0000] {logging_mixin.py:120} INFO - [2024-01-30T19:17:23.777+0000] {dag.py:3340} INFO - Setting next_dagrun for example_branch_dop_operator_v3 to 2024-01-30T19:16:00+00:00, run_after=2024-01-30T19:17:00+00:00
[2024-01-30T19:17:23.806+0000] {processor.py:176} INFO - Processing /home/airflow/.local/lib/python3.7/site-packages/airflow/example_dags/example_branch_python_dop_operator_3.py took 0.165 seconds
[2024-01-30T19:17:54.288+0000] {processor.py:154} INFO - Started process (PID=3536) to work on /home/airflow/.local/lib/python3.7/site-packages/airflow/example_dags/example_branch_python_dop_operator_3.py
[2024-01-30T19:17:54.289+0000] {processor.py:756} INFO - Processing file /home/airflow/.local/lib/python3.7/site-packages/airflow/example_dags/example_branch_python_dop_operator_3.py for tasks to queue
[2024-01-30T19:17:54.290+0000] {logging_mixin.py:120} INFO - [2024-01-30T19:17:54.290+0000] {dagbag.py:537} INFO - Filling up the DagBag from /home/airflow/.local/lib/python3.7/site-packages/airflow/example_dags/example_branch_python_dop_operator_3.py
[2024-01-30T19:17:54.319+0000] {processor.py:766} INFO - DAG(s) dict_keys(['example_branch_dop_operator_v3']) retrieved from /home/airflow/.local/lib/python3.7/site-packages/airflow/example_dags/example_branch_python_dop_operator_3.py
[2024-01-30T19:17:54.367+0000] {logging_mixin.py:120} INFO - [2024-01-30T19:17:54.366+0000] {dag.py:2585} INFO - Sync 1 DAGs
[2024-01-30T19:17:54.405+0000] {logging_mixin.py:120} INFO - [2024-01-30T19:17:54.405+0000] {dag.py:3340} INFO - Setting next_dagrun for example_branch_dop_operator_v3 to 2024-01-30T19:16:00+00:00, run_after=2024-01-30T19:17:00+00:00
[2024-01-30T19:17:54.429+0000] {processor.py:176} INFO - Processing /home/airflow/.local/lib/python3.7/site-packages/airflow/example_dags/example_branch_python_dop_operator_3.py took 0.146 seconds
