[2024-01-30T18:49:11.140+0000] {processor.py:154} INFO - Started process (PID=88) to work on /home/airflow/.local/lib/python3.7/site-packages/airflow/example_dags/example_xcomargs.py
[2024-01-30T18:49:11.162+0000] {processor.py:756} INFO - Processing file /home/airflow/.local/lib/python3.7/site-packages/airflow/example_dags/example_xcomargs.py for tasks to queue
[2024-01-30T18:49:11.165+0000] {logging_mixin.py:120} INFO - [2024-01-30T18:49:11.165+0000] {dagbag.py:537} INFO - Filling up the DagBag from /home/airflow/.local/lib/python3.7/site-packages/airflow/example_dags/example_xcomargs.py
[2024-01-30T18:49:11.394+0000] {processor.py:766} INFO - DAG(s) dict_keys(['example_xcom_args_with_operators', 'example_xcom_args']) retrieved from /home/airflow/.local/lib/python3.7/site-packages/airflow/example_dags/example_xcomargs.py
[2024-01-30T18:49:11.668+0000] {logging_mixin.py:120} INFO - [2024-01-30T18:49:11.668+0000] {dag.py:2585} INFO - Sync 2 DAGs
[2024-01-30T18:49:11.818+0000] {logging_mixin.py:120} INFO - [2024-01-30T18:49:11.818+0000] {dag.py:3340} INFO - Setting next_dagrun for example_xcom_args to None, run_after=None
[2024-01-30T18:49:11.834+0000] {logging_mixin.py:120} INFO - [2024-01-30T18:49:11.834+0000] {dag.py:3340} INFO - Setting next_dagrun for example_xcom_args_with_operators to None, run_after=None
[2024-01-30T18:49:12.000+0000] {processor.py:176} INFO - Processing /home/airflow/.local/lib/python3.7/site-packages/airflow/example_dags/example_xcomargs.py took 0.886 seconds
[2024-01-30T18:49:42.331+0000] {processor.py:154} INFO - Started process (PID=144) to work on /home/airflow/.local/lib/python3.7/site-packages/airflow/example_dags/example_xcomargs.py
[2024-01-30T18:49:42.333+0000] {processor.py:756} INFO - Processing file /home/airflow/.local/lib/python3.7/site-packages/airflow/example_dags/example_xcomargs.py for tasks to queue
[2024-01-30T18:49:42.335+0000] {logging_mixin.py:120} INFO - [2024-01-30T18:49:42.335+0000] {dagbag.py:537} INFO - Filling up the DagBag from /home/airflow/.local/lib/python3.7/site-packages/airflow/example_dags/example_xcomargs.py
[2024-01-30T18:49:42.384+0000] {processor.py:766} INFO - DAG(s) dict_keys(['example_xcom_args_with_operators', 'example_xcom_args']) retrieved from /home/airflow/.local/lib/python3.7/site-packages/airflow/example_dags/example_xcomargs.py
[2024-01-30T18:49:42.479+0000] {logging_mixin.py:120} INFO - [2024-01-30T18:49:42.479+0000] {dag.py:2585} INFO - Sync 2 DAGs
[2024-01-30T18:49:42.565+0000] {logging_mixin.py:120} INFO - [2024-01-30T18:49:42.565+0000] {dag.py:3340} INFO - Setting next_dagrun for example_xcom_args to None, run_after=None
[2024-01-30T18:49:42.573+0000] {logging_mixin.py:120} INFO - [2024-01-30T18:49:42.572+0000] {dag.py:3340} INFO - Setting next_dagrun for example_xcom_args_with_operators to None, run_after=None
[2024-01-30T18:49:42.626+0000] {processor.py:176} INFO - Processing /home/airflow/.local/lib/python3.7/site-packages/airflow/example_dags/example_xcomargs.py took 0.301 seconds
[2024-01-30T18:50:12.710+0000] {processor.py:154} INFO - Started process (PID=208) to work on /home/airflow/.local/lib/python3.7/site-packages/airflow/example_dags/example_xcomargs.py
[2024-01-30T18:50:12.712+0000] {processor.py:756} INFO - Processing file /home/airflow/.local/lib/python3.7/site-packages/airflow/example_dags/example_xcomargs.py for tasks to queue
[2024-01-30T18:50:12.716+0000] {logging_mixin.py:120} INFO - [2024-01-30T18:50:12.714+0000] {dagbag.py:537} INFO - Filling up the DagBag from /home/airflow/.local/lib/python3.7/site-packages/airflow/example_dags/example_xcomargs.py
[2024-01-30T18:50:12.760+0000] {processor.py:766} INFO - DAG(s) dict_keys(['example_xcom_args', 'example_xcom_args_with_operators']) retrieved from /home/airflow/.local/lib/python3.7/site-packages/airflow/example_dags/example_xcomargs.py
[2024-01-30T18:50:12.833+0000] {logging_mixin.py:120} INFO - [2024-01-30T18:50:12.833+0000] {dag.py:2585} INFO - Sync 2 DAGs
[2024-01-30T18:50:12.872+0000] {logging_mixin.py:120} INFO - [2024-01-30T18:50:12.871+0000] {dag.py:3340} INFO - Setting next_dagrun for example_xcom_args to None, run_after=None
[2024-01-30T18:50:12.878+0000] {logging_mixin.py:120} INFO - [2024-01-30T18:50:12.877+0000] {dag.py:3340} INFO - Setting next_dagrun for example_xcom_args_with_operators to None, run_after=None
[2024-01-30T18:50:12.913+0000] {processor.py:176} INFO - Processing /home/airflow/.local/lib/python3.7/site-packages/airflow/example_dags/example_xcomargs.py took 0.209 seconds
[2024-01-30T18:50:43.740+0000] {processor.py:154} INFO - Started process (PID=264) to work on /home/airflow/.local/lib/python3.7/site-packages/airflow/example_dags/example_xcomargs.py
[2024-01-30T18:50:43.743+0000] {processor.py:756} INFO - Processing file /home/airflow/.local/lib/python3.7/site-packages/airflow/example_dags/example_xcomargs.py for tasks to queue
[2024-01-30T18:50:43.745+0000] {logging_mixin.py:120} INFO - [2024-01-30T18:50:43.745+0000] {dagbag.py:537} INFO - Filling up the DagBag from /home/airflow/.local/lib/python3.7/site-packages/airflow/example_dags/example_xcomargs.py
[2024-01-30T18:50:43.790+0000] {processor.py:766} INFO - DAG(s) dict_keys(['example_xcom_args_with_operators', 'example_xcom_args']) retrieved from /home/airflow/.local/lib/python3.7/site-packages/airflow/example_dags/example_xcomargs.py
[2024-01-30T18:50:43.876+0000] {logging_mixin.py:120} INFO - [2024-01-30T18:50:43.875+0000] {dag.py:2585} INFO - Sync 2 DAGs
[2024-01-30T18:50:43.925+0000] {logging_mixin.py:120} INFO - [2024-01-30T18:50:43.925+0000] {dag.py:3340} INFO - Setting next_dagrun for example_xcom_args to None, run_after=None
[2024-01-30T18:50:43.932+0000] {logging_mixin.py:120} INFO - [2024-01-30T18:50:43.932+0000] {dag.py:3340} INFO - Setting next_dagrun for example_xcom_args_with_operators to None, run_after=None
[2024-01-30T18:50:43.966+0000] {processor.py:176} INFO - Processing /home/airflow/.local/lib/python3.7/site-packages/airflow/example_dags/example_xcomargs.py took 0.234 seconds
[2024-01-30T18:51:14.606+0000] {processor.py:154} INFO - Started process (PID=327) to work on /home/airflow/.local/lib/python3.7/site-packages/airflow/example_dags/example_xcomargs.py
[2024-01-30T18:51:14.608+0000] {processor.py:756} INFO - Processing file /home/airflow/.local/lib/python3.7/site-packages/airflow/example_dags/example_xcomargs.py for tasks to queue
[2024-01-30T18:51:14.610+0000] {logging_mixin.py:120} INFO - [2024-01-30T18:51:14.610+0000] {dagbag.py:537} INFO - Filling up the DagBag from /home/airflow/.local/lib/python3.7/site-packages/airflow/example_dags/example_xcomargs.py
[2024-01-30T18:51:14.648+0000] {processor.py:766} INFO - DAG(s) dict_keys(['example_xcom_args', 'example_xcom_args_with_operators']) retrieved from /home/airflow/.local/lib/python3.7/site-packages/airflow/example_dags/example_xcomargs.py
[2024-01-30T18:51:14.714+0000] {logging_mixin.py:120} INFO - [2024-01-30T18:51:14.713+0000] {dag.py:2585} INFO - Sync 2 DAGs
[2024-01-30T18:51:14.754+0000] {logging_mixin.py:120} INFO - [2024-01-30T18:51:14.754+0000] {dag.py:3340} INFO - Setting next_dagrun for example_xcom_args to None, run_after=None
[2024-01-30T18:51:14.760+0000] {logging_mixin.py:120} INFO - [2024-01-30T18:51:14.760+0000] {dag.py:3340} INFO - Setting next_dagrun for example_xcom_args_with_operators to None, run_after=None
[2024-01-30T18:51:14.788+0000] {processor.py:176} INFO - Processing /home/airflow/.local/lib/python3.7/site-packages/airflow/example_dags/example_xcomargs.py took 0.187 seconds
[2024-01-30T18:51:45.341+0000] {processor.py:154} INFO - Started process (PID=393) to work on /home/airflow/.local/lib/python3.7/site-packages/airflow/example_dags/example_xcomargs.py
[2024-01-30T18:51:45.343+0000] {processor.py:756} INFO - Processing file /home/airflow/.local/lib/python3.7/site-packages/airflow/example_dags/example_xcomargs.py for tasks to queue
[2024-01-30T18:51:45.344+0000] {logging_mixin.py:120} INFO - [2024-01-30T18:51:45.344+0000] {dagbag.py:537} INFO - Filling up the DagBag from /home/airflow/.local/lib/python3.7/site-packages/airflow/example_dags/example_xcomargs.py
[2024-01-30T18:51:45.373+0000] {processor.py:766} INFO - DAG(s) dict_keys(['example_xcom_args_with_operators', 'example_xcom_args']) retrieved from /home/airflow/.local/lib/python3.7/site-packages/airflow/example_dags/example_xcomargs.py
[2024-01-30T18:51:45.424+0000] {logging_mixin.py:120} INFO - [2024-01-30T18:51:45.424+0000] {dag.py:2585} INFO - Sync 2 DAGs
[2024-01-30T18:51:45.454+0000] {logging_mixin.py:120} INFO - [2024-01-30T18:51:45.454+0000] {dag.py:3340} INFO - Setting next_dagrun for example_xcom_args to None, run_after=None
[2024-01-30T18:51:45.459+0000] {logging_mixin.py:120} INFO - [2024-01-30T18:51:45.459+0000] {dag.py:3340} INFO - Setting next_dagrun for example_xcom_args_with_operators to None, run_after=None
[2024-01-30T18:51:45.480+0000] {processor.py:176} INFO - Processing /home/airflow/.local/lib/python3.7/site-packages/airflow/example_dags/example_xcomargs.py took 0.142 seconds
[2024-01-30T18:52:15.937+0000] {processor.py:154} INFO - Started process (PID=450) to work on /home/airflow/.local/lib/python3.7/site-packages/airflow/example_dags/example_xcomargs.py
[2024-01-30T18:52:15.939+0000] {processor.py:756} INFO - Processing file /home/airflow/.local/lib/python3.7/site-packages/airflow/example_dags/example_xcomargs.py for tasks to queue
[2024-01-30T18:52:15.941+0000] {logging_mixin.py:120} INFO - [2024-01-30T18:52:15.940+0000] {dagbag.py:537} INFO - Filling up the DagBag from /home/airflow/.local/lib/python3.7/site-packages/airflow/example_dags/example_xcomargs.py
[2024-01-30T18:52:15.977+0000] {processor.py:766} INFO - DAG(s) dict_keys(['example_xcom_args_with_operators', 'example_xcom_args']) retrieved from /home/airflow/.local/lib/python3.7/site-packages/airflow/example_dags/example_xcomargs.py
[2024-01-30T18:52:16.036+0000] {logging_mixin.py:120} INFO - [2024-01-30T18:52:16.036+0000] {dag.py:2585} INFO - Sync 2 DAGs
[2024-01-30T18:52:16.072+0000] {logging_mixin.py:120} INFO - [2024-01-30T18:52:16.072+0000] {dag.py:3340} INFO - Setting next_dagrun for example_xcom_args to None, run_after=None
[2024-01-30T18:52:16.078+0000] {logging_mixin.py:120} INFO - [2024-01-30T18:52:16.078+0000] {dag.py:3340} INFO - Setting next_dagrun for example_xcom_args_with_operators to None, run_after=None
[2024-01-30T18:52:16.105+0000] {processor.py:176} INFO - Processing /home/airflow/.local/lib/python3.7/site-packages/airflow/example_dags/example_xcomargs.py took 0.173 seconds
[2024-01-30T18:52:46.917+0000] {processor.py:154} INFO - Started process (PID=514) to work on /home/airflow/.local/lib/python3.7/site-packages/airflow/example_dags/example_xcomargs.py
[2024-01-30T18:52:46.919+0000] {processor.py:756} INFO - Processing file /home/airflow/.local/lib/python3.7/site-packages/airflow/example_dags/example_xcomargs.py for tasks to queue
[2024-01-30T18:52:46.920+0000] {logging_mixin.py:120} INFO - [2024-01-30T18:52:46.919+0000] {dagbag.py:537} INFO - Filling up the DagBag from /home/airflow/.local/lib/python3.7/site-packages/airflow/example_dags/example_xcomargs.py
[2024-01-30T18:52:46.949+0000] {processor.py:766} INFO - DAG(s) dict_keys(['example_xcom_args_with_operators', 'example_xcom_args']) retrieved from /home/airflow/.local/lib/python3.7/site-packages/airflow/example_dags/example_xcomargs.py
[2024-01-30T18:52:47.003+0000] {logging_mixin.py:120} INFO - [2024-01-30T18:52:47.003+0000] {dag.py:2585} INFO - Sync 2 DAGs
[2024-01-30T18:52:47.033+0000] {logging_mixin.py:120} INFO - [2024-01-30T18:52:47.033+0000] {dag.py:3340} INFO - Setting next_dagrun for example_xcom_args to None, run_after=None
[2024-01-30T18:52:47.038+0000] {logging_mixin.py:120} INFO - [2024-01-30T18:52:47.038+0000] {dag.py:3340} INFO - Setting next_dagrun for example_xcom_args_with_operators to None, run_after=None
[2024-01-30T18:52:47.065+0000] {processor.py:176} INFO - Processing /home/airflow/.local/lib/python3.7/site-packages/airflow/example_dags/example_xcomargs.py took 0.152 seconds
[2024-01-30T18:53:17.363+0000] {processor.py:154} INFO - Started process (PID=578) to work on /home/airflow/.local/lib/python3.7/site-packages/airflow/example_dags/example_xcomargs.py
[2024-01-30T18:53:17.365+0000] {processor.py:756} INFO - Processing file /home/airflow/.local/lib/python3.7/site-packages/airflow/example_dags/example_xcomargs.py for tasks to queue
[2024-01-30T18:53:17.366+0000] {logging_mixin.py:120} INFO - [2024-01-30T18:53:17.366+0000] {dagbag.py:537} INFO - Filling up the DagBag from /home/airflow/.local/lib/python3.7/site-packages/airflow/example_dags/example_xcomargs.py
[2024-01-30T18:53:17.397+0000] {processor.py:766} INFO - DAG(s) dict_keys(['example_xcom_args', 'example_xcom_args_with_operators']) retrieved from /home/airflow/.local/lib/python3.7/site-packages/airflow/example_dags/example_xcomargs.py
[2024-01-30T18:53:17.453+0000] {logging_mixin.py:120} INFO - [2024-01-30T18:53:17.453+0000] {dag.py:2585} INFO - Sync 2 DAGs
[2024-01-30T18:53:17.486+0000] {logging_mixin.py:120} INFO - [2024-01-30T18:53:17.486+0000] {dag.py:3340} INFO - Setting next_dagrun for example_xcom_args to None, run_after=None
[2024-01-30T18:53:17.491+0000] {logging_mixin.py:120} INFO - [2024-01-30T18:53:17.491+0000] {dag.py:3340} INFO - Setting next_dagrun for example_xcom_args_with_operators to None, run_after=None
[2024-01-30T18:53:17.524+0000] {processor.py:176} INFO - Processing /home/airflow/.local/lib/python3.7/site-packages/airflow/example_dags/example_xcomargs.py took 0.166 seconds
[2024-01-30T18:53:47.986+0000] {processor.py:154} INFO - Started process (PID=643) to work on /home/airflow/.local/lib/python3.7/site-packages/airflow/example_dags/example_xcomargs.py
[2024-01-30T18:53:47.989+0000] {processor.py:756} INFO - Processing file /home/airflow/.local/lib/python3.7/site-packages/airflow/example_dags/example_xcomargs.py for tasks to queue
[2024-01-30T18:53:47.991+0000] {logging_mixin.py:120} INFO - [2024-01-30T18:53:47.991+0000] {dagbag.py:537} INFO - Filling up the DagBag from /home/airflow/.local/lib/python3.7/site-packages/airflow/example_dags/example_xcomargs.py
[2024-01-30T18:53:48.044+0000] {processor.py:766} INFO - DAG(s) dict_keys(['example_xcom_args', 'example_xcom_args_with_operators']) retrieved from /home/airflow/.local/lib/python3.7/site-packages/airflow/example_dags/example_xcomargs.py
[2024-01-30T18:53:48.120+0000] {logging_mixin.py:120} INFO - [2024-01-30T18:53:48.120+0000] {dag.py:2585} INFO - Sync 2 DAGs
[2024-01-30T18:53:48.157+0000] {logging_mixin.py:120} INFO - [2024-01-30T18:53:48.157+0000] {dag.py:3340} INFO - Setting next_dagrun for example_xcom_args to None, run_after=None
[2024-01-30T18:53:48.161+0000] {logging_mixin.py:120} INFO - [2024-01-30T18:53:48.161+0000] {dag.py:3340} INFO - Setting next_dagrun for example_xcom_args_with_operators to None, run_after=None
[2024-01-30T18:53:48.187+0000] {processor.py:176} INFO - Processing /home/airflow/.local/lib/python3.7/site-packages/airflow/example_dags/example_xcomargs.py took 0.206 seconds
[2024-01-30T18:54:18.736+0000] {processor.py:154} INFO - Started process (PID=707) to work on /home/airflow/.local/lib/python3.7/site-packages/airflow/example_dags/example_xcomargs.py
[2024-01-30T18:54:18.738+0000] {processor.py:756} INFO - Processing file /home/airflow/.local/lib/python3.7/site-packages/airflow/example_dags/example_xcomargs.py for tasks to queue
[2024-01-30T18:54:18.740+0000] {logging_mixin.py:120} INFO - [2024-01-30T18:54:18.739+0000] {dagbag.py:537} INFO - Filling up the DagBag from /home/airflow/.local/lib/python3.7/site-packages/airflow/example_dags/example_xcomargs.py
[2024-01-30T18:54:18.780+0000] {processor.py:766} INFO - DAG(s) dict_keys(['example_xcom_args', 'example_xcom_args_with_operators']) retrieved from /home/airflow/.local/lib/python3.7/site-packages/airflow/example_dags/example_xcomargs.py
[2024-01-30T18:54:18.865+0000] {logging_mixin.py:120} INFO - [2024-01-30T18:54:18.865+0000] {dag.py:2585} INFO - Sync 2 DAGs
[2024-01-30T18:54:18.915+0000] {logging_mixin.py:120} INFO - [2024-01-30T18:54:18.915+0000] {dag.py:3340} INFO - Setting next_dagrun for example_xcom_args to None, run_after=None
[2024-01-30T18:54:18.922+0000] {logging_mixin.py:120} INFO - [2024-01-30T18:54:18.921+0000] {dag.py:3340} INFO - Setting next_dagrun for example_xcom_args_with_operators to None, run_after=None
[2024-01-30T18:54:18.967+0000] {processor.py:176} INFO - Processing /home/airflow/.local/lib/python3.7/site-packages/airflow/example_dags/example_xcomargs.py took 0.238 seconds
[2024-01-30T18:54:49.177+0000] {processor.py:154} INFO - Started process (PID=762) to work on /home/airflow/.local/lib/python3.7/site-packages/airflow/example_dags/example_xcomargs.py
[2024-01-30T18:54:49.179+0000] {processor.py:756} INFO - Processing file /home/airflow/.local/lib/python3.7/site-packages/airflow/example_dags/example_xcomargs.py for tasks to queue
[2024-01-30T18:54:49.180+0000] {logging_mixin.py:120} INFO - [2024-01-30T18:54:49.180+0000] {dagbag.py:537} INFO - Filling up the DagBag from /home/airflow/.local/lib/python3.7/site-packages/airflow/example_dags/example_xcomargs.py
[2024-01-30T18:54:49.217+0000] {processor.py:766} INFO - DAG(s) dict_keys(['example_xcom_args_with_operators', 'example_xcom_args']) retrieved from /home/airflow/.local/lib/python3.7/site-packages/airflow/example_dags/example_xcomargs.py
[2024-01-30T18:54:49.283+0000] {logging_mixin.py:120} INFO - [2024-01-30T18:54:49.282+0000] {dag.py:2585} INFO - Sync 2 DAGs
[2024-01-30T18:54:49.318+0000] {logging_mixin.py:120} INFO - [2024-01-30T18:54:49.318+0000] {dag.py:3340} INFO - Setting next_dagrun for example_xcom_args to None, run_after=None
[2024-01-30T18:54:49.323+0000] {logging_mixin.py:120} INFO - [2024-01-30T18:54:49.323+0000] {dag.py:3340} INFO - Setting next_dagrun for example_xcom_args_with_operators to None, run_after=None
[2024-01-30T18:54:49.350+0000] {processor.py:176} INFO - Processing /home/airflow/.local/lib/python3.7/site-packages/airflow/example_dags/example_xcomargs.py took 0.180 seconds
[2024-01-30T18:55:19.828+0000] {processor.py:154} INFO - Started process (PID=826) to work on /home/airflow/.local/lib/python3.7/site-packages/airflow/example_dags/example_xcomargs.py
[2024-01-30T18:55:19.830+0000] {processor.py:756} INFO - Processing file /home/airflow/.local/lib/python3.7/site-packages/airflow/example_dags/example_xcomargs.py for tasks to queue
[2024-01-30T18:55:19.832+0000] {logging_mixin.py:120} INFO - [2024-01-30T18:55:19.832+0000] {dagbag.py:537} INFO - Filling up the DagBag from /home/airflow/.local/lib/python3.7/site-packages/airflow/example_dags/example_xcomargs.py
[2024-01-30T18:55:19.892+0000] {processor.py:766} INFO - DAG(s) dict_keys(['example_xcom_args_with_operators', 'example_xcom_args']) retrieved from /home/airflow/.local/lib/python3.7/site-packages/airflow/example_dags/example_xcomargs.py
[2024-01-30T18:55:20.002+0000] {logging_mixin.py:120} INFO - [2024-01-30T18:55:20.002+0000] {dag.py:2585} INFO - Sync 2 DAGs
[2024-01-30T18:55:20.067+0000] {logging_mixin.py:120} INFO - [2024-01-30T18:55:20.066+0000] {dag.py:3340} INFO - Setting next_dagrun for example_xcom_args to None, run_after=None
[2024-01-30T18:55:20.080+0000] {logging_mixin.py:120} INFO - [2024-01-30T18:55:20.080+0000] {dag.py:3340} INFO - Setting next_dagrun for example_xcom_args_with_operators to None, run_after=None
[2024-01-30T18:55:20.125+0000] {processor.py:176} INFO - Processing /home/airflow/.local/lib/python3.7/site-packages/airflow/example_dags/example_xcomargs.py took 0.305 seconds
[2024-01-30T18:55:50.532+0000] {processor.py:154} INFO - Started process (PID=889) to work on /home/airflow/.local/lib/python3.7/site-packages/airflow/example_dags/example_xcomargs.py
[2024-01-30T18:55:50.533+0000] {processor.py:756} INFO - Processing file /home/airflow/.local/lib/python3.7/site-packages/airflow/example_dags/example_xcomargs.py for tasks to queue
[2024-01-30T18:55:50.536+0000] {logging_mixin.py:120} INFO - [2024-01-30T18:55:50.535+0000] {dagbag.py:537} INFO - Filling up the DagBag from /home/airflow/.local/lib/python3.7/site-packages/airflow/example_dags/example_xcomargs.py
[2024-01-30T18:55:50.573+0000] {processor.py:766} INFO - DAG(s) dict_keys(['example_xcom_args', 'example_xcom_args_with_operators']) retrieved from /home/airflow/.local/lib/python3.7/site-packages/airflow/example_dags/example_xcomargs.py
[2024-01-30T18:55:50.634+0000] {logging_mixin.py:120} INFO - [2024-01-30T18:55:50.634+0000] {dag.py:2585} INFO - Sync 2 DAGs
[2024-01-30T18:55:50.670+0000] {logging_mixin.py:120} INFO - [2024-01-30T18:55:50.670+0000] {dag.py:3340} INFO - Setting next_dagrun for example_xcom_args to None, run_after=None
[2024-01-30T18:55:50.675+0000] {logging_mixin.py:120} INFO - [2024-01-30T18:55:50.675+0000] {dag.py:3340} INFO - Setting next_dagrun for example_xcom_args_with_operators to None, run_after=None
[2024-01-30T18:55:50.701+0000] {processor.py:176} INFO - Processing /home/airflow/.local/lib/python3.7/site-packages/airflow/example_dags/example_xcomargs.py took 0.174 seconds
[2024-01-30T18:56:20.811+0000] {processor.py:154} INFO - Started process (PID=944) to work on /home/airflow/.local/lib/python3.7/site-packages/airflow/example_dags/example_xcomargs.py
[2024-01-30T18:56:20.813+0000] {processor.py:756} INFO - Processing file /home/airflow/.local/lib/python3.7/site-packages/airflow/example_dags/example_xcomargs.py for tasks to queue
[2024-01-30T18:56:20.814+0000] {logging_mixin.py:120} INFO - [2024-01-30T18:56:20.814+0000] {dagbag.py:537} INFO - Filling up the DagBag from /home/airflow/.local/lib/python3.7/site-packages/airflow/example_dags/example_xcomargs.py
[2024-01-30T18:56:20.850+0000] {processor.py:766} INFO - DAG(s) dict_keys(['example_xcom_args', 'example_xcom_args_with_operators']) retrieved from /home/airflow/.local/lib/python3.7/site-packages/airflow/example_dags/example_xcomargs.py
[2024-01-30T18:56:20.918+0000] {logging_mixin.py:120} INFO - [2024-01-30T18:56:20.917+0000] {dag.py:2585} INFO - Sync 2 DAGs
[2024-01-30T18:56:20.955+0000] {logging_mixin.py:120} INFO - [2024-01-30T18:56:20.955+0000] {dag.py:3340} INFO - Setting next_dagrun for example_xcom_args to None, run_after=None
[2024-01-30T18:56:20.961+0000] {logging_mixin.py:120} INFO - [2024-01-30T18:56:20.961+0000] {dag.py:3340} INFO - Setting next_dagrun for example_xcom_args_with_operators to None, run_after=None
[2024-01-30T18:56:20.985+0000] {processor.py:176} INFO - Processing /home/airflow/.local/lib/python3.7/site-packages/airflow/example_dags/example_xcomargs.py took 0.180 seconds
[2024-01-30T18:56:51.330+0000] {processor.py:154} INFO - Started process (PID=1008) to work on /home/airflow/.local/lib/python3.7/site-packages/airflow/example_dags/example_xcomargs.py
[2024-01-30T18:56:51.333+0000] {processor.py:756} INFO - Processing file /home/airflow/.local/lib/python3.7/site-packages/airflow/example_dags/example_xcomargs.py for tasks to queue
[2024-01-30T18:56:51.335+0000] {logging_mixin.py:120} INFO - [2024-01-30T18:56:51.334+0000] {dagbag.py:537} INFO - Filling up the DagBag from /home/airflow/.local/lib/python3.7/site-packages/airflow/example_dags/example_xcomargs.py
[2024-01-30T18:56:51.407+0000] {processor.py:766} INFO - DAG(s) dict_keys(['example_xcom_args', 'example_xcom_args_with_operators']) retrieved from /home/airflow/.local/lib/python3.7/site-packages/airflow/example_dags/example_xcomargs.py
[2024-01-30T18:56:51.572+0000] {logging_mixin.py:120} INFO - [2024-01-30T18:56:51.571+0000] {dag.py:2585} INFO - Sync 2 DAGs
[2024-01-30T18:56:51.621+0000] {logging_mixin.py:120} INFO - [2024-01-30T18:56:51.621+0000] {dag.py:3340} INFO - Setting next_dagrun for example_xcom_args to None, run_after=None
[2024-01-30T18:56:51.627+0000] {logging_mixin.py:120} INFO - [2024-01-30T18:56:51.627+0000] {dag.py:3340} INFO - Setting next_dagrun for example_xcom_args_with_operators to None, run_after=None
[2024-01-30T18:56:51.653+0000] {processor.py:176} INFO - Processing /home/airflow/.local/lib/python3.7/site-packages/airflow/example_dags/example_xcomargs.py took 0.331 seconds
[2024-01-30T18:57:21.881+0000] {processor.py:154} INFO - Started process (PID=1072) to work on /home/airflow/.local/lib/python3.7/site-packages/airflow/example_dags/example_xcomargs.py
[2024-01-30T18:57:21.883+0000] {processor.py:756} INFO - Processing file /home/airflow/.local/lib/python3.7/site-packages/airflow/example_dags/example_xcomargs.py for tasks to queue
[2024-01-30T18:57:21.885+0000] {logging_mixin.py:120} INFO - [2024-01-30T18:57:21.884+0000] {dagbag.py:537} INFO - Filling up the DagBag from /home/airflow/.local/lib/python3.7/site-packages/airflow/example_dags/example_xcomargs.py
[2024-01-30T18:57:21.924+0000] {processor.py:766} INFO - DAG(s) dict_keys(['example_xcom_args', 'example_xcom_args_with_operators']) retrieved from /home/airflow/.local/lib/python3.7/site-packages/airflow/example_dags/example_xcomargs.py
[2024-01-30T18:57:21.997+0000] {logging_mixin.py:120} INFO - [2024-01-30T18:57:21.997+0000] {dag.py:2585} INFO - Sync 2 DAGs
[2024-01-30T18:57:22.036+0000] {logging_mixin.py:120} INFO - [2024-01-30T18:57:22.036+0000] {dag.py:3340} INFO - Setting next_dagrun for example_xcom_args to None, run_after=None
[2024-01-30T18:57:22.041+0000] {logging_mixin.py:120} INFO - [2024-01-30T18:57:22.040+0000] {dag.py:3340} INFO - Setting next_dagrun for example_xcom_args_with_operators to None, run_after=None
[2024-01-30T18:57:22.069+0000] {processor.py:176} INFO - Processing /home/airflow/.local/lib/python3.7/site-packages/airflow/example_dags/example_xcomargs.py took 0.193 seconds
[2024-01-30T18:57:52.431+0000] {processor.py:154} INFO - Started process (PID=1127) to work on /home/airflow/.local/lib/python3.7/site-packages/airflow/example_dags/example_xcomargs.py
[2024-01-30T18:57:52.433+0000] {processor.py:756} INFO - Processing file /home/airflow/.local/lib/python3.7/site-packages/airflow/example_dags/example_xcomargs.py for tasks to queue
[2024-01-30T18:57:52.435+0000] {logging_mixin.py:120} INFO - [2024-01-30T18:57:52.435+0000] {dagbag.py:537} INFO - Filling up the DagBag from /home/airflow/.local/lib/python3.7/site-packages/airflow/example_dags/example_xcomargs.py
[2024-01-30T18:57:52.480+0000] {processor.py:766} INFO - DAG(s) dict_keys(['example_xcom_args', 'example_xcom_args_with_operators']) retrieved from /home/airflow/.local/lib/python3.7/site-packages/airflow/example_dags/example_xcomargs.py
[2024-01-30T18:57:52.563+0000] {logging_mixin.py:120} INFO - [2024-01-30T18:57:52.563+0000] {dag.py:2585} INFO - Sync 2 DAGs
[2024-01-30T18:57:52.606+0000] {logging_mixin.py:120} INFO - [2024-01-30T18:57:52.605+0000] {dag.py:3340} INFO - Setting next_dagrun for example_xcom_args to None, run_after=None
[2024-01-30T18:57:52.611+0000] {logging_mixin.py:120} INFO - [2024-01-30T18:57:52.611+0000] {dag.py:3340} INFO - Setting next_dagrun for example_xcom_args_with_operators to None, run_after=None
[2024-01-30T18:57:52.640+0000] {processor.py:176} INFO - Processing /home/airflow/.local/lib/python3.7/site-packages/airflow/example_dags/example_xcomargs.py took 0.215 seconds
[2024-01-30T18:58:22.731+0000] {processor.py:154} INFO - Started process (PID=1190) to work on /home/airflow/.local/lib/python3.7/site-packages/airflow/example_dags/example_xcomargs.py
[2024-01-30T18:58:22.733+0000] {processor.py:756} INFO - Processing file /home/airflow/.local/lib/python3.7/site-packages/airflow/example_dags/example_xcomargs.py for tasks to queue
[2024-01-30T18:58:22.735+0000] {logging_mixin.py:120} INFO - [2024-01-30T18:58:22.734+0000] {dagbag.py:537} INFO - Filling up the DagBag from /home/airflow/.local/lib/python3.7/site-packages/airflow/example_dags/example_xcomargs.py
[2024-01-30T18:58:22.771+0000] {processor.py:766} INFO - DAG(s) dict_keys(['example_xcom_args_with_operators', 'example_xcom_args']) retrieved from /home/airflow/.local/lib/python3.7/site-packages/airflow/example_dags/example_xcomargs.py
[2024-01-30T18:58:22.854+0000] {logging_mixin.py:120} INFO - [2024-01-30T18:58:22.853+0000] {dag.py:2585} INFO - Sync 2 DAGs
[2024-01-30T18:58:22.893+0000] {logging_mixin.py:120} INFO - [2024-01-30T18:58:22.893+0000] {dag.py:3340} INFO - Setting next_dagrun for example_xcom_args to None, run_after=None
[2024-01-30T18:58:22.898+0000] {logging_mixin.py:120} INFO - [2024-01-30T18:58:22.898+0000] {dag.py:3340} INFO - Setting next_dagrun for example_xcom_args_with_operators to None, run_after=None
[2024-01-30T18:58:22.940+0000] {processor.py:176} INFO - Processing /home/airflow/.local/lib/python3.7/site-packages/airflow/example_dags/example_xcomargs.py took 0.214 seconds
[2024-01-30T18:58:53.269+0000] {processor.py:154} INFO - Started process (PID=1245) to work on /home/airflow/.local/lib/python3.7/site-packages/airflow/example_dags/example_xcomargs.py
[2024-01-30T18:58:53.271+0000] {processor.py:756} INFO - Processing file /home/airflow/.local/lib/python3.7/site-packages/airflow/example_dags/example_xcomargs.py for tasks to queue
[2024-01-30T18:58:53.272+0000] {logging_mixin.py:120} INFO - [2024-01-30T18:58:53.272+0000] {dagbag.py:537} INFO - Filling up the DagBag from /home/airflow/.local/lib/python3.7/site-packages/airflow/example_dags/example_xcomargs.py
[2024-01-30T18:58:53.312+0000] {processor.py:766} INFO - DAG(s) dict_keys(['example_xcom_args_with_operators', 'example_xcom_args']) retrieved from /home/airflow/.local/lib/python3.7/site-packages/airflow/example_dags/example_xcomargs.py
[2024-01-30T18:58:53.376+0000] {logging_mixin.py:120} INFO - [2024-01-30T18:58:53.376+0000] {dag.py:2585} INFO - Sync 2 DAGs
[2024-01-30T18:58:53.409+0000] {logging_mixin.py:120} INFO - [2024-01-30T18:58:53.409+0000] {dag.py:3340} INFO - Setting next_dagrun for example_xcom_args to None, run_after=None
[2024-01-30T18:58:53.414+0000] {logging_mixin.py:120} INFO - [2024-01-30T18:58:53.414+0000] {dag.py:3340} INFO - Setting next_dagrun for example_xcom_args_with_operators to None, run_after=None
[2024-01-30T18:58:53.438+0000] {processor.py:176} INFO - Processing /home/airflow/.local/lib/python3.7/site-packages/airflow/example_dags/example_xcomargs.py took 0.176 seconds
[2024-01-30T18:59:23.878+0000] {processor.py:154} INFO - Started process (PID=1308) to work on /home/airflow/.local/lib/python3.7/site-packages/airflow/example_dags/example_xcomargs.py
[2024-01-30T18:59:23.879+0000] {processor.py:756} INFO - Processing file /home/airflow/.local/lib/python3.7/site-packages/airflow/example_dags/example_xcomargs.py for tasks to queue
[2024-01-30T18:59:23.880+0000] {logging_mixin.py:120} INFO - [2024-01-30T18:59:23.880+0000] {dagbag.py:537} INFO - Filling up the DagBag from /home/airflow/.local/lib/python3.7/site-packages/airflow/example_dags/example_xcomargs.py
[2024-01-30T18:59:23.921+0000] {processor.py:766} INFO - DAG(s) dict_keys(['example_xcom_args_with_operators', 'example_xcom_args']) retrieved from /home/airflow/.local/lib/python3.7/site-packages/airflow/example_dags/example_xcomargs.py
[2024-01-30T18:59:24.004+0000] {logging_mixin.py:120} INFO - [2024-01-30T18:59:24.004+0000] {dag.py:2585} INFO - Sync 2 DAGs
[2024-01-30T18:59:24.052+0000] {logging_mixin.py:120} INFO - [2024-01-30T18:59:24.052+0000] {dag.py:3340} INFO - Setting next_dagrun for example_xcom_args to None, run_after=None
[2024-01-30T18:59:24.059+0000] {logging_mixin.py:120} INFO - [2024-01-30T18:59:24.059+0000] {dag.py:3340} INFO - Setting next_dagrun for example_xcom_args_with_operators to None, run_after=None
[2024-01-30T18:59:24.096+0000] {processor.py:176} INFO - Processing /home/airflow/.local/lib/python3.7/site-packages/airflow/example_dags/example_xcomargs.py took 0.224 seconds
[2024-01-30T18:59:54.908+0000] {processor.py:154} INFO - Started process (PID=1373) to work on /home/airflow/.local/lib/python3.7/site-packages/airflow/example_dags/example_xcomargs.py
[2024-01-30T18:59:54.910+0000] {processor.py:756} INFO - Processing file /home/airflow/.local/lib/python3.7/site-packages/airflow/example_dags/example_xcomargs.py for tasks to queue
[2024-01-30T18:59:54.912+0000] {logging_mixin.py:120} INFO - [2024-01-30T18:59:54.912+0000] {dagbag.py:537} INFO - Filling up the DagBag from /home/airflow/.local/lib/python3.7/site-packages/airflow/example_dags/example_xcomargs.py
[2024-01-30T18:59:54.978+0000] {processor.py:766} INFO - DAG(s) dict_keys(['example_xcom_args', 'example_xcom_args_with_operators']) retrieved from /home/airflow/.local/lib/python3.7/site-packages/airflow/example_dags/example_xcomargs.py
[2024-01-30T18:59:55.091+0000] {logging_mixin.py:120} INFO - [2024-01-30T18:59:55.090+0000] {dag.py:2585} INFO - Sync 2 DAGs
[2024-01-30T18:59:55.158+0000] {logging_mixin.py:120} INFO - [2024-01-30T18:59:55.158+0000] {dag.py:3340} INFO - Setting next_dagrun for example_xcom_args to None, run_after=None
[2024-01-30T18:59:55.167+0000] {logging_mixin.py:120} INFO - [2024-01-30T18:59:55.167+0000] {dag.py:3340} INFO - Setting next_dagrun for example_xcom_args_with_operators to None, run_after=None
[2024-01-30T18:59:55.249+0000] {processor.py:176} INFO - Processing /home/airflow/.local/lib/python3.7/site-packages/airflow/example_dags/example_xcomargs.py took 0.351 seconds
[2024-01-30T19:00:25.930+0000] {processor.py:154} INFO - Started process (PID=1428) to work on /home/airflow/.local/lib/python3.7/site-packages/airflow/example_dags/example_xcomargs.py
[2024-01-30T19:00:25.933+0000] {processor.py:756} INFO - Processing file /home/airflow/.local/lib/python3.7/site-packages/airflow/example_dags/example_xcomargs.py for tasks to queue
[2024-01-30T19:00:25.935+0000] {logging_mixin.py:120} INFO - [2024-01-30T19:00:25.934+0000] {dagbag.py:537} INFO - Filling up the DagBag from /home/airflow/.local/lib/python3.7/site-packages/airflow/example_dags/example_xcomargs.py
[2024-01-30T19:00:25.980+0000] {processor.py:766} INFO - DAG(s) dict_keys(['example_xcom_args', 'example_xcom_args_with_operators']) retrieved from /home/airflow/.local/lib/python3.7/site-packages/airflow/example_dags/example_xcomargs.py
[2024-01-30T19:00:26.085+0000] {logging_mixin.py:120} INFO - [2024-01-30T19:00:26.085+0000] {dag.py:2585} INFO - Sync 2 DAGs
[2024-01-30T19:00:26.139+0000] {logging_mixin.py:120} INFO - [2024-01-30T19:00:26.138+0000] {dag.py:3340} INFO - Setting next_dagrun for example_xcom_args to None, run_after=None
[2024-01-30T19:00:26.146+0000] {logging_mixin.py:120} INFO - [2024-01-30T19:00:26.145+0000] {dag.py:3340} INFO - Setting next_dagrun for example_xcom_args_with_operators to None, run_after=None
[2024-01-30T19:00:26.183+0000] {processor.py:176} INFO - Processing /home/airflow/.local/lib/python3.7/site-packages/airflow/example_dags/example_xcomargs.py took 0.258 seconds
[2024-01-30T19:00:56.500+0000] {processor.py:154} INFO - Started process (PID=1493) to work on /home/airflow/.local/lib/python3.7/site-packages/airflow/example_dags/example_xcomargs.py
[2024-01-30T19:00:56.502+0000] {processor.py:756} INFO - Processing file /home/airflow/.local/lib/python3.7/site-packages/airflow/example_dags/example_xcomargs.py for tasks to queue
[2024-01-30T19:00:56.504+0000] {logging_mixin.py:120} INFO - [2024-01-30T19:00:56.503+0000] {dagbag.py:537} INFO - Filling up the DagBag from /home/airflow/.local/lib/python3.7/site-packages/airflow/example_dags/example_xcomargs.py
[2024-01-30T19:00:56.543+0000] {processor.py:766} INFO - DAG(s) dict_keys(['example_xcom_args', 'example_xcom_args_with_operators']) retrieved from /home/airflow/.local/lib/python3.7/site-packages/airflow/example_dags/example_xcomargs.py
[2024-01-30T19:00:56.628+0000] {logging_mixin.py:120} INFO - [2024-01-30T19:00:56.627+0000] {dag.py:2585} INFO - Sync 2 DAGs
[2024-01-30T19:00:56.681+0000] {logging_mixin.py:120} INFO - [2024-01-30T19:00:56.681+0000] {dag.py:3340} INFO - Setting next_dagrun for example_xcom_args to None, run_after=None
[2024-01-30T19:00:56.689+0000] {logging_mixin.py:120} INFO - [2024-01-30T19:00:56.689+0000] {dag.py:3340} INFO - Setting next_dagrun for example_xcom_args_with_operators to None, run_after=None
[2024-01-30T19:00:56.723+0000] {processor.py:176} INFO - Processing /home/airflow/.local/lib/python3.7/site-packages/airflow/example_dags/example_xcomargs.py took 0.228 seconds
[2024-01-30T19:01:26.782+0000] {processor.py:154} INFO - Started process (PID=1548) to work on /home/airflow/.local/lib/python3.7/site-packages/airflow/example_dags/example_xcomargs.py
[2024-01-30T19:01:26.783+0000] {processor.py:756} INFO - Processing file /home/airflow/.local/lib/python3.7/site-packages/airflow/example_dags/example_xcomargs.py for tasks to queue
[2024-01-30T19:01:26.785+0000] {logging_mixin.py:120} INFO - [2024-01-30T19:01:26.785+0000] {dagbag.py:537} INFO - Filling up the DagBag from /home/airflow/.local/lib/python3.7/site-packages/airflow/example_dags/example_xcomargs.py
[2024-01-30T19:01:26.831+0000] {processor.py:766} INFO - DAG(s) dict_keys(['example_xcom_args_with_operators', 'example_xcom_args']) retrieved from /home/airflow/.local/lib/python3.7/site-packages/airflow/example_dags/example_xcomargs.py
[2024-01-30T19:01:26.903+0000] {logging_mixin.py:120} INFO - [2024-01-30T19:01:26.903+0000] {dag.py:2585} INFO - Sync 2 DAGs
[2024-01-30T19:01:26.947+0000] {logging_mixin.py:120} INFO - [2024-01-30T19:01:26.946+0000] {dag.py:3340} INFO - Setting next_dagrun for example_xcom_args to None, run_after=None
[2024-01-30T19:01:26.952+0000] {logging_mixin.py:120} INFO - [2024-01-30T19:01:26.952+0000] {dag.py:3340} INFO - Setting next_dagrun for example_xcom_args_with_operators to None, run_after=None
[2024-01-30T19:01:26.988+0000] {processor.py:176} INFO - Processing /home/airflow/.local/lib/python3.7/site-packages/airflow/example_dags/example_xcomargs.py took 0.212 seconds
[2024-01-30T19:01:57.296+0000] {processor.py:154} INFO - Started process (PID=1612) to work on /home/airflow/.local/lib/python3.7/site-packages/airflow/example_dags/example_xcomargs.py
[2024-01-30T19:01:57.297+0000] {processor.py:756} INFO - Processing file /home/airflow/.local/lib/python3.7/site-packages/airflow/example_dags/example_xcomargs.py for tasks to queue
[2024-01-30T19:01:57.298+0000] {logging_mixin.py:120} INFO - [2024-01-30T19:01:57.298+0000] {dagbag.py:537} INFO - Filling up the DagBag from /home/airflow/.local/lib/python3.7/site-packages/airflow/example_dags/example_xcomargs.py
[2024-01-30T19:01:57.335+0000] {processor.py:766} INFO - DAG(s) dict_keys(['example_xcom_args', 'example_xcom_args_with_operators']) retrieved from /home/airflow/.local/lib/python3.7/site-packages/airflow/example_dags/example_xcomargs.py
[2024-01-30T19:01:57.404+0000] {logging_mixin.py:120} INFO - [2024-01-30T19:01:57.404+0000] {dag.py:2585} INFO - Sync 2 DAGs
[2024-01-30T19:01:57.453+0000] {logging_mixin.py:120} INFO - [2024-01-30T19:01:57.452+0000] {dag.py:3340} INFO - Setting next_dagrun for example_xcom_args to None, run_after=None
[2024-01-30T19:01:57.461+0000] {logging_mixin.py:120} INFO - [2024-01-30T19:01:57.461+0000] {dag.py:3340} INFO - Setting next_dagrun for example_xcom_args_with_operators to None, run_after=None
[2024-01-30T19:01:57.496+0000] {processor.py:176} INFO - Processing /home/airflow/.local/lib/python3.7/site-packages/airflow/example_dags/example_xcomargs.py took 0.206 seconds
[2024-01-30T19:02:28.170+0000] {processor.py:154} INFO - Started process (PID=1677) to work on /home/airflow/.local/lib/python3.7/site-packages/airflow/example_dags/example_xcomargs.py
[2024-01-30T19:02:28.172+0000] {processor.py:756} INFO - Processing file /home/airflow/.local/lib/python3.7/site-packages/airflow/example_dags/example_xcomargs.py for tasks to queue
[2024-01-30T19:02:28.173+0000] {logging_mixin.py:120} INFO - [2024-01-30T19:02:28.173+0000] {dagbag.py:537} INFO - Filling up the DagBag from /home/airflow/.local/lib/python3.7/site-packages/airflow/example_dags/example_xcomargs.py
[2024-01-30T19:02:28.213+0000] {processor.py:766} INFO - DAG(s) dict_keys(['example_xcom_args', 'example_xcom_args_with_operators']) retrieved from /home/airflow/.local/lib/python3.7/site-packages/airflow/example_dags/example_xcomargs.py
[2024-01-30T19:02:28.287+0000] {logging_mixin.py:120} INFO - [2024-01-30T19:02:28.287+0000] {dag.py:2585} INFO - Sync 2 DAGs
[2024-01-30T19:02:28.331+0000] {logging_mixin.py:120} INFO - [2024-01-30T19:02:28.330+0000] {dag.py:3340} INFO - Setting next_dagrun for example_xcom_args to None, run_after=None
[2024-01-30T19:02:28.336+0000] {logging_mixin.py:120} INFO - [2024-01-30T19:02:28.336+0000] {dag.py:3340} INFO - Setting next_dagrun for example_xcom_args_with_operators to None, run_after=None
[2024-01-30T19:02:28.367+0000] {processor.py:176} INFO - Processing /home/airflow/.local/lib/python3.7/site-packages/airflow/example_dags/example_xcomargs.py took 0.203 seconds
[2024-01-30T19:02:58.459+0000] {processor.py:154} INFO - Started process (PID=1732) to work on /home/airflow/.local/lib/python3.7/site-packages/airflow/example_dags/example_xcomargs.py
[2024-01-30T19:02:58.461+0000] {processor.py:756} INFO - Processing file /home/airflow/.local/lib/python3.7/site-packages/airflow/example_dags/example_xcomargs.py for tasks to queue
[2024-01-30T19:02:58.462+0000] {logging_mixin.py:120} INFO - [2024-01-30T19:02:58.461+0000] {dagbag.py:537} INFO - Filling up the DagBag from /home/airflow/.local/lib/python3.7/site-packages/airflow/example_dags/example_xcomargs.py
[2024-01-30T19:02:58.490+0000] {processor.py:766} INFO - DAG(s) dict_keys(['example_xcom_args', 'example_xcom_args_with_operators']) retrieved from /home/airflow/.local/lib/python3.7/site-packages/airflow/example_dags/example_xcomargs.py
[2024-01-30T19:02:58.547+0000] {logging_mixin.py:120} INFO - [2024-01-30T19:02:58.547+0000] {dag.py:2585} INFO - Sync 2 DAGs
[2024-01-30T19:02:58.582+0000] {logging_mixin.py:120} INFO - [2024-01-30T19:02:58.581+0000] {dag.py:3340} INFO - Setting next_dagrun for example_xcom_args to None, run_after=None
[2024-01-30T19:02:58.587+0000] {logging_mixin.py:120} INFO - [2024-01-30T19:02:58.586+0000] {dag.py:3340} INFO - Setting next_dagrun for example_xcom_args_with_operators to None, run_after=None
[2024-01-30T19:02:58.611+0000] {processor.py:176} INFO - Processing /home/airflow/.local/lib/python3.7/site-packages/airflow/example_dags/example_xcomargs.py took 0.157 seconds
[2024-01-30T19:03:29.070+0000] {processor.py:154} INFO - Started process (PID=1797) to work on /home/airflow/.local/lib/python3.7/site-packages/airflow/example_dags/example_xcomargs.py
[2024-01-30T19:03:29.072+0000] {processor.py:756} INFO - Processing file /home/airflow/.local/lib/python3.7/site-packages/airflow/example_dags/example_xcomargs.py for tasks to queue
[2024-01-30T19:03:29.074+0000] {logging_mixin.py:120} INFO - [2024-01-30T19:03:29.074+0000] {dagbag.py:537} INFO - Filling up the DagBag from /home/airflow/.local/lib/python3.7/site-packages/airflow/example_dags/example_xcomargs.py
[2024-01-30T19:03:29.111+0000] {processor.py:766} INFO - DAG(s) dict_keys(['example_xcom_args_with_operators', 'example_xcom_args']) retrieved from /home/airflow/.local/lib/python3.7/site-packages/airflow/example_dags/example_xcomargs.py
[2024-01-30T19:03:29.175+0000] {logging_mixin.py:120} INFO - [2024-01-30T19:03:29.175+0000] {dag.py:2585} INFO - Sync 2 DAGs
[2024-01-30T19:03:29.212+0000] {logging_mixin.py:120} INFO - [2024-01-30T19:03:29.212+0000] {dag.py:3340} INFO - Setting next_dagrun for example_xcom_args to None, run_after=None
[2024-01-30T19:03:29.218+0000] {logging_mixin.py:120} INFO - [2024-01-30T19:03:29.218+0000] {dag.py:3340} INFO - Setting next_dagrun for example_xcom_args_with_operators to None, run_after=None
[2024-01-30T19:03:29.246+0000] {processor.py:176} INFO - Processing /home/airflow/.local/lib/python3.7/site-packages/airflow/example_dags/example_xcomargs.py took 0.182 seconds
[2024-01-30T19:03:59.879+0000] {processor.py:154} INFO - Started process (PID=1852) to work on /home/airflow/.local/lib/python3.7/site-packages/airflow/example_dags/example_xcomargs.py
[2024-01-30T19:03:59.881+0000] {processor.py:756} INFO - Processing file /home/airflow/.local/lib/python3.7/site-packages/airflow/example_dags/example_xcomargs.py for tasks to queue
[2024-01-30T19:03:59.882+0000] {logging_mixin.py:120} INFO - [2024-01-30T19:03:59.882+0000] {dagbag.py:537} INFO - Filling up the DagBag from /home/airflow/.local/lib/python3.7/site-packages/airflow/example_dags/example_xcomargs.py
[2024-01-30T19:03:59.936+0000] {processor.py:766} INFO - DAG(s) dict_keys(['example_xcom_args_with_operators', 'example_xcom_args']) retrieved from /home/airflow/.local/lib/python3.7/site-packages/airflow/example_dags/example_xcomargs.py
[2024-01-30T19:04:00.008+0000] {logging_mixin.py:120} INFO - [2024-01-30T19:04:00.008+0000] {dag.py:2585} INFO - Sync 2 DAGs
[2024-01-30T19:04:00.047+0000] {logging_mixin.py:120} INFO - [2024-01-30T19:04:00.047+0000] {dag.py:3340} INFO - Setting next_dagrun for example_xcom_args to None, run_after=None
[2024-01-30T19:04:00.053+0000] {logging_mixin.py:120} INFO - [2024-01-30T19:04:00.053+0000] {dag.py:3340} INFO - Setting next_dagrun for example_xcom_args_with_operators to None, run_after=None
[2024-01-30T19:04:00.079+0000] {processor.py:176} INFO - Processing /home/airflow/.local/lib/python3.7/site-packages/airflow/example_dags/example_xcomargs.py took 0.206 seconds
[2024-01-30T19:04:30.199+0000] {processor.py:154} INFO - Started process (PID=1915) to work on /home/airflow/.local/lib/python3.7/site-packages/airflow/example_dags/example_xcomargs.py
[2024-01-30T19:04:30.201+0000] {processor.py:756} INFO - Processing file /home/airflow/.local/lib/python3.7/site-packages/airflow/example_dags/example_xcomargs.py for tasks to queue
[2024-01-30T19:04:30.203+0000] {logging_mixin.py:120} INFO - [2024-01-30T19:04:30.203+0000] {dagbag.py:537} INFO - Filling up the DagBag from /home/airflow/.local/lib/python3.7/site-packages/airflow/example_dags/example_xcomargs.py
[2024-01-30T19:04:30.249+0000] {processor.py:766} INFO - DAG(s) dict_keys(['example_xcom_args_with_operators', 'example_xcom_args']) retrieved from /home/airflow/.local/lib/python3.7/site-packages/airflow/example_dags/example_xcomargs.py
[2024-01-30T19:04:30.327+0000] {logging_mixin.py:120} INFO - [2024-01-30T19:04:30.327+0000] {dag.py:2585} INFO - Sync 2 DAGs
[2024-01-30T19:04:30.374+0000] {logging_mixin.py:120} INFO - [2024-01-30T19:04:30.373+0000] {dag.py:3340} INFO - Setting next_dagrun for example_xcom_args to None, run_after=None
[2024-01-30T19:04:30.379+0000] {logging_mixin.py:120} INFO - [2024-01-30T19:04:30.379+0000] {dag.py:3340} INFO - Setting next_dagrun for example_xcom_args_with_operators to None, run_after=None
[2024-01-30T19:04:30.412+0000] {processor.py:176} INFO - Processing /home/airflow/.local/lib/python3.7/site-packages/airflow/example_dags/example_xcomargs.py took 0.219 seconds
[2024-01-30T19:05:00.614+0000] {processor.py:154} INFO - Started process (PID=1979) to work on /home/airflow/.local/lib/python3.7/site-packages/airflow/example_dags/example_xcomargs.py
[2024-01-30T19:05:00.616+0000] {processor.py:756} INFO - Processing file /home/airflow/.local/lib/python3.7/site-packages/airflow/example_dags/example_xcomargs.py for tasks to queue
[2024-01-30T19:05:00.618+0000] {logging_mixin.py:120} INFO - [2024-01-30T19:05:00.618+0000] {dagbag.py:537} INFO - Filling up the DagBag from /home/airflow/.local/lib/python3.7/site-packages/airflow/example_dags/example_xcomargs.py
[2024-01-30T19:05:00.659+0000] {processor.py:766} INFO - DAG(s) dict_keys(['example_xcom_args_with_operators', 'example_xcom_args']) retrieved from /home/airflow/.local/lib/python3.7/site-packages/airflow/example_dags/example_xcomargs.py
[2024-01-30T19:05:00.730+0000] {logging_mixin.py:120} INFO - [2024-01-30T19:05:00.729+0000] {dag.py:2585} INFO - Sync 2 DAGs
[2024-01-30T19:05:00.770+0000] {logging_mixin.py:120} INFO - [2024-01-30T19:05:00.770+0000] {dag.py:3340} INFO - Setting next_dagrun for example_xcom_args to None, run_after=None
[2024-01-30T19:05:00.777+0000] {logging_mixin.py:120} INFO - [2024-01-30T19:05:00.776+0000] {dag.py:3340} INFO - Setting next_dagrun for example_xcom_args_with_operators to None, run_after=None
[2024-01-30T19:05:00.807+0000] {processor.py:176} INFO - Processing /home/airflow/.local/lib/python3.7/site-packages/airflow/example_dags/example_xcomargs.py took 0.197 seconds
[2024-01-30T19:05:31.064+0000] {processor.py:154} INFO - Started process (PID=2034) to work on /home/airflow/.local/lib/python3.7/site-packages/airflow/example_dags/example_xcomargs.py
[2024-01-30T19:05:31.066+0000] {processor.py:756} INFO - Processing file /home/airflow/.local/lib/python3.7/site-packages/airflow/example_dags/example_xcomargs.py for tasks to queue
[2024-01-30T19:05:31.067+0000] {logging_mixin.py:120} INFO - [2024-01-30T19:05:31.067+0000] {dagbag.py:537} INFO - Filling up the DagBag from /home/airflow/.local/lib/python3.7/site-packages/airflow/example_dags/example_xcomargs.py
[2024-01-30T19:05:31.111+0000] {processor.py:766} INFO - DAG(s) dict_keys(['example_xcom_args_with_operators', 'example_xcom_args']) retrieved from /home/airflow/.local/lib/python3.7/site-packages/airflow/example_dags/example_xcomargs.py
[2024-01-30T19:05:31.191+0000] {logging_mixin.py:120} INFO - [2024-01-30T19:05:31.191+0000] {dag.py:2585} INFO - Sync 2 DAGs
[2024-01-30T19:05:31.238+0000] {logging_mixin.py:120} INFO - [2024-01-30T19:05:31.238+0000] {dag.py:3340} INFO - Setting next_dagrun for example_xcom_args to None, run_after=None
[2024-01-30T19:05:31.245+0000] {logging_mixin.py:120} INFO - [2024-01-30T19:05:31.245+0000] {dag.py:3340} INFO - Setting next_dagrun for example_xcom_args_with_operators to None, run_after=None
[2024-01-30T19:05:31.278+0000] {processor.py:176} INFO - Processing /home/airflow/.local/lib/python3.7/site-packages/airflow/example_dags/example_xcomargs.py took 0.220 seconds
[2024-01-30T19:06:01.461+0000] {processor.py:154} INFO - Started process (PID=2099) to work on /home/airflow/.local/lib/python3.7/site-packages/airflow/example_dags/example_xcomargs.py
[2024-01-30T19:06:01.462+0000] {processor.py:756} INFO - Processing file /home/airflow/.local/lib/python3.7/site-packages/airflow/example_dags/example_xcomargs.py for tasks to queue
[2024-01-30T19:06:01.464+0000] {logging_mixin.py:120} INFO - [2024-01-30T19:06:01.464+0000] {dagbag.py:537} INFO - Filling up the DagBag from /home/airflow/.local/lib/python3.7/site-packages/airflow/example_dags/example_xcomargs.py
[2024-01-30T19:06:01.508+0000] {processor.py:766} INFO - DAG(s) dict_keys(['example_xcom_args_with_operators', 'example_xcom_args']) retrieved from /home/airflow/.local/lib/python3.7/site-packages/airflow/example_dags/example_xcomargs.py
[2024-01-30T19:06:01.601+0000] {logging_mixin.py:120} INFO - [2024-01-30T19:06:01.600+0000] {dag.py:2585} INFO - Sync 2 DAGs
[2024-01-30T19:06:01.676+0000] {logging_mixin.py:120} INFO - [2024-01-30T19:06:01.676+0000] {dag.py:3340} INFO - Setting next_dagrun for example_xcom_args to None, run_after=None
[2024-01-30T19:06:01.683+0000] {logging_mixin.py:120} INFO - [2024-01-30T19:06:01.683+0000] {dag.py:3340} INFO - Setting next_dagrun for example_xcom_args_with_operators to None, run_after=None
[2024-01-30T19:06:01.724+0000] {processor.py:176} INFO - Processing /home/airflow/.local/lib/python3.7/site-packages/airflow/example_dags/example_xcomargs.py took 0.269 seconds
[2024-01-30T19:06:32.039+0000] {processor.py:154} INFO - Started process (PID=2164) to work on /home/airflow/.local/lib/python3.7/site-packages/airflow/example_dags/example_xcomargs.py
[2024-01-30T19:06:32.041+0000] {processor.py:756} INFO - Processing file /home/airflow/.local/lib/python3.7/site-packages/airflow/example_dags/example_xcomargs.py for tasks to queue
[2024-01-30T19:06:32.042+0000] {logging_mixin.py:120} INFO - [2024-01-30T19:06:32.042+0000] {dagbag.py:537} INFO - Filling up the DagBag from /home/airflow/.local/lib/python3.7/site-packages/airflow/example_dags/example_xcomargs.py
[2024-01-30T19:06:32.075+0000] {processor.py:766} INFO - DAG(s) dict_keys(['example_xcom_args', 'example_xcom_args_with_operators']) retrieved from /home/airflow/.local/lib/python3.7/site-packages/airflow/example_dags/example_xcomargs.py
[2024-01-30T19:06:32.137+0000] {logging_mixin.py:120} INFO - [2024-01-30T19:06:32.137+0000] {dag.py:2585} INFO - Sync 2 DAGs
[2024-01-30T19:06:32.185+0000] {logging_mixin.py:120} INFO - [2024-01-30T19:06:32.184+0000] {dag.py:3340} INFO - Setting next_dagrun for example_xcom_args to None, run_after=None
[2024-01-30T19:06:32.194+0000] {logging_mixin.py:120} INFO - [2024-01-30T19:06:32.194+0000] {dag.py:3340} INFO - Setting next_dagrun for example_xcom_args_with_operators to None, run_after=None
[2024-01-30T19:06:32.239+0000] {processor.py:176} INFO - Processing /home/airflow/.local/lib/python3.7/site-packages/airflow/example_dags/example_xcomargs.py took 0.204 seconds
[2024-01-30T19:07:02.507+0000] {processor.py:154} INFO - Started process (PID=2219) to work on /home/airflow/.local/lib/python3.7/site-packages/airflow/example_dags/example_xcomargs.py
[2024-01-30T19:07:02.509+0000] {processor.py:756} INFO - Processing file /home/airflow/.local/lib/python3.7/site-packages/airflow/example_dags/example_xcomargs.py for tasks to queue
[2024-01-30T19:07:02.511+0000] {logging_mixin.py:120} INFO - [2024-01-30T19:07:02.510+0000] {dagbag.py:537} INFO - Filling up the DagBag from /home/airflow/.local/lib/python3.7/site-packages/airflow/example_dags/example_xcomargs.py
[2024-01-30T19:07:02.544+0000] {processor.py:766} INFO - DAG(s) dict_keys(['example_xcom_args_with_operators', 'example_xcom_args']) retrieved from /home/airflow/.local/lib/python3.7/site-packages/airflow/example_dags/example_xcomargs.py
[2024-01-30T19:07:02.612+0000] {logging_mixin.py:120} INFO - [2024-01-30T19:07:02.612+0000] {dag.py:2585} INFO - Sync 2 DAGs
[2024-01-30T19:07:02.661+0000] {logging_mixin.py:120} INFO - [2024-01-30T19:07:02.660+0000] {dag.py:3340} INFO - Setting next_dagrun for example_xcom_args to None, run_after=None
[2024-01-30T19:07:02.665+0000] {logging_mixin.py:120} INFO - [2024-01-30T19:07:02.665+0000] {dag.py:3340} INFO - Setting next_dagrun for example_xcom_args_with_operators to None, run_after=None
[2024-01-30T19:07:02.707+0000] {processor.py:176} INFO - Processing /home/airflow/.local/lib/python3.7/site-packages/airflow/example_dags/example_xcomargs.py took 0.204 seconds
[2024-01-30T19:07:32.757+0000] {processor.py:154} INFO - Started process (PID=2282) to work on /home/airflow/.local/lib/python3.7/site-packages/airflow/example_dags/example_xcomargs.py
[2024-01-30T19:07:32.760+0000] {processor.py:756} INFO - Processing file /home/airflow/.local/lib/python3.7/site-packages/airflow/example_dags/example_xcomargs.py for tasks to queue
[2024-01-30T19:07:32.762+0000] {logging_mixin.py:120} INFO - [2024-01-30T19:07:32.762+0000] {dagbag.py:537} INFO - Filling up the DagBag from /home/airflow/.local/lib/python3.7/site-packages/airflow/example_dags/example_xcomargs.py
[2024-01-30T19:07:32.814+0000] {processor.py:766} INFO - DAG(s) dict_keys(['example_xcom_args_with_operators', 'example_xcom_args']) retrieved from /home/airflow/.local/lib/python3.7/site-packages/airflow/example_dags/example_xcomargs.py
[2024-01-30T19:07:32.897+0000] {logging_mixin.py:120} INFO - [2024-01-30T19:07:32.896+0000] {dag.py:2585} INFO - Sync 2 DAGs
[2024-01-30T19:07:32.947+0000] {logging_mixin.py:120} INFO - [2024-01-30T19:07:32.947+0000] {dag.py:3340} INFO - Setting next_dagrun for example_xcom_args to None, run_after=None
[2024-01-30T19:07:32.954+0000] {logging_mixin.py:120} INFO - [2024-01-30T19:07:32.953+0000] {dag.py:3340} INFO - Setting next_dagrun for example_xcom_args_with_operators to None, run_after=None
[2024-01-30T19:07:32.998+0000] {processor.py:176} INFO - Processing /home/airflow/.local/lib/python3.7/site-packages/airflow/example_dags/example_xcomargs.py took 0.251 seconds
[2024-01-30T19:08:03.625+0000] {processor.py:154} INFO - Started process (PID=2337) to work on /home/airflow/.local/lib/python3.7/site-packages/airflow/example_dags/example_xcomargs.py
[2024-01-30T19:08:03.627+0000] {processor.py:756} INFO - Processing file /home/airflow/.local/lib/python3.7/site-packages/airflow/example_dags/example_xcomargs.py for tasks to queue
[2024-01-30T19:08:03.629+0000] {logging_mixin.py:120} INFO - [2024-01-30T19:08:03.629+0000] {dagbag.py:537} INFO - Filling up the DagBag from /home/airflow/.local/lib/python3.7/site-packages/airflow/example_dags/example_xcomargs.py
[2024-01-30T19:08:03.671+0000] {processor.py:766} INFO - DAG(s) dict_keys(['example_xcom_args', 'example_xcom_args_with_operators']) retrieved from /home/airflow/.local/lib/python3.7/site-packages/airflow/example_dags/example_xcomargs.py
[2024-01-30T19:08:03.735+0000] {logging_mixin.py:120} INFO - [2024-01-30T19:08:03.734+0000] {dag.py:2585} INFO - Sync 2 DAGs
[2024-01-30T19:08:03.766+0000] {logging_mixin.py:120} INFO - [2024-01-30T19:08:03.766+0000] {dag.py:3340} INFO - Setting next_dagrun for example_xcom_args to None, run_after=None
[2024-01-30T19:08:03.771+0000] {logging_mixin.py:120} INFO - [2024-01-30T19:08:03.771+0000] {dag.py:3340} INFO - Setting next_dagrun for example_xcom_args_with_operators to None, run_after=None
[2024-01-30T19:08:03.811+0000] {processor.py:176} INFO - Processing /home/airflow/.local/lib/python3.7/site-packages/airflow/example_dags/example_xcomargs.py took 0.196 seconds
[2024-01-30T19:08:33.884+0000] {processor.py:154} INFO - Started process (PID=2403) to work on /home/airflow/.local/lib/python3.7/site-packages/airflow/example_dags/example_xcomargs.py
[2024-01-30T19:08:33.890+0000] {processor.py:756} INFO - Processing file /home/airflow/.local/lib/python3.7/site-packages/airflow/example_dags/example_xcomargs.py for tasks to queue
[2024-01-30T19:08:33.893+0000] {logging_mixin.py:120} INFO - [2024-01-30T19:08:33.892+0000] {dagbag.py:537} INFO - Filling up the DagBag from /home/airflow/.local/lib/python3.7/site-packages/airflow/example_dags/example_xcomargs.py
[2024-01-30T19:08:33.940+0000] {processor.py:766} INFO - DAG(s) dict_keys(['example_xcom_args_with_operators', 'example_xcom_args']) retrieved from /home/airflow/.local/lib/python3.7/site-packages/airflow/example_dags/example_xcomargs.py
[2024-01-30T19:08:34.018+0000] {logging_mixin.py:120} INFO - [2024-01-30T19:08:34.018+0000] {dag.py:2585} INFO - Sync 2 DAGs
[2024-01-30T19:08:34.060+0000] {logging_mixin.py:120} INFO - [2024-01-30T19:08:34.060+0000] {dag.py:3340} INFO - Setting next_dagrun for example_xcom_args to None, run_after=None
[2024-01-30T19:08:34.066+0000] {logging_mixin.py:120} INFO - [2024-01-30T19:08:34.065+0000] {dag.py:3340} INFO - Setting next_dagrun for example_xcom_args_with_operators to None, run_after=None
[2024-01-30T19:08:34.115+0000] {processor.py:176} INFO - Processing /home/airflow/.local/lib/python3.7/site-packages/airflow/example_dags/example_xcomargs.py took 0.236 seconds
[2024-01-30T19:09:04.689+0000] {processor.py:154} INFO - Started process (PID=2466) to work on /home/airflow/.local/lib/python3.7/site-packages/airflow/example_dags/example_xcomargs.py
[2024-01-30T19:09:04.693+0000] {processor.py:756} INFO - Processing file /home/airflow/.local/lib/python3.7/site-packages/airflow/example_dags/example_xcomargs.py for tasks to queue
[2024-01-30T19:09:04.694+0000] {logging_mixin.py:120} INFO - [2024-01-30T19:09:04.694+0000] {dagbag.py:537} INFO - Filling up the DagBag from /home/airflow/.local/lib/python3.7/site-packages/airflow/example_dags/example_xcomargs.py
[2024-01-30T19:09:04.744+0000] {processor.py:766} INFO - DAG(s) dict_keys(['example_xcom_args', 'example_xcom_args_with_operators']) retrieved from /home/airflow/.local/lib/python3.7/site-packages/airflow/example_dags/example_xcomargs.py
[2024-01-30T19:09:04.840+0000] {logging_mixin.py:120} INFO - [2024-01-30T19:09:04.839+0000] {dag.py:2585} INFO - Sync 2 DAGs
[2024-01-30T19:09:04.886+0000] {logging_mixin.py:120} INFO - [2024-01-30T19:09:04.886+0000] {dag.py:3340} INFO - Setting next_dagrun for example_xcom_args to None, run_after=None
[2024-01-30T19:09:04.893+0000] {logging_mixin.py:120} INFO - [2024-01-30T19:09:04.892+0000] {dag.py:3340} INFO - Setting next_dagrun for example_xcom_args_with_operators to None, run_after=None
[2024-01-30T19:09:04.920+0000] {processor.py:176} INFO - Processing /home/airflow/.local/lib/python3.7/site-packages/airflow/example_dags/example_xcomargs.py took 0.240 seconds
[2024-01-30T19:09:35.409+0000] {processor.py:154} INFO - Started process (PID=2527) to work on /home/airflow/.local/lib/python3.7/site-packages/airflow/example_dags/example_xcomargs.py
[2024-01-30T19:09:35.410+0000] {processor.py:756} INFO - Processing file /home/airflow/.local/lib/python3.7/site-packages/airflow/example_dags/example_xcomargs.py for tasks to queue
[2024-01-30T19:09:35.412+0000] {logging_mixin.py:120} INFO - [2024-01-30T19:09:35.411+0000] {dagbag.py:537} INFO - Filling up the DagBag from /home/airflow/.local/lib/python3.7/site-packages/airflow/example_dags/example_xcomargs.py
[2024-01-30T19:09:35.443+0000] {processor.py:766} INFO - DAG(s) dict_keys(['example_xcom_args_with_operators', 'example_xcom_args']) retrieved from /home/airflow/.local/lib/python3.7/site-packages/airflow/example_dags/example_xcomargs.py
[2024-01-30T19:09:35.510+0000] {logging_mixin.py:120} INFO - [2024-01-30T19:09:35.510+0000] {dag.py:2585} INFO - Sync 2 DAGs
[2024-01-30T19:09:35.549+0000] {logging_mixin.py:120} INFO - [2024-01-30T19:09:35.548+0000] {dag.py:3340} INFO - Setting next_dagrun for example_xcom_args to None, run_after=None
[2024-01-30T19:09:35.562+0000] {logging_mixin.py:120} INFO - [2024-01-30T19:09:35.562+0000] {dag.py:3340} INFO - Setting next_dagrun for example_xcom_args_with_operators to None, run_after=None
[2024-01-30T19:09:35.605+0000] {processor.py:176} INFO - Processing /home/airflow/.local/lib/python3.7/site-packages/airflow/example_dags/example_xcomargs.py took 0.209 seconds
[2024-01-30T19:10:06.029+0000] {processor.py:154} INFO - Started process (PID=2591) to work on /home/airflow/.local/lib/python3.7/site-packages/airflow/example_dags/example_xcomargs.py
[2024-01-30T19:10:06.032+0000] {processor.py:756} INFO - Processing file /home/airflow/.local/lib/python3.7/site-packages/airflow/example_dags/example_xcomargs.py for tasks to queue
[2024-01-30T19:10:06.034+0000] {logging_mixin.py:120} INFO - [2024-01-30T19:10:06.034+0000] {dagbag.py:537} INFO - Filling up the DagBag from /home/airflow/.local/lib/python3.7/site-packages/airflow/example_dags/example_xcomargs.py
[2024-01-30T19:10:06.084+0000] {processor.py:766} INFO - DAG(s) dict_keys(['example_xcom_args', 'example_xcom_args_with_operators']) retrieved from /home/airflow/.local/lib/python3.7/site-packages/airflow/example_dags/example_xcomargs.py
[2024-01-30T19:10:06.157+0000] {logging_mixin.py:120} INFO - [2024-01-30T19:10:06.156+0000] {dag.py:2585} INFO - Sync 2 DAGs
[2024-01-30T19:10:06.193+0000] {logging_mixin.py:120} INFO - [2024-01-30T19:10:06.193+0000] {dag.py:3340} INFO - Setting next_dagrun for example_xcom_args to None, run_after=None
[2024-01-30T19:10:06.198+0000] {logging_mixin.py:120} INFO - [2024-01-30T19:10:06.198+0000] {dag.py:3340} INFO - Setting next_dagrun for example_xcom_args_with_operators to None, run_after=None
[2024-01-30T19:10:06.228+0000] {processor.py:176} INFO - Processing /home/airflow/.local/lib/python3.7/site-packages/airflow/example_dags/example_xcomargs.py took 0.205 seconds
[2024-01-30T19:10:36.493+0000] {processor.py:154} INFO - Started process (PID=2647) to work on /home/airflow/.local/lib/python3.7/site-packages/airflow/example_dags/example_xcomargs.py
[2024-01-30T19:10:36.495+0000] {processor.py:756} INFO - Processing file /home/airflow/.local/lib/python3.7/site-packages/airflow/example_dags/example_xcomargs.py for tasks to queue
[2024-01-30T19:10:36.496+0000] {logging_mixin.py:120} INFO - [2024-01-30T19:10:36.496+0000] {dagbag.py:537} INFO - Filling up the DagBag from /home/airflow/.local/lib/python3.7/site-packages/airflow/example_dags/example_xcomargs.py
[2024-01-30T19:10:36.536+0000] {processor.py:766} INFO - DAG(s) dict_keys(['example_xcom_args', 'example_xcom_args_with_operators']) retrieved from /home/airflow/.local/lib/python3.7/site-packages/airflow/example_dags/example_xcomargs.py
[2024-01-30T19:10:36.594+0000] {logging_mixin.py:120} INFO - [2024-01-30T19:10:36.594+0000] {dag.py:2585} INFO - Sync 2 DAGs
[2024-01-30T19:10:36.628+0000] {logging_mixin.py:120} INFO - [2024-01-30T19:10:36.628+0000] {dag.py:3340} INFO - Setting next_dagrun for example_xcom_args to None, run_after=None
[2024-01-30T19:10:36.632+0000] {logging_mixin.py:120} INFO - [2024-01-30T19:10:36.632+0000] {dag.py:3340} INFO - Setting next_dagrun for example_xcom_args_with_operators to None, run_after=None
[2024-01-30T19:10:36.656+0000] {processor.py:176} INFO - Processing /home/airflow/.local/lib/python3.7/site-packages/airflow/example_dags/example_xcomargs.py took 0.175 seconds
[2024-01-30T19:11:07.087+0000] {processor.py:154} INFO - Started process (PID=2711) to work on /home/airflow/.local/lib/python3.7/site-packages/airflow/example_dags/example_xcomargs.py
[2024-01-30T19:11:07.089+0000] {processor.py:756} INFO - Processing file /home/airflow/.local/lib/python3.7/site-packages/airflow/example_dags/example_xcomargs.py for tasks to queue
[2024-01-30T19:11:07.091+0000] {logging_mixin.py:120} INFO - [2024-01-30T19:11:07.091+0000] {dagbag.py:537} INFO - Filling up the DagBag from /home/airflow/.local/lib/python3.7/site-packages/airflow/example_dags/example_xcomargs.py
[2024-01-30T19:11:07.139+0000] {processor.py:766} INFO - DAG(s) dict_keys(['example_xcom_args', 'example_xcom_args_with_operators']) retrieved from /home/airflow/.local/lib/python3.7/site-packages/airflow/example_dags/example_xcomargs.py
[2024-01-30T19:11:07.218+0000] {logging_mixin.py:120} INFO - [2024-01-30T19:11:07.218+0000] {dag.py:2585} INFO - Sync 2 DAGs
[2024-01-30T19:11:07.272+0000] {logging_mixin.py:120} INFO - [2024-01-30T19:11:07.271+0000] {dag.py:3340} INFO - Setting next_dagrun for example_xcom_args to None, run_after=None
[2024-01-30T19:11:07.278+0000] {logging_mixin.py:120} INFO - [2024-01-30T19:11:07.277+0000] {dag.py:3340} INFO - Setting next_dagrun for example_xcom_args_with_operators to None, run_after=None
[2024-01-30T19:11:07.306+0000] {processor.py:176} INFO - Processing /home/airflow/.local/lib/python3.7/site-packages/airflow/example_dags/example_xcomargs.py took 0.231 seconds
[2024-01-30T19:11:38.485+0000] {processor.py:154} INFO - Started process (PID=2779) to work on /home/airflow/.local/lib/python3.7/site-packages/airflow/example_dags/example_xcomargs.py
[2024-01-30T19:11:38.487+0000] {processor.py:756} INFO - Processing file /home/airflow/.local/lib/python3.7/site-packages/airflow/example_dags/example_xcomargs.py for tasks to queue
[2024-01-30T19:11:38.489+0000] {logging_mixin.py:120} INFO - [2024-01-30T19:11:38.488+0000] {dagbag.py:537} INFO - Filling up the DagBag from /home/airflow/.local/lib/python3.7/site-packages/airflow/example_dags/example_xcomargs.py
[2024-01-30T19:11:38.517+0000] {processor.py:766} INFO - DAG(s) dict_keys(['example_xcom_args_with_operators', 'example_xcom_args']) retrieved from /home/airflow/.local/lib/python3.7/site-packages/airflow/example_dags/example_xcomargs.py
[2024-01-30T19:11:38.572+0000] {logging_mixin.py:120} INFO - [2024-01-30T19:11:38.572+0000] {dag.py:2585} INFO - Sync 2 DAGs
[2024-01-30T19:11:38.602+0000] {logging_mixin.py:120} INFO - [2024-01-30T19:11:38.602+0000] {dag.py:3340} INFO - Setting next_dagrun for example_xcom_args to None, run_after=None
[2024-01-30T19:11:38.607+0000] {logging_mixin.py:120} INFO - [2024-01-30T19:11:38.607+0000] {dag.py:3340} INFO - Setting next_dagrun for example_xcom_args_with_operators to None, run_after=None
[2024-01-30T19:11:38.628+0000] {processor.py:176} INFO - Processing /home/airflow/.local/lib/python3.7/site-packages/airflow/example_dags/example_xcomargs.py took 0.147 seconds
[2024-01-30T19:12:08.798+0000] {processor.py:154} INFO - Started process (PID=2836) to work on /home/airflow/.local/lib/python3.7/site-packages/airflow/example_dags/example_xcomargs.py
[2024-01-30T19:12:08.799+0000] {processor.py:756} INFO - Processing file /home/airflow/.local/lib/python3.7/site-packages/airflow/example_dags/example_xcomargs.py for tasks to queue
[2024-01-30T19:12:08.801+0000] {logging_mixin.py:120} INFO - [2024-01-30T19:12:08.800+0000] {dagbag.py:537} INFO - Filling up the DagBag from /home/airflow/.local/lib/python3.7/site-packages/airflow/example_dags/example_xcomargs.py
[2024-01-30T19:12:08.835+0000] {processor.py:766} INFO - DAG(s) dict_keys(['example_xcom_args_with_operators', 'example_xcom_args']) retrieved from /home/airflow/.local/lib/python3.7/site-packages/airflow/example_dags/example_xcomargs.py
[2024-01-30T19:12:08.892+0000] {logging_mixin.py:120} INFO - [2024-01-30T19:12:08.891+0000] {dag.py:2585} INFO - Sync 2 DAGs
[2024-01-30T19:12:08.925+0000] {logging_mixin.py:120} INFO - [2024-01-30T19:12:08.925+0000] {dag.py:3340} INFO - Setting next_dagrun for example_xcom_args to None, run_after=None
[2024-01-30T19:12:08.931+0000] {logging_mixin.py:120} INFO - [2024-01-30T19:12:08.931+0000] {dag.py:3340} INFO - Setting next_dagrun for example_xcom_args_with_operators to None, run_after=None
[2024-01-30T19:12:08.955+0000] {processor.py:176} INFO - Processing /home/airflow/.local/lib/python3.7/site-packages/airflow/example_dags/example_xcomargs.py took 0.162 seconds
[2024-01-30T19:12:39.436+0000] {processor.py:154} INFO - Started process (PID=2902) to work on /home/airflow/.local/lib/python3.7/site-packages/airflow/example_dags/example_xcomargs.py
[2024-01-30T19:12:39.438+0000] {processor.py:756} INFO - Processing file /home/airflow/.local/lib/python3.7/site-packages/airflow/example_dags/example_xcomargs.py for tasks to queue
[2024-01-30T19:12:39.439+0000] {logging_mixin.py:120} INFO - [2024-01-30T19:12:39.439+0000] {dagbag.py:537} INFO - Filling up the DagBag from /home/airflow/.local/lib/python3.7/site-packages/airflow/example_dags/example_xcomargs.py
[2024-01-30T19:12:39.486+0000] {processor.py:766} INFO - DAG(s) dict_keys(['example_xcom_args_with_operators', 'example_xcom_args']) retrieved from /home/airflow/.local/lib/python3.7/site-packages/airflow/example_dags/example_xcomargs.py
[2024-01-30T19:12:39.576+0000] {logging_mixin.py:120} INFO - [2024-01-30T19:12:39.576+0000] {dag.py:2585} INFO - Sync 2 DAGs
[2024-01-30T19:12:39.611+0000] {logging_mixin.py:120} INFO - [2024-01-30T19:12:39.611+0000] {dag.py:3340} INFO - Setting next_dagrun for example_xcom_args to None, run_after=None
[2024-01-30T19:12:39.616+0000] {logging_mixin.py:120} INFO - [2024-01-30T19:12:39.616+0000] {dag.py:3340} INFO - Setting next_dagrun for example_xcom_args_with_operators to None, run_after=None
[2024-01-30T19:12:39.641+0000] {processor.py:176} INFO - Processing /home/airflow/.local/lib/python3.7/site-packages/airflow/example_dags/example_xcomargs.py took 0.210 seconds
[2024-01-30T19:13:10.119+0000] {processor.py:154} INFO - Started process (PID=2967) to work on /home/airflow/.local/lib/python3.7/site-packages/airflow/example_dags/example_xcomargs.py
[2024-01-30T19:13:10.121+0000] {processor.py:756} INFO - Processing file /home/airflow/.local/lib/python3.7/site-packages/airflow/example_dags/example_xcomargs.py for tasks to queue
[2024-01-30T19:13:10.122+0000] {logging_mixin.py:120} INFO - [2024-01-30T19:13:10.122+0000] {dagbag.py:537} INFO - Filling up the DagBag from /home/airflow/.local/lib/python3.7/site-packages/airflow/example_dags/example_xcomargs.py
[2024-01-30T19:13:10.153+0000] {processor.py:766} INFO - DAG(s) dict_keys(['example_xcom_args_with_operators', 'example_xcom_args']) retrieved from /home/airflow/.local/lib/python3.7/site-packages/airflow/example_dags/example_xcomargs.py
[2024-01-30T19:13:10.226+0000] {logging_mixin.py:120} INFO - [2024-01-30T19:13:10.225+0000] {dag.py:2585} INFO - Sync 2 DAGs
[2024-01-30T19:13:10.268+0000] {logging_mixin.py:120} INFO - [2024-01-30T19:13:10.267+0000] {dag.py:3340} INFO - Setting next_dagrun for example_xcom_args to None, run_after=None
[2024-01-30T19:13:10.274+0000] {logging_mixin.py:120} INFO - [2024-01-30T19:13:10.273+0000] {dag.py:3340} INFO - Setting next_dagrun for example_xcom_args_with_operators to None, run_after=None
[2024-01-30T19:13:10.300+0000] {processor.py:176} INFO - Processing /home/airflow/.local/lib/python3.7/site-packages/airflow/example_dags/example_xcomargs.py took 0.186 seconds
[2024-01-30T19:13:40.492+0000] {processor.py:154} INFO - Started process (PID=3023) to work on /home/airflow/.local/lib/python3.7/site-packages/airflow/example_dags/example_xcomargs.py
[2024-01-30T19:13:40.493+0000] {processor.py:756} INFO - Processing file /home/airflow/.local/lib/python3.7/site-packages/airflow/example_dags/example_xcomargs.py for tasks to queue
[2024-01-30T19:13:40.495+0000] {logging_mixin.py:120} INFO - [2024-01-30T19:13:40.495+0000] {dagbag.py:537} INFO - Filling up the DagBag from /home/airflow/.local/lib/python3.7/site-packages/airflow/example_dags/example_xcomargs.py
[2024-01-30T19:13:40.550+0000] {processor.py:766} INFO - DAG(s) dict_keys(['example_xcom_args', 'example_xcom_args_with_operators']) retrieved from /home/airflow/.local/lib/python3.7/site-packages/airflow/example_dags/example_xcomargs.py
[2024-01-30T19:13:40.637+0000] {logging_mixin.py:120} INFO - [2024-01-30T19:13:40.637+0000] {dag.py:2585} INFO - Sync 2 DAGs
[2024-01-30T19:13:40.681+0000] {logging_mixin.py:120} INFO - [2024-01-30T19:13:40.681+0000] {dag.py:3340} INFO - Setting next_dagrun for example_xcom_args to None, run_after=None
[2024-01-30T19:13:40.687+0000] {logging_mixin.py:120} INFO - [2024-01-30T19:13:40.687+0000] {dag.py:3340} INFO - Setting next_dagrun for example_xcom_args_with_operators to None, run_after=None
[2024-01-30T19:13:40.716+0000] {processor.py:176} INFO - Processing /home/airflow/.local/lib/python3.7/site-packages/airflow/example_dags/example_xcomargs.py took 0.231 seconds
[2024-01-30T19:14:10.786+0000] {processor.py:154} INFO - Started process (PID=3088) to work on /home/airflow/.local/lib/python3.7/site-packages/airflow/example_dags/example_xcomargs.py
[2024-01-30T19:14:10.788+0000] {processor.py:756} INFO - Processing file /home/airflow/.local/lib/python3.7/site-packages/airflow/example_dags/example_xcomargs.py for tasks to queue
[2024-01-30T19:14:10.789+0000] {logging_mixin.py:120} INFO - [2024-01-30T19:14:10.789+0000] {dagbag.py:537} INFO - Filling up the DagBag from /home/airflow/.local/lib/python3.7/site-packages/airflow/example_dags/example_xcomargs.py
[2024-01-30T19:14:10.828+0000] {processor.py:766} INFO - DAG(s) dict_keys(['example_xcom_args_with_operators', 'example_xcom_args']) retrieved from /home/airflow/.local/lib/python3.7/site-packages/airflow/example_dags/example_xcomargs.py
[2024-01-30T19:14:10.911+0000] {logging_mixin.py:120} INFO - [2024-01-30T19:14:10.911+0000] {dag.py:2585} INFO - Sync 2 DAGs
[2024-01-30T19:14:10.957+0000] {logging_mixin.py:120} INFO - [2024-01-30T19:14:10.956+0000] {dag.py:3340} INFO - Setting next_dagrun for example_xcom_args to None, run_after=None
[2024-01-30T19:14:10.963+0000] {logging_mixin.py:120} INFO - [2024-01-30T19:14:10.963+0000] {dag.py:3340} INFO - Setting next_dagrun for example_xcom_args_with_operators to None, run_after=None
[2024-01-30T19:14:10.990+0000] {processor.py:176} INFO - Processing /home/airflow/.local/lib/python3.7/site-packages/airflow/example_dags/example_xcomargs.py took 0.209 seconds
[2024-01-30T19:14:41.359+0000] {processor.py:154} INFO - Started process (PID=3144) to work on /home/airflow/.local/lib/python3.7/site-packages/airflow/example_dags/example_xcomargs.py
[2024-01-30T19:14:41.361+0000] {processor.py:756} INFO - Processing file /home/airflow/.local/lib/python3.7/site-packages/airflow/example_dags/example_xcomargs.py for tasks to queue
[2024-01-30T19:14:41.362+0000] {logging_mixin.py:120} INFO - [2024-01-30T19:14:41.362+0000] {dagbag.py:537} INFO - Filling up the DagBag from /home/airflow/.local/lib/python3.7/site-packages/airflow/example_dags/example_xcomargs.py
[2024-01-30T19:14:41.403+0000] {processor.py:766} INFO - DAG(s) dict_keys(['example_xcom_args', 'example_xcom_args_with_operators']) retrieved from /home/airflow/.local/lib/python3.7/site-packages/airflow/example_dags/example_xcomargs.py
[2024-01-30T19:14:41.480+0000] {logging_mixin.py:120} INFO - [2024-01-30T19:14:41.480+0000] {dag.py:2585} INFO - Sync 2 DAGs
[2024-01-30T19:14:41.523+0000] {logging_mixin.py:120} INFO - [2024-01-30T19:14:41.523+0000] {dag.py:3340} INFO - Setting next_dagrun for example_xcom_args to None, run_after=None
[2024-01-30T19:14:41.529+0000] {logging_mixin.py:120} INFO - [2024-01-30T19:14:41.529+0000] {dag.py:3340} INFO - Setting next_dagrun for example_xcom_args_with_operators to None, run_after=None
[2024-01-30T19:14:41.557+0000] {processor.py:176} INFO - Processing /home/airflow/.local/lib/python3.7/site-packages/airflow/example_dags/example_xcomargs.py took 0.204 seconds
[2024-01-30T19:15:11.817+0000] {processor.py:154} INFO - Started process (PID=3209) to work on /home/airflow/.local/lib/python3.7/site-packages/airflow/example_dags/example_xcomargs.py
[2024-01-30T19:15:11.819+0000] {processor.py:756} INFO - Processing file /home/airflow/.local/lib/python3.7/site-packages/airflow/example_dags/example_xcomargs.py for tasks to queue
[2024-01-30T19:15:11.821+0000] {logging_mixin.py:120} INFO - [2024-01-30T19:15:11.820+0000] {dagbag.py:537} INFO - Filling up the DagBag from /home/airflow/.local/lib/python3.7/site-packages/airflow/example_dags/example_xcomargs.py
[2024-01-30T19:15:11.855+0000] {processor.py:766} INFO - DAG(s) dict_keys(['example_xcom_args_with_operators', 'example_xcom_args']) retrieved from /home/airflow/.local/lib/python3.7/site-packages/airflow/example_dags/example_xcomargs.py
[2024-01-30T19:15:11.931+0000] {logging_mixin.py:120} INFO - [2024-01-30T19:15:11.931+0000] {dag.py:2585} INFO - Sync 2 DAGs
[2024-01-30T19:15:11.975+0000] {logging_mixin.py:120} INFO - [2024-01-30T19:15:11.975+0000] {dag.py:3340} INFO - Setting next_dagrun for example_xcom_args to None, run_after=None
[2024-01-30T19:15:11.980+0000] {logging_mixin.py:120} INFO - [2024-01-30T19:15:11.980+0000] {dag.py:3340} INFO - Setting next_dagrun for example_xcom_args_with_operators to None, run_after=None
[2024-01-30T19:15:12.010+0000] {processor.py:176} INFO - Processing /home/airflow/.local/lib/python3.7/site-packages/airflow/example_dags/example_xcomargs.py took 0.199 seconds
[2024-01-30T19:15:42.645+0000] {processor.py:154} INFO - Started process (PID=3273) to work on /home/airflow/.local/lib/python3.7/site-packages/airflow/example_dags/example_xcomargs.py
[2024-01-30T19:15:42.647+0000] {processor.py:756} INFO - Processing file /home/airflow/.local/lib/python3.7/site-packages/airflow/example_dags/example_xcomargs.py for tasks to queue
[2024-01-30T19:15:42.649+0000] {logging_mixin.py:120} INFO - [2024-01-30T19:15:42.649+0000] {dagbag.py:537} INFO - Filling up the DagBag from /home/airflow/.local/lib/python3.7/site-packages/airflow/example_dags/example_xcomargs.py
[2024-01-30T19:15:42.685+0000] {processor.py:766} INFO - DAG(s) dict_keys(['example_xcom_args_with_operators', 'example_xcom_args']) retrieved from /home/airflow/.local/lib/python3.7/site-packages/airflow/example_dags/example_xcomargs.py
[2024-01-30T19:15:42.746+0000] {logging_mixin.py:120} INFO - [2024-01-30T19:15:42.746+0000] {dag.py:2585} INFO - Sync 2 DAGs
[2024-01-30T19:15:42.776+0000] {logging_mixin.py:120} INFO - [2024-01-30T19:15:42.776+0000] {dag.py:3340} INFO - Setting next_dagrun for example_xcom_args to None, run_after=None
[2024-01-30T19:15:42.782+0000] {logging_mixin.py:120} INFO - [2024-01-30T19:15:42.781+0000] {dag.py:3340} INFO - Setting next_dagrun for example_xcom_args_with_operators to None, run_after=None
[2024-01-30T19:15:42.804+0000] {processor.py:176} INFO - Processing /home/airflow/.local/lib/python3.7/site-packages/airflow/example_dags/example_xcomargs.py took 0.164 seconds
[2024-01-30T19:16:12.940+0000] {processor.py:154} INFO - Started process (PID=3329) to work on /home/airflow/.local/lib/python3.7/site-packages/airflow/example_dags/example_xcomargs.py
[2024-01-30T19:16:12.943+0000] {processor.py:756} INFO - Processing file /home/airflow/.local/lib/python3.7/site-packages/airflow/example_dags/example_xcomargs.py for tasks to queue
[2024-01-30T19:16:12.946+0000] {logging_mixin.py:120} INFO - [2024-01-30T19:16:12.945+0000] {dagbag.py:537} INFO - Filling up the DagBag from /home/airflow/.local/lib/python3.7/site-packages/airflow/example_dags/example_xcomargs.py
[2024-01-30T19:16:13.003+0000] {processor.py:766} INFO - DAG(s) dict_keys(['example_xcom_args_with_operators', 'example_xcom_args']) retrieved from /home/airflow/.local/lib/python3.7/site-packages/airflow/example_dags/example_xcomargs.py
[2024-01-30T19:16:13.106+0000] {logging_mixin.py:120} INFO - [2024-01-30T19:16:13.106+0000] {dag.py:2585} INFO - Sync 2 DAGs
[2024-01-30T19:16:13.149+0000] {logging_mixin.py:120} INFO - [2024-01-30T19:16:13.149+0000] {dag.py:3340} INFO - Setting next_dagrun for example_xcom_args to None, run_after=None
[2024-01-30T19:16:13.154+0000] {logging_mixin.py:120} INFO - [2024-01-30T19:16:13.154+0000] {dag.py:3340} INFO - Setting next_dagrun for example_xcom_args_with_operators to None, run_after=None
[2024-01-30T19:16:13.189+0000] {processor.py:176} INFO - Processing /home/airflow/.local/lib/python3.7/site-packages/airflow/example_dags/example_xcomargs.py took 0.256 seconds
[2024-01-30T19:16:43.489+0000] {processor.py:154} INFO - Started process (PID=3395) to work on /home/airflow/.local/lib/python3.7/site-packages/airflow/example_dags/example_xcomargs.py
[2024-01-30T19:16:43.490+0000] {processor.py:756} INFO - Processing file /home/airflow/.local/lib/python3.7/site-packages/airflow/example_dags/example_xcomargs.py for tasks to queue
[2024-01-30T19:16:43.491+0000] {logging_mixin.py:120} INFO - [2024-01-30T19:16:43.491+0000] {dagbag.py:537} INFO - Filling up the DagBag from /home/airflow/.local/lib/python3.7/site-packages/airflow/example_dags/example_xcomargs.py
[2024-01-30T19:16:43.521+0000] {processor.py:766} INFO - DAG(s) dict_keys(['example_xcom_args_with_operators', 'example_xcom_args']) retrieved from /home/airflow/.local/lib/python3.7/site-packages/airflow/example_dags/example_xcomargs.py
[2024-01-30T19:16:43.578+0000] {logging_mixin.py:120} INFO - [2024-01-30T19:16:43.578+0000] {dag.py:2585} INFO - Sync 2 DAGs
[2024-01-30T19:16:43.611+0000] {logging_mixin.py:120} INFO - [2024-01-30T19:16:43.611+0000] {dag.py:3340} INFO - Setting next_dagrun for example_xcom_args to None, run_after=None
[2024-01-30T19:16:43.616+0000] {logging_mixin.py:120} INFO - [2024-01-30T19:16:43.616+0000] {dag.py:3340} INFO - Setting next_dagrun for example_xcom_args_with_operators to None, run_after=None
[2024-01-30T19:16:43.638+0000] {processor.py:176} INFO - Processing /home/airflow/.local/lib/python3.7/site-packages/airflow/example_dags/example_xcomargs.py took 0.153 seconds
[2024-01-30T19:17:14.656+0000] {processor.py:154} INFO - Started process (PID=3458) to work on /home/airflow/.local/lib/python3.7/site-packages/airflow/example_dags/example_xcomargs.py
[2024-01-30T19:17:14.657+0000] {processor.py:756} INFO - Processing file /home/airflow/.local/lib/python3.7/site-packages/airflow/example_dags/example_xcomargs.py for tasks to queue
[2024-01-30T19:17:14.658+0000] {logging_mixin.py:120} INFO - [2024-01-30T19:17:14.658+0000] {dagbag.py:537} INFO - Filling up the DagBag from /home/airflow/.local/lib/python3.7/site-packages/airflow/example_dags/example_xcomargs.py
[2024-01-30T19:17:14.691+0000] {processor.py:766} INFO - DAG(s) dict_keys(['example_xcom_args', 'example_xcom_args_with_operators']) retrieved from /home/airflow/.local/lib/python3.7/site-packages/airflow/example_dags/example_xcomargs.py
[2024-01-30T19:17:14.751+0000] {logging_mixin.py:120} INFO - [2024-01-30T19:17:14.751+0000] {dag.py:2585} INFO - Sync 2 DAGs
[2024-01-30T19:17:14.785+0000] {logging_mixin.py:120} INFO - [2024-01-30T19:17:14.785+0000] {dag.py:3340} INFO - Setting next_dagrun for example_xcom_args to None, run_after=None
[2024-01-30T19:17:14.789+0000] {logging_mixin.py:120} INFO - [2024-01-30T19:17:14.789+0000] {dag.py:3340} INFO - Setting next_dagrun for example_xcom_args_with_operators to None, run_after=None
[2024-01-30T19:17:14.811+0000] {processor.py:176} INFO - Processing /home/airflow/.local/lib/python3.7/site-packages/airflow/example_dags/example_xcomargs.py took 0.160 seconds
[2024-01-30T19:17:45.174+0000] {processor.py:154} INFO - Started process (PID=3516) to work on /home/airflow/.local/lib/python3.7/site-packages/airflow/example_dags/example_xcomargs.py
[2024-01-30T19:17:45.175+0000] {processor.py:756} INFO - Processing file /home/airflow/.local/lib/python3.7/site-packages/airflow/example_dags/example_xcomargs.py for tasks to queue
[2024-01-30T19:17:45.176+0000] {logging_mixin.py:120} INFO - [2024-01-30T19:17:45.176+0000] {dagbag.py:537} INFO - Filling up the DagBag from /home/airflow/.local/lib/python3.7/site-packages/airflow/example_dags/example_xcomargs.py
[2024-01-30T19:17:45.203+0000] {processor.py:766} INFO - DAG(s) dict_keys(['example_xcom_args_with_operators', 'example_xcom_args']) retrieved from /home/airflow/.local/lib/python3.7/site-packages/airflow/example_dags/example_xcomargs.py
[2024-01-30T19:17:45.256+0000] {logging_mixin.py:120} INFO - [2024-01-30T19:17:45.256+0000] {dag.py:2585} INFO - Sync 2 DAGs
[2024-01-30T19:17:45.286+0000] {logging_mixin.py:120} INFO - [2024-01-30T19:17:45.286+0000] {dag.py:3340} INFO - Setting next_dagrun for example_xcom_args to None, run_after=None
[2024-01-30T19:17:45.290+0000] {logging_mixin.py:120} INFO - [2024-01-30T19:17:45.290+0000] {dag.py:3340} INFO - Setting next_dagrun for example_xcom_args_with_operators to None, run_after=None
[2024-01-30T19:17:45.311+0000] {processor.py:176} INFO - Processing /home/airflow/.local/lib/python3.7/site-packages/airflow/example_dags/example_xcomargs.py took 0.143 seconds
[2024-01-30T19:18:15.902+0000] {processor.py:154} INFO - Started process (PID=3582) to work on /home/airflow/.local/lib/python3.7/site-packages/airflow/example_dags/example_xcomargs.py
[2024-01-30T19:18:15.903+0000] {processor.py:756} INFO - Processing file /home/airflow/.local/lib/python3.7/site-packages/airflow/example_dags/example_xcomargs.py for tasks to queue
[2024-01-30T19:18:15.904+0000] {logging_mixin.py:120} INFO - [2024-01-30T19:18:15.904+0000] {dagbag.py:537} INFO - Filling up the DagBag from /home/airflow/.local/lib/python3.7/site-packages/airflow/example_dags/example_xcomargs.py
[2024-01-30T19:18:15.932+0000] {processor.py:766} INFO - DAG(s) dict_keys(['example_xcom_args', 'example_xcom_args_with_operators']) retrieved from /home/airflow/.local/lib/python3.7/site-packages/airflow/example_dags/example_xcomargs.py
[2024-01-30T19:18:15.986+0000] {logging_mixin.py:120} INFO - [2024-01-30T19:18:15.986+0000] {dag.py:2585} INFO - Sync 2 DAGs
[2024-01-30T19:18:16.015+0000] {logging_mixin.py:120} INFO - [2024-01-30T19:18:16.015+0000] {dag.py:3340} INFO - Setting next_dagrun for example_xcom_args to None, run_after=None
[2024-01-30T19:18:16.020+0000] {logging_mixin.py:120} INFO - [2024-01-30T19:18:16.019+0000] {dag.py:3340} INFO - Setting next_dagrun for example_xcom_args_with_operators to None, run_after=None
[2024-01-30T19:18:16.040+0000] {processor.py:176} INFO - Processing /home/airflow/.local/lib/python3.7/site-packages/airflow/example_dags/example_xcomargs.py took 0.143 seconds
[2024-01-30T19:18:46.377+0000] {processor.py:154} INFO - Started process (PID=3647) to work on /home/airflow/.local/lib/python3.7/site-packages/airflow/example_dags/example_xcomargs.py
[2024-01-30T19:18:46.378+0000] {processor.py:756} INFO - Processing file /home/airflow/.local/lib/python3.7/site-packages/airflow/example_dags/example_xcomargs.py for tasks to queue
[2024-01-30T19:18:46.380+0000] {logging_mixin.py:120} INFO - [2024-01-30T19:18:46.379+0000] {dagbag.py:537} INFO - Filling up the DagBag from /home/airflow/.local/lib/python3.7/site-packages/airflow/example_dags/example_xcomargs.py
[2024-01-30T19:18:46.408+0000] {processor.py:766} INFO - DAG(s) dict_keys(['example_xcom_args_with_operators', 'example_xcom_args']) retrieved from /home/airflow/.local/lib/python3.7/site-packages/airflow/example_dags/example_xcomargs.py
[2024-01-30T19:18:46.459+0000] {logging_mixin.py:120} INFO - [2024-01-30T19:18:46.459+0000] {dag.py:2585} INFO - Sync 2 DAGs
[2024-01-30T19:18:46.492+0000] {logging_mixin.py:120} INFO - [2024-01-30T19:18:46.492+0000] {dag.py:3340} INFO - Setting next_dagrun for example_xcom_args to None, run_after=None
[2024-01-30T19:18:46.498+0000] {logging_mixin.py:120} INFO - [2024-01-30T19:18:46.498+0000] {dag.py:3340} INFO - Setting next_dagrun for example_xcom_args_with_operators to None, run_after=None
[2024-01-30T19:18:46.521+0000] {processor.py:176} INFO - Processing /home/airflow/.local/lib/python3.7/site-packages/airflow/example_dags/example_xcomargs.py took 0.148 seconds
[2024-01-30T19:19:16.642+0000] {processor.py:154} INFO - Started process (PID=3703) to work on /home/airflow/.local/lib/python3.7/site-packages/airflow/example_dags/example_xcomargs.py
[2024-01-30T19:19:16.643+0000] {processor.py:756} INFO - Processing file /home/airflow/.local/lib/python3.7/site-packages/airflow/example_dags/example_xcomargs.py for tasks to queue
[2024-01-30T19:19:16.644+0000] {logging_mixin.py:120} INFO - [2024-01-30T19:19:16.644+0000] {dagbag.py:537} INFO - Filling up the DagBag from /home/airflow/.local/lib/python3.7/site-packages/airflow/example_dags/example_xcomargs.py
[2024-01-30T19:19:16.673+0000] {processor.py:766} INFO - DAG(s) dict_keys(['example_xcom_args_with_operators', 'example_xcom_args']) retrieved from /home/airflow/.local/lib/python3.7/site-packages/airflow/example_dags/example_xcomargs.py
[2024-01-30T19:19:16.725+0000] {logging_mixin.py:120} INFO - [2024-01-30T19:19:16.724+0000] {dag.py:2585} INFO - Sync 2 DAGs
[2024-01-30T19:19:16.754+0000] {logging_mixin.py:120} INFO - [2024-01-30T19:19:16.754+0000] {dag.py:3340} INFO - Setting next_dagrun for example_xcom_args to None, run_after=None
[2024-01-30T19:19:16.759+0000] {logging_mixin.py:120} INFO - [2024-01-30T19:19:16.759+0000] {dag.py:3340} INFO - Setting next_dagrun for example_xcom_args_with_operators to None, run_after=None
[2024-01-30T19:19:16.780+0000] {processor.py:176} INFO - Processing /home/airflow/.local/lib/python3.7/site-packages/airflow/example_dags/example_xcomargs.py took 0.141 seconds
[2024-01-30T19:19:47.282+0000] {processor.py:154} INFO - Started process (PID=3768) to work on /home/airflow/.local/lib/python3.7/site-packages/airflow/example_dags/example_xcomargs.py
[2024-01-30T19:19:47.284+0000] {processor.py:756} INFO - Processing file /home/airflow/.local/lib/python3.7/site-packages/airflow/example_dags/example_xcomargs.py for tasks to queue
[2024-01-30T19:19:47.285+0000] {logging_mixin.py:120} INFO - [2024-01-30T19:19:47.285+0000] {dagbag.py:537} INFO - Filling up the DagBag from /home/airflow/.local/lib/python3.7/site-packages/airflow/example_dags/example_xcomargs.py
[2024-01-30T19:19:47.315+0000] {processor.py:766} INFO - DAG(s) dict_keys(['example_xcom_args_with_operators', 'example_xcom_args']) retrieved from /home/airflow/.local/lib/python3.7/site-packages/airflow/example_dags/example_xcomargs.py
[2024-01-30T19:19:47.372+0000] {logging_mixin.py:120} INFO - [2024-01-30T19:19:47.372+0000] {dag.py:2585} INFO - Sync 2 DAGs
[2024-01-30T19:19:47.402+0000] {logging_mixin.py:120} INFO - [2024-01-30T19:19:47.402+0000] {dag.py:3340} INFO - Setting next_dagrun for example_xcom_args to None, run_after=None
[2024-01-30T19:19:47.406+0000] {logging_mixin.py:120} INFO - [2024-01-30T19:19:47.406+0000] {dag.py:3340} INFO - Setting next_dagrun for example_xcom_args_with_operators to None, run_after=None
[2024-01-30T19:19:47.426+0000] {processor.py:176} INFO - Processing /home/airflow/.local/lib/python3.7/site-packages/airflow/example_dags/example_xcomargs.py took 0.148 seconds
[2024-01-30T19:20:18.253+0000] {processor.py:154} INFO - Started process (PID=3833) to work on /home/airflow/.local/lib/python3.7/site-packages/airflow/example_dags/example_xcomargs.py
[2024-01-30T19:20:18.256+0000] {processor.py:756} INFO - Processing file /home/airflow/.local/lib/python3.7/site-packages/airflow/example_dags/example_xcomargs.py for tasks to queue
[2024-01-30T19:20:18.260+0000] {logging_mixin.py:120} INFO - [2024-01-30T19:20:18.259+0000] {dagbag.py:537} INFO - Filling up the DagBag from /home/airflow/.local/lib/python3.7/site-packages/airflow/example_dags/example_xcomargs.py
[2024-01-30T19:20:18.331+0000] {processor.py:766} INFO - DAG(s) dict_keys(['example_xcom_args_with_operators', 'example_xcom_args']) retrieved from /home/airflow/.local/lib/python3.7/site-packages/airflow/example_dags/example_xcomargs.py
[2024-01-30T19:20:18.467+0000] {logging_mixin.py:120} INFO - [2024-01-30T19:20:18.467+0000] {dag.py:2585} INFO - Sync 2 DAGs
[2024-01-30T19:20:18.511+0000] {logging_mixin.py:120} INFO - [2024-01-30T19:20:18.511+0000] {dag.py:3340} INFO - Setting next_dagrun for example_xcom_args to None, run_after=None
[2024-01-30T19:20:18.516+0000] {logging_mixin.py:120} INFO - [2024-01-30T19:20:18.516+0000] {dag.py:3340} INFO - Setting next_dagrun for example_xcom_args_with_operators to None, run_after=None
[2024-01-30T19:20:18.546+0000] {processor.py:176} INFO - Processing /home/airflow/.local/lib/python3.7/site-packages/airflow/example_dags/example_xcomargs.py took 0.307 seconds
[2024-01-30T19:20:48.591+0000] {processor.py:154} INFO - Started process (PID=3889) to work on /home/airflow/.local/lib/python3.7/site-packages/airflow/example_dags/example_xcomargs.py
[2024-01-30T19:20:48.592+0000] {processor.py:756} INFO - Processing file /home/airflow/.local/lib/python3.7/site-packages/airflow/example_dags/example_xcomargs.py for tasks to queue
[2024-01-30T19:20:48.593+0000] {logging_mixin.py:120} INFO - [2024-01-30T19:20:48.593+0000] {dagbag.py:537} INFO - Filling up the DagBag from /home/airflow/.local/lib/python3.7/site-packages/airflow/example_dags/example_xcomargs.py
[2024-01-30T19:20:48.623+0000] {processor.py:766} INFO - DAG(s) dict_keys(['example_xcom_args', 'example_xcom_args_with_operators']) retrieved from /home/airflow/.local/lib/python3.7/site-packages/airflow/example_dags/example_xcomargs.py
[2024-01-30T19:20:48.675+0000] {logging_mixin.py:120} INFO - [2024-01-30T19:20:48.675+0000] {dag.py:2585} INFO - Sync 2 DAGs
[2024-01-30T19:20:48.705+0000] {logging_mixin.py:120} INFO - [2024-01-30T19:20:48.705+0000] {dag.py:3340} INFO - Setting next_dagrun for example_xcom_args to None, run_after=None
[2024-01-30T19:20:48.709+0000] {logging_mixin.py:120} INFO - [2024-01-30T19:20:48.709+0000] {dag.py:3340} INFO - Setting next_dagrun for example_xcom_args_with_operators to None, run_after=None
[2024-01-30T19:20:48.731+0000] {processor.py:176} INFO - Processing /home/airflow/.local/lib/python3.7/site-packages/airflow/example_dags/example_xcomargs.py took 0.144 seconds
[2024-01-30T19:21:19.422+0000] {processor.py:154} INFO - Started process (PID=3954) to work on /home/airflow/.local/lib/python3.7/site-packages/airflow/example_dags/example_xcomargs.py
[2024-01-30T19:21:19.423+0000] {processor.py:756} INFO - Processing file /home/airflow/.local/lib/python3.7/site-packages/airflow/example_dags/example_xcomargs.py for tasks to queue
[2024-01-30T19:21:19.424+0000] {logging_mixin.py:120} INFO - [2024-01-30T19:21:19.424+0000] {dagbag.py:537} INFO - Filling up the DagBag from /home/airflow/.local/lib/python3.7/site-packages/airflow/example_dags/example_xcomargs.py
[2024-01-30T19:21:19.458+0000] {processor.py:766} INFO - DAG(s) dict_keys(['example_xcom_args', 'example_xcom_args_with_operators']) retrieved from /home/airflow/.local/lib/python3.7/site-packages/airflow/example_dags/example_xcomargs.py
[2024-01-30T19:21:19.521+0000] {logging_mixin.py:120} INFO - [2024-01-30T19:21:19.521+0000] {dag.py:2585} INFO - Sync 2 DAGs
[2024-01-30T19:21:19.555+0000] {logging_mixin.py:120} INFO - [2024-01-30T19:21:19.555+0000] {dag.py:3340} INFO - Setting next_dagrun for example_xcom_args to None, run_after=None
[2024-01-30T19:21:19.559+0000] {logging_mixin.py:120} INFO - [2024-01-30T19:21:19.559+0000] {dag.py:3340} INFO - Setting next_dagrun for example_xcom_args_with_operators to None, run_after=None
[2024-01-30T19:21:19.582+0000] {processor.py:176} INFO - Processing /home/airflow/.local/lib/python3.7/site-packages/airflow/example_dags/example_xcomargs.py took 0.165 seconds
[2024-01-30T19:21:49.866+0000] {processor.py:154} INFO - Started process (PID=4016) to work on /home/airflow/.local/lib/python3.7/site-packages/airflow/example_dags/example_xcomargs.py
[2024-01-30T19:21:49.867+0000] {processor.py:756} INFO - Processing file /home/airflow/.local/lib/python3.7/site-packages/airflow/example_dags/example_xcomargs.py for tasks to queue
[2024-01-30T19:21:49.868+0000] {logging_mixin.py:120} INFO - [2024-01-30T19:21:49.868+0000] {dagbag.py:537} INFO - Filling up the DagBag from /home/airflow/.local/lib/python3.7/site-packages/airflow/example_dags/example_xcomargs.py
[2024-01-30T19:21:49.897+0000] {processor.py:766} INFO - DAG(s) dict_keys(['example_xcom_args_with_operators', 'example_xcom_args']) retrieved from /home/airflow/.local/lib/python3.7/site-packages/airflow/example_dags/example_xcomargs.py
[2024-01-30T19:21:49.953+0000] {logging_mixin.py:120} INFO - [2024-01-30T19:21:49.953+0000] {dag.py:2585} INFO - Sync 2 DAGs
[2024-01-30T19:21:49.982+0000] {logging_mixin.py:120} INFO - [2024-01-30T19:21:49.982+0000] {dag.py:3340} INFO - Setting next_dagrun for example_xcom_args to None, run_after=None
[2024-01-30T19:21:49.987+0000] {logging_mixin.py:120} INFO - [2024-01-30T19:21:49.987+0000] {dag.py:3340} INFO - Setting next_dagrun for example_xcom_args_with_operators to None, run_after=None
[2024-01-30T19:21:50.008+0000] {processor.py:176} INFO - Processing /home/airflow/.local/lib/python3.7/site-packages/airflow/example_dags/example_xcomargs.py took 0.147 seconds
