[2024-01-30T18:49:12.800+0000] {processor.py:154} INFO - Started process (PID=92) to work on /home/airflow/.local/lib/python3.7/site-packages/airflow/example_dags/example_short_circuit_decorator.py
[2024-01-30T18:49:12.805+0000] {processor.py:756} INFO - Processing file /home/airflow/.local/lib/python3.7/site-packages/airflow/example_dags/example_short_circuit_decorator.py for tasks to queue
[2024-01-30T18:49:12.810+0000] {logging_mixin.py:120} INFO - [2024-01-30T18:49:12.809+0000] {dagbag.py:537} INFO - Filling up the DagBag from /home/airflow/.local/lib/python3.7/site-packages/airflow/example_dags/example_short_circuit_decorator.py
[2024-01-30T18:49:12.902+0000] {processor.py:766} INFO - DAG(s) dict_keys(['example_short_circuit_decorator']) retrieved from /home/airflow/.local/lib/python3.7/site-packages/airflow/example_dags/example_short_circuit_decorator.py
[2024-01-30T18:49:13.047+0000] {logging_mixin.py:120} INFO - [2024-01-30T18:49:13.047+0000] {dag.py:2585} INFO - Sync 1 DAGs
[2024-01-30T18:49:13.179+0000] {logging_mixin.py:120} INFO - [2024-01-30T18:49:13.178+0000] {dag.py:3340} INFO - Setting next_dagrun for example_short_circuit_decorator to 2024-01-29T18:49:13.178318+00:00, run_after=2024-01-30T18:49:13.178318+00:00
[2024-01-30T18:49:13.270+0000] {processor.py:176} INFO - Processing /home/airflow/.local/lib/python3.7/site-packages/airflow/example_dags/example_short_circuit_decorator.py took 0.476 seconds
[2024-01-30T18:49:43.633+0000] {processor.py:154} INFO - Started process (PID=148) to work on /home/airflow/.local/lib/python3.7/site-packages/airflow/example_dags/example_short_circuit_decorator.py
[2024-01-30T18:49:43.635+0000] {processor.py:756} INFO - Processing file /home/airflow/.local/lib/python3.7/site-packages/airflow/example_dags/example_short_circuit_decorator.py for tasks to queue
[2024-01-30T18:49:43.637+0000] {logging_mixin.py:120} INFO - [2024-01-30T18:49:43.637+0000] {dagbag.py:537} INFO - Filling up the DagBag from /home/airflow/.local/lib/python3.7/site-packages/airflow/example_dags/example_short_circuit_decorator.py
[2024-01-30T18:49:43.683+0000] {processor.py:766} INFO - DAG(s) dict_keys(['example_short_circuit_decorator']) retrieved from /home/airflow/.local/lib/python3.7/site-packages/airflow/example_dags/example_short_circuit_decorator.py
[2024-01-30T18:49:43.746+0000] {logging_mixin.py:120} INFO - [2024-01-30T18:49:43.745+0000] {dag.py:2585} INFO - Sync 1 DAGs
[2024-01-30T18:49:43.785+0000] {logging_mixin.py:120} INFO - [2024-01-30T18:49:43.785+0000] {dag.py:3340} INFO - Setting next_dagrun for example_short_circuit_decorator to 2024-01-29T18:49:43.785211+00:00, run_after=2024-01-30T18:49:43.785211+00:00
[2024-01-30T18:49:43.815+0000] {processor.py:176} INFO - Processing /home/airflow/.local/lib/python3.7/site-packages/airflow/example_dags/example_short_circuit_decorator.py took 0.188 seconds
[2024-01-30T18:50:14.165+0000] {processor.py:154} INFO - Started process (PID=213) to work on /home/airflow/.local/lib/python3.7/site-packages/airflow/example_dags/example_short_circuit_decorator.py
[2024-01-30T18:50:14.167+0000] {processor.py:756} INFO - Processing file /home/airflow/.local/lib/python3.7/site-packages/airflow/example_dags/example_short_circuit_decorator.py for tasks to queue
[2024-01-30T18:50:14.168+0000] {logging_mixin.py:120} INFO - [2024-01-30T18:50:14.168+0000] {dagbag.py:537} INFO - Filling up the DagBag from /home/airflow/.local/lib/python3.7/site-packages/airflow/example_dags/example_short_circuit_decorator.py
[2024-01-30T18:50:14.200+0000] {processor.py:766} INFO - DAG(s) dict_keys(['example_short_circuit_decorator']) retrieved from /home/airflow/.local/lib/python3.7/site-packages/airflow/example_dags/example_short_circuit_decorator.py
[2024-01-30T18:50:14.251+0000] {logging_mixin.py:120} INFO - [2024-01-30T18:50:14.251+0000] {dag.py:2585} INFO - Sync 1 DAGs
[2024-01-30T18:50:14.287+0000] {logging_mixin.py:120} INFO - [2024-01-30T18:50:14.287+0000] {dag.py:3340} INFO - Setting next_dagrun for example_short_circuit_decorator to 2024-01-29T18:50:14.286709+00:00, run_after=2024-01-30T18:50:14.286709+00:00
[2024-01-30T18:50:14.317+0000] {processor.py:176} INFO - Processing /home/airflow/.local/lib/python3.7/site-packages/airflow/example_dags/example_short_circuit_decorator.py took 0.157 seconds
[2024-01-30T18:50:45.231+0000] {processor.py:154} INFO - Started process (PID=268) to work on /home/airflow/.local/lib/python3.7/site-packages/airflow/example_dags/example_short_circuit_decorator.py
[2024-01-30T18:50:45.233+0000] {processor.py:756} INFO - Processing file /home/airflow/.local/lib/python3.7/site-packages/airflow/example_dags/example_short_circuit_decorator.py for tasks to queue
[2024-01-30T18:50:45.234+0000] {logging_mixin.py:120} INFO - [2024-01-30T18:50:45.234+0000] {dagbag.py:537} INFO - Filling up the DagBag from /home/airflow/.local/lib/python3.7/site-packages/airflow/example_dags/example_short_circuit_decorator.py
[2024-01-30T18:50:45.276+0000] {processor.py:766} INFO - DAG(s) dict_keys(['example_short_circuit_decorator']) retrieved from /home/airflow/.local/lib/python3.7/site-packages/airflow/example_dags/example_short_circuit_decorator.py
[2024-01-30T18:50:45.328+0000] {logging_mixin.py:120} INFO - [2024-01-30T18:50:45.328+0000] {dag.py:2585} INFO - Sync 1 DAGs
[2024-01-30T18:50:45.362+0000] {logging_mixin.py:120} INFO - [2024-01-30T18:50:45.362+0000] {dag.py:3340} INFO - Setting next_dagrun for example_short_circuit_decorator to 2024-01-29T18:50:45.362478+00:00, run_after=2024-01-30T18:50:45.362478+00:00
[2024-01-30T18:50:45.390+0000] {processor.py:176} INFO - Processing /home/airflow/.local/lib/python3.7/site-packages/airflow/example_dags/example_short_circuit_decorator.py took 0.163 seconds
[2024-01-30T18:51:16.116+0000] {processor.py:154} INFO - Started process (PID=331) to work on /home/airflow/.local/lib/python3.7/site-packages/airflow/example_dags/example_short_circuit_decorator.py
[2024-01-30T18:51:16.118+0000] {processor.py:756} INFO - Processing file /home/airflow/.local/lib/python3.7/site-packages/airflow/example_dags/example_short_circuit_decorator.py for tasks to queue
[2024-01-30T18:51:16.119+0000] {logging_mixin.py:120} INFO - [2024-01-30T18:51:16.119+0000] {dagbag.py:537} INFO - Filling up the DagBag from /home/airflow/.local/lib/python3.7/site-packages/airflow/example_dags/example_short_circuit_decorator.py
[2024-01-30T18:51:16.160+0000] {processor.py:766} INFO - DAG(s) dict_keys(['example_short_circuit_decorator']) retrieved from /home/airflow/.local/lib/python3.7/site-packages/airflow/example_dags/example_short_circuit_decorator.py
[2024-01-30T18:51:16.217+0000] {logging_mixin.py:120} INFO - [2024-01-30T18:51:16.217+0000] {dag.py:2585} INFO - Sync 1 DAGs
[2024-01-30T18:51:16.251+0000] {logging_mixin.py:120} INFO - [2024-01-30T18:51:16.251+0000] {dag.py:3340} INFO - Setting next_dagrun for example_short_circuit_decorator to 2024-01-29T18:51:16.251077+00:00, run_after=2024-01-30T18:51:16.251077+00:00
[2024-01-30T18:51:16.282+0000] {processor.py:176} INFO - Processing /home/airflow/.local/lib/python3.7/site-packages/airflow/example_dags/example_short_circuit_decorator.py took 0.176 seconds
[2024-01-30T18:51:46.829+0000] {processor.py:154} INFO - Started process (PID=397) to work on /home/airflow/.local/lib/python3.7/site-packages/airflow/example_dags/example_short_circuit_decorator.py
[2024-01-30T18:51:46.831+0000] {processor.py:756} INFO - Processing file /home/airflow/.local/lib/python3.7/site-packages/airflow/example_dags/example_short_circuit_decorator.py for tasks to queue
[2024-01-30T18:51:46.833+0000] {logging_mixin.py:120} INFO - [2024-01-30T18:51:46.832+0000] {dagbag.py:537} INFO - Filling up the DagBag from /home/airflow/.local/lib/python3.7/site-packages/airflow/example_dags/example_short_circuit_decorator.py
[2024-01-30T18:51:46.876+0000] {processor.py:766} INFO - DAG(s) dict_keys(['example_short_circuit_decorator']) retrieved from /home/airflow/.local/lib/python3.7/site-packages/airflow/example_dags/example_short_circuit_decorator.py
[2024-01-30T18:51:46.942+0000] {logging_mixin.py:120} INFO - [2024-01-30T18:51:46.942+0000] {dag.py:2585} INFO - Sync 1 DAGs
[2024-01-30T18:51:46.980+0000] {logging_mixin.py:120} INFO - [2024-01-30T18:51:46.980+0000] {dag.py:3340} INFO - Setting next_dagrun for example_short_circuit_decorator to 2024-01-29T18:51:46.980355+00:00, run_after=2024-01-30T18:51:46.980355+00:00
[2024-01-30T18:51:47.012+0000] {processor.py:176} INFO - Processing /home/airflow/.local/lib/python3.7/site-packages/airflow/example_dags/example_short_circuit_decorator.py took 0.188 seconds
[2024-01-30T18:52:17.322+0000] {processor.py:154} INFO - Started process (PID=454) to work on /home/airflow/.local/lib/python3.7/site-packages/airflow/example_dags/example_short_circuit_decorator.py
[2024-01-30T18:52:17.324+0000] {processor.py:756} INFO - Processing file /home/airflow/.local/lib/python3.7/site-packages/airflow/example_dags/example_short_circuit_decorator.py for tasks to queue
[2024-01-30T18:52:17.325+0000] {logging_mixin.py:120} INFO - [2024-01-30T18:52:17.325+0000] {dagbag.py:537} INFO - Filling up the DagBag from /home/airflow/.local/lib/python3.7/site-packages/airflow/example_dags/example_short_circuit_decorator.py
[2024-01-30T18:52:17.355+0000] {processor.py:766} INFO - DAG(s) dict_keys(['example_short_circuit_decorator']) retrieved from /home/airflow/.local/lib/python3.7/site-packages/airflow/example_dags/example_short_circuit_decorator.py
[2024-01-30T18:52:17.405+0000] {logging_mixin.py:120} INFO - [2024-01-30T18:52:17.404+0000] {dag.py:2585} INFO - Sync 1 DAGs
[2024-01-30T18:52:17.435+0000] {logging_mixin.py:120} INFO - [2024-01-30T18:52:17.435+0000] {dag.py:3340} INFO - Setting next_dagrun for example_short_circuit_decorator to 2024-01-29T18:52:17.435015+00:00, run_after=2024-01-30T18:52:17.435015+00:00
[2024-01-30T18:52:17.465+0000] {processor.py:176} INFO - Processing /home/airflow/.local/lib/python3.7/site-packages/airflow/example_dags/example_short_circuit_decorator.py took 0.146 seconds
[2024-01-30T18:52:48.276+0000] {processor.py:154} INFO - Started process (PID=518) to work on /home/airflow/.local/lib/python3.7/site-packages/airflow/example_dags/example_short_circuit_decorator.py
[2024-01-30T18:52:48.278+0000] {processor.py:756} INFO - Processing file /home/airflow/.local/lib/python3.7/site-packages/airflow/example_dags/example_short_circuit_decorator.py for tasks to queue
[2024-01-30T18:52:48.279+0000] {logging_mixin.py:120} INFO - [2024-01-30T18:52:48.279+0000] {dagbag.py:537} INFO - Filling up the DagBag from /home/airflow/.local/lib/python3.7/site-packages/airflow/example_dags/example_short_circuit_decorator.py
[2024-01-30T18:52:48.310+0000] {processor.py:766} INFO - DAG(s) dict_keys(['example_short_circuit_decorator']) retrieved from /home/airflow/.local/lib/python3.7/site-packages/airflow/example_dags/example_short_circuit_decorator.py
[2024-01-30T18:52:48.358+0000] {logging_mixin.py:120} INFO - [2024-01-30T18:52:48.358+0000] {dag.py:2585} INFO - Sync 1 DAGs
[2024-01-30T18:52:48.387+0000] {logging_mixin.py:120} INFO - [2024-01-30T18:52:48.387+0000] {dag.py:3340} INFO - Setting next_dagrun for example_short_circuit_decorator to 2024-01-29T18:52:48.387527+00:00, run_after=2024-01-30T18:52:48.387527+00:00
[2024-01-30T18:52:48.412+0000] {processor.py:176} INFO - Processing /home/airflow/.local/lib/python3.7/site-packages/airflow/example_dags/example_short_circuit_decorator.py took 0.140 seconds
[2024-01-30T18:53:18.813+0000] {processor.py:154} INFO - Started process (PID=582) to work on /home/airflow/.local/lib/python3.7/site-packages/airflow/example_dags/example_short_circuit_decorator.py
[2024-01-30T18:53:18.815+0000] {processor.py:756} INFO - Processing file /home/airflow/.local/lib/python3.7/site-packages/airflow/example_dags/example_short_circuit_decorator.py for tasks to queue
[2024-01-30T18:53:18.817+0000] {logging_mixin.py:120} INFO - [2024-01-30T18:53:18.817+0000] {dagbag.py:537} INFO - Filling up the DagBag from /home/airflow/.local/lib/python3.7/site-packages/airflow/example_dags/example_short_circuit_decorator.py
[2024-01-30T18:53:18.856+0000] {processor.py:766} INFO - DAG(s) dict_keys(['example_short_circuit_decorator']) retrieved from /home/airflow/.local/lib/python3.7/site-packages/airflow/example_dags/example_short_circuit_decorator.py
[2024-01-30T18:53:18.910+0000] {logging_mixin.py:120} INFO - [2024-01-30T18:53:18.910+0000] {dag.py:2585} INFO - Sync 1 DAGs
[2024-01-30T18:53:18.949+0000] {logging_mixin.py:120} INFO - [2024-01-30T18:53:18.949+0000] {dag.py:3340} INFO - Setting next_dagrun for example_short_circuit_decorator to 2024-01-29T18:53:18.948862+00:00, run_after=2024-01-30T18:53:18.948862+00:00
[2024-01-30T18:53:18.980+0000] {processor.py:176} INFO - Processing /home/airflow/.local/lib/python3.7/site-packages/airflow/example_dags/example_short_circuit_decorator.py took 0.172 seconds
[2024-01-30T18:53:49.603+0000] {processor.py:154} INFO - Started process (PID=647) to work on /home/airflow/.local/lib/python3.7/site-packages/airflow/example_dags/example_short_circuit_decorator.py
[2024-01-30T18:53:49.606+0000] {processor.py:756} INFO - Processing file /home/airflow/.local/lib/python3.7/site-packages/airflow/example_dags/example_short_circuit_decorator.py for tasks to queue
[2024-01-30T18:53:49.608+0000] {logging_mixin.py:120} INFO - [2024-01-30T18:53:49.608+0000] {dagbag.py:537} INFO - Filling up the DagBag from /home/airflow/.local/lib/python3.7/site-packages/airflow/example_dags/example_short_circuit_decorator.py
[2024-01-30T18:53:49.686+0000] {processor.py:766} INFO - DAG(s) dict_keys(['example_short_circuit_decorator']) retrieved from /home/airflow/.local/lib/python3.7/site-packages/airflow/example_dags/example_short_circuit_decorator.py
[2024-01-30T18:53:50.122+0000] {logging_mixin.py:120} INFO - [2024-01-30T18:53:50.122+0000] {dag.py:2585} INFO - Sync 1 DAGs
[2024-01-30T18:53:50.224+0000] {logging_mixin.py:120} INFO - [2024-01-30T18:53:50.223+0000] {dag.py:3340} INFO - Setting next_dagrun for example_short_circuit_decorator to 2024-01-29T18:53:50.223194+00:00, run_after=2024-01-30T18:53:50.223194+00:00
[2024-01-30T18:53:50.273+0000] {processor.py:176} INFO - Processing /home/airflow/.local/lib/python3.7/site-packages/airflow/example_dags/example_short_circuit_decorator.py took 0.677 seconds
[2024-01-30T18:54:20.373+0000] {processor.py:154} INFO - Started process (PID=711) to work on /home/airflow/.local/lib/python3.7/site-packages/airflow/example_dags/example_short_circuit_decorator.py
[2024-01-30T18:54:20.377+0000] {processor.py:756} INFO - Processing file /home/airflow/.local/lib/python3.7/site-packages/airflow/example_dags/example_short_circuit_decorator.py for tasks to queue
[2024-01-30T18:54:20.379+0000] {logging_mixin.py:120} INFO - [2024-01-30T18:54:20.379+0000] {dagbag.py:537} INFO - Filling up the DagBag from /home/airflow/.local/lib/python3.7/site-packages/airflow/example_dags/example_short_circuit_decorator.py
[2024-01-30T18:54:20.423+0000] {processor.py:766} INFO - DAG(s) dict_keys(['example_short_circuit_decorator']) retrieved from /home/airflow/.local/lib/python3.7/site-packages/airflow/example_dags/example_short_circuit_decorator.py
[2024-01-30T18:54:20.488+0000] {logging_mixin.py:120} INFO - [2024-01-30T18:54:20.487+0000] {dag.py:2585} INFO - Sync 1 DAGs
[2024-01-30T18:54:20.531+0000] {logging_mixin.py:120} INFO - [2024-01-30T18:54:20.531+0000] {dag.py:3340} INFO - Setting next_dagrun for example_short_circuit_decorator to 2024-01-29T18:54:20.530854+00:00, run_after=2024-01-30T18:54:20.530854+00:00
[2024-01-30T18:54:20.565+0000] {processor.py:176} INFO - Processing /home/airflow/.local/lib/python3.7/site-packages/airflow/example_dags/example_short_circuit_decorator.py took 0.198 seconds
[2024-01-30T18:54:50.684+0000] {processor.py:154} INFO - Started process (PID=775) to work on /home/airflow/.local/lib/python3.7/site-packages/airflow/example_dags/example_short_circuit_decorator.py
[2024-01-30T18:54:50.686+0000] {processor.py:756} INFO - Processing file /home/airflow/.local/lib/python3.7/site-packages/airflow/example_dags/example_short_circuit_decorator.py for tasks to queue
[2024-01-30T18:54:50.688+0000] {logging_mixin.py:120} INFO - [2024-01-30T18:54:50.688+0000] {dagbag.py:537} INFO - Filling up the DagBag from /home/airflow/.local/lib/python3.7/site-packages/airflow/example_dags/example_short_circuit_decorator.py
[2024-01-30T18:54:50.744+0000] {processor.py:766} INFO - DAG(s) dict_keys(['example_short_circuit_decorator']) retrieved from /home/airflow/.local/lib/python3.7/site-packages/airflow/example_dags/example_short_circuit_decorator.py
[2024-01-30T18:54:50.802+0000] {logging_mixin.py:120} INFO - [2024-01-30T18:54:50.801+0000] {dag.py:2585} INFO - Sync 1 DAGs
[2024-01-30T18:54:50.851+0000] {logging_mixin.py:120} INFO - [2024-01-30T18:54:50.851+0000] {dag.py:3340} INFO - Setting next_dagrun for example_short_circuit_decorator to 2024-01-29T18:54:50.851025+00:00, run_after=2024-01-30T18:54:50.851025+00:00
[2024-01-30T18:54:50.883+0000] {processor.py:176} INFO - Processing /home/airflow/.local/lib/python3.7/site-packages/airflow/example_dags/example_short_circuit_decorator.py took 0.208 seconds
[2024-01-30T18:55:21.502+0000] {processor.py:154} INFO - Started process (PID=830) to work on /home/airflow/.local/lib/python3.7/site-packages/airflow/example_dags/example_short_circuit_decorator.py
[2024-01-30T18:55:21.503+0000] {processor.py:756} INFO - Processing file /home/airflow/.local/lib/python3.7/site-packages/airflow/example_dags/example_short_circuit_decorator.py for tasks to queue
[2024-01-30T18:55:21.505+0000] {logging_mixin.py:120} INFO - [2024-01-30T18:55:21.505+0000] {dagbag.py:537} INFO - Filling up the DagBag from /home/airflow/.local/lib/python3.7/site-packages/airflow/example_dags/example_short_circuit_decorator.py
[2024-01-30T18:55:21.547+0000] {processor.py:766} INFO - DAG(s) dict_keys(['example_short_circuit_decorator']) retrieved from /home/airflow/.local/lib/python3.7/site-packages/airflow/example_dags/example_short_circuit_decorator.py
[2024-01-30T18:55:21.607+0000] {logging_mixin.py:120} INFO - [2024-01-30T18:55:21.606+0000] {dag.py:2585} INFO - Sync 1 DAGs
[2024-01-30T18:55:21.651+0000] {logging_mixin.py:120} INFO - [2024-01-30T18:55:21.650+0000] {dag.py:3340} INFO - Setting next_dagrun for example_short_circuit_decorator to 2024-01-29T18:55:21.650507+00:00, run_after=2024-01-30T18:55:21.650507+00:00
[2024-01-30T18:55:21.689+0000] {processor.py:176} INFO - Processing /home/airflow/.local/lib/python3.7/site-packages/airflow/example_dags/example_short_circuit_decorator.py took 0.192 seconds
[2024-01-30T18:55:52.016+0000] {processor.py:154} INFO - Started process (PID=893) to work on /home/airflow/.local/lib/python3.7/site-packages/airflow/example_dags/example_short_circuit_decorator.py
[2024-01-30T18:55:52.018+0000] {processor.py:756} INFO - Processing file /home/airflow/.local/lib/python3.7/site-packages/airflow/example_dags/example_short_circuit_decorator.py for tasks to queue
[2024-01-30T18:55:52.019+0000] {logging_mixin.py:120} INFO - [2024-01-30T18:55:52.019+0000] {dagbag.py:537} INFO - Filling up the DagBag from /home/airflow/.local/lib/python3.7/site-packages/airflow/example_dags/example_short_circuit_decorator.py
[2024-01-30T18:55:52.062+0000] {processor.py:766} INFO - DAG(s) dict_keys(['example_short_circuit_decorator']) retrieved from /home/airflow/.local/lib/python3.7/site-packages/airflow/example_dags/example_short_circuit_decorator.py
[2024-01-30T18:55:52.127+0000] {logging_mixin.py:120} INFO - [2024-01-30T18:55:52.126+0000] {dag.py:2585} INFO - Sync 1 DAGs
[2024-01-30T18:55:52.167+0000] {logging_mixin.py:120} INFO - [2024-01-30T18:55:52.166+0000] {dag.py:3340} INFO - Setting next_dagrun for example_short_circuit_decorator to 2024-01-29T18:55:52.166513+00:00, run_after=2024-01-30T18:55:52.166513+00:00
[2024-01-30T18:55:52.212+0000] {processor.py:176} INFO - Processing /home/airflow/.local/lib/python3.7/site-packages/airflow/example_dags/example_short_circuit_decorator.py took 0.201 seconds
[2024-01-30T18:56:22.312+0000] {processor.py:154} INFO - Started process (PID=948) to work on /home/airflow/.local/lib/python3.7/site-packages/airflow/example_dags/example_short_circuit_decorator.py
[2024-01-30T18:56:22.314+0000] {processor.py:756} INFO - Processing file /home/airflow/.local/lib/python3.7/site-packages/airflow/example_dags/example_short_circuit_decorator.py for tasks to queue
[2024-01-30T18:56:22.316+0000] {logging_mixin.py:120} INFO - [2024-01-30T18:56:22.316+0000] {dagbag.py:537} INFO - Filling up the DagBag from /home/airflow/.local/lib/python3.7/site-packages/airflow/example_dags/example_short_circuit_decorator.py
[2024-01-30T18:56:22.356+0000] {processor.py:766} INFO - DAG(s) dict_keys(['example_short_circuit_decorator']) retrieved from /home/airflow/.local/lib/python3.7/site-packages/airflow/example_dags/example_short_circuit_decorator.py
[2024-01-30T18:56:22.413+0000] {logging_mixin.py:120} INFO - [2024-01-30T18:56:22.413+0000] {dag.py:2585} INFO - Sync 1 DAGs
[2024-01-30T18:56:22.452+0000] {logging_mixin.py:120} INFO - [2024-01-30T18:56:22.451+0000] {dag.py:3340} INFO - Setting next_dagrun for example_short_circuit_decorator to 2024-01-29T18:56:22.451313+00:00, run_after=2024-01-30T18:56:22.451313+00:00
[2024-01-30T18:56:22.485+0000] {processor.py:176} INFO - Processing /home/airflow/.local/lib/python3.7/site-packages/airflow/example_dags/example_short_circuit_decorator.py took 0.179 seconds
[2024-01-30T18:56:52.969+0000] {processor.py:154} INFO - Started process (PID=1012) to work on /home/airflow/.local/lib/python3.7/site-packages/airflow/example_dags/example_short_circuit_decorator.py
[2024-01-30T18:56:52.971+0000] {processor.py:756} INFO - Processing file /home/airflow/.local/lib/python3.7/site-packages/airflow/example_dags/example_short_circuit_decorator.py for tasks to queue
[2024-01-30T18:56:52.973+0000] {logging_mixin.py:120} INFO - [2024-01-30T18:56:52.972+0000] {dagbag.py:537} INFO - Filling up the DagBag from /home/airflow/.local/lib/python3.7/site-packages/airflow/example_dags/example_short_circuit_decorator.py
[2024-01-30T18:56:53.017+0000] {processor.py:766} INFO - DAG(s) dict_keys(['example_short_circuit_decorator']) retrieved from /home/airflow/.local/lib/python3.7/site-packages/airflow/example_dags/example_short_circuit_decorator.py
[2024-01-30T18:56:53.079+0000] {logging_mixin.py:120} INFO - [2024-01-30T18:56:53.078+0000] {dag.py:2585} INFO - Sync 1 DAGs
[2024-01-30T18:56:53.117+0000] {logging_mixin.py:120} INFO - [2024-01-30T18:56:53.117+0000] {dag.py:3340} INFO - Setting next_dagrun for example_short_circuit_decorator to 2024-01-29T18:56:53.117043+00:00, run_after=2024-01-30T18:56:53.117043+00:00
[2024-01-30T18:56:53.154+0000] {processor.py:176} INFO - Processing /home/airflow/.local/lib/python3.7/site-packages/airflow/example_dags/example_short_circuit_decorator.py took 0.190 seconds
[2024-01-30T18:57:23.447+0000] {processor.py:154} INFO - Started process (PID=1076) to work on /home/airflow/.local/lib/python3.7/site-packages/airflow/example_dags/example_short_circuit_decorator.py
[2024-01-30T18:57:23.449+0000] {processor.py:756} INFO - Processing file /home/airflow/.local/lib/python3.7/site-packages/airflow/example_dags/example_short_circuit_decorator.py for tasks to queue
[2024-01-30T18:57:23.450+0000] {logging_mixin.py:120} INFO - [2024-01-30T18:57:23.450+0000] {dagbag.py:537} INFO - Filling up the DagBag from /home/airflow/.local/lib/python3.7/site-packages/airflow/example_dags/example_short_circuit_decorator.py
[2024-01-30T18:57:23.491+0000] {processor.py:766} INFO - DAG(s) dict_keys(['example_short_circuit_decorator']) retrieved from /home/airflow/.local/lib/python3.7/site-packages/airflow/example_dags/example_short_circuit_decorator.py
[2024-01-30T18:57:23.548+0000] {logging_mixin.py:120} INFO - [2024-01-30T18:57:23.547+0000] {dag.py:2585} INFO - Sync 1 DAGs
[2024-01-30T18:57:23.588+0000] {logging_mixin.py:120} INFO - [2024-01-30T18:57:23.588+0000] {dag.py:3340} INFO - Setting next_dagrun for example_short_circuit_decorator to 2024-01-29T18:57:23.587684+00:00, run_after=2024-01-30T18:57:23.587684+00:00
[2024-01-30T18:57:23.627+0000] {processor.py:176} INFO - Processing /home/airflow/.local/lib/python3.7/site-packages/airflow/example_dags/example_short_circuit_decorator.py took 0.185 seconds
[2024-01-30T18:57:53.985+0000] {processor.py:154} INFO - Started process (PID=1131) to work on /home/airflow/.local/lib/python3.7/site-packages/airflow/example_dags/example_short_circuit_decorator.py
[2024-01-30T18:57:53.988+0000] {processor.py:756} INFO - Processing file /home/airflow/.local/lib/python3.7/site-packages/airflow/example_dags/example_short_circuit_decorator.py for tasks to queue
[2024-01-30T18:57:53.991+0000] {logging_mixin.py:120} INFO - [2024-01-30T18:57:53.991+0000] {dagbag.py:537} INFO - Filling up the DagBag from /home/airflow/.local/lib/python3.7/site-packages/airflow/example_dags/example_short_circuit_decorator.py
[2024-01-30T18:57:54.046+0000] {processor.py:766} INFO - DAG(s) dict_keys(['example_short_circuit_decorator']) retrieved from /home/airflow/.local/lib/python3.7/site-packages/airflow/example_dags/example_short_circuit_decorator.py
[2024-01-30T18:57:54.136+0000] {logging_mixin.py:120} INFO - [2024-01-30T18:57:54.136+0000] {dag.py:2585} INFO - Sync 1 DAGs
[2024-01-30T18:57:54.181+0000] {logging_mixin.py:120} INFO - [2024-01-30T18:57:54.180+0000] {dag.py:3340} INFO - Setting next_dagrun for example_short_circuit_decorator to 2024-01-29T18:57:54.180216+00:00, run_after=2024-01-30T18:57:54.180216+00:00
[2024-01-30T18:57:54.210+0000] {processor.py:176} INFO - Processing /home/airflow/.local/lib/python3.7/site-packages/airflow/example_dags/example_short_circuit_decorator.py took 0.233 seconds
[2024-01-30T18:58:24.402+0000] {processor.py:154} INFO - Started process (PID=1195) to work on /home/airflow/.local/lib/python3.7/site-packages/airflow/example_dags/example_short_circuit_decorator.py
[2024-01-30T18:58:24.405+0000] {processor.py:756} INFO - Processing file /home/airflow/.local/lib/python3.7/site-packages/airflow/example_dags/example_short_circuit_decorator.py for tasks to queue
[2024-01-30T18:58:24.407+0000] {logging_mixin.py:120} INFO - [2024-01-30T18:58:24.406+0000] {dagbag.py:537} INFO - Filling up the DagBag from /home/airflow/.local/lib/python3.7/site-packages/airflow/example_dags/example_short_circuit_decorator.py
[2024-01-30T18:58:24.448+0000] {processor.py:766} INFO - DAG(s) dict_keys(['example_short_circuit_decorator']) retrieved from /home/airflow/.local/lib/python3.7/site-packages/airflow/example_dags/example_short_circuit_decorator.py
[2024-01-30T18:58:24.516+0000] {logging_mixin.py:120} INFO - [2024-01-30T18:58:24.516+0000] {dag.py:2585} INFO - Sync 1 DAGs
[2024-01-30T18:58:24.576+0000] {logging_mixin.py:120} INFO - [2024-01-30T18:58:24.575+0000] {dag.py:3340} INFO - Setting next_dagrun for example_short_circuit_decorator to 2024-01-29T18:58:24.575476+00:00, run_after=2024-01-30T18:58:24.575476+00:00
[2024-01-30T18:58:24.610+0000] {processor.py:176} INFO - Processing /home/airflow/.local/lib/python3.7/site-packages/airflow/example_dags/example_short_circuit_decorator.py took 0.214 seconds
[2024-01-30T18:58:55.342+0000] {processor.py:154} INFO - Started process (PID=1257) to work on /home/airflow/.local/lib/python3.7/site-packages/airflow/example_dags/example_short_circuit_decorator.py
[2024-01-30T18:58:55.344+0000] {processor.py:756} INFO - Processing file /home/airflow/.local/lib/python3.7/site-packages/airflow/example_dags/example_short_circuit_decorator.py for tasks to queue
[2024-01-30T18:58:55.345+0000] {logging_mixin.py:120} INFO - [2024-01-30T18:58:55.345+0000] {dagbag.py:537} INFO - Filling up the DagBag from /home/airflow/.local/lib/python3.7/site-packages/airflow/example_dags/example_short_circuit_decorator.py
[2024-01-30T18:58:55.389+0000] {processor.py:766} INFO - DAG(s) dict_keys(['example_short_circuit_decorator']) retrieved from /home/airflow/.local/lib/python3.7/site-packages/airflow/example_dags/example_short_circuit_decorator.py
[2024-01-30T18:58:55.446+0000] {logging_mixin.py:120} INFO - [2024-01-30T18:58:55.446+0000] {dag.py:2585} INFO - Sync 1 DAGs
[2024-01-30T18:58:55.519+0000] {logging_mixin.py:120} INFO - [2024-01-30T18:58:55.519+0000] {dag.py:3340} INFO - Setting next_dagrun for example_short_circuit_decorator to 2024-01-29T18:58:55.516491+00:00, run_after=2024-01-30T18:58:55.516491+00:00
[2024-01-30T18:58:55.554+0000] {processor.py:176} INFO - Processing /home/airflow/.local/lib/python3.7/site-packages/airflow/example_dags/example_short_circuit_decorator.py took 0.217 seconds
[2024-01-30T18:59:25.656+0000] {processor.py:154} INFO - Started process (PID=1313) to work on /home/airflow/.local/lib/python3.7/site-packages/airflow/example_dags/example_short_circuit_decorator.py
[2024-01-30T18:59:25.659+0000] {processor.py:756} INFO - Processing file /home/airflow/.local/lib/python3.7/site-packages/airflow/example_dags/example_short_circuit_decorator.py for tasks to queue
[2024-01-30T18:59:25.661+0000] {logging_mixin.py:120} INFO - [2024-01-30T18:59:25.661+0000] {dagbag.py:537} INFO - Filling up the DagBag from /home/airflow/.local/lib/python3.7/site-packages/airflow/example_dags/example_short_circuit_decorator.py
[2024-01-30T18:59:25.710+0000] {processor.py:766} INFO - DAG(s) dict_keys(['example_short_circuit_decorator']) retrieved from /home/airflow/.local/lib/python3.7/site-packages/airflow/example_dags/example_short_circuit_decorator.py
[2024-01-30T18:59:25.787+0000] {logging_mixin.py:120} INFO - [2024-01-30T18:59:25.786+0000] {dag.py:2585} INFO - Sync 1 DAGs
[2024-01-30T18:59:25.824+0000] {logging_mixin.py:120} INFO - [2024-01-30T18:59:25.824+0000] {dag.py:3340} INFO - Setting next_dagrun for example_short_circuit_decorator to 2024-01-29T18:59:25.824240+00:00, run_after=2024-01-30T18:59:25.824240+00:00
[2024-01-30T18:59:25.851+0000] {processor.py:176} INFO - Processing /home/airflow/.local/lib/python3.7/site-packages/airflow/example_dags/example_short_circuit_decorator.py took 0.203 seconds
[2024-01-30T18:59:57.018+0000] {processor.py:154} INFO - Started process (PID=1378) to work on /home/airflow/.local/lib/python3.7/site-packages/airflow/example_dags/example_short_circuit_decorator.py
[2024-01-30T18:59:57.020+0000] {processor.py:756} INFO - Processing file /home/airflow/.local/lib/python3.7/site-packages/airflow/example_dags/example_short_circuit_decorator.py for tasks to queue
[2024-01-30T18:59:57.023+0000] {logging_mixin.py:120} INFO - [2024-01-30T18:59:57.022+0000] {dagbag.py:537} INFO - Filling up the DagBag from /home/airflow/.local/lib/python3.7/site-packages/airflow/example_dags/example_short_circuit_decorator.py
[2024-01-30T18:59:57.091+0000] {processor.py:766} INFO - DAG(s) dict_keys(['example_short_circuit_decorator']) retrieved from /home/airflow/.local/lib/python3.7/site-packages/airflow/example_dags/example_short_circuit_decorator.py
[2024-01-30T18:59:57.183+0000] {logging_mixin.py:120} INFO - [2024-01-30T18:59:57.183+0000] {dag.py:2585} INFO - Sync 1 DAGs
[2024-01-30T18:59:57.227+0000] {logging_mixin.py:120} INFO - [2024-01-30T18:59:57.227+0000] {dag.py:3340} INFO - Setting next_dagrun for example_short_circuit_decorator to 2024-01-29T18:59:57.226836+00:00, run_after=2024-01-30T18:59:57.226836+00:00
[2024-01-30T18:59:57.258+0000] {processor.py:176} INFO - Processing /home/airflow/.local/lib/python3.7/site-packages/airflow/example_dags/example_short_circuit_decorator.py took 0.246 seconds
[2024-01-30T19:00:27.751+0000] {processor.py:154} INFO - Started process (PID=1433) to work on /home/airflow/.local/lib/python3.7/site-packages/airflow/example_dags/example_short_circuit_decorator.py
[2024-01-30T19:00:27.754+0000] {processor.py:756} INFO - Processing file /home/airflow/.local/lib/python3.7/site-packages/airflow/example_dags/example_short_circuit_decorator.py for tasks to queue
[2024-01-30T19:00:27.755+0000] {logging_mixin.py:120} INFO - [2024-01-30T19:00:27.755+0000] {dagbag.py:537} INFO - Filling up the DagBag from /home/airflow/.local/lib/python3.7/site-packages/airflow/example_dags/example_short_circuit_decorator.py
[2024-01-30T19:00:27.803+0000] {processor.py:766} INFO - DAG(s) dict_keys(['example_short_circuit_decorator']) retrieved from /home/airflow/.local/lib/python3.7/site-packages/airflow/example_dags/example_short_circuit_decorator.py
[2024-01-30T19:00:27.873+0000] {logging_mixin.py:120} INFO - [2024-01-30T19:00:27.872+0000] {dag.py:2585} INFO - Sync 1 DAGs
[2024-01-30T19:00:27.943+0000] {logging_mixin.py:120} INFO - [2024-01-30T19:00:27.943+0000] {dag.py:3340} INFO - Setting next_dagrun for example_short_circuit_decorator to 2024-01-29T19:00:27.942746+00:00, run_after=2024-01-30T19:00:27.942746+00:00
[2024-01-30T19:00:27.977+0000] {processor.py:176} INFO - Processing /home/airflow/.local/lib/python3.7/site-packages/airflow/example_dags/example_short_circuit_decorator.py took 0.230 seconds
[2024-01-30T19:00:58.297+0000] {processor.py:154} INFO - Started process (PID=1497) to work on /home/airflow/.local/lib/python3.7/site-packages/airflow/example_dags/example_short_circuit_decorator.py
[2024-01-30T19:00:58.299+0000] {processor.py:756} INFO - Processing file /home/airflow/.local/lib/python3.7/site-packages/airflow/example_dags/example_short_circuit_decorator.py for tasks to queue
[2024-01-30T19:00:58.301+0000] {logging_mixin.py:120} INFO - [2024-01-30T19:00:58.300+0000] {dagbag.py:537} INFO - Filling up the DagBag from /home/airflow/.local/lib/python3.7/site-packages/airflow/example_dags/example_short_circuit_decorator.py
[2024-01-30T19:00:58.338+0000] {processor.py:766} INFO - DAG(s) dict_keys(['example_short_circuit_decorator']) retrieved from /home/airflow/.local/lib/python3.7/site-packages/airflow/example_dags/example_short_circuit_decorator.py
[2024-01-30T19:00:58.393+0000] {logging_mixin.py:120} INFO - [2024-01-30T19:00:58.393+0000] {dag.py:2585} INFO - Sync 1 DAGs
[2024-01-30T19:00:58.427+0000] {logging_mixin.py:120} INFO - [2024-01-30T19:00:58.427+0000] {dag.py:3340} INFO - Setting next_dagrun for example_short_circuit_decorator to 2024-01-29T19:00:58.427323+00:00, run_after=2024-01-30T19:00:58.427323+00:00
[2024-01-30T19:00:58.453+0000] {processor.py:176} INFO - Processing /home/airflow/.local/lib/python3.7/site-packages/airflow/example_dags/example_short_circuit_decorator.py took 0.160 seconds
[2024-01-30T19:01:28.518+0000] {processor.py:154} INFO - Started process (PID=1561) to work on /home/airflow/.local/lib/python3.7/site-packages/airflow/example_dags/example_short_circuit_decorator.py
[2024-01-30T19:01:28.521+0000] {processor.py:756} INFO - Processing file /home/airflow/.local/lib/python3.7/site-packages/airflow/example_dags/example_short_circuit_decorator.py for tasks to queue
[2024-01-30T19:01:28.523+0000] {logging_mixin.py:120} INFO - [2024-01-30T19:01:28.523+0000] {dagbag.py:537} INFO - Filling up the DagBag from /home/airflow/.local/lib/python3.7/site-packages/airflow/example_dags/example_short_circuit_decorator.py
[2024-01-30T19:01:28.567+0000] {processor.py:766} INFO - DAG(s) dict_keys(['example_short_circuit_decorator']) retrieved from /home/airflow/.local/lib/python3.7/site-packages/airflow/example_dags/example_short_circuit_decorator.py
[2024-01-30T19:01:28.654+0000] {logging_mixin.py:120} INFO - [2024-01-30T19:01:28.653+0000] {dag.py:2585} INFO - Sync 1 DAGs
[2024-01-30T19:01:28.692+0000] {logging_mixin.py:120} INFO - [2024-01-30T19:01:28.692+0000] {dag.py:3340} INFO - Setting next_dagrun for example_short_circuit_decorator to 2024-01-29T19:01:28.691893+00:00, run_after=2024-01-30T19:01:28.691893+00:00
[2024-01-30T19:01:28.722+0000] {processor.py:176} INFO - Processing /home/airflow/.local/lib/python3.7/site-packages/airflow/example_dags/example_short_circuit_decorator.py took 0.211 seconds
[2024-01-30T19:01:58.824+0000] {processor.py:154} INFO - Started process (PID=1617) to work on /home/airflow/.local/lib/python3.7/site-packages/airflow/example_dags/example_short_circuit_decorator.py
[2024-01-30T19:01:58.825+0000] {processor.py:756} INFO - Processing file /home/airflow/.local/lib/python3.7/site-packages/airflow/example_dags/example_short_circuit_decorator.py for tasks to queue
[2024-01-30T19:01:58.827+0000] {logging_mixin.py:120} INFO - [2024-01-30T19:01:58.826+0000] {dagbag.py:537} INFO - Filling up the DagBag from /home/airflow/.local/lib/python3.7/site-packages/airflow/example_dags/example_short_circuit_decorator.py
[2024-01-30T19:01:58.866+0000] {processor.py:766} INFO - DAG(s) dict_keys(['example_short_circuit_decorator']) retrieved from /home/airflow/.local/lib/python3.7/site-packages/airflow/example_dags/example_short_circuit_decorator.py
[2024-01-30T19:01:58.928+0000] {logging_mixin.py:120} INFO - [2024-01-30T19:01:58.928+0000] {dag.py:2585} INFO - Sync 1 DAGs
[2024-01-30T19:01:58.971+0000] {logging_mixin.py:120} INFO - [2024-01-30T19:01:58.970+0000] {dag.py:3340} INFO - Setting next_dagrun for example_short_circuit_decorator to 2024-01-29T19:01:58.970350+00:00, run_after=2024-01-30T19:01:58.970350+00:00
[2024-01-30T19:01:59.009+0000] {processor.py:176} INFO - Processing /home/airflow/.local/lib/python3.7/site-packages/airflow/example_dags/example_short_circuit_decorator.py took 0.191 seconds
[2024-01-30T19:02:29.696+0000] {processor.py:154} INFO - Started process (PID=1681) to work on /home/airflow/.local/lib/python3.7/site-packages/airflow/example_dags/example_short_circuit_decorator.py
[2024-01-30T19:02:29.698+0000] {processor.py:756} INFO - Processing file /home/airflow/.local/lib/python3.7/site-packages/airflow/example_dags/example_short_circuit_decorator.py for tasks to queue
[2024-01-30T19:02:29.700+0000] {logging_mixin.py:120} INFO - [2024-01-30T19:02:29.699+0000] {dagbag.py:537} INFO - Filling up the DagBag from /home/airflow/.local/lib/python3.7/site-packages/airflow/example_dags/example_short_circuit_decorator.py
[2024-01-30T19:02:29.746+0000] {processor.py:766} INFO - DAG(s) dict_keys(['example_short_circuit_decorator']) retrieved from /home/airflow/.local/lib/python3.7/site-packages/airflow/example_dags/example_short_circuit_decorator.py
[2024-01-30T19:02:29.815+0000] {logging_mixin.py:120} INFO - [2024-01-30T19:02:29.815+0000] {dag.py:2585} INFO - Sync 1 DAGs
[2024-01-30T19:02:29.861+0000] {logging_mixin.py:120} INFO - [2024-01-30T19:02:29.861+0000] {dag.py:3340} INFO - Setting next_dagrun for example_short_circuit_decorator to 2024-01-29T19:02:29.860925+00:00, run_after=2024-01-30T19:02:29.860925+00:00
[2024-01-30T19:02:29.903+0000] {processor.py:176} INFO - Processing /home/airflow/.local/lib/python3.7/site-packages/airflow/example_dags/example_short_circuit_decorator.py took 0.212 seconds
[2024-01-30T19:03:00.123+0000] {processor.py:154} INFO - Started process (PID=1737) to work on /home/airflow/.local/lib/python3.7/site-packages/airflow/example_dags/example_short_circuit_decorator.py
[2024-01-30T19:03:00.125+0000] {processor.py:756} INFO - Processing file /home/airflow/.local/lib/python3.7/site-packages/airflow/example_dags/example_short_circuit_decorator.py for tasks to queue
[2024-01-30T19:03:00.126+0000] {logging_mixin.py:120} INFO - [2024-01-30T19:03:00.126+0000] {dagbag.py:537} INFO - Filling up the DagBag from /home/airflow/.local/lib/python3.7/site-packages/airflow/example_dags/example_short_circuit_decorator.py
[2024-01-30T19:03:00.173+0000] {processor.py:766} INFO - DAG(s) dict_keys(['example_short_circuit_decorator']) retrieved from /home/airflow/.local/lib/python3.7/site-packages/airflow/example_dags/example_short_circuit_decorator.py
[2024-01-30T19:03:00.241+0000] {logging_mixin.py:120} INFO - [2024-01-30T19:03:00.240+0000] {dag.py:2585} INFO - Sync 1 DAGs
[2024-01-30T19:03:00.282+0000] {logging_mixin.py:120} INFO - [2024-01-30T19:03:00.281+0000] {dag.py:3340} INFO - Setting next_dagrun for example_short_circuit_decorator to 2024-01-29T19:03:00.281514+00:00, run_after=2024-01-30T19:03:00.281514+00:00
[2024-01-30T19:03:00.316+0000] {processor.py:176} INFO - Processing /home/airflow/.local/lib/python3.7/site-packages/airflow/example_dags/example_short_circuit_decorator.py took 0.200 seconds
[2024-01-30T19:03:30.587+0000] {processor.py:154} INFO - Started process (PID=1801) to work on /home/airflow/.local/lib/python3.7/site-packages/airflow/example_dags/example_short_circuit_decorator.py
[2024-01-30T19:03:30.589+0000] {processor.py:756} INFO - Processing file /home/airflow/.local/lib/python3.7/site-packages/airflow/example_dags/example_short_circuit_decorator.py for tasks to queue
[2024-01-30T19:03:30.591+0000] {logging_mixin.py:120} INFO - [2024-01-30T19:03:30.590+0000] {dagbag.py:537} INFO - Filling up the DagBag from /home/airflow/.local/lib/python3.7/site-packages/airflow/example_dags/example_short_circuit_decorator.py
[2024-01-30T19:03:30.633+0000] {processor.py:766} INFO - DAG(s) dict_keys(['example_short_circuit_decorator']) retrieved from /home/airflow/.local/lib/python3.7/site-packages/airflow/example_dags/example_short_circuit_decorator.py
[2024-01-30T19:03:30.694+0000] {logging_mixin.py:120} INFO - [2024-01-30T19:03:30.694+0000] {dag.py:2585} INFO - Sync 1 DAGs
[2024-01-30T19:03:30.729+0000] {logging_mixin.py:120} INFO - [2024-01-30T19:03:30.729+0000] {dag.py:3340} INFO - Setting next_dagrun for example_short_circuit_decorator to 2024-01-29T19:03:30.729101+00:00, run_after=2024-01-30T19:03:30.729101+00:00
[2024-01-30T19:03:30.755+0000] {processor.py:176} INFO - Processing /home/airflow/.local/lib/python3.7/site-packages/airflow/example_dags/example_short_circuit_decorator.py took 0.174 seconds
[2024-01-30T19:04:01.369+0000] {processor.py:154} INFO - Started process (PID=1864) to work on /home/airflow/.local/lib/python3.7/site-packages/airflow/example_dags/example_short_circuit_decorator.py
[2024-01-30T19:04:01.371+0000] {processor.py:756} INFO - Processing file /home/airflow/.local/lib/python3.7/site-packages/airflow/example_dags/example_short_circuit_decorator.py for tasks to queue
[2024-01-30T19:04:01.372+0000] {logging_mixin.py:120} INFO - [2024-01-30T19:04:01.372+0000] {dagbag.py:537} INFO - Filling up the DagBag from /home/airflow/.local/lib/python3.7/site-packages/airflow/example_dags/example_short_circuit_decorator.py
[2024-01-30T19:04:01.411+0000] {processor.py:766} INFO - DAG(s) dict_keys(['example_short_circuit_decorator']) retrieved from /home/airflow/.local/lib/python3.7/site-packages/airflow/example_dags/example_short_circuit_decorator.py
[2024-01-30T19:04:01.479+0000] {logging_mixin.py:120} INFO - [2024-01-30T19:04:01.478+0000] {dag.py:2585} INFO - Sync 1 DAGs
[2024-01-30T19:04:01.522+0000] {logging_mixin.py:120} INFO - [2024-01-30T19:04:01.522+0000] {dag.py:3340} INFO - Setting next_dagrun for example_short_circuit_decorator to 2024-01-29T19:04:01.521499+00:00, run_after=2024-01-30T19:04:01.521499+00:00
[2024-01-30T19:04:01.549+0000] {processor.py:176} INFO - Processing /home/airflow/.local/lib/python3.7/site-packages/airflow/example_dags/example_short_circuit_decorator.py took 0.185 seconds
[2024-01-30T19:04:31.665+0000] {processor.py:154} INFO - Started process (PID=1919) to work on /home/airflow/.local/lib/python3.7/site-packages/airflow/example_dags/example_short_circuit_decorator.py
[2024-01-30T19:04:31.667+0000] {processor.py:756} INFO - Processing file /home/airflow/.local/lib/python3.7/site-packages/airflow/example_dags/example_short_circuit_decorator.py for tasks to queue
[2024-01-30T19:04:31.668+0000] {logging_mixin.py:120} INFO - [2024-01-30T19:04:31.668+0000] {dagbag.py:537} INFO - Filling up the DagBag from /home/airflow/.local/lib/python3.7/site-packages/airflow/example_dags/example_short_circuit_decorator.py
[2024-01-30T19:04:31.708+0000] {processor.py:766} INFO - DAG(s) dict_keys(['example_short_circuit_decorator']) retrieved from /home/airflow/.local/lib/python3.7/site-packages/airflow/example_dags/example_short_circuit_decorator.py
[2024-01-30T19:04:31.777+0000] {logging_mixin.py:120} INFO - [2024-01-30T19:04:31.777+0000] {dag.py:2585} INFO - Sync 1 DAGs
[2024-01-30T19:04:31.838+0000] {logging_mixin.py:120} INFO - [2024-01-30T19:04:31.838+0000] {dag.py:3340} INFO - Setting next_dagrun for example_short_circuit_decorator to 2024-01-29T19:04:31.837737+00:00, run_after=2024-01-30T19:04:31.837737+00:00
[2024-01-30T19:04:31.876+0000] {processor.py:176} INFO - Processing /home/airflow/.local/lib/python3.7/site-packages/airflow/example_dags/example_short_circuit_decorator.py took 0.215 seconds
[2024-01-30T19:05:02.215+0000] {processor.py:154} INFO - Started process (PID=1983) to work on /home/airflow/.local/lib/python3.7/site-packages/airflow/example_dags/example_short_circuit_decorator.py
[2024-01-30T19:05:02.217+0000] {processor.py:756} INFO - Processing file /home/airflow/.local/lib/python3.7/site-packages/airflow/example_dags/example_short_circuit_decorator.py for tasks to queue
[2024-01-30T19:05:02.219+0000] {logging_mixin.py:120} INFO - [2024-01-30T19:05:02.219+0000] {dagbag.py:537} INFO - Filling up the DagBag from /home/airflow/.local/lib/python3.7/site-packages/airflow/example_dags/example_short_circuit_decorator.py
[2024-01-30T19:05:02.279+0000] {processor.py:766} INFO - DAG(s) dict_keys(['example_short_circuit_decorator']) retrieved from /home/airflow/.local/lib/python3.7/site-packages/airflow/example_dags/example_short_circuit_decorator.py
[2024-01-30T19:05:02.352+0000] {logging_mixin.py:120} INFO - [2024-01-30T19:05:02.352+0000] {dag.py:2585} INFO - Sync 1 DAGs
[2024-01-30T19:05:02.395+0000] {logging_mixin.py:120} INFO - [2024-01-30T19:05:02.395+0000] {dag.py:3340} INFO - Setting next_dagrun for example_short_circuit_decorator to 2024-01-29T19:05:02.394984+00:00, run_after=2024-01-30T19:05:02.394984+00:00
[2024-01-30T19:05:02.429+0000] {processor.py:176} INFO - Processing /home/airflow/.local/lib/python3.7/site-packages/airflow/example_dags/example_short_circuit_decorator.py took 0.219 seconds
[2024-01-30T19:05:32.648+0000] {processor.py:154} INFO - Started process (PID=2046) to work on /home/airflow/.local/lib/python3.7/site-packages/airflow/example_dags/example_short_circuit_decorator.py
[2024-01-30T19:05:32.650+0000] {processor.py:756} INFO - Processing file /home/airflow/.local/lib/python3.7/site-packages/airflow/example_dags/example_short_circuit_decorator.py for tasks to queue
[2024-01-30T19:05:32.652+0000] {logging_mixin.py:120} INFO - [2024-01-30T19:05:32.651+0000] {dagbag.py:537} INFO - Filling up the DagBag from /home/airflow/.local/lib/python3.7/site-packages/airflow/example_dags/example_short_circuit_decorator.py
[2024-01-30T19:05:32.710+0000] {processor.py:766} INFO - DAG(s) dict_keys(['example_short_circuit_decorator']) retrieved from /home/airflow/.local/lib/python3.7/site-packages/airflow/example_dags/example_short_circuit_decorator.py
[2024-01-30T19:05:32.814+0000] {logging_mixin.py:120} INFO - [2024-01-30T19:05:32.814+0000] {dag.py:2585} INFO - Sync 1 DAGs
[2024-01-30T19:05:32.875+0000] {logging_mixin.py:120} INFO - [2024-01-30T19:05:32.875+0000] {dag.py:3340} INFO - Setting next_dagrun for example_short_circuit_decorator to 2024-01-29T19:05:32.871230+00:00, run_after=2024-01-30T19:05:32.871230+00:00
[2024-01-30T19:05:32.941+0000] {processor.py:176} INFO - Processing /home/airflow/.local/lib/python3.7/site-packages/airflow/example_dags/example_short_circuit_decorator.py took 0.301 seconds
[2024-01-30T19:06:03.152+0000] {processor.py:154} INFO - Started process (PID=2103) to work on /home/airflow/.local/lib/python3.7/site-packages/airflow/example_dags/example_short_circuit_decorator.py
[2024-01-30T19:06:03.154+0000] {processor.py:756} INFO - Processing file /home/airflow/.local/lib/python3.7/site-packages/airflow/example_dags/example_short_circuit_decorator.py for tasks to queue
[2024-01-30T19:06:03.156+0000] {logging_mixin.py:120} INFO - [2024-01-30T19:06:03.156+0000] {dagbag.py:537} INFO - Filling up the DagBag from /home/airflow/.local/lib/python3.7/site-packages/airflow/example_dags/example_short_circuit_decorator.py
[2024-01-30T19:06:03.208+0000] {processor.py:766} INFO - DAG(s) dict_keys(['example_short_circuit_decorator']) retrieved from /home/airflow/.local/lib/python3.7/site-packages/airflow/example_dags/example_short_circuit_decorator.py
[2024-01-30T19:06:03.278+0000] {logging_mixin.py:120} INFO - [2024-01-30T19:06:03.277+0000] {dag.py:2585} INFO - Sync 1 DAGs
[2024-01-30T19:06:03.324+0000] {logging_mixin.py:120} INFO - [2024-01-30T19:06:03.323+0000] {dag.py:3340} INFO - Setting next_dagrun for example_short_circuit_decorator to 2024-01-29T19:06:03.323113+00:00, run_after=2024-01-30T19:06:03.323113+00:00
[2024-01-30T19:06:03.355+0000] {processor.py:176} INFO - Processing /home/airflow/.local/lib/python3.7/site-packages/airflow/example_dags/example_short_circuit_decorator.py took 0.208 seconds
[2024-01-30T19:06:33.627+0000] {processor.py:154} INFO - Started process (PID=2168) to work on /home/airflow/.local/lib/python3.7/site-packages/airflow/example_dags/example_short_circuit_decorator.py
[2024-01-30T19:06:33.631+0000] {processor.py:756} INFO - Processing file /home/airflow/.local/lib/python3.7/site-packages/airflow/example_dags/example_short_circuit_decorator.py for tasks to queue
[2024-01-30T19:06:33.636+0000] {logging_mixin.py:120} INFO - [2024-01-30T19:06:33.636+0000] {dagbag.py:537} INFO - Filling up the DagBag from /home/airflow/.local/lib/python3.7/site-packages/airflow/example_dags/example_short_circuit_decorator.py
[2024-01-30T19:06:33.689+0000] {processor.py:766} INFO - DAG(s) dict_keys(['example_short_circuit_decorator']) retrieved from /home/airflow/.local/lib/python3.7/site-packages/airflow/example_dags/example_short_circuit_decorator.py
[2024-01-30T19:06:33.765+0000] {logging_mixin.py:120} INFO - [2024-01-30T19:06:33.765+0000] {dag.py:2585} INFO - Sync 1 DAGs
[2024-01-30T19:06:33.804+0000] {logging_mixin.py:120} INFO - [2024-01-30T19:06:33.804+0000] {dag.py:3340} INFO - Setting next_dagrun for example_short_circuit_decorator to 2024-01-29T19:06:33.802385+00:00, run_after=2024-01-30T19:06:33.802385+00:00
[2024-01-30T19:06:33.836+0000] {processor.py:176} INFO - Processing /home/airflow/.local/lib/python3.7/site-packages/airflow/example_dags/example_short_circuit_decorator.py took 0.218 seconds
[2024-01-30T19:07:04.057+0000] {processor.py:154} INFO - Started process (PID=2223) to work on /home/airflow/.local/lib/python3.7/site-packages/airflow/example_dags/example_short_circuit_decorator.py
[2024-01-30T19:07:04.059+0000] {processor.py:756} INFO - Processing file /home/airflow/.local/lib/python3.7/site-packages/airflow/example_dags/example_short_circuit_decorator.py for tasks to queue
[2024-01-30T19:07:04.061+0000] {logging_mixin.py:120} INFO - [2024-01-30T19:07:04.061+0000] {dagbag.py:537} INFO - Filling up the DagBag from /home/airflow/.local/lib/python3.7/site-packages/airflow/example_dags/example_short_circuit_decorator.py
[2024-01-30T19:07:04.109+0000] {processor.py:766} INFO - DAG(s) dict_keys(['example_short_circuit_decorator']) retrieved from /home/airflow/.local/lib/python3.7/site-packages/airflow/example_dags/example_short_circuit_decorator.py
[2024-01-30T19:07:04.202+0000] {logging_mixin.py:120} INFO - [2024-01-30T19:07:04.202+0000] {dag.py:2585} INFO - Sync 1 DAGs
[2024-01-30T19:07:04.246+0000] {logging_mixin.py:120} INFO - [2024-01-30T19:07:04.246+0000] {dag.py:3340} INFO - Setting next_dagrun for example_short_circuit_decorator to 2024-01-29T19:07:04.245825+00:00, run_after=2024-01-30T19:07:04.245825+00:00
[2024-01-30T19:07:04.275+0000] {processor.py:176} INFO - Processing /home/airflow/.local/lib/python3.7/site-packages/airflow/example_dags/example_short_circuit_decorator.py took 0.225 seconds
[2024-01-30T19:07:34.341+0000] {processor.py:154} INFO - Started process (PID=2287) to work on /home/airflow/.local/lib/python3.7/site-packages/airflow/example_dags/example_short_circuit_decorator.py
[2024-01-30T19:07:34.343+0000] {processor.py:756} INFO - Processing file /home/airflow/.local/lib/python3.7/site-packages/airflow/example_dags/example_short_circuit_decorator.py for tasks to queue
[2024-01-30T19:07:34.344+0000] {logging_mixin.py:120} INFO - [2024-01-30T19:07:34.344+0000] {dagbag.py:537} INFO - Filling up the DagBag from /home/airflow/.local/lib/python3.7/site-packages/airflow/example_dags/example_short_circuit_decorator.py
[2024-01-30T19:07:34.394+0000] {processor.py:766} INFO - DAG(s) dict_keys(['example_short_circuit_decorator']) retrieved from /home/airflow/.local/lib/python3.7/site-packages/airflow/example_dags/example_short_circuit_decorator.py
[2024-01-30T19:07:34.499+0000] {logging_mixin.py:120} INFO - [2024-01-30T19:07:34.499+0000] {dag.py:2585} INFO - Sync 1 DAGs
[2024-01-30T19:07:34.563+0000] {logging_mixin.py:120} INFO - [2024-01-30T19:07:34.563+0000] {dag.py:3340} INFO - Setting next_dagrun for example_short_circuit_decorator to 2024-01-29T19:07:34.563119+00:00, run_after=2024-01-30T19:07:34.563119+00:00
[2024-01-30T19:07:34.602+0000] {processor.py:176} INFO - Processing /home/airflow/.local/lib/python3.7/site-packages/airflow/example_dags/example_short_circuit_decorator.py took 0.268 seconds
[2024-01-30T19:08:05.119+0000] {processor.py:154} INFO - Started process (PID=2350) to work on /home/airflow/.local/lib/python3.7/site-packages/airflow/example_dags/example_short_circuit_decorator.py
[2024-01-30T19:08:05.121+0000] {processor.py:756} INFO - Processing file /home/airflow/.local/lib/python3.7/site-packages/airflow/example_dags/example_short_circuit_decorator.py for tasks to queue
[2024-01-30T19:08:05.122+0000] {logging_mixin.py:120} INFO - [2024-01-30T19:08:05.122+0000] {dagbag.py:537} INFO - Filling up the DagBag from /home/airflow/.local/lib/python3.7/site-packages/airflow/example_dags/example_short_circuit_decorator.py
[2024-01-30T19:08:05.159+0000] {processor.py:766} INFO - DAG(s) dict_keys(['example_short_circuit_decorator']) retrieved from /home/airflow/.local/lib/python3.7/site-packages/airflow/example_dags/example_short_circuit_decorator.py
[2024-01-30T19:08:05.215+0000] {logging_mixin.py:120} INFO - [2024-01-30T19:08:05.215+0000] {dag.py:2585} INFO - Sync 1 DAGs
[2024-01-30T19:08:05.261+0000] {logging_mixin.py:120} INFO - [2024-01-30T19:08:05.261+0000] {dag.py:3340} INFO - Setting next_dagrun for example_short_circuit_decorator to 2024-01-29T19:08:05.260756+00:00, run_after=2024-01-30T19:08:05.260756+00:00
[2024-01-30T19:08:05.316+0000] {processor.py:176} INFO - Processing /home/airflow/.local/lib/python3.7/site-packages/airflow/example_dags/example_short_circuit_decorator.py took 0.203 seconds
[2024-01-30T19:08:35.569+0000] {processor.py:154} INFO - Started process (PID=2407) to work on /home/airflow/.local/lib/python3.7/site-packages/airflow/example_dags/example_short_circuit_decorator.py
[2024-01-30T19:08:35.571+0000] {processor.py:756} INFO - Processing file /home/airflow/.local/lib/python3.7/site-packages/airflow/example_dags/example_short_circuit_decorator.py for tasks to queue
[2024-01-30T19:08:35.573+0000] {logging_mixin.py:120} INFO - [2024-01-30T19:08:35.573+0000] {dagbag.py:537} INFO - Filling up the DagBag from /home/airflow/.local/lib/python3.7/site-packages/airflow/example_dags/example_short_circuit_decorator.py
[2024-01-30T19:08:35.617+0000] {processor.py:766} INFO - DAG(s) dict_keys(['example_short_circuit_decorator']) retrieved from /home/airflow/.local/lib/python3.7/site-packages/airflow/example_dags/example_short_circuit_decorator.py
[2024-01-30T19:08:35.681+0000] {logging_mixin.py:120} INFO - [2024-01-30T19:08:35.681+0000] {dag.py:2585} INFO - Sync 1 DAGs
[2024-01-30T19:08:35.715+0000] {logging_mixin.py:120} INFO - [2024-01-30T19:08:35.715+0000] {dag.py:3340} INFO - Setting next_dagrun for example_short_circuit_decorator to 2024-01-29T19:08:35.715441+00:00, run_after=2024-01-30T19:08:35.715441+00:00
[2024-01-30T19:08:35.745+0000] {processor.py:176} INFO - Processing /home/airflow/.local/lib/python3.7/site-packages/airflow/example_dags/example_short_circuit_decorator.py took 0.181 seconds
[2024-01-30T19:09:06.071+0000] {processor.py:154} INFO - Started process (PID=2472) to work on /home/airflow/.local/lib/python3.7/site-packages/airflow/example_dags/example_short_circuit_decorator.py
[2024-01-30T19:09:06.073+0000] {processor.py:756} INFO - Processing file /home/airflow/.local/lib/python3.7/site-packages/airflow/example_dags/example_short_circuit_decorator.py for tasks to queue
[2024-01-30T19:09:06.075+0000] {logging_mixin.py:120} INFO - [2024-01-30T19:09:06.074+0000] {dagbag.py:537} INFO - Filling up the DagBag from /home/airflow/.local/lib/python3.7/site-packages/airflow/example_dags/example_short_circuit_decorator.py
[2024-01-30T19:09:06.108+0000] {processor.py:766} INFO - DAG(s) dict_keys(['example_short_circuit_decorator']) retrieved from /home/airflow/.local/lib/python3.7/site-packages/airflow/example_dags/example_short_circuit_decorator.py
[2024-01-30T19:09:06.163+0000] {logging_mixin.py:120} INFO - [2024-01-30T19:09:06.163+0000] {dag.py:2585} INFO - Sync 1 DAGs
[2024-01-30T19:09:06.197+0000] {logging_mixin.py:120} INFO - [2024-01-30T19:09:06.197+0000] {dag.py:3340} INFO - Setting next_dagrun for example_short_circuit_decorator to 2024-01-29T19:09:06.196755+00:00, run_after=2024-01-30T19:09:06.196755+00:00
[2024-01-30T19:09:06.225+0000] {processor.py:176} INFO - Processing /home/airflow/.local/lib/python3.7/site-packages/airflow/example_dags/example_short_circuit_decorator.py took 0.160 seconds
[2024-01-30T19:09:36.741+0000] {processor.py:154} INFO - Started process (PID=2531) to work on /home/airflow/.local/lib/python3.7/site-packages/airflow/example_dags/example_short_circuit_decorator.py
[2024-01-30T19:09:36.743+0000] {processor.py:756} INFO - Processing file /home/airflow/.local/lib/python3.7/site-packages/airflow/example_dags/example_short_circuit_decorator.py for tasks to queue
[2024-01-30T19:09:36.744+0000] {logging_mixin.py:120} INFO - [2024-01-30T19:09:36.744+0000] {dagbag.py:537} INFO - Filling up the DagBag from /home/airflow/.local/lib/python3.7/site-packages/airflow/example_dags/example_short_circuit_decorator.py
[2024-01-30T19:09:36.779+0000] {processor.py:766} INFO - DAG(s) dict_keys(['example_short_circuit_decorator']) retrieved from /home/airflow/.local/lib/python3.7/site-packages/airflow/example_dags/example_short_circuit_decorator.py
[2024-01-30T19:09:36.844+0000] {logging_mixin.py:120} INFO - [2024-01-30T19:09:36.843+0000] {dag.py:2585} INFO - Sync 1 DAGs
[2024-01-30T19:09:36.890+0000] {logging_mixin.py:120} INFO - [2024-01-30T19:09:36.889+0000] {dag.py:3340} INFO - Setting next_dagrun for example_short_circuit_decorator to 2024-01-29T19:09:36.889136+00:00, run_after=2024-01-30T19:09:36.889136+00:00
[2024-01-30T19:09:36.917+0000] {processor.py:176} INFO - Processing /home/airflow/.local/lib/python3.7/site-packages/airflow/example_dags/example_short_circuit_decorator.py took 0.181 seconds
[2024-01-30T19:10:07.391+0000] {processor.py:154} INFO - Started process (PID=2595) to work on /home/airflow/.local/lib/python3.7/site-packages/airflow/example_dags/example_short_circuit_decorator.py
[2024-01-30T19:10:07.393+0000] {processor.py:756} INFO - Processing file /home/airflow/.local/lib/python3.7/site-packages/airflow/example_dags/example_short_circuit_decorator.py for tasks to queue
[2024-01-30T19:10:07.395+0000] {logging_mixin.py:120} INFO - [2024-01-30T19:10:07.394+0000] {dagbag.py:537} INFO - Filling up the DagBag from /home/airflow/.local/lib/python3.7/site-packages/airflow/example_dags/example_short_circuit_decorator.py
[2024-01-30T19:10:07.439+0000] {processor.py:766} INFO - DAG(s) dict_keys(['example_short_circuit_decorator']) retrieved from /home/airflow/.local/lib/python3.7/site-packages/airflow/example_dags/example_short_circuit_decorator.py
[2024-01-30T19:10:07.505+0000] {logging_mixin.py:120} INFO - [2024-01-30T19:10:07.505+0000] {dag.py:2585} INFO - Sync 1 DAGs
[2024-01-30T19:10:07.548+0000] {logging_mixin.py:120} INFO - [2024-01-30T19:10:07.548+0000] {dag.py:3340} INFO - Setting next_dagrun for example_short_circuit_decorator to 2024-01-29T19:10:07.548097+00:00, run_after=2024-01-30T19:10:07.548097+00:00
[2024-01-30T19:10:07.599+0000] {processor.py:176} INFO - Processing /home/airflow/.local/lib/python3.7/site-packages/airflow/example_dags/example_short_circuit_decorator.py took 0.214 seconds
[2024-01-30T19:10:37.825+0000] {processor.py:154} INFO - Started process (PID=2660) to work on /home/airflow/.local/lib/python3.7/site-packages/airflow/example_dags/example_short_circuit_decorator.py
[2024-01-30T19:10:37.826+0000] {processor.py:756} INFO - Processing file /home/airflow/.local/lib/python3.7/site-packages/airflow/example_dags/example_short_circuit_decorator.py for tasks to queue
[2024-01-30T19:10:37.827+0000] {logging_mixin.py:120} INFO - [2024-01-30T19:10:37.827+0000] {dagbag.py:537} INFO - Filling up the DagBag from /home/airflow/.local/lib/python3.7/site-packages/airflow/example_dags/example_short_circuit_decorator.py
[2024-01-30T19:10:37.860+0000] {processor.py:766} INFO - DAG(s) dict_keys(['example_short_circuit_decorator']) retrieved from /home/airflow/.local/lib/python3.7/site-packages/airflow/example_dags/example_short_circuit_decorator.py
[2024-01-30T19:10:37.916+0000] {logging_mixin.py:120} INFO - [2024-01-30T19:10:37.915+0000] {dag.py:2585} INFO - Sync 1 DAGs
[2024-01-30T19:10:37.958+0000] {logging_mixin.py:120} INFO - [2024-01-30T19:10:37.958+0000] {dag.py:3340} INFO - Setting next_dagrun for example_short_circuit_decorator to 2024-01-29T19:10:37.957951+00:00, run_after=2024-01-30T19:10:37.957951+00:00
[2024-01-30T19:10:37.997+0000] {processor.py:176} INFO - Processing /home/airflow/.local/lib/python3.7/site-packages/airflow/example_dags/example_short_circuit_decorator.py took 0.179 seconds
[2024-01-30T19:11:08.560+0000] {processor.py:154} INFO - Started process (PID=2715) to work on /home/airflow/.local/lib/python3.7/site-packages/airflow/example_dags/example_short_circuit_decorator.py
[2024-01-30T19:11:08.562+0000] {processor.py:756} INFO - Processing file /home/airflow/.local/lib/python3.7/site-packages/airflow/example_dags/example_short_circuit_decorator.py for tasks to queue
[2024-01-30T19:11:08.563+0000] {logging_mixin.py:120} INFO - [2024-01-30T19:11:08.563+0000] {dagbag.py:537} INFO - Filling up the DagBag from /home/airflow/.local/lib/python3.7/site-packages/airflow/example_dags/example_short_circuit_decorator.py
[2024-01-30T19:11:08.605+0000] {processor.py:766} INFO - DAG(s) dict_keys(['example_short_circuit_decorator']) retrieved from /home/airflow/.local/lib/python3.7/site-packages/airflow/example_dags/example_short_circuit_decorator.py
[2024-01-30T19:11:08.665+0000] {logging_mixin.py:120} INFO - [2024-01-30T19:11:08.665+0000] {dag.py:2585} INFO - Sync 1 DAGs
[2024-01-30T19:11:08.711+0000] {logging_mixin.py:120} INFO - [2024-01-30T19:11:08.711+0000] {dag.py:3340} INFO - Setting next_dagrun for example_short_circuit_decorator to 2024-01-29T19:11:08.711223+00:00, run_after=2024-01-30T19:11:08.711223+00:00
[2024-01-30T19:11:08.742+0000] {processor.py:176} INFO - Processing /home/airflow/.local/lib/python3.7/site-packages/airflow/example_dags/example_short_circuit_decorator.py took 0.187 seconds
[2024-01-30T19:11:38.843+0000] {processor.py:154} INFO - Started process (PID=2783) to work on /home/airflow/.local/lib/python3.7/site-packages/airflow/example_dags/example_short_circuit_decorator.py
[2024-01-30T19:11:38.845+0000] {processor.py:756} INFO - Processing file /home/airflow/.local/lib/python3.7/site-packages/airflow/example_dags/example_short_circuit_decorator.py for tasks to queue
[2024-01-30T19:11:38.846+0000] {logging_mixin.py:120} INFO - [2024-01-30T19:11:38.846+0000] {dagbag.py:537} INFO - Filling up the DagBag from /home/airflow/.local/lib/python3.7/site-packages/airflow/example_dags/example_short_circuit_decorator.py
[2024-01-30T19:11:38.877+0000] {processor.py:766} INFO - DAG(s) dict_keys(['example_short_circuit_decorator']) retrieved from /home/airflow/.local/lib/python3.7/site-packages/airflow/example_dags/example_short_circuit_decorator.py
[2024-01-30T19:11:38.929+0000] {logging_mixin.py:120} INFO - [2024-01-30T19:11:38.929+0000] {dag.py:2585} INFO - Sync 1 DAGs
[2024-01-30T19:11:38.960+0000] {logging_mixin.py:120} INFO - [2024-01-30T19:11:38.960+0000] {dag.py:3340} INFO - Setting next_dagrun for example_short_circuit_decorator to 2024-01-29T19:11:38.960426+00:00, run_after=2024-01-30T19:11:38.960426+00:00
[2024-01-30T19:11:38.987+0000] {processor.py:176} INFO - Processing /home/airflow/.local/lib/python3.7/site-packages/airflow/example_dags/example_short_circuit_decorator.py took 0.147 seconds
[2024-01-30T19:12:09.199+0000] {processor.py:154} INFO - Started process (PID=2840) to work on /home/airflow/.local/lib/python3.7/site-packages/airflow/example_dags/example_short_circuit_decorator.py
[2024-01-30T19:12:09.201+0000] {processor.py:756} INFO - Processing file /home/airflow/.local/lib/python3.7/site-packages/airflow/example_dags/example_short_circuit_decorator.py for tasks to queue
[2024-01-30T19:12:09.202+0000] {logging_mixin.py:120} INFO - [2024-01-30T19:12:09.202+0000] {dagbag.py:537} INFO - Filling up the DagBag from /home/airflow/.local/lib/python3.7/site-packages/airflow/example_dags/example_short_circuit_decorator.py
[2024-01-30T19:12:09.239+0000] {processor.py:766} INFO - DAG(s) dict_keys(['example_short_circuit_decorator']) retrieved from /home/airflow/.local/lib/python3.7/site-packages/airflow/example_dags/example_short_circuit_decorator.py
[2024-01-30T19:12:09.295+0000] {logging_mixin.py:120} INFO - [2024-01-30T19:12:09.295+0000] {dag.py:2585} INFO - Sync 1 DAGs
[2024-01-30T19:12:09.338+0000] {logging_mixin.py:120} INFO - [2024-01-30T19:12:09.337+0000] {dag.py:3340} INFO - Setting next_dagrun for example_short_circuit_decorator to 2024-01-29T19:12:09.337496+00:00, run_after=2024-01-30T19:12:09.337496+00:00
[2024-01-30T19:12:09.369+0000] {processor.py:176} INFO - Processing /home/airflow/.local/lib/python3.7/site-packages/airflow/example_dags/example_short_circuit_decorator.py took 0.175 seconds
[2024-01-30T19:12:39.930+0000] {processor.py:154} INFO - Started process (PID=2906) to work on /home/airflow/.local/lib/python3.7/site-packages/airflow/example_dags/example_short_circuit_decorator.py
[2024-01-30T19:12:39.931+0000] {processor.py:756} INFO - Processing file /home/airflow/.local/lib/python3.7/site-packages/airflow/example_dags/example_short_circuit_decorator.py for tasks to queue
[2024-01-30T19:12:39.932+0000] {logging_mixin.py:120} INFO - [2024-01-30T19:12:39.932+0000] {dagbag.py:537} INFO - Filling up the DagBag from /home/airflow/.local/lib/python3.7/site-packages/airflow/example_dags/example_short_circuit_decorator.py
[2024-01-30T19:12:39.999+0000] {processor.py:766} INFO - DAG(s) dict_keys(['example_short_circuit_decorator']) retrieved from /home/airflow/.local/lib/python3.7/site-packages/airflow/example_dags/example_short_circuit_decorator.py
[2024-01-30T19:12:40.080+0000] {logging_mixin.py:120} INFO - [2024-01-30T19:12:40.080+0000] {dag.py:2585} INFO - Sync 1 DAGs
[2024-01-30T19:12:40.126+0000] {logging_mixin.py:120} INFO - [2024-01-30T19:12:40.126+0000] {dag.py:3340} INFO - Setting next_dagrun for example_short_circuit_decorator to 2024-01-29T19:12:40.126302+00:00, run_after=2024-01-30T19:12:40.126302+00:00
[2024-01-30T19:12:40.158+0000] {processor.py:176} INFO - Processing /home/airflow/.local/lib/python3.7/site-packages/airflow/example_dags/example_short_circuit_decorator.py took 0.234 seconds
[2024-01-30T19:13:10.554+0000] {processor.py:154} INFO - Started process (PID=2971) to work on /home/airflow/.local/lib/python3.7/site-packages/airflow/example_dags/example_short_circuit_decorator.py
[2024-01-30T19:13:10.555+0000] {processor.py:756} INFO - Processing file /home/airflow/.local/lib/python3.7/site-packages/airflow/example_dags/example_short_circuit_decorator.py for tasks to queue
[2024-01-30T19:13:10.557+0000] {logging_mixin.py:120} INFO - [2024-01-30T19:13:10.556+0000] {dagbag.py:537} INFO - Filling up the DagBag from /home/airflow/.local/lib/python3.7/site-packages/airflow/example_dags/example_short_circuit_decorator.py
[2024-01-30T19:13:10.595+0000] {processor.py:766} INFO - DAG(s) dict_keys(['example_short_circuit_decorator']) retrieved from /home/airflow/.local/lib/python3.7/site-packages/airflow/example_dags/example_short_circuit_decorator.py
[2024-01-30T19:13:10.656+0000] {logging_mixin.py:120} INFO - [2024-01-30T19:13:10.656+0000] {dag.py:2585} INFO - Sync 1 DAGs
[2024-01-30T19:13:10.697+0000] {logging_mixin.py:120} INFO - [2024-01-30T19:13:10.697+0000] {dag.py:3340} INFO - Setting next_dagrun for example_short_circuit_decorator to 2024-01-29T19:13:10.696477+00:00, run_after=2024-01-30T19:13:10.696477+00:00
[2024-01-30T19:13:10.729+0000] {processor.py:176} INFO - Processing /home/airflow/.local/lib/python3.7/site-packages/airflow/example_dags/example_short_circuit_decorator.py took 0.180 seconds
[2024-01-30T19:13:40.950+0000] {processor.py:154} INFO - Started process (PID=3027) to work on /home/airflow/.local/lib/python3.7/site-packages/airflow/example_dags/example_short_circuit_decorator.py
[2024-01-30T19:13:40.952+0000] {processor.py:756} INFO - Processing file /home/airflow/.local/lib/python3.7/site-packages/airflow/example_dags/example_short_circuit_decorator.py for tasks to queue
[2024-01-30T19:13:40.953+0000] {logging_mixin.py:120} INFO - [2024-01-30T19:13:40.953+0000] {dagbag.py:537} INFO - Filling up the DagBag from /home/airflow/.local/lib/python3.7/site-packages/airflow/example_dags/example_short_circuit_decorator.py
[2024-01-30T19:13:40.993+0000] {processor.py:766} INFO - DAG(s) dict_keys(['example_short_circuit_decorator']) retrieved from /home/airflow/.local/lib/python3.7/site-packages/airflow/example_dags/example_short_circuit_decorator.py
[2024-01-30T19:13:41.057+0000] {logging_mixin.py:120} INFO - [2024-01-30T19:13:41.057+0000] {dag.py:2585} INFO - Sync 1 DAGs
[2024-01-30T19:13:41.091+0000] {logging_mixin.py:120} INFO - [2024-01-30T19:13:41.090+0000] {dag.py:3340} INFO - Setting next_dagrun for example_short_circuit_decorator to 2024-01-29T19:13:41.090477+00:00, run_after=2024-01-30T19:13:41.090477+00:00
[2024-01-30T19:13:41.121+0000] {processor.py:176} INFO - Processing /home/airflow/.local/lib/python3.7/site-packages/airflow/example_dags/example_short_circuit_decorator.py took 0.176 seconds
[2024-01-30T19:14:11.334+0000] {processor.py:154} INFO - Started process (PID=3092) to work on /home/airflow/.local/lib/python3.7/site-packages/airflow/example_dags/example_short_circuit_decorator.py
[2024-01-30T19:14:11.335+0000] {processor.py:756} INFO - Processing file /home/airflow/.local/lib/python3.7/site-packages/airflow/example_dags/example_short_circuit_decorator.py for tasks to queue
[2024-01-30T19:14:11.337+0000] {logging_mixin.py:120} INFO - [2024-01-30T19:14:11.336+0000] {dagbag.py:537} INFO - Filling up the DagBag from /home/airflow/.local/lib/python3.7/site-packages/airflow/example_dags/example_short_circuit_decorator.py
[2024-01-30T19:14:11.373+0000] {processor.py:766} INFO - DAG(s) dict_keys(['example_short_circuit_decorator']) retrieved from /home/airflow/.local/lib/python3.7/site-packages/airflow/example_dags/example_short_circuit_decorator.py
[2024-01-30T19:14:11.428+0000] {logging_mixin.py:120} INFO - [2024-01-30T19:14:11.428+0000] {dag.py:2585} INFO - Sync 1 DAGs
[2024-01-30T19:14:11.466+0000] {logging_mixin.py:120} INFO - [2024-01-30T19:14:11.465+0000] {dag.py:3340} INFO - Setting next_dagrun for example_short_circuit_decorator to 2024-01-29T19:14:11.465317+00:00, run_after=2024-01-30T19:14:11.465317+00:00
[2024-01-30T19:14:11.501+0000] {processor.py:176} INFO - Processing /home/airflow/.local/lib/python3.7/site-packages/airflow/example_dags/example_short_circuit_decorator.py took 0.173 seconds
[2024-01-30T19:14:41.858+0000] {processor.py:154} INFO - Started process (PID=3148) to work on /home/airflow/.local/lib/python3.7/site-packages/airflow/example_dags/example_short_circuit_decorator.py
[2024-01-30T19:14:41.860+0000] {processor.py:756} INFO - Processing file /home/airflow/.local/lib/python3.7/site-packages/airflow/example_dags/example_short_circuit_decorator.py for tasks to queue
[2024-01-30T19:14:41.862+0000] {logging_mixin.py:120} INFO - [2024-01-30T19:14:41.862+0000] {dagbag.py:537} INFO - Filling up the DagBag from /home/airflow/.local/lib/python3.7/site-packages/airflow/example_dags/example_short_circuit_decorator.py
[2024-01-30T19:14:41.911+0000] {processor.py:766} INFO - DAG(s) dict_keys(['example_short_circuit_decorator']) retrieved from /home/airflow/.local/lib/python3.7/site-packages/airflow/example_dags/example_short_circuit_decorator.py
[2024-01-30T19:14:41.979+0000] {logging_mixin.py:120} INFO - [2024-01-30T19:14:41.978+0000] {dag.py:2585} INFO - Sync 1 DAGs
[2024-01-30T19:14:42.022+0000] {logging_mixin.py:120} INFO - [2024-01-30T19:14:42.022+0000] {dag.py:3340} INFO - Setting next_dagrun for example_short_circuit_decorator to 2024-01-29T19:14:42.021591+00:00, run_after=2024-01-30T19:14:42.021591+00:00
[2024-01-30T19:14:42.058+0000] {processor.py:176} INFO - Processing /home/airflow/.local/lib/python3.7/site-packages/airflow/example_dags/example_short_circuit_decorator.py took 0.206 seconds
[2024-01-30T19:15:12.285+0000] {processor.py:154} INFO - Started process (PID=3213) to work on /home/airflow/.local/lib/python3.7/site-packages/airflow/example_dags/example_short_circuit_decorator.py
[2024-01-30T19:15:12.287+0000] {processor.py:756} INFO - Processing file /home/airflow/.local/lib/python3.7/site-packages/airflow/example_dags/example_short_circuit_decorator.py for tasks to queue
[2024-01-30T19:15:12.288+0000] {logging_mixin.py:120} INFO - [2024-01-30T19:15:12.288+0000] {dagbag.py:537} INFO - Filling up the DagBag from /home/airflow/.local/lib/python3.7/site-packages/airflow/example_dags/example_short_circuit_decorator.py
[2024-01-30T19:15:12.322+0000] {processor.py:766} INFO - DAG(s) dict_keys(['example_short_circuit_decorator']) retrieved from /home/airflow/.local/lib/python3.7/site-packages/airflow/example_dags/example_short_circuit_decorator.py
[2024-01-30T19:15:12.373+0000] {logging_mixin.py:120} INFO - [2024-01-30T19:15:12.373+0000] {dag.py:2585} INFO - Sync 1 DAGs
[2024-01-30T19:15:12.404+0000] {logging_mixin.py:120} INFO - [2024-01-30T19:15:12.403+0000] {dag.py:3340} INFO - Setting next_dagrun for example_short_circuit_decorator to 2024-01-29T19:15:12.403660+00:00, run_after=2024-01-30T19:15:12.403660+00:00
[2024-01-30T19:15:12.429+0000] {processor.py:176} INFO - Processing /home/airflow/.local/lib/python3.7/site-packages/airflow/example_dags/example_short_circuit_decorator.py took 0.148 seconds
[2024-01-30T19:15:43.112+0000] {processor.py:154} INFO - Started process (PID=3277) to work on /home/airflow/.local/lib/python3.7/site-packages/airflow/example_dags/example_short_circuit_decorator.py
[2024-01-30T19:15:43.113+0000] {processor.py:756} INFO - Processing file /home/airflow/.local/lib/python3.7/site-packages/airflow/example_dags/example_short_circuit_decorator.py for tasks to queue
[2024-01-30T19:15:43.115+0000] {logging_mixin.py:120} INFO - [2024-01-30T19:15:43.115+0000] {dagbag.py:537} INFO - Filling up the DagBag from /home/airflow/.local/lib/python3.7/site-packages/airflow/example_dags/example_short_circuit_decorator.py
[2024-01-30T19:15:43.152+0000] {processor.py:766} INFO - DAG(s) dict_keys(['example_short_circuit_decorator']) retrieved from /home/airflow/.local/lib/python3.7/site-packages/airflow/example_dags/example_short_circuit_decorator.py
[2024-01-30T19:15:43.213+0000] {logging_mixin.py:120} INFO - [2024-01-30T19:15:43.213+0000] {dag.py:2585} INFO - Sync 1 DAGs
[2024-01-30T19:15:43.247+0000] {logging_mixin.py:120} INFO - [2024-01-30T19:15:43.247+0000] {dag.py:3340} INFO - Setting next_dagrun for example_short_circuit_decorator to 2024-01-29T19:15:43.246702+00:00, run_after=2024-01-30T19:15:43.246702+00:00
[2024-01-30T19:15:43.274+0000] {processor.py:176} INFO - Processing /home/airflow/.local/lib/python3.7/site-packages/airflow/example_dags/example_short_circuit_decorator.py took 0.167 seconds
[2024-01-30T19:16:13.626+0000] {processor.py:154} INFO - Started process (PID=3333) to work on /home/airflow/.local/lib/python3.7/site-packages/airflow/example_dags/example_short_circuit_decorator.py
[2024-01-30T19:16:13.628+0000] {processor.py:756} INFO - Processing file /home/airflow/.local/lib/python3.7/site-packages/airflow/example_dags/example_short_circuit_decorator.py for tasks to queue
[2024-01-30T19:16:13.630+0000] {logging_mixin.py:120} INFO - [2024-01-30T19:16:13.630+0000] {dagbag.py:537} INFO - Filling up the DagBag from /home/airflow/.local/lib/python3.7/site-packages/airflow/example_dags/example_short_circuit_decorator.py
[2024-01-30T19:16:13.687+0000] {processor.py:766} INFO - DAG(s) dict_keys(['example_short_circuit_decorator']) retrieved from /home/airflow/.local/lib/python3.7/site-packages/airflow/example_dags/example_short_circuit_decorator.py
[2024-01-30T19:16:13.785+0000] {logging_mixin.py:120} INFO - [2024-01-30T19:16:13.785+0000] {dag.py:2585} INFO - Sync 1 DAGs
[2024-01-30T19:16:13.829+0000] {logging_mixin.py:120} INFO - [2024-01-30T19:16:13.829+0000] {dag.py:3340} INFO - Setting next_dagrun for example_short_circuit_decorator to 2024-01-29T19:16:13.829078+00:00, run_after=2024-01-30T19:16:13.829078+00:00
[2024-01-30T19:16:13.867+0000] {processor.py:176} INFO - Processing /home/airflow/.local/lib/python3.7/site-packages/airflow/example_dags/example_short_circuit_decorator.py took 0.249 seconds
[2024-01-30T19:16:44.028+0000] {processor.py:154} INFO - Started process (PID=3399) to work on /home/airflow/.local/lib/python3.7/site-packages/airflow/example_dags/example_short_circuit_decorator.py
[2024-01-30T19:16:44.029+0000] {processor.py:756} INFO - Processing file /home/airflow/.local/lib/python3.7/site-packages/airflow/example_dags/example_short_circuit_decorator.py for tasks to queue
[2024-01-30T19:16:44.031+0000] {logging_mixin.py:120} INFO - [2024-01-30T19:16:44.030+0000] {dagbag.py:537} INFO - Filling up the DagBag from /home/airflow/.local/lib/python3.7/site-packages/airflow/example_dags/example_short_circuit_decorator.py
[2024-01-30T19:16:44.063+0000] {processor.py:766} INFO - DAG(s) dict_keys(['example_short_circuit_decorator']) retrieved from /home/airflow/.local/lib/python3.7/site-packages/airflow/example_dags/example_short_circuit_decorator.py
[2024-01-30T19:16:44.118+0000] {logging_mixin.py:120} INFO - [2024-01-30T19:16:44.117+0000] {dag.py:2585} INFO - Sync 1 DAGs
[2024-01-30T19:16:44.147+0000] {logging_mixin.py:120} INFO - [2024-01-30T19:16:44.147+0000] {dag.py:3340} INFO - Setting next_dagrun for example_short_circuit_decorator to 2024-01-29T19:16:44.147450+00:00, run_after=2024-01-30T19:16:44.147450+00:00
[2024-01-30T19:16:44.172+0000] {processor.py:176} INFO - Processing /home/airflow/.local/lib/python3.7/site-packages/airflow/example_dags/example_short_circuit_decorator.py took 0.148 seconds
[2024-01-30T19:17:15.012+0000] {processor.py:154} INFO - Started process (PID=3464) to work on /home/airflow/.local/lib/python3.7/site-packages/airflow/example_dags/example_short_circuit_decorator.py
[2024-01-30T19:17:15.014+0000] {processor.py:756} INFO - Processing file /home/airflow/.local/lib/python3.7/site-packages/airflow/example_dags/example_short_circuit_decorator.py for tasks to queue
[2024-01-30T19:17:15.015+0000] {logging_mixin.py:120} INFO - [2024-01-30T19:17:15.015+0000] {dagbag.py:537} INFO - Filling up the DagBag from /home/airflow/.local/lib/python3.7/site-packages/airflow/example_dags/example_short_circuit_decorator.py
[2024-01-30T19:17:15.045+0000] {processor.py:766} INFO - DAG(s) dict_keys(['example_short_circuit_decorator']) retrieved from /home/airflow/.local/lib/python3.7/site-packages/airflow/example_dags/example_short_circuit_decorator.py
[2024-01-30T19:17:15.101+0000] {logging_mixin.py:120} INFO - [2024-01-30T19:17:15.101+0000] {dag.py:2585} INFO - Sync 1 DAGs
[2024-01-30T19:17:15.133+0000] {logging_mixin.py:120} INFO - [2024-01-30T19:17:15.133+0000] {dag.py:3340} INFO - Setting next_dagrun for example_short_circuit_decorator to 2024-01-29T19:17:15.132830+00:00, run_after=2024-01-30T19:17:15.132830+00:00
[2024-01-30T19:17:15.257+0000] {processor.py:176} INFO - Processing /home/airflow/.local/lib/python3.7/site-packages/airflow/example_dags/example_short_circuit_decorator.py took 0.249 seconds
[2024-01-30T19:17:45.528+0000] {processor.py:154} INFO - Started process (PID=3520) to work on /home/airflow/.local/lib/python3.7/site-packages/airflow/example_dags/example_short_circuit_decorator.py
[2024-01-30T19:17:45.531+0000] {processor.py:756} INFO - Processing file /home/airflow/.local/lib/python3.7/site-packages/airflow/example_dags/example_short_circuit_decorator.py for tasks to queue
[2024-01-30T19:17:45.532+0000] {logging_mixin.py:120} INFO - [2024-01-30T19:17:45.532+0000] {dagbag.py:537} INFO - Filling up the DagBag from /home/airflow/.local/lib/python3.7/site-packages/airflow/example_dags/example_short_circuit_decorator.py
[2024-01-30T19:17:45.566+0000] {processor.py:766} INFO - DAG(s) dict_keys(['example_short_circuit_decorator']) retrieved from /home/airflow/.local/lib/python3.7/site-packages/airflow/example_dags/example_short_circuit_decorator.py
[2024-01-30T19:17:45.623+0000] {logging_mixin.py:120} INFO - [2024-01-30T19:17:45.622+0000] {dag.py:2585} INFO - Sync 1 DAGs
[2024-01-30T19:17:45.660+0000] {logging_mixin.py:120} INFO - [2024-01-30T19:17:45.660+0000] {dag.py:3340} INFO - Setting next_dagrun for example_short_circuit_decorator to 2024-01-29T19:17:45.660196+00:00, run_after=2024-01-30T19:17:45.660196+00:00
[2024-01-30T19:17:45.694+0000] {processor.py:176} INFO - Processing /home/airflow/.local/lib/python3.7/site-packages/airflow/example_dags/example_short_circuit_decorator.py took 0.169 seconds
[2024-01-30T19:18:16.240+0000] {processor.py:154} INFO - Started process (PID=3586) to work on /home/airflow/.local/lib/python3.7/site-packages/airflow/example_dags/example_short_circuit_decorator.py
[2024-01-30T19:18:16.241+0000] {processor.py:756} INFO - Processing file /home/airflow/.local/lib/python3.7/site-packages/airflow/example_dags/example_short_circuit_decorator.py for tasks to queue
[2024-01-30T19:18:16.242+0000] {logging_mixin.py:120} INFO - [2024-01-30T19:18:16.242+0000] {dagbag.py:537} INFO - Filling up the DagBag from /home/airflow/.local/lib/python3.7/site-packages/airflow/example_dags/example_short_circuit_decorator.py
[2024-01-30T19:18:16.273+0000] {processor.py:766} INFO - DAG(s) dict_keys(['example_short_circuit_decorator']) retrieved from /home/airflow/.local/lib/python3.7/site-packages/airflow/example_dags/example_short_circuit_decorator.py
[2024-01-30T19:18:16.321+0000] {logging_mixin.py:120} INFO - [2024-01-30T19:18:16.321+0000] {dag.py:2585} INFO - Sync 1 DAGs
[2024-01-30T19:18:16.350+0000] {logging_mixin.py:120} INFO - [2024-01-30T19:18:16.350+0000] {dag.py:3340} INFO - Setting next_dagrun for example_short_circuit_decorator to 2024-01-29T19:18:16.350352+00:00, run_after=2024-01-30T19:18:16.350352+00:00
[2024-01-30T19:18:16.374+0000] {processor.py:176} INFO - Processing /home/airflow/.local/lib/python3.7/site-packages/airflow/example_dags/example_short_circuit_decorator.py took 0.139 seconds
[2024-01-30T19:18:46.757+0000] {processor.py:154} INFO - Started process (PID=3651) to work on /home/airflow/.local/lib/python3.7/site-packages/airflow/example_dags/example_short_circuit_decorator.py
[2024-01-30T19:18:46.758+0000] {processor.py:756} INFO - Processing file /home/airflow/.local/lib/python3.7/site-packages/airflow/example_dags/example_short_circuit_decorator.py for tasks to queue
[2024-01-30T19:18:46.759+0000] {logging_mixin.py:120} INFO - [2024-01-30T19:18:46.759+0000] {dagbag.py:537} INFO - Filling up the DagBag from /home/airflow/.local/lib/python3.7/site-packages/airflow/example_dags/example_short_circuit_decorator.py
[2024-01-30T19:18:46.790+0000] {processor.py:766} INFO - DAG(s) dict_keys(['example_short_circuit_decorator']) retrieved from /home/airflow/.local/lib/python3.7/site-packages/airflow/example_dags/example_short_circuit_decorator.py
[2024-01-30T19:18:46.837+0000] {logging_mixin.py:120} INFO - [2024-01-30T19:18:46.837+0000] {dag.py:2585} INFO - Sync 1 DAGs
[2024-01-30T19:18:46.867+0000] {logging_mixin.py:120} INFO - [2024-01-30T19:18:46.867+0000] {dag.py:3340} INFO - Setting next_dagrun for example_short_circuit_decorator to 2024-01-29T19:18:46.866913+00:00, run_after=2024-01-30T19:18:46.866913+00:00
[2024-01-30T19:18:46.891+0000] {processor.py:176} INFO - Processing /home/airflow/.local/lib/python3.7/site-packages/airflow/example_dags/example_short_circuit_decorator.py took 0.138 seconds
[2024-01-30T19:19:16.995+0000] {processor.py:154} INFO - Started process (PID=3707) to work on /home/airflow/.local/lib/python3.7/site-packages/airflow/example_dags/example_short_circuit_decorator.py
[2024-01-30T19:19:16.996+0000] {processor.py:756} INFO - Processing file /home/airflow/.local/lib/python3.7/site-packages/airflow/example_dags/example_short_circuit_decorator.py for tasks to queue
[2024-01-30T19:19:16.998+0000] {logging_mixin.py:120} INFO - [2024-01-30T19:19:16.998+0000] {dagbag.py:537} INFO - Filling up the DagBag from /home/airflow/.local/lib/python3.7/site-packages/airflow/example_dags/example_short_circuit_decorator.py
[2024-01-30T19:19:17.027+0000] {processor.py:766} INFO - DAG(s) dict_keys(['example_short_circuit_decorator']) retrieved from /home/airflow/.local/lib/python3.7/site-packages/airflow/example_dags/example_short_circuit_decorator.py
[2024-01-30T19:19:17.080+0000] {logging_mixin.py:120} INFO - [2024-01-30T19:19:17.080+0000] {dag.py:2585} INFO - Sync 1 DAGs
[2024-01-30T19:19:17.118+0000] {logging_mixin.py:120} INFO - [2024-01-30T19:19:17.118+0000] {dag.py:3340} INFO - Setting next_dagrun for example_short_circuit_decorator to 2024-01-29T19:19:17.118266+00:00, run_after=2024-01-30T19:19:17.118266+00:00
[2024-01-30T19:19:17.146+0000] {processor.py:176} INFO - Processing /home/airflow/.local/lib/python3.7/site-packages/airflow/example_dags/example_short_circuit_decorator.py took 0.155 seconds
[2024-01-30T19:19:47.635+0000] {processor.py:154} INFO - Started process (PID=3772) to work on /home/airflow/.local/lib/python3.7/site-packages/airflow/example_dags/example_short_circuit_decorator.py
[2024-01-30T19:19:47.636+0000] {processor.py:756} INFO - Processing file /home/airflow/.local/lib/python3.7/site-packages/airflow/example_dags/example_short_circuit_decorator.py for tasks to queue
[2024-01-30T19:19:47.637+0000] {logging_mixin.py:120} INFO - [2024-01-30T19:19:47.637+0000] {dagbag.py:537} INFO - Filling up the DagBag from /home/airflow/.local/lib/python3.7/site-packages/airflow/example_dags/example_short_circuit_decorator.py
[2024-01-30T19:19:47.667+0000] {processor.py:766} INFO - DAG(s) dict_keys(['example_short_circuit_decorator']) retrieved from /home/airflow/.local/lib/python3.7/site-packages/airflow/example_dags/example_short_circuit_decorator.py
[2024-01-30T19:19:47.718+0000] {logging_mixin.py:120} INFO - [2024-01-30T19:19:47.718+0000] {dag.py:2585} INFO - Sync 1 DAGs
[2024-01-30T19:19:47.750+0000] {logging_mixin.py:120} INFO - [2024-01-30T19:19:47.750+0000] {dag.py:3340} INFO - Setting next_dagrun for example_short_circuit_decorator to 2024-01-29T19:19:47.749930+00:00, run_after=2024-01-30T19:19:47.749930+00:00
[2024-01-30T19:19:47.772+0000] {processor.py:176} INFO - Processing /home/airflow/.local/lib/python3.7/site-packages/airflow/example_dags/example_short_circuit_decorator.py took 0.142 seconds
[2024-01-30T19:20:18.766+0000] {processor.py:154} INFO - Started process (PID=3837) to work on /home/airflow/.local/lib/python3.7/site-packages/airflow/example_dags/example_short_circuit_decorator.py
[2024-01-30T19:20:18.768+0000] {processor.py:756} INFO - Processing file /home/airflow/.local/lib/python3.7/site-packages/airflow/example_dags/example_short_circuit_decorator.py for tasks to queue
[2024-01-30T19:20:18.770+0000] {logging_mixin.py:120} INFO - [2024-01-30T19:20:18.769+0000] {dagbag.py:537} INFO - Filling up the DagBag from /home/airflow/.local/lib/python3.7/site-packages/airflow/example_dags/example_short_circuit_decorator.py
[2024-01-30T19:20:18.807+0000] {processor.py:766} INFO - DAG(s) dict_keys(['example_short_circuit_decorator']) retrieved from /home/airflow/.local/lib/python3.7/site-packages/airflow/example_dags/example_short_circuit_decorator.py
[2024-01-30T19:20:18.865+0000] {logging_mixin.py:120} INFO - [2024-01-30T19:20:18.865+0000] {dag.py:2585} INFO - Sync 1 DAGs
[2024-01-30T19:20:18.906+0000] {logging_mixin.py:120} INFO - [2024-01-30T19:20:18.906+0000] {dag.py:3340} INFO - Setting next_dagrun for example_short_circuit_decorator to 2024-01-29T19:20:18.906078+00:00, run_after=2024-01-30T19:20:18.906078+00:00
[2024-01-30T19:20:18.936+0000] {processor.py:176} INFO - Processing /home/airflow/.local/lib/python3.7/site-packages/airflow/example_dags/example_short_circuit_decorator.py took 0.174 seconds
[2024-01-30T19:20:49.023+0000] {processor.py:154} INFO - Started process (PID=3893) to work on /home/airflow/.local/lib/python3.7/site-packages/airflow/example_dags/example_short_circuit_decorator.py
[2024-01-30T19:20:49.025+0000] {processor.py:756} INFO - Processing file /home/airflow/.local/lib/python3.7/site-packages/airflow/example_dags/example_short_circuit_decorator.py for tasks to queue
[2024-01-30T19:20:49.026+0000] {logging_mixin.py:120} INFO - [2024-01-30T19:20:49.026+0000] {dagbag.py:537} INFO - Filling up the DagBag from /home/airflow/.local/lib/python3.7/site-packages/airflow/example_dags/example_short_circuit_decorator.py
[2024-01-30T19:20:49.061+0000] {processor.py:766} INFO - DAG(s) dict_keys(['example_short_circuit_decorator']) retrieved from /home/airflow/.local/lib/python3.7/site-packages/airflow/example_dags/example_short_circuit_decorator.py
[2024-01-30T19:20:49.119+0000] {logging_mixin.py:120} INFO - [2024-01-30T19:20:49.119+0000] {dag.py:2585} INFO - Sync 1 DAGs
[2024-01-30T19:20:49.156+0000] {logging_mixin.py:120} INFO - [2024-01-30T19:20:49.156+0000] {dag.py:3340} INFO - Setting next_dagrun for example_short_circuit_decorator to 2024-01-29T19:20:49.155844+00:00, run_after=2024-01-30T19:20:49.155844+00:00
[2024-01-30T19:20:49.182+0000] {processor.py:176} INFO - Processing /home/airflow/.local/lib/python3.7/site-packages/airflow/example_dags/example_short_circuit_decorator.py took 0.163 seconds
[2024-01-30T19:21:19.793+0000] {processor.py:154} INFO - Started process (PID=3958) to work on /home/airflow/.local/lib/python3.7/site-packages/airflow/example_dags/example_short_circuit_decorator.py
[2024-01-30T19:21:19.794+0000] {processor.py:756} INFO - Processing file /home/airflow/.local/lib/python3.7/site-packages/airflow/example_dags/example_short_circuit_decorator.py for tasks to queue
[2024-01-30T19:21:19.795+0000] {logging_mixin.py:120} INFO - [2024-01-30T19:21:19.795+0000] {dagbag.py:537} INFO - Filling up the DagBag from /home/airflow/.local/lib/python3.7/site-packages/airflow/example_dags/example_short_circuit_decorator.py
[2024-01-30T19:21:19.831+0000] {processor.py:766} INFO - DAG(s) dict_keys(['example_short_circuit_decorator']) retrieved from /home/airflow/.local/lib/python3.7/site-packages/airflow/example_dags/example_short_circuit_decorator.py
[2024-01-30T19:21:19.886+0000] {logging_mixin.py:120} INFO - [2024-01-30T19:21:19.886+0000] {dag.py:2585} INFO - Sync 1 DAGs
[2024-01-30T19:21:19.917+0000] {logging_mixin.py:120} INFO - [2024-01-30T19:21:19.917+0000] {dag.py:3340} INFO - Setting next_dagrun for example_short_circuit_decorator to 2024-01-29T19:21:19.916950+00:00, run_after=2024-01-30T19:21:19.916950+00:00
[2024-01-30T19:21:19.940+0000] {processor.py:176} INFO - Processing /home/airflow/.local/lib/python3.7/site-packages/airflow/example_dags/example_short_circuit_decorator.py took 0.152 seconds
[2024-01-30T19:21:50.207+0000] {processor.py:154} INFO - Started process (PID=4022) to work on /home/airflow/.local/lib/python3.7/site-packages/airflow/example_dags/example_short_circuit_decorator.py
[2024-01-30T19:21:50.208+0000] {processor.py:756} INFO - Processing file /home/airflow/.local/lib/python3.7/site-packages/airflow/example_dags/example_short_circuit_decorator.py for tasks to queue
[2024-01-30T19:21:50.209+0000] {logging_mixin.py:120} INFO - [2024-01-30T19:21:50.209+0000] {dagbag.py:537} INFO - Filling up the DagBag from /home/airflow/.local/lib/python3.7/site-packages/airflow/example_dags/example_short_circuit_decorator.py
[2024-01-30T19:21:50.241+0000] {processor.py:766} INFO - DAG(s) dict_keys(['example_short_circuit_decorator']) retrieved from /home/airflow/.local/lib/python3.7/site-packages/airflow/example_dags/example_short_circuit_decorator.py
[2024-01-30T19:21:50.296+0000] {logging_mixin.py:120} INFO - [2024-01-30T19:21:50.296+0000] {dag.py:2585} INFO - Sync 1 DAGs
[2024-01-30T19:21:50.332+0000] {logging_mixin.py:120} INFO - [2024-01-30T19:21:50.331+0000] {dag.py:3340} INFO - Setting next_dagrun for example_short_circuit_decorator to 2024-01-29T19:21:50.331450+00:00, run_after=2024-01-30T19:21:50.331450+00:00
[2024-01-30T19:21:50.358+0000] {processor.py:176} INFO - Processing /home/airflow/.local/lib/python3.7/site-packages/airflow/example_dags/example_short_circuit_decorator.py took 0.156 seconds
