[2024-01-30T18:48:49.646+0000] {processor.py:154} INFO - Started process (PID=47) to work on /home/airflow/.local/lib/python3.7/site-packages/airflow/example_dags/example_skip_dag.py
[2024-01-30T18:48:49.650+0000] {processor.py:756} INFO - Processing file /home/airflow/.local/lib/python3.7/site-packages/airflow/example_dags/example_skip_dag.py for tasks to queue
[2024-01-30T18:48:49.654+0000] {logging_mixin.py:120} INFO - [2024-01-30T18:48:49.654+0000] {dagbag.py:537} INFO - Filling up the DagBag from /home/airflow/.local/lib/python3.7/site-packages/airflow/example_dags/example_skip_dag.py
[2024-01-30T18:48:49.817+0000] {processor.py:766} INFO - DAG(s) dict_keys(['example_skip_dag']) retrieved from /home/airflow/.local/lib/python3.7/site-packages/airflow/example_dags/example_skip_dag.py
[2024-01-30T18:48:50.414+0000] {logging_mixin.py:120} INFO - [2024-01-30T18:48:50.413+0000] {dag.py:2585} INFO - Sync 1 DAGs
[2024-01-30T18:48:51.687+0000] {logging_mixin.py:120} INFO - [2024-01-30T18:48:51.686+0000] {dag.py:3340} INFO - Setting next_dagrun for example_skip_dag to 2024-01-29T18:48:51.684762+00:00, run_after=2024-01-30T18:48:51.684762+00:00
[2024-01-30T18:48:51.882+0000] {processor.py:176} INFO - Processing /home/airflow/.local/lib/python3.7/site-packages/airflow/example_dags/example_skip_dag.py took 2.247 seconds
[2024-01-30T18:49:22.681+0000] {processor.py:154} INFO - Started process (PID=101) to work on /home/airflow/.local/lib/python3.7/site-packages/airflow/example_dags/example_skip_dag.py
[2024-01-30T18:49:22.683+0000] {processor.py:756} INFO - Processing file /home/airflow/.local/lib/python3.7/site-packages/airflow/example_dags/example_skip_dag.py for tasks to queue
[2024-01-30T18:49:22.685+0000] {logging_mixin.py:120} INFO - [2024-01-30T18:49:22.684+0000] {dagbag.py:537} INFO - Filling up the DagBag from /home/airflow/.local/lib/python3.7/site-packages/airflow/example_dags/example_skip_dag.py
[2024-01-30T18:49:22.724+0000] {processor.py:766} INFO - DAG(s) dict_keys(['example_skip_dag']) retrieved from /home/airflow/.local/lib/python3.7/site-packages/airflow/example_dags/example_skip_dag.py
[2024-01-30T18:49:22.795+0000] {logging_mixin.py:120} INFO - [2024-01-30T18:49:22.795+0000] {dag.py:2585} INFO - Sync 1 DAGs
[2024-01-30T18:49:22.836+0000] {logging_mixin.py:120} INFO - [2024-01-30T18:49:22.835+0000] {dag.py:3340} INFO - Setting next_dagrun for example_skip_dag to 2024-01-29T18:49:22.835558+00:00, run_after=2024-01-30T18:49:22.835558+00:00
[2024-01-30T18:49:22.881+0000] {processor.py:176} INFO - Processing /home/airflow/.local/lib/python3.7/site-packages/airflow/example_dags/example_skip_dag.py took 0.204 seconds
[2024-01-30T18:49:53.461+0000] {processor.py:154} INFO - Started process (PID=167) to work on /home/airflow/.local/lib/python3.7/site-packages/airflow/example_dags/example_skip_dag.py
[2024-01-30T18:49:53.463+0000] {processor.py:756} INFO - Processing file /home/airflow/.local/lib/python3.7/site-packages/airflow/example_dags/example_skip_dag.py for tasks to queue
[2024-01-30T18:49:53.466+0000] {logging_mixin.py:120} INFO - [2024-01-30T18:49:53.465+0000] {dagbag.py:537} INFO - Filling up the DagBag from /home/airflow/.local/lib/python3.7/site-packages/airflow/example_dags/example_skip_dag.py
[2024-01-30T18:49:53.500+0000] {processor.py:766} INFO - DAG(s) dict_keys(['example_skip_dag']) retrieved from /home/airflow/.local/lib/python3.7/site-packages/airflow/example_dags/example_skip_dag.py
[2024-01-30T18:49:53.591+0000] {logging_mixin.py:120} INFO - [2024-01-30T18:49:53.591+0000] {dag.py:2585} INFO - Sync 1 DAGs
[2024-01-30T18:49:53.649+0000] {logging_mixin.py:120} INFO - [2024-01-30T18:49:53.649+0000] {dag.py:3340} INFO - Setting next_dagrun for example_skip_dag to 2024-01-29T18:49:53.648312+00:00, run_after=2024-01-30T18:49:53.648312+00:00
[2024-01-30T18:49:53.718+0000] {processor.py:176} INFO - Processing /home/airflow/.local/lib/python3.7/site-packages/airflow/example_dags/example_skip_dag.py took 0.264 seconds
[2024-01-30T18:50:23.766+0000] {processor.py:154} INFO - Started process (PID=222) to work on /home/airflow/.local/lib/python3.7/site-packages/airflow/example_dags/example_skip_dag.py
[2024-01-30T18:50:23.767+0000] {processor.py:756} INFO - Processing file /home/airflow/.local/lib/python3.7/site-packages/airflow/example_dags/example_skip_dag.py for tasks to queue
[2024-01-30T18:50:23.768+0000] {logging_mixin.py:120} INFO - [2024-01-30T18:50:23.768+0000] {dagbag.py:537} INFO - Filling up the DagBag from /home/airflow/.local/lib/python3.7/site-packages/airflow/example_dags/example_skip_dag.py
[2024-01-30T18:50:23.792+0000] {processor.py:766} INFO - DAG(s) dict_keys(['example_skip_dag']) retrieved from /home/airflow/.local/lib/python3.7/site-packages/airflow/example_dags/example_skip_dag.py
[2024-01-30T18:50:23.867+0000] {logging_mixin.py:120} INFO - [2024-01-30T18:50:23.867+0000] {dag.py:2585} INFO - Sync 1 DAGs
[2024-01-30T18:50:23.904+0000] {logging_mixin.py:120} INFO - [2024-01-30T18:50:23.904+0000] {dag.py:3340} INFO - Setting next_dagrun for example_skip_dag to 2024-01-29T18:50:23.903736+00:00, run_after=2024-01-30T18:50:23.903736+00:00
[2024-01-30T18:50:23.932+0000] {processor.py:176} INFO - Processing /home/airflow/.local/lib/python3.7/site-packages/airflow/example_dags/example_skip_dag.py took 0.173 seconds
[2024-01-30T18:50:54.229+0000] {processor.py:154} INFO - Started process (PID=285) to work on /home/airflow/.local/lib/python3.7/site-packages/airflow/example_dags/example_skip_dag.py
[2024-01-30T18:50:54.231+0000] {processor.py:756} INFO - Processing file /home/airflow/.local/lib/python3.7/site-packages/airflow/example_dags/example_skip_dag.py for tasks to queue
[2024-01-30T18:50:54.232+0000] {logging_mixin.py:120} INFO - [2024-01-30T18:50:54.232+0000] {dagbag.py:537} INFO - Filling up the DagBag from /home/airflow/.local/lib/python3.7/site-packages/airflow/example_dags/example_skip_dag.py
[2024-01-30T18:50:54.255+0000] {processor.py:766} INFO - DAG(s) dict_keys(['example_skip_dag']) retrieved from /home/airflow/.local/lib/python3.7/site-packages/airflow/example_dags/example_skip_dag.py
[2024-01-30T18:50:54.318+0000] {logging_mixin.py:120} INFO - [2024-01-30T18:50:54.318+0000] {dag.py:2585} INFO - Sync 1 DAGs
[2024-01-30T18:50:54.360+0000] {logging_mixin.py:120} INFO - [2024-01-30T18:50:54.360+0000] {dag.py:3340} INFO - Setting next_dagrun for example_skip_dag to 2024-01-29T18:50:54.360042+00:00, run_after=2024-01-30T18:50:54.360042+00:00
[2024-01-30T18:50:54.391+0000] {processor.py:176} INFO - Processing /home/airflow/.local/lib/python3.7/site-packages/airflow/example_dags/example_skip_dag.py took 0.167 seconds
[2024-01-30T18:51:25.023+0000] {processor.py:154} INFO - Started process (PID=349) to work on /home/airflow/.local/lib/python3.7/site-packages/airflow/example_dags/example_skip_dag.py
[2024-01-30T18:51:25.045+0000] {processor.py:756} INFO - Processing file /home/airflow/.local/lib/python3.7/site-packages/airflow/example_dags/example_skip_dag.py for tasks to queue
[2024-01-30T18:51:25.047+0000] {logging_mixin.py:120} INFO - [2024-01-30T18:51:25.047+0000] {dagbag.py:537} INFO - Filling up the DagBag from /home/airflow/.local/lib/python3.7/site-packages/airflow/example_dags/example_skip_dag.py
[2024-01-30T18:51:25.078+0000] {processor.py:766} INFO - DAG(s) dict_keys(['example_skip_dag']) retrieved from /home/airflow/.local/lib/python3.7/site-packages/airflow/example_dags/example_skip_dag.py
[2024-01-30T18:51:25.134+0000] {logging_mixin.py:120} INFO - [2024-01-30T18:51:25.134+0000] {dag.py:2585} INFO - Sync 1 DAGs
[2024-01-30T18:51:25.176+0000] {logging_mixin.py:120} INFO - [2024-01-30T18:51:25.176+0000] {dag.py:3340} INFO - Setting next_dagrun for example_skip_dag to 2024-01-29T18:51:25.176146+00:00, run_after=2024-01-30T18:51:25.176146+00:00
[2024-01-30T18:51:25.232+0000] {processor.py:176} INFO - Processing /home/airflow/.local/lib/python3.7/site-packages/airflow/example_dags/example_skip_dag.py took 0.219 seconds
[2024-01-30T18:51:55.760+0000] {processor.py:154} INFO - Started process (PID=406) to work on /home/airflow/.local/lib/python3.7/site-packages/airflow/example_dags/example_skip_dag.py
[2024-01-30T18:51:55.761+0000] {processor.py:756} INFO - Processing file /home/airflow/.local/lib/python3.7/site-packages/airflow/example_dags/example_skip_dag.py for tasks to queue
[2024-01-30T18:51:55.763+0000] {logging_mixin.py:120} INFO - [2024-01-30T18:51:55.763+0000] {dagbag.py:537} INFO - Filling up the DagBag from /home/airflow/.local/lib/python3.7/site-packages/airflow/example_dags/example_skip_dag.py
[2024-01-30T18:51:55.786+0000] {processor.py:766} INFO - DAG(s) dict_keys(['example_skip_dag']) retrieved from /home/airflow/.local/lib/python3.7/site-packages/airflow/example_dags/example_skip_dag.py
[2024-01-30T18:51:55.839+0000] {logging_mixin.py:120} INFO - [2024-01-30T18:51:55.839+0000] {dag.py:2585} INFO - Sync 1 DAGs
[2024-01-30T18:51:55.873+0000] {logging_mixin.py:120} INFO - [2024-01-30T18:51:55.873+0000] {dag.py:3340} INFO - Setting next_dagrun for example_skip_dag to 2024-01-29T18:51:55.872757+00:00, run_after=2024-01-30T18:51:55.872757+00:00
[2024-01-30T18:51:55.907+0000] {processor.py:176} INFO - Processing /home/airflow/.local/lib/python3.7/site-packages/airflow/example_dags/example_skip_dag.py took 0.152 seconds
[2024-01-30T18:52:26.051+0000] {processor.py:154} INFO - Started process (PID=471) to work on /home/airflow/.local/lib/python3.7/site-packages/airflow/example_dags/example_skip_dag.py
[2024-01-30T18:52:26.052+0000] {processor.py:756} INFO - Processing file /home/airflow/.local/lib/python3.7/site-packages/airflow/example_dags/example_skip_dag.py for tasks to queue
[2024-01-30T18:52:26.054+0000] {logging_mixin.py:120} INFO - [2024-01-30T18:52:26.053+0000] {dagbag.py:537} INFO - Filling up the DagBag from /home/airflow/.local/lib/python3.7/site-packages/airflow/example_dags/example_skip_dag.py
[2024-01-30T18:52:26.083+0000] {processor.py:766} INFO - DAG(s) dict_keys(['example_skip_dag']) retrieved from /home/airflow/.local/lib/python3.7/site-packages/airflow/example_dags/example_skip_dag.py
[2024-01-30T18:52:26.152+0000] {logging_mixin.py:120} INFO - [2024-01-30T18:52:26.151+0000] {dag.py:2585} INFO - Sync 1 DAGs
[2024-01-30T18:52:26.185+0000] {logging_mixin.py:120} INFO - [2024-01-30T18:52:26.184+0000] {dag.py:3340} INFO - Setting next_dagrun for example_skip_dag to 2024-01-29T18:52:26.184675+00:00, run_after=2024-01-30T18:52:26.184675+00:00
[2024-01-30T18:52:26.210+0000] {processor.py:176} INFO - Processing /home/airflow/.local/lib/python3.7/site-packages/airflow/example_dags/example_skip_dag.py took 0.165 seconds
[2024-01-30T18:52:56.351+0000] {processor.py:154} INFO - Started process (PID=535) to work on /home/airflow/.local/lib/python3.7/site-packages/airflow/example_dags/example_skip_dag.py
[2024-01-30T18:52:56.353+0000] {processor.py:756} INFO - Processing file /home/airflow/.local/lib/python3.7/site-packages/airflow/example_dags/example_skip_dag.py for tasks to queue
[2024-01-30T18:52:56.355+0000] {logging_mixin.py:120} INFO - [2024-01-30T18:52:56.355+0000] {dagbag.py:537} INFO - Filling up the DagBag from /home/airflow/.local/lib/python3.7/site-packages/airflow/example_dags/example_skip_dag.py
[2024-01-30T18:52:56.395+0000] {processor.py:766} INFO - DAG(s) dict_keys(['example_skip_dag']) retrieved from /home/airflow/.local/lib/python3.7/site-packages/airflow/example_dags/example_skip_dag.py
[2024-01-30T18:52:56.548+0000] {logging_mixin.py:120} INFO - [2024-01-30T18:52:56.547+0000] {dag.py:2585} INFO - Sync 1 DAGs
[2024-01-30T18:52:56.646+0000] {logging_mixin.py:120} INFO - [2024-01-30T18:52:56.645+0000] {dag.py:3340} INFO - Setting next_dagrun for example_skip_dag to 2024-01-29T18:52:56.645216+00:00, run_after=2024-01-30T18:52:56.645216+00:00
[2024-01-30T18:52:56.681+0000] {processor.py:176} INFO - Processing /home/airflow/.local/lib/python3.7/site-packages/airflow/example_dags/example_skip_dag.py took 0.336 seconds
[2024-01-30T18:53:27.498+0000] {processor.py:154} INFO - Started process (PID=597) to work on /home/airflow/.local/lib/python3.7/site-packages/airflow/example_dags/example_skip_dag.py
[2024-01-30T18:53:27.500+0000] {processor.py:756} INFO - Processing file /home/airflow/.local/lib/python3.7/site-packages/airflow/example_dags/example_skip_dag.py for tasks to queue
[2024-01-30T18:53:27.502+0000] {logging_mixin.py:120} INFO - [2024-01-30T18:53:27.501+0000] {dagbag.py:537} INFO - Filling up the DagBag from /home/airflow/.local/lib/python3.7/site-packages/airflow/example_dags/example_skip_dag.py
[2024-01-30T18:53:27.527+0000] {processor.py:766} INFO - DAG(s) dict_keys(['example_skip_dag']) retrieved from /home/airflow/.local/lib/python3.7/site-packages/airflow/example_dags/example_skip_dag.py
[2024-01-30T18:53:27.586+0000] {logging_mixin.py:120} INFO - [2024-01-30T18:53:27.586+0000] {dag.py:2585} INFO - Sync 1 DAGs
[2024-01-30T18:53:27.626+0000] {logging_mixin.py:120} INFO - [2024-01-30T18:53:27.626+0000] {dag.py:3340} INFO - Setting next_dagrun for example_skip_dag to 2024-01-29T18:53:27.625807+00:00, run_after=2024-01-30T18:53:27.625807+00:00
[2024-01-30T18:53:27.682+0000] {processor.py:176} INFO - Processing /home/airflow/.local/lib/python3.7/site-packages/airflow/example_dags/example_skip_dag.py took 0.190 seconds
[2024-01-30T18:53:58.038+0000] {processor.py:154} INFO - Started process (PID=664) to work on /home/airflow/.local/lib/python3.7/site-packages/airflow/example_dags/example_skip_dag.py
[2024-01-30T18:53:58.039+0000] {processor.py:756} INFO - Processing file /home/airflow/.local/lib/python3.7/site-packages/airflow/example_dags/example_skip_dag.py for tasks to queue
[2024-01-30T18:53:58.041+0000] {logging_mixin.py:120} INFO - [2024-01-30T18:53:58.041+0000] {dagbag.py:537} INFO - Filling up the DagBag from /home/airflow/.local/lib/python3.7/site-packages/airflow/example_dags/example_skip_dag.py
[2024-01-30T18:53:58.066+0000] {processor.py:766} INFO - DAG(s) dict_keys(['example_skip_dag']) retrieved from /home/airflow/.local/lib/python3.7/site-packages/airflow/example_dags/example_skip_dag.py
[2024-01-30T18:53:58.140+0000] {logging_mixin.py:120} INFO - [2024-01-30T18:53:58.139+0000] {dag.py:2585} INFO - Sync 1 DAGs
[2024-01-30T18:53:58.186+0000] {logging_mixin.py:120} INFO - [2024-01-30T18:53:58.185+0000] {dag.py:3340} INFO - Setting next_dagrun for example_skip_dag to 2024-01-29T18:53:58.185494+00:00, run_after=2024-01-30T18:53:58.185494+00:00
[2024-01-30T18:53:58.220+0000] {processor.py:176} INFO - Processing /home/airflow/.local/lib/python3.7/site-packages/airflow/example_dags/example_skip_dag.py took 0.188 seconds
[2024-01-30T18:54:28.345+0000] {processor.py:154} INFO - Started process (PID=728) to work on /home/airflow/.local/lib/python3.7/site-packages/airflow/example_dags/example_skip_dag.py
[2024-01-30T18:54:28.347+0000] {processor.py:756} INFO - Processing file /home/airflow/.local/lib/python3.7/site-packages/airflow/example_dags/example_skip_dag.py for tasks to queue
[2024-01-30T18:54:28.348+0000] {logging_mixin.py:120} INFO - [2024-01-30T18:54:28.348+0000] {dagbag.py:537} INFO - Filling up the DagBag from /home/airflow/.local/lib/python3.7/site-packages/airflow/example_dags/example_skip_dag.py
[2024-01-30T18:54:28.369+0000] {processor.py:766} INFO - DAG(s) dict_keys(['example_skip_dag']) retrieved from /home/airflow/.local/lib/python3.7/site-packages/airflow/example_dags/example_skip_dag.py
[2024-01-30T18:54:28.425+0000] {logging_mixin.py:120} INFO - [2024-01-30T18:54:28.424+0000] {dag.py:2585} INFO - Sync 1 DAGs
[2024-01-30T18:54:28.457+0000] {logging_mixin.py:120} INFO - [2024-01-30T18:54:28.457+0000] {dag.py:3340} INFO - Setting next_dagrun for example_skip_dag to 2024-01-29T18:54:28.456538+00:00, run_after=2024-01-30T18:54:28.456538+00:00
[2024-01-30T18:54:28.486+0000] {processor.py:176} INFO - Processing /home/airflow/.local/lib/python3.7/site-packages/airflow/example_dags/example_skip_dag.py took 0.148 seconds
[2024-01-30T18:54:58.707+0000] {processor.py:154} INFO - Started process (PID=783) to work on /home/airflow/.local/lib/python3.7/site-packages/airflow/example_dags/example_skip_dag.py
[2024-01-30T18:54:58.709+0000] {processor.py:756} INFO - Processing file /home/airflow/.local/lib/python3.7/site-packages/airflow/example_dags/example_skip_dag.py for tasks to queue
[2024-01-30T18:54:58.711+0000] {logging_mixin.py:120} INFO - [2024-01-30T18:54:58.710+0000] {dagbag.py:537} INFO - Filling up the DagBag from /home/airflow/.local/lib/python3.7/site-packages/airflow/example_dags/example_skip_dag.py
[2024-01-30T18:54:58.732+0000] {processor.py:766} INFO - DAG(s) dict_keys(['example_skip_dag']) retrieved from /home/airflow/.local/lib/python3.7/site-packages/airflow/example_dags/example_skip_dag.py
[2024-01-30T18:54:58.784+0000] {logging_mixin.py:120} INFO - [2024-01-30T18:54:58.784+0000] {dag.py:2585} INFO - Sync 1 DAGs
[2024-01-30T18:54:58.818+0000] {logging_mixin.py:120} INFO - [2024-01-30T18:54:58.818+0000] {dag.py:3340} INFO - Setting next_dagrun for example_skip_dag to 2024-01-29T18:54:58.818179+00:00, run_after=2024-01-30T18:54:58.818179+00:00
[2024-01-30T18:54:58.843+0000] {processor.py:176} INFO - Processing /home/airflow/.local/lib/python3.7/site-packages/airflow/example_dags/example_skip_dag.py took 0.142 seconds
[2024-01-30T18:55:29.411+0000] {processor.py:154} INFO - Started process (PID=847) to work on /home/airflow/.local/lib/python3.7/site-packages/airflow/example_dags/example_skip_dag.py
[2024-01-30T18:55:29.413+0000] {processor.py:756} INFO - Processing file /home/airflow/.local/lib/python3.7/site-packages/airflow/example_dags/example_skip_dag.py for tasks to queue
[2024-01-30T18:55:29.416+0000] {logging_mixin.py:120} INFO - [2024-01-30T18:55:29.416+0000] {dagbag.py:537} INFO - Filling up the DagBag from /home/airflow/.local/lib/python3.7/site-packages/airflow/example_dags/example_skip_dag.py
[2024-01-30T18:55:29.440+0000] {processor.py:766} INFO - DAG(s) dict_keys(['example_skip_dag']) retrieved from /home/airflow/.local/lib/python3.7/site-packages/airflow/example_dags/example_skip_dag.py
[2024-01-30T18:55:29.506+0000] {logging_mixin.py:120} INFO - [2024-01-30T18:55:29.505+0000] {dag.py:2585} INFO - Sync 1 DAGs
[2024-01-30T18:55:29.546+0000] {logging_mixin.py:120} INFO - [2024-01-30T18:55:29.546+0000] {dag.py:3340} INFO - Setting next_dagrun for example_skip_dag to 2024-01-29T18:55:29.545715+00:00, run_after=2024-01-30T18:55:29.545715+00:00
[2024-01-30T18:55:29.578+0000] {processor.py:176} INFO - Processing /home/airflow/.local/lib/python3.7/site-packages/airflow/example_dags/example_skip_dag.py took 0.173 seconds
[2024-01-30T18:55:59.879+0000] {processor.py:154} INFO - Started process (PID=901) to work on /home/airflow/.local/lib/python3.7/site-packages/airflow/example_dags/example_skip_dag.py
[2024-01-30T18:55:59.880+0000] {processor.py:756} INFO - Processing file /home/airflow/.local/lib/python3.7/site-packages/airflow/example_dags/example_skip_dag.py for tasks to queue
[2024-01-30T18:55:59.882+0000] {logging_mixin.py:120} INFO - [2024-01-30T18:55:59.881+0000] {dagbag.py:537} INFO - Filling up the DagBag from /home/airflow/.local/lib/python3.7/site-packages/airflow/example_dags/example_skip_dag.py
[2024-01-30T18:55:59.905+0000] {processor.py:766} INFO - DAG(s) dict_keys(['example_skip_dag']) retrieved from /home/airflow/.local/lib/python3.7/site-packages/airflow/example_dags/example_skip_dag.py
[2024-01-30T18:55:59.971+0000] {logging_mixin.py:120} INFO - [2024-01-30T18:55:59.971+0000] {dag.py:2585} INFO - Sync 1 DAGs
[2024-01-30T18:56:00.051+0000] {logging_mixin.py:120} INFO - [2024-01-30T18:56:00.051+0000] {dag.py:3340} INFO - Setting next_dagrun for example_skip_dag to 2024-01-29T18:56:00.050555+00:00, run_after=2024-01-30T18:56:00.050555+00:00
[2024-01-30T18:56:00.092+0000] {processor.py:176} INFO - Processing /home/airflow/.local/lib/python3.7/site-packages/airflow/example_dags/example_skip_dag.py took 0.219 seconds
[2024-01-30T18:56:30.195+0000] {processor.py:154} INFO - Started process (PID=965) to work on /home/airflow/.local/lib/python3.7/site-packages/airflow/example_dags/example_skip_dag.py
[2024-01-30T18:56:30.196+0000] {processor.py:756} INFO - Processing file /home/airflow/.local/lib/python3.7/site-packages/airflow/example_dags/example_skip_dag.py for tasks to queue
[2024-01-30T18:56:30.198+0000] {logging_mixin.py:120} INFO - [2024-01-30T18:56:30.198+0000] {dagbag.py:537} INFO - Filling up the DagBag from /home/airflow/.local/lib/python3.7/site-packages/airflow/example_dags/example_skip_dag.py
[2024-01-30T18:56:30.223+0000] {processor.py:766} INFO - DAG(s) dict_keys(['example_skip_dag']) retrieved from /home/airflow/.local/lib/python3.7/site-packages/airflow/example_dags/example_skip_dag.py
[2024-01-30T18:56:30.290+0000] {logging_mixin.py:120} INFO - [2024-01-30T18:56:30.290+0000] {dag.py:2585} INFO - Sync 1 DAGs
[2024-01-30T18:56:30.332+0000] {logging_mixin.py:120} INFO - [2024-01-30T18:56:30.332+0000] {dag.py:3340} INFO - Setting next_dagrun for example_skip_dag to 2024-01-29T18:56:30.332158+00:00, run_after=2024-01-30T18:56:30.332158+00:00
[2024-01-30T18:56:30.367+0000] {processor.py:176} INFO - Processing /home/airflow/.local/lib/python3.7/site-packages/airflow/example_dags/example_skip_dag.py took 0.178 seconds
[2024-01-30T18:57:00.879+0000] {processor.py:154} INFO - Started process (PID=1029) to work on /home/airflow/.local/lib/python3.7/site-packages/airflow/example_dags/example_skip_dag.py
[2024-01-30T18:57:00.882+0000] {processor.py:756} INFO - Processing file /home/airflow/.local/lib/python3.7/site-packages/airflow/example_dags/example_skip_dag.py for tasks to queue
[2024-01-30T18:57:00.883+0000] {logging_mixin.py:120} INFO - [2024-01-30T18:57:00.883+0000] {dagbag.py:537} INFO - Filling up the DagBag from /home/airflow/.local/lib/python3.7/site-packages/airflow/example_dags/example_skip_dag.py
[2024-01-30T18:57:00.909+0000] {processor.py:766} INFO - DAG(s) dict_keys(['example_skip_dag']) retrieved from /home/airflow/.local/lib/python3.7/site-packages/airflow/example_dags/example_skip_dag.py
[2024-01-30T18:57:00.990+0000] {logging_mixin.py:120} INFO - [2024-01-30T18:57:00.990+0000] {dag.py:2585} INFO - Sync 1 DAGs
[2024-01-30T18:57:01.038+0000] {logging_mixin.py:120} INFO - [2024-01-30T18:57:01.038+0000] {dag.py:3340} INFO - Setting next_dagrun for example_skip_dag to 2024-01-29T18:57:01.037806+00:00, run_after=2024-01-30T18:57:01.037806+00:00
[2024-01-30T18:57:01.084+0000] {processor.py:176} INFO - Processing /home/airflow/.local/lib/python3.7/site-packages/airflow/example_dags/example_skip_dag.py took 0.212 seconds
[2024-01-30T18:57:31.343+0000] {processor.py:154} INFO - Started process (PID=1084) to work on /home/airflow/.local/lib/python3.7/site-packages/airflow/example_dags/example_skip_dag.py
[2024-01-30T18:57:31.344+0000] {processor.py:756} INFO - Processing file /home/airflow/.local/lib/python3.7/site-packages/airflow/example_dags/example_skip_dag.py for tasks to queue
[2024-01-30T18:57:31.346+0000] {logging_mixin.py:120} INFO - [2024-01-30T18:57:31.345+0000] {dagbag.py:537} INFO - Filling up the DagBag from /home/airflow/.local/lib/python3.7/site-packages/airflow/example_dags/example_skip_dag.py
[2024-01-30T18:57:31.378+0000] {processor.py:766} INFO - DAG(s) dict_keys(['example_skip_dag']) retrieved from /home/airflow/.local/lib/python3.7/site-packages/airflow/example_dags/example_skip_dag.py
[2024-01-30T18:57:31.431+0000] {logging_mixin.py:120} INFO - [2024-01-30T18:57:31.431+0000] {dag.py:2585} INFO - Sync 1 DAGs
[2024-01-30T18:57:31.471+0000] {logging_mixin.py:120} INFO - [2024-01-30T18:57:31.471+0000] {dag.py:3340} INFO - Setting next_dagrun for example_skip_dag to 2024-01-29T18:57:31.470454+00:00, run_after=2024-01-30T18:57:31.470454+00:00
[2024-01-30T18:57:31.500+0000] {processor.py:176} INFO - Processing /home/airflow/.local/lib/python3.7/site-packages/airflow/example_dags/example_skip_dag.py took 0.161 seconds
[2024-01-30T18:58:01.936+0000] {processor.py:154} INFO - Started process (PID=1148) to work on /home/airflow/.local/lib/python3.7/site-packages/airflow/example_dags/example_skip_dag.py
[2024-01-30T18:58:01.938+0000] {processor.py:756} INFO - Processing file /home/airflow/.local/lib/python3.7/site-packages/airflow/example_dags/example_skip_dag.py for tasks to queue
[2024-01-30T18:58:01.941+0000] {logging_mixin.py:120} INFO - [2024-01-30T18:58:01.940+0000] {dagbag.py:537} INFO - Filling up the DagBag from /home/airflow/.local/lib/python3.7/site-packages/airflow/example_dags/example_skip_dag.py
[2024-01-30T18:58:01.978+0000] {processor.py:766} INFO - DAG(s) dict_keys(['example_skip_dag']) retrieved from /home/airflow/.local/lib/python3.7/site-packages/airflow/example_dags/example_skip_dag.py
[2024-01-30T18:58:02.057+0000] {logging_mixin.py:120} INFO - [2024-01-30T18:58:02.057+0000] {dag.py:2585} INFO - Sync 1 DAGs
[2024-01-30T18:58:02.105+0000] {logging_mixin.py:120} INFO - [2024-01-30T18:58:02.105+0000] {dag.py:3340} INFO - Setting next_dagrun for example_skip_dag to 2024-01-29T18:58:02.104339+00:00, run_after=2024-01-30T18:58:02.104339+00:00
[2024-01-30T18:58:02.139+0000] {processor.py:176} INFO - Processing /home/airflow/.local/lib/python3.7/site-packages/airflow/example_dags/example_skip_dag.py took 0.211 seconds
[2024-01-30T18:58:32.393+0000] {processor.py:154} INFO - Started process (PID=1212) to work on /home/airflow/.local/lib/python3.7/site-packages/airflow/example_dags/example_skip_dag.py
[2024-01-30T18:58:32.394+0000] {processor.py:756} INFO - Processing file /home/airflow/.local/lib/python3.7/site-packages/airflow/example_dags/example_skip_dag.py for tasks to queue
[2024-01-30T18:58:32.395+0000] {logging_mixin.py:120} INFO - [2024-01-30T18:58:32.395+0000] {dagbag.py:537} INFO - Filling up the DagBag from /home/airflow/.local/lib/python3.7/site-packages/airflow/example_dags/example_skip_dag.py
[2024-01-30T18:58:32.423+0000] {processor.py:766} INFO - DAG(s) dict_keys(['example_skip_dag']) retrieved from /home/airflow/.local/lib/python3.7/site-packages/airflow/example_dags/example_skip_dag.py
[2024-01-30T18:58:32.479+0000] {logging_mixin.py:120} INFO - [2024-01-30T18:58:32.479+0000] {dag.py:2585} INFO - Sync 1 DAGs
[2024-01-30T18:58:32.514+0000] {logging_mixin.py:120} INFO - [2024-01-30T18:58:32.514+0000] {dag.py:3340} INFO - Setting next_dagrun for example_skip_dag to 2024-01-29T18:58:32.513866+00:00, run_after=2024-01-30T18:58:32.513866+00:00
[2024-01-30T18:58:32.548+0000] {processor.py:176} INFO - Processing /home/airflow/.local/lib/python3.7/site-packages/airflow/example_dags/example_skip_dag.py took 0.160 seconds
[2024-01-30T18:59:03.280+0000] {processor.py:154} INFO - Started process (PID=1267) to work on /home/airflow/.local/lib/python3.7/site-packages/airflow/example_dags/example_skip_dag.py
[2024-01-30T18:59:03.281+0000] {processor.py:756} INFO - Processing file /home/airflow/.local/lib/python3.7/site-packages/airflow/example_dags/example_skip_dag.py for tasks to queue
[2024-01-30T18:59:03.283+0000] {logging_mixin.py:120} INFO - [2024-01-30T18:59:03.282+0000] {dagbag.py:537} INFO - Filling up the DagBag from /home/airflow/.local/lib/python3.7/site-packages/airflow/example_dags/example_skip_dag.py
[2024-01-30T18:59:03.308+0000] {processor.py:766} INFO - DAG(s) dict_keys(['example_skip_dag']) retrieved from /home/airflow/.local/lib/python3.7/site-packages/airflow/example_dags/example_skip_dag.py
[2024-01-30T18:59:03.376+0000] {logging_mixin.py:120} INFO - [2024-01-30T18:59:03.375+0000] {dag.py:2585} INFO - Sync 1 DAGs
[2024-01-30T18:59:03.421+0000] {logging_mixin.py:120} INFO - [2024-01-30T18:59:03.421+0000] {dag.py:3340} INFO - Setting next_dagrun for example_skip_dag to 2024-01-29T18:59:03.420799+00:00, run_after=2024-01-30T18:59:03.420799+00:00
[2024-01-30T18:59:03.457+0000] {processor.py:176} INFO - Processing /home/airflow/.local/lib/python3.7/site-packages/airflow/example_dags/example_skip_dag.py took 0.182 seconds
[2024-01-30T18:59:33.660+0000] {processor.py:154} INFO - Started process (PID=1331) to work on /home/airflow/.local/lib/python3.7/site-packages/airflow/example_dags/example_skip_dag.py
[2024-01-30T18:59:33.662+0000] {processor.py:756} INFO - Processing file /home/airflow/.local/lib/python3.7/site-packages/airflow/example_dags/example_skip_dag.py for tasks to queue
[2024-01-30T18:59:33.664+0000] {logging_mixin.py:120} INFO - [2024-01-30T18:59:33.664+0000] {dagbag.py:537} INFO - Filling up the DagBag from /home/airflow/.local/lib/python3.7/site-packages/airflow/example_dags/example_skip_dag.py
[2024-01-30T18:59:33.699+0000] {processor.py:766} INFO - DAG(s) dict_keys(['example_skip_dag']) retrieved from /home/airflow/.local/lib/python3.7/site-packages/airflow/example_dags/example_skip_dag.py
[2024-01-30T18:59:33.795+0000] {logging_mixin.py:120} INFO - [2024-01-30T18:59:33.795+0000] {dag.py:2585} INFO - Sync 1 DAGs
[2024-01-30T18:59:33.854+0000] {logging_mixin.py:120} INFO - [2024-01-30T18:59:33.853+0000] {dag.py:3340} INFO - Setting next_dagrun for example_skip_dag to 2024-01-29T18:59:33.852708+00:00, run_after=2024-01-30T18:59:33.852708+00:00
[2024-01-30T18:59:33.897+0000] {processor.py:176} INFO - Processing /home/airflow/.local/lib/python3.7/site-packages/airflow/example_dags/example_skip_dag.py took 0.246 seconds
[2024-01-30T19:00:04.237+0000] {processor.py:154} INFO - Started process (PID=1386) to work on /home/airflow/.local/lib/python3.7/site-packages/airflow/example_dags/example_skip_dag.py
[2024-01-30T19:00:04.238+0000] {processor.py:756} INFO - Processing file /home/airflow/.local/lib/python3.7/site-packages/airflow/example_dags/example_skip_dag.py for tasks to queue
[2024-01-30T19:00:04.240+0000] {logging_mixin.py:120} INFO - [2024-01-30T19:00:04.239+0000] {dagbag.py:537} INFO - Filling up the DagBag from /home/airflow/.local/lib/python3.7/site-packages/airflow/example_dags/example_skip_dag.py
[2024-01-30T19:00:04.261+0000] {processor.py:766} INFO - DAG(s) dict_keys(['example_skip_dag']) retrieved from /home/airflow/.local/lib/python3.7/site-packages/airflow/example_dags/example_skip_dag.py
[2024-01-30T19:00:04.312+0000] {logging_mixin.py:120} INFO - [2024-01-30T19:00:04.312+0000] {dag.py:2585} INFO - Sync 1 DAGs
[2024-01-30T19:00:04.345+0000] {logging_mixin.py:120} INFO - [2024-01-30T19:00:04.345+0000] {dag.py:3340} INFO - Setting next_dagrun for example_skip_dag to 2024-01-29T19:00:04.344924+00:00, run_after=2024-01-30T19:00:04.344924+00:00
[2024-01-30T19:00:04.372+0000] {processor.py:176} INFO - Processing /home/airflow/.local/lib/python3.7/site-packages/airflow/example_dags/example_skip_dag.py took 0.140 seconds
[2024-01-30T19:00:34.694+0000] {processor.py:154} INFO - Started process (PID=1450) to work on /home/airflow/.local/lib/python3.7/site-packages/airflow/example_dags/example_skip_dag.py
[2024-01-30T19:00:34.700+0000] {processor.py:756} INFO - Processing file /home/airflow/.local/lib/python3.7/site-packages/airflow/example_dags/example_skip_dag.py for tasks to queue
[2024-01-30T19:00:34.705+0000] {logging_mixin.py:120} INFO - [2024-01-30T19:00:34.703+0000] {dagbag.py:537} INFO - Filling up the DagBag from /home/airflow/.local/lib/python3.7/site-packages/airflow/example_dags/example_skip_dag.py
[2024-01-30T19:00:34.745+0000] {processor.py:766} INFO - DAG(s) dict_keys(['example_skip_dag']) retrieved from /home/airflow/.local/lib/python3.7/site-packages/airflow/example_dags/example_skip_dag.py
[2024-01-30T19:00:34.811+0000] {logging_mixin.py:120} INFO - [2024-01-30T19:00:34.810+0000] {dag.py:2585} INFO - Sync 1 DAGs
[2024-01-30T19:00:34.852+0000] {logging_mixin.py:120} INFO - [2024-01-30T19:00:34.851+0000] {dag.py:3340} INFO - Setting next_dagrun for example_skip_dag to 2024-01-29T19:00:34.851419+00:00, run_after=2024-01-30T19:00:34.851419+00:00
[2024-01-30T19:00:34.886+0000] {processor.py:176} INFO - Processing /home/airflow/.local/lib/python3.7/site-packages/airflow/example_dags/example_skip_dag.py took 0.198 seconds
[2024-01-30T19:01:05.353+0000] {processor.py:154} INFO - Started process (PID=1515) to work on /home/airflow/.local/lib/python3.7/site-packages/airflow/example_dags/example_skip_dag.py
[2024-01-30T19:01:05.355+0000] {processor.py:756} INFO - Processing file /home/airflow/.local/lib/python3.7/site-packages/airflow/example_dags/example_skip_dag.py for tasks to queue
[2024-01-30T19:01:05.356+0000] {logging_mixin.py:120} INFO - [2024-01-30T19:01:05.356+0000] {dagbag.py:537} INFO - Filling up the DagBag from /home/airflow/.local/lib/python3.7/site-packages/airflow/example_dags/example_skip_dag.py
[2024-01-30T19:01:05.378+0000] {processor.py:766} INFO - DAG(s) dict_keys(['example_skip_dag']) retrieved from /home/airflow/.local/lib/python3.7/site-packages/airflow/example_dags/example_skip_dag.py
[2024-01-30T19:01:05.435+0000] {logging_mixin.py:120} INFO - [2024-01-30T19:01:05.435+0000] {dag.py:2585} INFO - Sync 1 DAGs
[2024-01-30T19:01:05.468+0000] {logging_mixin.py:120} INFO - [2024-01-30T19:01:05.468+0000] {dag.py:3340} INFO - Setting next_dagrun for example_skip_dag to 2024-01-29T19:01:05.467881+00:00, run_after=2024-01-30T19:01:05.467881+00:00
[2024-01-30T19:01:05.496+0000] {processor.py:176} INFO - Processing /home/airflow/.local/lib/python3.7/site-packages/airflow/example_dags/example_skip_dag.py took 0.147 seconds
[2024-01-30T19:01:35.719+0000] {processor.py:154} INFO - Started process (PID=1570) to work on /home/airflow/.local/lib/python3.7/site-packages/airflow/example_dags/example_skip_dag.py
[2024-01-30T19:01:35.721+0000] {processor.py:756} INFO - Processing file /home/airflow/.local/lib/python3.7/site-packages/airflow/example_dags/example_skip_dag.py for tasks to queue
[2024-01-30T19:01:35.723+0000] {logging_mixin.py:120} INFO - [2024-01-30T19:01:35.722+0000] {dagbag.py:537} INFO - Filling up the DagBag from /home/airflow/.local/lib/python3.7/site-packages/airflow/example_dags/example_skip_dag.py
[2024-01-30T19:01:35.750+0000] {processor.py:766} INFO - DAG(s) dict_keys(['example_skip_dag']) retrieved from /home/airflow/.local/lib/python3.7/site-packages/airflow/example_dags/example_skip_dag.py
[2024-01-30T19:01:35.828+0000] {logging_mixin.py:120} INFO - [2024-01-30T19:01:35.828+0000] {dag.py:2585} INFO - Sync 1 DAGs
[2024-01-30T19:01:35.872+0000] {logging_mixin.py:120} INFO - [2024-01-30T19:01:35.872+0000] {dag.py:3340} INFO - Setting next_dagrun for example_skip_dag to 2024-01-29T19:01:35.871637+00:00, run_after=2024-01-30T19:01:35.871637+00:00
[2024-01-30T19:01:35.909+0000] {processor.py:176} INFO - Processing /home/airflow/.local/lib/python3.7/site-packages/airflow/example_dags/example_skip_dag.py took 0.196 seconds
[2024-01-30T19:02:06.629+0000] {processor.py:154} INFO - Started process (PID=1634) to work on /home/airflow/.local/lib/python3.7/site-packages/airflow/example_dags/example_skip_dag.py
[2024-01-30T19:02:06.630+0000] {processor.py:756} INFO - Processing file /home/airflow/.local/lib/python3.7/site-packages/airflow/example_dags/example_skip_dag.py for tasks to queue
[2024-01-30T19:02:06.632+0000] {logging_mixin.py:120} INFO - [2024-01-30T19:02:06.631+0000] {dagbag.py:537} INFO - Filling up the DagBag from /home/airflow/.local/lib/python3.7/site-packages/airflow/example_dags/example_skip_dag.py
[2024-01-30T19:02:06.656+0000] {processor.py:766} INFO - DAG(s) dict_keys(['example_skip_dag']) retrieved from /home/airflow/.local/lib/python3.7/site-packages/airflow/example_dags/example_skip_dag.py
[2024-01-30T19:02:06.707+0000] {logging_mixin.py:120} INFO - [2024-01-30T19:02:06.706+0000] {dag.py:2585} INFO - Sync 1 DAGs
[2024-01-30T19:02:06.738+0000] {logging_mixin.py:120} INFO - [2024-01-30T19:02:06.738+0000] {dag.py:3340} INFO - Setting next_dagrun for example_skip_dag to 2024-01-29T19:02:06.737750+00:00, run_after=2024-01-30T19:02:06.737750+00:00
[2024-01-30T19:02:06.764+0000] {processor.py:176} INFO - Processing /home/airflow/.local/lib/python3.7/site-packages/airflow/example_dags/example_skip_dag.py took 0.141 seconds
[2024-01-30T19:02:37.673+0000] {processor.py:154} INFO - Started process (PID=1689) to work on /home/airflow/.local/lib/python3.7/site-packages/airflow/example_dags/example_skip_dag.py
[2024-01-30T19:02:37.675+0000] {processor.py:756} INFO - Processing file /home/airflow/.local/lib/python3.7/site-packages/airflow/example_dags/example_skip_dag.py for tasks to queue
[2024-01-30T19:02:37.678+0000] {logging_mixin.py:120} INFO - [2024-01-30T19:02:37.677+0000] {dagbag.py:537} INFO - Filling up the DagBag from /home/airflow/.local/lib/python3.7/site-packages/airflow/example_dags/example_skip_dag.py
[2024-01-30T19:02:37.722+0000] {processor.py:766} INFO - DAG(s) dict_keys(['example_skip_dag']) retrieved from /home/airflow/.local/lib/python3.7/site-packages/airflow/example_dags/example_skip_dag.py
[2024-01-30T19:02:37.819+0000] {logging_mixin.py:120} INFO - [2024-01-30T19:02:37.819+0000] {dag.py:2585} INFO - Sync 1 DAGs
[2024-01-30T19:02:37.872+0000] {logging_mixin.py:120} INFO - [2024-01-30T19:02:37.871+0000] {dag.py:3340} INFO - Setting next_dagrun for example_skip_dag to 2024-01-29T19:02:37.871111+00:00, run_after=2024-01-30T19:02:37.871111+00:00
[2024-01-30T19:02:37.938+0000] {processor.py:176} INFO - Processing /home/airflow/.local/lib/python3.7/site-packages/airflow/example_dags/example_skip_dag.py took 0.274 seconds
[2024-01-30T19:03:08.006+0000] {processor.py:154} INFO - Started process (PID=1754) to work on /home/airflow/.local/lib/python3.7/site-packages/airflow/example_dags/example_skip_dag.py
[2024-01-30T19:03:08.008+0000] {processor.py:756} INFO - Processing file /home/airflow/.local/lib/python3.7/site-packages/airflow/example_dags/example_skip_dag.py for tasks to queue
[2024-01-30T19:03:08.009+0000] {logging_mixin.py:120} INFO - [2024-01-30T19:03:08.008+0000] {dagbag.py:537} INFO - Filling up the DagBag from /home/airflow/.local/lib/python3.7/site-packages/airflow/example_dags/example_skip_dag.py
[2024-01-30T19:03:08.031+0000] {processor.py:766} INFO - DAG(s) dict_keys(['example_skip_dag']) retrieved from /home/airflow/.local/lib/python3.7/site-packages/airflow/example_dags/example_skip_dag.py
[2024-01-30T19:03:08.083+0000] {logging_mixin.py:120} INFO - [2024-01-30T19:03:08.083+0000] {dag.py:2585} INFO - Sync 1 DAGs
[2024-01-30T19:03:08.115+0000] {logging_mixin.py:120} INFO - [2024-01-30T19:03:08.115+0000] {dag.py:3340} INFO - Setting next_dagrun for example_skip_dag to 2024-01-29T19:03:08.114860+00:00, run_after=2024-01-30T19:03:08.114860+00:00
[2024-01-30T19:03:08.138+0000] {processor.py:176} INFO - Processing /home/airflow/.local/lib/python3.7/site-packages/airflow/example_dags/example_skip_dag.py took 0.138 seconds
[2024-01-30T19:03:38.382+0000] {processor.py:154} INFO - Started process (PID=1818) to work on /home/airflow/.local/lib/python3.7/site-packages/airflow/example_dags/example_skip_dag.py
[2024-01-30T19:03:38.384+0000] {processor.py:756} INFO - Processing file /home/airflow/.local/lib/python3.7/site-packages/airflow/example_dags/example_skip_dag.py for tasks to queue
[2024-01-30T19:03:38.385+0000] {logging_mixin.py:120} INFO - [2024-01-30T19:03:38.385+0000] {dagbag.py:537} INFO - Filling up the DagBag from /home/airflow/.local/lib/python3.7/site-packages/airflow/example_dags/example_skip_dag.py
[2024-01-30T19:03:38.410+0000] {processor.py:766} INFO - DAG(s) dict_keys(['example_skip_dag']) retrieved from /home/airflow/.local/lib/python3.7/site-packages/airflow/example_dags/example_skip_dag.py
[2024-01-30T19:03:38.497+0000] {logging_mixin.py:120} INFO - [2024-01-30T19:03:38.497+0000] {dag.py:2585} INFO - Sync 1 DAGs
[2024-01-30T19:03:38.543+0000] {logging_mixin.py:120} INFO - [2024-01-30T19:03:38.542+0000] {dag.py:3340} INFO - Setting next_dagrun for example_skip_dag to 2024-01-29T19:03:38.542015+00:00, run_after=2024-01-30T19:03:38.542015+00:00
[2024-01-30T19:03:38.576+0000] {processor.py:176} INFO - Processing /home/airflow/.local/lib/python3.7/site-packages/airflow/example_dags/example_skip_dag.py took 0.199 seconds
[2024-01-30T19:04:09.336+0000] {processor.py:154} INFO - Started process (PID=1872) to work on /home/airflow/.local/lib/python3.7/site-packages/airflow/example_dags/example_skip_dag.py
[2024-01-30T19:04:09.338+0000] {processor.py:756} INFO - Processing file /home/airflow/.local/lib/python3.7/site-packages/airflow/example_dags/example_skip_dag.py for tasks to queue
[2024-01-30T19:04:09.339+0000] {logging_mixin.py:120} INFO - [2024-01-30T19:04:09.339+0000] {dagbag.py:537} INFO - Filling up the DagBag from /home/airflow/.local/lib/python3.7/site-packages/airflow/example_dags/example_skip_dag.py
[2024-01-30T19:04:09.365+0000] {processor.py:766} INFO - DAG(s) dict_keys(['example_skip_dag']) retrieved from /home/airflow/.local/lib/python3.7/site-packages/airflow/example_dags/example_skip_dag.py
[2024-01-30T19:04:09.464+0000] {logging_mixin.py:120} INFO - [2024-01-30T19:04:09.464+0000] {dag.py:2585} INFO - Sync 1 DAGs
[2024-01-30T19:04:09.515+0000] {logging_mixin.py:120} INFO - [2024-01-30T19:04:09.514+0000] {dag.py:3340} INFO - Setting next_dagrun for example_skip_dag to 2024-01-29T19:04:09.514428+00:00, run_after=2024-01-30T19:04:09.514428+00:00
[2024-01-30T19:04:09.550+0000] {processor.py:176} INFO - Processing /home/airflow/.local/lib/python3.7/site-packages/airflow/example_dags/example_skip_dag.py took 0.225 seconds
[2024-01-30T19:04:39.747+0000] {processor.py:154} INFO - Started process (PID=1936) to work on /home/airflow/.local/lib/python3.7/site-packages/airflow/example_dags/example_skip_dag.py
[2024-01-30T19:04:39.749+0000] {processor.py:756} INFO - Processing file /home/airflow/.local/lib/python3.7/site-packages/airflow/example_dags/example_skip_dag.py for tasks to queue
[2024-01-30T19:04:39.750+0000] {logging_mixin.py:120} INFO - [2024-01-30T19:04:39.750+0000] {dagbag.py:537} INFO - Filling up the DagBag from /home/airflow/.local/lib/python3.7/site-packages/airflow/example_dags/example_skip_dag.py
[2024-01-30T19:04:39.781+0000] {processor.py:766} INFO - DAG(s) dict_keys(['example_skip_dag']) retrieved from /home/airflow/.local/lib/python3.7/site-packages/airflow/example_dags/example_skip_dag.py
[2024-01-30T19:04:39.847+0000] {logging_mixin.py:120} INFO - [2024-01-30T19:04:39.847+0000] {dag.py:2585} INFO - Sync 1 DAGs
[2024-01-30T19:04:39.897+0000] {logging_mixin.py:120} INFO - [2024-01-30T19:04:39.897+0000] {dag.py:3340} INFO - Setting next_dagrun for example_skip_dag to 2024-01-29T19:04:39.896523+00:00, run_after=2024-01-30T19:04:39.896523+00:00
[2024-01-30T19:04:39.963+0000] {processor.py:176} INFO - Processing /home/airflow/.local/lib/python3.7/site-packages/airflow/example_dags/example_skip_dag.py took 0.222 seconds
[2024-01-30T19:05:10.152+0000] {processor.py:154} INFO - Started process (PID=2000) to work on /home/airflow/.local/lib/python3.7/site-packages/airflow/example_dags/example_skip_dag.py
[2024-01-30T19:05:10.154+0000] {processor.py:756} INFO - Processing file /home/airflow/.local/lib/python3.7/site-packages/airflow/example_dags/example_skip_dag.py for tasks to queue
[2024-01-30T19:05:10.156+0000] {logging_mixin.py:120} INFO - [2024-01-30T19:05:10.156+0000] {dagbag.py:537} INFO - Filling up the DagBag from /home/airflow/.local/lib/python3.7/site-packages/airflow/example_dags/example_skip_dag.py
[2024-01-30T19:05:10.183+0000] {processor.py:766} INFO - DAG(s) dict_keys(['example_skip_dag']) retrieved from /home/airflow/.local/lib/python3.7/site-packages/airflow/example_dags/example_skip_dag.py
[2024-01-30T19:05:10.249+0000] {logging_mixin.py:120} INFO - [2024-01-30T19:05:10.249+0000] {dag.py:2585} INFO - Sync 1 DAGs
[2024-01-30T19:05:10.289+0000] {logging_mixin.py:120} INFO - [2024-01-30T19:05:10.289+0000] {dag.py:3340} INFO - Setting next_dagrun for example_skip_dag to 2024-01-29T19:05:10.289407+00:00, run_after=2024-01-30T19:05:10.289407+00:00
[2024-01-30T19:05:10.319+0000] {processor.py:176} INFO - Processing /home/airflow/.local/lib/python3.7/site-packages/airflow/example_dags/example_skip_dag.py took 0.173 seconds
[2024-01-30T19:05:40.548+0000] {processor.py:154} INFO - Started process (PID=2056) to work on /home/airflow/.local/lib/python3.7/site-packages/airflow/example_dags/example_skip_dag.py
[2024-01-30T19:05:40.550+0000] {processor.py:756} INFO - Processing file /home/airflow/.local/lib/python3.7/site-packages/airflow/example_dags/example_skip_dag.py for tasks to queue
[2024-01-30T19:05:40.552+0000] {logging_mixin.py:120} INFO - [2024-01-30T19:05:40.552+0000] {dagbag.py:537} INFO - Filling up the DagBag from /home/airflow/.local/lib/python3.7/site-packages/airflow/example_dags/example_skip_dag.py
[2024-01-30T19:05:40.588+0000] {processor.py:766} INFO - DAG(s) dict_keys(['example_skip_dag']) retrieved from /home/airflow/.local/lib/python3.7/site-packages/airflow/example_dags/example_skip_dag.py
[2024-01-30T19:05:40.670+0000] {logging_mixin.py:120} INFO - [2024-01-30T19:05:40.670+0000] {dag.py:2585} INFO - Sync 1 DAGs
[2024-01-30T19:05:40.718+0000] {logging_mixin.py:120} INFO - [2024-01-30T19:05:40.717+0000] {dag.py:3340} INFO - Setting next_dagrun for example_skip_dag to 2024-01-29T19:05:40.717280+00:00, run_after=2024-01-30T19:05:40.717280+00:00
[2024-01-30T19:05:40.762+0000] {processor.py:176} INFO - Processing /home/airflow/.local/lib/python3.7/site-packages/airflow/example_dags/example_skip_dag.py took 0.224 seconds
[2024-01-30T19:06:11.232+0000] {processor.py:154} INFO - Started process (PID=2120) to work on /home/airflow/.local/lib/python3.7/site-packages/airflow/example_dags/example_skip_dag.py
[2024-01-30T19:06:11.234+0000] {processor.py:756} INFO - Processing file /home/airflow/.local/lib/python3.7/site-packages/airflow/example_dags/example_skip_dag.py for tasks to queue
[2024-01-30T19:06:11.236+0000] {logging_mixin.py:120} INFO - [2024-01-30T19:06:11.236+0000] {dagbag.py:537} INFO - Filling up the DagBag from /home/airflow/.local/lib/python3.7/site-packages/airflow/example_dags/example_skip_dag.py
[2024-01-30T19:06:11.282+0000] {processor.py:766} INFO - DAG(s) dict_keys(['example_skip_dag']) retrieved from /home/airflow/.local/lib/python3.7/site-packages/airflow/example_dags/example_skip_dag.py
[2024-01-30T19:06:11.387+0000] {logging_mixin.py:120} INFO - [2024-01-30T19:06:11.386+0000] {dag.py:2585} INFO - Sync 1 DAGs
[2024-01-30T19:06:11.433+0000] {logging_mixin.py:120} INFO - [2024-01-30T19:06:11.432+0000] {dag.py:3340} INFO - Setting next_dagrun for example_skip_dag to 2024-01-29T19:06:11.432518+00:00, run_after=2024-01-30T19:06:11.432518+00:00
[2024-01-30T19:06:11.471+0000] {processor.py:176} INFO - Processing /home/airflow/.local/lib/python3.7/site-packages/airflow/example_dags/example_skip_dag.py took 0.245 seconds
[2024-01-30T19:06:41.591+0000] {processor.py:154} INFO - Started process (PID=2177) to work on /home/airflow/.local/lib/python3.7/site-packages/airflow/example_dags/example_skip_dag.py
[2024-01-30T19:06:41.595+0000] {processor.py:756} INFO - Processing file /home/airflow/.local/lib/python3.7/site-packages/airflow/example_dags/example_skip_dag.py for tasks to queue
[2024-01-30T19:06:41.597+0000] {logging_mixin.py:120} INFO - [2024-01-30T19:06:41.597+0000] {dagbag.py:537} INFO - Filling up the DagBag from /home/airflow/.local/lib/python3.7/site-packages/airflow/example_dags/example_skip_dag.py
[2024-01-30T19:06:41.659+0000] {processor.py:766} INFO - DAG(s) dict_keys(['example_skip_dag']) retrieved from /home/airflow/.local/lib/python3.7/site-packages/airflow/example_dags/example_skip_dag.py
[2024-01-30T19:06:41.745+0000] {logging_mixin.py:120} INFO - [2024-01-30T19:06:41.745+0000] {dag.py:2585} INFO - Sync 1 DAGs
[2024-01-30T19:06:41.790+0000] {logging_mixin.py:120} INFO - [2024-01-30T19:06:41.789+0000] {dag.py:3340} INFO - Setting next_dagrun for example_skip_dag to 2024-01-29T19:06:41.789423+00:00, run_after=2024-01-30T19:06:41.789423+00:00
[2024-01-30T19:06:41.825+0000] {processor.py:176} INFO - Processing /home/airflow/.local/lib/python3.7/site-packages/airflow/example_dags/example_skip_dag.py took 0.240 seconds
[2024-01-30T19:07:12.078+0000] {processor.py:154} INFO - Started process (PID=2241) to work on /home/airflow/.local/lib/python3.7/site-packages/airflow/example_dags/example_skip_dag.py
[2024-01-30T19:07:12.080+0000] {processor.py:756} INFO - Processing file /home/airflow/.local/lib/python3.7/site-packages/airflow/example_dags/example_skip_dag.py for tasks to queue
[2024-01-30T19:07:12.081+0000] {logging_mixin.py:120} INFO - [2024-01-30T19:07:12.081+0000] {dagbag.py:537} INFO - Filling up the DagBag from /home/airflow/.local/lib/python3.7/site-packages/airflow/example_dags/example_skip_dag.py
[2024-01-30T19:07:12.124+0000] {processor.py:766} INFO - DAG(s) dict_keys(['example_skip_dag']) retrieved from /home/airflow/.local/lib/python3.7/site-packages/airflow/example_dags/example_skip_dag.py
[2024-01-30T19:07:12.201+0000] {logging_mixin.py:120} INFO - [2024-01-30T19:07:12.201+0000] {dag.py:2585} INFO - Sync 1 DAGs
[2024-01-30T19:07:12.247+0000] {logging_mixin.py:120} INFO - [2024-01-30T19:07:12.247+0000] {dag.py:3340} INFO - Setting next_dagrun for example_skip_dag to 2024-01-29T19:07:12.247260+00:00, run_after=2024-01-30T19:07:12.247260+00:00
[2024-01-30T19:07:12.284+0000] {processor.py:176} INFO - Processing /home/airflow/.local/lib/python3.7/site-packages/airflow/example_dags/example_skip_dag.py took 0.217 seconds
[2024-01-30T19:07:42.402+0000] {processor.py:154} INFO - Started process (PID=2304) to work on /home/airflow/.local/lib/python3.7/site-packages/airflow/example_dags/example_skip_dag.py
[2024-01-30T19:07:42.404+0000] {processor.py:756} INFO - Processing file /home/airflow/.local/lib/python3.7/site-packages/airflow/example_dags/example_skip_dag.py for tasks to queue
[2024-01-30T19:07:42.407+0000] {logging_mixin.py:120} INFO - [2024-01-30T19:07:42.407+0000] {dagbag.py:537} INFO - Filling up the DagBag from /home/airflow/.local/lib/python3.7/site-packages/airflow/example_dags/example_skip_dag.py
[2024-01-30T19:07:42.435+0000] {processor.py:766} INFO - DAG(s) dict_keys(['example_skip_dag']) retrieved from /home/airflow/.local/lib/python3.7/site-packages/airflow/example_dags/example_skip_dag.py
[2024-01-30T19:07:42.510+0000] {logging_mixin.py:120} INFO - [2024-01-30T19:07:42.509+0000] {dag.py:2585} INFO - Sync 1 DAGs
[2024-01-30T19:07:42.557+0000] {logging_mixin.py:120} INFO - [2024-01-30T19:07:42.556+0000] {dag.py:3340} INFO - Setting next_dagrun for example_skip_dag to 2024-01-29T19:07:42.555867+00:00, run_after=2024-01-30T19:07:42.555867+00:00
[2024-01-30T19:07:42.596+0000] {processor.py:176} INFO - Processing /home/airflow/.local/lib/python3.7/site-packages/airflow/example_dags/example_skip_dag.py took 0.199 seconds
[2024-01-30T19:08:12.983+0000] {processor.py:154} INFO - Started process (PID=2359) to work on /home/airflow/.local/lib/python3.7/site-packages/airflow/example_dags/example_skip_dag.py
[2024-01-30T19:08:12.985+0000] {processor.py:756} INFO - Processing file /home/airflow/.local/lib/python3.7/site-packages/airflow/example_dags/example_skip_dag.py for tasks to queue
[2024-01-30T19:08:12.992+0000] {logging_mixin.py:120} INFO - [2024-01-30T19:08:12.992+0000] {dagbag.py:537} INFO - Filling up the DagBag from /home/airflow/.local/lib/python3.7/site-packages/airflow/example_dags/example_skip_dag.py
[2024-01-30T19:08:13.025+0000] {processor.py:766} INFO - DAG(s) dict_keys(['example_skip_dag']) retrieved from /home/airflow/.local/lib/python3.7/site-packages/airflow/example_dags/example_skip_dag.py
[2024-01-30T19:08:13.110+0000] {logging_mixin.py:120} INFO - [2024-01-30T19:08:13.109+0000] {dag.py:2585} INFO - Sync 1 DAGs
[2024-01-30T19:08:13.161+0000] {logging_mixin.py:120} INFO - [2024-01-30T19:08:13.161+0000] {dag.py:3340} INFO - Setting next_dagrun for example_skip_dag to 2024-01-29T19:08:13.161240+00:00, run_after=2024-01-30T19:08:13.161240+00:00
[2024-01-30T19:08:13.207+0000] {processor.py:176} INFO - Processing /home/airflow/.local/lib/python3.7/site-packages/airflow/example_dags/example_skip_dag.py took 0.229 seconds
[2024-01-30T19:08:43.862+0000] {processor.py:154} INFO - Started process (PID=2425) to work on /home/airflow/.local/lib/python3.7/site-packages/airflow/example_dags/example_skip_dag.py
[2024-01-30T19:08:43.864+0000] {processor.py:756} INFO - Processing file /home/airflow/.local/lib/python3.7/site-packages/airflow/example_dags/example_skip_dag.py for tasks to queue
[2024-01-30T19:08:43.865+0000] {logging_mixin.py:120} INFO - [2024-01-30T19:08:43.865+0000] {dagbag.py:537} INFO - Filling up the DagBag from /home/airflow/.local/lib/python3.7/site-packages/airflow/example_dags/example_skip_dag.py
[2024-01-30T19:08:43.895+0000] {processor.py:766} INFO - DAG(s) dict_keys(['example_skip_dag']) retrieved from /home/airflow/.local/lib/python3.7/site-packages/airflow/example_dags/example_skip_dag.py
[2024-01-30T19:08:43.973+0000] {logging_mixin.py:120} INFO - [2024-01-30T19:08:43.973+0000] {dag.py:2585} INFO - Sync 1 DAGs
[2024-01-30T19:08:44.017+0000] {logging_mixin.py:120} INFO - [2024-01-30T19:08:44.016+0000] {dag.py:3340} INFO - Setting next_dagrun for example_skip_dag to 2024-01-29T19:08:44.016495+00:00, run_after=2024-01-30T19:08:44.016495+00:00
[2024-01-30T19:08:44.046+0000] {processor.py:176} INFO - Processing /home/airflow/.local/lib/python3.7/site-packages/airflow/example_dags/example_skip_dag.py took 0.193 seconds
[2024-01-30T19:09:14.852+0000] {processor.py:154} INFO - Started process (PID=2481) to work on /home/airflow/.local/lib/python3.7/site-packages/airflow/example_dags/example_skip_dag.py
[2024-01-30T19:09:14.856+0000] {processor.py:756} INFO - Processing file /home/airflow/.local/lib/python3.7/site-packages/airflow/example_dags/example_skip_dag.py for tasks to queue
[2024-01-30T19:09:14.858+0000] {logging_mixin.py:120} INFO - [2024-01-30T19:09:14.858+0000] {dagbag.py:537} INFO - Filling up the DagBag from /home/airflow/.local/lib/python3.7/site-packages/airflow/example_dags/example_skip_dag.py
[2024-01-30T19:09:14.895+0000] {processor.py:766} INFO - DAG(s) dict_keys(['example_skip_dag']) retrieved from /home/airflow/.local/lib/python3.7/site-packages/airflow/example_dags/example_skip_dag.py
[2024-01-30T19:09:14.970+0000] {logging_mixin.py:120} INFO - [2024-01-30T19:09:14.969+0000] {dag.py:2585} INFO - Sync 1 DAGs
[2024-01-30T19:09:15.022+0000] {logging_mixin.py:120} INFO - [2024-01-30T19:09:15.022+0000] {dag.py:3340} INFO - Setting next_dagrun for example_skip_dag to 2024-01-29T19:09:15.021764+00:00, run_after=2024-01-30T19:09:15.021764+00:00
[2024-01-30T19:09:15.062+0000] {processor.py:176} INFO - Processing /home/airflow/.local/lib/python3.7/site-packages/airflow/example_dags/example_skip_dag.py took 0.216 seconds
[2024-01-30T19:09:45.607+0000] {processor.py:154} INFO - Started process (PID=2550) to work on /home/airflow/.local/lib/python3.7/site-packages/airflow/example_dags/example_skip_dag.py
[2024-01-30T19:09:45.609+0000] {processor.py:756} INFO - Processing file /home/airflow/.local/lib/python3.7/site-packages/airflow/example_dags/example_skip_dag.py for tasks to queue
[2024-01-30T19:09:45.611+0000] {logging_mixin.py:120} INFO - [2024-01-30T19:09:45.610+0000] {dagbag.py:537} INFO - Filling up the DagBag from /home/airflow/.local/lib/python3.7/site-packages/airflow/example_dags/example_skip_dag.py
[2024-01-30T19:09:45.641+0000] {processor.py:766} INFO - DAG(s) dict_keys(['example_skip_dag']) retrieved from /home/airflow/.local/lib/python3.7/site-packages/airflow/example_dags/example_skip_dag.py
[2024-01-30T19:09:45.731+0000] {logging_mixin.py:120} INFO - [2024-01-30T19:09:45.730+0000] {dag.py:2585} INFO - Sync 1 DAGs
[2024-01-30T19:09:45.795+0000] {logging_mixin.py:120} INFO - [2024-01-30T19:09:45.795+0000] {dag.py:3340} INFO - Setting next_dagrun for example_skip_dag to 2024-01-29T19:09:45.794653+00:00, run_after=2024-01-30T19:09:45.794653+00:00
[2024-01-30T19:09:45.838+0000] {processor.py:176} INFO - Processing /home/airflow/.local/lib/python3.7/site-packages/airflow/example_dags/example_skip_dag.py took 0.237 seconds
[2024-01-30T19:10:16.259+0000] {processor.py:154} INFO - Started process (PID=2614) to work on /home/airflow/.local/lib/python3.7/site-packages/airflow/example_dags/example_skip_dag.py
[2024-01-30T19:10:16.261+0000] {processor.py:756} INFO - Processing file /home/airflow/.local/lib/python3.7/site-packages/airflow/example_dags/example_skip_dag.py for tasks to queue
[2024-01-30T19:10:16.263+0000] {logging_mixin.py:120} INFO - [2024-01-30T19:10:16.262+0000] {dagbag.py:537} INFO - Filling up the DagBag from /home/airflow/.local/lib/python3.7/site-packages/airflow/example_dags/example_skip_dag.py
[2024-01-30T19:10:16.298+0000] {processor.py:766} INFO - DAG(s) dict_keys(['example_skip_dag']) retrieved from /home/airflow/.local/lib/python3.7/site-packages/airflow/example_dags/example_skip_dag.py
[2024-01-30T19:10:16.381+0000] {logging_mixin.py:120} INFO - [2024-01-30T19:10:16.381+0000] {dag.py:2585} INFO - Sync 1 DAGs
[2024-01-30T19:10:16.416+0000] {logging_mixin.py:120} INFO - [2024-01-30T19:10:16.415+0000] {dag.py:3340} INFO - Setting next_dagrun for example_skip_dag to 2024-01-29T19:10:16.415505+00:00, run_after=2024-01-30T19:10:16.415505+00:00
[2024-01-30T19:10:16.442+0000] {processor.py:176} INFO - Processing /home/airflow/.local/lib/python3.7/site-packages/airflow/example_dags/example_skip_dag.py took 0.187 seconds
[2024-01-30T19:10:46.883+0000] {processor.py:154} INFO - Started process (PID=2670) to work on /home/airflow/.local/lib/python3.7/site-packages/airflow/example_dags/example_skip_dag.py
[2024-01-30T19:10:46.885+0000] {processor.py:756} INFO - Processing file /home/airflow/.local/lib/python3.7/site-packages/airflow/example_dags/example_skip_dag.py for tasks to queue
[2024-01-30T19:10:46.887+0000] {logging_mixin.py:120} INFO - [2024-01-30T19:10:46.887+0000] {dagbag.py:537} INFO - Filling up the DagBag from /home/airflow/.local/lib/python3.7/site-packages/airflow/example_dags/example_skip_dag.py
[2024-01-30T19:10:46.910+0000] {processor.py:766} INFO - DAG(s) dict_keys(['example_skip_dag']) retrieved from /home/airflow/.local/lib/python3.7/site-packages/airflow/example_dags/example_skip_dag.py
[2024-01-30T19:10:46.972+0000] {logging_mixin.py:120} INFO - [2024-01-30T19:10:46.972+0000] {dag.py:2585} INFO - Sync 1 DAGs
[2024-01-30T19:10:47.011+0000] {logging_mixin.py:120} INFO - [2024-01-30T19:10:47.011+0000] {dag.py:3340} INFO - Setting next_dagrun for example_skip_dag to 2024-01-29T19:10:47.011238+00:00, run_after=2024-01-30T19:10:47.011238+00:00
[2024-01-30T19:10:47.043+0000] {processor.py:176} INFO - Processing /home/airflow/.local/lib/python3.7/site-packages/airflow/example_dags/example_skip_dag.py took 0.165 seconds
[2024-01-30T19:11:17.362+0000] {processor.py:154} INFO - Started process (PID=2735) to work on /home/airflow/.local/lib/python3.7/site-packages/airflow/example_dags/example_skip_dag.py
[2024-01-30T19:11:17.364+0000] {processor.py:756} INFO - Processing file /home/airflow/.local/lib/python3.7/site-packages/airflow/example_dags/example_skip_dag.py for tasks to queue
[2024-01-30T19:11:17.365+0000] {logging_mixin.py:120} INFO - [2024-01-30T19:11:17.365+0000] {dagbag.py:537} INFO - Filling up the DagBag from /home/airflow/.local/lib/python3.7/site-packages/airflow/example_dags/example_skip_dag.py
[2024-01-30T19:11:17.391+0000] {processor.py:766} INFO - DAG(s) dict_keys(['example_skip_dag']) retrieved from /home/airflow/.local/lib/python3.7/site-packages/airflow/example_dags/example_skip_dag.py
[2024-01-30T19:11:17.485+0000] {logging_mixin.py:120} INFO - [2024-01-30T19:11:17.484+0000] {dag.py:2585} INFO - Sync 1 DAGs
[2024-01-30T19:11:17.530+0000] {logging_mixin.py:120} INFO - [2024-01-30T19:11:17.530+0000] {dag.py:3340} INFO - Setting next_dagrun for example_skip_dag to 2024-01-29T19:11:17.529742+00:00, run_after=2024-01-30T19:11:17.529742+00:00
[2024-01-30T19:11:17.564+0000] {processor.py:176} INFO - Processing /home/airflow/.local/lib/python3.7/site-packages/airflow/example_dags/example_skip_dag.py took 0.207 seconds
[2024-01-30T19:11:47.712+0000] {processor.py:154} INFO - Started process (PID=2791) to work on /home/airflow/.local/lib/python3.7/site-packages/airflow/example_dags/example_skip_dag.py
[2024-01-30T19:11:47.714+0000] {processor.py:756} INFO - Processing file /home/airflow/.local/lib/python3.7/site-packages/airflow/example_dags/example_skip_dag.py for tasks to queue
[2024-01-30T19:11:47.717+0000] {logging_mixin.py:120} INFO - [2024-01-30T19:11:47.716+0000] {dagbag.py:537} INFO - Filling up the DagBag from /home/airflow/.local/lib/python3.7/site-packages/airflow/example_dags/example_skip_dag.py
[2024-01-30T19:11:47.754+0000] {processor.py:766} INFO - DAG(s) dict_keys(['example_skip_dag']) retrieved from /home/airflow/.local/lib/python3.7/site-packages/airflow/example_dags/example_skip_dag.py
[2024-01-30T19:11:47.822+0000] {logging_mixin.py:120} INFO - [2024-01-30T19:11:47.821+0000] {dag.py:2585} INFO - Sync 1 DAGs
[2024-01-30T19:11:47.891+0000] {logging_mixin.py:120} INFO - [2024-01-30T19:11:47.891+0000] {dag.py:3340} INFO - Setting next_dagrun for example_skip_dag to 2024-01-29T19:11:47.890974+00:00, run_after=2024-01-30T19:11:47.890974+00:00
[2024-01-30T19:11:47.941+0000] {processor.py:176} INFO - Processing /home/airflow/.local/lib/python3.7/site-packages/airflow/example_dags/example_skip_dag.py took 0.234 seconds
[2024-01-30T19:12:18.310+0000] {processor.py:154} INFO - Started process (PID=2858) to work on /home/airflow/.local/lib/python3.7/site-packages/airflow/example_dags/example_skip_dag.py
[2024-01-30T19:12:18.312+0000] {processor.py:756} INFO - Processing file /home/airflow/.local/lib/python3.7/site-packages/airflow/example_dags/example_skip_dag.py for tasks to queue
[2024-01-30T19:12:18.314+0000] {logging_mixin.py:120} INFO - [2024-01-30T19:12:18.314+0000] {dagbag.py:537} INFO - Filling up the DagBag from /home/airflow/.local/lib/python3.7/site-packages/airflow/example_dags/example_skip_dag.py
[2024-01-30T19:12:18.379+0000] {processor.py:766} INFO - DAG(s) dict_keys(['example_skip_dag']) retrieved from /home/airflow/.local/lib/python3.7/site-packages/airflow/example_dags/example_skip_dag.py
[2024-01-30T19:12:18.519+0000] {logging_mixin.py:120} INFO - [2024-01-30T19:12:18.519+0000] {dag.py:2585} INFO - Sync 1 DAGs
[2024-01-30T19:12:18.587+0000] {logging_mixin.py:120} INFO - [2024-01-30T19:12:18.587+0000] {dag.py:3340} INFO - Setting next_dagrun for example_skip_dag to 2024-01-29T19:12:18.586701+00:00, run_after=2024-01-30T19:12:18.586701+00:00
[2024-01-30T19:12:18.626+0000] {processor.py:176} INFO - Processing /home/airflow/.local/lib/python3.7/site-packages/airflow/example_dags/example_skip_dag.py took 0.337 seconds
[2024-01-30T19:12:48.721+0000] {processor.py:154} INFO - Started process (PID=2923) to work on /home/airflow/.local/lib/python3.7/site-packages/airflow/example_dags/example_skip_dag.py
[2024-01-30T19:12:48.723+0000] {processor.py:756} INFO - Processing file /home/airflow/.local/lib/python3.7/site-packages/airflow/example_dags/example_skip_dag.py for tasks to queue
[2024-01-30T19:12:48.726+0000] {logging_mixin.py:120} INFO - [2024-01-30T19:12:48.725+0000] {dagbag.py:537} INFO - Filling up the DagBag from /home/airflow/.local/lib/python3.7/site-packages/airflow/example_dags/example_skip_dag.py
[2024-01-30T19:12:48.761+0000] {processor.py:766} INFO - DAG(s) dict_keys(['example_skip_dag']) retrieved from /home/airflow/.local/lib/python3.7/site-packages/airflow/example_dags/example_skip_dag.py
[2024-01-30T19:12:48.819+0000] {logging_mixin.py:120} INFO - [2024-01-30T19:12:48.818+0000] {dag.py:2585} INFO - Sync 1 DAGs
[2024-01-30T19:12:48.852+0000] {logging_mixin.py:120} INFO - [2024-01-30T19:12:48.851+0000] {dag.py:3340} INFO - Setting next_dagrun for example_skip_dag to 2024-01-29T19:12:48.851590+00:00, run_after=2024-01-30T19:12:48.851590+00:00
[2024-01-30T19:12:48.879+0000] {processor.py:176} INFO - Processing /home/airflow/.local/lib/python3.7/site-packages/airflow/example_dags/example_skip_dag.py took 0.167 seconds
[2024-01-30T19:13:19.436+0000] {processor.py:154} INFO - Started process (PID=2979) to work on /home/airflow/.local/lib/python3.7/site-packages/airflow/example_dags/example_skip_dag.py
[2024-01-30T19:13:19.437+0000] {processor.py:756} INFO - Processing file /home/airflow/.local/lib/python3.7/site-packages/airflow/example_dags/example_skip_dag.py for tasks to queue
[2024-01-30T19:13:19.439+0000] {logging_mixin.py:120} INFO - [2024-01-30T19:13:19.439+0000] {dagbag.py:537} INFO - Filling up the DagBag from /home/airflow/.local/lib/python3.7/site-packages/airflow/example_dags/example_skip_dag.py
[2024-01-30T19:13:19.473+0000] {processor.py:766} INFO - DAG(s) dict_keys(['example_skip_dag']) retrieved from /home/airflow/.local/lib/python3.7/site-packages/airflow/example_dags/example_skip_dag.py
[2024-01-30T19:13:19.547+0000] {logging_mixin.py:120} INFO - [2024-01-30T19:13:19.547+0000] {dag.py:2585} INFO - Sync 1 DAGs
[2024-01-30T19:13:19.593+0000] {logging_mixin.py:120} INFO - [2024-01-30T19:13:19.593+0000] {dag.py:3340} INFO - Setting next_dagrun for example_skip_dag to 2024-01-29T19:13:19.593231+00:00, run_after=2024-01-30T19:13:19.593231+00:00
[2024-01-30T19:13:19.634+0000] {processor.py:176} INFO - Processing /home/airflow/.local/lib/python3.7/site-packages/airflow/example_dags/example_skip_dag.py took 0.205 seconds
[2024-01-30T19:13:49.775+0000] {processor.py:154} INFO - Started process (PID=3044) to work on /home/airflow/.local/lib/python3.7/site-packages/airflow/example_dags/example_skip_dag.py
[2024-01-30T19:13:49.777+0000] {processor.py:756} INFO - Processing file /home/airflow/.local/lib/python3.7/site-packages/airflow/example_dags/example_skip_dag.py for tasks to queue
[2024-01-30T19:13:49.779+0000] {logging_mixin.py:120} INFO - [2024-01-30T19:13:49.779+0000] {dagbag.py:537} INFO - Filling up the DagBag from /home/airflow/.local/lib/python3.7/site-packages/airflow/example_dags/example_skip_dag.py
[2024-01-30T19:13:49.813+0000] {processor.py:766} INFO - DAG(s) dict_keys(['example_skip_dag']) retrieved from /home/airflow/.local/lib/python3.7/site-packages/airflow/example_dags/example_skip_dag.py
[2024-01-30T19:13:49.887+0000] {logging_mixin.py:120} INFO - [2024-01-30T19:13:49.887+0000] {dag.py:2585} INFO - Sync 1 DAGs
[2024-01-30T19:13:49.930+0000] {logging_mixin.py:120} INFO - [2024-01-30T19:13:49.930+0000] {dag.py:3340} INFO - Setting next_dagrun for example_skip_dag to 2024-01-29T19:13:49.929793+00:00, run_after=2024-01-30T19:13:49.929793+00:00
[2024-01-30T19:13:49.966+0000] {processor.py:176} INFO - Processing /home/airflow/.local/lib/python3.7/site-packages/airflow/example_dags/example_skip_dag.py took 0.198 seconds
[2024-01-30T19:14:20.314+0000] {processor.py:154} INFO - Started process (PID=3111) to work on /home/airflow/.local/lib/python3.7/site-packages/airflow/example_dags/example_skip_dag.py
[2024-01-30T19:14:20.320+0000] {processor.py:756} INFO - Processing file /home/airflow/.local/lib/python3.7/site-packages/airflow/example_dags/example_skip_dag.py for tasks to queue
[2024-01-30T19:14:20.323+0000] {logging_mixin.py:120} INFO - [2024-01-30T19:14:20.322+0000] {dagbag.py:537} INFO - Filling up the DagBag from /home/airflow/.local/lib/python3.7/site-packages/airflow/example_dags/example_skip_dag.py
[2024-01-30T19:14:20.349+0000] {processor.py:766} INFO - DAG(s) dict_keys(['example_skip_dag']) retrieved from /home/airflow/.local/lib/python3.7/site-packages/airflow/example_dags/example_skip_dag.py
[2024-01-30T19:14:20.406+0000] {logging_mixin.py:120} INFO - [2024-01-30T19:14:20.406+0000] {dag.py:2585} INFO - Sync 1 DAGs
[2024-01-30T19:14:20.440+0000] {logging_mixin.py:120} INFO - [2024-01-30T19:14:20.439+0000] {dag.py:3340} INFO - Setting next_dagrun for example_skip_dag to 2024-01-29T19:14:20.439547+00:00, run_after=2024-01-30T19:14:20.439547+00:00
[2024-01-30T19:14:20.465+0000] {processor.py:176} INFO - Processing /home/airflow/.local/lib/python3.7/site-packages/airflow/example_dags/example_skip_dag.py took 0.156 seconds
[2024-01-30T19:14:50.563+0000] {processor.py:154} INFO - Started process (PID=3167) to work on /home/airflow/.local/lib/python3.7/site-packages/airflow/example_dags/example_skip_dag.py
[2024-01-30T19:14:50.565+0000] {processor.py:756} INFO - Processing file /home/airflow/.local/lib/python3.7/site-packages/airflow/example_dags/example_skip_dag.py for tasks to queue
[2024-01-30T19:14:50.566+0000] {logging_mixin.py:120} INFO - [2024-01-30T19:14:50.566+0000] {dagbag.py:537} INFO - Filling up the DagBag from /home/airflow/.local/lib/python3.7/site-packages/airflow/example_dags/example_skip_dag.py
[2024-01-30T19:14:50.585+0000] {processor.py:766} INFO - DAG(s) dict_keys(['example_skip_dag']) retrieved from /home/airflow/.local/lib/python3.7/site-packages/airflow/example_dags/example_skip_dag.py
[2024-01-30T19:14:50.632+0000] {logging_mixin.py:120} INFO - [2024-01-30T19:14:50.632+0000] {dag.py:2585} INFO - Sync 1 DAGs
[2024-01-30T19:14:50.663+0000] {logging_mixin.py:120} INFO - [2024-01-30T19:14:50.662+0000] {dag.py:3340} INFO - Setting next_dagrun for example_skip_dag to 2024-01-29T19:14:50.662582+00:00, run_after=2024-01-30T19:14:50.662582+00:00
[2024-01-30T19:14:50.686+0000] {processor.py:176} INFO - Processing /home/airflow/.local/lib/python3.7/site-packages/airflow/example_dags/example_skip_dag.py took 0.128 seconds
[2024-01-30T19:15:21.372+0000] {processor.py:154} INFO - Started process (PID=3232) to work on /home/airflow/.local/lib/python3.7/site-packages/airflow/example_dags/example_skip_dag.py
[2024-01-30T19:15:21.374+0000] {processor.py:756} INFO - Processing file /home/airflow/.local/lib/python3.7/site-packages/airflow/example_dags/example_skip_dag.py for tasks to queue
[2024-01-30T19:15:21.376+0000] {logging_mixin.py:120} INFO - [2024-01-30T19:15:21.376+0000] {dagbag.py:537} INFO - Filling up the DagBag from /home/airflow/.local/lib/python3.7/site-packages/airflow/example_dags/example_skip_dag.py
[2024-01-30T19:15:21.403+0000] {processor.py:766} INFO - DAG(s) dict_keys(['example_skip_dag']) retrieved from /home/airflow/.local/lib/python3.7/site-packages/airflow/example_dags/example_skip_dag.py
[2024-01-30T19:15:21.462+0000] {logging_mixin.py:120} INFO - [2024-01-30T19:15:21.462+0000] {dag.py:2585} INFO - Sync 1 DAGs
[2024-01-30T19:15:21.496+0000] {logging_mixin.py:120} INFO - [2024-01-30T19:15:21.496+0000] {dag.py:3340} INFO - Setting next_dagrun for example_skip_dag to 2024-01-29T19:15:21.495936+00:00, run_after=2024-01-30T19:15:21.495936+00:00
[2024-01-30T19:15:21.521+0000] {processor.py:176} INFO - Processing /home/airflow/.local/lib/python3.7/site-packages/airflow/example_dags/example_skip_dag.py took 0.155 seconds
[2024-01-30T19:15:51.661+0000] {processor.py:154} INFO - Started process (PID=3285) to work on /home/airflow/.local/lib/python3.7/site-packages/airflow/example_dags/example_skip_dag.py
[2024-01-30T19:15:51.663+0000] {processor.py:756} INFO - Processing file /home/airflow/.local/lib/python3.7/site-packages/airflow/example_dags/example_skip_dag.py for tasks to queue
[2024-01-30T19:15:51.664+0000] {logging_mixin.py:120} INFO - [2024-01-30T19:15:51.664+0000] {dagbag.py:537} INFO - Filling up the DagBag from /home/airflow/.local/lib/python3.7/site-packages/airflow/example_dags/example_skip_dag.py
[2024-01-30T19:15:51.684+0000] {processor.py:766} INFO - DAG(s) dict_keys(['example_skip_dag']) retrieved from /home/airflow/.local/lib/python3.7/site-packages/airflow/example_dags/example_skip_dag.py
[2024-01-30T19:15:51.748+0000] {logging_mixin.py:120} INFO - [2024-01-30T19:15:51.747+0000] {dag.py:2585} INFO - Sync 1 DAGs
[2024-01-30T19:15:51.794+0000] {logging_mixin.py:120} INFO - [2024-01-30T19:15:51.793+0000] {dag.py:3340} INFO - Setting next_dagrun for example_skip_dag to 2024-01-29T19:15:51.793561+00:00, run_after=2024-01-30T19:15:51.793561+00:00
[2024-01-30T19:15:51.834+0000] {processor.py:176} INFO - Processing /home/airflow/.local/lib/python3.7/site-packages/airflow/example_dags/example_skip_dag.py took 0.178 seconds
[2024-01-30T19:16:22.565+0000] {processor.py:154} INFO - Started process (PID=3350) to work on /home/airflow/.local/lib/python3.7/site-packages/airflow/example_dags/example_skip_dag.py
[2024-01-30T19:16:22.567+0000] {processor.py:756} INFO - Processing file /home/airflow/.local/lib/python3.7/site-packages/airflow/example_dags/example_skip_dag.py for tasks to queue
[2024-01-30T19:16:22.569+0000] {logging_mixin.py:120} INFO - [2024-01-30T19:16:22.569+0000] {dagbag.py:537} INFO - Filling up the DagBag from /home/airflow/.local/lib/python3.7/site-packages/airflow/example_dags/example_skip_dag.py
[2024-01-30T19:16:22.603+0000] {processor.py:766} INFO - DAG(s) dict_keys(['example_skip_dag']) retrieved from /home/airflow/.local/lib/python3.7/site-packages/airflow/example_dags/example_skip_dag.py
[2024-01-30T19:16:22.690+0000] {logging_mixin.py:120} INFO - [2024-01-30T19:16:22.690+0000] {dag.py:2585} INFO - Sync 1 DAGs
[2024-01-30T19:16:22.748+0000] {logging_mixin.py:120} INFO - [2024-01-30T19:16:22.748+0000] {dag.py:3340} INFO - Setting next_dagrun for example_skip_dag to 2024-01-29T19:16:22.747841+00:00, run_after=2024-01-30T19:16:22.747841+00:00
[2024-01-30T19:16:22.787+0000] {processor.py:176} INFO - Processing /home/airflow/.local/lib/python3.7/site-packages/airflow/example_dags/example_skip_dag.py took 0.232 seconds
[2024-01-30T19:16:53.002+0000] {processor.py:154} INFO - Started process (PID=3416) to work on /home/airflow/.local/lib/python3.7/site-packages/airflow/example_dags/example_skip_dag.py
[2024-01-30T19:16:53.003+0000] {processor.py:756} INFO - Processing file /home/airflow/.local/lib/python3.7/site-packages/airflow/example_dags/example_skip_dag.py for tasks to queue
[2024-01-30T19:16:53.005+0000] {logging_mixin.py:120} INFO - [2024-01-30T19:16:53.005+0000] {dagbag.py:537} INFO - Filling up the DagBag from /home/airflow/.local/lib/python3.7/site-packages/airflow/example_dags/example_skip_dag.py
[2024-01-30T19:16:53.034+0000] {processor.py:766} INFO - DAG(s) dict_keys(['example_skip_dag']) retrieved from /home/airflow/.local/lib/python3.7/site-packages/airflow/example_dags/example_skip_dag.py
[2024-01-30T19:16:53.110+0000] {logging_mixin.py:120} INFO - [2024-01-30T19:16:53.110+0000] {dag.py:2585} INFO - Sync 1 DAGs
[2024-01-30T19:16:53.155+0000] {logging_mixin.py:120} INFO - [2024-01-30T19:16:53.155+0000] {dag.py:3340} INFO - Setting next_dagrun for example_skip_dag to 2024-01-29T19:16:53.155086+00:00, run_after=2024-01-30T19:16:53.155086+00:00
[2024-01-30T19:16:53.189+0000] {processor.py:176} INFO - Processing /home/airflow/.local/lib/python3.7/site-packages/airflow/example_dags/example_skip_dag.py took 0.193 seconds
[2024-01-30T19:17:23.841+0000] {processor.py:154} INFO - Started process (PID=3472) to work on /home/airflow/.local/lib/python3.7/site-packages/airflow/example_dags/example_skip_dag.py
[2024-01-30T19:17:23.842+0000] {processor.py:756} INFO - Processing file /home/airflow/.local/lib/python3.7/site-packages/airflow/example_dags/example_skip_dag.py for tasks to queue
[2024-01-30T19:17:23.844+0000] {logging_mixin.py:120} INFO - [2024-01-30T19:17:23.844+0000] {dagbag.py:537} INFO - Filling up the DagBag from /home/airflow/.local/lib/python3.7/site-packages/airflow/example_dags/example_skip_dag.py
[2024-01-30T19:17:23.868+0000] {processor.py:766} INFO - DAG(s) dict_keys(['example_skip_dag']) retrieved from /home/airflow/.local/lib/python3.7/site-packages/airflow/example_dags/example_skip_dag.py
[2024-01-30T19:17:23.924+0000] {logging_mixin.py:120} INFO - [2024-01-30T19:17:23.923+0000] {dag.py:2585} INFO - Sync 1 DAGs
[2024-01-30T19:17:23.960+0000] {logging_mixin.py:120} INFO - [2024-01-30T19:17:23.960+0000] {dag.py:3340} INFO - Setting next_dagrun for example_skip_dag to 2024-01-29T19:17:23.960097+00:00, run_after=2024-01-30T19:17:23.960097+00:00
[2024-01-30T19:17:23.990+0000] {processor.py:176} INFO - Processing /home/airflow/.local/lib/python3.7/site-packages/airflow/example_dags/example_skip_dag.py took 0.154 seconds
[2024-01-30T19:17:54.461+0000] {processor.py:154} INFO - Started process (PID=3537) to work on /home/airflow/.local/lib/python3.7/site-packages/airflow/example_dags/example_skip_dag.py
[2024-01-30T19:17:54.462+0000] {processor.py:756} INFO - Processing file /home/airflow/.local/lib/python3.7/site-packages/airflow/example_dags/example_skip_dag.py for tasks to queue
[2024-01-30T19:17:54.464+0000] {logging_mixin.py:120} INFO - [2024-01-30T19:17:54.464+0000] {dagbag.py:537} INFO - Filling up the DagBag from /home/airflow/.local/lib/python3.7/site-packages/airflow/example_dags/example_skip_dag.py
[2024-01-30T19:17:54.487+0000] {processor.py:766} INFO - DAG(s) dict_keys(['example_skip_dag']) retrieved from /home/airflow/.local/lib/python3.7/site-packages/airflow/example_dags/example_skip_dag.py
[2024-01-30T19:17:54.550+0000] {logging_mixin.py:120} INFO - [2024-01-30T19:17:54.550+0000] {dag.py:2585} INFO - Sync 1 DAGs
[2024-01-30T19:17:54.599+0000] {logging_mixin.py:120} INFO - [2024-01-30T19:17:54.599+0000] {dag.py:3340} INFO - Setting next_dagrun for example_skip_dag to 2024-01-29T19:17:54.598736+00:00, run_after=2024-01-30T19:17:54.598736+00:00
[2024-01-30T19:17:54.652+0000] {processor.py:176} INFO - Processing /home/airflow/.local/lib/python3.7/site-packages/airflow/example_dags/example_skip_dag.py took 0.197 seconds
[2024-01-30T19:18:25.116+0000] {processor.py:154} INFO - Started process (PID=3603) to work on /home/airflow/.local/lib/python3.7/site-packages/airflow/example_dags/example_skip_dag.py
[2024-01-30T19:18:25.117+0000] {processor.py:756} INFO - Processing file /home/airflow/.local/lib/python3.7/site-packages/airflow/example_dags/example_skip_dag.py for tasks to queue
[2024-01-30T19:18:25.119+0000] {logging_mixin.py:120} INFO - [2024-01-30T19:18:25.118+0000] {dagbag.py:537} INFO - Filling up the DagBag from /home/airflow/.local/lib/python3.7/site-packages/airflow/example_dags/example_skip_dag.py
[2024-01-30T19:18:25.139+0000] {processor.py:766} INFO - DAG(s) dict_keys(['example_skip_dag']) retrieved from /home/airflow/.local/lib/python3.7/site-packages/airflow/example_dags/example_skip_dag.py
[2024-01-30T19:18:25.191+0000] {logging_mixin.py:120} INFO - [2024-01-30T19:18:25.191+0000] {dag.py:2585} INFO - Sync 1 DAGs
[2024-01-30T19:18:25.226+0000] {logging_mixin.py:120} INFO - [2024-01-30T19:18:25.226+0000] {dag.py:3340} INFO - Setting next_dagrun for example_skip_dag to 2024-01-29T19:18:25.225751+00:00, run_after=2024-01-30T19:18:25.225751+00:00
[2024-01-30T19:18:25.254+0000] {processor.py:176} INFO - Processing /home/airflow/.local/lib/python3.7/site-packages/airflow/example_dags/example_skip_dag.py took 0.143 seconds
[2024-01-30T19:18:55.528+0000] {processor.py:154} INFO - Started process (PID=3659) to work on /home/airflow/.local/lib/python3.7/site-packages/airflow/example_dags/example_skip_dag.py
[2024-01-30T19:18:55.529+0000] {processor.py:756} INFO - Processing file /home/airflow/.local/lib/python3.7/site-packages/airflow/example_dags/example_skip_dag.py for tasks to queue
[2024-01-30T19:18:55.530+0000] {logging_mixin.py:120} INFO - [2024-01-30T19:18:55.530+0000] {dagbag.py:537} INFO - Filling up the DagBag from /home/airflow/.local/lib/python3.7/site-packages/airflow/example_dags/example_skip_dag.py
[2024-01-30T19:18:55.551+0000] {processor.py:766} INFO - DAG(s) dict_keys(['example_skip_dag']) retrieved from /home/airflow/.local/lib/python3.7/site-packages/airflow/example_dags/example_skip_dag.py
[2024-01-30T19:18:55.599+0000] {logging_mixin.py:120} INFO - [2024-01-30T19:18:55.598+0000] {dag.py:2585} INFO - Sync 1 DAGs
[2024-01-30T19:18:55.629+0000] {logging_mixin.py:120} INFO - [2024-01-30T19:18:55.628+0000] {dag.py:3340} INFO - Setting next_dagrun for example_skip_dag to 2024-01-29T19:18:55.628549+00:00, run_after=2024-01-30T19:18:55.628549+00:00
[2024-01-30T19:18:55.651+0000] {processor.py:176} INFO - Processing /home/airflow/.local/lib/python3.7/site-packages/airflow/example_dags/example_skip_dag.py took 0.128 seconds
[2024-01-30T19:19:25.778+0000] {processor.py:154} INFO - Started process (PID=3724) to work on /home/airflow/.local/lib/python3.7/site-packages/airflow/example_dags/example_skip_dag.py
[2024-01-30T19:19:25.779+0000] {processor.py:756} INFO - Processing file /home/airflow/.local/lib/python3.7/site-packages/airflow/example_dags/example_skip_dag.py for tasks to queue
[2024-01-30T19:19:25.781+0000] {logging_mixin.py:120} INFO - [2024-01-30T19:19:25.781+0000] {dagbag.py:537} INFO - Filling up the DagBag from /home/airflow/.local/lib/python3.7/site-packages/airflow/example_dags/example_skip_dag.py
[2024-01-30T19:19:25.803+0000] {processor.py:766} INFO - DAG(s) dict_keys(['example_skip_dag']) retrieved from /home/airflow/.local/lib/python3.7/site-packages/airflow/example_dags/example_skip_dag.py
[2024-01-30T19:19:25.855+0000] {logging_mixin.py:120} INFO - [2024-01-30T19:19:25.855+0000] {dag.py:2585} INFO - Sync 1 DAGs
[2024-01-30T19:19:25.890+0000] {logging_mixin.py:120} INFO - [2024-01-30T19:19:25.890+0000] {dag.py:3340} INFO - Setting next_dagrun for example_skip_dag to 2024-01-29T19:19:25.890295+00:00, run_after=2024-01-30T19:19:25.890295+00:00
[2024-01-30T19:19:25.916+0000] {processor.py:176} INFO - Processing /home/airflow/.local/lib/python3.7/site-packages/airflow/example_dags/example_skip_dag.py took 0.143 seconds
[2024-01-30T19:19:56.317+0000] {processor.py:154} INFO - Started process (PID=3789) to work on /home/airflow/.local/lib/python3.7/site-packages/airflow/example_dags/example_skip_dag.py
[2024-01-30T19:19:56.319+0000] {processor.py:756} INFO - Processing file /home/airflow/.local/lib/python3.7/site-packages/airflow/example_dags/example_skip_dag.py for tasks to queue
[2024-01-30T19:19:56.320+0000] {logging_mixin.py:120} INFO - [2024-01-30T19:19:56.320+0000] {dagbag.py:537} INFO - Filling up the DagBag from /home/airflow/.local/lib/python3.7/site-packages/airflow/example_dags/example_skip_dag.py
[2024-01-30T19:19:56.342+0000] {processor.py:766} INFO - DAG(s) dict_keys(['example_skip_dag']) retrieved from /home/airflow/.local/lib/python3.7/site-packages/airflow/example_dags/example_skip_dag.py
[2024-01-30T19:19:56.392+0000] {logging_mixin.py:120} INFO - [2024-01-30T19:19:56.392+0000] {dag.py:2585} INFO - Sync 1 DAGs
[2024-01-30T19:19:56.422+0000] {logging_mixin.py:120} INFO - [2024-01-30T19:19:56.422+0000] {dag.py:3340} INFO - Setting next_dagrun for example_skip_dag to 2024-01-29T19:19:56.422494+00:00, run_after=2024-01-30T19:19:56.422494+00:00
[2024-01-30T19:19:56.445+0000] {processor.py:176} INFO - Processing /home/airflow/.local/lib/python3.7/site-packages/airflow/example_dags/example_skip_dag.py took 0.133 seconds
[2024-01-30T19:20:26.689+0000] {processor.py:154} INFO - Started process (PID=3845) to work on /home/airflow/.local/lib/python3.7/site-packages/airflow/example_dags/example_skip_dag.py
[2024-01-30T19:20:26.691+0000] {processor.py:756} INFO - Processing file /home/airflow/.local/lib/python3.7/site-packages/airflow/example_dags/example_skip_dag.py for tasks to queue
[2024-01-30T19:20:26.693+0000] {logging_mixin.py:120} INFO - [2024-01-30T19:20:26.693+0000] {dagbag.py:537} INFO - Filling up the DagBag from /home/airflow/.local/lib/python3.7/site-packages/airflow/example_dags/example_skip_dag.py
[2024-01-30T19:20:26.718+0000] {processor.py:766} INFO - DAG(s) dict_keys(['example_skip_dag']) retrieved from /home/airflow/.local/lib/python3.7/site-packages/airflow/example_dags/example_skip_dag.py
[2024-01-30T19:20:26.782+0000] {logging_mixin.py:120} INFO - [2024-01-30T19:20:26.782+0000] {dag.py:2585} INFO - Sync 1 DAGs
[2024-01-30T19:20:26.819+0000] {logging_mixin.py:120} INFO - [2024-01-30T19:20:26.819+0000] {dag.py:3340} INFO - Setting next_dagrun for example_skip_dag to 2024-01-29T19:20:26.818850+00:00, run_after=2024-01-30T19:20:26.818850+00:00
[2024-01-30T19:20:26.847+0000] {processor.py:176} INFO - Processing /home/airflow/.local/lib/python3.7/site-packages/airflow/example_dags/example_skip_dag.py took 0.165 seconds
[2024-01-30T19:20:57.050+0000] {processor.py:154} INFO - Started process (PID=3910) to work on /home/airflow/.local/lib/python3.7/site-packages/airflow/example_dags/example_skip_dag.py
[2024-01-30T19:20:57.052+0000] {processor.py:756} INFO - Processing file /home/airflow/.local/lib/python3.7/site-packages/airflow/example_dags/example_skip_dag.py for tasks to queue
[2024-01-30T19:20:57.053+0000] {logging_mixin.py:120} INFO - [2024-01-30T19:20:57.053+0000] {dagbag.py:537} INFO - Filling up the DagBag from /home/airflow/.local/lib/python3.7/site-packages/airflow/example_dags/example_skip_dag.py
[2024-01-30T19:20:57.075+0000] {processor.py:766} INFO - DAG(s) dict_keys(['example_skip_dag']) retrieved from /home/airflow/.local/lib/python3.7/site-packages/airflow/example_dags/example_skip_dag.py
[2024-01-30T19:20:57.127+0000] {logging_mixin.py:120} INFO - [2024-01-30T19:20:57.127+0000] {dag.py:2585} INFO - Sync 1 DAGs
[2024-01-30T19:20:57.162+0000] {logging_mixin.py:120} INFO - [2024-01-30T19:20:57.162+0000] {dag.py:3340} INFO - Setting next_dagrun for example_skip_dag to 2024-01-29T19:20:57.161791+00:00, run_after=2024-01-30T19:20:57.161791+00:00
[2024-01-30T19:20:57.189+0000] {processor.py:176} INFO - Processing /home/airflow/.local/lib/python3.7/site-packages/airflow/example_dags/example_skip_dag.py took 0.144 seconds
[2024-01-30T19:21:27.509+0000] {processor.py:154} INFO - Started process (PID=3975) to work on /home/airflow/.local/lib/python3.7/site-packages/airflow/example_dags/example_skip_dag.py
[2024-01-30T19:21:27.510+0000] {processor.py:756} INFO - Processing file /home/airflow/.local/lib/python3.7/site-packages/airflow/example_dags/example_skip_dag.py for tasks to queue
[2024-01-30T19:21:27.511+0000] {logging_mixin.py:120} INFO - [2024-01-30T19:21:27.511+0000] {dagbag.py:537} INFO - Filling up the DagBag from /home/airflow/.local/lib/python3.7/site-packages/airflow/example_dags/example_skip_dag.py
[2024-01-30T19:21:27.531+0000] {processor.py:766} INFO - DAG(s) dict_keys(['example_skip_dag']) retrieved from /home/airflow/.local/lib/python3.7/site-packages/airflow/example_dags/example_skip_dag.py
[2024-01-30T19:21:27.585+0000] {logging_mixin.py:120} INFO - [2024-01-30T19:21:27.584+0000] {dag.py:2585} INFO - Sync 1 DAGs
[2024-01-30T19:21:27.616+0000] {logging_mixin.py:120} INFO - [2024-01-30T19:21:27.616+0000] {dag.py:3340} INFO - Setting next_dagrun for example_skip_dag to 2024-01-29T19:21:27.616164+00:00, run_after=2024-01-30T19:21:27.616164+00:00
[2024-01-30T19:21:27.640+0000] {processor.py:176} INFO - Processing /home/airflow/.local/lib/python3.7/site-packages/airflow/example_dags/example_skip_dag.py took 0.135 seconds
