[2024-01-30T18:49:03.148+0000] {processor.py:154} INFO - Started process (PID=70) to work on /home/airflow/.local/lib/python3.7/site-packages/airflow/example_dags/example_nested_branch_dag.py
[2024-01-30T18:49:03.206+0000] {processor.py:756} INFO - Processing file /home/airflow/.local/lib/python3.7/site-packages/airflow/example_dags/example_nested_branch_dag.py for tasks to queue
[2024-01-30T18:49:03.250+0000] {logging_mixin.py:120} INFO - [2024-01-30T18:49:03.250+0000] {dagbag.py:537} INFO - Filling up the DagBag from /home/airflow/.local/lib/python3.7/site-packages/airflow/example_dags/example_nested_branch_dag.py
[2024-01-30T18:49:03.712+0000] {processor.py:766} INFO - DAG(s) dict_keys(['example_nested_branch_dag']) retrieved from /home/airflow/.local/lib/python3.7/site-packages/airflow/example_dags/example_nested_branch_dag.py
[2024-01-30T18:49:04.480+0000] {logging_mixin.py:120} INFO - [2024-01-30T18:49:04.477+0000] {dag.py:2585} INFO - Sync 1 DAGs
[2024-01-30T18:49:04.736+0000] {logging_mixin.py:120} INFO - [2024-01-30T18:49:04.736+0000] {dag.py:3340} INFO - Setting next_dagrun for example_nested_branch_dag to 2024-01-29T00:00:00+00:00, run_after=2024-01-30T00:00:00+00:00
[2024-01-30T18:49:05.067+0000] {processor.py:176} INFO - Processing /home/airflow/.local/lib/python3.7/site-packages/airflow/example_dags/example_nested_branch_dag.py took 2.119 seconds
[2024-01-30T18:49:35.274+0000] {processor.py:154} INFO - Started process (PID=126) to work on /home/airflow/.local/lib/python3.7/site-packages/airflow/example_dags/example_nested_branch_dag.py
[2024-01-30T18:49:35.276+0000] {processor.py:756} INFO - Processing file /home/airflow/.local/lib/python3.7/site-packages/airflow/example_dags/example_nested_branch_dag.py for tasks to queue
[2024-01-30T18:49:35.278+0000] {logging_mixin.py:120} INFO - [2024-01-30T18:49:35.277+0000] {dagbag.py:537} INFO - Filling up the DagBag from /home/airflow/.local/lib/python3.7/site-packages/airflow/example_dags/example_nested_branch_dag.py
[2024-01-30T18:49:35.324+0000] {processor.py:766} INFO - DAG(s) dict_keys(['example_nested_branch_dag']) retrieved from /home/airflow/.local/lib/python3.7/site-packages/airflow/example_dags/example_nested_branch_dag.py
[2024-01-30T18:49:35.398+0000] {logging_mixin.py:120} INFO - [2024-01-30T18:49:35.398+0000] {dag.py:2585} INFO - Sync 1 DAGs
[2024-01-30T18:49:35.449+0000] {logging_mixin.py:120} INFO - [2024-01-30T18:49:35.449+0000] {dag.py:3340} INFO - Setting next_dagrun for example_nested_branch_dag to 2024-01-29T00:00:00+00:00, run_after=2024-01-30T00:00:00+00:00
[2024-01-30T18:49:35.490+0000] {processor.py:176} INFO - Processing /home/airflow/.local/lib/python3.7/site-packages/airflow/example_dags/example_nested_branch_dag.py took 0.231 seconds
[2024-01-30T18:50:05.557+0000] {processor.py:154} INFO - Started process (PID=191) to work on /home/airflow/.local/lib/python3.7/site-packages/airflow/example_dags/example_nested_branch_dag.py
[2024-01-30T18:50:05.560+0000] {processor.py:756} INFO - Processing file /home/airflow/.local/lib/python3.7/site-packages/airflow/example_dags/example_nested_branch_dag.py for tasks to queue
[2024-01-30T18:50:05.561+0000] {logging_mixin.py:120} INFO - [2024-01-30T18:50:05.561+0000] {dagbag.py:537} INFO - Filling up the DagBag from /home/airflow/.local/lib/python3.7/site-packages/airflow/example_dags/example_nested_branch_dag.py
[2024-01-30T18:50:05.605+0000] {processor.py:766} INFO - DAG(s) dict_keys(['example_nested_branch_dag']) retrieved from /home/airflow/.local/lib/python3.7/site-packages/airflow/example_dags/example_nested_branch_dag.py
[2024-01-30T18:50:05.662+0000] {logging_mixin.py:120} INFO - [2024-01-30T18:50:05.662+0000] {dag.py:2585} INFO - Sync 1 DAGs
[2024-01-30T18:50:05.696+0000] {logging_mixin.py:120} INFO - [2024-01-30T18:50:05.696+0000] {dag.py:3340} INFO - Setting next_dagrun for example_nested_branch_dag to 2024-01-29T00:00:00+00:00, run_after=2024-01-30T00:00:00+00:00
[2024-01-30T18:50:05.723+0000] {processor.py:176} INFO - Processing /home/airflow/.local/lib/python3.7/site-packages/airflow/example_dags/example_nested_branch_dag.py took 0.173 seconds
[2024-01-30T18:50:35.869+0000] {processor.py:154} INFO - Started process (PID=255) to work on /home/airflow/.local/lib/python3.7/site-packages/airflow/example_dags/example_nested_branch_dag.py
[2024-01-30T18:50:35.871+0000] {processor.py:756} INFO - Processing file /home/airflow/.local/lib/python3.7/site-packages/airflow/example_dags/example_nested_branch_dag.py for tasks to queue
[2024-01-30T18:50:35.872+0000] {logging_mixin.py:120} INFO - [2024-01-30T18:50:35.872+0000] {dagbag.py:537} INFO - Filling up the DagBag from /home/airflow/.local/lib/python3.7/site-packages/airflow/example_dags/example_nested_branch_dag.py
[2024-01-30T18:50:35.907+0000] {processor.py:766} INFO - DAG(s) dict_keys(['example_nested_branch_dag']) retrieved from /home/airflow/.local/lib/python3.7/site-packages/airflow/example_dags/example_nested_branch_dag.py
[2024-01-30T18:50:35.961+0000] {logging_mixin.py:120} INFO - [2024-01-30T18:50:35.961+0000] {dag.py:2585} INFO - Sync 1 DAGs
[2024-01-30T18:50:35.993+0000] {logging_mixin.py:120} INFO - [2024-01-30T18:50:35.993+0000] {dag.py:3340} INFO - Setting next_dagrun for example_nested_branch_dag to 2024-01-29T00:00:00+00:00, run_after=2024-01-30T00:00:00+00:00
[2024-01-30T18:50:36.016+0000] {processor.py:176} INFO - Processing /home/airflow/.local/lib/python3.7/site-packages/airflow/example_dags/example_nested_branch_dag.py took 0.153 seconds
[2024-01-30T18:51:06.684+0000] {processor.py:154} INFO - Started process (PID=309) to work on /home/airflow/.local/lib/python3.7/site-packages/airflow/example_dags/example_nested_branch_dag.py
[2024-01-30T18:51:06.686+0000] {processor.py:756} INFO - Processing file /home/airflow/.local/lib/python3.7/site-packages/airflow/example_dags/example_nested_branch_dag.py for tasks to queue
[2024-01-30T18:51:06.688+0000] {logging_mixin.py:120} INFO - [2024-01-30T18:51:06.687+0000] {dagbag.py:537} INFO - Filling up the DagBag from /home/airflow/.local/lib/python3.7/site-packages/airflow/example_dags/example_nested_branch_dag.py
[2024-01-30T18:51:06.728+0000] {processor.py:766} INFO - DAG(s) dict_keys(['example_nested_branch_dag']) retrieved from /home/airflow/.local/lib/python3.7/site-packages/airflow/example_dags/example_nested_branch_dag.py
[2024-01-30T18:51:06.814+0000] {logging_mixin.py:120} INFO - [2024-01-30T18:51:06.814+0000] {dag.py:2585} INFO - Sync 1 DAGs
[2024-01-30T18:51:06.863+0000] {logging_mixin.py:120} INFO - [2024-01-30T18:51:06.863+0000] {dag.py:3340} INFO - Setting next_dagrun for example_nested_branch_dag to 2024-01-29T00:00:00+00:00, run_after=2024-01-30T00:00:00+00:00
[2024-01-30T18:51:06.894+0000] {processor.py:176} INFO - Processing /home/airflow/.local/lib/python3.7/site-packages/airflow/example_dags/example_nested_branch_dag.py took 0.218 seconds
[2024-01-30T18:51:37.213+0000] {processor.py:154} INFO - Started process (PID=374) to work on /home/airflow/.local/lib/python3.7/site-packages/airflow/example_dags/example_nested_branch_dag.py
[2024-01-30T18:51:37.218+0000] {processor.py:756} INFO - Processing file /home/airflow/.local/lib/python3.7/site-packages/airflow/example_dags/example_nested_branch_dag.py for tasks to queue
[2024-01-30T18:51:37.229+0000] {logging_mixin.py:120} INFO - [2024-01-30T18:51:37.228+0000] {dagbag.py:537} INFO - Filling up the DagBag from /home/airflow/.local/lib/python3.7/site-packages/airflow/example_dags/example_nested_branch_dag.py
[2024-01-30T18:51:37.288+0000] {processor.py:766} INFO - DAG(s) dict_keys(['example_nested_branch_dag']) retrieved from /home/airflow/.local/lib/python3.7/site-packages/airflow/example_dags/example_nested_branch_dag.py
[2024-01-30T18:51:37.389+0000] {logging_mixin.py:120} INFO - [2024-01-30T18:51:37.389+0000] {dag.py:2585} INFO - Sync 1 DAGs
[2024-01-30T18:51:37.437+0000] {logging_mixin.py:120} INFO - [2024-01-30T18:51:37.437+0000] {dag.py:3340} INFO - Setting next_dagrun for example_nested_branch_dag to 2024-01-29T00:00:00+00:00, run_after=2024-01-30T00:00:00+00:00
[2024-01-30T18:51:37.487+0000] {processor.py:176} INFO - Processing /home/airflow/.local/lib/python3.7/site-packages/airflow/example_dags/example_nested_branch_dag.py took 0.283 seconds
[2024-01-30T18:52:07.857+0000] {processor.py:154} INFO - Started process (PID=439) to work on /home/airflow/.local/lib/python3.7/site-packages/airflow/example_dags/example_nested_branch_dag.py
[2024-01-30T18:52:07.859+0000] {processor.py:756} INFO - Processing file /home/airflow/.local/lib/python3.7/site-packages/airflow/example_dags/example_nested_branch_dag.py for tasks to queue
[2024-01-30T18:52:07.861+0000] {logging_mixin.py:120} INFO - [2024-01-30T18:52:07.860+0000] {dagbag.py:537} INFO - Filling up the DagBag from /home/airflow/.local/lib/python3.7/site-packages/airflow/example_dags/example_nested_branch_dag.py
[2024-01-30T18:52:07.920+0000] {processor.py:766} INFO - DAG(s) dict_keys(['example_nested_branch_dag']) retrieved from /home/airflow/.local/lib/python3.7/site-packages/airflow/example_dags/example_nested_branch_dag.py
[2024-01-30T18:52:07.988+0000] {logging_mixin.py:120} INFO - [2024-01-30T18:52:07.987+0000] {dag.py:2585} INFO - Sync 1 DAGs
[2024-01-30T18:52:08.021+0000] {logging_mixin.py:120} INFO - [2024-01-30T18:52:08.021+0000] {dag.py:3340} INFO - Setting next_dagrun for example_nested_branch_dag to 2024-01-29T00:00:00+00:00, run_after=2024-01-30T00:00:00+00:00
[2024-01-30T18:52:08.086+0000] {processor.py:176} INFO - Processing /home/airflow/.local/lib/python3.7/site-packages/airflow/example_dags/example_nested_branch_dag.py took 0.240 seconds
[2024-01-30T18:52:38.144+0000] {processor.py:154} INFO - Started process (PID=496) to work on /home/airflow/.local/lib/python3.7/site-packages/airflow/example_dags/example_nested_branch_dag.py
[2024-01-30T18:52:38.145+0000] {processor.py:756} INFO - Processing file /home/airflow/.local/lib/python3.7/site-packages/airflow/example_dags/example_nested_branch_dag.py for tasks to queue
[2024-01-30T18:52:38.147+0000] {logging_mixin.py:120} INFO - [2024-01-30T18:52:38.146+0000] {dagbag.py:537} INFO - Filling up the DagBag from /home/airflow/.local/lib/python3.7/site-packages/airflow/example_dags/example_nested_branch_dag.py
[2024-01-30T18:52:38.182+0000] {processor.py:766} INFO - DAG(s) dict_keys(['example_nested_branch_dag']) retrieved from /home/airflow/.local/lib/python3.7/site-packages/airflow/example_dags/example_nested_branch_dag.py
[2024-01-30T18:52:38.235+0000] {logging_mixin.py:120} INFO - [2024-01-30T18:52:38.235+0000] {dag.py:2585} INFO - Sync 1 DAGs
[2024-01-30T18:52:38.269+0000] {logging_mixin.py:120} INFO - [2024-01-30T18:52:38.269+0000] {dag.py:3340} INFO - Setting next_dagrun for example_nested_branch_dag to 2024-01-29T00:00:00+00:00, run_after=2024-01-30T00:00:00+00:00
[2024-01-30T18:52:38.293+0000] {processor.py:176} INFO - Processing /home/airflow/.local/lib/python3.7/site-packages/airflow/example_dags/example_nested_branch_dag.py took 0.156 seconds
[2024-01-30T18:53:08.457+0000] {processor.py:154} INFO - Started process (PID=560) to work on /home/airflow/.local/lib/python3.7/site-packages/airflow/example_dags/example_nested_branch_dag.py
[2024-01-30T18:53:08.463+0000] {processor.py:756} INFO - Processing file /home/airflow/.local/lib/python3.7/site-packages/airflow/example_dags/example_nested_branch_dag.py for tasks to queue
[2024-01-30T18:53:08.465+0000] {logging_mixin.py:120} INFO - [2024-01-30T18:53:08.465+0000] {dagbag.py:537} INFO - Filling up the DagBag from /home/airflow/.local/lib/python3.7/site-packages/airflow/example_dags/example_nested_branch_dag.py
[2024-01-30T18:53:08.532+0000] {processor.py:766} INFO - DAG(s) dict_keys(['example_nested_branch_dag']) retrieved from /home/airflow/.local/lib/python3.7/site-packages/airflow/example_dags/example_nested_branch_dag.py
[2024-01-30T18:53:08.611+0000] {logging_mixin.py:120} INFO - [2024-01-30T18:53:08.610+0000] {dag.py:2585} INFO - Sync 1 DAGs
[2024-01-30T18:53:08.654+0000] {logging_mixin.py:120} INFO - [2024-01-30T18:53:08.654+0000] {dag.py:3340} INFO - Setting next_dagrun for example_nested_branch_dag to 2024-01-29T00:00:00+00:00, run_after=2024-01-30T00:00:00+00:00
[2024-01-30T18:53:08.682+0000] {processor.py:176} INFO - Processing /home/airflow/.local/lib/python3.7/site-packages/airflow/example_dags/example_nested_branch_dag.py took 0.237 seconds
[2024-01-30T18:53:38.826+0000] {processor.py:154} INFO - Started process (PID=625) to work on /home/airflow/.local/lib/python3.7/site-packages/airflow/example_dags/example_nested_branch_dag.py
[2024-01-30T18:53:38.828+0000] {processor.py:756} INFO - Processing file /home/airflow/.local/lib/python3.7/site-packages/airflow/example_dags/example_nested_branch_dag.py for tasks to queue
[2024-01-30T18:53:38.830+0000] {logging_mixin.py:120} INFO - [2024-01-30T18:53:38.830+0000] {dagbag.py:537} INFO - Filling up the DagBag from /home/airflow/.local/lib/python3.7/site-packages/airflow/example_dags/example_nested_branch_dag.py
[2024-01-30T18:53:38.894+0000] {processor.py:766} INFO - DAG(s) dict_keys(['example_nested_branch_dag']) retrieved from /home/airflow/.local/lib/python3.7/site-packages/airflow/example_dags/example_nested_branch_dag.py
[2024-01-30T18:53:38.995+0000] {logging_mixin.py:120} INFO - [2024-01-30T18:53:38.995+0000] {dag.py:2585} INFO - Sync 1 DAGs
[2024-01-30T18:53:39.048+0000] {logging_mixin.py:120} INFO - [2024-01-30T18:53:39.048+0000] {dag.py:3340} INFO - Setting next_dagrun for example_nested_branch_dag to 2024-01-29T00:00:00+00:00, run_after=2024-01-30T00:00:00+00:00
[2024-01-30T18:53:39.088+0000] {processor.py:176} INFO - Processing /home/airflow/.local/lib/python3.7/site-packages/airflow/example_dags/example_nested_branch_dag.py took 0.270 seconds
[2024-01-30T18:54:09.550+0000] {processor.py:154} INFO - Started process (PID=689) to work on /home/airflow/.local/lib/python3.7/site-packages/airflow/example_dags/example_nested_branch_dag.py
[2024-01-30T18:54:09.552+0000] {processor.py:756} INFO - Processing file /home/airflow/.local/lib/python3.7/site-packages/airflow/example_dags/example_nested_branch_dag.py for tasks to queue
[2024-01-30T18:54:09.554+0000] {logging_mixin.py:120} INFO - [2024-01-30T18:54:09.553+0000] {dagbag.py:537} INFO - Filling up the DagBag from /home/airflow/.local/lib/python3.7/site-packages/airflow/example_dags/example_nested_branch_dag.py
[2024-01-30T18:54:09.596+0000] {processor.py:766} INFO - DAG(s) dict_keys(['example_nested_branch_dag']) retrieved from /home/airflow/.local/lib/python3.7/site-packages/airflow/example_dags/example_nested_branch_dag.py
[2024-01-30T18:54:09.668+0000] {logging_mixin.py:120} INFO - [2024-01-30T18:54:09.667+0000] {dag.py:2585} INFO - Sync 1 DAGs
[2024-01-30T18:54:09.716+0000] {logging_mixin.py:120} INFO - [2024-01-30T18:54:09.716+0000] {dag.py:3340} INFO - Setting next_dagrun for example_nested_branch_dag to 2024-01-29T00:00:00+00:00, run_after=2024-01-30T00:00:00+00:00
[2024-01-30T18:54:09.755+0000] {processor.py:176} INFO - Processing /home/airflow/.local/lib/python3.7/site-packages/airflow/example_dags/example_nested_branch_dag.py took 0.211 seconds
[2024-01-30T18:54:39.869+0000] {processor.py:154} INFO - Started process (PID=753) to work on /home/airflow/.local/lib/python3.7/site-packages/airflow/example_dags/example_nested_branch_dag.py
[2024-01-30T18:54:39.871+0000] {processor.py:756} INFO - Processing file /home/airflow/.local/lib/python3.7/site-packages/airflow/example_dags/example_nested_branch_dag.py for tasks to queue
[2024-01-30T18:54:39.872+0000] {logging_mixin.py:120} INFO - [2024-01-30T18:54:39.872+0000] {dagbag.py:537} INFO - Filling up the DagBag from /home/airflow/.local/lib/python3.7/site-packages/airflow/example_dags/example_nested_branch_dag.py
[2024-01-30T18:54:39.902+0000] {processor.py:766} INFO - DAG(s) dict_keys(['example_nested_branch_dag']) retrieved from /home/airflow/.local/lib/python3.7/site-packages/airflow/example_dags/example_nested_branch_dag.py
[2024-01-30T18:54:39.958+0000] {logging_mixin.py:120} INFO - [2024-01-30T18:54:39.958+0000] {dag.py:2585} INFO - Sync 1 DAGs
[2024-01-30T18:54:39.991+0000] {logging_mixin.py:120} INFO - [2024-01-30T18:54:39.991+0000] {dag.py:3340} INFO - Setting next_dagrun for example_nested_branch_dag to 2024-01-29T00:00:00+00:00, run_after=2024-01-30T00:00:00+00:00
[2024-01-30T18:54:40.099+0000] {processor.py:176} INFO - Processing /home/airflow/.local/lib/python3.7/site-packages/airflow/example_dags/example_nested_branch_dag.py took 0.234 seconds
[2024-01-30T18:55:10.950+0000] {processor.py:154} INFO - Started process (PID=808) to work on /home/airflow/.local/lib/python3.7/site-packages/airflow/example_dags/example_nested_branch_dag.py
[2024-01-30T18:55:10.953+0000] {processor.py:756} INFO - Processing file /home/airflow/.local/lib/python3.7/site-packages/airflow/example_dags/example_nested_branch_dag.py for tasks to queue
[2024-01-30T18:55:10.955+0000] {logging_mixin.py:120} INFO - [2024-01-30T18:55:10.954+0000] {dagbag.py:537} INFO - Filling up the DagBag from /home/airflow/.local/lib/python3.7/site-packages/airflow/example_dags/example_nested_branch_dag.py
[2024-01-30T18:55:10.999+0000] {processor.py:766} INFO - DAG(s) dict_keys(['example_nested_branch_dag']) retrieved from /home/airflow/.local/lib/python3.7/site-packages/airflow/example_dags/example_nested_branch_dag.py
[2024-01-30T18:55:11.054+0000] {logging_mixin.py:120} INFO - [2024-01-30T18:55:11.054+0000] {dag.py:2585} INFO - Sync 1 DAGs
[2024-01-30T18:55:11.092+0000] {logging_mixin.py:120} INFO - [2024-01-30T18:55:11.092+0000] {dag.py:3340} INFO - Setting next_dagrun for example_nested_branch_dag to 2024-01-29T00:00:00+00:00, run_after=2024-01-30T00:00:00+00:00
[2024-01-30T18:55:11.120+0000] {processor.py:176} INFO - Processing /home/airflow/.local/lib/python3.7/site-packages/airflow/example_dags/example_nested_branch_dag.py took 0.174 seconds
[2024-01-30T18:55:41.553+0000] {processor.py:154} INFO - Started process (PID=871) to work on /home/airflow/.local/lib/python3.7/site-packages/airflow/example_dags/example_nested_branch_dag.py
[2024-01-30T18:55:41.555+0000] {processor.py:756} INFO - Processing file /home/airflow/.local/lib/python3.7/site-packages/airflow/example_dags/example_nested_branch_dag.py for tasks to queue
[2024-01-30T18:55:41.556+0000] {logging_mixin.py:120} INFO - [2024-01-30T18:55:41.556+0000] {dagbag.py:537} INFO - Filling up the DagBag from /home/airflow/.local/lib/python3.7/site-packages/airflow/example_dags/example_nested_branch_dag.py
[2024-01-30T18:55:41.591+0000] {processor.py:766} INFO - DAG(s) dict_keys(['example_nested_branch_dag']) retrieved from /home/airflow/.local/lib/python3.7/site-packages/airflow/example_dags/example_nested_branch_dag.py
[2024-01-30T18:55:41.646+0000] {logging_mixin.py:120} INFO - [2024-01-30T18:55:41.646+0000] {dag.py:2585} INFO - Sync 1 DAGs
[2024-01-30T18:55:41.681+0000] {logging_mixin.py:120} INFO - [2024-01-30T18:55:41.681+0000] {dag.py:3340} INFO - Setting next_dagrun for example_nested_branch_dag to 2024-01-29T00:00:00+00:00, run_after=2024-01-30T00:00:00+00:00
[2024-01-30T18:55:41.711+0000] {processor.py:176} INFO - Processing /home/airflow/.local/lib/python3.7/site-packages/airflow/example_dags/example_nested_branch_dag.py took 0.162 seconds
[2024-01-30T18:56:11.873+0000] {processor.py:154} INFO - Started process (PID=932) to work on /home/airflow/.local/lib/python3.7/site-packages/airflow/example_dags/example_nested_branch_dag.py
[2024-01-30T18:56:11.876+0000] {processor.py:756} INFO - Processing file /home/airflow/.local/lib/python3.7/site-packages/airflow/example_dags/example_nested_branch_dag.py for tasks to queue
[2024-01-30T18:56:11.878+0000] {logging_mixin.py:120} INFO - [2024-01-30T18:56:11.877+0000] {dagbag.py:537} INFO - Filling up the DagBag from /home/airflow/.local/lib/python3.7/site-packages/airflow/example_dags/example_nested_branch_dag.py
[2024-01-30T18:56:11.920+0000] {processor.py:766} INFO - DAG(s) dict_keys(['example_nested_branch_dag']) retrieved from /home/airflow/.local/lib/python3.7/site-packages/airflow/example_dags/example_nested_branch_dag.py
[2024-01-30T18:56:11.986+0000] {logging_mixin.py:120} INFO - [2024-01-30T18:56:11.986+0000] {dag.py:2585} INFO - Sync 1 DAGs
[2024-01-30T18:56:12.024+0000] {logging_mixin.py:120} INFO - [2024-01-30T18:56:12.024+0000] {dag.py:3340} INFO - Setting next_dagrun for example_nested_branch_dag to 2024-01-29T00:00:00+00:00, run_after=2024-01-30T00:00:00+00:00
[2024-01-30T18:56:12.053+0000] {processor.py:176} INFO - Processing /home/airflow/.local/lib/python3.7/site-packages/airflow/example_dags/example_nested_branch_dag.py took 0.186 seconds
[2024-01-30T18:56:42.193+0000] {processor.py:154} INFO - Started process (PID=988) to work on /home/airflow/.local/lib/python3.7/site-packages/airflow/example_dags/example_nested_branch_dag.py
[2024-01-30T18:56:42.212+0000] {processor.py:756} INFO - Processing file /home/airflow/.local/lib/python3.7/site-packages/airflow/example_dags/example_nested_branch_dag.py for tasks to queue
[2024-01-30T18:56:42.230+0000] {logging_mixin.py:120} INFO - [2024-01-30T18:56:42.230+0000] {dagbag.py:537} INFO - Filling up the DagBag from /home/airflow/.local/lib/python3.7/site-packages/airflow/example_dags/example_nested_branch_dag.py
[2024-01-30T18:56:42.309+0000] {processor.py:766} INFO - DAG(s) dict_keys(['example_nested_branch_dag']) retrieved from /home/airflow/.local/lib/python3.7/site-packages/airflow/example_dags/example_nested_branch_dag.py
[2024-01-30T18:56:42.407+0000] {logging_mixin.py:120} INFO - [2024-01-30T18:56:42.406+0000] {dag.py:2585} INFO - Sync 1 DAGs
[2024-01-30T18:56:42.471+0000] {logging_mixin.py:120} INFO - [2024-01-30T18:56:42.470+0000] {dag.py:3340} INFO - Setting next_dagrun for example_nested_branch_dag to 2024-01-29T00:00:00+00:00, run_after=2024-01-30T00:00:00+00:00
[2024-01-30T18:56:42.518+0000] {processor.py:176} INFO - Processing /home/airflow/.local/lib/python3.7/site-packages/airflow/example_dags/example_nested_branch_dag.py took 0.356 seconds
[2024-01-30T18:57:12.787+0000] {processor.py:154} INFO - Started process (PID=1052) to work on /home/airflow/.local/lib/python3.7/site-packages/airflow/example_dags/example_nested_branch_dag.py
[2024-01-30T18:57:12.788+0000] {processor.py:756} INFO - Processing file /home/airflow/.local/lib/python3.7/site-packages/airflow/example_dags/example_nested_branch_dag.py for tasks to queue
[2024-01-30T18:57:12.790+0000] {logging_mixin.py:120} INFO - [2024-01-30T18:57:12.790+0000] {dagbag.py:537} INFO - Filling up the DagBag from /home/airflow/.local/lib/python3.7/site-packages/airflow/example_dags/example_nested_branch_dag.py
[2024-01-30T18:57:12.833+0000] {processor.py:766} INFO - DAG(s) dict_keys(['example_nested_branch_dag']) retrieved from /home/airflow/.local/lib/python3.7/site-packages/airflow/example_dags/example_nested_branch_dag.py
[2024-01-30T18:57:12.898+0000] {logging_mixin.py:120} INFO - [2024-01-30T18:57:12.898+0000] {dag.py:2585} INFO - Sync 1 DAGs
[2024-01-30T18:57:12.936+0000] {logging_mixin.py:120} INFO - [2024-01-30T18:57:12.935+0000] {dag.py:3340} INFO - Setting next_dagrun for example_nested_branch_dag to 2024-01-29T00:00:00+00:00, run_after=2024-01-30T00:00:00+00:00
[2024-01-30T18:57:12.963+0000] {processor.py:176} INFO - Processing /home/airflow/.local/lib/python3.7/site-packages/airflow/example_dags/example_nested_branch_dag.py took 0.183 seconds
[2024-01-30T18:57:43.036+0000] {processor.py:154} INFO - Started process (PID=1107) to work on /home/airflow/.local/lib/python3.7/site-packages/airflow/example_dags/example_nested_branch_dag.py
[2024-01-30T18:57:43.037+0000] {processor.py:756} INFO - Processing file /home/airflow/.local/lib/python3.7/site-packages/airflow/example_dags/example_nested_branch_dag.py for tasks to queue
[2024-01-30T18:57:43.039+0000] {logging_mixin.py:120} INFO - [2024-01-30T18:57:43.039+0000] {dagbag.py:537} INFO - Filling up the DagBag from /home/airflow/.local/lib/python3.7/site-packages/airflow/example_dags/example_nested_branch_dag.py
[2024-01-30T18:57:43.083+0000] {processor.py:766} INFO - DAG(s) dict_keys(['example_nested_branch_dag']) retrieved from /home/airflow/.local/lib/python3.7/site-packages/airflow/example_dags/example_nested_branch_dag.py
[2024-01-30T18:57:43.142+0000] {logging_mixin.py:120} INFO - [2024-01-30T18:57:43.141+0000] {dag.py:2585} INFO - Sync 1 DAGs
[2024-01-30T18:57:43.174+0000] {logging_mixin.py:120} INFO - [2024-01-30T18:57:43.174+0000] {dag.py:3340} INFO - Setting next_dagrun for example_nested_branch_dag to 2024-01-29T00:00:00+00:00, run_after=2024-01-30T00:00:00+00:00
[2024-01-30T18:57:43.198+0000] {processor.py:176} INFO - Processing /home/airflow/.local/lib/python3.7/site-packages/airflow/example_dags/example_nested_branch_dag.py took 0.168 seconds
[2024-01-30T18:58:13.683+0000] {processor.py:154} INFO - Started process (PID=1171) to work on /home/airflow/.local/lib/python3.7/site-packages/airflow/example_dags/example_nested_branch_dag.py
[2024-01-30T18:58:13.690+0000] {processor.py:756} INFO - Processing file /home/airflow/.local/lib/python3.7/site-packages/airflow/example_dags/example_nested_branch_dag.py for tasks to queue
[2024-01-30T18:58:13.695+0000] {logging_mixin.py:120} INFO - [2024-01-30T18:58:13.694+0000] {dagbag.py:537} INFO - Filling up the DagBag from /home/airflow/.local/lib/python3.7/site-packages/airflow/example_dags/example_nested_branch_dag.py
[2024-01-30T18:58:13.797+0000] {processor.py:766} INFO - DAG(s) dict_keys(['example_nested_branch_dag']) retrieved from /home/airflow/.local/lib/python3.7/site-packages/airflow/example_dags/example_nested_branch_dag.py
[2024-01-30T18:58:13.934+0000] {logging_mixin.py:120} INFO - [2024-01-30T18:58:13.934+0000] {dag.py:2585} INFO - Sync 1 DAGs
[2024-01-30T18:58:13.979+0000] {logging_mixin.py:120} INFO - [2024-01-30T18:58:13.979+0000] {dag.py:3340} INFO - Setting next_dagrun for example_nested_branch_dag to 2024-01-29T00:00:00+00:00, run_after=2024-01-30T00:00:00+00:00
[2024-01-30T18:58:14.009+0000] {processor.py:176} INFO - Processing /home/airflow/.local/lib/python3.7/site-packages/airflow/example_dags/example_nested_branch_dag.py took 0.344 seconds
[2024-01-30T18:58:44.149+0000] {processor.py:154} INFO - Started process (PID=1235) to work on /home/airflow/.local/lib/python3.7/site-packages/airflow/example_dags/example_nested_branch_dag.py
[2024-01-30T18:58:44.151+0000] {processor.py:756} INFO - Processing file /home/airflow/.local/lib/python3.7/site-packages/airflow/example_dags/example_nested_branch_dag.py for tasks to queue
[2024-01-30T18:58:44.153+0000] {logging_mixin.py:120} INFO - [2024-01-30T18:58:44.153+0000] {dagbag.py:537} INFO - Filling up the DagBag from /home/airflow/.local/lib/python3.7/site-packages/airflow/example_dags/example_nested_branch_dag.py
[2024-01-30T18:58:44.212+0000] {processor.py:766} INFO - DAG(s) dict_keys(['example_nested_branch_dag']) retrieved from /home/airflow/.local/lib/python3.7/site-packages/airflow/example_dags/example_nested_branch_dag.py
[2024-01-30T18:58:44.299+0000] {logging_mixin.py:120} INFO - [2024-01-30T18:58:44.298+0000] {dag.py:2585} INFO - Sync 1 DAGs
[2024-01-30T18:58:44.348+0000] {logging_mixin.py:120} INFO - [2024-01-30T18:58:44.348+0000] {dag.py:3340} INFO - Setting next_dagrun for example_nested_branch_dag to 2024-01-29T00:00:00+00:00, run_after=2024-01-30T00:00:00+00:00
[2024-01-30T18:58:44.381+0000] {processor.py:176} INFO - Processing /home/airflow/.local/lib/python3.7/site-packages/airflow/example_dags/example_nested_branch_dag.py took 0.243 seconds
[2024-01-30T18:59:14.871+0000] {processor.py:154} INFO - Started process (PID=1289) to work on /home/airflow/.local/lib/python3.7/site-packages/airflow/example_dags/example_nested_branch_dag.py
[2024-01-30T18:59:14.873+0000] {processor.py:756} INFO - Processing file /home/airflow/.local/lib/python3.7/site-packages/airflow/example_dags/example_nested_branch_dag.py for tasks to queue
[2024-01-30T18:59:14.875+0000] {logging_mixin.py:120} INFO - [2024-01-30T18:59:14.874+0000] {dagbag.py:537} INFO - Filling up the DagBag from /home/airflow/.local/lib/python3.7/site-packages/airflow/example_dags/example_nested_branch_dag.py
[2024-01-30T18:59:14.938+0000] {processor.py:766} INFO - DAG(s) dict_keys(['example_nested_branch_dag']) retrieved from /home/airflow/.local/lib/python3.7/site-packages/airflow/example_dags/example_nested_branch_dag.py
[2024-01-30T18:59:15.018+0000] {logging_mixin.py:120} INFO - [2024-01-30T18:59:15.017+0000] {dag.py:2585} INFO - Sync 1 DAGs
[2024-01-30T18:59:15.070+0000] {logging_mixin.py:120} INFO - [2024-01-30T18:59:15.070+0000] {dag.py:3340} INFO - Setting next_dagrun for example_nested_branch_dag to 2024-01-29T00:00:00+00:00, run_after=2024-01-30T00:00:00+00:00
[2024-01-30T18:59:15.124+0000] {processor.py:176} INFO - Processing /home/airflow/.local/lib/python3.7/site-packages/airflow/example_dags/example_nested_branch_dag.py took 0.258 seconds
[2024-01-30T18:59:45.539+0000] {processor.py:154} INFO - Started process (PID=1354) to work on /home/airflow/.local/lib/python3.7/site-packages/airflow/example_dags/example_nested_branch_dag.py
[2024-01-30T18:59:45.542+0000] {processor.py:756} INFO - Processing file /home/airflow/.local/lib/python3.7/site-packages/airflow/example_dags/example_nested_branch_dag.py for tasks to queue
[2024-01-30T18:59:45.544+0000] {logging_mixin.py:120} INFO - [2024-01-30T18:59:45.544+0000] {dagbag.py:537} INFO - Filling up the DagBag from /home/airflow/.local/lib/python3.7/site-packages/airflow/example_dags/example_nested_branch_dag.py
[2024-01-30T18:59:45.607+0000] {processor.py:766} INFO - DAG(s) dict_keys(['example_nested_branch_dag']) retrieved from /home/airflow/.local/lib/python3.7/site-packages/airflow/example_dags/example_nested_branch_dag.py
[2024-01-30T18:59:45.693+0000] {logging_mixin.py:120} INFO - [2024-01-30T18:59:45.692+0000] {dag.py:2585} INFO - Sync 1 DAGs
[2024-01-30T18:59:45.757+0000] {logging_mixin.py:120} INFO - [2024-01-30T18:59:45.757+0000] {dag.py:3340} INFO - Setting next_dagrun for example_nested_branch_dag to 2024-01-29T00:00:00+00:00, run_after=2024-01-30T00:00:00+00:00
[2024-01-30T18:59:45.802+0000] {processor.py:176} INFO - Processing /home/airflow/.local/lib/python3.7/site-packages/airflow/example_dags/example_nested_branch_dag.py took 0.271 seconds
[2024-01-30T19:00:16.508+0000] {processor.py:154} INFO - Started process (PID=1409) to work on /home/airflow/.local/lib/python3.7/site-packages/airflow/example_dags/example_nested_branch_dag.py
[2024-01-30T19:00:16.510+0000] {processor.py:756} INFO - Processing file /home/airflow/.local/lib/python3.7/site-packages/airflow/example_dags/example_nested_branch_dag.py for tasks to queue
[2024-01-30T19:00:16.512+0000] {logging_mixin.py:120} INFO - [2024-01-30T19:00:16.512+0000] {dagbag.py:537} INFO - Filling up the DagBag from /home/airflow/.local/lib/python3.7/site-packages/airflow/example_dags/example_nested_branch_dag.py
[2024-01-30T19:00:16.563+0000] {processor.py:766} INFO - DAG(s) dict_keys(['example_nested_branch_dag']) retrieved from /home/airflow/.local/lib/python3.7/site-packages/airflow/example_dags/example_nested_branch_dag.py
[2024-01-30T19:00:16.644+0000] {logging_mixin.py:120} INFO - [2024-01-30T19:00:16.643+0000] {dag.py:2585} INFO - Sync 1 DAGs
[2024-01-30T19:00:16.693+0000] {logging_mixin.py:120} INFO - [2024-01-30T19:00:16.693+0000] {dag.py:3340} INFO - Setting next_dagrun for example_nested_branch_dag to 2024-01-29T00:00:00+00:00, run_after=2024-01-30T00:00:00+00:00
[2024-01-30T19:00:16.730+0000] {processor.py:176} INFO - Processing /home/airflow/.local/lib/python3.7/site-packages/airflow/example_dags/example_nested_branch_dag.py took 0.229 seconds
[2024-01-30T19:00:46.824+0000] {processor.py:154} INFO - Started process (PID=1473) to work on /home/airflow/.local/lib/python3.7/site-packages/airflow/example_dags/example_nested_branch_dag.py
[2024-01-30T19:00:46.826+0000] {processor.py:756} INFO - Processing file /home/airflow/.local/lib/python3.7/site-packages/airflow/example_dags/example_nested_branch_dag.py for tasks to queue
[2024-01-30T19:00:46.829+0000] {logging_mixin.py:120} INFO - [2024-01-30T19:00:46.828+0000] {dagbag.py:537} INFO - Filling up the DagBag from /home/airflow/.local/lib/python3.7/site-packages/airflow/example_dags/example_nested_branch_dag.py
[2024-01-30T19:00:46.873+0000] {processor.py:766} INFO - DAG(s) dict_keys(['example_nested_branch_dag']) retrieved from /home/airflow/.local/lib/python3.7/site-packages/airflow/example_dags/example_nested_branch_dag.py
[2024-01-30T19:00:46.929+0000] {logging_mixin.py:120} INFO - [2024-01-30T19:00:46.929+0000] {dag.py:2585} INFO - Sync 1 DAGs
[2024-01-30T19:00:46.966+0000] {logging_mixin.py:120} INFO - [2024-01-30T19:00:46.966+0000] {dag.py:3340} INFO - Setting next_dagrun for example_nested_branch_dag to 2024-01-29T00:00:00+00:00, run_after=2024-01-30T00:00:00+00:00
[2024-01-30T19:00:46.998+0000] {processor.py:176} INFO - Processing /home/airflow/.local/lib/python3.7/site-packages/airflow/example_dags/example_nested_branch_dag.py took 0.180 seconds
[2024-01-30T19:01:17.201+0000] {processor.py:154} INFO - Started process (PID=1539) to work on /home/airflow/.local/lib/python3.7/site-packages/airflow/example_dags/example_nested_branch_dag.py
[2024-01-30T19:01:17.203+0000] {processor.py:756} INFO - Processing file /home/airflow/.local/lib/python3.7/site-packages/airflow/example_dags/example_nested_branch_dag.py for tasks to queue
[2024-01-30T19:01:17.204+0000] {logging_mixin.py:120} INFO - [2024-01-30T19:01:17.204+0000] {dagbag.py:537} INFO - Filling up the DagBag from /home/airflow/.local/lib/python3.7/site-packages/airflow/example_dags/example_nested_branch_dag.py
[2024-01-30T19:01:17.260+0000] {processor.py:766} INFO - DAG(s) dict_keys(['example_nested_branch_dag']) retrieved from /home/airflow/.local/lib/python3.7/site-packages/airflow/example_dags/example_nested_branch_dag.py
[2024-01-30T19:01:17.320+0000] {logging_mixin.py:120} INFO - [2024-01-30T19:01:17.320+0000] {dag.py:2585} INFO - Sync 1 DAGs
[2024-01-30T19:01:17.356+0000] {logging_mixin.py:120} INFO - [2024-01-30T19:01:17.355+0000] {dag.py:3340} INFO - Setting next_dagrun for example_nested_branch_dag to 2024-01-29T00:00:00+00:00, run_after=2024-01-30T00:00:00+00:00
[2024-01-30T19:01:17.381+0000] {processor.py:176} INFO - Processing /home/airflow/.local/lib/python3.7/site-packages/airflow/example_dags/example_nested_branch_dag.py took 0.184 seconds
[2024-01-30T19:01:48.236+0000] {processor.py:154} INFO - Started process (PID=1594) to work on /home/airflow/.local/lib/python3.7/site-packages/airflow/example_dags/example_nested_branch_dag.py
[2024-01-30T19:01:48.237+0000] {processor.py:756} INFO - Processing file /home/airflow/.local/lib/python3.7/site-packages/airflow/example_dags/example_nested_branch_dag.py for tasks to queue
[2024-01-30T19:01:48.238+0000] {logging_mixin.py:120} INFO - [2024-01-30T19:01:48.238+0000] {dagbag.py:537} INFO - Filling up the DagBag from /home/airflow/.local/lib/python3.7/site-packages/airflow/example_dags/example_nested_branch_dag.py
[2024-01-30T19:01:48.274+0000] {processor.py:766} INFO - DAG(s) dict_keys(['example_nested_branch_dag']) retrieved from /home/airflow/.local/lib/python3.7/site-packages/airflow/example_dags/example_nested_branch_dag.py
[2024-01-30T19:01:48.324+0000] {logging_mixin.py:120} INFO - [2024-01-30T19:01:48.324+0000] {dag.py:2585} INFO - Sync 1 DAGs
[2024-01-30T19:01:48.359+0000] {logging_mixin.py:120} INFO - [2024-01-30T19:01:48.359+0000] {dag.py:3340} INFO - Setting next_dagrun for example_nested_branch_dag to 2024-01-29T00:00:00+00:00, run_after=2024-01-30T00:00:00+00:00
[2024-01-30T19:01:48.385+0000] {processor.py:176} INFO - Processing /home/airflow/.local/lib/python3.7/site-packages/airflow/example_dags/example_nested_branch_dag.py took 0.153 seconds
[2024-01-30T19:02:18.836+0000] {processor.py:154} INFO - Started process (PID=1658) to work on /home/airflow/.local/lib/python3.7/site-packages/airflow/example_dags/example_nested_branch_dag.py
[2024-01-30T19:02:18.840+0000] {processor.py:756} INFO - Processing file /home/airflow/.local/lib/python3.7/site-packages/airflow/example_dags/example_nested_branch_dag.py for tasks to queue
[2024-01-30T19:02:18.843+0000] {logging_mixin.py:120} INFO - [2024-01-30T19:02:18.842+0000] {dagbag.py:537} INFO - Filling up the DagBag from /home/airflow/.local/lib/python3.7/site-packages/airflow/example_dags/example_nested_branch_dag.py
[2024-01-30T19:02:18.910+0000] {processor.py:766} INFO - DAG(s) dict_keys(['example_nested_branch_dag']) retrieved from /home/airflow/.local/lib/python3.7/site-packages/airflow/example_dags/example_nested_branch_dag.py
[2024-01-30T19:02:18.989+0000] {logging_mixin.py:120} INFO - [2024-01-30T19:02:18.989+0000] {dag.py:2585} INFO - Sync 1 DAGs
[2024-01-30T19:02:19.040+0000] {logging_mixin.py:120} INFO - [2024-01-30T19:02:19.039+0000] {dag.py:3340} INFO - Setting next_dagrun for example_nested_branch_dag to 2024-01-29T00:00:00+00:00, run_after=2024-01-30T00:00:00+00:00
[2024-01-30T19:02:19.075+0000] {processor.py:176} INFO - Processing /home/airflow/.local/lib/python3.7/site-packages/airflow/example_dags/example_nested_branch_dag.py took 0.253 seconds
[2024-01-30T19:02:49.395+0000] {processor.py:154} INFO - Started process (PID=1714) to work on /home/airflow/.local/lib/python3.7/site-packages/airflow/example_dags/example_nested_branch_dag.py
[2024-01-30T19:02:49.397+0000] {processor.py:756} INFO - Processing file /home/airflow/.local/lib/python3.7/site-packages/airflow/example_dags/example_nested_branch_dag.py for tasks to queue
[2024-01-30T19:02:49.399+0000] {logging_mixin.py:120} INFO - [2024-01-30T19:02:49.399+0000] {dagbag.py:537} INFO - Filling up the DagBag from /home/airflow/.local/lib/python3.7/site-packages/airflow/example_dags/example_nested_branch_dag.py
[2024-01-30T19:02:49.439+0000] {processor.py:766} INFO - DAG(s) dict_keys(['example_nested_branch_dag']) retrieved from /home/airflow/.local/lib/python3.7/site-packages/airflow/example_dags/example_nested_branch_dag.py
[2024-01-30T19:02:49.509+0000] {logging_mixin.py:120} INFO - [2024-01-30T19:02:49.508+0000] {dag.py:2585} INFO - Sync 1 DAGs
[2024-01-30T19:02:49.550+0000] {logging_mixin.py:120} INFO - [2024-01-30T19:02:49.549+0000] {dag.py:3340} INFO - Setting next_dagrun for example_nested_branch_dag to 2024-01-29T00:00:00+00:00, run_after=2024-01-30T00:00:00+00:00
[2024-01-30T19:02:49.580+0000] {processor.py:176} INFO - Processing /home/airflow/.local/lib/python3.7/site-packages/airflow/example_dags/example_nested_branch_dag.py took 0.191 seconds
[2024-01-30T19:03:19.891+0000] {processor.py:154} INFO - Started process (PID=1778) to work on /home/airflow/.local/lib/python3.7/site-packages/airflow/example_dags/example_nested_branch_dag.py
[2024-01-30T19:03:19.892+0000] {processor.py:756} INFO - Processing file /home/airflow/.local/lib/python3.7/site-packages/airflow/example_dags/example_nested_branch_dag.py for tasks to queue
[2024-01-30T19:03:19.893+0000] {logging_mixin.py:120} INFO - [2024-01-30T19:03:19.893+0000] {dagbag.py:537} INFO - Filling up the DagBag from /home/airflow/.local/lib/python3.7/site-packages/airflow/example_dags/example_nested_branch_dag.py
[2024-01-30T19:03:19.923+0000] {processor.py:766} INFO - DAG(s) dict_keys(['example_nested_branch_dag']) retrieved from /home/airflow/.local/lib/python3.7/site-packages/airflow/example_dags/example_nested_branch_dag.py
[2024-01-30T19:03:19.973+0000] {logging_mixin.py:120} INFO - [2024-01-30T19:03:19.973+0000] {dag.py:2585} INFO - Sync 1 DAGs
[2024-01-30T19:03:20.007+0000] {logging_mixin.py:120} INFO - [2024-01-30T19:03:20.007+0000] {dag.py:3340} INFO - Setting next_dagrun for example_nested_branch_dag to 2024-01-29T00:00:00+00:00, run_after=2024-01-30T00:00:00+00:00
[2024-01-30T19:03:20.032+0000] {processor.py:176} INFO - Processing /home/airflow/.local/lib/python3.7/site-packages/airflow/example_dags/example_nested_branch_dag.py took 0.146 seconds
[2024-01-30T19:03:50.415+0000] {processor.py:154} INFO - Started process (PID=1842) to work on /home/airflow/.local/lib/python3.7/site-packages/airflow/example_dags/example_nested_branch_dag.py
[2024-01-30T19:03:50.416+0000] {processor.py:756} INFO - Processing file /home/airflow/.local/lib/python3.7/site-packages/airflow/example_dags/example_nested_branch_dag.py for tasks to queue
[2024-01-30T19:03:50.417+0000] {logging_mixin.py:120} INFO - [2024-01-30T19:03:50.417+0000] {dagbag.py:537} INFO - Filling up the DagBag from /home/airflow/.local/lib/python3.7/site-packages/airflow/example_dags/example_nested_branch_dag.py
[2024-01-30T19:03:50.452+0000] {processor.py:766} INFO - DAG(s) dict_keys(['example_nested_branch_dag']) retrieved from /home/airflow/.local/lib/python3.7/site-packages/airflow/example_dags/example_nested_branch_dag.py
[2024-01-30T19:03:50.508+0000] {logging_mixin.py:120} INFO - [2024-01-30T19:03:50.507+0000] {dag.py:2585} INFO - Sync 1 DAGs
[2024-01-30T19:03:50.552+0000] {logging_mixin.py:120} INFO - [2024-01-30T19:03:50.552+0000] {dag.py:3340} INFO - Setting next_dagrun for example_nested_branch_dag to 2024-01-29T00:00:00+00:00, run_after=2024-01-30T00:00:00+00:00
[2024-01-30T19:03:50.605+0000] {processor.py:176} INFO - Processing /home/airflow/.local/lib/python3.7/site-packages/airflow/example_dags/example_nested_branch_dag.py took 0.195 seconds
[2024-01-30T19:04:21.232+0000] {processor.py:154} INFO - Started process (PID=1896) to work on /home/airflow/.local/lib/python3.7/site-packages/airflow/example_dags/example_nested_branch_dag.py
[2024-01-30T19:04:21.234+0000] {processor.py:756} INFO - Processing file /home/airflow/.local/lib/python3.7/site-packages/airflow/example_dags/example_nested_branch_dag.py for tasks to queue
[2024-01-30T19:04:21.235+0000] {logging_mixin.py:120} INFO - [2024-01-30T19:04:21.235+0000] {dagbag.py:537} INFO - Filling up the DagBag from /home/airflow/.local/lib/python3.7/site-packages/airflow/example_dags/example_nested_branch_dag.py
[2024-01-30T19:04:21.267+0000] {processor.py:766} INFO - DAG(s) dict_keys(['example_nested_branch_dag']) retrieved from /home/airflow/.local/lib/python3.7/site-packages/airflow/example_dags/example_nested_branch_dag.py
[2024-01-30T19:04:21.317+0000] {logging_mixin.py:120} INFO - [2024-01-30T19:04:21.316+0000] {dag.py:2585} INFO - Sync 1 DAGs
[2024-01-30T19:04:21.349+0000] {logging_mixin.py:120} INFO - [2024-01-30T19:04:21.349+0000] {dag.py:3340} INFO - Setting next_dagrun for example_nested_branch_dag to 2024-01-29T00:00:00+00:00, run_after=2024-01-30T00:00:00+00:00
[2024-01-30T19:04:21.374+0000] {processor.py:176} INFO - Processing /home/airflow/.local/lib/python3.7/site-packages/airflow/example_dags/example_nested_branch_dag.py took 0.147 seconds
[2024-01-30T19:04:51.730+0000] {processor.py:154} INFO - Started process (PID=1960) to work on /home/airflow/.local/lib/python3.7/site-packages/airflow/example_dags/example_nested_branch_dag.py
[2024-01-30T19:04:51.731+0000] {processor.py:756} INFO - Processing file /home/airflow/.local/lib/python3.7/site-packages/airflow/example_dags/example_nested_branch_dag.py for tasks to queue
[2024-01-30T19:04:51.732+0000] {logging_mixin.py:120} INFO - [2024-01-30T19:04:51.732+0000] {dagbag.py:537} INFO - Filling up the DagBag from /home/airflow/.local/lib/python3.7/site-packages/airflow/example_dags/example_nested_branch_dag.py
[2024-01-30T19:04:51.764+0000] {processor.py:766} INFO - DAG(s) dict_keys(['example_nested_branch_dag']) retrieved from /home/airflow/.local/lib/python3.7/site-packages/airflow/example_dags/example_nested_branch_dag.py
[2024-01-30T19:04:51.820+0000] {logging_mixin.py:120} INFO - [2024-01-30T19:04:51.820+0000] {dag.py:2585} INFO - Sync 1 DAGs
[2024-01-30T19:04:51.855+0000] {logging_mixin.py:120} INFO - [2024-01-30T19:04:51.855+0000] {dag.py:3340} INFO - Setting next_dagrun for example_nested_branch_dag to 2024-01-29T00:00:00+00:00, run_after=2024-01-30T00:00:00+00:00
[2024-01-30T19:04:51.882+0000] {processor.py:176} INFO - Processing /home/airflow/.local/lib/python3.7/site-packages/airflow/example_dags/example_nested_branch_dag.py took 0.157 seconds
[2024-01-30T19:05:22.044+0000] {processor.py:154} INFO - Started process (PID=2024) to work on /home/airflow/.local/lib/python3.7/site-packages/airflow/example_dags/example_nested_branch_dag.py
[2024-01-30T19:05:22.045+0000] {processor.py:756} INFO - Processing file /home/airflow/.local/lib/python3.7/site-packages/airflow/example_dags/example_nested_branch_dag.py for tasks to queue
[2024-01-30T19:05:22.046+0000] {logging_mixin.py:120} INFO - [2024-01-30T19:05:22.046+0000] {dagbag.py:537} INFO - Filling up the DagBag from /home/airflow/.local/lib/python3.7/site-packages/airflow/example_dags/example_nested_branch_dag.py
[2024-01-30T19:05:22.079+0000] {processor.py:766} INFO - DAG(s) dict_keys(['example_nested_branch_dag']) retrieved from /home/airflow/.local/lib/python3.7/site-packages/airflow/example_dags/example_nested_branch_dag.py
[2024-01-30T19:05:22.132+0000] {logging_mixin.py:120} INFO - [2024-01-30T19:05:22.132+0000] {dag.py:2585} INFO - Sync 1 DAGs
[2024-01-30T19:05:22.166+0000] {logging_mixin.py:120} INFO - [2024-01-30T19:05:22.166+0000] {dag.py:3340} INFO - Setting next_dagrun for example_nested_branch_dag to 2024-01-29T00:00:00+00:00, run_after=2024-01-30T00:00:00+00:00
[2024-01-30T19:05:22.192+0000] {processor.py:176} INFO - Processing /home/airflow/.local/lib/python3.7/site-packages/airflow/example_dags/example_nested_branch_dag.py took 0.153 seconds
[2024-01-30T19:05:52.364+0000] {processor.py:154} INFO - Started process (PID=2080) to work on /home/airflow/.local/lib/python3.7/site-packages/airflow/example_dags/example_nested_branch_dag.py
[2024-01-30T19:05:52.373+0000] {processor.py:756} INFO - Processing file /home/airflow/.local/lib/python3.7/site-packages/airflow/example_dags/example_nested_branch_dag.py for tasks to queue
[2024-01-30T19:05:52.374+0000] {logging_mixin.py:120} INFO - [2024-01-30T19:05:52.374+0000] {dagbag.py:537} INFO - Filling up the DagBag from /home/airflow/.local/lib/python3.7/site-packages/airflow/example_dags/example_nested_branch_dag.py
[2024-01-30T19:05:52.422+0000] {processor.py:766} INFO - DAG(s) dict_keys(['example_nested_branch_dag']) retrieved from /home/airflow/.local/lib/python3.7/site-packages/airflow/example_dags/example_nested_branch_dag.py
[2024-01-30T19:05:52.474+0000] {logging_mixin.py:120} INFO - [2024-01-30T19:05:52.473+0000] {dag.py:2585} INFO - Sync 1 DAGs
[2024-01-30T19:05:52.507+0000] {logging_mixin.py:120} INFO - [2024-01-30T19:05:52.506+0000] {dag.py:3340} INFO - Setting next_dagrun for example_nested_branch_dag to 2024-01-29T00:00:00+00:00, run_after=2024-01-30T00:00:00+00:00
[2024-01-30T19:05:52.531+0000] {processor.py:176} INFO - Processing /home/airflow/.local/lib/python3.7/site-packages/airflow/example_dags/example_nested_branch_dag.py took 0.173 seconds
[2024-01-30T19:06:23.002+0000] {processor.py:154} INFO - Started process (PID=2145) to work on /home/airflow/.local/lib/python3.7/site-packages/airflow/example_dags/example_nested_branch_dag.py
[2024-01-30T19:06:23.004+0000] {processor.py:756} INFO - Processing file /home/airflow/.local/lib/python3.7/site-packages/airflow/example_dags/example_nested_branch_dag.py for tasks to queue
[2024-01-30T19:06:23.007+0000] {logging_mixin.py:120} INFO - [2024-01-30T19:06:23.007+0000] {dagbag.py:537} INFO - Filling up the DagBag from /home/airflow/.local/lib/python3.7/site-packages/airflow/example_dags/example_nested_branch_dag.py
[2024-01-30T19:06:23.050+0000] {processor.py:766} INFO - DAG(s) dict_keys(['example_nested_branch_dag']) retrieved from /home/airflow/.local/lib/python3.7/site-packages/airflow/example_dags/example_nested_branch_dag.py
[2024-01-30T19:06:23.114+0000] {logging_mixin.py:120} INFO - [2024-01-30T19:06:23.114+0000] {dag.py:2585} INFO - Sync 1 DAGs
[2024-01-30T19:06:23.150+0000] {logging_mixin.py:120} INFO - [2024-01-30T19:06:23.150+0000] {dag.py:3340} INFO - Setting next_dagrun for example_nested_branch_dag to 2024-01-29T00:00:00+00:00, run_after=2024-01-30T00:00:00+00:00
[2024-01-30T19:06:23.178+0000] {processor.py:176} INFO - Processing /home/airflow/.local/lib/python3.7/site-packages/airflow/example_dags/example_nested_branch_dag.py took 0.182 seconds
[2024-01-30T19:06:53.799+0000] {processor.py:154} INFO - Started process (PID=2200) to work on /home/airflow/.local/lib/python3.7/site-packages/airflow/example_dags/example_nested_branch_dag.py
[2024-01-30T19:06:53.801+0000] {processor.py:756} INFO - Processing file /home/airflow/.local/lib/python3.7/site-packages/airflow/example_dags/example_nested_branch_dag.py for tasks to queue
[2024-01-30T19:06:53.802+0000] {logging_mixin.py:120} INFO - [2024-01-30T19:06:53.802+0000] {dagbag.py:537} INFO - Filling up the DagBag from /home/airflow/.local/lib/python3.7/site-packages/airflow/example_dags/example_nested_branch_dag.py
[2024-01-30T19:06:53.857+0000] {processor.py:766} INFO - DAG(s) dict_keys(['example_nested_branch_dag']) retrieved from /home/airflow/.local/lib/python3.7/site-packages/airflow/example_dags/example_nested_branch_dag.py
[2024-01-30T19:06:53.956+0000] {logging_mixin.py:120} INFO - [2024-01-30T19:06:53.956+0000] {dag.py:2585} INFO - Sync 1 DAGs
[2024-01-30T19:06:54.004+0000] {logging_mixin.py:120} INFO - [2024-01-30T19:06:54.003+0000] {dag.py:3340} INFO - Setting next_dagrun for example_nested_branch_dag to 2024-01-29T00:00:00+00:00, run_after=2024-01-30T00:00:00+00:00
[2024-01-30T19:06:54.041+0000] {processor.py:176} INFO - Processing /home/airflow/.local/lib/python3.7/site-packages/airflow/example_dags/example_nested_branch_dag.py took 0.247 seconds
[2024-01-30T19:07:24.998+0000] {processor.py:154} INFO - Started process (PID=2264) to work on /home/airflow/.local/lib/python3.7/site-packages/airflow/example_dags/example_nested_branch_dag.py
[2024-01-30T19:07:24.999+0000] {processor.py:756} INFO - Processing file /home/airflow/.local/lib/python3.7/site-packages/airflow/example_dags/example_nested_branch_dag.py for tasks to queue
[2024-01-30T19:07:25.001+0000] {logging_mixin.py:120} INFO - [2024-01-30T19:07:25.001+0000] {dagbag.py:537} INFO - Filling up the DagBag from /home/airflow/.local/lib/python3.7/site-packages/airflow/example_dags/example_nested_branch_dag.py
[2024-01-30T19:07:25.037+0000] {processor.py:766} INFO - DAG(s) dict_keys(['example_nested_branch_dag']) retrieved from /home/airflow/.local/lib/python3.7/site-packages/airflow/example_dags/example_nested_branch_dag.py
[2024-01-30T19:07:25.090+0000] {logging_mixin.py:120} INFO - [2024-01-30T19:07:25.090+0000] {dag.py:2585} INFO - Sync 1 DAGs
[2024-01-30T19:07:25.125+0000] {logging_mixin.py:120} INFO - [2024-01-30T19:07:25.124+0000] {dag.py:3340} INFO - Setting next_dagrun for example_nested_branch_dag to 2024-01-29T00:00:00+00:00, run_after=2024-01-30T00:00:00+00:00
[2024-01-30T19:07:25.149+0000] {processor.py:176} INFO - Processing /home/airflow/.local/lib/python3.7/site-packages/airflow/example_dags/example_nested_branch_dag.py took 0.156 seconds
[2024-01-30T19:07:55.202+0000] {processor.py:154} INFO - Started process (PID=2327) to work on /home/airflow/.local/lib/python3.7/site-packages/airflow/example_dags/example_nested_branch_dag.py
[2024-01-30T19:07:55.204+0000] {processor.py:756} INFO - Processing file /home/airflow/.local/lib/python3.7/site-packages/airflow/example_dags/example_nested_branch_dag.py for tasks to queue
[2024-01-30T19:07:55.205+0000] {logging_mixin.py:120} INFO - [2024-01-30T19:07:55.205+0000] {dagbag.py:537} INFO - Filling up the DagBag from /home/airflow/.local/lib/python3.7/site-packages/airflow/example_dags/example_nested_branch_dag.py
[2024-01-30T19:07:55.241+0000] {processor.py:766} INFO - DAG(s) dict_keys(['example_nested_branch_dag']) retrieved from /home/airflow/.local/lib/python3.7/site-packages/airflow/example_dags/example_nested_branch_dag.py
[2024-01-30T19:07:55.297+0000] {logging_mixin.py:120} INFO - [2024-01-30T19:07:55.297+0000] {dag.py:2585} INFO - Sync 1 DAGs
[2024-01-30T19:07:55.331+0000] {logging_mixin.py:120} INFO - [2024-01-30T19:07:55.331+0000] {dag.py:3340} INFO - Setting next_dagrun for example_nested_branch_dag to 2024-01-29T00:00:00+00:00, run_after=2024-01-30T00:00:00+00:00
[2024-01-30T19:07:55.362+0000] {processor.py:176} INFO - Processing /home/airflow/.local/lib/python3.7/site-packages/airflow/example_dags/example_nested_branch_dag.py took 0.166 seconds
[2024-01-30T19:08:25.666+0000] {processor.py:154} INFO - Started process (PID=2383) to work on /home/airflow/.local/lib/python3.7/site-packages/airflow/example_dags/example_nested_branch_dag.py
[2024-01-30T19:08:25.668+0000] {processor.py:756} INFO - Processing file /home/airflow/.local/lib/python3.7/site-packages/airflow/example_dags/example_nested_branch_dag.py for tasks to queue
[2024-01-30T19:08:25.670+0000] {logging_mixin.py:120} INFO - [2024-01-30T19:08:25.670+0000] {dagbag.py:537} INFO - Filling up the DagBag from /home/airflow/.local/lib/python3.7/site-packages/airflow/example_dags/example_nested_branch_dag.py
[2024-01-30T19:08:25.706+0000] {processor.py:766} INFO - DAG(s) dict_keys(['example_nested_branch_dag']) retrieved from /home/airflow/.local/lib/python3.7/site-packages/airflow/example_dags/example_nested_branch_dag.py
[2024-01-30T19:08:25.758+0000] {logging_mixin.py:120} INFO - [2024-01-30T19:08:25.758+0000] {dag.py:2585} INFO - Sync 1 DAGs
[2024-01-30T19:08:25.794+0000] {logging_mixin.py:120} INFO - [2024-01-30T19:08:25.794+0000] {dag.py:3340} INFO - Setting next_dagrun for example_nested_branch_dag to 2024-01-29T00:00:00+00:00, run_after=2024-01-30T00:00:00+00:00
[2024-01-30T19:08:25.821+0000] {processor.py:176} INFO - Processing /home/airflow/.local/lib/python3.7/site-packages/airflow/example_dags/example_nested_branch_dag.py took 0.162 seconds
[2024-01-30T19:08:56.309+0000] {processor.py:154} INFO - Started process (PID=2448) to work on /home/airflow/.local/lib/python3.7/site-packages/airflow/example_dags/example_nested_branch_dag.py
[2024-01-30T19:08:56.312+0000] {processor.py:756} INFO - Processing file /home/airflow/.local/lib/python3.7/site-packages/airflow/example_dags/example_nested_branch_dag.py for tasks to queue
[2024-01-30T19:08:56.313+0000] {logging_mixin.py:120} INFO - [2024-01-30T19:08:56.313+0000] {dagbag.py:537} INFO - Filling up the DagBag from /home/airflow/.local/lib/python3.7/site-packages/airflow/example_dags/example_nested_branch_dag.py
[2024-01-30T19:08:56.353+0000] {processor.py:766} INFO - DAG(s) dict_keys(['example_nested_branch_dag']) retrieved from /home/airflow/.local/lib/python3.7/site-packages/airflow/example_dags/example_nested_branch_dag.py
[2024-01-30T19:08:56.417+0000] {logging_mixin.py:120} INFO - [2024-01-30T19:08:56.417+0000] {dag.py:2585} INFO - Sync 1 DAGs
[2024-01-30T19:08:56.460+0000] {logging_mixin.py:120} INFO - [2024-01-30T19:08:56.460+0000] {dag.py:3340} INFO - Setting next_dagrun for example_nested_branch_dag to 2024-01-29T00:00:00+00:00, run_after=2024-01-30T00:00:00+00:00
[2024-01-30T19:08:56.490+0000] {processor.py:176} INFO - Processing /home/airflow/.local/lib/python3.7/site-packages/airflow/example_dags/example_nested_branch_dag.py took 0.190 seconds
[2024-01-30T19:09:27.765+0000] {processor.py:154} INFO - Started process (PID=2515) to work on /home/airflow/.local/lib/python3.7/site-packages/airflow/example_dags/example_nested_branch_dag.py
[2024-01-30T19:09:27.767+0000] {processor.py:756} INFO - Processing file /home/airflow/.local/lib/python3.7/site-packages/airflow/example_dags/example_nested_branch_dag.py for tasks to queue
[2024-01-30T19:09:27.768+0000] {logging_mixin.py:120} INFO - [2024-01-30T19:09:27.768+0000] {dagbag.py:537} INFO - Filling up the DagBag from /home/airflow/.local/lib/python3.7/site-packages/airflow/example_dags/example_nested_branch_dag.py
[2024-01-30T19:09:27.809+0000] {processor.py:766} INFO - DAG(s) dict_keys(['example_nested_branch_dag']) retrieved from /home/airflow/.local/lib/python3.7/site-packages/airflow/example_dags/example_nested_branch_dag.py
[2024-01-30T19:09:27.866+0000] {logging_mixin.py:120} INFO - [2024-01-30T19:09:27.866+0000] {dag.py:2585} INFO - Sync 1 DAGs
[2024-01-30T19:09:27.907+0000] {logging_mixin.py:120} INFO - [2024-01-30T19:09:27.907+0000] {dag.py:3340} INFO - Setting next_dagrun for example_nested_branch_dag to 2024-01-29T00:00:00+00:00, run_after=2024-01-30T00:00:00+00:00
[2024-01-30T19:09:27.931+0000] {processor.py:176} INFO - Processing /home/airflow/.local/lib/python3.7/site-packages/airflow/example_dags/example_nested_branch_dag.py took 0.171 seconds
[2024-01-30T19:09:58.527+0000] {processor.py:154} INFO - Started process (PID=2572) to work on /home/airflow/.local/lib/python3.7/site-packages/airflow/example_dags/example_nested_branch_dag.py
[2024-01-30T19:09:58.529+0000] {processor.py:756} INFO - Processing file /home/airflow/.local/lib/python3.7/site-packages/airflow/example_dags/example_nested_branch_dag.py for tasks to queue
[2024-01-30T19:09:58.530+0000] {logging_mixin.py:120} INFO - [2024-01-30T19:09:58.530+0000] {dagbag.py:537} INFO - Filling up the DagBag from /home/airflow/.local/lib/python3.7/site-packages/airflow/example_dags/example_nested_branch_dag.py
[2024-01-30T19:09:58.573+0000] {processor.py:766} INFO - DAG(s) dict_keys(['example_nested_branch_dag']) retrieved from /home/airflow/.local/lib/python3.7/site-packages/airflow/example_dags/example_nested_branch_dag.py
[2024-01-30T19:09:58.654+0000] {logging_mixin.py:120} INFO - [2024-01-30T19:09:58.653+0000] {dag.py:2585} INFO - Sync 1 DAGs
[2024-01-30T19:09:58.691+0000] {logging_mixin.py:120} INFO - [2024-01-30T19:09:58.691+0000] {dag.py:3340} INFO - Setting next_dagrun for example_nested_branch_dag to 2024-01-29T00:00:00+00:00, run_after=2024-01-30T00:00:00+00:00
[2024-01-30T19:09:58.720+0000] {processor.py:176} INFO - Processing /home/airflow/.local/lib/python3.7/site-packages/airflow/example_dags/example_nested_branch_dag.py took 0.198 seconds
[2024-01-30T19:10:28.876+0000] {processor.py:154} INFO - Started process (PID=2637) to work on /home/airflow/.local/lib/python3.7/site-packages/airflow/example_dags/example_nested_branch_dag.py
[2024-01-30T19:10:28.877+0000] {processor.py:756} INFO - Processing file /home/airflow/.local/lib/python3.7/site-packages/airflow/example_dags/example_nested_branch_dag.py for tasks to queue
[2024-01-30T19:10:28.879+0000] {logging_mixin.py:120} INFO - [2024-01-30T19:10:28.878+0000] {dagbag.py:537} INFO - Filling up the DagBag from /home/airflow/.local/lib/python3.7/site-packages/airflow/example_dags/example_nested_branch_dag.py
[2024-01-30T19:10:28.912+0000] {processor.py:766} INFO - DAG(s) dict_keys(['example_nested_branch_dag']) retrieved from /home/airflow/.local/lib/python3.7/site-packages/airflow/example_dags/example_nested_branch_dag.py
[2024-01-30T19:10:28.970+0000] {logging_mixin.py:120} INFO - [2024-01-30T19:10:28.970+0000] {dag.py:2585} INFO - Sync 1 DAGs
[2024-01-30T19:10:29.007+0000] {logging_mixin.py:120} INFO - [2024-01-30T19:10:29.006+0000] {dag.py:3340} INFO - Setting next_dagrun for example_nested_branch_dag to 2024-01-29T00:00:00+00:00, run_after=2024-01-30T00:00:00+00:00
[2024-01-30T19:10:29.033+0000] {processor.py:176} INFO - Processing /home/airflow/.local/lib/python3.7/site-packages/airflow/example_dags/example_nested_branch_dag.py took 0.163 seconds
[2024-01-30T19:10:59.498+0000] {processor.py:154} INFO - Started process (PID=2693) to work on /home/airflow/.local/lib/python3.7/site-packages/airflow/example_dags/example_nested_branch_dag.py
[2024-01-30T19:10:59.499+0000] {processor.py:756} INFO - Processing file /home/airflow/.local/lib/python3.7/site-packages/airflow/example_dags/example_nested_branch_dag.py for tasks to queue
[2024-01-30T19:10:59.502+0000] {logging_mixin.py:120} INFO - [2024-01-30T19:10:59.501+0000] {dagbag.py:537} INFO - Filling up the DagBag from /home/airflow/.local/lib/python3.7/site-packages/airflow/example_dags/example_nested_branch_dag.py
[2024-01-30T19:10:59.560+0000] {processor.py:766} INFO - DAG(s) dict_keys(['example_nested_branch_dag']) retrieved from /home/airflow/.local/lib/python3.7/site-packages/airflow/example_dags/example_nested_branch_dag.py
[2024-01-30T19:10:59.627+0000] {logging_mixin.py:120} INFO - [2024-01-30T19:10:59.626+0000] {dag.py:2585} INFO - Sync 1 DAGs
[2024-01-30T19:10:59.667+0000] {logging_mixin.py:120} INFO - [2024-01-30T19:10:59.667+0000] {dag.py:3340} INFO - Setting next_dagrun for example_nested_branch_dag to 2024-01-29T00:00:00+00:00, run_after=2024-01-30T00:00:00+00:00
[2024-01-30T19:10:59.695+0000] {processor.py:176} INFO - Processing /home/airflow/.local/lib/python3.7/site-packages/airflow/example_dags/example_nested_branch_dag.py took 0.203 seconds
[2024-01-30T19:11:29.939+0000] {processor.py:154} INFO - Started process (PID=2758) to work on /home/airflow/.local/lib/python3.7/site-packages/airflow/example_dags/example_nested_branch_dag.py
[2024-01-30T19:11:29.941+0000] {processor.py:756} INFO - Processing file /home/airflow/.local/lib/python3.7/site-packages/airflow/example_dags/example_nested_branch_dag.py for tasks to queue
[2024-01-30T19:11:29.942+0000] {logging_mixin.py:120} INFO - [2024-01-30T19:11:29.942+0000] {dagbag.py:537} INFO - Filling up the DagBag from /home/airflow/.local/lib/python3.7/site-packages/airflow/example_dags/example_nested_branch_dag.py
[2024-01-30T19:11:29.985+0000] {processor.py:766} INFO - DAG(s) dict_keys(['example_nested_branch_dag']) retrieved from /home/airflow/.local/lib/python3.7/site-packages/airflow/example_dags/example_nested_branch_dag.py
[2024-01-30T19:11:30.050+0000] {logging_mixin.py:120} INFO - [2024-01-30T19:11:30.050+0000] {dag.py:2585} INFO - Sync 1 DAGs
[2024-01-30T19:11:30.085+0000] {logging_mixin.py:120} INFO - [2024-01-30T19:11:30.085+0000] {dag.py:3340} INFO - Setting next_dagrun for example_nested_branch_dag to 2024-01-29T00:00:00+00:00, run_after=2024-01-30T00:00:00+00:00
[2024-01-30T19:11:30.111+0000] {processor.py:176} INFO - Processing /home/airflow/.local/lib/python3.7/site-packages/airflow/example_dags/example_nested_branch_dag.py took 0.178 seconds
[2024-01-30T19:12:00.376+0000] {processor.py:154} INFO - Started process (PID=2825) to work on /home/airflow/.local/lib/python3.7/site-packages/airflow/example_dags/example_nested_branch_dag.py
[2024-01-30T19:12:00.378+0000] {processor.py:756} INFO - Processing file /home/airflow/.local/lib/python3.7/site-packages/airflow/example_dags/example_nested_branch_dag.py for tasks to queue
[2024-01-30T19:12:00.379+0000] {logging_mixin.py:120} INFO - [2024-01-30T19:12:00.379+0000] {dagbag.py:537} INFO - Filling up the DagBag from /home/airflow/.local/lib/python3.7/site-packages/airflow/example_dags/example_nested_branch_dag.py
[2024-01-30T19:12:00.424+0000] {processor.py:766} INFO - DAG(s) dict_keys(['example_nested_branch_dag']) retrieved from /home/airflow/.local/lib/python3.7/site-packages/airflow/example_dags/example_nested_branch_dag.py
[2024-01-30T19:12:00.486+0000] {logging_mixin.py:120} INFO - [2024-01-30T19:12:00.485+0000] {dag.py:2585} INFO - Sync 1 DAGs
[2024-01-30T19:12:00.526+0000] {logging_mixin.py:120} INFO - [2024-01-30T19:12:00.525+0000] {dag.py:3340} INFO - Setting next_dagrun for example_nested_branch_dag to 2024-01-29T00:00:00+00:00, run_after=2024-01-30T00:00:00+00:00
[2024-01-30T19:12:00.554+0000] {processor.py:176} INFO - Processing /home/airflow/.local/lib/python3.7/site-packages/airflow/example_dags/example_nested_branch_dag.py took 0.185 seconds
[2024-01-30T19:12:31.014+0000] {processor.py:154} INFO - Started process (PID=2883) to work on /home/airflow/.local/lib/python3.7/site-packages/airflow/example_dags/example_nested_branch_dag.py
[2024-01-30T19:12:31.017+0000] {processor.py:756} INFO - Processing file /home/airflow/.local/lib/python3.7/site-packages/airflow/example_dags/example_nested_branch_dag.py for tasks to queue
[2024-01-30T19:12:31.019+0000] {logging_mixin.py:120} INFO - [2024-01-30T19:12:31.018+0000] {dagbag.py:537} INFO - Filling up the DagBag from /home/airflow/.local/lib/python3.7/site-packages/airflow/example_dags/example_nested_branch_dag.py
[2024-01-30T19:12:31.066+0000] {processor.py:766} INFO - DAG(s) dict_keys(['example_nested_branch_dag']) retrieved from /home/airflow/.local/lib/python3.7/site-packages/airflow/example_dags/example_nested_branch_dag.py
[2024-01-30T19:12:31.126+0000] {logging_mixin.py:120} INFO - [2024-01-30T19:12:31.126+0000] {dag.py:2585} INFO - Sync 1 DAGs
[2024-01-30T19:12:31.166+0000] {logging_mixin.py:120} INFO - [2024-01-30T19:12:31.166+0000] {dag.py:3340} INFO - Setting next_dagrun for example_nested_branch_dag to 2024-01-29T00:00:00+00:00, run_after=2024-01-30T00:00:00+00:00
[2024-01-30T19:12:31.193+0000] {processor.py:176} INFO - Processing /home/airflow/.local/lib/python3.7/site-packages/airflow/example_dags/example_nested_branch_dag.py took 0.186 seconds
[2024-01-30T19:13:01.359+0000] {processor.py:154} INFO - Started process (PID=2947) to work on /home/airflow/.local/lib/python3.7/site-packages/airflow/example_dags/example_nested_branch_dag.py
[2024-01-30T19:13:01.361+0000] {processor.py:756} INFO - Processing file /home/airflow/.local/lib/python3.7/site-packages/airflow/example_dags/example_nested_branch_dag.py for tasks to queue
[2024-01-30T19:13:01.363+0000] {logging_mixin.py:120} INFO - [2024-01-30T19:13:01.362+0000] {dagbag.py:537} INFO - Filling up the DagBag from /home/airflow/.local/lib/python3.7/site-packages/airflow/example_dags/example_nested_branch_dag.py
[2024-01-30T19:13:01.407+0000] {processor.py:766} INFO - DAG(s) dict_keys(['example_nested_branch_dag']) retrieved from /home/airflow/.local/lib/python3.7/site-packages/airflow/example_dags/example_nested_branch_dag.py
[2024-01-30T19:13:01.469+0000] {logging_mixin.py:120} INFO - [2024-01-30T19:13:01.469+0000] {dag.py:2585} INFO - Sync 1 DAGs
[2024-01-30T19:13:01.509+0000] {logging_mixin.py:120} INFO - [2024-01-30T19:13:01.509+0000] {dag.py:3340} INFO - Setting next_dagrun for example_nested_branch_dag to 2024-01-29T00:00:00+00:00, run_after=2024-01-30T00:00:00+00:00
[2024-01-30T19:13:01.538+0000] {processor.py:176} INFO - Processing /home/airflow/.local/lib/python3.7/site-packages/airflow/example_dags/example_nested_branch_dag.py took 0.184 seconds
[2024-01-30T19:13:32.322+0000] {processor.py:154} INFO - Started process (PID=3004) to work on /home/airflow/.local/lib/python3.7/site-packages/airflow/example_dags/example_nested_branch_dag.py
[2024-01-30T19:13:32.324+0000] {processor.py:756} INFO - Processing file /home/airflow/.local/lib/python3.7/site-packages/airflow/example_dags/example_nested_branch_dag.py for tasks to queue
[2024-01-30T19:13:32.325+0000] {logging_mixin.py:120} INFO - [2024-01-30T19:13:32.325+0000] {dagbag.py:537} INFO - Filling up the DagBag from /home/airflow/.local/lib/python3.7/site-packages/airflow/example_dags/example_nested_branch_dag.py
[2024-01-30T19:13:32.369+0000] {processor.py:766} INFO - DAG(s) dict_keys(['example_nested_branch_dag']) retrieved from /home/airflow/.local/lib/python3.7/site-packages/airflow/example_dags/example_nested_branch_dag.py
[2024-01-30T19:13:32.449+0000] {logging_mixin.py:120} INFO - [2024-01-30T19:13:32.448+0000] {dag.py:2585} INFO - Sync 1 DAGs
[2024-01-30T19:13:32.492+0000] {logging_mixin.py:120} INFO - [2024-01-30T19:13:32.492+0000] {dag.py:3340} INFO - Setting next_dagrun for example_nested_branch_dag to 2024-01-29T00:00:00+00:00, run_after=2024-01-30T00:00:00+00:00
[2024-01-30T19:13:32.520+0000] {processor.py:176} INFO - Processing /home/airflow/.local/lib/python3.7/site-packages/airflow/example_dags/example_nested_branch_dag.py took 0.204 seconds
[2024-01-30T19:14:02.661+0000] {processor.py:154} INFO - Started process (PID=3068) to work on /home/airflow/.local/lib/python3.7/site-packages/airflow/example_dags/example_nested_branch_dag.py
[2024-01-30T19:14:02.662+0000] {processor.py:756} INFO - Processing file /home/airflow/.local/lib/python3.7/site-packages/airflow/example_dags/example_nested_branch_dag.py for tasks to queue
[2024-01-30T19:14:02.664+0000] {logging_mixin.py:120} INFO - [2024-01-30T19:14:02.664+0000] {dagbag.py:537} INFO - Filling up the DagBag from /home/airflow/.local/lib/python3.7/site-packages/airflow/example_dags/example_nested_branch_dag.py
[2024-01-30T19:14:02.707+0000] {processor.py:766} INFO - DAG(s) dict_keys(['example_nested_branch_dag']) retrieved from /home/airflow/.local/lib/python3.7/site-packages/airflow/example_dags/example_nested_branch_dag.py
[2024-01-30T19:14:02.776+0000] {logging_mixin.py:120} INFO - [2024-01-30T19:14:02.776+0000] {dag.py:2585} INFO - Sync 1 DAGs
[2024-01-30T19:14:02.826+0000] {logging_mixin.py:120} INFO - [2024-01-30T19:14:02.826+0000] {dag.py:3340} INFO - Setting next_dagrun for example_nested_branch_dag to 2024-01-29T00:00:00+00:00, run_after=2024-01-30T00:00:00+00:00
[2024-01-30T19:14:02.866+0000] {processor.py:176} INFO - Processing /home/airflow/.local/lib/python3.7/site-packages/airflow/example_dags/example_nested_branch_dag.py took 0.210 seconds
[2024-01-30T19:14:33.151+0000] {processor.py:154} INFO - Started process (PID=3133) to work on /home/airflow/.local/lib/python3.7/site-packages/airflow/example_dags/example_nested_branch_dag.py
[2024-01-30T19:14:33.152+0000] {processor.py:756} INFO - Processing file /home/airflow/.local/lib/python3.7/site-packages/airflow/example_dags/example_nested_branch_dag.py for tasks to queue
[2024-01-30T19:14:33.153+0000] {logging_mixin.py:120} INFO - [2024-01-30T19:14:33.153+0000] {dagbag.py:537} INFO - Filling up the DagBag from /home/airflow/.local/lib/python3.7/site-packages/airflow/example_dags/example_nested_branch_dag.py
[2024-01-30T19:14:33.185+0000] {processor.py:766} INFO - DAG(s) dict_keys(['example_nested_branch_dag']) retrieved from /home/airflow/.local/lib/python3.7/site-packages/airflow/example_dags/example_nested_branch_dag.py
[2024-01-30T19:14:33.239+0000] {logging_mixin.py:120} INFO - [2024-01-30T19:14:33.239+0000] {dag.py:2585} INFO - Sync 1 DAGs
[2024-01-30T19:14:33.275+0000] {logging_mixin.py:120} INFO - [2024-01-30T19:14:33.274+0000] {dag.py:3340} INFO - Setting next_dagrun for example_nested_branch_dag to 2024-01-29T00:00:00+00:00, run_after=2024-01-30T00:00:00+00:00
[2024-01-30T19:14:33.301+0000] {processor.py:176} INFO - Processing /home/airflow/.local/lib/python3.7/site-packages/airflow/example_dags/example_nested_branch_dag.py took 0.155 seconds
[2024-01-30T19:15:03.395+0000] {processor.py:154} INFO - Started process (PID=3189) to work on /home/airflow/.local/lib/python3.7/site-packages/airflow/example_dags/example_nested_branch_dag.py
[2024-01-30T19:15:03.397+0000] {processor.py:756} INFO - Processing file /home/airflow/.local/lib/python3.7/site-packages/airflow/example_dags/example_nested_branch_dag.py for tasks to queue
[2024-01-30T19:15:03.398+0000] {logging_mixin.py:120} INFO - [2024-01-30T19:15:03.398+0000] {dagbag.py:537} INFO - Filling up the DagBag from /home/airflow/.local/lib/python3.7/site-packages/airflow/example_dags/example_nested_branch_dag.py
[2024-01-30T19:15:03.433+0000] {processor.py:766} INFO - DAG(s) dict_keys(['example_nested_branch_dag']) retrieved from /home/airflow/.local/lib/python3.7/site-packages/airflow/example_dags/example_nested_branch_dag.py
[2024-01-30T19:15:03.488+0000] {logging_mixin.py:120} INFO - [2024-01-30T19:15:03.488+0000] {dag.py:2585} INFO - Sync 1 DAGs
[2024-01-30T19:15:03.523+0000] {logging_mixin.py:120} INFO - [2024-01-30T19:15:03.523+0000] {dag.py:3340} INFO - Setting next_dagrun for example_nested_branch_dag to 2024-01-29T00:00:00+00:00, run_after=2024-01-30T00:00:00+00:00
[2024-01-30T19:15:03.548+0000] {processor.py:176} INFO - Processing /home/airflow/.local/lib/python3.7/site-packages/airflow/example_dags/example_nested_branch_dag.py took 0.159 seconds
[2024-01-30T19:15:34.380+0000] {processor.py:154} INFO - Started process (PID=3254) to work on /home/airflow/.local/lib/python3.7/site-packages/airflow/example_dags/example_nested_branch_dag.py
[2024-01-30T19:15:34.382+0000] {processor.py:756} INFO - Processing file /home/airflow/.local/lib/python3.7/site-packages/airflow/example_dags/example_nested_branch_dag.py for tasks to queue
[2024-01-30T19:15:34.383+0000] {logging_mixin.py:120} INFO - [2024-01-30T19:15:34.383+0000] {dagbag.py:537} INFO - Filling up the DagBag from /home/airflow/.local/lib/python3.7/site-packages/airflow/example_dags/example_nested_branch_dag.py
[2024-01-30T19:15:34.420+0000] {processor.py:766} INFO - DAG(s) dict_keys(['example_nested_branch_dag']) retrieved from /home/airflow/.local/lib/python3.7/site-packages/airflow/example_dags/example_nested_branch_dag.py
[2024-01-30T19:15:34.480+0000] {logging_mixin.py:120} INFO - [2024-01-30T19:15:34.480+0000] {dag.py:2585} INFO - Sync 1 DAGs
[2024-01-30T19:15:34.512+0000] {logging_mixin.py:120} INFO - [2024-01-30T19:15:34.512+0000] {dag.py:3340} INFO - Setting next_dagrun for example_nested_branch_dag to 2024-01-29T00:00:00+00:00, run_after=2024-01-30T00:00:00+00:00
[2024-01-30T19:15:34.535+0000] {processor.py:176} INFO - Processing /home/airflow/.local/lib/python3.7/site-packages/airflow/example_dags/example_nested_branch_dag.py took 0.162 seconds
[2024-01-30T19:16:04.640+0000] {processor.py:154} INFO - Started process (PID=3318) to work on /home/airflow/.local/lib/python3.7/site-packages/airflow/example_dags/example_nested_branch_dag.py
[2024-01-30T19:16:04.641+0000] {processor.py:756} INFO - Processing file /home/airflow/.local/lib/python3.7/site-packages/airflow/example_dags/example_nested_branch_dag.py for tasks to queue
[2024-01-30T19:16:04.642+0000] {logging_mixin.py:120} INFO - [2024-01-30T19:16:04.642+0000] {dagbag.py:537} INFO - Filling up the DagBag from /home/airflow/.local/lib/python3.7/site-packages/airflow/example_dags/example_nested_branch_dag.py
[2024-01-30T19:16:04.684+0000] {processor.py:766} INFO - DAG(s) dict_keys(['example_nested_branch_dag']) retrieved from /home/airflow/.local/lib/python3.7/site-packages/airflow/example_dags/example_nested_branch_dag.py
[2024-01-30T19:16:04.748+0000] {logging_mixin.py:120} INFO - [2024-01-30T19:16:04.748+0000] {dag.py:2585} INFO - Sync 1 DAGs
[2024-01-30T19:16:04.790+0000] {logging_mixin.py:120} INFO - [2024-01-30T19:16:04.790+0000] {dag.py:3340} INFO - Setting next_dagrun for example_nested_branch_dag to 2024-01-29T00:00:00+00:00, run_after=2024-01-30T00:00:00+00:00
[2024-01-30T19:16:04.821+0000] {processor.py:176} INFO - Processing /home/airflow/.local/lib/python3.7/site-packages/airflow/example_dags/example_nested_branch_dag.py took 0.187 seconds
[2024-01-30T19:16:35.002+0000] {processor.py:154} INFO - Started process (PID=3375) to work on /home/airflow/.local/lib/python3.7/site-packages/airflow/example_dags/example_nested_branch_dag.py
[2024-01-30T19:16:35.004+0000] {processor.py:756} INFO - Processing file /home/airflow/.local/lib/python3.7/site-packages/airflow/example_dags/example_nested_branch_dag.py for tasks to queue
[2024-01-30T19:16:35.005+0000] {logging_mixin.py:120} INFO - [2024-01-30T19:16:35.005+0000] {dagbag.py:537} INFO - Filling up the DagBag from /home/airflow/.local/lib/python3.7/site-packages/airflow/example_dags/example_nested_branch_dag.py
[2024-01-30T19:16:35.037+0000] {processor.py:766} INFO - DAG(s) dict_keys(['example_nested_branch_dag']) retrieved from /home/airflow/.local/lib/python3.7/site-packages/airflow/example_dags/example_nested_branch_dag.py
[2024-01-30T19:16:35.089+0000] {logging_mixin.py:120} INFO - [2024-01-30T19:16:35.089+0000] {dag.py:2585} INFO - Sync 1 DAGs
[2024-01-30T19:16:35.122+0000] {logging_mixin.py:120} INFO - [2024-01-30T19:16:35.121+0000] {dag.py:3340} INFO - Setting next_dagrun for example_nested_branch_dag to 2024-01-29T00:00:00+00:00, run_after=2024-01-30T00:00:00+00:00
[2024-01-30T19:16:35.145+0000] {processor.py:176} INFO - Processing /home/airflow/.local/lib/python3.7/site-packages/airflow/example_dags/example_nested_branch_dag.py took 0.147 seconds
[2024-01-30T19:17:05.519+0000] {processor.py:154} INFO - Started process (PID=3440) to work on /home/airflow/.local/lib/python3.7/site-packages/airflow/example_dags/example_nested_branch_dag.py
[2024-01-30T19:17:05.520+0000] {processor.py:756} INFO - Processing file /home/airflow/.local/lib/python3.7/site-packages/airflow/example_dags/example_nested_branch_dag.py for tasks to queue
[2024-01-30T19:17:05.521+0000] {logging_mixin.py:120} INFO - [2024-01-30T19:17:05.521+0000] {dagbag.py:537} INFO - Filling up the DagBag from /home/airflow/.local/lib/python3.7/site-packages/airflow/example_dags/example_nested_branch_dag.py
[2024-01-30T19:17:05.552+0000] {processor.py:766} INFO - DAG(s) dict_keys(['example_nested_branch_dag']) retrieved from /home/airflow/.local/lib/python3.7/site-packages/airflow/example_dags/example_nested_branch_dag.py
[2024-01-30T19:17:05.600+0000] {logging_mixin.py:120} INFO - [2024-01-30T19:17:05.600+0000] {dag.py:2585} INFO - Sync 1 DAGs
[2024-01-30T19:17:05.635+0000] {logging_mixin.py:120} INFO - [2024-01-30T19:17:05.635+0000] {dag.py:3340} INFO - Setting next_dagrun for example_nested_branch_dag to 2024-01-29T00:00:00+00:00, run_after=2024-01-30T00:00:00+00:00
[2024-01-30T19:17:05.658+0000] {processor.py:176} INFO - Processing /home/airflow/.local/lib/python3.7/site-packages/airflow/example_dags/example_nested_branch_dag.py took 0.143 seconds
[2024-01-30T19:17:36.066+0000] {processor.py:154} INFO - Started process (PID=3496) to work on /home/airflow/.local/lib/python3.7/site-packages/airflow/example_dags/example_nested_branch_dag.py
[2024-01-30T19:17:36.068+0000] {processor.py:756} INFO - Processing file /home/airflow/.local/lib/python3.7/site-packages/airflow/example_dags/example_nested_branch_dag.py for tasks to queue
[2024-01-30T19:17:36.069+0000] {logging_mixin.py:120} INFO - [2024-01-30T19:17:36.069+0000] {dagbag.py:537} INFO - Filling up the DagBag from /home/airflow/.local/lib/python3.7/site-packages/airflow/example_dags/example_nested_branch_dag.py
[2024-01-30T19:17:36.100+0000] {processor.py:766} INFO - DAG(s) dict_keys(['example_nested_branch_dag']) retrieved from /home/airflow/.local/lib/python3.7/site-packages/airflow/example_dags/example_nested_branch_dag.py
[2024-01-30T19:17:36.158+0000] {logging_mixin.py:120} INFO - [2024-01-30T19:17:36.158+0000] {dag.py:2585} INFO - Sync 1 DAGs
[2024-01-30T19:17:36.195+0000] {logging_mixin.py:120} INFO - [2024-01-30T19:17:36.195+0000] {dag.py:3340} INFO - Setting next_dagrun for example_nested_branch_dag to 2024-01-29T00:00:00+00:00, run_after=2024-01-30T00:00:00+00:00
[2024-01-30T19:17:36.219+0000] {processor.py:176} INFO - Processing /home/airflow/.local/lib/python3.7/site-packages/airflow/example_dags/example_nested_branch_dag.py took 0.158 seconds
[2024-01-30T19:18:06.747+0000] {processor.py:154} INFO - Started process (PID=3562) to work on /home/airflow/.local/lib/python3.7/site-packages/airflow/example_dags/example_nested_branch_dag.py
[2024-01-30T19:18:06.749+0000] {processor.py:756} INFO - Processing file /home/airflow/.local/lib/python3.7/site-packages/airflow/example_dags/example_nested_branch_dag.py for tasks to queue
[2024-01-30T19:18:06.750+0000] {logging_mixin.py:120} INFO - [2024-01-30T19:18:06.750+0000] {dagbag.py:537} INFO - Filling up the DagBag from /home/airflow/.local/lib/python3.7/site-packages/airflow/example_dags/example_nested_branch_dag.py
[2024-01-30T19:18:06.782+0000] {processor.py:766} INFO - DAG(s) dict_keys(['example_nested_branch_dag']) retrieved from /home/airflow/.local/lib/python3.7/site-packages/airflow/example_dags/example_nested_branch_dag.py
[2024-01-30T19:18:06.832+0000] {logging_mixin.py:120} INFO - [2024-01-30T19:18:06.832+0000] {dag.py:2585} INFO - Sync 1 DAGs
[2024-01-30T19:18:06.863+0000] {logging_mixin.py:120} INFO - [2024-01-30T19:18:06.863+0000] {dag.py:3340} INFO - Setting next_dagrun for example_nested_branch_dag to 2024-01-29T00:00:00+00:00, run_after=2024-01-30T00:00:00+00:00
[2024-01-30T19:18:06.886+0000] {processor.py:176} INFO - Processing /home/airflow/.local/lib/python3.7/site-packages/airflow/example_dags/example_nested_branch_dag.py took 0.146 seconds
[2024-01-30T19:18:37.918+0000] {processor.py:154} INFO - Started process (PID=3627) to work on /home/airflow/.local/lib/python3.7/site-packages/airflow/example_dags/example_nested_branch_dag.py
[2024-01-30T19:18:37.920+0000] {processor.py:756} INFO - Processing file /home/airflow/.local/lib/python3.7/site-packages/airflow/example_dags/example_nested_branch_dag.py for tasks to queue
[2024-01-30T19:18:37.922+0000] {logging_mixin.py:120} INFO - [2024-01-30T19:18:37.922+0000] {dagbag.py:537} INFO - Filling up the DagBag from /home/airflow/.local/lib/python3.7/site-packages/airflow/example_dags/example_nested_branch_dag.py
[2024-01-30T19:18:37.986+0000] {processor.py:766} INFO - DAG(s) dict_keys(['example_nested_branch_dag']) retrieved from /home/airflow/.local/lib/python3.7/site-packages/airflow/example_dags/example_nested_branch_dag.py
[2024-01-30T19:18:38.054+0000] {logging_mixin.py:120} INFO - [2024-01-30T19:18:38.053+0000] {dag.py:2585} INFO - Sync 1 DAGs
[2024-01-30T19:18:38.121+0000] {logging_mixin.py:120} INFO - [2024-01-30T19:18:38.120+0000] {dag.py:3340} INFO - Setting next_dagrun for example_nested_branch_dag to 2024-01-29T00:00:00+00:00, run_after=2024-01-30T00:00:00+00:00
[2024-01-30T19:18:38.226+0000] {processor.py:176} INFO - Processing /home/airflow/.local/lib/python3.7/site-packages/airflow/example_dags/example_nested_branch_dag.py took 0.313 seconds
[2024-01-30T19:19:08.425+0000] {processor.py:154} INFO - Started process (PID=3683) to work on /home/airflow/.local/lib/python3.7/site-packages/airflow/example_dags/example_nested_branch_dag.py
[2024-01-30T19:19:08.426+0000] {processor.py:756} INFO - Processing file /home/airflow/.local/lib/python3.7/site-packages/airflow/example_dags/example_nested_branch_dag.py for tasks to queue
[2024-01-30T19:19:08.428+0000] {logging_mixin.py:120} INFO - [2024-01-30T19:19:08.427+0000] {dagbag.py:537} INFO - Filling up the DagBag from /home/airflow/.local/lib/python3.7/site-packages/airflow/example_dags/example_nested_branch_dag.py
[2024-01-30T19:19:08.459+0000] {processor.py:766} INFO - DAG(s) dict_keys(['example_nested_branch_dag']) retrieved from /home/airflow/.local/lib/python3.7/site-packages/airflow/example_dags/example_nested_branch_dag.py
[2024-01-30T19:19:08.507+0000] {logging_mixin.py:120} INFO - [2024-01-30T19:19:08.507+0000] {dag.py:2585} INFO - Sync 1 DAGs
[2024-01-30T19:19:08.539+0000] {logging_mixin.py:120} INFO - [2024-01-30T19:19:08.539+0000] {dag.py:3340} INFO - Setting next_dagrun for example_nested_branch_dag to 2024-01-29T00:00:00+00:00, run_after=2024-01-30T00:00:00+00:00
[2024-01-30T19:19:08.562+0000] {processor.py:176} INFO - Processing /home/airflow/.local/lib/python3.7/site-packages/airflow/example_dags/example_nested_branch_dag.py took 0.141 seconds
[2024-01-30T19:19:38.693+0000] {processor.py:154} INFO - Started process (PID=3747) to work on /home/airflow/.local/lib/python3.7/site-packages/airflow/example_dags/example_nested_branch_dag.py
[2024-01-30T19:19:38.695+0000] {processor.py:756} INFO - Processing file /home/airflow/.local/lib/python3.7/site-packages/airflow/example_dags/example_nested_branch_dag.py for tasks to queue
[2024-01-30T19:19:38.696+0000] {logging_mixin.py:120} INFO - [2024-01-30T19:19:38.696+0000] {dagbag.py:537} INFO - Filling up the DagBag from /home/airflow/.local/lib/python3.7/site-packages/airflow/example_dags/example_nested_branch_dag.py
[2024-01-30T19:19:38.730+0000] {processor.py:766} INFO - DAG(s) dict_keys(['example_nested_branch_dag']) retrieved from /home/airflow/.local/lib/python3.7/site-packages/airflow/example_dags/example_nested_branch_dag.py
[2024-01-30T19:19:38.780+0000] {logging_mixin.py:120} INFO - [2024-01-30T19:19:38.780+0000] {dag.py:2585} INFO - Sync 1 DAGs
[2024-01-30T19:19:38.810+0000] {logging_mixin.py:120} INFO - [2024-01-30T19:19:38.810+0000] {dag.py:3340} INFO - Setting next_dagrun for example_nested_branch_dag to 2024-01-29T00:00:00+00:00, run_after=2024-01-30T00:00:00+00:00
[2024-01-30T19:19:38.833+0000] {processor.py:176} INFO - Processing /home/airflow/.local/lib/python3.7/site-packages/airflow/example_dags/example_nested_branch_dag.py took 0.145 seconds
[2024-01-30T19:20:09.159+0000] {processor.py:154} INFO - Started process (PID=3811) to work on /home/airflow/.local/lib/python3.7/site-packages/airflow/example_dags/example_nested_branch_dag.py
[2024-01-30T19:20:09.161+0000] {processor.py:756} INFO - Processing file /home/airflow/.local/lib/python3.7/site-packages/airflow/example_dags/example_nested_branch_dag.py for tasks to queue
[2024-01-30T19:20:09.162+0000] {logging_mixin.py:120} INFO - [2024-01-30T19:20:09.162+0000] {dagbag.py:537} INFO - Filling up the DagBag from /home/airflow/.local/lib/python3.7/site-packages/airflow/example_dags/example_nested_branch_dag.py
[2024-01-30T19:20:09.195+0000] {processor.py:766} INFO - DAG(s) dict_keys(['example_nested_branch_dag']) retrieved from /home/airflow/.local/lib/python3.7/site-packages/airflow/example_dags/example_nested_branch_dag.py
[2024-01-30T19:20:09.244+0000] {logging_mixin.py:120} INFO - [2024-01-30T19:20:09.244+0000] {dag.py:2585} INFO - Sync 1 DAGs
[2024-01-30T19:20:09.276+0000] {logging_mixin.py:120} INFO - [2024-01-30T19:20:09.276+0000] {dag.py:3340} INFO - Setting next_dagrun for example_nested_branch_dag to 2024-01-29T00:00:00+00:00, run_after=2024-01-30T00:00:00+00:00
[2024-01-30T19:20:09.308+0000] {processor.py:176} INFO - Processing /home/airflow/.local/lib/python3.7/site-packages/airflow/example_dags/example_nested_branch_dag.py took 0.153 seconds
[2024-01-30T19:20:39.621+0000] {processor.py:154} INFO - Started process (PID=3867) to work on /home/airflow/.local/lib/python3.7/site-packages/airflow/example_dags/example_nested_branch_dag.py
[2024-01-30T19:20:39.623+0000] {processor.py:756} INFO - Processing file /home/airflow/.local/lib/python3.7/site-packages/airflow/example_dags/example_nested_branch_dag.py for tasks to queue
[2024-01-30T19:20:39.625+0000] {logging_mixin.py:120} INFO - [2024-01-30T19:20:39.624+0000] {dagbag.py:537} INFO - Filling up the DagBag from /home/airflow/.local/lib/python3.7/site-packages/airflow/example_dags/example_nested_branch_dag.py
[2024-01-30T19:20:39.688+0000] {processor.py:766} INFO - DAG(s) dict_keys(['example_nested_branch_dag']) retrieved from /home/airflow/.local/lib/python3.7/site-packages/airflow/example_dags/example_nested_branch_dag.py
[2024-01-30T19:20:39.775+0000] {logging_mixin.py:120} INFO - [2024-01-30T19:20:39.775+0000] {dag.py:2585} INFO - Sync 1 DAGs
[2024-01-30T19:20:39.821+0000] {logging_mixin.py:120} INFO - [2024-01-30T19:20:39.821+0000] {dag.py:3340} INFO - Setting next_dagrun for example_nested_branch_dag to 2024-01-29T00:00:00+00:00, run_after=2024-01-30T00:00:00+00:00
[2024-01-30T19:20:39.850+0000] {processor.py:176} INFO - Processing /home/airflow/.local/lib/python3.7/site-packages/airflow/example_dags/example_nested_branch_dag.py took 0.237 seconds
[2024-01-30T19:21:10.661+0000] {processor.py:154} INFO - Started process (PID=3933) to work on /home/airflow/.local/lib/python3.7/site-packages/airflow/example_dags/example_nested_branch_dag.py
[2024-01-30T19:21:10.662+0000] {processor.py:756} INFO - Processing file /home/airflow/.local/lib/python3.7/site-packages/airflow/example_dags/example_nested_branch_dag.py for tasks to queue
[2024-01-30T19:21:10.663+0000] {logging_mixin.py:120} INFO - [2024-01-30T19:21:10.663+0000] {dagbag.py:537} INFO - Filling up the DagBag from /home/airflow/.local/lib/python3.7/site-packages/airflow/example_dags/example_nested_branch_dag.py
[2024-01-30T19:21:10.697+0000] {processor.py:766} INFO - DAG(s) dict_keys(['example_nested_branch_dag']) retrieved from /home/airflow/.local/lib/python3.7/site-packages/airflow/example_dags/example_nested_branch_dag.py
[2024-01-30T19:21:10.748+0000] {logging_mixin.py:120} INFO - [2024-01-30T19:21:10.748+0000] {dag.py:2585} INFO - Sync 1 DAGs
[2024-01-30T19:21:10.782+0000] {logging_mixin.py:120} INFO - [2024-01-30T19:21:10.781+0000] {dag.py:3340} INFO - Setting next_dagrun for example_nested_branch_dag to 2024-01-29T00:00:00+00:00, run_after=2024-01-30T00:00:00+00:00
[2024-01-30T19:21:10.807+0000] {processor.py:176} INFO - Processing /home/airflow/.local/lib/python3.7/site-packages/airflow/example_dags/example_nested_branch_dag.py took 0.151 seconds
[2024-01-30T19:21:41.682+0000] {processor.py:154} INFO - Started process (PID=3997) to work on /home/airflow/.local/lib/python3.7/site-packages/airflow/example_dags/example_nested_branch_dag.py
[2024-01-30T19:21:41.684+0000] {processor.py:756} INFO - Processing file /home/airflow/.local/lib/python3.7/site-packages/airflow/example_dags/example_nested_branch_dag.py for tasks to queue
[2024-01-30T19:21:41.685+0000] {logging_mixin.py:120} INFO - [2024-01-30T19:21:41.685+0000] {dagbag.py:537} INFO - Filling up the DagBag from /home/airflow/.local/lib/python3.7/site-packages/airflow/example_dags/example_nested_branch_dag.py
[2024-01-30T19:21:41.715+0000] {processor.py:766} INFO - DAG(s) dict_keys(['example_nested_branch_dag']) retrieved from /home/airflow/.local/lib/python3.7/site-packages/airflow/example_dags/example_nested_branch_dag.py
[2024-01-30T19:21:41.766+0000] {logging_mixin.py:120} INFO - [2024-01-30T19:21:41.766+0000] {dag.py:2585} INFO - Sync 1 DAGs
[2024-01-30T19:21:41.798+0000] {logging_mixin.py:120} INFO - [2024-01-30T19:21:41.798+0000] {dag.py:3340} INFO - Setting next_dagrun for example_nested_branch_dag to 2024-01-29T00:00:00+00:00, run_after=2024-01-30T00:00:00+00:00
[2024-01-30T19:21:41.823+0000] {processor.py:176} INFO - Processing /home/airflow/.local/lib/python3.7/site-packages/airflow/example_dags/example_nested_branch_dag.py took 0.146 seconds
