[2024-01-30T18:49:13.133+0000] {processor.py:154} INFO - Started process (PID=93) to work on /home/airflow/.local/lib/python3.7/site-packages/airflow/example_dags/example_local_kubernetes_executor.py
[2024-01-30T18:49:13.137+0000] {processor.py:756} INFO - Processing file /home/airflow/.local/lib/python3.7/site-packages/airflow/example_dags/example_local_kubernetes_executor.py for tasks to queue
[2024-01-30T18:49:13.138+0000] {logging_mixin.py:120} INFO - [2024-01-30T18:49:13.138+0000] {dagbag.py:537} INFO - Filling up the DagBag from /home/airflow/.local/lib/python3.7/site-packages/airflow/example_dags/example_local_kubernetes_executor.py
[2024-01-30T18:49:13.238+0000] {processor.py:766} INFO - DAG(s) dict_keys(['example_local_kubernetes_executor']) retrieved from /home/airflow/.local/lib/python3.7/site-packages/airflow/example_dags/example_local_kubernetes_executor.py
[2024-01-30T18:49:13.375+0000] {logging_mixin.py:120} INFO - [2024-01-30T18:49:13.375+0000] {dag.py:2585} INFO - Sync 1 DAGs
[2024-01-30T18:49:13.504+0000] {logging_mixin.py:120} INFO - [2024-01-30T18:49:13.504+0000] {dag.py:3340} INFO - Setting next_dagrun for example_local_kubernetes_executor to None, run_after=None
[2024-01-30T18:49:13.599+0000] {processor.py:176} INFO - Processing /home/airflow/.local/lib/python3.7/site-packages/airflow/example_dags/example_local_kubernetes_executor.py took 0.475 seconds
[2024-01-30T18:49:43.802+0000] {processor.py:154} INFO - Started process (PID=150) to work on /home/airflow/.local/lib/python3.7/site-packages/airflow/example_dags/example_local_kubernetes_executor.py
[2024-01-30T18:49:43.804+0000] {processor.py:756} INFO - Processing file /home/airflow/.local/lib/python3.7/site-packages/airflow/example_dags/example_local_kubernetes_executor.py for tasks to queue
[2024-01-30T18:49:43.805+0000] {logging_mixin.py:120} INFO - [2024-01-30T18:49:43.805+0000] {dagbag.py:537} INFO - Filling up the DagBag from /home/airflow/.local/lib/python3.7/site-packages/airflow/example_dags/example_local_kubernetes_executor.py
[2024-01-30T18:49:43.842+0000] {processor.py:766} INFO - DAG(s) dict_keys(['example_local_kubernetes_executor']) retrieved from /home/airflow/.local/lib/python3.7/site-packages/airflow/example_dags/example_local_kubernetes_executor.py
[2024-01-30T18:49:43.898+0000] {logging_mixin.py:120} INFO - [2024-01-30T18:49:43.898+0000] {dag.py:2585} INFO - Sync 1 DAGs
[2024-01-30T18:49:43.932+0000] {logging_mixin.py:120} INFO - [2024-01-30T18:49:43.931+0000] {dag.py:3340} INFO - Setting next_dagrun for example_local_kubernetes_executor to None, run_after=None
[2024-01-30T18:49:44.006+0000] {processor.py:176} INFO - Processing /home/airflow/.local/lib/python3.7/site-packages/airflow/example_dags/example_local_kubernetes_executor.py took 0.210 seconds
[2024-01-30T18:50:14.386+0000] {processor.py:154} INFO - Started process (PID=216) to work on /home/airflow/.local/lib/python3.7/site-packages/airflow/example_dags/example_local_kubernetes_executor.py
[2024-01-30T18:50:14.388+0000] {processor.py:756} INFO - Processing file /home/airflow/.local/lib/python3.7/site-packages/airflow/example_dags/example_local_kubernetes_executor.py for tasks to queue
[2024-01-30T18:50:14.389+0000] {logging_mixin.py:120} INFO - [2024-01-30T18:50:14.388+0000] {dagbag.py:537} INFO - Filling up the DagBag from /home/airflow/.local/lib/python3.7/site-packages/airflow/example_dags/example_local_kubernetes_executor.py
[2024-01-30T18:50:14.418+0000] {processor.py:766} INFO - DAG(s) dict_keys(['example_local_kubernetes_executor']) retrieved from /home/airflow/.local/lib/python3.7/site-packages/airflow/example_dags/example_local_kubernetes_executor.py
[2024-01-30T18:50:14.469+0000] {logging_mixin.py:120} INFO - [2024-01-30T18:50:14.469+0000] {dag.py:2585} INFO - Sync 1 DAGs
[2024-01-30T18:50:14.503+0000] {logging_mixin.py:120} INFO - [2024-01-30T18:50:14.503+0000] {dag.py:3340} INFO - Setting next_dagrun for example_local_kubernetes_executor to None, run_after=None
[2024-01-30T18:50:14.531+0000] {processor.py:176} INFO - Processing /home/airflow/.local/lib/python3.7/site-packages/airflow/example_dags/example_local_kubernetes_executor.py took 0.150 seconds
[2024-01-30T18:50:45.380+0000] {processor.py:154} INFO - Started process (PID=269) to work on /home/airflow/.local/lib/python3.7/site-packages/airflow/example_dags/example_local_kubernetes_executor.py
[2024-01-30T18:50:45.381+0000] {processor.py:756} INFO - Processing file /home/airflow/.local/lib/python3.7/site-packages/airflow/example_dags/example_local_kubernetes_executor.py for tasks to queue
[2024-01-30T18:50:45.382+0000] {logging_mixin.py:120} INFO - [2024-01-30T18:50:45.382+0000] {dagbag.py:537} INFO - Filling up the DagBag from /home/airflow/.local/lib/python3.7/site-packages/airflow/example_dags/example_local_kubernetes_executor.py
[2024-01-30T18:50:45.413+0000] {processor.py:766} INFO - DAG(s) dict_keys(['example_local_kubernetes_executor']) retrieved from /home/airflow/.local/lib/python3.7/site-packages/airflow/example_dags/example_local_kubernetes_executor.py
[2024-01-30T18:50:45.468+0000] {logging_mixin.py:120} INFO - [2024-01-30T18:50:45.467+0000] {dag.py:2585} INFO - Sync 1 DAGs
[2024-01-30T18:50:45.565+0000] {logging_mixin.py:120} INFO - [2024-01-30T18:50:45.565+0000] {dag.py:3340} INFO - Setting next_dagrun for example_local_kubernetes_executor to None, run_after=None
[2024-01-30T18:50:45.634+0000] {processor.py:176} INFO - Processing /home/airflow/.local/lib/python3.7/site-packages/airflow/example_dags/example_local_kubernetes_executor.py took 0.258 seconds
[2024-01-30T18:51:16.283+0000] {processor.py:154} INFO - Started process (PID=332) to work on /home/airflow/.local/lib/python3.7/site-packages/airflow/example_dags/example_local_kubernetes_executor.py
[2024-01-30T18:51:16.285+0000] {processor.py:756} INFO - Processing file /home/airflow/.local/lib/python3.7/site-packages/airflow/example_dags/example_local_kubernetes_executor.py for tasks to queue
[2024-01-30T18:51:16.287+0000] {logging_mixin.py:120} INFO - [2024-01-30T18:51:16.287+0000] {dagbag.py:537} INFO - Filling up the DagBag from /home/airflow/.local/lib/python3.7/site-packages/airflow/example_dags/example_local_kubernetes_executor.py
[2024-01-30T18:51:16.319+0000] {processor.py:766} INFO - DAG(s) dict_keys(['example_local_kubernetes_executor']) retrieved from /home/airflow/.local/lib/python3.7/site-packages/airflow/example_dags/example_local_kubernetes_executor.py
[2024-01-30T18:51:16.375+0000] {logging_mixin.py:120} INFO - [2024-01-30T18:51:16.375+0000] {dag.py:2585} INFO - Sync 1 DAGs
[2024-01-30T18:51:16.411+0000] {logging_mixin.py:120} INFO - [2024-01-30T18:51:16.411+0000] {dag.py:3340} INFO - Setting next_dagrun for example_local_kubernetes_executor to None, run_after=None
[2024-01-30T18:51:16.434+0000] {processor.py:176} INFO - Processing /home/airflow/.local/lib/python3.7/site-packages/airflow/example_dags/example_local_kubernetes_executor.py took 0.156 seconds
[2024-01-30T18:51:46.997+0000] {processor.py:154} INFO - Started process (PID=398) to work on /home/airflow/.local/lib/python3.7/site-packages/airflow/example_dags/example_local_kubernetes_executor.py
[2024-01-30T18:51:46.998+0000] {processor.py:756} INFO - Processing file /home/airflow/.local/lib/python3.7/site-packages/airflow/example_dags/example_local_kubernetes_executor.py for tasks to queue
[2024-01-30T18:51:47.000+0000] {logging_mixin.py:120} INFO - [2024-01-30T18:51:47.000+0000] {dagbag.py:537} INFO - Filling up the DagBag from /home/airflow/.local/lib/python3.7/site-packages/airflow/example_dags/example_local_kubernetes_executor.py
[2024-01-30T18:51:47.033+0000] {processor.py:766} INFO - DAG(s) dict_keys(['example_local_kubernetes_executor']) retrieved from /home/airflow/.local/lib/python3.7/site-packages/airflow/example_dags/example_local_kubernetes_executor.py
[2024-01-30T18:51:47.091+0000] {logging_mixin.py:120} INFO - [2024-01-30T18:51:47.091+0000] {dag.py:2585} INFO - Sync 1 DAGs
[2024-01-30T18:51:47.128+0000] {logging_mixin.py:120} INFO - [2024-01-30T18:51:47.128+0000] {dag.py:3340} INFO - Setting next_dagrun for example_local_kubernetes_executor to None, run_after=None
[2024-01-30T18:51:47.156+0000] {processor.py:176} INFO - Processing /home/airflow/.local/lib/python3.7/site-packages/airflow/example_dags/example_local_kubernetes_executor.py took 0.165 seconds
[2024-01-30T18:52:17.504+0000] {processor.py:154} INFO - Started process (PID=456) to work on /home/airflow/.local/lib/python3.7/site-packages/airflow/example_dags/example_local_kubernetes_executor.py
[2024-01-30T18:52:17.505+0000] {processor.py:756} INFO - Processing file /home/airflow/.local/lib/python3.7/site-packages/airflow/example_dags/example_local_kubernetes_executor.py for tasks to queue
[2024-01-30T18:52:17.507+0000] {logging_mixin.py:120} INFO - [2024-01-30T18:52:17.506+0000] {dagbag.py:537} INFO - Filling up the DagBag from /home/airflow/.local/lib/python3.7/site-packages/airflow/example_dags/example_local_kubernetes_executor.py
[2024-01-30T18:52:17.542+0000] {processor.py:766} INFO - DAG(s) dict_keys(['example_local_kubernetes_executor']) retrieved from /home/airflow/.local/lib/python3.7/site-packages/airflow/example_dags/example_local_kubernetes_executor.py
[2024-01-30T18:52:17.602+0000] {logging_mixin.py:120} INFO - [2024-01-30T18:52:17.602+0000] {dag.py:2585} INFO - Sync 1 DAGs
[2024-01-30T18:52:17.641+0000] {logging_mixin.py:120} INFO - [2024-01-30T18:52:17.641+0000] {dag.py:3340} INFO - Setting next_dagrun for example_local_kubernetes_executor to None, run_after=None
[2024-01-30T18:52:17.668+0000] {processor.py:176} INFO - Processing /home/airflow/.local/lib/python3.7/site-packages/airflow/example_dags/example_local_kubernetes_executor.py took 0.170 seconds
[2024-01-30T18:52:48.407+0000] {processor.py:154} INFO - Started process (PID=519) to work on /home/airflow/.local/lib/python3.7/site-packages/airflow/example_dags/example_local_kubernetes_executor.py
[2024-01-30T18:52:48.408+0000] {processor.py:756} INFO - Processing file /home/airflow/.local/lib/python3.7/site-packages/airflow/example_dags/example_local_kubernetes_executor.py for tasks to queue
[2024-01-30T18:52:48.409+0000] {logging_mixin.py:120} INFO - [2024-01-30T18:52:48.409+0000] {dagbag.py:537} INFO - Filling up the DagBag from /home/airflow/.local/lib/python3.7/site-packages/airflow/example_dags/example_local_kubernetes_executor.py
[2024-01-30T18:52:48.439+0000] {processor.py:766} INFO - DAG(s) dict_keys(['example_local_kubernetes_executor']) retrieved from /home/airflow/.local/lib/python3.7/site-packages/airflow/example_dags/example_local_kubernetes_executor.py
[2024-01-30T18:52:48.489+0000] {logging_mixin.py:120} INFO - [2024-01-30T18:52:48.489+0000] {dag.py:2585} INFO - Sync 1 DAGs
[2024-01-30T18:52:48.522+0000] {logging_mixin.py:120} INFO - [2024-01-30T18:52:48.521+0000] {dag.py:3340} INFO - Setting next_dagrun for example_local_kubernetes_executor to None, run_after=None
[2024-01-30T18:52:48.548+0000] {processor.py:176} INFO - Processing /home/airflow/.local/lib/python3.7/site-packages/airflow/example_dags/example_local_kubernetes_executor.py took 0.146 seconds
[2024-01-30T18:53:19.013+0000] {processor.py:154} INFO - Started process (PID=585) to work on /home/airflow/.local/lib/python3.7/site-packages/airflow/example_dags/example_local_kubernetes_executor.py
[2024-01-30T18:53:19.015+0000] {processor.py:756} INFO - Processing file /home/airflow/.local/lib/python3.7/site-packages/airflow/example_dags/example_local_kubernetes_executor.py for tasks to queue
[2024-01-30T18:53:19.016+0000] {logging_mixin.py:120} INFO - [2024-01-30T18:53:19.016+0000] {dagbag.py:537} INFO - Filling up the DagBag from /home/airflow/.local/lib/python3.7/site-packages/airflow/example_dags/example_local_kubernetes_executor.py
[2024-01-30T18:53:19.047+0000] {processor.py:766} INFO - DAG(s) dict_keys(['example_local_kubernetes_executor']) retrieved from /home/airflow/.local/lib/python3.7/site-packages/airflow/example_dags/example_local_kubernetes_executor.py
[2024-01-30T18:53:19.096+0000] {logging_mixin.py:120} INFO - [2024-01-30T18:53:19.095+0000] {dag.py:2585} INFO - Sync 1 DAGs
[2024-01-30T18:53:19.129+0000] {logging_mixin.py:120} INFO - [2024-01-30T18:53:19.129+0000] {dag.py:3340} INFO - Setting next_dagrun for example_local_kubernetes_executor to None, run_after=None
[2024-01-30T18:53:19.155+0000] {processor.py:176} INFO - Processing /home/airflow/.local/lib/python3.7/site-packages/airflow/example_dags/example_local_kubernetes_executor.py took 0.147 seconds
[2024-01-30T18:53:50.261+0000] {processor.py:154} INFO - Started process (PID=648) to work on /home/airflow/.local/lib/python3.7/site-packages/airflow/example_dags/example_local_kubernetes_executor.py
[2024-01-30T18:53:50.263+0000] {processor.py:756} INFO - Processing file /home/airflow/.local/lib/python3.7/site-packages/airflow/example_dags/example_local_kubernetes_executor.py for tasks to queue
[2024-01-30T18:53:50.265+0000] {logging_mixin.py:120} INFO - [2024-01-30T18:53:50.265+0000] {dagbag.py:537} INFO - Filling up the DagBag from /home/airflow/.local/lib/python3.7/site-packages/airflow/example_dags/example_local_kubernetes_executor.py
[2024-01-30T18:53:50.320+0000] {processor.py:766} INFO - DAG(s) dict_keys(['example_local_kubernetes_executor']) retrieved from /home/airflow/.local/lib/python3.7/site-packages/airflow/example_dags/example_local_kubernetes_executor.py
[2024-01-30T18:53:50.397+0000] {logging_mixin.py:120} INFO - [2024-01-30T18:53:50.397+0000] {dag.py:2585} INFO - Sync 1 DAGs
[2024-01-30T18:53:50.450+0000] {logging_mixin.py:120} INFO - [2024-01-30T18:53:50.449+0000] {dag.py:3340} INFO - Setting next_dagrun for example_local_kubernetes_executor to None, run_after=None
[2024-01-30T18:53:50.489+0000] {processor.py:176} INFO - Processing /home/airflow/.local/lib/python3.7/site-packages/airflow/example_dags/example_local_kubernetes_executor.py took 0.234 seconds
[2024-01-30T18:54:20.541+0000] {processor.py:154} INFO - Started process (PID=712) to work on /home/airflow/.local/lib/python3.7/site-packages/airflow/example_dags/example_local_kubernetes_executor.py
[2024-01-30T18:54:20.543+0000] {processor.py:756} INFO - Processing file /home/airflow/.local/lib/python3.7/site-packages/airflow/example_dags/example_local_kubernetes_executor.py for tasks to queue
[2024-01-30T18:54:20.544+0000] {logging_mixin.py:120} INFO - [2024-01-30T18:54:20.544+0000] {dagbag.py:537} INFO - Filling up the DagBag from /home/airflow/.local/lib/python3.7/site-packages/airflow/example_dags/example_local_kubernetes_executor.py
[2024-01-30T18:54:20.585+0000] {processor.py:766} INFO - DAG(s) dict_keys(['example_local_kubernetes_executor']) retrieved from /home/airflow/.local/lib/python3.7/site-packages/airflow/example_dags/example_local_kubernetes_executor.py
[2024-01-30T18:54:20.672+0000] {logging_mixin.py:120} INFO - [2024-01-30T18:54:20.671+0000] {dag.py:2585} INFO - Sync 1 DAGs
[2024-01-30T18:54:20.719+0000] {logging_mixin.py:120} INFO - [2024-01-30T18:54:20.719+0000] {dag.py:3340} INFO - Setting next_dagrun for example_local_kubernetes_executor to None, run_after=None
[2024-01-30T18:54:20.765+0000] {processor.py:176} INFO - Processing /home/airflow/.local/lib/python3.7/site-packages/airflow/example_dags/example_local_kubernetes_executor.py took 0.229 seconds
[2024-01-30T18:54:50.868+0000] {processor.py:154} INFO - Started process (PID=776) to work on /home/airflow/.local/lib/python3.7/site-packages/airflow/example_dags/example_local_kubernetes_executor.py
[2024-01-30T18:54:50.870+0000] {processor.py:756} INFO - Processing file /home/airflow/.local/lib/python3.7/site-packages/airflow/example_dags/example_local_kubernetes_executor.py for tasks to queue
[2024-01-30T18:54:50.871+0000] {logging_mixin.py:120} INFO - [2024-01-30T18:54:50.871+0000] {dagbag.py:537} INFO - Filling up the DagBag from /home/airflow/.local/lib/python3.7/site-packages/airflow/example_dags/example_local_kubernetes_executor.py
[2024-01-30T18:54:50.909+0000] {processor.py:766} INFO - DAG(s) dict_keys(['example_local_kubernetes_executor']) retrieved from /home/airflow/.local/lib/python3.7/site-packages/airflow/example_dags/example_local_kubernetes_executor.py
[2024-01-30T18:54:50.963+0000] {logging_mixin.py:120} INFO - [2024-01-30T18:54:50.963+0000] {dag.py:2585} INFO - Sync 1 DAGs
[2024-01-30T18:54:50.997+0000] {logging_mixin.py:120} INFO - [2024-01-30T18:54:50.997+0000] {dag.py:3340} INFO - Setting next_dagrun for example_local_kubernetes_executor to None, run_after=None
[2024-01-30T18:54:51.021+0000] {processor.py:176} INFO - Processing /home/airflow/.local/lib/python3.7/site-packages/airflow/example_dags/example_local_kubernetes_executor.py took 0.158 seconds
[2024-01-30T18:55:21.662+0000] {processor.py:154} INFO - Started process (PID=831) to work on /home/airflow/.local/lib/python3.7/site-packages/airflow/example_dags/example_local_kubernetes_executor.py
[2024-01-30T18:55:21.664+0000] {processor.py:756} INFO - Processing file /home/airflow/.local/lib/python3.7/site-packages/airflow/example_dags/example_local_kubernetes_executor.py for tasks to queue
[2024-01-30T18:55:21.665+0000] {logging_mixin.py:120} INFO - [2024-01-30T18:55:21.665+0000] {dagbag.py:537} INFO - Filling up the DagBag from /home/airflow/.local/lib/python3.7/site-packages/airflow/example_dags/example_local_kubernetes_executor.py
[2024-01-30T18:55:21.711+0000] {processor.py:766} INFO - DAG(s) dict_keys(['example_local_kubernetes_executor']) retrieved from /home/airflow/.local/lib/python3.7/site-packages/airflow/example_dags/example_local_kubernetes_executor.py
[2024-01-30T18:55:21.779+0000] {logging_mixin.py:120} INFO - [2024-01-30T18:55:21.779+0000] {dag.py:2585} INFO - Sync 1 DAGs
[2024-01-30T18:55:21.818+0000] {logging_mixin.py:120} INFO - [2024-01-30T18:55:21.818+0000] {dag.py:3340} INFO - Setting next_dagrun for example_local_kubernetes_executor to None, run_after=None
[2024-01-30T18:55:21.848+0000] {processor.py:176} INFO - Processing /home/airflow/.local/lib/python3.7/site-packages/airflow/example_dags/example_local_kubernetes_executor.py took 0.193 seconds
[2024-01-30T18:55:52.183+0000] {processor.py:154} INFO - Started process (PID=894) to work on /home/airflow/.local/lib/python3.7/site-packages/airflow/example_dags/example_local_kubernetes_executor.py
[2024-01-30T18:55:52.186+0000] {processor.py:756} INFO - Processing file /home/airflow/.local/lib/python3.7/site-packages/airflow/example_dags/example_local_kubernetes_executor.py for tasks to queue
[2024-01-30T18:55:52.188+0000] {logging_mixin.py:120} INFO - [2024-01-30T18:55:52.187+0000] {dagbag.py:537} INFO - Filling up the DagBag from /home/airflow/.local/lib/python3.7/site-packages/airflow/example_dags/example_local_kubernetes_executor.py
[2024-01-30T18:55:52.234+0000] {processor.py:766} INFO - DAG(s) dict_keys(['example_local_kubernetes_executor']) retrieved from /home/airflow/.local/lib/python3.7/site-packages/airflow/example_dags/example_local_kubernetes_executor.py
[2024-01-30T18:55:52.301+0000] {logging_mixin.py:120} INFO - [2024-01-30T18:55:52.301+0000] {dag.py:2585} INFO - Sync 1 DAGs
[2024-01-30T18:55:52.350+0000] {logging_mixin.py:120} INFO - [2024-01-30T18:55:52.350+0000] {dag.py:3340} INFO - Setting next_dagrun for example_local_kubernetes_executor to None, run_after=None
[2024-01-30T18:55:52.412+0000] {processor.py:176} INFO - Processing /home/airflow/.local/lib/python3.7/site-packages/airflow/example_dags/example_local_kubernetes_executor.py took 0.233 seconds
[2024-01-30T18:56:22.466+0000] {processor.py:154} INFO - Started process (PID=949) to work on /home/airflow/.local/lib/python3.7/site-packages/airflow/example_dags/example_local_kubernetes_executor.py
[2024-01-30T18:56:22.468+0000] {processor.py:756} INFO - Processing file /home/airflow/.local/lib/python3.7/site-packages/airflow/example_dags/example_local_kubernetes_executor.py for tasks to queue
[2024-01-30T18:56:22.469+0000] {logging_mixin.py:120} INFO - [2024-01-30T18:56:22.468+0000] {dagbag.py:537} INFO - Filling up the DagBag from /home/airflow/.local/lib/python3.7/site-packages/airflow/example_dags/example_local_kubernetes_executor.py
[2024-01-30T18:56:22.506+0000] {processor.py:766} INFO - DAG(s) dict_keys(['example_local_kubernetes_executor']) retrieved from /home/airflow/.local/lib/python3.7/site-packages/airflow/example_dags/example_local_kubernetes_executor.py
[2024-01-30T18:56:22.570+0000] {logging_mixin.py:120} INFO - [2024-01-30T18:56:22.570+0000] {dag.py:2585} INFO - Sync 1 DAGs
[2024-01-30T18:56:22.611+0000] {logging_mixin.py:120} INFO - [2024-01-30T18:56:22.611+0000] {dag.py:3340} INFO - Setting next_dagrun for example_local_kubernetes_executor to None, run_after=None
[2024-01-30T18:56:22.637+0000] {processor.py:176} INFO - Processing /home/airflow/.local/lib/python3.7/site-packages/airflow/example_dags/example_local_kubernetes_executor.py took 0.177 seconds
[2024-01-30T18:56:53.138+0000] {processor.py:154} INFO - Started process (PID=1013) to work on /home/airflow/.local/lib/python3.7/site-packages/airflow/example_dags/example_local_kubernetes_executor.py
[2024-01-30T18:56:53.140+0000] {processor.py:756} INFO - Processing file /home/airflow/.local/lib/python3.7/site-packages/airflow/example_dags/example_local_kubernetes_executor.py for tasks to queue
[2024-01-30T18:56:53.141+0000] {logging_mixin.py:120} INFO - [2024-01-30T18:56:53.141+0000] {dagbag.py:537} INFO - Filling up the DagBag from /home/airflow/.local/lib/python3.7/site-packages/airflow/example_dags/example_local_kubernetes_executor.py
[2024-01-30T18:56:53.183+0000] {processor.py:766} INFO - DAG(s) dict_keys(['example_local_kubernetes_executor']) retrieved from /home/airflow/.local/lib/python3.7/site-packages/airflow/example_dags/example_local_kubernetes_executor.py
[2024-01-30T18:56:53.246+0000] {logging_mixin.py:120} INFO - [2024-01-30T18:56:53.246+0000] {dag.py:2585} INFO - Sync 1 DAGs
[2024-01-30T18:56:53.288+0000] {logging_mixin.py:120} INFO - [2024-01-30T18:56:53.288+0000] {dag.py:3340} INFO - Setting next_dagrun for example_local_kubernetes_executor to None, run_after=None
[2024-01-30T18:56:53.319+0000] {processor.py:176} INFO - Processing /home/airflow/.local/lib/python3.7/site-packages/airflow/example_dags/example_local_kubernetes_executor.py took 0.186 seconds
[2024-01-30T18:57:23.616+0000] {processor.py:154} INFO - Started process (PID=1077) to work on /home/airflow/.local/lib/python3.7/site-packages/airflow/example_dags/example_local_kubernetes_executor.py
[2024-01-30T18:57:23.617+0000] {processor.py:756} INFO - Processing file /home/airflow/.local/lib/python3.7/site-packages/airflow/example_dags/example_local_kubernetes_executor.py for tasks to queue
[2024-01-30T18:57:23.619+0000] {logging_mixin.py:120} INFO - [2024-01-30T18:57:23.619+0000] {dagbag.py:537} INFO - Filling up the DagBag from /home/airflow/.local/lib/python3.7/site-packages/airflow/example_dags/example_local_kubernetes_executor.py
[2024-01-30T18:57:23.659+0000] {processor.py:766} INFO - DAG(s) dict_keys(['example_local_kubernetes_executor']) retrieved from /home/airflow/.local/lib/python3.7/site-packages/airflow/example_dags/example_local_kubernetes_executor.py
[2024-01-30T18:57:23.719+0000] {logging_mixin.py:120} INFO - [2024-01-30T18:57:23.719+0000] {dag.py:2585} INFO - Sync 1 DAGs
[2024-01-30T18:57:23.767+0000] {logging_mixin.py:120} INFO - [2024-01-30T18:57:23.767+0000] {dag.py:3340} INFO - Setting next_dagrun for example_local_kubernetes_executor to None, run_after=None
[2024-01-30T18:57:23.805+0000] {processor.py:176} INFO - Processing /home/airflow/.local/lib/python3.7/site-packages/airflow/example_dags/example_local_kubernetes_executor.py took 0.194 seconds
[2024-01-30T18:57:54.205+0000] {processor.py:154} INFO - Started process (PID=1132) to work on /home/airflow/.local/lib/python3.7/site-packages/airflow/example_dags/example_local_kubernetes_executor.py
[2024-01-30T18:57:54.206+0000] {processor.py:756} INFO - Processing file /home/airflow/.local/lib/python3.7/site-packages/airflow/example_dags/example_local_kubernetes_executor.py for tasks to queue
[2024-01-30T18:57:54.207+0000] {logging_mixin.py:120} INFO - [2024-01-30T18:57:54.207+0000] {dagbag.py:537} INFO - Filling up the DagBag from /home/airflow/.local/lib/python3.7/site-packages/airflow/example_dags/example_local_kubernetes_executor.py
[2024-01-30T18:57:54.246+0000] {processor.py:766} INFO - DAG(s) dict_keys(['example_local_kubernetes_executor']) retrieved from /home/airflow/.local/lib/python3.7/site-packages/airflow/example_dags/example_local_kubernetes_executor.py
[2024-01-30T18:57:54.299+0000] {logging_mixin.py:120} INFO - [2024-01-30T18:57:54.299+0000] {dag.py:2585} INFO - Sync 1 DAGs
[2024-01-30T18:57:54.346+0000] {logging_mixin.py:120} INFO - [2024-01-30T18:57:54.346+0000] {dag.py:3340} INFO - Setting next_dagrun for example_local_kubernetes_executor to None, run_after=None
[2024-01-30T18:57:54.373+0000] {processor.py:176} INFO - Processing /home/airflow/.local/lib/python3.7/site-packages/airflow/example_dags/example_local_kubernetes_executor.py took 0.173 seconds
[2024-01-30T18:58:24.587+0000] {processor.py:154} INFO - Started process (PID=1196) to work on /home/airflow/.local/lib/python3.7/site-packages/airflow/example_dags/example_local_kubernetes_executor.py
[2024-01-30T18:58:24.589+0000] {processor.py:756} INFO - Processing file /home/airflow/.local/lib/python3.7/site-packages/airflow/example_dags/example_local_kubernetes_executor.py for tasks to queue
[2024-01-30T18:58:24.591+0000] {logging_mixin.py:120} INFO - [2024-01-30T18:58:24.591+0000] {dagbag.py:537} INFO - Filling up the DagBag from /home/airflow/.local/lib/python3.7/site-packages/airflow/example_dags/example_local_kubernetes_executor.py
[2024-01-30T18:58:24.629+0000] {processor.py:766} INFO - DAG(s) dict_keys(['example_local_kubernetes_executor']) retrieved from /home/airflow/.local/lib/python3.7/site-packages/airflow/example_dags/example_local_kubernetes_executor.py
[2024-01-30T18:58:24.694+0000] {logging_mixin.py:120} INFO - [2024-01-30T18:58:24.694+0000] {dag.py:2585} INFO - Sync 1 DAGs
[2024-01-30T18:58:24.736+0000] {logging_mixin.py:120} INFO - [2024-01-30T18:58:24.736+0000] {dag.py:3340} INFO - Setting next_dagrun for example_local_kubernetes_executor to None, run_after=None
[2024-01-30T18:58:24.767+0000] {processor.py:176} INFO - Processing /home/airflow/.local/lib/python3.7/site-packages/airflow/example_dags/example_local_kubernetes_executor.py took 0.187 seconds
[2024-01-30T18:58:55.399+0000] {processor.py:154} INFO - Started process (PID=1260) to work on /home/airflow/.local/lib/python3.7/site-packages/airflow/example_dags/example_local_kubernetes_executor.py
[2024-01-30T18:58:55.401+0000] {processor.py:756} INFO - Processing file /home/airflow/.local/lib/python3.7/site-packages/airflow/example_dags/example_local_kubernetes_executor.py for tasks to queue
[2024-01-30T18:58:55.402+0000] {logging_mixin.py:120} INFO - [2024-01-30T18:58:55.402+0000] {dagbag.py:537} INFO - Filling up the DagBag from /home/airflow/.local/lib/python3.7/site-packages/airflow/example_dags/example_local_kubernetes_executor.py
[2024-01-30T18:58:55.437+0000] {processor.py:766} INFO - DAG(s) dict_keys(['example_local_kubernetes_executor']) retrieved from /home/airflow/.local/lib/python3.7/site-packages/airflow/example_dags/example_local_kubernetes_executor.py
[2024-01-30T18:58:55.496+0000] {logging_mixin.py:120} INFO - [2024-01-30T18:58:55.495+0000] {dag.py:2585} INFO - Sync 1 DAGs
[2024-01-30T18:58:55.542+0000] {logging_mixin.py:120} INFO - [2024-01-30T18:58:55.542+0000] {dag.py:3340} INFO - Setting next_dagrun for example_local_kubernetes_executor to None, run_after=None
[2024-01-30T18:58:55.581+0000] {processor.py:176} INFO - Processing /home/airflow/.local/lib/python3.7/site-packages/airflow/example_dags/example_local_kubernetes_executor.py took 0.188 seconds
[2024-01-30T18:59:25.881+0000] {processor.py:154} INFO - Started process (PID=1314) to work on /home/airflow/.local/lib/python3.7/site-packages/airflow/example_dags/example_local_kubernetes_executor.py
[2024-01-30T18:59:25.883+0000] {processor.py:756} INFO - Processing file /home/airflow/.local/lib/python3.7/site-packages/airflow/example_dags/example_local_kubernetes_executor.py for tasks to queue
[2024-01-30T18:59:25.884+0000] {logging_mixin.py:120} INFO - [2024-01-30T18:59:25.883+0000] {dagbag.py:537} INFO - Filling up the DagBag from /home/airflow/.local/lib/python3.7/site-packages/airflow/example_dags/example_local_kubernetes_executor.py
[2024-01-30T18:59:25.918+0000] {processor.py:766} INFO - DAG(s) dict_keys(['example_local_kubernetes_executor']) retrieved from /home/airflow/.local/lib/python3.7/site-packages/airflow/example_dags/example_local_kubernetes_executor.py
[2024-01-30T18:59:25.979+0000] {logging_mixin.py:120} INFO - [2024-01-30T18:59:25.979+0000] {dag.py:2585} INFO - Sync 1 DAGs
[2024-01-30T18:59:26.017+0000] {logging_mixin.py:120} INFO - [2024-01-30T18:59:26.016+0000] {dag.py:3340} INFO - Setting next_dagrun for example_local_kubernetes_executor to None, run_after=None
[2024-01-30T18:59:26.046+0000] {processor.py:176} INFO - Processing /home/airflow/.local/lib/python3.7/site-packages/airflow/example_dags/example_local_kubernetes_executor.py took 0.170 seconds
[2024-01-30T18:59:57.098+0000] {processor.py:154} INFO - Started process (PID=1379) to work on /home/airflow/.local/lib/python3.7/site-packages/airflow/example_dags/example_local_kubernetes_executor.py
[2024-01-30T18:59:57.101+0000] {processor.py:756} INFO - Processing file /home/airflow/.local/lib/python3.7/site-packages/airflow/example_dags/example_local_kubernetes_executor.py for tasks to queue
[2024-01-30T18:59:57.104+0000] {logging_mixin.py:120} INFO - [2024-01-30T18:59:57.103+0000] {dagbag.py:537} INFO - Filling up the DagBag from /home/airflow/.local/lib/python3.7/site-packages/airflow/example_dags/example_local_kubernetes_executor.py
[2024-01-30T18:59:57.155+0000] {processor.py:766} INFO - DAG(s) dict_keys(['example_local_kubernetes_executor']) retrieved from /home/airflow/.local/lib/python3.7/site-packages/airflow/example_dags/example_local_kubernetes_executor.py
[2024-01-30T18:59:57.220+0000] {logging_mixin.py:120} INFO - [2024-01-30T18:59:57.220+0000] {dag.py:2585} INFO - Sync 1 DAGs
[2024-01-30T18:59:57.264+0000] {logging_mixin.py:120} INFO - [2024-01-30T18:59:57.263+0000] {dag.py:3340} INFO - Setting next_dagrun for example_local_kubernetes_executor to None, run_after=None
[2024-01-30T18:59:57.309+0000] {processor.py:176} INFO - Processing /home/airflow/.local/lib/python3.7/site-packages/airflow/example_dags/example_local_kubernetes_executor.py took 0.218 seconds
[2024-01-30T19:00:27.849+0000] {processor.py:154} INFO - Started process (PID=1434) to work on /home/airflow/.local/lib/python3.7/site-packages/airflow/example_dags/example_local_kubernetes_executor.py
[2024-01-30T19:00:27.850+0000] {processor.py:756} INFO - Processing file /home/airflow/.local/lib/python3.7/site-packages/airflow/example_dags/example_local_kubernetes_executor.py for tasks to queue
[2024-01-30T19:00:27.852+0000] {logging_mixin.py:120} INFO - [2024-01-30T19:00:27.852+0000] {dagbag.py:537} INFO - Filling up the DagBag from /home/airflow/.local/lib/python3.7/site-packages/airflow/example_dags/example_local_kubernetes_executor.py
[2024-01-30T19:00:27.893+0000] {processor.py:766} INFO - DAG(s) dict_keys(['example_local_kubernetes_executor']) retrieved from /home/airflow/.local/lib/python3.7/site-packages/airflow/example_dags/example_local_kubernetes_executor.py
[2024-01-30T19:00:27.980+0000] {logging_mixin.py:120} INFO - [2024-01-30T19:00:27.980+0000] {dag.py:2585} INFO - Sync 1 DAGs
[2024-01-30T19:00:28.024+0000] {logging_mixin.py:120} INFO - [2024-01-30T19:00:28.024+0000] {dag.py:3340} INFO - Setting next_dagrun for example_local_kubernetes_executor to None, run_after=None
[2024-01-30T19:00:28.053+0000] {processor.py:176} INFO - Processing /home/airflow/.local/lib/python3.7/site-packages/airflow/example_dags/example_local_kubernetes_executor.py took 0.210 seconds
[2024-01-30T19:00:58.413+0000] {processor.py:154} INFO - Started process (PID=1498) to work on /home/airflow/.local/lib/python3.7/site-packages/airflow/example_dags/example_local_kubernetes_executor.py
[2024-01-30T19:00:58.414+0000] {processor.py:756} INFO - Processing file /home/airflow/.local/lib/python3.7/site-packages/airflow/example_dags/example_local_kubernetes_executor.py for tasks to queue
[2024-01-30T19:00:58.415+0000] {logging_mixin.py:120} INFO - [2024-01-30T19:00:58.415+0000] {dagbag.py:537} INFO - Filling up the DagBag from /home/airflow/.local/lib/python3.7/site-packages/airflow/example_dags/example_local_kubernetes_executor.py
[2024-01-30T19:00:58.445+0000] {processor.py:766} INFO - DAG(s) dict_keys(['example_local_kubernetes_executor']) retrieved from /home/airflow/.local/lib/python3.7/site-packages/airflow/example_dags/example_local_kubernetes_executor.py
[2024-01-30T19:00:58.506+0000] {logging_mixin.py:120} INFO - [2024-01-30T19:00:58.506+0000] {dag.py:2585} INFO - Sync 1 DAGs
[2024-01-30T19:00:58.561+0000] {logging_mixin.py:120} INFO - [2024-01-30T19:00:58.561+0000] {dag.py:3340} INFO - Setting next_dagrun for example_local_kubernetes_executor to None, run_after=None
[2024-01-30T19:00:58.591+0000] {processor.py:176} INFO - Processing /home/airflow/.local/lib/python3.7/site-packages/airflow/example_dags/example_local_kubernetes_executor.py took 0.182 seconds
[2024-01-30T19:01:28.713+0000] {processor.py:154} INFO - Started process (PID=1562) to work on /home/airflow/.local/lib/python3.7/site-packages/airflow/example_dags/example_local_kubernetes_executor.py
[2024-01-30T19:01:28.714+0000] {processor.py:756} INFO - Processing file /home/airflow/.local/lib/python3.7/site-packages/airflow/example_dags/example_local_kubernetes_executor.py for tasks to queue
[2024-01-30T19:01:28.716+0000] {logging_mixin.py:120} INFO - [2024-01-30T19:01:28.716+0000] {dagbag.py:537} INFO - Filling up the DagBag from /home/airflow/.local/lib/python3.7/site-packages/airflow/example_dags/example_local_kubernetes_executor.py
[2024-01-30T19:01:28.749+0000] {processor.py:766} INFO - DAG(s) dict_keys(['example_local_kubernetes_executor']) retrieved from /home/airflow/.local/lib/python3.7/site-packages/airflow/example_dags/example_local_kubernetes_executor.py
[2024-01-30T19:01:28.808+0000] {logging_mixin.py:120} INFO - [2024-01-30T19:01:28.808+0000] {dag.py:2585} INFO - Sync 1 DAGs
[2024-01-30T19:01:28.845+0000] {logging_mixin.py:120} INFO - [2024-01-30T19:01:28.845+0000] {dag.py:3340} INFO - Setting next_dagrun for example_local_kubernetes_executor to None, run_after=None
[2024-01-30T19:01:28.875+0000] {processor.py:176} INFO - Processing /home/airflow/.local/lib/python3.7/site-packages/airflow/example_dags/example_local_kubernetes_executor.py took 0.167 seconds
[2024-01-30T19:01:59.001+0000] {processor.py:154} INFO - Started process (PID=1618) to work on /home/airflow/.local/lib/python3.7/site-packages/airflow/example_dags/example_local_kubernetes_executor.py
[2024-01-30T19:01:59.002+0000] {processor.py:756} INFO - Processing file /home/airflow/.local/lib/python3.7/site-packages/airflow/example_dags/example_local_kubernetes_executor.py for tasks to queue
[2024-01-30T19:01:59.004+0000] {logging_mixin.py:120} INFO - [2024-01-30T19:01:59.004+0000] {dagbag.py:537} INFO - Filling up the DagBag from /home/airflow/.local/lib/python3.7/site-packages/airflow/example_dags/example_local_kubernetes_executor.py
[2024-01-30T19:01:59.047+0000] {processor.py:766} INFO - DAG(s) dict_keys(['example_local_kubernetes_executor']) retrieved from /home/airflow/.local/lib/python3.7/site-packages/airflow/example_dags/example_local_kubernetes_executor.py
[2024-01-30T19:01:59.118+0000] {logging_mixin.py:120} INFO - [2024-01-30T19:01:59.118+0000] {dag.py:2585} INFO - Sync 1 DAGs
[2024-01-30T19:01:59.169+0000] {logging_mixin.py:120} INFO - [2024-01-30T19:01:59.168+0000] {dag.py:3340} INFO - Setting next_dagrun for example_local_kubernetes_executor to None, run_after=None
[2024-01-30T19:01:59.221+0000] {processor.py:176} INFO - Processing /home/airflow/.local/lib/python3.7/site-packages/airflow/example_dags/example_local_kubernetes_executor.py took 0.227 seconds
[2024-01-30T19:02:29.875+0000] {processor.py:154} INFO - Started process (PID=1682) to work on /home/airflow/.local/lib/python3.7/site-packages/airflow/example_dags/example_local_kubernetes_executor.py
[2024-01-30T19:02:29.877+0000] {processor.py:756} INFO - Processing file /home/airflow/.local/lib/python3.7/site-packages/airflow/example_dags/example_local_kubernetes_executor.py for tasks to queue
[2024-01-30T19:02:29.878+0000] {logging_mixin.py:120} INFO - [2024-01-30T19:02:29.878+0000] {dagbag.py:537} INFO - Filling up the DagBag from /home/airflow/.local/lib/python3.7/site-packages/airflow/example_dags/example_local_kubernetes_executor.py
[2024-01-30T19:02:29.922+0000] {processor.py:766} INFO - DAG(s) dict_keys(['example_local_kubernetes_executor']) retrieved from /home/airflow/.local/lib/python3.7/site-packages/airflow/example_dags/example_local_kubernetes_executor.py
[2024-01-30T19:02:29.989+0000] {logging_mixin.py:120} INFO - [2024-01-30T19:02:29.989+0000] {dag.py:2585} INFO - Sync 1 DAGs
[2024-01-30T19:02:30.031+0000] {logging_mixin.py:120} INFO - [2024-01-30T19:02:30.031+0000] {dag.py:3340} INFO - Setting next_dagrun for example_local_kubernetes_executor to None, run_after=None
[2024-01-30T19:02:30.060+0000] {processor.py:176} INFO - Processing /home/airflow/.local/lib/python3.7/site-packages/airflow/example_dags/example_local_kubernetes_executor.py took 0.191 seconds
[2024-01-30T19:03:00.357+0000] {processor.py:154} INFO - Started process (PID=1738) to work on /home/airflow/.local/lib/python3.7/site-packages/airflow/example_dags/example_local_kubernetes_executor.py
[2024-01-30T19:03:00.359+0000] {processor.py:756} INFO - Processing file /home/airflow/.local/lib/python3.7/site-packages/airflow/example_dags/example_local_kubernetes_executor.py for tasks to queue
[2024-01-30T19:03:00.361+0000] {logging_mixin.py:120} INFO - [2024-01-30T19:03:00.361+0000] {dagbag.py:537} INFO - Filling up the DagBag from /home/airflow/.local/lib/python3.7/site-packages/airflow/example_dags/example_local_kubernetes_executor.py
[2024-01-30T19:03:00.414+0000] {processor.py:766} INFO - DAG(s) dict_keys(['example_local_kubernetes_executor']) retrieved from /home/airflow/.local/lib/python3.7/site-packages/airflow/example_dags/example_local_kubernetes_executor.py
[2024-01-30T19:03:00.492+0000] {logging_mixin.py:120} INFO - [2024-01-30T19:03:00.492+0000] {dag.py:2585} INFO - Sync 1 DAGs
[2024-01-30T19:03:00.530+0000] {logging_mixin.py:120} INFO - [2024-01-30T19:03:00.530+0000] {dag.py:3340} INFO - Setting next_dagrun for example_local_kubernetes_executor to None, run_after=None
[2024-01-30T19:03:00.558+0000] {processor.py:176} INFO - Processing /home/airflow/.local/lib/python3.7/site-packages/airflow/example_dags/example_local_kubernetes_executor.py took 0.208 seconds
[2024-01-30T19:03:30.844+0000] {processor.py:154} INFO - Started process (PID=1804) to work on /home/airflow/.local/lib/python3.7/site-packages/airflow/example_dags/example_local_kubernetes_executor.py
[2024-01-30T19:03:30.845+0000] {processor.py:756} INFO - Processing file /home/airflow/.local/lib/python3.7/site-packages/airflow/example_dags/example_local_kubernetes_executor.py for tasks to queue
[2024-01-30T19:03:30.846+0000] {logging_mixin.py:120} INFO - [2024-01-30T19:03:30.846+0000] {dagbag.py:537} INFO - Filling up the DagBag from /home/airflow/.local/lib/python3.7/site-packages/airflow/example_dags/example_local_kubernetes_executor.py
[2024-01-30T19:03:30.874+0000] {processor.py:766} INFO - DAG(s) dict_keys(['example_local_kubernetes_executor']) retrieved from /home/airflow/.local/lib/python3.7/site-packages/airflow/example_dags/example_local_kubernetes_executor.py
[2024-01-30T19:03:30.923+0000] {logging_mixin.py:120} INFO - [2024-01-30T19:03:30.922+0000] {dag.py:2585} INFO - Sync 1 DAGs
[2024-01-30T19:03:30.952+0000] {logging_mixin.py:120} INFO - [2024-01-30T19:03:30.952+0000] {dag.py:3340} INFO - Setting next_dagrun for example_local_kubernetes_executor to None, run_after=None
[2024-01-30T19:03:30.976+0000] {processor.py:176} INFO - Processing /home/airflow/.local/lib/python3.7/site-packages/airflow/example_dags/example_local_kubernetes_executor.py took 0.137 seconds
[2024-01-30T19:04:01.534+0000] {processor.py:154} INFO - Started process (PID=1865) to work on /home/airflow/.local/lib/python3.7/site-packages/airflow/example_dags/example_local_kubernetes_executor.py
[2024-01-30T19:04:01.535+0000] {processor.py:756} INFO - Processing file /home/airflow/.local/lib/python3.7/site-packages/airflow/example_dags/example_local_kubernetes_executor.py for tasks to queue
[2024-01-30T19:04:01.537+0000] {logging_mixin.py:120} INFO - [2024-01-30T19:04:01.536+0000] {dagbag.py:537} INFO - Filling up the DagBag from /home/airflow/.local/lib/python3.7/site-packages/airflow/example_dags/example_local_kubernetes_executor.py
[2024-01-30T19:04:01.569+0000] {processor.py:766} INFO - DAG(s) dict_keys(['example_local_kubernetes_executor']) retrieved from /home/airflow/.local/lib/python3.7/site-packages/airflow/example_dags/example_local_kubernetes_executor.py
[2024-01-30T19:04:01.622+0000] {logging_mixin.py:120} INFO - [2024-01-30T19:04:01.622+0000] {dag.py:2585} INFO - Sync 1 DAGs
[2024-01-30T19:04:01.660+0000] {logging_mixin.py:120} INFO - [2024-01-30T19:04:01.660+0000] {dag.py:3340} INFO - Setting next_dagrun for example_local_kubernetes_executor to None, run_after=None
[2024-01-30T19:04:01.689+0000] {processor.py:176} INFO - Processing /home/airflow/.local/lib/python3.7/site-packages/airflow/example_dags/example_local_kubernetes_executor.py took 0.160 seconds
[2024-01-30T19:04:31.914+0000] {processor.py:154} INFO - Started process (PID=1921) to work on /home/airflow/.local/lib/python3.7/site-packages/airflow/example_dags/example_local_kubernetes_executor.py
[2024-01-30T19:04:31.916+0000] {processor.py:756} INFO - Processing file /home/airflow/.local/lib/python3.7/site-packages/airflow/example_dags/example_local_kubernetes_executor.py for tasks to queue
[2024-01-30T19:04:31.917+0000] {logging_mixin.py:120} INFO - [2024-01-30T19:04:31.917+0000] {dagbag.py:537} INFO - Filling up the DagBag from /home/airflow/.local/lib/python3.7/site-packages/airflow/example_dags/example_local_kubernetes_executor.py
[2024-01-30T19:04:31.949+0000] {processor.py:766} INFO - DAG(s) dict_keys(['example_local_kubernetes_executor']) retrieved from /home/airflow/.local/lib/python3.7/site-packages/airflow/example_dags/example_local_kubernetes_executor.py
[2024-01-30T19:04:32.003+0000] {logging_mixin.py:120} INFO - [2024-01-30T19:04:32.002+0000] {dag.py:2585} INFO - Sync 1 DAGs
[2024-01-30T19:04:32.042+0000] {logging_mixin.py:120} INFO - [2024-01-30T19:04:32.042+0000] {dag.py:3340} INFO - Setting next_dagrun for example_local_kubernetes_executor to None, run_after=None
[2024-01-30T19:04:32.074+0000] {processor.py:176} INFO - Processing /home/airflow/.local/lib/python3.7/site-packages/airflow/example_dags/example_local_kubernetes_executor.py took 0.164 seconds
[2024-01-30T19:05:02.415+0000] {processor.py:154} INFO - Started process (PID=1984) to work on /home/airflow/.local/lib/python3.7/site-packages/airflow/example_dags/example_local_kubernetes_executor.py
[2024-01-30T19:05:02.417+0000] {processor.py:756} INFO - Processing file /home/airflow/.local/lib/python3.7/site-packages/airflow/example_dags/example_local_kubernetes_executor.py for tasks to queue
[2024-01-30T19:05:02.419+0000] {logging_mixin.py:120} INFO - [2024-01-30T19:05:02.418+0000] {dagbag.py:537} INFO - Filling up the DagBag from /home/airflow/.local/lib/python3.7/site-packages/airflow/example_dags/example_local_kubernetes_executor.py
[2024-01-30T19:05:02.458+0000] {processor.py:766} INFO - DAG(s) dict_keys(['example_local_kubernetes_executor']) retrieved from /home/airflow/.local/lib/python3.7/site-packages/airflow/example_dags/example_local_kubernetes_executor.py
[2024-01-30T19:05:02.531+0000] {logging_mixin.py:120} INFO - [2024-01-30T19:05:02.531+0000] {dag.py:2585} INFO - Sync 1 DAGs
[2024-01-30T19:05:02.575+0000] {logging_mixin.py:120} INFO - [2024-01-30T19:05:02.575+0000] {dag.py:3340} INFO - Setting next_dagrun for example_local_kubernetes_executor to None, run_after=None
[2024-01-30T19:05:02.610+0000] {processor.py:176} INFO - Processing /home/airflow/.local/lib/python3.7/site-packages/airflow/example_dags/example_local_kubernetes_executor.py took 0.200 seconds
[2024-01-30T19:05:32.972+0000] {processor.py:154} INFO - Started process (PID=2048) to work on /home/airflow/.local/lib/python3.7/site-packages/airflow/example_dags/example_local_kubernetes_executor.py
[2024-01-30T19:05:32.974+0000] {processor.py:756} INFO - Processing file /home/airflow/.local/lib/python3.7/site-packages/airflow/example_dags/example_local_kubernetes_executor.py for tasks to queue
[2024-01-30T19:05:32.976+0000] {logging_mixin.py:120} INFO - [2024-01-30T19:05:32.975+0000] {dagbag.py:537} INFO - Filling up the DagBag from /home/airflow/.local/lib/python3.7/site-packages/airflow/example_dags/example_local_kubernetes_executor.py
[2024-01-30T19:05:33.011+0000] {processor.py:766} INFO - DAG(s) dict_keys(['example_local_kubernetes_executor']) retrieved from /home/airflow/.local/lib/python3.7/site-packages/airflow/example_dags/example_local_kubernetes_executor.py
[2024-01-30T19:05:33.074+0000] {logging_mixin.py:120} INFO - [2024-01-30T19:05:33.074+0000] {dag.py:2585} INFO - Sync 1 DAGs
[2024-01-30T19:05:33.114+0000] {logging_mixin.py:120} INFO - [2024-01-30T19:05:33.114+0000] {dag.py:3340} INFO - Setting next_dagrun for example_local_kubernetes_executor to None, run_after=None
[2024-01-30T19:05:33.143+0000] {processor.py:176} INFO - Processing /home/airflow/.local/lib/python3.7/site-packages/airflow/example_dags/example_local_kubernetes_executor.py took 0.177 seconds
[2024-01-30T19:06:03.456+0000] {processor.py:154} INFO - Started process (PID=2105) to work on /home/airflow/.local/lib/python3.7/site-packages/airflow/example_dags/example_local_kubernetes_executor.py
[2024-01-30T19:06:03.457+0000] {processor.py:756} INFO - Processing file /home/airflow/.local/lib/python3.7/site-packages/airflow/example_dags/example_local_kubernetes_executor.py for tasks to queue
[2024-01-30T19:06:03.459+0000] {logging_mixin.py:120} INFO - [2024-01-30T19:06:03.459+0000] {dagbag.py:537} INFO - Filling up the DagBag from /home/airflow/.local/lib/python3.7/site-packages/airflow/example_dags/example_local_kubernetes_executor.py
[2024-01-30T19:06:03.495+0000] {processor.py:766} INFO - DAG(s) dict_keys(['example_local_kubernetes_executor']) retrieved from /home/airflow/.local/lib/python3.7/site-packages/airflow/example_dags/example_local_kubernetes_executor.py
[2024-01-30T19:06:03.558+0000] {logging_mixin.py:120} INFO - [2024-01-30T19:06:03.558+0000] {dag.py:2585} INFO - Sync 1 DAGs
[2024-01-30T19:06:03.602+0000] {logging_mixin.py:120} INFO - [2024-01-30T19:06:03.601+0000] {dag.py:3340} INFO - Setting next_dagrun for example_local_kubernetes_executor to None, run_after=None
[2024-01-30T19:06:03.633+0000] {processor.py:176} INFO - Processing /home/airflow/.local/lib/python3.7/site-packages/airflow/example_dags/example_local_kubernetes_executor.py took 0.184 seconds
[2024-01-30T19:06:33.899+0000] {processor.py:154} INFO - Started process (PID=2171) to work on /home/airflow/.local/lib/python3.7/site-packages/airflow/example_dags/example_local_kubernetes_executor.py
[2024-01-30T19:06:33.900+0000] {processor.py:756} INFO - Processing file /home/airflow/.local/lib/python3.7/site-packages/airflow/example_dags/example_local_kubernetes_executor.py for tasks to queue
[2024-01-30T19:06:33.902+0000] {logging_mixin.py:120} INFO - [2024-01-30T19:06:33.902+0000] {dagbag.py:537} INFO - Filling up the DagBag from /home/airflow/.local/lib/python3.7/site-packages/airflow/example_dags/example_local_kubernetes_executor.py
[2024-01-30T19:06:33.937+0000] {processor.py:766} INFO - DAG(s) dict_keys(['example_local_kubernetes_executor']) retrieved from /home/airflow/.local/lib/python3.7/site-packages/airflow/example_dags/example_local_kubernetes_executor.py
[2024-01-30T19:06:33.988+0000] {logging_mixin.py:120} INFO - [2024-01-30T19:06:33.988+0000] {dag.py:2585} INFO - Sync 1 DAGs
[2024-01-30T19:06:34.019+0000] {logging_mixin.py:120} INFO - [2024-01-30T19:06:34.018+0000] {dag.py:3340} INFO - Setting next_dagrun for example_local_kubernetes_executor to None, run_after=None
[2024-01-30T19:06:34.044+0000] {processor.py:176} INFO - Processing /home/airflow/.local/lib/python3.7/site-packages/airflow/example_dags/example_local_kubernetes_executor.py took 0.153 seconds
[2024-01-30T19:07:04.380+0000] {processor.py:154} INFO - Started process (PID=2226) to work on /home/airflow/.local/lib/python3.7/site-packages/airflow/example_dags/example_local_kubernetes_executor.py
[2024-01-30T19:07:04.382+0000] {processor.py:756} INFO - Processing file /home/airflow/.local/lib/python3.7/site-packages/airflow/example_dags/example_local_kubernetes_executor.py for tasks to queue
[2024-01-30T19:07:04.383+0000] {logging_mixin.py:120} INFO - [2024-01-30T19:07:04.383+0000] {dagbag.py:537} INFO - Filling up the DagBag from /home/airflow/.local/lib/python3.7/site-packages/airflow/example_dags/example_local_kubernetes_executor.py
[2024-01-30T19:07:04.420+0000] {processor.py:766} INFO - DAG(s) dict_keys(['example_local_kubernetes_executor']) retrieved from /home/airflow/.local/lib/python3.7/site-packages/airflow/example_dags/example_local_kubernetes_executor.py
[2024-01-30T19:07:04.488+0000] {logging_mixin.py:120} INFO - [2024-01-30T19:07:04.488+0000] {dag.py:2585} INFO - Sync 1 DAGs
[2024-01-30T19:07:04.529+0000] {logging_mixin.py:120} INFO - [2024-01-30T19:07:04.529+0000] {dag.py:3340} INFO - Setting next_dagrun for example_local_kubernetes_executor to None, run_after=None
[2024-01-30T19:07:04.555+0000] {processor.py:176} INFO - Processing /home/airflow/.local/lib/python3.7/site-packages/airflow/example_dags/example_local_kubernetes_executor.py took 0.181 seconds
[2024-01-30T19:07:34.639+0000] {processor.py:154} INFO - Started process (PID=2289) to work on /home/airflow/.local/lib/python3.7/site-packages/airflow/example_dags/example_local_kubernetes_executor.py
[2024-01-30T19:07:34.640+0000] {processor.py:756} INFO - Processing file /home/airflow/.local/lib/python3.7/site-packages/airflow/example_dags/example_local_kubernetes_executor.py for tasks to queue
[2024-01-30T19:07:34.642+0000] {logging_mixin.py:120} INFO - [2024-01-30T19:07:34.641+0000] {dagbag.py:537} INFO - Filling up the DagBag from /home/airflow/.local/lib/python3.7/site-packages/airflow/example_dags/example_local_kubernetes_executor.py
[2024-01-30T19:07:34.679+0000] {processor.py:766} INFO - DAG(s) dict_keys(['example_local_kubernetes_executor']) retrieved from /home/airflow/.local/lib/python3.7/site-packages/airflow/example_dags/example_local_kubernetes_executor.py
[2024-01-30T19:07:34.743+0000] {logging_mixin.py:120} INFO - [2024-01-30T19:07:34.742+0000] {dag.py:2585} INFO - Sync 1 DAGs
[2024-01-30T19:07:34.780+0000] {logging_mixin.py:120} INFO - [2024-01-30T19:07:34.779+0000] {dag.py:3340} INFO - Setting next_dagrun for example_local_kubernetes_executor to None, run_after=None
[2024-01-30T19:07:34.807+0000] {processor.py:176} INFO - Processing /home/airflow/.local/lib/python3.7/site-packages/airflow/example_dags/example_local_kubernetes_executor.py took 0.173 seconds
[2024-01-30T19:08:05.477+0000] {processor.py:154} INFO - Started process (PID=2353) to work on /home/airflow/.local/lib/python3.7/site-packages/airflow/example_dags/example_local_kubernetes_executor.py
[2024-01-30T19:08:05.479+0000] {processor.py:756} INFO - Processing file /home/airflow/.local/lib/python3.7/site-packages/airflow/example_dags/example_local_kubernetes_executor.py for tasks to queue
[2024-01-30T19:08:05.502+0000] {logging_mixin.py:120} INFO - [2024-01-30T19:08:05.501+0000] {dagbag.py:537} INFO - Filling up the DagBag from /home/airflow/.local/lib/python3.7/site-packages/airflow/example_dags/example_local_kubernetes_executor.py
[2024-01-30T19:08:05.546+0000] {processor.py:766} INFO - DAG(s) dict_keys(['example_local_kubernetes_executor']) retrieved from /home/airflow/.local/lib/python3.7/site-packages/airflow/example_dags/example_local_kubernetes_executor.py
[2024-01-30T19:08:05.624+0000] {logging_mixin.py:120} INFO - [2024-01-30T19:08:05.624+0000] {dag.py:2585} INFO - Sync 1 DAGs
[2024-01-30T19:08:05.664+0000] {logging_mixin.py:120} INFO - [2024-01-30T19:08:05.663+0000] {dag.py:3340} INFO - Setting next_dagrun for example_local_kubernetes_executor to None, run_after=None
[2024-01-30T19:08:05.691+0000] {processor.py:176} INFO - Processing /home/airflow/.local/lib/python3.7/site-packages/airflow/example_dags/example_local_kubernetes_executor.py took 0.220 seconds
[2024-01-30T19:08:35.795+0000] {processor.py:154} INFO - Started process (PID=2410) to work on /home/airflow/.local/lib/python3.7/site-packages/airflow/example_dags/example_local_kubernetes_executor.py
[2024-01-30T19:08:35.797+0000] {processor.py:756} INFO - Processing file /home/airflow/.local/lib/python3.7/site-packages/airflow/example_dags/example_local_kubernetes_executor.py for tasks to queue
[2024-01-30T19:08:35.798+0000] {logging_mixin.py:120} INFO - [2024-01-30T19:08:35.798+0000] {dagbag.py:537} INFO - Filling up the DagBag from /home/airflow/.local/lib/python3.7/site-packages/airflow/example_dags/example_local_kubernetes_executor.py
[2024-01-30T19:08:35.829+0000] {processor.py:766} INFO - DAG(s) dict_keys(['example_local_kubernetes_executor']) retrieved from /home/airflow/.local/lib/python3.7/site-packages/airflow/example_dags/example_local_kubernetes_executor.py
[2024-01-30T19:08:35.881+0000] {logging_mixin.py:120} INFO - [2024-01-30T19:08:35.881+0000] {dag.py:2585} INFO - Sync 1 DAGs
[2024-01-30T19:08:35.914+0000] {logging_mixin.py:120} INFO - [2024-01-30T19:08:35.914+0000] {dag.py:3340} INFO - Setting next_dagrun for example_local_kubernetes_executor to None, run_after=None
[2024-01-30T19:08:35.940+0000] {processor.py:176} INFO - Processing /home/airflow/.local/lib/python3.7/site-packages/airflow/example_dags/example_local_kubernetes_executor.py took 0.149 seconds
[2024-01-30T19:09:06.257+0000] {processor.py:154} INFO - Started process (PID=2474) to work on /home/airflow/.local/lib/python3.7/site-packages/airflow/example_dags/example_local_kubernetes_executor.py
[2024-01-30T19:09:06.258+0000] {processor.py:756} INFO - Processing file /home/airflow/.local/lib/python3.7/site-packages/airflow/example_dags/example_local_kubernetes_executor.py for tasks to queue
[2024-01-30T19:09:06.260+0000] {logging_mixin.py:120} INFO - [2024-01-30T19:09:06.259+0000] {dagbag.py:537} INFO - Filling up the DagBag from /home/airflow/.local/lib/python3.7/site-packages/airflow/example_dags/example_local_kubernetes_executor.py
[2024-01-30T19:09:06.291+0000] {processor.py:766} INFO - DAG(s) dict_keys(['example_local_kubernetes_executor']) retrieved from /home/airflow/.local/lib/python3.7/site-packages/airflow/example_dags/example_local_kubernetes_executor.py
[2024-01-30T19:09:06.342+0000] {logging_mixin.py:120} INFO - [2024-01-30T19:09:06.342+0000] {dag.py:2585} INFO - Sync 1 DAGs
[2024-01-30T19:09:06.416+0000] {logging_mixin.py:120} INFO - [2024-01-30T19:09:06.416+0000] {dag.py:3340} INFO - Setting next_dagrun for example_local_kubernetes_executor to None, run_after=None
[2024-01-30T19:09:06.451+0000] {processor.py:176} INFO - Processing /home/airflow/.local/lib/python3.7/site-packages/airflow/example_dags/example_local_kubernetes_executor.py took 0.199 seconds
[2024-01-30T19:09:36.896+0000] {processor.py:154} INFO - Started process (PID=2532) to work on /home/airflow/.local/lib/python3.7/site-packages/airflow/example_dags/example_local_kubernetes_executor.py
[2024-01-30T19:09:36.897+0000] {processor.py:756} INFO - Processing file /home/airflow/.local/lib/python3.7/site-packages/airflow/example_dags/example_local_kubernetes_executor.py for tasks to queue
[2024-01-30T19:09:36.898+0000] {logging_mixin.py:120} INFO - [2024-01-30T19:09:36.898+0000] {dagbag.py:537} INFO - Filling up the DagBag from /home/airflow/.local/lib/python3.7/site-packages/airflow/example_dags/example_local_kubernetes_executor.py
[2024-01-30T19:09:36.933+0000] {processor.py:766} INFO - DAG(s) dict_keys(['example_local_kubernetes_executor']) retrieved from /home/airflow/.local/lib/python3.7/site-packages/airflow/example_dags/example_local_kubernetes_executor.py
[2024-01-30T19:09:37.005+0000] {logging_mixin.py:120} INFO - [2024-01-30T19:09:37.005+0000] {dag.py:2585} INFO - Sync 1 DAGs
[2024-01-30T19:09:37.042+0000] {logging_mixin.py:120} INFO - [2024-01-30T19:09:37.042+0000] {dag.py:3340} INFO - Setting next_dagrun for example_local_kubernetes_executor to None, run_after=None
[2024-01-30T19:09:37.067+0000] {processor.py:176} INFO - Processing /home/airflow/.local/lib/python3.7/site-packages/airflow/example_dags/example_local_kubernetes_executor.py took 0.177 seconds
[2024-01-30T19:10:07.573+0000] {processor.py:154} INFO - Started process (PID=2596) to work on /home/airflow/.local/lib/python3.7/site-packages/airflow/example_dags/example_local_kubernetes_executor.py
[2024-01-30T19:10:07.576+0000] {processor.py:756} INFO - Processing file /home/airflow/.local/lib/python3.7/site-packages/airflow/example_dags/example_local_kubernetes_executor.py for tasks to queue
[2024-01-30T19:10:07.578+0000] {logging_mixin.py:120} INFO - [2024-01-30T19:10:07.578+0000] {dagbag.py:537} INFO - Filling up the DagBag from /home/airflow/.local/lib/python3.7/site-packages/airflow/example_dags/example_local_kubernetes_executor.py
[2024-01-30T19:10:07.630+0000] {processor.py:766} INFO - DAG(s) dict_keys(['example_local_kubernetes_executor']) retrieved from /home/airflow/.local/lib/python3.7/site-packages/airflow/example_dags/example_local_kubernetes_executor.py
[2024-01-30T19:10:07.718+0000] {logging_mixin.py:120} INFO - [2024-01-30T19:10:07.717+0000] {dag.py:2585} INFO - Sync 1 DAGs
[2024-01-30T19:10:07.761+0000] {logging_mixin.py:120} INFO - [2024-01-30T19:10:07.761+0000] {dag.py:3340} INFO - Setting next_dagrun for example_local_kubernetes_executor to None, run_after=None
[2024-01-30T19:10:07.797+0000] {processor.py:176} INFO - Processing /home/airflow/.local/lib/python3.7/site-packages/airflow/example_dags/example_local_kubernetes_executor.py took 0.233 seconds
[2024-01-30T19:10:38.138+0000] {processor.py:154} INFO - Started process (PID=2663) to work on /home/airflow/.local/lib/python3.7/site-packages/airflow/example_dags/example_local_kubernetes_executor.py
[2024-01-30T19:10:38.140+0000] {processor.py:756} INFO - Processing file /home/airflow/.local/lib/python3.7/site-packages/airflow/example_dags/example_local_kubernetes_executor.py for tasks to queue
[2024-01-30T19:10:38.142+0000] {logging_mixin.py:120} INFO - [2024-01-30T19:10:38.141+0000] {dagbag.py:537} INFO - Filling up the DagBag from /home/airflow/.local/lib/python3.7/site-packages/airflow/example_dags/example_local_kubernetes_executor.py
[2024-01-30T19:10:38.176+0000] {processor.py:766} INFO - DAG(s) dict_keys(['example_local_kubernetes_executor']) retrieved from /home/airflow/.local/lib/python3.7/site-packages/airflow/example_dags/example_local_kubernetes_executor.py
[2024-01-30T19:10:38.227+0000] {logging_mixin.py:120} INFO - [2024-01-30T19:10:38.227+0000] {dag.py:2585} INFO - Sync 1 DAGs
[2024-01-30T19:10:38.259+0000] {logging_mixin.py:120} INFO - [2024-01-30T19:10:38.258+0000] {dag.py:3340} INFO - Setting next_dagrun for example_local_kubernetes_executor to None, run_after=None
[2024-01-30T19:10:38.294+0000] {processor.py:176} INFO - Processing /home/airflow/.local/lib/python3.7/site-packages/airflow/example_dags/example_local_kubernetes_executor.py took 0.164 seconds
[2024-01-30T19:11:08.791+0000] {processor.py:154} INFO - Started process (PID=2718) to work on /home/airflow/.local/lib/python3.7/site-packages/airflow/example_dags/example_local_kubernetes_executor.py
[2024-01-30T19:11:08.792+0000] {processor.py:756} INFO - Processing file /home/airflow/.local/lib/python3.7/site-packages/airflow/example_dags/example_local_kubernetes_executor.py for tasks to queue
[2024-01-30T19:11:08.794+0000] {logging_mixin.py:120} INFO - [2024-01-30T19:11:08.794+0000] {dagbag.py:537} INFO - Filling up the DagBag from /home/airflow/.local/lib/python3.7/site-packages/airflow/example_dags/example_local_kubernetes_executor.py
[2024-01-30T19:11:08.826+0000] {processor.py:766} INFO - DAG(s) dict_keys(['example_local_kubernetes_executor']) retrieved from /home/airflow/.local/lib/python3.7/site-packages/airflow/example_dags/example_local_kubernetes_executor.py
[2024-01-30T19:11:08.880+0000] {logging_mixin.py:120} INFO - [2024-01-30T19:11:08.880+0000] {dag.py:2585} INFO - Sync 1 DAGs
[2024-01-30T19:11:08.910+0000] {logging_mixin.py:120} INFO - [2024-01-30T19:11:08.910+0000] {dag.py:3340} INFO - Setting next_dagrun for example_local_kubernetes_executor to None, run_after=None
[2024-01-30T19:11:08.934+0000] {processor.py:176} INFO - Processing /home/airflow/.local/lib/python3.7/site-packages/airflow/example_dags/example_local_kubernetes_executor.py took 0.147 seconds
[2024-01-30T19:11:39.017+0000] {processor.py:154} INFO - Started process (PID=2785) to work on /home/airflow/.local/lib/python3.7/site-packages/airflow/example_dags/example_local_kubernetes_executor.py
[2024-01-30T19:11:39.019+0000] {processor.py:756} INFO - Processing file /home/airflow/.local/lib/python3.7/site-packages/airflow/example_dags/example_local_kubernetes_executor.py for tasks to queue
[2024-01-30T19:11:39.020+0000] {logging_mixin.py:120} INFO - [2024-01-30T19:11:39.020+0000] {dagbag.py:537} INFO - Filling up the DagBag from /home/airflow/.local/lib/python3.7/site-packages/airflow/example_dags/example_local_kubernetes_executor.py
[2024-01-30T19:11:39.049+0000] {processor.py:766} INFO - DAG(s) dict_keys(['example_local_kubernetes_executor']) retrieved from /home/airflow/.local/lib/python3.7/site-packages/airflow/example_dags/example_local_kubernetes_executor.py
[2024-01-30T19:11:39.096+0000] {logging_mixin.py:120} INFO - [2024-01-30T19:11:39.096+0000] {dag.py:2585} INFO - Sync 1 DAGs
[2024-01-30T19:11:39.125+0000] {logging_mixin.py:120} INFO - [2024-01-30T19:11:39.125+0000] {dag.py:3340} INFO - Setting next_dagrun for example_local_kubernetes_executor to None, run_after=None
[2024-01-30T19:11:39.147+0000] {processor.py:176} INFO - Processing /home/airflow/.local/lib/python3.7/site-packages/airflow/example_dags/example_local_kubernetes_executor.py took 0.135 seconds
[2024-01-30T19:12:09.351+0000] {processor.py:154} INFO - Started process (PID=2841) to work on /home/airflow/.local/lib/python3.7/site-packages/airflow/example_dags/example_local_kubernetes_executor.py
[2024-01-30T19:12:09.353+0000] {processor.py:756} INFO - Processing file /home/airflow/.local/lib/python3.7/site-packages/airflow/example_dags/example_local_kubernetes_executor.py for tasks to queue
[2024-01-30T19:12:09.354+0000] {logging_mixin.py:120} INFO - [2024-01-30T19:12:09.354+0000] {dagbag.py:537} INFO - Filling up the DagBag from /home/airflow/.local/lib/python3.7/site-packages/airflow/example_dags/example_local_kubernetes_executor.py
[2024-01-30T19:12:09.390+0000] {processor.py:766} INFO - DAG(s) dict_keys(['example_local_kubernetes_executor']) retrieved from /home/airflow/.local/lib/python3.7/site-packages/airflow/example_dags/example_local_kubernetes_executor.py
[2024-01-30T19:12:09.444+0000] {logging_mixin.py:120} INFO - [2024-01-30T19:12:09.444+0000] {dag.py:2585} INFO - Sync 1 DAGs
[2024-01-30T19:12:09.480+0000] {logging_mixin.py:120} INFO - [2024-01-30T19:12:09.480+0000] {dag.py:3340} INFO - Setting next_dagrun for example_local_kubernetes_executor to None, run_after=None
[2024-01-30T19:12:09.509+0000] {processor.py:176} INFO - Processing /home/airflow/.local/lib/python3.7/site-packages/airflow/example_dags/example_local_kubernetes_executor.py took 0.164 seconds
[2024-01-30T19:12:40.015+0000] {processor.py:154} INFO - Started process (PID=2907) to work on /home/airflow/.local/lib/python3.7/site-packages/airflow/example_dags/example_local_kubernetes_executor.py
[2024-01-30T19:12:40.017+0000] {processor.py:756} INFO - Processing file /home/airflow/.local/lib/python3.7/site-packages/airflow/example_dags/example_local_kubernetes_executor.py for tasks to queue
[2024-01-30T19:12:40.020+0000] {logging_mixin.py:120} INFO - [2024-01-30T19:12:40.019+0000] {dagbag.py:537} INFO - Filling up the DagBag from /home/airflow/.local/lib/python3.7/site-packages/airflow/example_dags/example_local_kubernetes_executor.py
[2024-01-30T19:12:40.068+0000] {processor.py:766} INFO - DAG(s) dict_keys(['example_local_kubernetes_executor']) retrieved from /home/airflow/.local/lib/python3.7/site-packages/airflow/example_dags/example_local_kubernetes_executor.py
[2024-01-30T19:12:40.135+0000] {logging_mixin.py:120} INFO - [2024-01-30T19:12:40.135+0000] {dag.py:2585} INFO - Sync 1 DAGs
[2024-01-30T19:12:40.181+0000] {logging_mixin.py:120} INFO - [2024-01-30T19:12:40.181+0000] {dag.py:3340} INFO - Setting next_dagrun for example_local_kubernetes_executor to None, run_after=None
[2024-01-30T19:12:40.222+0000] {processor.py:176} INFO - Processing /home/airflow/.local/lib/python3.7/site-packages/airflow/example_dags/example_local_kubernetes_executor.py took 0.215 seconds
[2024-01-30T19:13:10.611+0000] {processor.py:154} INFO - Started process (PID=2972) to work on /home/airflow/.local/lib/python3.7/site-packages/airflow/example_dags/example_local_kubernetes_executor.py
[2024-01-30T19:13:10.613+0000] {processor.py:756} INFO - Processing file /home/airflow/.local/lib/python3.7/site-packages/airflow/example_dags/example_local_kubernetes_executor.py for tasks to queue
[2024-01-30T19:13:10.614+0000] {logging_mixin.py:120} INFO - [2024-01-30T19:13:10.614+0000] {dagbag.py:537} INFO - Filling up the DagBag from /home/airflow/.local/lib/python3.7/site-packages/airflow/example_dags/example_local_kubernetes_executor.py
[2024-01-30T19:13:10.650+0000] {processor.py:766} INFO - DAG(s) dict_keys(['example_local_kubernetes_executor']) retrieved from /home/airflow/.local/lib/python3.7/site-packages/airflow/example_dags/example_local_kubernetes_executor.py
[2024-01-30T19:13:10.722+0000] {logging_mixin.py:120} INFO - [2024-01-30T19:13:10.722+0000] {dag.py:2585} INFO - Sync 1 DAGs
[2024-01-30T19:13:10.766+0000] {logging_mixin.py:120} INFO - [2024-01-30T19:13:10.766+0000] {dag.py:3340} INFO - Setting next_dagrun for example_local_kubernetes_executor to None, run_after=None
[2024-01-30T19:13:10.796+0000] {processor.py:176} INFO - Processing /home/airflow/.local/lib/python3.7/site-packages/airflow/example_dags/example_local_kubernetes_executor.py took 0.189 seconds
[2024-01-30T19:13:41.020+0000] {processor.py:154} INFO - Started process (PID=3028) to work on /home/airflow/.local/lib/python3.7/site-packages/airflow/example_dags/example_local_kubernetes_executor.py
[2024-01-30T19:13:41.022+0000] {processor.py:756} INFO - Processing file /home/airflow/.local/lib/python3.7/site-packages/airflow/example_dags/example_local_kubernetes_executor.py for tasks to queue
[2024-01-30T19:13:41.024+0000] {logging_mixin.py:120} INFO - [2024-01-30T19:13:41.024+0000] {dagbag.py:537} INFO - Filling up the DagBag from /home/airflow/.local/lib/python3.7/site-packages/airflow/example_dags/example_local_kubernetes_executor.py
[2024-01-30T19:13:41.062+0000] {processor.py:766} INFO - DAG(s) dict_keys(['example_local_kubernetes_executor']) retrieved from /home/airflow/.local/lib/python3.7/site-packages/airflow/example_dags/example_local_kubernetes_executor.py
[2024-01-30T19:13:41.122+0000] {logging_mixin.py:120} INFO - [2024-01-30T19:13:41.122+0000] {dag.py:2585} INFO - Sync 1 DAGs
[2024-01-30T19:13:41.169+0000] {logging_mixin.py:120} INFO - [2024-01-30T19:13:41.169+0000] {dag.py:3340} INFO - Setting next_dagrun for example_local_kubernetes_executor to None, run_after=None
[2024-01-30T19:13:41.196+0000] {processor.py:176} INFO - Processing /home/airflow/.local/lib/python3.7/site-packages/airflow/example_dags/example_local_kubernetes_executor.py took 0.183 seconds
[2024-01-30T19:14:11.422+0000] {processor.py:154} INFO - Started process (PID=3093) to work on /home/airflow/.local/lib/python3.7/site-packages/airflow/example_dags/example_local_kubernetes_executor.py
[2024-01-30T19:14:11.423+0000] {processor.py:756} INFO - Processing file /home/airflow/.local/lib/python3.7/site-packages/airflow/example_dags/example_local_kubernetes_executor.py for tasks to queue
[2024-01-30T19:14:11.425+0000] {logging_mixin.py:120} INFO - [2024-01-30T19:14:11.424+0000] {dagbag.py:537} INFO - Filling up the DagBag from /home/airflow/.local/lib/python3.7/site-packages/airflow/example_dags/example_local_kubernetes_executor.py
[2024-01-30T19:14:11.458+0000] {processor.py:766} INFO - DAG(s) dict_keys(['example_local_kubernetes_executor']) retrieved from /home/airflow/.local/lib/python3.7/site-packages/airflow/example_dags/example_local_kubernetes_executor.py
[2024-01-30T19:14:11.537+0000] {logging_mixin.py:120} INFO - [2024-01-30T19:14:11.536+0000] {dag.py:2585} INFO - Sync 1 DAGs
[2024-01-30T19:14:11.581+0000] {logging_mixin.py:120} INFO - [2024-01-30T19:14:11.581+0000] {dag.py:3340} INFO - Setting next_dagrun for example_local_kubernetes_executor to None, run_after=None
[2024-01-30T19:14:11.622+0000] {processor.py:176} INFO - Processing /home/airflow/.local/lib/python3.7/site-packages/airflow/example_dags/example_local_kubernetes_executor.py took 0.205 seconds
[2024-01-30T19:14:41.931+0000] {processor.py:154} INFO - Started process (PID=3149) to work on /home/airflow/.local/lib/python3.7/site-packages/airflow/example_dags/example_local_kubernetes_executor.py
[2024-01-30T19:14:41.933+0000] {processor.py:756} INFO - Processing file /home/airflow/.local/lib/python3.7/site-packages/airflow/example_dags/example_local_kubernetes_executor.py for tasks to queue
[2024-01-30T19:14:41.935+0000] {logging_mixin.py:120} INFO - [2024-01-30T19:14:41.934+0000] {dagbag.py:537} INFO - Filling up the DagBag from /home/airflow/.local/lib/python3.7/site-packages/airflow/example_dags/example_local_kubernetes_executor.py
[2024-01-30T19:14:41.971+0000] {processor.py:766} INFO - DAG(s) dict_keys(['example_local_kubernetes_executor']) retrieved from /home/airflow/.local/lib/python3.7/site-packages/airflow/example_dags/example_local_kubernetes_executor.py
[2024-01-30T19:14:42.036+0000] {logging_mixin.py:120} INFO - [2024-01-30T19:14:42.036+0000] {dag.py:2585} INFO - Sync 1 DAGs
[2024-01-30T19:14:42.083+0000] {logging_mixin.py:120} INFO - [2024-01-30T19:14:42.082+0000] {dag.py:3340} INFO - Setting next_dagrun for example_local_kubernetes_executor to None, run_after=None
[2024-01-30T19:14:42.124+0000] {processor.py:176} INFO - Processing /home/airflow/.local/lib/python3.7/site-packages/airflow/example_dags/example_local_kubernetes_executor.py took 0.198 seconds
[2024-01-30T19:15:12.325+0000] {processor.py:154} INFO - Started process (PID=3214) to work on /home/airflow/.local/lib/python3.7/site-packages/airflow/example_dags/example_local_kubernetes_executor.py
[2024-01-30T19:15:12.326+0000] {processor.py:756} INFO - Processing file /home/airflow/.local/lib/python3.7/site-packages/airflow/example_dags/example_local_kubernetes_executor.py for tasks to queue
[2024-01-30T19:15:12.327+0000] {logging_mixin.py:120} INFO - [2024-01-30T19:15:12.327+0000] {dagbag.py:537} INFO - Filling up the DagBag from /home/airflow/.local/lib/python3.7/site-packages/airflow/example_dags/example_local_kubernetes_executor.py
[2024-01-30T19:15:12.356+0000] {processor.py:766} INFO - DAG(s) dict_keys(['example_local_kubernetes_executor']) retrieved from /home/airflow/.local/lib/python3.7/site-packages/airflow/example_dags/example_local_kubernetes_executor.py
[2024-01-30T19:15:12.405+0000] {logging_mixin.py:120} INFO - [2024-01-30T19:15:12.405+0000] {dag.py:2585} INFO - Sync 1 DAGs
[2024-01-30T19:15:12.435+0000] {logging_mixin.py:120} INFO - [2024-01-30T19:15:12.435+0000] {dag.py:3340} INFO - Setting next_dagrun for example_local_kubernetes_executor to None, run_after=None
[2024-01-30T19:15:12.462+0000] {processor.py:176} INFO - Processing /home/airflow/.local/lib/python3.7/site-packages/airflow/example_dags/example_local_kubernetes_executor.py took 0.142 seconds
[2024-01-30T19:15:43.211+0000] {processor.py:154} INFO - Started process (PID=3278) to work on /home/airflow/.local/lib/python3.7/site-packages/airflow/example_dags/example_local_kubernetes_executor.py
[2024-01-30T19:15:43.213+0000] {processor.py:756} INFO - Processing file /home/airflow/.local/lib/python3.7/site-packages/airflow/example_dags/example_local_kubernetes_executor.py for tasks to queue
[2024-01-30T19:15:43.214+0000] {logging_mixin.py:120} INFO - [2024-01-30T19:15:43.214+0000] {dagbag.py:537} INFO - Filling up the DagBag from /home/airflow/.local/lib/python3.7/site-packages/airflow/example_dags/example_local_kubernetes_executor.py
[2024-01-30T19:15:43.246+0000] {processor.py:766} INFO - DAG(s) dict_keys(['example_local_kubernetes_executor']) retrieved from /home/airflow/.local/lib/python3.7/site-packages/airflow/example_dags/example_local_kubernetes_executor.py
[2024-01-30T19:15:43.300+0000] {logging_mixin.py:120} INFO - [2024-01-30T19:15:43.300+0000] {dag.py:2585} INFO - Sync 1 DAGs
[2024-01-30T19:15:43.332+0000] {logging_mixin.py:120} INFO - [2024-01-30T19:15:43.332+0000] {dag.py:3340} INFO - Setting next_dagrun for example_local_kubernetes_executor to None, run_after=None
[2024-01-30T19:15:43.360+0000] {processor.py:176} INFO - Processing /home/airflow/.local/lib/python3.7/site-packages/airflow/example_dags/example_local_kubernetes_executor.py took 0.154 seconds
[2024-01-30T19:16:13.768+0000] {processor.py:154} INFO - Started process (PID=3334) to work on /home/airflow/.local/lib/python3.7/site-packages/airflow/example_dags/example_local_kubernetes_executor.py
[2024-01-30T19:16:13.770+0000] {processor.py:756} INFO - Processing file /home/airflow/.local/lib/python3.7/site-packages/airflow/example_dags/example_local_kubernetes_executor.py for tasks to queue
[2024-01-30T19:16:13.771+0000] {logging_mixin.py:120} INFO - [2024-01-30T19:16:13.771+0000] {dagbag.py:537} INFO - Filling up the DagBag from /home/airflow/.local/lib/python3.7/site-packages/airflow/example_dags/example_local_kubernetes_executor.py
[2024-01-30T19:16:13.814+0000] {processor.py:766} INFO - DAG(s) dict_keys(['example_local_kubernetes_executor']) retrieved from /home/airflow/.local/lib/python3.7/site-packages/airflow/example_dags/example_local_kubernetes_executor.py
[2024-01-30T19:16:13.884+0000] {logging_mixin.py:120} INFO - [2024-01-30T19:16:13.884+0000] {dag.py:2585} INFO - Sync 1 DAGs
[2024-01-30T19:16:13.934+0000] {logging_mixin.py:120} INFO - [2024-01-30T19:16:13.934+0000] {dag.py:3340} INFO - Setting next_dagrun for example_local_kubernetes_executor to None, run_after=None
[2024-01-30T19:16:13.968+0000] {processor.py:176} INFO - Processing /home/airflow/.local/lib/python3.7/site-packages/airflow/example_dags/example_local_kubernetes_executor.py took 0.206 seconds
[2024-01-30T19:16:44.034+0000] {processor.py:154} INFO - Started process (PID=3400) to work on /home/airflow/.local/lib/python3.7/site-packages/airflow/example_dags/example_local_kubernetes_executor.py
[2024-01-30T19:16:44.035+0000] {processor.py:756} INFO - Processing file /home/airflow/.local/lib/python3.7/site-packages/airflow/example_dags/example_local_kubernetes_executor.py for tasks to queue
[2024-01-30T19:16:44.036+0000] {logging_mixin.py:120} INFO - [2024-01-30T19:16:44.036+0000] {dagbag.py:537} INFO - Filling up the DagBag from /home/airflow/.local/lib/python3.7/site-packages/airflow/example_dags/example_local_kubernetes_executor.py
[2024-01-30T19:16:44.065+0000] {processor.py:766} INFO - DAG(s) dict_keys(['example_local_kubernetes_executor']) retrieved from /home/airflow/.local/lib/python3.7/site-packages/airflow/example_dags/example_local_kubernetes_executor.py
[2024-01-30T19:16:44.117+0000] {logging_mixin.py:120} INFO - [2024-01-30T19:16:44.116+0000] {dag.py:2585} INFO - Sync 1 DAGs
[2024-01-30T19:16:44.147+0000] {logging_mixin.py:120} INFO - [2024-01-30T19:16:44.147+0000] {dag.py:3340} INFO - Setting next_dagrun for example_local_kubernetes_executor to None, run_after=None
[2024-01-30T19:16:44.172+0000] {processor.py:176} INFO - Processing /home/airflow/.local/lib/python3.7/site-packages/airflow/example_dags/example_local_kubernetes_executor.py took 0.142 seconds
[2024-01-30T19:17:15.070+0000] {processor.py:154} INFO - Started process (PID=3465) to work on /home/airflow/.local/lib/python3.7/site-packages/airflow/example_dags/example_local_kubernetes_executor.py
[2024-01-30T19:17:15.071+0000] {processor.py:756} INFO - Processing file /home/airflow/.local/lib/python3.7/site-packages/airflow/example_dags/example_local_kubernetes_executor.py for tasks to queue
[2024-01-30T19:17:15.073+0000] {logging_mixin.py:120} INFO - [2024-01-30T19:17:15.073+0000] {dagbag.py:537} INFO - Filling up the DagBag from /home/airflow/.local/lib/python3.7/site-packages/airflow/example_dags/example_local_kubernetes_executor.py
[2024-01-30T19:17:15.103+0000] {processor.py:766} INFO - DAG(s) dict_keys(['example_local_kubernetes_executor']) retrieved from /home/airflow/.local/lib/python3.7/site-packages/airflow/example_dags/example_local_kubernetes_executor.py
[2024-01-30T19:17:15.203+0000] {logging_mixin.py:120} INFO - [2024-01-30T19:17:15.203+0000] {dag.py:2585} INFO - Sync 1 DAGs
[2024-01-30T19:17:15.283+0000] {logging_mixin.py:120} INFO - [2024-01-30T19:17:15.283+0000] {dag.py:3340} INFO - Setting next_dagrun for example_local_kubernetes_executor to None, run_after=None
[2024-01-30T19:17:15.316+0000] {processor.py:176} INFO - Processing /home/airflow/.local/lib/python3.7/site-packages/airflow/example_dags/example_local_kubernetes_executor.py took 0.250 seconds
[2024-01-30T19:17:45.596+0000] {processor.py:154} INFO - Started process (PID=3521) to work on /home/airflow/.local/lib/python3.7/site-packages/airflow/example_dags/example_local_kubernetes_executor.py
[2024-01-30T19:17:45.597+0000] {processor.py:756} INFO - Processing file /home/airflow/.local/lib/python3.7/site-packages/airflow/example_dags/example_local_kubernetes_executor.py for tasks to queue
[2024-01-30T19:17:45.599+0000] {logging_mixin.py:120} INFO - [2024-01-30T19:17:45.598+0000] {dagbag.py:537} INFO - Filling up the DagBag from /home/airflow/.local/lib/python3.7/site-packages/airflow/example_dags/example_local_kubernetes_executor.py
[2024-01-30T19:17:45.631+0000] {processor.py:766} INFO - DAG(s) dict_keys(['example_local_kubernetes_executor']) retrieved from /home/airflow/.local/lib/python3.7/site-packages/airflow/example_dags/example_local_kubernetes_executor.py
[2024-01-30T19:17:45.695+0000] {logging_mixin.py:120} INFO - [2024-01-30T19:17:45.695+0000] {dag.py:2585} INFO - Sync 1 DAGs
[2024-01-30T19:17:45.738+0000] {logging_mixin.py:120} INFO - [2024-01-30T19:17:45.738+0000] {dag.py:3340} INFO - Setting next_dagrun for example_local_kubernetes_executor to None, run_after=None
[2024-01-30T19:17:45.768+0000] {processor.py:176} INFO - Processing /home/airflow/.local/lib/python3.7/site-packages/airflow/example_dags/example_local_kubernetes_executor.py took 0.177 seconds
[2024-01-30T19:18:16.313+0000] {processor.py:154} INFO - Started process (PID=3587) to work on /home/airflow/.local/lib/python3.7/site-packages/airflow/example_dags/example_local_kubernetes_executor.py
[2024-01-30T19:18:16.314+0000] {processor.py:756} INFO - Processing file /home/airflow/.local/lib/python3.7/site-packages/airflow/example_dags/example_local_kubernetes_executor.py for tasks to queue
[2024-01-30T19:18:16.315+0000] {logging_mixin.py:120} INFO - [2024-01-30T19:18:16.315+0000] {dagbag.py:537} INFO - Filling up the DagBag from /home/airflow/.local/lib/python3.7/site-packages/airflow/example_dags/example_local_kubernetes_executor.py
[2024-01-30T19:18:16.342+0000] {processor.py:766} INFO - DAG(s) dict_keys(['example_local_kubernetes_executor']) retrieved from /home/airflow/.local/lib/python3.7/site-packages/airflow/example_dags/example_local_kubernetes_executor.py
[2024-01-30T19:18:16.389+0000] {logging_mixin.py:120} INFO - [2024-01-30T19:18:16.388+0000] {dag.py:2585} INFO - Sync 1 DAGs
[2024-01-30T19:18:16.419+0000] {logging_mixin.py:120} INFO - [2024-01-30T19:18:16.419+0000] {dag.py:3340} INFO - Setting next_dagrun for example_local_kubernetes_executor to None, run_after=None
[2024-01-30T19:18:16.442+0000] {processor.py:176} INFO - Processing /home/airflow/.local/lib/python3.7/site-packages/airflow/example_dags/example_local_kubernetes_executor.py took 0.133 seconds
[2024-01-30T19:18:46.824+0000] {processor.py:154} INFO - Started process (PID=3652) to work on /home/airflow/.local/lib/python3.7/site-packages/airflow/example_dags/example_local_kubernetes_executor.py
[2024-01-30T19:18:46.825+0000] {processor.py:756} INFO - Processing file /home/airflow/.local/lib/python3.7/site-packages/airflow/example_dags/example_local_kubernetes_executor.py for tasks to queue
[2024-01-30T19:18:46.826+0000] {logging_mixin.py:120} INFO - [2024-01-30T19:18:46.826+0000] {dagbag.py:537} INFO - Filling up the DagBag from /home/airflow/.local/lib/python3.7/site-packages/airflow/example_dags/example_local_kubernetes_executor.py
[2024-01-30T19:18:46.853+0000] {processor.py:766} INFO - DAG(s) dict_keys(['example_local_kubernetes_executor']) retrieved from /home/airflow/.local/lib/python3.7/site-packages/airflow/example_dags/example_local_kubernetes_executor.py
[2024-01-30T19:18:46.900+0000] {logging_mixin.py:120} INFO - [2024-01-30T19:18:46.900+0000] {dag.py:2585} INFO - Sync 1 DAGs
[2024-01-30T19:18:46.937+0000] {logging_mixin.py:120} INFO - [2024-01-30T19:18:46.936+0000] {dag.py:3340} INFO - Setting next_dagrun for example_local_kubernetes_executor to None, run_after=None
[2024-01-30T19:18:46.960+0000] {processor.py:176} INFO - Processing /home/airflow/.local/lib/python3.7/site-packages/airflow/example_dags/example_local_kubernetes_executor.py took 0.140 seconds
[2024-01-30T19:19:17.115+0000] {processor.py:154} INFO - Started process (PID=3708) to work on /home/airflow/.local/lib/python3.7/site-packages/airflow/example_dags/example_local_kubernetes_executor.py
[2024-01-30T19:19:17.116+0000] {processor.py:756} INFO - Processing file /home/airflow/.local/lib/python3.7/site-packages/airflow/example_dags/example_local_kubernetes_executor.py for tasks to queue
[2024-01-30T19:19:17.118+0000] {logging_mixin.py:120} INFO - [2024-01-30T19:19:17.117+0000] {dagbag.py:537} INFO - Filling up the DagBag from /home/airflow/.local/lib/python3.7/site-packages/airflow/example_dags/example_local_kubernetes_executor.py
[2024-01-30T19:19:17.150+0000] {processor.py:766} INFO - DAG(s) dict_keys(['example_local_kubernetes_executor']) retrieved from /home/airflow/.local/lib/python3.7/site-packages/airflow/example_dags/example_local_kubernetes_executor.py
[2024-01-30T19:19:17.201+0000] {logging_mixin.py:120} INFO - [2024-01-30T19:19:17.200+0000] {dag.py:2585} INFO - Sync 1 DAGs
[2024-01-30T19:19:17.231+0000] {logging_mixin.py:120} INFO - [2024-01-30T19:19:17.231+0000] {dag.py:3340} INFO - Setting next_dagrun for example_local_kubernetes_executor to None, run_after=None
[2024-01-30T19:19:17.252+0000] {processor.py:176} INFO - Processing /home/airflow/.local/lib/python3.7/site-packages/airflow/example_dags/example_local_kubernetes_executor.py took 0.142 seconds
[2024-01-30T19:19:47.699+0000] {processor.py:154} INFO - Started process (PID=3773) to work on /home/airflow/.local/lib/python3.7/site-packages/airflow/example_dags/example_local_kubernetes_executor.py
[2024-01-30T19:19:47.700+0000] {processor.py:756} INFO - Processing file /home/airflow/.local/lib/python3.7/site-packages/airflow/example_dags/example_local_kubernetes_executor.py for tasks to queue
[2024-01-30T19:19:47.702+0000] {logging_mixin.py:120} INFO - [2024-01-30T19:19:47.701+0000] {dagbag.py:537} INFO - Filling up the DagBag from /home/airflow/.local/lib/python3.7/site-packages/airflow/example_dags/example_local_kubernetes_executor.py
[2024-01-30T19:19:47.733+0000] {processor.py:766} INFO - DAG(s) dict_keys(['example_local_kubernetes_executor']) retrieved from /home/airflow/.local/lib/python3.7/site-packages/airflow/example_dags/example_local_kubernetes_executor.py
[2024-01-30T19:19:47.781+0000] {logging_mixin.py:120} INFO - [2024-01-30T19:19:47.780+0000] {dag.py:2585} INFO - Sync 1 DAGs
[2024-01-30T19:19:47.811+0000] {logging_mixin.py:120} INFO - [2024-01-30T19:19:47.810+0000] {dag.py:3340} INFO - Setting next_dagrun for example_local_kubernetes_executor to None, run_after=None
[2024-01-30T19:19:47.833+0000] {processor.py:176} INFO - Processing /home/airflow/.local/lib/python3.7/site-packages/airflow/example_dags/example_local_kubernetes_executor.py took 0.139 seconds
[2024-01-30T19:20:18.837+0000] {processor.py:154} INFO - Started process (PID=3838) to work on /home/airflow/.local/lib/python3.7/site-packages/airflow/example_dags/example_local_kubernetes_executor.py
[2024-01-30T19:20:18.839+0000] {processor.py:756} INFO - Processing file /home/airflow/.local/lib/python3.7/site-packages/airflow/example_dags/example_local_kubernetes_executor.py for tasks to queue
[2024-01-30T19:20:18.840+0000] {logging_mixin.py:120} INFO - [2024-01-30T19:20:18.840+0000] {dagbag.py:537} INFO - Filling up the DagBag from /home/airflow/.local/lib/python3.7/site-packages/airflow/example_dags/example_local_kubernetes_executor.py
[2024-01-30T19:20:18.873+0000] {processor.py:766} INFO - DAG(s) dict_keys(['example_local_kubernetes_executor']) retrieved from /home/airflow/.local/lib/python3.7/site-packages/airflow/example_dags/example_local_kubernetes_executor.py
[2024-01-30T19:20:18.935+0000] {logging_mixin.py:120} INFO - [2024-01-30T19:20:18.935+0000] {dag.py:2585} INFO - Sync 1 DAGs
[2024-01-30T19:20:18.967+0000] {logging_mixin.py:120} INFO - [2024-01-30T19:20:18.967+0000] {dag.py:3340} INFO - Setting next_dagrun for example_local_kubernetes_executor to None, run_after=None
[2024-01-30T19:20:18.992+0000] {processor.py:176} INFO - Processing /home/airflow/.local/lib/python3.7/site-packages/airflow/example_dags/example_local_kubernetes_executor.py took 0.161 seconds
[2024-01-30T19:20:49.124+0000] {processor.py:154} INFO - Started process (PID=3894) to work on /home/airflow/.local/lib/python3.7/site-packages/airflow/example_dags/example_local_kubernetes_executor.py
[2024-01-30T19:20:49.125+0000] {processor.py:756} INFO - Processing file /home/airflow/.local/lib/python3.7/site-packages/airflow/example_dags/example_local_kubernetes_executor.py for tasks to queue
[2024-01-30T19:20:49.127+0000] {logging_mixin.py:120} INFO - [2024-01-30T19:20:49.126+0000] {dagbag.py:537} INFO - Filling up the DagBag from /home/airflow/.local/lib/python3.7/site-packages/airflow/example_dags/example_local_kubernetes_executor.py
[2024-01-30T19:20:49.158+0000] {processor.py:766} INFO - DAG(s) dict_keys(['example_local_kubernetes_executor']) retrieved from /home/airflow/.local/lib/python3.7/site-packages/airflow/example_dags/example_local_kubernetes_executor.py
[2024-01-30T19:20:49.211+0000] {logging_mixin.py:120} INFO - [2024-01-30T19:20:49.211+0000] {dag.py:2585} INFO - Sync 1 DAGs
[2024-01-30T19:20:49.251+0000] {logging_mixin.py:120} INFO - [2024-01-30T19:20:49.251+0000] {dag.py:3340} INFO - Setting next_dagrun for example_local_kubernetes_executor to None, run_after=None
[2024-01-30T19:20:49.280+0000] {processor.py:176} INFO - Processing /home/airflow/.local/lib/python3.7/site-packages/airflow/example_dags/example_local_kubernetes_executor.py took 0.162 seconds
[2024-01-30T19:21:19.836+0000] {processor.py:154} INFO - Started process (PID=3959) to work on /home/airflow/.local/lib/python3.7/site-packages/airflow/example_dags/example_local_kubernetes_executor.py
[2024-01-30T19:21:19.838+0000] {processor.py:756} INFO - Processing file /home/airflow/.local/lib/python3.7/site-packages/airflow/example_dags/example_local_kubernetes_executor.py for tasks to queue
[2024-01-30T19:21:19.840+0000] {logging_mixin.py:120} INFO - [2024-01-30T19:21:19.840+0000] {dagbag.py:537} INFO - Filling up the DagBag from /home/airflow/.local/lib/python3.7/site-packages/airflow/example_dags/example_local_kubernetes_executor.py
[2024-01-30T19:21:19.870+0000] {processor.py:766} INFO - DAG(s) dict_keys(['example_local_kubernetes_executor']) retrieved from /home/airflow/.local/lib/python3.7/site-packages/airflow/example_dags/example_local_kubernetes_executor.py
[2024-01-30T19:21:19.919+0000] {logging_mixin.py:120} INFO - [2024-01-30T19:21:19.919+0000] {dag.py:2585} INFO - Sync 1 DAGs
[2024-01-30T19:21:19.956+0000] {logging_mixin.py:120} INFO - [2024-01-30T19:21:19.955+0000] {dag.py:3340} INFO - Setting next_dagrun for example_local_kubernetes_executor to None, run_after=None
[2024-01-30T19:21:19.991+0000] {processor.py:176} INFO - Processing /home/airflow/.local/lib/python3.7/site-packages/airflow/example_dags/example_local_kubernetes_executor.py took 0.160 seconds
[2024-01-30T19:21:50.256+0000] {processor.py:154} INFO - Started process (PID=4023) to work on /home/airflow/.local/lib/python3.7/site-packages/airflow/example_dags/example_local_kubernetes_executor.py
[2024-01-30T19:21:50.257+0000] {processor.py:756} INFO - Processing file /home/airflow/.local/lib/python3.7/site-packages/airflow/example_dags/example_local_kubernetes_executor.py for tasks to queue
[2024-01-30T19:21:50.259+0000] {logging_mixin.py:120} INFO - [2024-01-30T19:21:50.258+0000] {dagbag.py:537} INFO - Filling up the DagBag from /home/airflow/.local/lib/python3.7/site-packages/airflow/example_dags/example_local_kubernetes_executor.py
[2024-01-30T19:21:50.292+0000] {processor.py:766} INFO - DAG(s) dict_keys(['example_local_kubernetes_executor']) retrieved from /home/airflow/.local/lib/python3.7/site-packages/airflow/example_dags/example_local_kubernetes_executor.py
[2024-01-30T19:21:50.348+0000] {logging_mixin.py:120} INFO - [2024-01-30T19:21:50.347+0000] {dag.py:2585} INFO - Sync 1 DAGs
[2024-01-30T19:21:50.382+0000] {logging_mixin.py:120} INFO - [2024-01-30T19:21:50.381+0000] {dag.py:3340} INFO - Setting next_dagrun for example_local_kubernetes_executor to None, run_after=None
[2024-01-30T19:21:50.407+0000] {processor.py:176} INFO - Processing /home/airflow/.local/lib/python3.7/site-packages/airflow/example_dags/example_local_kubernetes_executor.py took 0.155 seconds
