[2024-01-30T18:48:48.503+0000] {processor.py:154} INFO - Started process (PID=44) to work on /home/airflow/.local/lib/python3.7/site-packages/airflow/example_dags/example_short_circuit_operator.py
[2024-01-30T18:48:48.506+0000] {processor.py:756} INFO - Processing file /home/airflow/.local/lib/python3.7/site-packages/airflow/example_dags/example_short_circuit_operator.py for tasks to queue
[2024-01-30T18:48:48.508+0000] {logging_mixin.py:120} INFO - [2024-01-30T18:48:48.508+0000] {dagbag.py:537} INFO - Filling up the DagBag from /home/airflow/.local/lib/python3.7/site-packages/airflow/example_dags/example_short_circuit_operator.py
[2024-01-30T18:48:48.563+0000] {processor.py:766} INFO - DAG(s) dict_keys(['example_short_circuit_operator']) retrieved from /home/airflow/.local/lib/python3.7/site-packages/airflow/example_dags/example_short_circuit_operator.py
[2024-01-30T18:48:48.756+0000] {logging_mixin.py:120} INFO - [2024-01-30T18:48:48.756+0000] {dag.py:2585} INFO - Sync 1 DAGs
[2024-01-30T18:48:48.811+0000] {logging_mixin.py:120} INFO - [2024-01-30T18:48:48.811+0000] {dag.py:3340} INFO - Setting next_dagrun for example_short_circuit_operator to 2024-01-29T18:48:48.811180+00:00, run_after=2024-01-30T18:48:48.811180+00:00
[2024-01-30T18:48:48.922+0000] {processor.py:176} INFO - Processing /home/airflow/.local/lib/python3.7/site-packages/airflow/example_dags/example_short_circuit_operator.py took 0.429 seconds
[2024-01-30T18:49:19.300+0000] {processor.py:154} INFO - Started process (PID=98) to work on /home/airflow/.local/lib/python3.7/site-packages/airflow/example_dags/example_short_circuit_operator.py
[2024-01-30T18:49:19.302+0000] {processor.py:756} INFO - Processing file /home/airflow/.local/lib/python3.7/site-packages/airflow/example_dags/example_short_circuit_operator.py for tasks to queue
[2024-01-30T18:49:19.305+0000] {logging_mixin.py:120} INFO - [2024-01-30T18:49:19.305+0000] {dagbag.py:537} INFO - Filling up the DagBag from /home/airflow/.local/lib/python3.7/site-packages/airflow/example_dags/example_short_circuit_operator.py
[2024-01-30T18:49:19.382+0000] {processor.py:766} INFO - DAG(s) dict_keys(['example_short_circuit_operator']) retrieved from /home/airflow/.local/lib/python3.7/site-packages/airflow/example_dags/example_short_circuit_operator.py
[2024-01-30T18:49:19.944+0000] {logging_mixin.py:120} INFO - [2024-01-30T18:49:19.943+0000] {dag.py:2585} INFO - Sync 1 DAGs
[2024-01-30T18:49:20.130+0000] {logging_mixin.py:120} INFO - [2024-01-30T18:49:20.129+0000] {dag.py:3340} INFO - Setting next_dagrun for example_short_circuit_operator to 2024-01-29T18:49:20.126392+00:00, run_after=2024-01-30T18:49:20.126392+00:00
[2024-01-30T18:49:20.256+0000] {processor.py:176} INFO - Processing /home/airflow/.local/lib/python3.7/site-packages/airflow/example_dags/example_short_circuit_operator.py took 0.963 seconds
[2024-01-30T18:49:50.918+0000] {processor.py:154} INFO - Started process (PID=164) to work on /home/airflow/.local/lib/python3.7/site-packages/airflow/example_dags/example_short_circuit_operator.py
[2024-01-30T18:49:50.920+0000] {processor.py:756} INFO - Processing file /home/airflow/.local/lib/python3.7/site-packages/airflow/example_dags/example_short_circuit_operator.py for tasks to queue
[2024-01-30T18:49:50.921+0000] {logging_mixin.py:120} INFO - [2024-01-30T18:49:50.921+0000] {dagbag.py:537} INFO - Filling up the DagBag from /home/airflow/.local/lib/python3.7/site-packages/airflow/example_dags/example_short_circuit_operator.py
[2024-01-30T18:49:50.975+0000] {processor.py:766} INFO - DAG(s) dict_keys(['example_short_circuit_operator']) retrieved from /home/airflow/.local/lib/python3.7/site-packages/airflow/example_dags/example_short_circuit_operator.py
[2024-01-30T18:49:51.035+0000] {logging_mixin.py:120} INFO - [2024-01-30T18:49:51.035+0000] {dag.py:2585} INFO - Sync 1 DAGs
[2024-01-30T18:49:51.075+0000] {logging_mixin.py:120} INFO - [2024-01-30T18:49:51.074+0000] {dag.py:3340} INFO - Setting next_dagrun for example_short_circuit_operator to 2024-01-29T18:49:51.073996+00:00, run_after=2024-01-30T18:49:51.073996+00:00
[2024-01-30T18:49:51.113+0000] {processor.py:176} INFO - Processing /home/airflow/.local/lib/python3.7/site-packages/airflow/example_dags/example_short_circuit_operator.py took 0.200 seconds
[2024-01-30T18:50:22.123+0000] {processor.py:154} INFO - Started process (PID=219) to work on /home/airflow/.local/lib/python3.7/site-packages/airflow/example_dags/example_short_circuit_operator.py
[2024-01-30T18:50:22.125+0000] {processor.py:756} INFO - Processing file /home/airflow/.local/lib/python3.7/site-packages/airflow/example_dags/example_short_circuit_operator.py for tasks to queue
[2024-01-30T18:50:22.126+0000] {logging_mixin.py:120} INFO - [2024-01-30T18:50:22.126+0000] {dagbag.py:537} INFO - Filling up the DagBag from /home/airflow/.local/lib/python3.7/site-packages/airflow/example_dags/example_short_circuit_operator.py
[2024-01-30T18:50:22.199+0000] {processor.py:766} INFO - DAG(s) dict_keys(['example_short_circuit_operator']) retrieved from /home/airflow/.local/lib/python3.7/site-packages/airflow/example_dags/example_short_circuit_operator.py
[2024-01-30T18:50:22.327+0000] {logging_mixin.py:120} INFO - [2024-01-30T18:50:22.326+0000] {dag.py:2585} INFO - Sync 1 DAGs
[2024-01-30T18:50:22.409+0000] {logging_mixin.py:120} INFO - [2024-01-30T18:50:22.408+0000] {dag.py:3340} INFO - Setting next_dagrun for example_short_circuit_operator to 2024-01-29T18:50:22.407292+00:00, run_after=2024-01-30T18:50:22.407292+00:00
[2024-01-30T18:50:22.469+0000] {processor.py:176} INFO - Processing /home/airflow/.local/lib/python3.7/site-packages/airflow/example_dags/example_short_circuit_operator.py took 0.355 seconds
[2024-01-30T18:50:52.867+0000] {processor.py:154} INFO - Started process (PID=282) to work on /home/airflow/.local/lib/python3.7/site-packages/airflow/example_dags/example_short_circuit_operator.py
[2024-01-30T18:50:52.869+0000] {processor.py:756} INFO - Processing file /home/airflow/.local/lib/python3.7/site-packages/airflow/example_dags/example_short_circuit_operator.py for tasks to queue
[2024-01-30T18:50:52.871+0000] {logging_mixin.py:120} INFO - [2024-01-30T18:50:52.871+0000] {dagbag.py:537} INFO - Filling up the DagBag from /home/airflow/.local/lib/python3.7/site-packages/airflow/example_dags/example_short_circuit_operator.py
[2024-01-30T18:50:52.904+0000] {processor.py:766} INFO - DAG(s) dict_keys(['example_short_circuit_operator']) retrieved from /home/airflow/.local/lib/python3.7/site-packages/airflow/example_dags/example_short_circuit_operator.py
[2024-01-30T18:50:52.968+0000] {logging_mixin.py:120} INFO - [2024-01-30T18:50:52.967+0000] {dag.py:2585} INFO - Sync 1 DAGs
[2024-01-30T18:50:53.000+0000] {logging_mixin.py:120} INFO - [2024-01-30T18:50:53.000+0000] {dag.py:3340} INFO - Setting next_dagrun for example_short_circuit_operator to 2024-01-29T18:50:53.000166+00:00, run_after=2024-01-30T18:50:53.000166+00:00
[2024-01-30T18:50:53.026+0000] {processor.py:176} INFO - Processing /home/airflow/.local/lib/python3.7/site-packages/airflow/example_dags/example_short_circuit_operator.py took 0.166 seconds
[2024-01-30T18:51:23.520+0000] {processor.py:154} INFO - Started process (PID=346) to work on /home/airflow/.local/lib/python3.7/site-packages/airflow/example_dags/example_short_circuit_operator.py
[2024-01-30T18:51:23.521+0000] {processor.py:756} INFO - Processing file /home/airflow/.local/lib/python3.7/site-packages/airflow/example_dags/example_short_circuit_operator.py for tasks to queue
[2024-01-30T18:51:23.524+0000] {logging_mixin.py:120} INFO - [2024-01-30T18:51:23.523+0000] {dagbag.py:537} INFO - Filling up the DagBag from /home/airflow/.local/lib/python3.7/site-packages/airflow/example_dags/example_short_circuit_operator.py
[2024-01-30T18:51:23.556+0000] {processor.py:766} INFO - DAG(s) dict_keys(['example_short_circuit_operator']) retrieved from /home/airflow/.local/lib/python3.7/site-packages/airflow/example_dags/example_short_circuit_operator.py
[2024-01-30T18:51:23.628+0000] {logging_mixin.py:120} INFO - [2024-01-30T18:51:23.628+0000] {dag.py:2585} INFO - Sync 1 DAGs
[2024-01-30T18:51:23.675+0000] {logging_mixin.py:120} INFO - [2024-01-30T18:51:23.674+0000] {dag.py:3340} INFO - Setting next_dagrun for example_short_circuit_operator to 2024-01-29T18:51:23.674347+00:00, run_after=2024-01-30T18:51:23.674347+00:00
[2024-01-30T18:51:23.712+0000] {processor.py:176} INFO - Processing /home/airflow/.local/lib/python3.7/site-packages/airflow/example_dags/example_short_circuit_operator.py took 0.198 seconds
[2024-01-30T18:51:54.275+0000] {processor.py:154} INFO - Started process (PID=403) to work on /home/airflow/.local/lib/python3.7/site-packages/airflow/example_dags/example_short_circuit_operator.py
[2024-01-30T18:51:54.279+0000] {processor.py:756} INFO - Processing file /home/airflow/.local/lib/python3.7/site-packages/airflow/example_dags/example_short_circuit_operator.py for tasks to queue
[2024-01-30T18:51:54.281+0000] {logging_mixin.py:120} INFO - [2024-01-30T18:51:54.281+0000] {dagbag.py:537} INFO - Filling up the DagBag from /home/airflow/.local/lib/python3.7/site-packages/airflow/example_dags/example_short_circuit_operator.py
[2024-01-30T18:51:54.333+0000] {processor.py:766} INFO - DAG(s) dict_keys(['example_short_circuit_operator']) retrieved from /home/airflow/.local/lib/python3.7/site-packages/airflow/example_dags/example_short_circuit_operator.py
[2024-01-30T18:51:54.443+0000] {logging_mixin.py:120} INFO - [2024-01-30T18:51:54.443+0000] {dag.py:2585} INFO - Sync 1 DAGs
[2024-01-30T18:51:54.490+0000] {logging_mixin.py:120} INFO - [2024-01-30T18:51:54.490+0000] {dag.py:3340} INFO - Setting next_dagrun for example_short_circuit_operator to 2024-01-29T18:51:54.490231+00:00, run_after=2024-01-30T18:51:54.490231+00:00
[2024-01-30T18:51:54.523+0000] {processor.py:176} INFO - Processing /home/airflow/.local/lib/python3.7/site-packages/airflow/example_dags/example_short_circuit_operator.py took 0.255 seconds
[2024-01-30T18:52:24.653+0000] {processor.py:154} INFO - Started process (PID=468) to work on /home/airflow/.local/lib/python3.7/site-packages/airflow/example_dags/example_short_circuit_operator.py
[2024-01-30T18:52:24.655+0000] {processor.py:756} INFO - Processing file /home/airflow/.local/lib/python3.7/site-packages/airflow/example_dags/example_short_circuit_operator.py for tasks to queue
[2024-01-30T18:52:24.656+0000] {logging_mixin.py:120} INFO - [2024-01-30T18:52:24.656+0000] {dagbag.py:537} INFO - Filling up the DagBag from /home/airflow/.local/lib/python3.7/site-packages/airflow/example_dags/example_short_circuit_operator.py
[2024-01-30T18:52:24.681+0000] {processor.py:766} INFO - DAG(s) dict_keys(['example_short_circuit_operator']) retrieved from /home/airflow/.local/lib/python3.7/site-packages/airflow/example_dags/example_short_circuit_operator.py
[2024-01-30T18:52:24.743+0000] {logging_mixin.py:120} INFO - [2024-01-30T18:52:24.743+0000] {dag.py:2585} INFO - Sync 1 DAGs
[2024-01-30T18:52:24.782+0000] {logging_mixin.py:120} INFO - [2024-01-30T18:52:24.781+0000] {dag.py:3340} INFO - Setting next_dagrun for example_short_circuit_operator to 2024-01-29T18:52:24.781623+00:00, run_after=2024-01-30T18:52:24.781623+00:00
[2024-01-30T18:52:24.814+0000] {processor.py:176} INFO - Processing /home/airflow/.local/lib/python3.7/site-packages/airflow/example_dags/example_short_circuit_operator.py took 0.166 seconds
[2024-01-30T18:52:55.637+0000] {processor.py:154} INFO - Started process (PID=532) to work on /home/airflow/.local/lib/python3.7/site-packages/airflow/example_dags/example_short_circuit_operator.py
[2024-01-30T18:52:55.642+0000] {processor.py:756} INFO - Processing file /home/airflow/.local/lib/python3.7/site-packages/airflow/example_dags/example_short_circuit_operator.py for tasks to queue
[2024-01-30T18:52:55.646+0000] {logging_mixin.py:120} INFO - [2024-01-30T18:52:55.645+0000] {dagbag.py:537} INFO - Filling up the DagBag from /home/airflow/.local/lib/python3.7/site-packages/airflow/example_dags/example_short_circuit_operator.py
[2024-01-30T18:52:55.689+0000] {processor.py:766} INFO - DAG(s) dict_keys(['example_short_circuit_operator']) retrieved from /home/airflow/.local/lib/python3.7/site-packages/airflow/example_dags/example_short_circuit_operator.py
[2024-01-30T18:52:55.778+0000] {logging_mixin.py:120} INFO - [2024-01-30T18:52:55.777+0000] {dag.py:2585} INFO - Sync 1 DAGs
[2024-01-30T18:52:55.818+0000] {logging_mixin.py:120} INFO - [2024-01-30T18:52:55.818+0000] {dag.py:3340} INFO - Setting next_dagrun for example_short_circuit_operator to 2024-01-29T18:52:55.817433+00:00, run_after=2024-01-30T18:52:55.817433+00:00
[2024-01-30T18:52:55.849+0000] {processor.py:176} INFO - Processing /home/airflow/.local/lib/python3.7/site-packages/airflow/example_dags/example_short_circuit_operator.py took 0.220 seconds
[2024-01-30T18:53:26.117+0000] {processor.py:154} INFO - Started process (PID=594) to work on /home/airflow/.local/lib/python3.7/site-packages/airflow/example_dags/example_short_circuit_operator.py
[2024-01-30T18:53:26.118+0000] {processor.py:756} INFO - Processing file /home/airflow/.local/lib/python3.7/site-packages/airflow/example_dags/example_short_circuit_operator.py for tasks to queue
[2024-01-30T18:53:26.120+0000] {logging_mixin.py:120} INFO - [2024-01-30T18:53:26.119+0000] {dagbag.py:537} INFO - Filling up the DagBag from /home/airflow/.local/lib/python3.7/site-packages/airflow/example_dags/example_short_circuit_operator.py
[2024-01-30T18:53:26.142+0000] {processor.py:766} INFO - DAG(s) dict_keys(['example_short_circuit_operator']) retrieved from /home/airflow/.local/lib/python3.7/site-packages/airflow/example_dags/example_short_circuit_operator.py
[2024-01-30T18:53:26.193+0000] {logging_mixin.py:120} INFO - [2024-01-30T18:53:26.193+0000] {dag.py:2585} INFO - Sync 1 DAGs
[2024-01-30T18:53:26.223+0000] {logging_mixin.py:120} INFO - [2024-01-30T18:53:26.223+0000] {dag.py:3340} INFO - Setting next_dagrun for example_short_circuit_operator to 2024-01-29T18:53:26.223097+00:00, run_after=2024-01-30T18:53:26.223097+00:00
[2024-01-30T18:53:26.249+0000] {processor.py:176} INFO - Processing /home/airflow/.local/lib/python3.7/site-packages/airflow/example_dags/example_short_circuit_operator.py took 0.140 seconds
[2024-01-30T18:53:56.539+0000] {processor.py:154} INFO - Started process (PID=661) to work on /home/airflow/.local/lib/python3.7/site-packages/airflow/example_dags/example_short_circuit_operator.py
[2024-01-30T18:53:56.542+0000] {processor.py:756} INFO - Processing file /home/airflow/.local/lib/python3.7/site-packages/airflow/example_dags/example_short_circuit_operator.py for tasks to queue
[2024-01-30T18:53:56.543+0000] {logging_mixin.py:120} INFO - [2024-01-30T18:53:56.543+0000] {dagbag.py:537} INFO - Filling up the DagBag from /home/airflow/.local/lib/python3.7/site-packages/airflow/example_dags/example_short_circuit_operator.py
[2024-01-30T18:53:56.576+0000] {processor.py:766} INFO - DAG(s) dict_keys(['example_short_circuit_operator']) retrieved from /home/airflow/.local/lib/python3.7/site-packages/airflow/example_dags/example_short_circuit_operator.py
[2024-01-30T18:53:56.666+0000] {logging_mixin.py:120} INFO - [2024-01-30T18:53:56.666+0000] {dag.py:2585} INFO - Sync 1 DAGs
[2024-01-30T18:53:56.710+0000] {logging_mixin.py:120} INFO - [2024-01-30T18:53:56.710+0000] {dag.py:3340} INFO - Setting next_dagrun for example_short_circuit_operator to 2024-01-29T18:53:56.710224+00:00, run_after=2024-01-30T18:53:56.710224+00:00
[2024-01-30T18:53:56.747+0000] {processor.py:176} INFO - Processing /home/airflow/.local/lib/python3.7/site-packages/airflow/example_dags/example_short_circuit_operator.py took 0.214 seconds
[2024-01-30T18:54:26.837+0000] {processor.py:154} INFO - Started process (PID=725) to work on /home/airflow/.local/lib/python3.7/site-packages/airflow/example_dags/example_short_circuit_operator.py
[2024-01-30T18:54:26.838+0000] {processor.py:756} INFO - Processing file /home/airflow/.local/lib/python3.7/site-packages/airflow/example_dags/example_short_circuit_operator.py for tasks to queue
[2024-01-30T18:54:26.840+0000] {logging_mixin.py:120} INFO - [2024-01-30T18:54:26.839+0000] {dagbag.py:537} INFO - Filling up the DagBag from /home/airflow/.local/lib/python3.7/site-packages/airflow/example_dags/example_short_circuit_operator.py
[2024-01-30T18:54:26.866+0000] {processor.py:766} INFO - DAG(s) dict_keys(['example_short_circuit_operator']) retrieved from /home/airflow/.local/lib/python3.7/site-packages/airflow/example_dags/example_short_circuit_operator.py
[2024-01-30T18:54:26.931+0000] {logging_mixin.py:120} INFO - [2024-01-30T18:54:26.931+0000] {dag.py:2585} INFO - Sync 1 DAGs
[2024-01-30T18:54:26.975+0000] {logging_mixin.py:120} INFO - [2024-01-30T18:54:26.975+0000] {dag.py:3340} INFO - Setting next_dagrun for example_short_circuit_operator to 2024-01-29T18:54:26.974753+00:00, run_after=2024-01-30T18:54:26.974753+00:00
[2024-01-30T18:54:27.014+0000] {processor.py:176} INFO - Processing /home/airflow/.local/lib/python3.7/site-packages/airflow/example_dags/example_short_circuit_operator.py took 0.181 seconds
[2024-01-30T18:54:57.099+0000] {processor.py:154} INFO - Started process (PID=780) to work on /home/airflow/.local/lib/python3.7/site-packages/airflow/example_dags/example_short_circuit_operator.py
[2024-01-30T18:54:57.101+0000] {processor.py:756} INFO - Processing file /home/airflow/.local/lib/python3.7/site-packages/airflow/example_dags/example_short_circuit_operator.py for tasks to queue
[2024-01-30T18:54:57.103+0000] {logging_mixin.py:120} INFO - [2024-01-30T18:54:57.102+0000] {dagbag.py:537} INFO - Filling up the DagBag from /home/airflow/.local/lib/python3.7/site-packages/airflow/example_dags/example_short_circuit_operator.py
[2024-01-30T18:54:57.137+0000] {processor.py:766} INFO - DAG(s) dict_keys(['example_short_circuit_operator']) retrieved from /home/airflow/.local/lib/python3.7/site-packages/airflow/example_dags/example_short_circuit_operator.py
[2024-01-30T18:54:57.223+0000] {logging_mixin.py:120} INFO - [2024-01-30T18:54:57.222+0000] {dag.py:2585} INFO - Sync 1 DAGs
[2024-01-30T18:54:57.280+0000] {logging_mixin.py:120} INFO - [2024-01-30T18:54:57.279+0000] {dag.py:3340} INFO - Setting next_dagrun for example_short_circuit_operator to 2024-01-29T18:54:57.279303+00:00, run_after=2024-01-30T18:54:57.279303+00:00
[2024-01-30T18:54:57.327+0000] {processor.py:176} INFO - Processing /home/airflow/.local/lib/python3.7/site-packages/airflow/example_dags/example_short_circuit_operator.py took 0.233 seconds
[2024-01-30T18:55:27.918+0000] {processor.py:154} INFO - Started process (PID=844) to work on /home/airflow/.local/lib/python3.7/site-packages/airflow/example_dags/example_short_circuit_operator.py
[2024-01-30T18:55:27.920+0000] {processor.py:756} INFO - Processing file /home/airflow/.local/lib/python3.7/site-packages/airflow/example_dags/example_short_circuit_operator.py for tasks to queue
[2024-01-30T18:55:27.922+0000] {logging_mixin.py:120} INFO - [2024-01-30T18:55:27.922+0000] {dagbag.py:537} INFO - Filling up the DagBag from /home/airflow/.local/lib/python3.7/site-packages/airflow/example_dags/example_short_circuit_operator.py
[2024-01-30T18:55:27.952+0000] {processor.py:766} INFO - DAG(s) dict_keys(['example_short_circuit_operator']) retrieved from /home/airflow/.local/lib/python3.7/site-packages/airflow/example_dags/example_short_circuit_operator.py
[2024-01-30T18:55:28.038+0000] {logging_mixin.py:120} INFO - [2024-01-30T18:55:28.037+0000] {dag.py:2585} INFO - Sync 1 DAGs
[2024-01-30T18:55:28.104+0000] {logging_mixin.py:120} INFO - [2024-01-30T18:55:28.104+0000] {dag.py:3340} INFO - Setting next_dagrun for example_short_circuit_operator to 2024-01-29T18:55:28.104131+00:00, run_after=2024-01-30T18:55:28.104131+00:00
[2024-01-30T18:55:28.152+0000] {processor.py:176} INFO - Processing /home/airflow/.local/lib/python3.7/site-packages/airflow/example_dags/example_short_circuit_operator.py took 0.238 seconds
[2024-01-30T18:55:58.465+0000] {processor.py:154} INFO - Started process (PID=898) to work on /home/airflow/.local/lib/python3.7/site-packages/airflow/example_dags/example_short_circuit_operator.py
[2024-01-30T18:55:58.466+0000] {processor.py:756} INFO - Processing file /home/airflow/.local/lib/python3.7/site-packages/airflow/example_dags/example_short_circuit_operator.py for tasks to queue
[2024-01-30T18:55:58.468+0000] {logging_mixin.py:120} INFO - [2024-01-30T18:55:58.468+0000] {dagbag.py:537} INFO - Filling up the DagBag from /home/airflow/.local/lib/python3.7/site-packages/airflow/example_dags/example_short_circuit_operator.py
[2024-01-30T18:55:58.508+0000] {processor.py:766} INFO - DAG(s) dict_keys(['example_short_circuit_operator']) retrieved from /home/airflow/.local/lib/python3.7/site-packages/airflow/example_dags/example_short_circuit_operator.py
[2024-01-30T18:55:58.562+0000] {logging_mixin.py:120} INFO - [2024-01-30T18:55:58.562+0000] {dag.py:2585} INFO - Sync 1 DAGs
[2024-01-30T18:55:58.597+0000] {logging_mixin.py:120} INFO - [2024-01-30T18:55:58.597+0000] {dag.py:3340} INFO - Setting next_dagrun for example_short_circuit_operator to 2024-01-29T18:55:58.597151+00:00, run_after=2024-01-30T18:55:58.597151+00:00
[2024-01-30T18:55:58.620+0000] {processor.py:176} INFO - Processing /home/airflow/.local/lib/python3.7/site-packages/airflow/example_dags/example_short_circuit_operator.py took 0.161 seconds
[2024-01-30T18:56:28.702+0000] {processor.py:154} INFO - Started process (PID=962) to work on /home/airflow/.local/lib/python3.7/site-packages/airflow/example_dags/example_short_circuit_operator.py
[2024-01-30T18:56:28.703+0000] {processor.py:756} INFO - Processing file /home/airflow/.local/lib/python3.7/site-packages/airflow/example_dags/example_short_circuit_operator.py for tasks to queue
[2024-01-30T18:56:28.705+0000] {logging_mixin.py:120} INFO - [2024-01-30T18:56:28.705+0000] {dagbag.py:537} INFO - Filling up the DagBag from /home/airflow/.local/lib/python3.7/site-packages/airflow/example_dags/example_short_circuit_operator.py
[2024-01-30T18:56:28.734+0000] {processor.py:766} INFO - DAG(s) dict_keys(['example_short_circuit_operator']) retrieved from /home/airflow/.local/lib/python3.7/site-packages/airflow/example_dags/example_short_circuit_operator.py
[2024-01-30T18:56:28.807+0000] {logging_mixin.py:120} INFO - [2024-01-30T18:56:28.806+0000] {dag.py:2585} INFO - Sync 1 DAGs
[2024-01-30T18:56:28.850+0000] {logging_mixin.py:120} INFO - [2024-01-30T18:56:28.850+0000] {dag.py:3340} INFO - Setting next_dagrun for example_short_circuit_operator to 2024-01-29T18:56:28.849818+00:00, run_after=2024-01-30T18:56:28.849818+00:00
[2024-01-30T18:56:28.884+0000] {processor.py:176} INFO - Processing /home/airflow/.local/lib/python3.7/site-packages/airflow/example_dags/example_short_circuit_operator.py took 0.187 seconds
[2024-01-30T18:56:59.375+0000] {processor.py:154} INFO - Started process (PID=1026) to work on /home/airflow/.local/lib/python3.7/site-packages/airflow/example_dags/example_short_circuit_operator.py
[2024-01-30T18:56:59.376+0000] {processor.py:756} INFO - Processing file /home/airflow/.local/lib/python3.7/site-packages/airflow/example_dags/example_short_circuit_operator.py for tasks to queue
[2024-01-30T18:56:59.378+0000] {logging_mixin.py:120} INFO - [2024-01-30T18:56:59.378+0000] {dagbag.py:537} INFO - Filling up the DagBag from /home/airflow/.local/lib/python3.7/site-packages/airflow/example_dags/example_short_circuit_operator.py
[2024-01-30T18:56:59.405+0000] {processor.py:766} INFO - DAG(s) dict_keys(['example_short_circuit_operator']) retrieved from /home/airflow/.local/lib/python3.7/site-packages/airflow/example_dags/example_short_circuit_operator.py
[2024-01-30T18:56:59.459+0000] {logging_mixin.py:120} INFO - [2024-01-30T18:56:59.459+0000] {dag.py:2585} INFO - Sync 1 DAGs
[2024-01-30T18:56:59.501+0000] {logging_mixin.py:120} INFO - [2024-01-30T18:56:59.501+0000] {dag.py:3340} INFO - Setting next_dagrun for example_short_circuit_operator to 2024-01-29T18:56:59.500706+00:00, run_after=2024-01-30T18:56:59.500706+00:00
[2024-01-30T18:56:59.535+0000] {processor.py:176} INFO - Processing /home/airflow/.local/lib/python3.7/site-packages/airflow/example_dags/example_short_circuit_operator.py took 0.165 seconds
[2024-01-30T18:57:29.859+0000] {processor.py:154} INFO - Started process (PID=1081) to work on /home/airflow/.local/lib/python3.7/site-packages/airflow/example_dags/example_short_circuit_operator.py
[2024-01-30T18:57:29.861+0000] {processor.py:756} INFO - Processing file /home/airflow/.local/lib/python3.7/site-packages/airflow/example_dags/example_short_circuit_operator.py for tasks to queue
[2024-01-30T18:57:29.863+0000] {logging_mixin.py:120} INFO - [2024-01-30T18:57:29.863+0000] {dagbag.py:537} INFO - Filling up the DagBag from /home/airflow/.local/lib/python3.7/site-packages/airflow/example_dags/example_short_circuit_operator.py
[2024-01-30T18:57:29.891+0000] {processor.py:766} INFO - DAG(s) dict_keys(['example_short_circuit_operator']) retrieved from /home/airflow/.local/lib/python3.7/site-packages/airflow/example_dags/example_short_circuit_operator.py
[2024-01-30T18:57:29.960+0000] {logging_mixin.py:120} INFO - [2024-01-30T18:57:29.959+0000] {dag.py:2585} INFO - Sync 1 DAGs
[2024-01-30T18:57:30.000+0000] {logging_mixin.py:120} INFO - [2024-01-30T18:57:30.000+0000] {dag.py:3340} INFO - Setting next_dagrun for example_short_circuit_operator to 2024-01-29T18:57:30.000027+00:00, run_after=2024-01-30T18:57:30.000027+00:00
[2024-01-30T18:57:30.030+0000] {processor.py:176} INFO - Processing /home/airflow/.local/lib/python3.7/site-packages/airflow/example_dags/example_short_circuit_operator.py took 0.177 seconds
[2024-01-30T18:58:00.436+0000] {processor.py:154} INFO - Started process (PID=1145) to work on /home/airflow/.local/lib/python3.7/site-packages/airflow/example_dags/example_short_circuit_operator.py
[2024-01-30T18:58:00.438+0000] {processor.py:756} INFO - Processing file /home/airflow/.local/lib/python3.7/site-packages/airflow/example_dags/example_short_circuit_operator.py for tasks to queue
[2024-01-30T18:58:00.439+0000] {logging_mixin.py:120} INFO - [2024-01-30T18:58:00.439+0000] {dagbag.py:537} INFO - Filling up the DagBag from /home/airflow/.local/lib/python3.7/site-packages/airflow/example_dags/example_short_circuit_operator.py
[2024-01-30T18:58:00.471+0000] {processor.py:766} INFO - DAG(s) dict_keys(['example_short_circuit_operator']) retrieved from /home/airflow/.local/lib/python3.7/site-packages/airflow/example_dags/example_short_circuit_operator.py
[2024-01-30T18:58:00.533+0000] {logging_mixin.py:120} INFO - [2024-01-30T18:58:00.532+0000] {dag.py:2585} INFO - Sync 1 DAGs
[2024-01-30T18:58:00.573+0000] {logging_mixin.py:120} INFO - [2024-01-30T18:58:00.573+0000] {dag.py:3340} INFO - Setting next_dagrun for example_short_circuit_operator to 2024-01-29T18:58:00.573416+00:00, run_after=2024-01-30T18:58:00.573416+00:00
[2024-01-30T18:58:00.611+0000] {processor.py:176} INFO - Processing /home/airflow/.local/lib/python3.7/site-packages/airflow/example_dags/example_short_circuit_operator.py took 0.180 seconds
[2024-01-30T18:58:30.849+0000] {processor.py:154} INFO - Started process (PID=1200) to work on /home/airflow/.local/lib/python3.7/site-packages/airflow/example_dags/example_short_circuit_operator.py
[2024-01-30T18:58:30.850+0000] {processor.py:756} INFO - Processing file /home/airflow/.local/lib/python3.7/site-packages/airflow/example_dags/example_short_circuit_operator.py for tasks to queue
[2024-01-30T18:58:30.852+0000] {logging_mixin.py:120} INFO - [2024-01-30T18:58:30.851+0000] {dagbag.py:537} INFO - Filling up the DagBag from /home/airflow/.local/lib/python3.7/site-packages/airflow/example_dags/example_short_circuit_operator.py
[2024-01-30T18:58:30.874+0000] {processor.py:766} INFO - DAG(s) dict_keys(['example_short_circuit_operator']) retrieved from /home/airflow/.local/lib/python3.7/site-packages/airflow/example_dags/example_short_circuit_operator.py
[2024-01-30T18:58:30.922+0000] {logging_mixin.py:120} INFO - [2024-01-30T18:58:30.922+0000] {dag.py:2585} INFO - Sync 1 DAGs
[2024-01-30T18:58:30.967+0000] {logging_mixin.py:120} INFO - [2024-01-30T18:58:30.967+0000] {dag.py:3340} INFO - Setting next_dagrun for example_short_circuit_operator to 2024-01-29T18:58:30.966976+00:00, run_after=2024-01-30T18:58:30.966976+00:00
[2024-01-30T18:58:31.001+0000] {processor.py:176} INFO - Processing /home/airflow/.local/lib/python3.7/site-packages/airflow/example_dags/example_short_circuit_operator.py took 0.155 seconds
[2024-01-30T18:59:01.786+0000] {processor.py:154} INFO - Started process (PID=1264) to work on /home/airflow/.local/lib/python3.7/site-packages/airflow/example_dags/example_short_circuit_operator.py
[2024-01-30T18:59:01.788+0000] {processor.py:756} INFO - Processing file /home/airflow/.local/lib/python3.7/site-packages/airflow/example_dags/example_short_circuit_operator.py for tasks to queue
[2024-01-30T18:59:01.790+0000] {logging_mixin.py:120} INFO - [2024-01-30T18:59:01.790+0000] {dagbag.py:537} INFO - Filling up the DagBag from /home/airflow/.local/lib/python3.7/site-packages/airflow/example_dags/example_short_circuit_operator.py
[2024-01-30T18:59:01.822+0000] {processor.py:766} INFO - DAG(s) dict_keys(['example_short_circuit_operator']) retrieved from /home/airflow/.local/lib/python3.7/site-packages/airflow/example_dags/example_short_circuit_operator.py
[2024-01-30T18:59:01.903+0000] {logging_mixin.py:120} INFO - [2024-01-30T18:59:01.902+0000] {dag.py:2585} INFO - Sync 1 DAGs
[2024-01-30T18:59:01.959+0000] {logging_mixin.py:120} INFO - [2024-01-30T18:59:01.958+0000] {dag.py:3340} INFO - Setting next_dagrun for example_short_circuit_operator to 2024-01-29T18:59:01.958353+00:00, run_after=2024-01-30T18:59:01.958353+00:00
[2024-01-30T18:59:01.994+0000] {processor.py:176} INFO - Processing /home/airflow/.local/lib/python3.7/site-packages/airflow/example_dags/example_short_circuit_operator.py took 0.214 seconds
[2024-01-30T18:59:32.154+0000] {processor.py:154} INFO - Started process (PID=1328) to work on /home/airflow/.local/lib/python3.7/site-packages/airflow/example_dags/example_short_circuit_operator.py
[2024-01-30T18:59:32.155+0000] {processor.py:756} INFO - Processing file /home/airflow/.local/lib/python3.7/site-packages/airflow/example_dags/example_short_circuit_operator.py for tasks to queue
[2024-01-30T18:59:32.157+0000] {logging_mixin.py:120} INFO - [2024-01-30T18:59:32.157+0000] {dagbag.py:537} INFO - Filling up the DagBag from /home/airflow/.local/lib/python3.7/site-packages/airflow/example_dags/example_short_circuit_operator.py
[2024-01-30T18:59:32.183+0000] {processor.py:766} INFO - DAG(s) dict_keys(['example_short_circuit_operator']) retrieved from /home/airflow/.local/lib/python3.7/site-packages/airflow/example_dags/example_short_circuit_operator.py
[2024-01-30T18:59:32.265+0000] {logging_mixin.py:120} INFO - [2024-01-30T18:59:32.265+0000] {dag.py:2585} INFO - Sync 1 DAGs
[2024-01-30T18:59:32.334+0000] {logging_mixin.py:120} INFO - [2024-01-30T18:59:32.333+0000] {dag.py:3340} INFO - Setting next_dagrun for example_short_circuit_operator to 2024-01-29T18:59:32.333375+00:00, run_after=2024-01-30T18:59:32.333375+00:00
[2024-01-30T18:59:32.384+0000] {processor.py:176} INFO - Processing /home/airflow/.local/lib/python3.7/site-packages/airflow/example_dags/example_short_circuit_operator.py took 0.236 seconds
[2024-01-30T19:00:02.480+0000] {processor.py:154} INFO - Started process (PID=1383) to work on /home/airflow/.local/lib/python3.7/site-packages/airflow/example_dags/example_short_circuit_operator.py
[2024-01-30T19:00:02.483+0000] {processor.py:756} INFO - Processing file /home/airflow/.local/lib/python3.7/site-packages/airflow/example_dags/example_short_circuit_operator.py for tasks to queue
[2024-01-30T19:00:02.485+0000] {logging_mixin.py:120} INFO - [2024-01-30T19:00:02.485+0000] {dagbag.py:537} INFO - Filling up the DagBag from /home/airflow/.local/lib/python3.7/site-packages/airflow/example_dags/example_short_circuit_operator.py
[2024-01-30T19:00:02.531+0000] {processor.py:766} INFO - DAG(s) dict_keys(['example_short_circuit_operator']) retrieved from /home/airflow/.local/lib/python3.7/site-packages/airflow/example_dags/example_short_circuit_operator.py
[2024-01-30T19:00:02.623+0000] {logging_mixin.py:120} INFO - [2024-01-30T19:00:02.623+0000] {dag.py:2585} INFO - Sync 1 DAGs
[2024-01-30T19:00:02.667+0000] {logging_mixin.py:120} INFO - [2024-01-30T19:00:02.667+0000] {dag.py:3340} INFO - Setting next_dagrun for example_short_circuit_operator to 2024-01-29T19:00:02.667101+00:00, run_after=2024-01-30T19:00:02.667101+00:00
[2024-01-30T19:00:02.724+0000] {processor.py:176} INFO - Processing /home/airflow/.local/lib/python3.7/site-packages/airflow/example_dags/example_short_circuit_operator.py took 0.259 seconds
[2024-01-30T19:00:33.156+0000] {processor.py:154} INFO - Started process (PID=1447) to work on /home/airflow/.local/lib/python3.7/site-packages/airflow/example_dags/example_short_circuit_operator.py
[2024-01-30T19:00:33.157+0000] {processor.py:756} INFO - Processing file /home/airflow/.local/lib/python3.7/site-packages/airflow/example_dags/example_short_circuit_operator.py for tasks to queue
[2024-01-30T19:00:33.160+0000] {logging_mixin.py:120} INFO - [2024-01-30T19:00:33.160+0000] {dagbag.py:537} INFO - Filling up the DagBag from /home/airflow/.local/lib/python3.7/site-packages/airflow/example_dags/example_short_circuit_operator.py
[2024-01-30T19:00:33.192+0000] {processor.py:766} INFO - DAG(s) dict_keys(['example_short_circuit_operator']) retrieved from /home/airflow/.local/lib/python3.7/site-packages/airflow/example_dags/example_short_circuit_operator.py
[2024-01-30T19:00:33.258+0000] {logging_mixin.py:120} INFO - [2024-01-30T19:00:33.258+0000] {dag.py:2585} INFO - Sync 1 DAGs
[2024-01-30T19:00:33.297+0000] {logging_mixin.py:120} INFO - [2024-01-30T19:00:33.297+0000] {dag.py:3340} INFO - Setting next_dagrun for example_short_circuit_operator to 2024-01-29T19:00:33.296820+00:00, run_after=2024-01-30T19:00:33.296820+00:00
[2024-01-30T19:00:33.347+0000] {processor.py:176} INFO - Processing /home/airflow/.local/lib/python3.7/site-packages/airflow/example_dags/example_short_circuit_operator.py took 0.198 seconds
[2024-01-30T19:01:04.005+0000] {processor.py:154} INFO - Started process (PID=1503) to work on /home/airflow/.local/lib/python3.7/site-packages/airflow/example_dags/example_short_circuit_operator.py
[2024-01-30T19:01:04.006+0000] {processor.py:756} INFO - Processing file /home/airflow/.local/lib/python3.7/site-packages/airflow/example_dags/example_short_circuit_operator.py for tasks to queue
[2024-01-30T19:01:04.007+0000] {logging_mixin.py:120} INFO - [2024-01-30T19:01:04.007+0000] {dagbag.py:537} INFO - Filling up the DagBag from /home/airflow/.local/lib/python3.7/site-packages/airflow/example_dags/example_short_circuit_operator.py
[2024-01-30T19:01:04.045+0000] {processor.py:766} INFO - DAG(s) dict_keys(['example_short_circuit_operator']) retrieved from /home/airflow/.local/lib/python3.7/site-packages/airflow/example_dags/example_short_circuit_operator.py
[2024-01-30T19:01:04.112+0000] {logging_mixin.py:120} INFO - [2024-01-30T19:01:04.111+0000] {dag.py:2585} INFO - Sync 1 DAGs
[2024-01-30T19:01:04.151+0000] {logging_mixin.py:120} INFO - [2024-01-30T19:01:04.150+0000] {dag.py:3340} INFO - Setting next_dagrun for example_short_circuit_operator to 2024-01-29T19:01:04.150491+00:00, run_after=2024-01-30T19:01:04.150491+00:00
[2024-01-30T19:01:04.181+0000] {processor.py:176} INFO - Processing /home/airflow/.local/lib/python3.7/site-packages/airflow/example_dags/example_short_circuit_operator.py took 0.182 seconds
[2024-01-30T19:01:35.138+0000] {processor.py:154} INFO - Started process (PID=1567) to work on /home/airflow/.local/lib/python3.7/site-packages/airflow/example_dags/example_short_circuit_operator.py
[2024-01-30T19:01:35.140+0000] {processor.py:756} INFO - Processing file /home/airflow/.local/lib/python3.7/site-packages/airflow/example_dags/example_short_circuit_operator.py for tasks to queue
[2024-01-30T19:01:35.141+0000] {logging_mixin.py:120} INFO - [2024-01-30T19:01:35.141+0000] {dagbag.py:537} INFO - Filling up the DagBag from /home/airflow/.local/lib/python3.7/site-packages/airflow/example_dags/example_short_circuit_operator.py
[2024-01-30T19:01:35.168+0000] {processor.py:766} INFO - DAG(s) dict_keys(['example_short_circuit_operator']) retrieved from /home/airflow/.local/lib/python3.7/site-packages/airflow/example_dags/example_short_circuit_operator.py
[2024-01-30T19:01:35.266+0000] {logging_mixin.py:120} INFO - [2024-01-30T19:01:35.266+0000] {dag.py:2585} INFO - Sync 1 DAGs
[2024-01-30T19:01:35.311+0000] {logging_mixin.py:120} INFO - [2024-01-30T19:01:35.311+0000] {dag.py:3340} INFO - Setting next_dagrun for example_short_circuit_operator to 2024-01-29T19:01:35.310919+00:00, run_after=2024-01-30T19:01:35.310919+00:00
[2024-01-30T19:01:35.351+0000] {processor.py:176} INFO - Processing /home/airflow/.local/lib/python3.7/site-packages/airflow/example_dags/example_short_circuit_operator.py took 0.220 seconds
[2024-01-30T19:02:05.423+0000] {processor.py:154} INFO - Started process (PID=1631) to work on /home/airflow/.local/lib/python3.7/site-packages/airflow/example_dags/example_short_circuit_operator.py
[2024-01-30T19:02:05.424+0000] {processor.py:756} INFO - Processing file /home/airflow/.local/lib/python3.7/site-packages/airflow/example_dags/example_short_circuit_operator.py for tasks to queue
[2024-01-30T19:02:05.426+0000] {logging_mixin.py:120} INFO - [2024-01-30T19:02:05.425+0000] {dagbag.py:537} INFO - Filling up the DagBag from /home/airflow/.local/lib/python3.7/site-packages/airflow/example_dags/example_short_circuit_operator.py
[2024-01-30T19:02:05.448+0000] {processor.py:766} INFO - DAG(s) dict_keys(['example_short_circuit_operator']) retrieved from /home/airflow/.local/lib/python3.7/site-packages/airflow/example_dags/example_short_circuit_operator.py
[2024-01-30T19:02:05.500+0000] {logging_mixin.py:120} INFO - [2024-01-30T19:02:05.500+0000] {dag.py:2585} INFO - Sync 1 DAGs
[2024-01-30T19:02:05.531+0000] {logging_mixin.py:120} INFO - [2024-01-30T19:02:05.531+0000] {dag.py:3340} INFO - Setting next_dagrun for example_short_circuit_operator to 2024-01-29T19:02:05.530996+00:00, run_after=2024-01-30T19:02:05.530996+00:00
[2024-01-30T19:02:05.555+0000] {processor.py:176} INFO - Processing /home/airflow/.local/lib/python3.7/site-packages/airflow/example_dags/example_short_circuit_operator.py took 0.137 seconds
[2024-01-30T19:02:36.130+0000] {processor.py:154} INFO - Started process (PID=1686) to work on /home/airflow/.local/lib/python3.7/site-packages/airflow/example_dags/example_short_circuit_operator.py
[2024-01-30T19:02:36.132+0000] {processor.py:756} INFO - Processing file /home/airflow/.local/lib/python3.7/site-packages/airflow/example_dags/example_short_circuit_operator.py for tasks to queue
[2024-01-30T19:02:36.133+0000] {logging_mixin.py:120} INFO - [2024-01-30T19:02:36.133+0000] {dagbag.py:537} INFO - Filling up the DagBag from /home/airflow/.local/lib/python3.7/site-packages/airflow/example_dags/example_short_circuit_operator.py
[2024-01-30T19:02:36.160+0000] {processor.py:766} INFO - DAG(s) dict_keys(['example_short_circuit_operator']) retrieved from /home/airflow/.local/lib/python3.7/site-packages/airflow/example_dags/example_short_circuit_operator.py
[2024-01-30T19:02:36.226+0000] {logging_mixin.py:120} INFO - [2024-01-30T19:02:36.226+0000] {dag.py:2585} INFO - Sync 1 DAGs
[2024-01-30T19:02:36.281+0000] {logging_mixin.py:120} INFO - [2024-01-30T19:02:36.280+0000] {dag.py:3340} INFO - Setting next_dagrun for example_short_circuit_operator to 2024-01-29T19:02:36.280063+00:00, run_after=2024-01-30T19:02:36.280063+00:00
[2024-01-30T19:02:36.313+0000] {processor.py:176} INFO - Processing /home/airflow/.local/lib/python3.7/site-packages/airflow/example_dags/example_short_circuit_operator.py took 0.190 seconds
[2024-01-30T19:03:06.590+0000] {processor.py:154} INFO - Started process (PID=1751) to work on /home/airflow/.local/lib/python3.7/site-packages/airflow/example_dags/example_short_circuit_operator.py
[2024-01-30T19:03:06.592+0000] {processor.py:756} INFO - Processing file /home/airflow/.local/lib/python3.7/site-packages/airflow/example_dags/example_short_circuit_operator.py for tasks to queue
[2024-01-30T19:03:06.594+0000] {logging_mixin.py:120} INFO - [2024-01-30T19:03:06.593+0000] {dagbag.py:537} INFO - Filling up the DagBag from /home/airflow/.local/lib/python3.7/site-packages/airflow/example_dags/example_short_circuit_operator.py
[2024-01-30T19:03:06.620+0000] {processor.py:766} INFO - DAG(s) dict_keys(['example_short_circuit_operator']) retrieved from /home/airflow/.local/lib/python3.7/site-packages/airflow/example_dags/example_short_circuit_operator.py
[2024-01-30T19:03:06.681+0000] {logging_mixin.py:120} INFO - [2024-01-30T19:03:06.680+0000] {dag.py:2585} INFO - Sync 1 DAGs
[2024-01-30T19:03:06.710+0000] {logging_mixin.py:120} INFO - [2024-01-30T19:03:06.710+0000] {dag.py:3340} INFO - Setting next_dagrun for example_short_circuit_operator to 2024-01-29T19:03:06.710412+00:00, run_after=2024-01-30T19:03:06.710412+00:00
[2024-01-30T19:03:06.735+0000] {processor.py:176} INFO - Processing /home/airflow/.local/lib/python3.7/site-packages/airflow/example_dags/example_short_circuit_operator.py took 0.150 seconds
[2024-01-30T19:03:36.913+0000] {processor.py:154} INFO - Started process (PID=1815) to work on /home/airflow/.local/lib/python3.7/site-packages/airflow/example_dags/example_short_circuit_operator.py
[2024-01-30T19:03:36.915+0000] {processor.py:756} INFO - Processing file /home/airflow/.local/lib/python3.7/site-packages/airflow/example_dags/example_short_circuit_operator.py for tasks to queue
[2024-01-30T19:03:36.916+0000] {logging_mixin.py:120} INFO - [2024-01-30T19:03:36.916+0000] {dagbag.py:537} INFO - Filling up the DagBag from /home/airflow/.local/lib/python3.7/site-packages/airflow/example_dags/example_short_circuit_operator.py
[2024-01-30T19:03:36.947+0000] {processor.py:766} INFO - DAG(s) dict_keys(['example_short_circuit_operator']) retrieved from /home/airflow/.local/lib/python3.7/site-packages/airflow/example_dags/example_short_circuit_operator.py
[2024-01-30T19:03:37.033+0000] {logging_mixin.py:120} INFO - [2024-01-30T19:03:37.033+0000] {dag.py:2585} INFO - Sync 1 DAGs
[2024-01-30T19:03:37.088+0000] {logging_mixin.py:120} INFO - [2024-01-30T19:03:37.087+0000] {dag.py:3340} INFO - Setting next_dagrun for example_short_circuit_operator to 2024-01-29T19:03:37.087132+00:00, run_after=2024-01-30T19:03:37.087132+00:00
[2024-01-30T19:03:37.130+0000] {processor.py:176} INFO - Processing /home/airflow/.local/lib/python3.7/site-packages/airflow/example_dags/example_short_circuit_operator.py took 0.223 seconds
[2024-01-30T19:04:07.791+0000] {processor.py:154} INFO - Started process (PID=1869) to work on /home/airflow/.local/lib/python3.7/site-packages/airflow/example_dags/example_short_circuit_operator.py
[2024-01-30T19:04:07.793+0000] {processor.py:756} INFO - Processing file /home/airflow/.local/lib/python3.7/site-packages/airflow/example_dags/example_short_circuit_operator.py for tasks to queue
[2024-01-30T19:04:07.794+0000] {logging_mixin.py:120} INFO - [2024-01-30T19:04:07.794+0000] {dagbag.py:537} INFO - Filling up the DagBag from /home/airflow/.local/lib/python3.7/site-packages/airflow/example_dags/example_short_circuit_operator.py
[2024-01-30T19:04:07.817+0000] {processor.py:766} INFO - DAG(s) dict_keys(['example_short_circuit_operator']) retrieved from /home/airflow/.local/lib/python3.7/site-packages/airflow/example_dags/example_short_circuit_operator.py
[2024-01-30T19:04:07.915+0000] {logging_mixin.py:120} INFO - [2024-01-30T19:04:07.915+0000] {dag.py:2585} INFO - Sync 1 DAGs
[2024-01-30T19:04:07.959+0000] {logging_mixin.py:120} INFO - [2024-01-30T19:04:07.958+0000] {dag.py:3340} INFO - Setting next_dagrun for example_short_circuit_operator to 2024-01-29T19:04:07.958507+00:00, run_after=2024-01-30T19:04:07.958507+00:00
[2024-01-30T19:04:07.997+0000] {processor.py:176} INFO - Processing /home/airflow/.local/lib/python3.7/site-packages/airflow/example_dags/example_short_circuit_operator.py took 0.212 seconds
[2024-01-30T19:04:38.175+0000] {processor.py:154} INFO - Started process (PID=1933) to work on /home/airflow/.local/lib/python3.7/site-packages/airflow/example_dags/example_short_circuit_operator.py
[2024-01-30T19:04:38.177+0000] {processor.py:756} INFO - Processing file /home/airflow/.local/lib/python3.7/site-packages/airflow/example_dags/example_short_circuit_operator.py for tasks to queue
[2024-01-30T19:04:38.179+0000] {logging_mixin.py:120} INFO - [2024-01-30T19:04:38.179+0000] {dagbag.py:537} INFO - Filling up the DagBag from /home/airflow/.local/lib/python3.7/site-packages/airflow/example_dags/example_short_circuit_operator.py
[2024-01-30T19:04:38.215+0000] {processor.py:766} INFO - DAG(s) dict_keys(['example_short_circuit_operator']) retrieved from /home/airflow/.local/lib/python3.7/site-packages/airflow/example_dags/example_short_circuit_operator.py
[2024-01-30T19:04:38.338+0000] {logging_mixin.py:120} INFO - [2024-01-30T19:04:38.337+0000] {dag.py:2585} INFO - Sync 1 DAGs
[2024-01-30T19:04:38.409+0000] {logging_mixin.py:120} INFO - [2024-01-30T19:04:38.409+0000] {dag.py:3340} INFO - Setting next_dagrun for example_short_circuit_operator to 2024-01-29T19:04:38.408311+00:00, run_after=2024-01-30T19:04:38.408311+00:00
[2024-01-30T19:04:38.454+0000] {processor.py:176} INFO - Processing /home/airflow/.local/lib/python3.7/site-packages/airflow/example_dags/example_short_circuit_operator.py took 0.285 seconds
[2024-01-30T19:05:08.659+0000] {processor.py:154} INFO - Started process (PID=1988) to work on /home/airflow/.local/lib/python3.7/site-packages/airflow/example_dags/example_short_circuit_operator.py
[2024-01-30T19:05:08.660+0000] {processor.py:756} INFO - Processing file /home/airflow/.local/lib/python3.7/site-packages/airflow/example_dags/example_short_circuit_operator.py for tasks to queue
[2024-01-30T19:05:08.662+0000] {logging_mixin.py:120} INFO - [2024-01-30T19:05:08.661+0000] {dagbag.py:537} INFO - Filling up the DagBag from /home/airflow/.local/lib/python3.7/site-packages/airflow/example_dags/example_short_circuit_operator.py
[2024-01-30T19:05:08.693+0000] {processor.py:766} INFO - DAG(s) dict_keys(['example_short_circuit_operator']) retrieved from /home/airflow/.local/lib/python3.7/site-packages/airflow/example_dags/example_short_circuit_operator.py
[2024-01-30T19:05:08.762+0000] {logging_mixin.py:120} INFO - [2024-01-30T19:05:08.761+0000] {dag.py:2585} INFO - Sync 1 DAGs
[2024-01-30T19:05:08.802+0000] {logging_mixin.py:120} INFO - [2024-01-30T19:05:08.802+0000] {dag.py:3340} INFO - Setting next_dagrun for example_short_circuit_operator to 2024-01-29T19:05:08.801903+00:00, run_after=2024-01-30T19:05:08.801903+00:00
[2024-01-30T19:05:08.836+0000] {processor.py:176} INFO - Processing /home/airflow/.local/lib/python3.7/site-packages/airflow/example_dags/example_short_circuit_operator.py took 0.183 seconds
[2024-01-30T19:05:39.309+0000] {processor.py:154} INFO - Started process (PID=2053) to work on /home/airflow/.local/lib/python3.7/site-packages/airflow/example_dags/example_short_circuit_operator.py
[2024-01-30T19:05:39.312+0000] {processor.py:756} INFO - Processing file /home/airflow/.local/lib/python3.7/site-packages/airflow/example_dags/example_short_circuit_operator.py for tasks to queue
[2024-01-30T19:05:39.314+0000] {logging_mixin.py:120} INFO - [2024-01-30T19:05:39.313+0000] {dagbag.py:537} INFO - Filling up the DagBag from /home/airflow/.local/lib/python3.7/site-packages/airflow/example_dags/example_short_circuit_operator.py
[2024-01-30T19:05:39.378+0000] {processor.py:766} INFO - DAG(s) dict_keys(['example_short_circuit_operator']) retrieved from /home/airflow/.local/lib/python3.7/site-packages/airflow/example_dags/example_short_circuit_operator.py
[2024-01-30T19:05:39.482+0000] {logging_mixin.py:120} INFO - [2024-01-30T19:05:39.482+0000] {dag.py:2585} INFO - Sync 1 DAGs
[2024-01-30T19:05:39.532+0000] {logging_mixin.py:120} INFO - [2024-01-30T19:05:39.532+0000] {dag.py:3340} INFO - Setting next_dagrun for example_short_circuit_operator to 2024-01-29T19:05:39.531779+00:00, run_after=2024-01-30T19:05:39.531779+00:00
[2024-01-30T19:05:39.562+0000] {processor.py:176} INFO - Processing /home/airflow/.local/lib/python3.7/site-packages/airflow/example_dags/example_short_circuit_operator.py took 0.264 seconds
[2024-01-30T19:06:09.716+0000] {processor.py:154} INFO - Started process (PID=2117) to work on /home/airflow/.local/lib/python3.7/site-packages/airflow/example_dags/example_short_circuit_operator.py
[2024-01-30T19:06:09.718+0000] {processor.py:756} INFO - Processing file /home/airflow/.local/lib/python3.7/site-packages/airflow/example_dags/example_short_circuit_operator.py for tasks to queue
[2024-01-30T19:06:09.719+0000] {logging_mixin.py:120} INFO - [2024-01-30T19:06:09.719+0000] {dagbag.py:537} INFO - Filling up the DagBag from /home/airflow/.local/lib/python3.7/site-packages/airflow/example_dags/example_short_circuit_operator.py
[2024-01-30T19:06:09.759+0000] {processor.py:766} INFO - DAG(s) dict_keys(['example_short_circuit_operator']) retrieved from /home/airflow/.local/lib/python3.7/site-packages/airflow/example_dags/example_short_circuit_operator.py
[2024-01-30T19:06:09.851+0000] {logging_mixin.py:120} INFO - [2024-01-30T19:06:09.850+0000] {dag.py:2585} INFO - Sync 1 DAGs
[2024-01-30T19:06:09.901+0000] {logging_mixin.py:120} INFO - [2024-01-30T19:06:09.901+0000] {dag.py:3340} INFO - Setting next_dagrun for example_short_circuit_operator to 2024-01-29T19:06:09.900954+00:00, run_after=2024-01-30T19:06:09.900954+00:00
[2024-01-30T19:06:09.947+0000] {processor.py:176} INFO - Processing /home/airflow/.local/lib/python3.7/site-packages/airflow/example_dags/example_short_circuit_operator.py took 0.238 seconds
[2024-01-30T19:06:40.119+0000] {processor.py:154} INFO - Started process (PID=2174) to work on /home/airflow/.local/lib/python3.7/site-packages/airflow/example_dags/example_short_circuit_operator.py
[2024-01-30T19:06:40.121+0000] {processor.py:756} INFO - Processing file /home/airflow/.local/lib/python3.7/site-packages/airflow/example_dags/example_short_circuit_operator.py for tasks to queue
[2024-01-30T19:06:40.122+0000] {logging_mixin.py:120} INFO - [2024-01-30T19:06:40.122+0000] {dagbag.py:537} INFO - Filling up the DagBag from /home/airflow/.local/lib/python3.7/site-packages/airflow/example_dags/example_short_circuit_operator.py
[2024-01-30T19:06:40.156+0000] {processor.py:766} INFO - DAG(s) dict_keys(['example_short_circuit_operator']) retrieved from /home/airflow/.local/lib/python3.7/site-packages/airflow/example_dags/example_short_circuit_operator.py
[2024-01-30T19:06:40.233+0000] {logging_mixin.py:120} INFO - [2024-01-30T19:06:40.233+0000] {dag.py:2585} INFO - Sync 1 DAGs
[2024-01-30T19:06:40.271+0000] {logging_mixin.py:120} INFO - [2024-01-30T19:06:40.270+0000] {dag.py:3340} INFO - Setting next_dagrun for example_short_circuit_operator to 2024-01-29T19:06:40.270596+00:00, run_after=2024-01-30T19:06:40.270596+00:00
[2024-01-30T19:06:40.298+0000] {processor.py:176} INFO - Processing /home/airflow/.local/lib/python3.7/site-packages/airflow/example_dags/example_short_circuit_operator.py took 0.186 seconds
[2024-01-30T19:07:10.476+0000] {processor.py:154} INFO - Started process (PID=2238) to work on /home/airflow/.local/lib/python3.7/site-packages/airflow/example_dags/example_short_circuit_operator.py
[2024-01-30T19:07:10.478+0000] {processor.py:756} INFO - Processing file /home/airflow/.local/lib/python3.7/site-packages/airflow/example_dags/example_short_circuit_operator.py for tasks to queue
[2024-01-30T19:07:10.479+0000] {logging_mixin.py:120} INFO - [2024-01-30T19:07:10.479+0000] {dagbag.py:537} INFO - Filling up the DagBag from /home/airflow/.local/lib/python3.7/site-packages/airflow/example_dags/example_short_circuit_operator.py
[2024-01-30T19:07:10.515+0000] {processor.py:766} INFO - DAG(s) dict_keys(['example_short_circuit_operator']) retrieved from /home/airflow/.local/lib/python3.7/site-packages/airflow/example_dags/example_short_circuit_operator.py
[2024-01-30T19:07:10.605+0000] {logging_mixin.py:120} INFO - [2024-01-30T19:07:10.604+0000] {dag.py:2585} INFO - Sync 1 DAGs
[2024-01-30T19:07:10.716+0000] {logging_mixin.py:120} INFO - [2024-01-30T19:07:10.716+0000] {dag.py:3340} INFO - Setting next_dagrun for example_short_circuit_operator to 2024-01-29T19:07:10.716030+00:00, run_after=2024-01-30T19:07:10.716030+00:00
[2024-01-30T19:07:10.767+0000] {processor.py:176} INFO - Processing /home/airflow/.local/lib/python3.7/site-packages/airflow/example_dags/example_short_circuit_operator.py took 0.298 seconds
[2024-01-30T19:07:40.854+0000] {processor.py:154} INFO - Started process (PID=2293) to work on /home/airflow/.local/lib/python3.7/site-packages/airflow/example_dags/example_short_circuit_operator.py
[2024-01-30T19:07:40.857+0000] {processor.py:756} INFO - Processing file /home/airflow/.local/lib/python3.7/site-packages/airflow/example_dags/example_short_circuit_operator.py for tasks to queue
[2024-01-30T19:07:40.860+0000] {logging_mixin.py:120} INFO - [2024-01-30T19:07:40.859+0000] {dagbag.py:537} INFO - Filling up the DagBag from /home/airflow/.local/lib/python3.7/site-packages/airflow/example_dags/example_short_circuit_operator.py
[2024-01-30T19:07:40.903+0000] {processor.py:766} INFO - DAG(s) dict_keys(['example_short_circuit_operator']) retrieved from /home/airflow/.local/lib/python3.7/site-packages/airflow/example_dags/example_short_circuit_operator.py
[2024-01-30T19:07:41.020+0000] {logging_mixin.py:120} INFO - [2024-01-30T19:07:41.019+0000] {dag.py:2585} INFO - Sync 1 DAGs
[2024-01-30T19:07:41.104+0000] {logging_mixin.py:120} INFO - [2024-01-30T19:07:41.104+0000] {dag.py:3340} INFO - Setting next_dagrun for example_short_circuit_operator to 2024-01-29T19:07:41.103375+00:00, run_after=2024-01-30T19:07:41.103375+00:00
[2024-01-30T19:07:41.145+0000] {processor.py:176} INFO - Processing /home/airflow/.local/lib/python3.7/site-packages/airflow/example_dags/example_short_circuit_operator.py took 0.299 seconds
[2024-01-30T19:08:11.557+0000] {processor.py:154} INFO - Started process (PID=2356) to work on /home/airflow/.local/lib/python3.7/site-packages/airflow/example_dags/example_short_circuit_operator.py
[2024-01-30T19:08:11.559+0000] {processor.py:756} INFO - Processing file /home/airflow/.local/lib/python3.7/site-packages/airflow/example_dags/example_short_circuit_operator.py for tasks to queue
[2024-01-30T19:08:11.560+0000] {logging_mixin.py:120} INFO - [2024-01-30T19:08:11.560+0000] {dagbag.py:537} INFO - Filling up the DagBag from /home/airflow/.local/lib/python3.7/site-packages/airflow/example_dags/example_short_circuit_operator.py
[2024-01-30T19:08:11.590+0000] {processor.py:766} INFO - DAG(s) dict_keys(['example_short_circuit_operator']) retrieved from /home/airflow/.local/lib/python3.7/site-packages/airflow/example_dags/example_short_circuit_operator.py
[2024-01-30T19:08:11.660+0000] {logging_mixin.py:120} INFO - [2024-01-30T19:08:11.660+0000] {dag.py:2585} INFO - Sync 1 DAGs
[2024-01-30T19:08:11.700+0000] {logging_mixin.py:120} INFO - [2024-01-30T19:08:11.700+0000] {dag.py:3340} INFO - Setting next_dagrun for example_short_circuit_operator to 2024-01-29T19:08:11.699884+00:00, run_after=2024-01-30T19:08:11.699884+00:00
[2024-01-30T19:08:11.744+0000] {processor.py:176} INFO - Processing /home/airflow/.local/lib/python3.7/site-packages/airflow/example_dags/example_short_circuit_operator.py took 0.193 seconds
[2024-01-30T19:08:41.888+0000] {processor.py:154} INFO - Started process (PID=2421) to work on /home/airflow/.local/lib/python3.7/site-packages/airflow/example_dags/example_short_circuit_operator.py
[2024-01-30T19:08:41.890+0000] {processor.py:756} INFO - Processing file /home/airflow/.local/lib/python3.7/site-packages/airflow/example_dags/example_short_circuit_operator.py for tasks to queue
[2024-01-30T19:08:41.892+0000] {logging_mixin.py:120} INFO - [2024-01-30T19:08:41.892+0000] {dagbag.py:537} INFO - Filling up the DagBag from /home/airflow/.local/lib/python3.7/site-packages/airflow/example_dags/example_short_circuit_operator.py
[2024-01-30T19:08:41.929+0000] {processor.py:766} INFO - DAG(s) dict_keys(['example_short_circuit_operator']) retrieved from /home/airflow/.local/lib/python3.7/site-packages/airflow/example_dags/example_short_circuit_operator.py
[2024-01-30T19:08:42.035+0000] {logging_mixin.py:120} INFO - [2024-01-30T19:08:42.034+0000] {dag.py:2585} INFO - Sync 1 DAGs
[2024-01-30T19:08:42.265+0000] {logging_mixin.py:120} INFO - [2024-01-30T19:08:42.265+0000] {dag.py:3340} INFO - Setting next_dagrun for example_short_circuit_operator to 2024-01-29T19:08:42.264574+00:00, run_after=2024-01-30T19:08:42.264574+00:00
[2024-01-30T19:08:42.344+0000] {processor.py:176} INFO - Processing /home/airflow/.local/lib/python3.7/site-packages/airflow/example_dags/example_short_circuit_operator.py took 0.462 seconds
[2024-01-30T19:09:12.555+0000] {processor.py:154} INFO - Started process (PID=2477) to work on /home/airflow/.local/lib/python3.7/site-packages/airflow/example_dags/example_short_circuit_operator.py
[2024-01-30T19:09:12.559+0000] {processor.py:756} INFO - Processing file /home/airflow/.local/lib/python3.7/site-packages/airflow/example_dags/example_short_circuit_operator.py for tasks to queue
[2024-01-30T19:09:12.561+0000] {logging_mixin.py:120} INFO - [2024-01-30T19:09:12.561+0000] {dagbag.py:537} INFO - Filling up the DagBag from /home/airflow/.local/lib/python3.7/site-packages/airflow/example_dags/example_short_circuit_operator.py
[2024-01-30T19:09:12.601+0000] {processor.py:766} INFO - DAG(s) dict_keys(['example_short_circuit_operator']) retrieved from /home/airflow/.local/lib/python3.7/site-packages/airflow/example_dags/example_short_circuit_operator.py
[2024-01-30T19:09:12.715+0000] {logging_mixin.py:120} INFO - [2024-01-30T19:09:12.714+0000] {dag.py:2585} INFO - Sync 1 DAGs
[2024-01-30T19:09:12.793+0000] {logging_mixin.py:120} INFO - [2024-01-30T19:09:12.793+0000] {dag.py:3340} INFO - Setting next_dagrun for example_short_circuit_operator to 2024-01-29T19:09:12.792841+00:00, run_after=2024-01-30T19:09:12.792841+00:00
[2024-01-30T19:09:12.823+0000] {processor.py:176} INFO - Processing /home/airflow/.local/lib/python3.7/site-packages/airflow/example_dags/example_short_circuit_operator.py took 0.275 seconds
[2024-01-30T19:09:43.366+0000] {processor.py:154} INFO - Started process (PID=2546) to work on /home/airflow/.local/lib/python3.7/site-packages/airflow/example_dags/example_short_circuit_operator.py
[2024-01-30T19:09:43.368+0000] {processor.py:756} INFO - Processing file /home/airflow/.local/lib/python3.7/site-packages/airflow/example_dags/example_short_circuit_operator.py for tasks to queue
[2024-01-30T19:09:43.370+0000] {logging_mixin.py:120} INFO - [2024-01-30T19:09:43.370+0000] {dagbag.py:537} INFO - Filling up the DagBag from /home/airflow/.local/lib/python3.7/site-packages/airflow/example_dags/example_short_circuit_operator.py
[2024-01-30T19:09:43.400+0000] {processor.py:766} INFO - DAG(s) dict_keys(['example_short_circuit_operator']) retrieved from /home/airflow/.local/lib/python3.7/site-packages/airflow/example_dags/example_short_circuit_operator.py
[2024-01-30T19:09:43.478+0000] {logging_mixin.py:120} INFO - [2024-01-30T19:09:43.477+0000] {dag.py:2585} INFO - Sync 1 DAGs
[2024-01-30T19:09:43.531+0000] {logging_mixin.py:120} INFO - [2024-01-30T19:09:43.531+0000] {dag.py:3340} INFO - Setting next_dagrun for example_short_circuit_operator to 2024-01-29T19:09:43.531291+00:00, run_after=2024-01-30T19:09:43.531291+00:00
[2024-01-30T19:09:43.566+0000] {processor.py:176} INFO - Processing /home/airflow/.local/lib/python3.7/site-packages/airflow/example_dags/example_short_circuit_operator.py took 0.206 seconds
[2024-01-30T19:10:13.881+0000] {processor.py:154} INFO - Started process (PID=2600) to work on /home/airflow/.local/lib/python3.7/site-packages/airflow/example_dags/example_short_circuit_operator.py
[2024-01-30T19:10:13.883+0000] {processor.py:756} INFO - Processing file /home/airflow/.local/lib/python3.7/site-packages/airflow/example_dags/example_short_circuit_operator.py for tasks to queue
[2024-01-30T19:10:13.884+0000] {logging_mixin.py:120} INFO - [2024-01-30T19:10:13.884+0000] {dagbag.py:537} INFO - Filling up the DagBag from /home/airflow/.local/lib/python3.7/site-packages/airflow/example_dags/example_short_circuit_operator.py
[2024-01-30T19:10:13.926+0000] {processor.py:766} INFO - DAG(s) dict_keys(['example_short_circuit_operator']) retrieved from /home/airflow/.local/lib/python3.7/site-packages/airflow/example_dags/example_short_circuit_operator.py
[2024-01-30T19:10:14.078+0000] {logging_mixin.py:120} INFO - [2024-01-30T19:10:14.077+0000] {dag.py:2585} INFO - Sync 1 DAGs
[2024-01-30T19:10:14.151+0000] {logging_mixin.py:120} INFO - [2024-01-30T19:10:14.151+0000] {dag.py:3340} INFO - Setting next_dagrun for example_short_circuit_operator to 2024-01-29T19:10:14.151077+00:00, run_after=2024-01-30T19:10:14.151077+00:00
[2024-01-30T19:10:14.180+0000] {processor.py:176} INFO - Processing /home/airflow/.local/lib/python3.7/site-packages/airflow/example_dags/example_short_circuit_operator.py took 0.314 seconds
[2024-01-30T19:10:44.387+0000] {processor.py:154} INFO - Started process (PID=2667) to work on /home/airflow/.local/lib/python3.7/site-packages/airflow/example_dags/example_short_circuit_operator.py
[2024-01-30T19:10:44.389+0000] {processor.py:756} INFO - Processing file /home/airflow/.local/lib/python3.7/site-packages/airflow/example_dags/example_short_circuit_operator.py for tasks to queue
[2024-01-30T19:10:44.390+0000] {logging_mixin.py:120} INFO - [2024-01-30T19:10:44.390+0000] {dagbag.py:537} INFO - Filling up the DagBag from /home/airflow/.local/lib/python3.7/site-packages/airflow/example_dags/example_short_circuit_operator.py
[2024-01-30T19:10:44.419+0000] {processor.py:766} INFO - DAG(s) dict_keys(['example_short_circuit_operator']) retrieved from /home/airflow/.local/lib/python3.7/site-packages/airflow/example_dags/example_short_circuit_operator.py
[2024-01-30T19:10:44.513+0000] {logging_mixin.py:120} INFO - [2024-01-30T19:10:44.513+0000] {dag.py:2585} INFO - Sync 1 DAGs
[2024-01-30T19:10:44.566+0000] {logging_mixin.py:120} INFO - [2024-01-30T19:10:44.565+0000] {dag.py:3340} INFO - Setting next_dagrun for example_short_circuit_operator to 2024-01-29T19:10:44.565163+00:00, run_after=2024-01-30T19:10:44.565163+00:00
[2024-01-30T19:10:44.607+0000] {processor.py:176} INFO - Processing /home/airflow/.local/lib/python3.7/site-packages/airflow/example_dags/example_short_circuit_operator.py took 0.226 seconds
[2024-01-30T19:11:14.871+0000] {processor.py:154} INFO - Started process (PID=2732) to work on /home/airflow/.local/lib/python3.7/site-packages/airflow/example_dags/example_short_circuit_operator.py
[2024-01-30T19:11:14.879+0000] {processor.py:756} INFO - Processing file /home/airflow/.local/lib/python3.7/site-packages/airflow/example_dags/example_short_circuit_operator.py for tasks to queue
[2024-01-30T19:11:14.884+0000] {logging_mixin.py:120} INFO - [2024-01-30T19:11:14.883+0000] {dagbag.py:537} INFO - Filling up the DagBag from /home/airflow/.local/lib/python3.7/site-packages/airflow/example_dags/example_short_circuit_operator.py
[2024-01-30T19:11:14.940+0000] {processor.py:766} INFO - DAG(s) dict_keys(['example_short_circuit_operator']) retrieved from /home/airflow/.local/lib/python3.7/site-packages/airflow/example_dags/example_short_circuit_operator.py
[2024-01-30T19:11:15.019+0000] {logging_mixin.py:120} INFO - [2024-01-30T19:11:15.018+0000] {dag.py:2585} INFO - Sync 1 DAGs
[2024-01-30T19:11:15.062+0000] {logging_mixin.py:120} INFO - [2024-01-30T19:11:15.062+0000] {dag.py:3340} INFO - Setting next_dagrun for example_short_circuit_operator to 2024-01-29T19:11:15.061531+00:00, run_after=2024-01-30T19:11:15.061531+00:00
[2024-01-30T19:11:15.115+0000] {processor.py:176} INFO - Processing /home/airflow/.local/lib/python3.7/site-packages/airflow/example_dags/example_short_circuit_operator.py took 0.251 seconds
[2024-01-30T19:11:45.213+0000] {processor.py:154} INFO - Started process (PID=2788) to work on /home/airflow/.local/lib/python3.7/site-packages/airflow/example_dags/example_short_circuit_operator.py
[2024-01-30T19:11:45.214+0000] {processor.py:756} INFO - Processing file /home/airflow/.local/lib/python3.7/site-packages/airflow/example_dags/example_short_circuit_operator.py for tasks to queue
[2024-01-30T19:11:45.216+0000] {logging_mixin.py:120} INFO - [2024-01-30T19:11:45.216+0000] {dagbag.py:537} INFO - Filling up the DagBag from /home/airflow/.local/lib/python3.7/site-packages/airflow/example_dags/example_short_circuit_operator.py
[2024-01-30T19:11:45.249+0000] {processor.py:766} INFO - DAG(s) dict_keys(['example_short_circuit_operator']) retrieved from /home/airflow/.local/lib/python3.7/site-packages/airflow/example_dags/example_short_circuit_operator.py
[2024-01-30T19:11:45.323+0000] {logging_mixin.py:120} INFO - [2024-01-30T19:11:45.323+0000] {dag.py:2585} INFO - Sync 1 DAGs
[2024-01-30T19:11:45.365+0000] {logging_mixin.py:120} INFO - [2024-01-30T19:11:45.365+0000] {dag.py:3340} INFO - Setting next_dagrun for example_short_circuit_operator to 2024-01-29T19:11:45.364411+00:00, run_after=2024-01-30T19:11:45.364411+00:00
[2024-01-30T19:11:45.406+0000] {processor.py:176} INFO - Processing /home/airflow/.local/lib/python3.7/site-packages/airflow/example_dags/example_short_circuit_operator.py took 0.198 seconds
[2024-01-30T19:12:15.580+0000] {processor.py:154} INFO - Started process (PID=2855) to work on /home/airflow/.local/lib/python3.7/site-packages/airflow/example_dags/example_short_circuit_operator.py
[2024-01-30T19:12:15.583+0000] {processor.py:756} INFO - Processing file /home/airflow/.local/lib/python3.7/site-packages/airflow/example_dags/example_short_circuit_operator.py for tasks to queue
[2024-01-30T19:12:15.585+0000] {logging_mixin.py:120} INFO - [2024-01-30T19:12:15.585+0000] {dagbag.py:537} INFO - Filling up the DagBag from /home/airflow/.local/lib/python3.7/site-packages/airflow/example_dags/example_short_circuit_operator.py
[2024-01-30T19:12:15.621+0000] {processor.py:766} INFO - DAG(s) dict_keys(['example_short_circuit_operator']) retrieved from /home/airflow/.local/lib/python3.7/site-packages/airflow/example_dags/example_short_circuit_operator.py
[2024-01-30T19:12:15.746+0000] {logging_mixin.py:120} INFO - [2024-01-30T19:12:15.746+0000] {dag.py:2585} INFO - Sync 1 DAGs
[2024-01-30T19:12:15.796+0000] {logging_mixin.py:120} INFO - [2024-01-30T19:12:15.796+0000] {dag.py:3340} INFO - Setting next_dagrun for example_short_circuit_operator to 2024-01-29T19:12:15.795641+00:00, run_after=2024-01-30T19:12:15.795641+00:00
[2024-01-30T19:12:15.838+0000] {processor.py:176} INFO - Processing /home/airflow/.local/lib/python3.7/site-packages/airflow/example_dags/example_short_circuit_operator.py took 0.263 seconds
[2024-01-30T19:12:46.434+0000] {processor.py:154} INFO - Started process (PID=2918) to work on /home/airflow/.local/lib/python3.7/site-packages/airflow/example_dags/example_short_circuit_operator.py
[2024-01-30T19:12:46.436+0000] {processor.py:756} INFO - Processing file /home/airflow/.local/lib/python3.7/site-packages/airflow/example_dags/example_short_circuit_operator.py for tasks to queue
[2024-01-30T19:12:46.438+0000] {logging_mixin.py:120} INFO - [2024-01-30T19:12:46.437+0000] {dagbag.py:537} INFO - Filling up the DagBag from /home/airflow/.local/lib/python3.7/site-packages/airflow/example_dags/example_short_circuit_operator.py
[2024-01-30T19:12:46.469+0000] {processor.py:766} INFO - DAG(s) dict_keys(['example_short_circuit_operator']) retrieved from /home/airflow/.local/lib/python3.7/site-packages/airflow/example_dags/example_short_circuit_operator.py
[2024-01-30T19:12:46.541+0000] {logging_mixin.py:120} INFO - [2024-01-30T19:12:46.541+0000] {dag.py:2585} INFO - Sync 1 DAGs
[2024-01-30T19:12:46.585+0000] {logging_mixin.py:120} INFO - [2024-01-30T19:12:46.585+0000] {dag.py:3340} INFO - Setting next_dagrun for example_short_circuit_operator to 2024-01-29T19:12:46.584753+00:00, run_after=2024-01-30T19:12:46.584753+00:00
[2024-01-30T19:12:46.620+0000] {processor.py:176} INFO - Processing /home/airflow/.local/lib/python3.7/site-packages/airflow/example_dags/example_short_circuit_operator.py took 0.191 seconds
[2024-01-30T19:13:16.925+0000] {processor.py:154} INFO - Started process (PID=2976) to work on /home/airflow/.local/lib/python3.7/site-packages/airflow/example_dags/example_short_circuit_operator.py
[2024-01-30T19:13:16.927+0000] {processor.py:756} INFO - Processing file /home/airflow/.local/lib/python3.7/site-packages/airflow/example_dags/example_short_circuit_operator.py for tasks to queue
[2024-01-30T19:13:16.929+0000] {logging_mixin.py:120} INFO - [2024-01-30T19:13:16.928+0000] {dagbag.py:537} INFO - Filling up the DagBag from /home/airflow/.local/lib/python3.7/site-packages/airflow/example_dags/example_short_circuit_operator.py
[2024-01-30T19:13:16.959+0000] {processor.py:766} INFO - DAG(s) dict_keys(['example_short_circuit_operator']) retrieved from /home/airflow/.local/lib/python3.7/site-packages/airflow/example_dags/example_short_circuit_operator.py
[2024-01-30T19:13:17.045+0000] {logging_mixin.py:120} INFO - [2024-01-30T19:13:17.045+0000] {dag.py:2585} INFO - Sync 1 DAGs
[2024-01-30T19:13:17.094+0000] {logging_mixin.py:120} INFO - [2024-01-30T19:13:17.094+0000] {dag.py:3340} INFO - Setting next_dagrun for example_short_circuit_operator to 2024-01-29T19:13:17.093597+00:00, run_after=2024-01-30T19:13:17.093597+00:00
[2024-01-30T19:13:17.136+0000] {processor.py:176} INFO - Processing /home/airflow/.local/lib/python3.7/site-packages/airflow/example_dags/example_short_circuit_operator.py took 0.218 seconds
[2024-01-30T19:13:47.286+0000] {processor.py:154} INFO - Started process (PID=3041) to work on /home/airflow/.local/lib/python3.7/site-packages/airflow/example_dags/example_short_circuit_operator.py
[2024-01-30T19:13:47.287+0000] {processor.py:756} INFO - Processing file /home/airflow/.local/lib/python3.7/site-packages/airflow/example_dags/example_short_circuit_operator.py for tasks to queue
[2024-01-30T19:13:47.289+0000] {logging_mixin.py:120} INFO - [2024-01-30T19:13:47.289+0000] {dagbag.py:537} INFO - Filling up the DagBag from /home/airflow/.local/lib/python3.7/site-packages/airflow/example_dags/example_short_circuit_operator.py
[2024-01-30T19:13:47.321+0000] {processor.py:766} INFO - DAG(s) dict_keys(['example_short_circuit_operator']) retrieved from /home/airflow/.local/lib/python3.7/site-packages/airflow/example_dags/example_short_circuit_operator.py
[2024-01-30T19:13:47.395+0000] {logging_mixin.py:120} INFO - [2024-01-30T19:13:47.395+0000] {dag.py:2585} INFO - Sync 1 DAGs
[2024-01-30T19:13:47.437+0000] {logging_mixin.py:120} INFO - [2024-01-30T19:13:47.437+0000] {dag.py:3340} INFO - Setting next_dagrun for example_short_circuit_operator to 2024-01-29T19:13:47.437139+00:00, run_after=2024-01-30T19:13:47.437139+00:00
[2024-01-30T19:13:47.465+0000] {processor.py:176} INFO - Processing /home/airflow/.local/lib/python3.7/site-packages/airflow/example_dags/example_short_circuit_operator.py took 0.186 seconds
[2024-01-30T19:14:17.735+0000] {processor.py:154} INFO - Started process (PID=3097) to work on /home/airflow/.local/lib/python3.7/site-packages/airflow/example_dags/example_short_circuit_operator.py
[2024-01-30T19:14:17.754+0000] {processor.py:756} INFO - Processing file /home/airflow/.local/lib/python3.7/site-packages/airflow/example_dags/example_short_circuit_operator.py for tasks to queue
[2024-01-30T19:14:17.778+0000] {logging_mixin.py:120} INFO - [2024-01-30T19:14:17.778+0000] {dagbag.py:537} INFO - Filling up the DagBag from /home/airflow/.local/lib/python3.7/site-packages/airflow/example_dags/example_short_circuit_operator.py
[2024-01-30T19:14:17.828+0000] {processor.py:766} INFO - DAG(s) dict_keys(['example_short_circuit_operator']) retrieved from /home/airflow/.local/lib/python3.7/site-packages/airflow/example_dags/example_short_circuit_operator.py
[2024-01-30T19:14:17.898+0000] {logging_mixin.py:120} INFO - [2024-01-30T19:14:17.897+0000] {dag.py:2585} INFO - Sync 1 DAGs
[2024-01-30T19:14:17.937+0000] {logging_mixin.py:120} INFO - [2024-01-30T19:14:17.937+0000] {dag.py:3340} INFO - Setting next_dagrun for example_short_circuit_operator to 2024-01-29T19:14:17.936988+00:00, run_after=2024-01-30T19:14:17.936988+00:00
[2024-01-30T19:14:17.987+0000] {processor.py:176} INFO - Processing /home/airflow/.local/lib/python3.7/site-packages/airflow/example_dags/example_short_circuit_operator.py took 0.273 seconds
[2024-01-30T19:14:48.251+0000] {processor.py:154} INFO - Started process (PID=3162) to work on /home/airflow/.local/lib/python3.7/site-packages/airflow/example_dags/example_short_circuit_operator.py
[2024-01-30T19:14:48.254+0000] {processor.py:756} INFO - Processing file /home/airflow/.local/lib/python3.7/site-packages/airflow/example_dags/example_short_circuit_operator.py for tasks to queue
[2024-01-30T19:14:48.259+0000] {logging_mixin.py:120} INFO - [2024-01-30T19:14:48.258+0000] {dagbag.py:537} INFO - Filling up the DagBag from /home/airflow/.local/lib/python3.7/site-packages/airflow/example_dags/example_short_circuit_operator.py
[2024-01-30T19:14:48.337+0000] {processor.py:766} INFO - DAG(s) dict_keys(['example_short_circuit_operator']) retrieved from /home/airflow/.local/lib/python3.7/site-packages/airflow/example_dags/example_short_circuit_operator.py
[2024-01-30T19:14:48.506+0000] {logging_mixin.py:120} INFO - [2024-01-30T19:14:48.506+0000] {dag.py:2585} INFO - Sync 1 DAGs
[2024-01-30T19:14:48.557+0000] {logging_mixin.py:120} INFO - [2024-01-30T19:14:48.557+0000] {dag.py:3340} INFO - Setting next_dagrun for example_short_circuit_operator to 2024-01-29T19:14:48.556624+00:00, run_after=2024-01-30T19:14:48.556624+00:00
[2024-01-30T19:14:48.592+0000] {processor.py:176} INFO - Processing /home/airflow/.local/lib/python3.7/site-packages/airflow/example_dags/example_short_circuit_operator.py took 0.356 seconds
[2024-01-30T19:15:19.593+0000] {processor.py:154} INFO - Started process (PID=3227) to work on /home/airflow/.local/lib/python3.7/site-packages/airflow/example_dags/example_short_circuit_operator.py
[2024-01-30T19:15:19.595+0000] {processor.py:756} INFO - Processing file /home/airflow/.local/lib/python3.7/site-packages/airflow/example_dags/example_short_circuit_operator.py for tasks to queue
[2024-01-30T19:15:19.597+0000] {logging_mixin.py:120} INFO - [2024-01-30T19:15:19.597+0000] {dagbag.py:537} INFO - Filling up the DagBag from /home/airflow/.local/lib/python3.7/site-packages/airflow/example_dags/example_short_circuit_operator.py
[2024-01-30T19:15:19.638+0000] {processor.py:766} INFO - DAG(s) dict_keys(['example_short_circuit_operator']) retrieved from /home/airflow/.local/lib/python3.7/site-packages/airflow/example_dags/example_short_circuit_operator.py
[2024-01-30T19:15:19.748+0000] {logging_mixin.py:120} INFO - [2024-01-30T19:15:19.748+0000] {dag.py:2585} INFO - Sync 1 DAGs
[2024-01-30T19:15:19.798+0000] {logging_mixin.py:120} INFO - [2024-01-30T19:15:19.798+0000] {dag.py:3340} INFO - Setting next_dagrun for example_short_circuit_operator to 2024-01-29T19:15:19.798190+00:00, run_after=2024-01-30T19:15:19.798190+00:00
[2024-01-30T19:15:19.836+0000] {processor.py:176} INFO - Processing /home/airflow/.local/lib/python3.7/site-packages/airflow/example_dags/example_short_circuit_operator.py took 0.249 seconds
[2024-01-30T19:15:50.461+0000] {processor.py:154} INFO - Started process (PID=3282) to work on /home/airflow/.local/lib/python3.7/site-packages/airflow/example_dags/example_short_circuit_operator.py
[2024-01-30T19:15:50.463+0000] {processor.py:756} INFO - Processing file /home/airflow/.local/lib/python3.7/site-packages/airflow/example_dags/example_short_circuit_operator.py for tasks to queue
[2024-01-30T19:15:50.465+0000] {logging_mixin.py:120} INFO - [2024-01-30T19:15:50.464+0000] {dagbag.py:537} INFO - Filling up the DagBag from /home/airflow/.local/lib/python3.7/site-packages/airflow/example_dags/example_short_circuit_operator.py
[2024-01-30T19:15:50.504+0000] {processor.py:766} INFO - DAG(s) dict_keys(['example_short_circuit_operator']) retrieved from /home/airflow/.local/lib/python3.7/site-packages/airflow/example_dags/example_short_circuit_operator.py
[2024-01-30T19:15:50.594+0000] {logging_mixin.py:120} INFO - [2024-01-30T19:15:50.594+0000] {dag.py:2585} INFO - Sync 1 DAGs
[2024-01-30T19:15:50.641+0000] {logging_mixin.py:120} INFO - [2024-01-30T19:15:50.640+0000] {dag.py:3340} INFO - Setting next_dagrun for example_short_circuit_operator to 2024-01-29T19:15:50.640323+00:00, run_after=2024-01-30T19:15:50.640323+00:00
[2024-01-30T19:15:50.676+0000] {processor.py:176} INFO - Processing /home/airflow/.local/lib/python3.7/site-packages/airflow/example_dags/example_short_circuit_operator.py took 0.221 seconds
[2024-01-30T19:16:21.138+0000] {processor.py:154} INFO - Started process (PID=3347) to work on /home/airflow/.local/lib/python3.7/site-packages/airflow/example_dags/example_short_circuit_operator.py
[2024-01-30T19:16:21.139+0000] {processor.py:756} INFO - Processing file /home/airflow/.local/lib/python3.7/site-packages/airflow/example_dags/example_short_circuit_operator.py for tasks to queue
[2024-01-30T19:16:21.141+0000] {logging_mixin.py:120} INFO - [2024-01-30T19:16:21.141+0000] {dagbag.py:537} INFO - Filling up the DagBag from /home/airflow/.local/lib/python3.7/site-packages/airflow/example_dags/example_short_circuit_operator.py
[2024-01-30T19:16:21.168+0000] {processor.py:766} INFO - DAG(s) dict_keys(['example_short_circuit_operator']) retrieved from /home/airflow/.local/lib/python3.7/site-packages/airflow/example_dags/example_short_circuit_operator.py
[2024-01-30T19:16:21.234+0000] {logging_mixin.py:120} INFO - [2024-01-30T19:16:21.234+0000] {dag.py:2585} INFO - Sync 1 DAGs
[2024-01-30T19:16:21.276+0000] {logging_mixin.py:120} INFO - [2024-01-30T19:16:21.276+0000] {dag.py:3340} INFO - Setting next_dagrun for example_short_circuit_operator to 2024-01-29T19:16:21.275831+00:00, run_after=2024-01-30T19:16:21.275831+00:00
[2024-01-30T19:16:21.314+0000] {processor.py:176} INFO - Processing /home/airflow/.local/lib/python3.7/site-packages/airflow/example_dags/example_short_circuit_operator.py took 0.181 seconds
[2024-01-30T19:16:52.333+0000] {processor.py:154} INFO - Started process (PID=3413) to work on /home/airflow/.local/lib/python3.7/site-packages/airflow/example_dags/example_short_circuit_operator.py
[2024-01-30T19:16:52.334+0000] {processor.py:756} INFO - Processing file /home/airflow/.local/lib/python3.7/site-packages/airflow/example_dags/example_short_circuit_operator.py for tasks to queue
[2024-01-30T19:16:52.336+0000] {logging_mixin.py:120} INFO - [2024-01-30T19:16:52.335+0000] {dagbag.py:537} INFO - Filling up the DagBag from /home/airflow/.local/lib/python3.7/site-packages/airflow/example_dags/example_short_circuit_operator.py
[2024-01-30T19:16:52.363+0000] {processor.py:766} INFO - DAG(s) dict_keys(['example_short_circuit_operator']) retrieved from /home/airflow/.local/lib/python3.7/site-packages/airflow/example_dags/example_short_circuit_operator.py
[2024-01-30T19:16:52.428+0000] {logging_mixin.py:120} INFO - [2024-01-30T19:16:52.428+0000] {dag.py:2585} INFO - Sync 1 DAGs
[2024-01-30T19:16:52.469+0000] {logging_mixin.py:120} INFO - [2024-01-30T19:16:52.469+0000] {dag.py:3340} INFO - Setting next_dagrun for example_short_circuit_operator to 2024-01-29T19:16:52.468527+00:00, run_after=2024-01-30T19:16:52.468527+00:00
[2024-01-30T19:16:52.514+0000] {processor.py:176} INFO - Processing /home/airflow/.local/lib/python3.7/site-packages/airflow/example_dags/example_short_circuit_operator.py took 0.186 seconds
[2024-01-30T19:17:23.454+0000] {processor.py:154} INFO - Started process (PID=3469) to work on /home/airflow/.local/lib/python3.7/site-packages/airflow/example_dags/example_short_circuit_operator.py
[2024-01-30T19:17:23.456+0000] {processor.py:756} INFO - Processing file /home/airflow/.local/lib/python3.7/site-packages/airflow/example_dags/example_short_circuit_operator.py for tasks to queue
[2024-01-30T19:17:23.457+0000] {logging_mixin.py:120} INFO - [2024-01-30T19:17:23.457+0000] {dagbag.py:537} INFO - Filling up the DagBag from /home/airflow/.local/lib/python3.7/site-packages/airflow/example_dags/example_short_circuit_operator.py
[2024-01-30T19:17:23.483+0000] {processor.py:766} INFO - DAG(s) dict_keys(['example_short_circuit_operator']) retrieved from /home/airflow/.local/lib/python3.7/site-packages/airflow/example_dags/example_short_circuit_operator.py
[2024-01-30T19:17:23.541+0000] {logging_mixin.py:120} INFO - [2024-01-30T19:17:23.541+0000] {dag.py:2585} INFO - Sync 1 DAGs
[2024-01-30T19:17:23.577+0000] {logging_mixin.py:120} INFO - [2024-01-30T19:17:23.577+0000] {dag.py:3340} INFO - Setting next_dagrun for example_short_circuit_operator to 2024-01-29T19:17:23.576760+00:00, run_after=2024-01-30T19:17:23.576760+00:00
[2024-01-30T19:17:23.607+0000] {processor.py:176} INFO - Processing /home/airflow/.local/lib/python3.7/site-packages/airflow/example_dags/example_short_circuit_operator.py took 0.159 seconds
[2024-01-30T19:17:53.886+0000] {processor.py:154} INFO - Started process (PID=3534) to work on /home/airflow/.local/lib/python3.7/site-packages/airflow/example_dags/example_short_circuit_operator.py
[2024-01-30T19:17:53.888+0000] {processor.py:756} INFO - Processing file /home/airflow/.local/lib/python3.7/site-packages/airflow/example_dags/example_short_circuit_operator.py for tasks to queue
[2024-01-30T19:17:53.889+0000] {logging_mixin.py:120} INFO - [2024-01-30T19:17:53.889+0000] {dagbag.py:537} INFO - Filling up the DagBag from /home/airflow/.local/lib/python3.7/site-packages/airflow/example_dags/example_short_circuit_operator.py
[2024-01-30T19:17:53.915+0000] {processor.py:766} INFO - DAG(s) dict_keys(['example_short_circuit_operator']) retrieved from /home/airflow/.local/lib/python3.7/site-packages/airflow/example_dags/example_short_circuit_operator.py
[2024-01-30T19:17:53.974+0000] {logging_mixin.py:120} INFO - [2024-01-30T19:17:53.974+0000] {dag.py:2585} INFO - Sync 1 DAGs
[2024-01-30T19:17:54.009+0000] {logging_mixin.py:120} INFO - [2024-01-30T19:17:54.008+0000] {dag.py:3340} INFO - Setting next_dagrun for example_short_circuit_operator to 2024-01-29T19:17:54.008447+00:00, run_after=2024-01-30T19:17:54.008447+00:00
[2024-01-30T19:17:54.038+0000] {processor.py:176} INFO - Processing /home/airflow/.local/lib/python3.7/site-packages/airflow/example_dags/example_short_circuit_operator.py took 0.158 seconds
[2024-01-30T19:18:24.539+0000] {processor.py:154} INFO - Started process (PID=3600) to work on /home/airflow/.local/lib/python3.7/site-packages/airflow/example_dags/example_short_circuit_operator.py
[2024-01-30T19:18:24.540+0000] {processor.py:756} INFO - Processing file /home/airflow/.local/lib/python3.7/site-packages/airflow/example_dags/example_short_circuit_operator.py for tasks to queue
[2024-01-30T19:18:24.542+0000] {logging_mixin.py:120} INFO - [2024-01-30T19:18:24.541+0000] {dagbag.py:537} INFO - Filling up the DagBag from /home/airflow/.local/lib/python3.7/site-packages/airflow/example_dags/example_short_circuit_operator.py
[2024-01-30T19:18:24.567+0000] {processor.py:766} INFO - DAG(s) dict_keys(['example_short_circuit_operator']) retrieved from /home/airflow/.local/lib/python3.7/site-packages/airflow/example_dags/example_short_circuit_operator.py
[2024-01-30T19:18:24.627+0000] {logging_mixin.py:120} INFO - [2024-01-30T19:18:24.627+0000] {dag.py:2585} INFO - Sync 1 DAGs
[2024-01-30T19:18:24.662+0000] {logging_mixin.py:120} INFO - [2024-01-30T19:18:24.662+0000] {dag.py:3340} INFO - Setting next_dagrun for example_short_circuit_operator to 2024-01-29T19:18:24.661642+00:00, run_after=2024-01-30T19:18:24.661642+00:00
[2024-01-30T19:18:24.691+0000] {processor.py:176} INFO - Processing /home/airflow/.local/lib/python3.7/site-packages/airflow/example_dags/example_short_circuit_operator.py took 0.158 seconds
[2024-01-30T19:18:55.133+0000] {processor.py:154} INFO - Started process (PID=3656) to work on /home/airflow/.local/lib/python3.7/site-packages/airflow/example_dags/example_short_circuit_operator.py
[2024-01-30T19:18:55.134+0000] {processor.py:756} INFO - Processing file /home/airflow/.local/lib/python3.7/site-packages/airflow/example_dags/example_short_circuit_operator.py for tasks to queue
[2024-01-30T19:18:55.135+0000] {logging_mixin.py:120} INFO - [2024-01-30T19:18:55.135+0000] {dagbag.py:537} INFO - Filling up the DagBag from /home/airflow/.local/lib/python3.7/site-packages/airflow/example_dags/example_short_circuit_operator.py
[2024-01-30T19:18:55.158+0000] {processor.py:766} INFO - DAG(s) dict_keys(['example_short_circuit_operator']) retrieved from /home/airflow/.local/lib/python3.7/site-packages/airflow/example_dags/example_short_circuit_operator.py
[2024-01-30T19:18:55.211+0000] {logging_mixin.py:120} INFO - [2024-01-30T19:18:55.211+0000] {dag.py:2585} INFO - Sync 1 DAGs
[2024-01-30T19:18:55.245+0000] {logging_mixin.py:120} INFO - [2024-01-30T19:18:55.245+0000] {dag.py:3340} INFO - Setting next_dagrun for example_short_circuit_operator to 2024-01-29T19:18:55.244911+00:00, run_after=2024-01-30T19:18:55.244911+00:00
[2024-01-30T19:18:55.273+0000] {processor.py:176} INFO - Processing /home/airflow/.local/lib/python3.7/site-packages/airflow/example_dags/example_short_circuit_operator.py took 0.144 seconds
[2024-01-30T19:19:25.356+0000] {processor.py:154} INFO - Started process (PID=3721) to work on /home/airflow/.local/lib/python3.7/site-packages/airflow/example_dags/example_short_circuit_operator.py
[2024-01-30T19:19:25.357+0000] {processor.py:756} INFO - Processing file /home/airflow/.local/lib/python3.7/site-packages/airflow/example_dags/example_short_circuit_operator.py for tasks to queue
[2024-01-30T19:19:25.359+0000] {logging_mixin.py:120} INFO - [2024-01-30T19:19:25.359+0000] {dagbag.py:537} INFO - Filling up the DagBag from /home/airflow/.local/lib/python3.7/site-packages/airflow/example_dags/example_short_circuit_operator.py
[2024-01-30T19:19:25.389+0000] {processor.py:766} INFO - DAG(s) dict_keys(['example_short_circuit_operator']) retrieved from /home/airflow/.local/lib/python3.7/site-packages/airflow/example_dags/example_short_circuit_operator.py
[2024-01-30T19:19:25.460+0000] {logging_mixin.py:120} INFO - [2024-01-30T19:19:25.460+0000] {dag.py:2585} INFO - Sync 1 DAGs
[2024-01-30T19:19:25.503+0000] {logging_mixin.py:120} INFO - [2024-01-30T19:19:25.502+0000] {dag.py:3340} INFO - Setting next_dagrun for example_short_circuit_operator to 2024-01-29T19:19:25.502421+00:00, run_after=2024-01-30T19:19:25.502421+00:00
[2024-01-30T19:19:25.543+0000] {processor.py:176} INFO - Processing /home/airflow/.local/lib/python3.7/site-packages/airflow/example_dags/example_short_circuit_operator.py took 0.193 seconds
[2024-01-30T19:19:55.929+0000] {processor.py:154} INFO - Started process (PID=3786) to work on /home/airflow/.local/lib/python3.7/site-packages/airflow/example_dags/example_short_circuit_operator.py
[2024-01-30T19:19:55.930+0000] {processor.py:756} INFO - Processing file /home/airflow/.local/lib/python3.7/site-packages/airflow/example_dags/example_short_circuit_operator.py for tasks to queue
[2024-01-30T19:19:55.932+0000] {logging_mixin.py:120} INFO - [2024-01-30T19:19:55.931+0000] {dagbag.py:537} INFO - Filling up the DagBag from /home/airflow/.local/lib/python3.7/site-packages/airflow/example_dags/example_short_circuit_operator.py
[2024-01-30T19:19:55.958+0000] {processor.py:766} INFO - DAG(s) dict_keys(['example_short_circuit_operator']) retrieved from /home/airflow/.local/lib/python3.7/site-packages/airflow/example_dags/example_short_circuit_operator.py
[2024-01-30T19:19:56.017+0000] {logging_mixin.py:120} INFO - [2024-01-30T19:19:56.017+0000] {dag.py:2585} INFO - Sync 1 DAGs
[2024-01-30T19:19:56.053+0000] {logging_mixin.py:120} INFO - [2024-01-30T19:19:56.052+0000] {dag.py:3340} INFO - Setting next_dagrun for example_short_circuit_operator to 2024-01-29T19:19:56.052489+00:00, run_after=2024-01-30T19:19:56.052489+00:00
[2024-01-30T19:19:56.089+0000] {processor.py:176} INFO - Processing /home/airflow/.local/lib/python3.7/site-packages/airflow/example_dags/example_short_circuit_operator.py took 0.164 seconds
[2024-01-30T19:20:26.371+0000] {processor.py:154} INFO - Started process (PID=3842) to work on /home/airflow/.local/lib/python3.7/site-packages/airflow/example_dags/example_short_circuit_operator.py
[2024-01-30T19:20:26.375+0000] {processor.py:756} INFO - Processing file /home/airflow/.local/lib/python3.7/site-packages/airflow/example_dags/example_short_circuit_operator.py for tasks to queue
[2024-01-30T19:20:26.377+0000] {logging_mixin.py:120} INFO - [2024-01-30T19:20:26.377+0000] {dagbag.py:537} INFO - Filling up the DagBag from /home/airflow/.local/lib/python3.7/site-packages/airflow/example_dags/example_short_circuit_operator.py
[2024-01-30T19:20:26.415+0000] {processor.py:766} INFO - DAG(s) dict_keys(['example_short_circuit_operator']) retrieved from /home/airflow/.local/lib/python3.7/site-packages/airflow/example_dags/example_short_circuit_operator.py
[2024-01-30T19:20:26.499+0000] {logging_mixin.py:120} INFO - [2024-01-30T19:20:26.499+0000] {dag.py:2585} INFO - Sync 1 DAGs
[2024-01-30T19:20:26.550+0000] {logging_mixin.py:120} INFO - [2024-01-30T19:20:26.549+0000] {dag.py:3340} INFO - Setting next_dagrun for example_short_circuit_operator to 2024-01-29T19:20:26.549623+00:00, run_after=2024-01-30T19:20:26.549623+00:00
[2024-01-30T19:20:26.581+0000] {processor.py:176} INFO - Processing /home/airflow/.local/lib/python3.7/site-packages/airflow/example_dags/example_short_circuit_operator.py took 0.218 seconds
[2024-01-30T19:20:56.619+0000] {processor.py:154} INFO - Started process (PID=3907) to work on /home/airflow/.local/lib/python3.7/site-packages/airflow/example_dags/example_short_circuit_operator.py
[2024-01-30T19:20:56.621+0000] {processor.py:756} INFO - Processing file /home/airflow/.local/lib/python3.7/site-packages/airflow/example_dags/example_short_circuit_operator.py for tasks to queue
[2024-01-30T19:20:56.622+0000] {logging_mixin.py:120} INFO - [2024-01-30T19:20:56.622+0000] {dagbag.py:537} INFO - Filling up the DagBag from /home/airflow/.local/lib/python3.7/site-packages/airflow/example_dags/example_short_circuit_operator.py
[2024-01-30T19:20:56.647+0000] {processor.py:766} INFO - DAG(s) dict_keys(['example_short_circuit_operator']) retrieved from /home/airflow/.local/lib/python3.7/site-packages/airflow/example_dags/example_short_circuit_operator.py
[2024-01-30T19:20:56.705+0000] {logging_mixin.py:120} INFO - [2024-01-30T19:20:56.705+0000] {dag.py:2585} INFO - Sync 1 DAGs
[2024-01-30T19:20:56.738+0000] {logging_mixin.py:120} INFO - [2024-01-30T19:20:56.737+0000] {dag.py:3340} INFO - Setting next_dagrun for example_short_circuit_operator to 2024-01-29T19:20:56.737477+00:00, run_after=2024-01-30T19:20:56.737477+00:00
[2024-01-30T19:20:56.766+0000] {processor.py:176} INFO - Processing /home/airflow/.local/lib/python3.7/site-packages/airflow/example_dags/example_short_circuit_operator.py took 0.152 seconds
[2024-01-30T19:21:27.105+0000] {processor.py:154} INFO - Started process (PID=3963) to work on /home/airflow/.local/lib/python3.7/site-packages/airflow/example_dags/example_short_circuit_operator.py
[2024-01-30T19:21:27.107+0000] {processor.py:756} INFO - Processing file /home/airflow/.local/lib/python3.7/site-packages/airflow/example_dags/example_short_circuit_operator.py for tasks to queue
[2024-01-30T19:21:27.108+0000] {logging_mixin.py:120} INFO - [2024-01-30T19:21:27.108+0000] {dagbag.py:537} INFO - Filling up the DagBag from /home/airflow/.local/lib/python3.7/site-packages/airflow/example_dags/example_short_circuit_operator.py
[2024-01-30T19:21:27.136+0000] {processor.py:766} INFO - DAG(s) dict_keys(['example_short_circuit_operator']) retrieved from /home/airflow/.local/lib/python3.7/site-packages/airflow/example_dags/example_short_circuit_operator.py
[2024-01-30T19:21:27.190+0000] {logging_mixin.py:120} INFO - [2024-01-30T19:21:27.190+0000] {dag.py:2585} INFO - Sync 1 DAGs
[2024-01-30T19:21:27.229+0000] {logging_mixin.py:120} INFO - [2024-01-30T19:21:27.229+0000] {dag.py:3340} INFO - Setting next_dagrun for example_short_circuit_operator to 2024-01-29T19:21:27.228911+00:00, run_after=2024-01-30T19:21:27.228911+00:00
[2024-01-30T19:21:27.255+0000] {processor.py:176} INFO - Processing /home/airflow/.local/lib/python3.7/site-packages/airflow/example_dags/example_short_circuit_operator.py took 0.156 seconds
