[2024-01-30T18:49:08.205+0000] {processor.py:154} INFO - Started process (PID=75) to work on /home/airflow/.local/lib/python3.7/site-packages/airflow/example_dags/example_xcom.py
[2024-01-30T18:49:08.220+0000] {processor.py:756} INFO - Processing file /home/airflow/.local/lib/python3.7/site-packages/airflow/example_dags/example_xcom.py for tasks to queue
[2024-01-30T18:49:08.323+0000] {logging_mixin.py:120} INFO - [2024-01-30T18:49:08.322+0000] {dagbag.py:537} INFO - Filling up the DagBag from /home/airflow/.local/lib/python3.7/site-packages/airflow/example_dags/example_xcom.py
[2024-01-30T18:49:08.639+0000] {processor.py:766} INFO - DAG(s) dict_keys(['example_xcom']) retrieved from /home/airflow/.local/lib/python3.7/site-packages/airflow/example_dags/example_xcom.py
[2024-01-30T18:49:09.185+0000] {logging_mixin.py:120} INFO - [2024-01-30T18:49:09.185+0000] {dag.py:2585} INFO - Sync 1 DAGs
[2024-01-30T18:49:09.398+0000] {logging_mixin.py:120} INFO - [2024-01-30T18:49:09.398+0000] {dag.py:3340} INFO - Setting next_dagrun for example_xcom to 2021-01-01T00:00:00+00:00, run_after=2021-01-01T00:00:00+00:00
[2024-01-30T18:49:09.713+0000] {processor.py:176} INFO - Processing /home/airflow/.local/lib/python3.7/site-packages/airflow/example_dags/example_xcom.py took 1.602 seconds
[2024-01-30T18:49:39.988+0000] {processor.py:154} INFO - Started process (PID=140) to work on /home/airflow/.local/lib/python3.7/site-packages/airflow/example_dags/example_xcom.py
[2024-01-30T18:49:39.993+0000] {processor.py:756} INFO - Processing file /home/airflow/.local/lib/python3.7/site-packages/airflow/example_dags/example_xcom.py for tasks to queue
[2024-01-30T18:49:39.995+0000] {logging_mixin.py:120} INFO - [2024-01-30T18:49:39.995+0000] {dagbag.py:537} INFO - Filling up the DagBag from /home/airflow/.local/lib/python3.7/site-packages/airflow/example_dags/example_xcom.py
[2024-01-30T18:49:40.055+0000] {processor.py:766} INFO - DAG(s) dict_keys(['example_xcom']) retrieved from /home/airflow/.local/lib/python3.7/site-packages/airflow/example_dags/example_xcom.py
[2024-01-30T18:49:40.148+0000] {logging_mixin.py:120} INFO - [2024-01-30T18:49:40.148+0000] {dag.py:2585} INFO - Sync 1 DAGs
[2024-01-30T18:49:40.193+0000] {logging_mixin.py:120} INFO - [2024-01-30T18:49:40.193+0000] {dag.py:3340} INFO - Setting next_dagrun for example_xcom to 2021-01-01T00:00:00+00:00, run_after=2021-01-01T00:00:00+00:00
[2024-01-30T18:49:40.228+0000] {processor.py:176} INFO - Processing /home/airflow/.local/lib/python3.7/site-packages/airflow/example_dags/example_xcom.py took 0.246 seconds
[2024-01-30T18:50:10.437+0000] {processor.py:154} INFO - Started process (PID=196) to work on /home/airflow/.local/lib/python3.7/site-packages/airflow/example_dags/example_xcom.py
[2024-01-30T18:50:10.441+0000] {processor.py:756} INFO - Processing file /home/airflow/.local/lib/python3.7/site-packages/airflow/example_dags/example_xcom.py for tasks to queue
[2024-01-30T18:50:10.442+0000] {logging_mixin.py:120} INFO - [2024-01-30T18:50:10.442+0000] {dagbag.py:537} INFO - Filling up the DagBag from /home/airflow/.local/lib/python3.7/site-packages/airflow/example_dags/example_xcom.py
[2024-01-30T18:50:10.481+0000] {processor.py:766} INFO - DAG(s) dict_keys(['example_xcom']) retrieved from /home/airflow/.local/lib/python3.7/site-packages/airflow/example_dags/example_xcom.py
[2024-01-30T18:50:10.549+0000] {logging_mixin.py:120} INFO - [2024-01-30T18:50:10.549+0000] {dag.py:2585} INFO - Sync 1 DAGs
[2024-01-30T18:50:10.594+0000] {logging_mixin.py:120} INFO - [2024-01-30T18:50:10.593+0000] {dag.py:3340} INFO - Setting next_dagrun for example_xcom to 2021-01-01T00:00:00+00:00, run_after=2021-01-01T00:00:00+00:00
[2024-01-30T18:50:10.630+0000] {processor.py:176} INFO - Processing /home/airflow/.local/lib/python3.7/site-packages/airflow/example_dags/example_xcom.py took 0.197 seconds
[2024-01-30T18:50:41.475+0000] {processor.py:154} INFO - Started process (PID=260) to work on /home/airflow/.local/lib/python3.7/site-packages/airflow/example_dags/example_xcom.py
[2024-01-30T18:50:41.477+0000] {processor.py:756} INFO - Processing file /home/airflow/.local/lib/python3.7/site-packages/airflow/example_dags/example_xcom.py for tasks to queue
[2024-01-30T18:50:41.480+0000] {logging_mixin.py:120} INFO - [2024-01-30T18:50:41.480+0000] {dagbag.py:537} INFO - Filling up the DagBag from /home/airflow/.local/lib/python3.7/site-packages/airflow/example_dags/example_xcom.py
[2024-01-30T18:50:41.522+0000] {processor.py:766} INFO - DAG(s) dict_keys(['example_xcom']) retrieved from /home/airflow/.local/lib/python3.7/site-packages/airflow/example_dags/example_xcom.py
[2024-01-30T18:50:41.592+0000] {logging_mixin.py:120} INFO - [2024-01-30T18:50:41.592+0000] {dag.py:2585} INFO - Sync 1 DAGs
[2024-01-30T18:50:41.628+0000] {logging_mixin.py:120} INFO - [2024-01-30T18:50:41.628+0000] {dag.py:3340} INFO - Setting next_dagrun for example_xcom to 2021-01-01T00:00:00+00:00, run_after=2021-01-01T00:00:00+00:00
[2024-01-30T18:50:41.657+0000] {processor.py:176} INFO - Processing /home/airflow/.local/lib/python3.7/site-packages/airflow/example_dags/example_xcom.py took 0.188 seconds
[2024-01-30T18:51:12.357+0000] {processor.py:154} INFO - Started process (PID=323) to work on /home/airflow/.local/lib/python3.7/site-packages/airflow/example_dags/example_xcom.py
[2024-01-30T18:51:12.359+0000] {processor.py:756} INFO - Processing file /home/airflow/.local/lib/python3.7/site-packages/airflow/example_dags/example_xcom.py for tasks to queue
[2024-01-30T18:51:12.361+0000] {logging_mixin.py:120} INFO - [2024-01-30T18:51:12.360+0000] {dagbag.py:537} INFO - Filling up the DagBag from /home/airflow/.local/lib/python3.7/site-packages/airflow/example_dags/example_xcom.py
[2024-01-30T18:51:12.408+0000] {processor.py:766} INFO - DAG(s) dict_keys(['example_xcom']) retrieved from /home/airflow/.local/lib/python3.7/site-packages/airflow/example_dags/example_xcom.py
[2024-01-30T18:51:12.475+0000] {logging_mixin.py:120} INFO - [2024-01-30T18:51:12.475+0000] {dag.py:2585} INFO - Sync 1 DAGs
[2024-01-30T18:51:12.511+0000] {logging_mixin.py:120} INFO - [2024-01-30T18:51:12.511+0000] {dag.py:3340} INFO - Setting next_dagrun for example_xcom to 2021-01-01T00:00:00+00:00, run_after=2021-01-01T00:00:00+00:00
[2024-01-30T18:51:12.540+0000] {processor.py:176} INFO - Processing /home/airflow/.local/lib/python3.7/site-packages/airflow/example_dags/example_xcom.py took 0.189 seconds
[2024-01-30T18:51:43.136+0000] {processor.py:154} INFO - Started process (PID=380) to work on /home/airflow/.local/lib/python3.7/site-packages/airflow/example_dags/example_xcom.py
[2024-01-30T18:51:43.137+0000] {processor.py:756} INFO - Processing file /home/airflow/.local/lib/python3.7/site-packages/airflow/example_dags/example_xcom.py for tasks to queue
[2024-01-30T18:51:43.138+0000] {logging_mixin.py:120} INFO - [2024-01-30T18:51:43.138+0000] {dagbag.py:537} INFO - Filling up the DagBag from /home/airflow/.local/lib/python3.7/site-packages/airflow/example_dags/example_xcom.py
[2024-01-30T18:51:43.168+0000] {processor.py:766} INFO - DAG(s) dict_keys(['example_xcom']) retrieved from /home/airflow/.local/lib/python3.7/site-packages/airflow/example_dags/example_xcom.py
[2024-01-30T18:51:43.220+0000] {logging_mixin.py:120} INFO - [2024-01-30T18:51:43.219+0000] {dag.py:2585} INFO - Sync 1 DAGs
[2024-01-30T18:51:43.256+0000] {logging_mixin.py:120} INFO - [2024-01-30T18:51:43.256+0000] {dag.py:3340} INFO - Setting next_dagrun for example_xcom to 2021-01-01T00:00:00+00:00, run_after=2021-01-01T00:00:00+00:00
[2024-01-30T18:51:43.282+0000] {processor.py:176} INFO - Processing /home/airflow/.local/lib/python3.7/site-packages/airflow/example_dags/example_xcom.py took 0.150 seconds
[2024-01-30T18:52:13.714+0000] {processor.py:154} INFO - Started process (PID=446) to work on /home/airflow/.local/lib/python3.7/site-packages/airflow/example_dags/example_xcom.py
[2024-01-30T18:52:13.716+0000] {processor.py:756} INFO - Processing file /home/airflow/.local/lib/python3.7/site-packages/airflow/example_dags/example_xcom.py for tasks to queue
[2024-01-30T18:52:13.717+0000] {logging_mixin.py:120} INFO - [2024-01-30T18:52:13.717+0000] {dagbag.py:537} INFO - Filling up the DagBag from /home/airflow/.local/lib/python3.7/site-packages/airflow/example_dags/example_xcom.py
[2024-01-30T18:52:13.751+0000] {processor.py:766} INFO - DAG(s) dict_keys(['example_xcom']) retrieved from /home/airflow/.local/lib/python3.7/site-packages/airflow/example_dags/example_xcom.py
[2024-01-30T18:52:13.807+0000] {logging_mixin.py:120} INFO - [2024-01-30T18:52:13.807+0000] {dag.py:2585} INFO - Sync 1 DAGs
[2024-01-30T18:52:13.837+0000] {logging_mixin.py:120} INFO - [2024-01-30T18:52:13.837+0000] {dag.py:3340} INFO - Setting next_dagrun for example_xcom to 2021-01-01T00:00:00+00:00, run_after=2021-01-01T00:00:00+00:00
[2024-01-30T18:52:13.863+0000] {processor.py:176} INFO - Processing /home/airflow/.local/lib/python3.7/site-packages/airflow/example_dags/example_xcom.py took 0.154 seconds
[2024-01-30T18:52:44.706+0000] {processor.py:154} INFO - Started process (PID=510) to work on /home/airflow/.local/lib/python3.7/site-packages/airflow/example_dags/example_xcom.py
[2024-01-30T18:52:44.708+0000] {processor.py:756} INFO - Processing file /home/airflow/.local/lib/python3.7/site-packages/airflow/example_dags/example_xcom.py for tasks to queue
[2024-01-30T18:52:44.709+0000] {logging_mixin.py:120} INFO - [2024-01-30T18:52:44.709+0000] {dagbag.py:537} INFO - Filling up the DagBag from /home/airflow/.local/lib/python3.7/site-packages/airflow/example_dags/example_xcom.py
[2024-01-30T18:52:44.744+0000] {processor.py:766} INFO - DAG(s) dict_keys(['example_xcom']) retrieved from /home/airflow/.local/lib/python3.7/site-packages/airflow/example_dags/example_xcom.py
[2024-01-30T18:52:44.799+0000] {logging_mixin.py:120} INFO - [2024-01-30T18:52:44.799+0000] {dag.py:2585} INFO - Sync 1 DAGs
[2024-01-30T18:52:44.831+0000] {logging_mixin.py:120} INFO - [2024-01-30T18:52:44.830+0000] {dag.py:3340} INFO - Setting next_dagrun for example_xcom to 2021-01-01T00:00:00+00:00, run_after=2021-01-01T00:00:00+00:00
[2024-01-30T18:52:44.856+0000] {processor.py:176} INFO - Processing /home/airflow/.local/lib/python3.7/site-packages/airflow/example_dags/example_xcom.py took 0.155 seconds
[2024-01-30T18:53:15.132+0000] {processor.py:154} INFO - Started process (PID=565) to work on /home/airflow/.local/lib/python3.7/site-packages/airflow/example_dags/example_xcom.py
[2024-01-30T18:53:15.134+0000] {processor.py:756} INFO - Processing file /home/airflow/.local/lib/python3.7/site-packages/airflow/example_dags/example_xcom.py for tasks to queue
[2024-01-30T18:53:15.136+0000] {logging_mixin.py:120} INFO - [2024-01-30T18:53:15.135+0000] {dagbag.py:537} INFO - Filling up the DagBag from /home/airflow/.local/lib/python3.7/site-packages/airflow/example_dags/example_xcom.py
[2024-01-30T18:53:15.170+0000] {processor.py:766} INFO - DAG(s) dict_keys(['example_xcom']) retrieved from /home/airflow/.local/lib/python3.7/site-packages/airflow/example_dags/example_xcom.py
[2024-01-30T18:53:15.230+0000] {logging_mixin.py:120} INFO - [2024-01-30T18:53:15.229+0000] {dag.py:2585} INFO - Sync 1 DAGs
[2024-01-30T18:53:15.264+0000] {logging_mixin.py:120} INFO - [2024-01-30T18:53:15.264+0000] {dag.py:3340} INFO - Setting next_dagrun for example_xcom to 2021-01-01T00:00:00+00:00, run_after=2021-01-01T00:00:00+00:00
[2024-01-30T18:53:15.293+0000] {processor.py:176} INFO - Processing /home/airflow/.local/lib/python3.7/site-packages/airflow/example_dags/example_xcom.py took 0.165 seconds
[2024-01-30T18:53:45.434+0000] {processor.py:154} INFO - Started process (PID=639) to work on /home/airflow/.local/lib/python3.7/site-packages/airflow/example_dags/example_xcom.py
[2024-01-30T18:53:45.436+0000] {processor.py:756} INFO - Processing file /home/airflow/.local/lib/python3.7/site-packages/airflow/example_dags/example_xcom.py for tasks to queue
[2024-01-30T18:53:45.438+0000] {logging_mixin.py:120} INFO - [2024-01-30T18:53:45.438+0000] {dagbag.py:537} INFO - Filling up the DagBag from /home/airflow/.local/lib/python3.7/site-packages/airflow/example_dags/example_xcom.py
[2024-01-30T18:53:45.483+0000] {processor.py:766} INFO - DAG(s) dict_keys(['example_xcom']) retrieved from /home/airflow/.local/lib/python3.7/site-packages/airflow/example_dags/example_xcom.py
[2024-01-30T18:53:45.567+0000] {logging_mixin.py:120} INFO - [2024-01-30T18:53:45.566+0000] {dag.py:2585} INFO - Sync 1 DAGs
[2024-01-30T18:53:45.612+0000] {logging_mixin.py:120} INFO - [2024-01-30T18:53:45.612+0000] {dag.py:3340} INFO - Setting next_dagrun for example_xcom to 2021-01-01T00:00:00+00:00, run_after=2021-01-01T00:00:00+00:00
[2024-01-30T18:53:45.639+0000] {processor.py:176} INFO - Processing /home/airflow/.local/lib/python3.7/site-packages/airflow/example_dags/example_xcom.py took 0.215 seconds
[2024-01-30T18:54:16.227+0000] {processor.py:154} INFO - Started process (PID=703) to work on /home/airflow/.local/lib/python3.7/site-packages/airflow/example_dags/example_xcom.py
[2024-01-30T18:54:16.228+0000] {processor.py:756} INFO - Processing file /home/airflow/.local/lib/python3.7/site-packages/airflow/example_dags/example_xcom.py for tasks to queue
[2024-01-30T18:54:16.230+0000] {logging_mixin.py:120} INFO - [2024-01-30T18:54:16.229+0000] {dagbag.py:537} INFO - Filling up the DagBag from /home/airflow/.local/lib/python3.7/site-packages/airflow/example_dags/example_xcom.py
[2024-01-30T18:54:16.266+0000] {processor.py:766} INFO - DAG(s) dict_keys(['example_xcom']) retrieved from /home/airflow/.local/lib/python3.7/site-packages/airflow/example_dags/example_xcom.py
[2024-01-30T18:54:16.335+0000] {logging_mixin.py:120} INFO - [2024-01-30T18:54:16.335+0000] {dag.py:2585} INFO - Sync 1 DAGs
[2024-01-30T18:54:16.378+0000] {logging_mixin.py:120} INFO - [2024-01-30T18:54:16.378+0000] {dag.py:3340} INFO - Setting next_dagrun for example_xcom to 2021-01-01T00:00:00+00:00, run_after=2021-01-01T00:00:00+00:00
[2024-01-30T18:54:16.414+0000] {processor.py:176} INFO - Processing /home/airflow/.local/lib/python3.7/site-packages/airflow/example_dags/example_xcom.py took 0.193 seconds
[2024-01-30T18:54:46.663+0000] {processor.py:154} INFO - Started process (PID=758) to work on /home/airflow/.local/lib/python3.7/site-packages/airflow/example_dags/example_xcom.py
[2024-01-30T18:54:46.665+0000] {processor.py:756} INFO - Processing file /home/airflow/.local/lib/python3.7/site-packages/airflow/example_dags/example_xcom.py for tasks to queue
[2024-01-30T18:54:46.666+0000] {logging_mixin.py:120} INFO - [2024-01-30T18:54:46.666+0000] {dagbag.py:537} INFO - Filling up the DagBag from /home/airflow/.local/lib/python3.7/site-packages/airflow/example_dags/example_xcom.py
[2024-01-30T18:54:46.719+0000] {processor.py:766} INFO - DAG(s) dict_keys(['example_xcom']) retrieved from /home/airflow/.local/lib/python3.7/site-packages/airflow/example_dags/example_xcom.py
[2024-01-30T18:54:46.812+0000] {logging_mixin.py:120} INFO - [2024-01-30T18:54:46.811+0000] {dag.py:2585} INFO - Sync 1 DAGs
[2024-01-30T18:54:46.869+0000] {logging_mixin.py:120} INFO - [2024-01-30T18:54:46.868+0000] {dag.py:3340} INFO - Setting next_dagrun for example_xcom to 2021-01-01T00:00:00+00:00, run_after=2021-01-01T00:00:00+00:00
[2024-01-30T18:54:46.919+0000] {processor.py:176} INFO - Processing /home/airflow/.local/lib/python3.7/site-packages/airflow/example_dags/example_xcom.py took 0.262 seconds
[2024-01-30T18:55:17.553+0000] {processor.py:154} INFO - Started process (PID=822) to work on /home/airflow/.local/lib/python3.7/site-packages/airflow/example_dags/example_xcom.py
[2024-01-30T18:55:17.555+0000] {processor.py:756} INFO - Processing file /home/airflow/.local/lib/python3.7/site-packages/airflow/example_dags/example_xcom.py for tasks to queue
[2024-01-30T18:55:17.557+0000] {logging_mixin.py:120} INFO - [2024-01-30T18:55:17.556+0000] {dagbag.py:537} INFO - Filling up the DagBag from /home/airflow/.local/lib/python3.7/site-packages/airflow/example_dags/example_xcom.py
[2024-01-30T18:55:17.594+0000] {processor.py:766} INFO - DAG(s) dict_keys(['example_xcom']) retrieved from /home/airflow/.local/lib/python3.7/site-packages/airflow/example_dags/example_xcom.py
[2024-01-30T18:55:17.660+0000] {logging_mixin.py:120} INFO - [2024-01-30T18:55:17.659+0000] {dag.py:2585} INFO - Sync 1 DAGs
[2024-01-30T18:55:17.705+0000] {logging_mixin.py:120} INFO - [2024-01-30T18:55:17.704+0000] {dag.py:3340} INFO - Setting next_dagrun for example_xcom to 2021-01-01T00:00:00+00:00, run_after=2021-01-01T00:00:00+00:00
[2024-01-30T18:55:17.758+0000] {processor.py:176} INFO - Processing /home/airflow/.local/lib/python3.7/site-packages/airflow/example_dags/example_xcom.py took 0.210 seconds
[2024-01-30T18:55:48.235+0000] {processor.py:154} INFO - Started process (PID=883) to work on /home/airflow/.local/lib/python3.7/site-packages/airflow/example_dags/example_xcom.py
[2024-01-30T18:55:48.237+0000] {processor.py:756} INFO - Processing file /home/airflow/.local/lib/python3.7/site-packages/airflow/example_dags/example_xcom.py for tasks to queue
[2024-01-30T18:55:48.239+0000] {logging_mixin.py:120} INFO - [2024-01-30T18:55:48.238+0000] {dagbag.py:537} INFO - Filling up the DagBag from /home/airflow/.local/lib/python3.7/site-packages/airflow/example_dags/example_xcom.py
[2024-01-30T18:55:48.277+0000] {processor.py:766} INFO - DAG(s) dict_keys(['example_xcom']) retrieved from /home/airflow/.local/lib/python3.7/site-packages/airflow/example_dags/example_xcom.py
[2024-01-30T18:55:48.340+0000] {logging_mixin.py:120} INFO - [2024-01-30T18:55:48.339+0000] {dag.py:2585} INFO - Sync 1 DAGs
[2024-01-30T18:55:48.395+0000] {logging_mixin.py:120} INFO - [2024-01-30T18:55:48.395+0000] {dag.py:3340} INFO - Setting next_dagrun for example_xcom to 2021-01-01T00:00:00+00:00, run_after=2021-01-01T00:00:00+00:00
[2024-01-30T18:55:48.449+0000] {processor.py:176} INFO - Processing /home/airflow/.local/lib/python3.7/site-packages/airflow/example_dags/example_xcom.py took 0.219 seconds
[2024-01-30T18:56:18.536+0000] {processor.py:154} INFO - Started process (PID=940) to work on /home/airflow/.local/lib/python3.7/site-packages/airflow/example_dags/example_xcom.py
[2024-01-30T18:56:18.538+0000] {processor.py:756} INFO - Processing file /home/airflow/.local/lib/python3.7/site-packages/airflow/example_dags/example_xcom.py for tasks to queue
[2024-01-30T18:56:18.541+0000] {logging_mixin.py:120} INFO - [2024-01-30T18:56:18.540+0000] {dagbag.py:537} INFO - Filling up the DagBag from /home/airflow/.local/lib/python3.7/site-packages/airflow/example_dags/example_xcom.py
[2024-01-30T18:56:18.580+0000] {processor.py:766} INFO - DAG(s) dict_keys(['example_xcom']) retrieved from /home/airflow/.local/lib/python3.7/site-packages/airflow/example_dags/example_xcom.py
[2024-01-30T18:56:18.646+0000] {logging_mixin.py:120} INFO - [2024-01-30T18:56:18.646+0000] {dag.py:2585} INFO - Sync 1 DAGs
[2024-01-30T18:56:18.695+0000] {logging_mixin.py:120} INFO - [2024-01-30T18:56:18.695+0000] {dag.py:3340} INFO - Setting next_dagrun for example_xcom to 2021-01-01T00:00:00+00:00, run_after=2021-01-01T00:00:00+00:00
[2024-01-30T18:56:18.744+0000] {processor.py:176} INFO - Processing /home/airflow/.local/lib/python3.7/site-packages/airflow/example_dags/example_xcom.py took 0.213 seconds
[2024-01-30T18:56:49.049+0000] {processor.py:154} INFO - Started process (PID=1004) to work on /home/airflow/.local/lib/python3.7/site-packages/airflow/example_dags/example_xcom.py
[2024-01-30T18:56:49.051+0000] {processor.py:756} INFO - Processing file /home/airflow/.local/lib/python3.7/site-packages/airflow/example_dags/example_xcom.py for tasks to queue
[2024-01-30T18:56:49.054+0000] {logging_mixin.py:120} INFO - [2024-01-30T18:56:49.053+0000] {dagbag.py:537} INFO - Filling up the DagBag from /home/airflow/.local/lib/python3.7/site-packages/airflow/example_dags/example_xcom.py
[2024-01-30T18:56:49.099+0000] {processor.py:766} INFO - DAG(s) dict_keys(['example_xcom']) retrieved from /home/airflow/.local/lib/python3.7/site-packages/airflow/example_dags/example_xcom.py
[2024-01-30T18:56:49.173+0000] {logging_mixin.py:120} INFO - [2024-01-30T18:56:49.173+0000] {dag.py:2585} INFO - Sync 1 DAGs
[2024-01-30T18:56:49.212+0000] {logging_mixin.py:120} INFO - [2024-01-30T18:56:49.212+0000] {dag.py:3340} INFO - Setting next_dagrun for example_xcom to 2021-01-01T00:00:00+00:00, run_after=2021-01-01T00:00:00+00:00
[2024-01-30T18:56:49.245+0000] {processor.py:176} INFO - Processing /home/airflow/.local/lib/python3.7/site-packages/airflow/example_dags/example_xcom.py took 0.202 seconds
[2024-01-30T18:57:19.629+0000] {processor.py:154} INFO - Started process (PID=1059) to work on /home/airflow/.local/lib/python3.7/site-packages/airflow/example_dags/example_xcom.py
[2024-01-30T18:57:19.631+0000] {processor.py:756} INFO - Processing file /home/airflow/.local/lib/python3.7/site-packages/airflow/example_dags/example_xcom.py for tasks to queue
[2024-01-30T18:57:19.633+0000] {logging_mixin.py:120} INFO - [2024-01-30T18:57:19.632+0000] {dagbag.py:537} INFO - Filling up the DagBag from /home/airflow/.local/lib/python3.7/site-packages/airflow/example_dags/example_xcom.py
[2024-01-30T18:57:19.663+0000] {processor.py:766} INFO - DAG(s) dict_keys(['example_xcom']) retrieved from /home/airflow/.local/lib/python3.7/site-packages/airflow/example_dags/example_xcom.py
[2024-01-30T18:57:19.717+0000] {logging_mixin.py:120} INFO - [2024-01-30T18:57:19.717+0000] {dag.py:2585} INFO - Sync 1 DAGs
[2024-01-30T18:57:19.758+0000] {logging_mixin.py:120} INFO - [2024-01-30T18:57:19.757+0000] {dag.py:3340} INFO - Setting next_dagrun for example_xcom to 2021-01-01T00:00:00+00:00, run_after=2021-01-01T00:00:00+00:00
[2024-01-30T18:57:19.785+0000] {processor.py:176} INFO - Processing /home/airflow/.local/lib/python3.7/site-packages/airflow/example_dags/example_xcom.py took 0.160 seconds
[2024-01-30T18:57:50.182+0000] {processor.py:154} INFO - Started process (PID=1123) to work on /home/airflow/.local/lib/python3.7/site-packages/airflow/example_dags/example_xcom.py
[2024-01-30T18:57:50.183+0000] {processor.py:756} INFO - Processing file /home/airflow/.local/lib/python3.7/site-packages/airflow/example_dags/example_xcom.py for tasks to queue
[2024-01-30T18:57:50.185+0000] {logging_mixin.py:120} INFO - [2024-01-30T18:57:50.185+0000] {dagbag.py:537} INFO - Filling up the DagBag from /home/airflow/.local/lib/python3.7/site-packages/airflow/example_dags/example_xcom.py
[2024-01-30T18:57:50.221+0000] {processor.py:766} INFO - DAG(s) dict_keys(['example_xcom']) retrieved from /home/airflow/.local/lib/python3.7/site-packages/airflow/example_dags/example_xcom.py
[2024-01-30T18:57:50.278+0000] {logging_mixin.py:120} INFO - [2024-01-30T18:57:50.278+0000] {dag.py:2585} INFO - Sync 1 DAGs
[2024-01-30T18:57:50.313+0000] {logging_mixin.py:120} INFO - [2024-01-30T18:57:50.312+0000] {dag.py:3340} INFO - Setting next_dagrun for example_xcom to 2021-01-01T00:00:00+00:00, run_after=2021-01-01T00:00:00+00:00
[2024-01-30T18:57:50.345+0000] {processor.py:176} INFO - Processing /home/airflow/.local/lib/python3.7/site-packages/airflow/example_dags/example_xcom.py took 0.169 seconds
[2024-01-30T18:58:20.487+0000] {processor.py:154} INFO - Started process (PID=1187) to work on /home/airflow/.local/lib/python3.7/site-packages/airflow/example_dags/example_xcom.py
[2024-01-30T18:58:20.489+0000] {processor.py:756} INFO - Processing file /home/airflow/.local/lib/python3.7/site-packages/airflow/example_dags/example_xcom.py for tasks to queue
[2024-01-30T18:58:20.490+0000] {logging_mixin.py:120} INFO - [2024-01-30T18:58:20.490+0000] {dagbag.py:537} INFO - Filling up the DagBag from /home/airflow/.local/lib/python3.7/site-packages/airflow/example_dags/example_xcom.py
[2024-01-30T18:58:20.522+0000] {processor.py:766} INFO - DAG(s) dict_keys(['example_xcom']) retrieved from /home/airflow/.local/lib/python3.7/site-packages/airflow/example_dags/example_xcom.py
[2024-01-30T18:58:20.590+0000] {logging_mixin.py:120} INFO - [2024-01-30T18:58:20.590+0000] {dag.py:2585} INFO - Sync 1 DAGs
[2024-01-30T18:58:20.638+0000] {logging_mixin.py:120} INFO - [2024-01-30T18:58:20.638+0000] {dag.py:3340} INFO - Setting next_dagrun for example_xcom to 2021-01-01T00:00:00+00:00, run_after=2021-01-01T00:00:00+00:00
[2024-01-30T18:58:20.671+0000] {processor.py:176} INFO - Processing /home/airflow/.local/lib/python3.7/site-packages/airflow/example_dags/example_xcom.py took 0.189 seconds
[2024-01-30T18:58:50.926+0000] {processor.py:154} INFO - Started process (PID=1241) to work on /home/airflow/.local/lib/python3.7/site-packages/airflow/example_dags/example_xcom.py
[2024-01-30T18:58:50.928+0000] {processor.py:756} INFO - Processing file /home/airflow/.local/lib/python3.7/site-packages/airflow/example_dags/example_xcom.py for tasks to queue
[2024-01-30T18:58:50.929+0000] {logging_mixin.py:120} INFO - [2024-01-30T18:58:50.929+0000] {dagbag.py:537} INFO - Filling up the DagBag from /home/airflow/.local/lib/python3.7/site-packages/airflow/example_dags/example_xcom.py
[2024-01-30T18:58:50.968+0000] {processor.py:766} INFO - DAG(s) dict_keys(['example_xcom']) retrieved from /home/airflow/.local/lib/python3.7/site-packages/airflow/example_dags/example_xcom.py
[2024-01-30T18:58:51.047+0000] {logging_mixin.py:120} INFO - [2024-01-30T18:58:51.047+0000] {dag.py:2585} INFO - Sync 1 DAGs
[2024-01-30T18:58:51.118+0000] {logging_mixin.py:120} INFO - [2024-01-30T18:58:51.118+0000] {dag.py:3340} INFO - Setting next_dagrun for example_xcom to 2021-01-01T00:00:00+00:00, run_after=2021-01-01T00:00:00+00:00
[2024-01-30T18:58:51.155+0000] {processor.py:176} INFO - Processing /home/airflow/.local/lib/python3.7/site-packages/airflow/example_dags/example_xcom.py took 0.235 seconds
[2024-01-30T18:59:21.770+0000] {processor.py:154} INFO - Started process (PID=1304) to work on /home/airflow/.local/lib/python3.7/site-packages/airflow/example_dags/example_xcom.py
[2024-01-30T18:59:21.774+0000] {processor.py:756} INFO - Processing file /home/airflow/.local/lib/python3.7/site-packages/airflow/example_dags/example_xcom.py for tasks to queue
[2024-01-30T18:59:21.777+0000] {logging_mixin.py:120} INFO - [2024-01-30T18:59:21.777+0000] {dagbag.py:537} INFO - Filling up the DagBag from /home/airflow/.local/lib/python3.7/site-packages/airflow/example_dags/example_xcom.py
[2024-01-30T18:59:21.876+0000] {processor.py:766} INFO - DAG(s) dict_keys(['example_xcom']) retrieved from /home/airflow/.local/lib/python3.7/site-packages/airflow/example_dags/example_xcom.py
[2024-01-30T18:59:21.967+0000] {logging_mixin.py:120} INFO - [2024-01-30T18:59:21.967+0000] {dag.py:2585} INFO - Sync 1 DAGs
[2024-01-30T18:59:22.091+0000] {logging_mixin.py:120} INFO - [2024-01-30T18:59:22.089+0000] {dag.py:3340} INFO - Setting next_dagrun for example_xcom to 2021-01-01T00:00:00+00:00, run_after=2021-01-01T00:00:00+00:00
[2024-01-30T18:59:22.143+0000] {processor.py:176} INFO - Processing /home/airflow/.local/lib/python3.7/site-packages/airflow/example_dags/example_xcom.py took 0.383 seconds
[2024-01-30T18:59:52.591+0000] {processor.py:154} INFO - Started process (PID=1360) to work on /home/airflow/.local/lib/python3.7/site-packages/airflow/example_dags/example_xcom.py
[2024-01-30T18:59:52.599+0000] {processor.py:756} INFO - Processing file /home/airflow/.local/lib/python3.7/site-packages/airflow/example_dags/example_xcom.py for tasks to queue
[2024-01-30T18:59:52.602+0000] {logging_mixin.py:120} INFO - [2024-01-30T18:59:52.601+0000] {dagbag.py:537} INFO - Filling up the DagBag from /home/airflow/.local/lib/python3.7/site-packages/airflow/example_dags/example_xcom.py
[2024-01-30T18:59:52.661+0000] {processor.py:766} INFO - DAG(s) dict_keys(['example_xcom']) retrieved from /home/airflow/.local/lib/python3.7/site-packages/airflow/example_dags/example_xcom.py
[2024-01-30T18:59:52.730+0000] {logging_mixin.py:120} INFO - [2024-01-30T18:59:52.730+0000] {dag.py:2585} INFO - Sync 1 DAGs
[2024-01-30T18:59:52.777+0000] {logging_mixin.py:120} INFO - [2024-01-30T18:59:52.777+0000] {dag.py:3340} INFO - Setting next_dagrun for example_xcom to 2021-01-01T00:00:00+00:00, run_after=2021-01-01T00:00:00+00:00
[2024-01-30T18:59:52.811+0000] {processor.py:176} INFO - Processing /home/airflow/.local/lib/python3.7/site-packages/airflow/example_dags/example_xcom.py took 0.229 seconds
[2024-01-30T19:00:23.639+0000] {processor.py:154} INFO - Started process (PID=1424) to work on /home/airflow/.local/lib/python3.7/site-packages/airflow/example_dags/example_xcom.py
[2024-01-30T19:00:23.641+0000] {processor.py:756} INFO - Processing file /home/airflow/.local/lib/python3.7/site-packages/airflow/example_dags/example_xcom.py for tasks to queue
[2024-01-30T19:00:23.643+0000] {logging_mixin.py:120} INFO - [2024-01-30T19:00:23.642+0000] {dagbag.py:537} INFO - Filling up the DagBag from /home/airflow/.local/lib/python3.7/site-packages/airflow/example_dags/example_xcom.py
[2024-01-30T19:00:23.683+0000] {processor.py:766} INFO - DAG(s) dict_keys(['example_xcom']) retrieved from /home/airflow/.local/lib/python3.7/site-packages/airflow/example_dags/example_xcom.py
[2024-01-30T19:00:23.752+0000] {logging_mixin.py:120} INFO - [2024-01-30T19:00:23.752+0000] {dag.py:2585} INFO - Sync 1 DAGs
[2024-01-30T19:00:23.802+0000] {logging_mixin.py:120} INFO - [2024-01-30T19:00:23.801+0000] {dag.py:3340} INFO - Setting next_dagrun for example_xcom to 2021-01-01T00:00:00+00:00, run_after=2021-01-01T00:00:00+00:00
[2024-01-30T19:00:23.838+0000] {processor.py:176} INFO - Processing /home/airflow/.local/lib/python3.7/site-packages/airflow/example_dags/example_xcom.py took 0.206 seconds
[2024-01-30T19:00:54.248+0000] {processor.py:154} INFO - Started process (PID=1489) to work on /home/airflow/.local/lib/python3.7/site-packages/airflow/example_dags/example_xcom.py
[2024-01-30T19:00:54.250+0000] {processor.py:756} INFO - Processing file /home/airflow/.local/lib/python3.7/site-packages/airflow/example_dags/example_xcom.py for tasks to queue
[2024-01-30T19:00:54.252+0000] {logging_mixin.py:120} INFO - [2024-01-30T19:00:54.251+0000] {dagbag.py:537} INFO - Filling up the DagBag from /home/airflow/.local/lib/python3.7/site-packages/airflow/example_dags/example_xcom.py
[2024-01-30T19:00:54.289+0000] {processor.py:766} INFO - DAG(s) dict_keys(['example_xcom']) retrieved from /home/airflow/.local/lib/python3.7/site-packages/airflow/example_dags/example_xcom.py
[2024-01-30T19:00:54.358+0000] {logging_mixin.py:120} INFO - [2024-01-30T19:00:54.357+0000] {dag.py:2585} INFO - Sync 1 DAGs
[2024-01-30T19:00:54.411+0000] {logging_mixin.py:120} INFO - [2024-01-30T19:00:54.411+0000] {dag.py:3340} INFO - Setting next_dagrun for example_xcom to 2021-01-01T00:00:00+00:00, run_after=2021-01-01T00:00:00+00:00
[2024-01-30T19:00:54.438+0000] {processor.py:176} INFO - Processing /home/airflow/.local/lib/python3.7/site-packages/airflow/example_dags/example_xcom.py took 0.194 seconds
[2024-01-30T19:01:24.498+0000] {processor.py:154} INFO - Started process (PID=1545) to work on /home/airflow/.local/lib/python3.7/site-packages/airflow/example_dags/example_xcom.py
[2024-01-30T19:01:24.499+0000] {processor.py:756} INFO - Processing file /home/airflow/.local/lib/python3.7/site-packages/airflow/example_dags/example_xcom.py for tasks to queue
[2024-01-30T19:01:24.501+0000] {logging_mixin.py:120} INFO - [2024-01-30T19:01:24.501+0000] {dagbag.py:537} INFO - Filling up the DagBag from /home/airflow/.local/lib/python3.7/site-packages/airflow/example_dags/example_xcom.py
[2024-01-30T19:01:24.552+0000] {processor.py:766} INFO - DAG(s) dict_keys(['example_xcom']) retrieved from /home/airflow/.local/lib/python3.7/site-packages/airflow/example_dags/example_xcom.py
[2024-01-30T19:01:24.642+0000] {logging_mixin.py:120} INFO - [2024-01-30T19:01:24.641+0000] {dag.py:2585} INFO - Sync 1 DAGs
[2024-01-30T19:01:24.678+0000] {logging_mixin.py:120} INFO - [2024-01-30T19:01:24.678+0000] {dag.py:3340} INFO - Setting next_dagrun for example_xcom to 2021-01-01T00:00:00+00:00, run_after=2021-01-01T00:00:00+00:00
[2024-01-30T19:01:24.708+0000] {processor.py:176} INFO - Processing /home/airflow/.local/lib/python3.7/site-packages/airflow/example_dags/example_xcom.py took 0.217 seconds
[2024-01-30T19:01:54.970+0000] {processor.py:154} INFO - Started process (PID=1609) to work on /home/airflow/.local/lib/python3.7/site-packages/airflow/example_dags/example_xcom.py
[2024-01-30T19:01:54.972+0000] {processor.py:756} INFO - Processing file /home/airflow/.local/lib/python3.7/site-packages/airflow/example_dags/example_xcom.py for tasks to queue
[2024-01-30T19:01:54.974+0000] {logging_mixin.py:120} INFO - [2024-01-30T19:01:54.974+0000] {dagbag.py:537} INFO - Filling up the DagBag from /home/airflow/.local/lib/python3.7/site-packages/airflow/example_dags/example_xcom.py
[2024-01-30T19:01:55.031+0000] {processor.py:766} INFO - DAG(s) dict_keys(['example_xcom']) retrieved from /home/airflow/.local/lib/python3.7/site-packages/airflow/example_dags/example_xcom.py
[2024-01-30T19:01:55.113+0000] {logging_mixin.py:120} INFO - [2024-01-30T19:01:55.113+0000] {dag.py:2585} INFO - Sync 1 DAGs
[2024-01-30T19:01:55.157+0000] {logging_mixin.py:120} INFO - [2024-01-30T19:01:55.157+0000] {dag.py:3340} INFO - Setting next_dagrun for example_xcom to 2021-01-01T00:00:00+00:00, run_after=2021-01-01T00:00:00+00:00
[2024-01-30T19:01:55.193+0000] {processor.py:176} INFO - Processing /home/airflow/.local/lib/python3.7/site-packages/airflow/example_dags/example_xcom.py took 0.232 seconds
[2024-01-30T19:02:25.820+0000] {processor.py:154} INFO - Started process (PID=1664) to work on /home/airflow/.local/lib/python3.7/site-packages/airflow/example_dags/example_xcom.py
[2024-01-30T19:02:25.822+0000] {processor.py:756} INFO - Processing file /home/airflow/.local/lib/python3.7/site-packages/airflow/example_dags/example_xcom.py for tasks to queue
[2024-01-30T19:02:25.823+0000] {logging_mixin.py:120} INFO - [2024-01-30T19:02:25.823+0000] {dagbag.py:537} INFO - Filling up the DagBag from /home/airflow/.local/lib/python3.7/site-packages/airflow/example_dags/example_xcom.py
[2024-01-30T19:02:25.871+0000] {processor.py:766} INFO - DAG(s) dict_keys(['example_xcom']) retrieved from /home/airflow/.local/lib/python3.7/site-packages/airflow/example_dags/example_xcom.py
[2024-01-30T19:02:25.944+0000] {logging_mixin.py:120} INFO - [2024-01-30T19:02:25.944+0000] {dag.py:2585} INFO - Sync 1 DAGs
[2024-01-30T19:02:25.988+0000] {logging_mixin.py:120} INFO - [2024-01-30T19:02:25.988+0000] {dag.py:3340} INFO - Setting next_dagrun for example_xcom to 2021-01-01T00:00:00+00:00, run_after=2021-01-01T00:00:00+00:00
[2024-01-30T19:02:26.022+0000] {processor.py:176} INFO - Processing /home/airflow/.local/lib/python3.7/site-packages/airflow/example_dags/example_xcom.py took 0.208 seconds
[2024-01-30T19:02:56.185+0000] {processor.py:154} INFO - Started process (PID=1729) to work on /home/airflow/.local/lib/python3.7/site-packages/airflow/example_dags/example_xcom.py
[2024-01-30T19:02:56.194+0000] {processor.py:756} INFO - Processing file /home/airflow/.local/lib/python3.7/site-packages/airflow/example_dags/example_xcom.py for tasks to queue
[2024-01-30T19:02:56.209+0000] {logging_mixin.py:120} INFO - [2024-01-30T19:02:56.209+0000] {dagbag.py:537} INFO - Filling up the DagBag from /home/airflow/.local/lib/python3.7/site-packages/airflow/example_dags/example_xcom.py
[2024-01-30T19:02:56.251+0000] {processor.py:766} INFO - DAG(s) dict_keys(['example_xcom']) retrieved from /home/airflow/.local/lib/python3.7/site-packages/airflow/example_dags/example_xcom.py
[2024-01-30T19:02:56.330+0000] {logging_mixin.py:120} INFO - [2024-01-30T19:02:56.330+0000] {dag.py:2585} INFO - Sync 1 DAGs
[2024-01-30T19:02:56.362+0000] {logging_mixin.py:120} INFO - [2024-01-30T19:02:56.362+0000] {dag.py:3340} INFO - Setting next_dagrun for example_xcom to 2021-01-01T00:00:00+00:00, run_after=2021-01-01T00:00:00+00:00
[2024-01-30T19:02:56.385+0000] {processor.py:176} INFO - Processing /home/airflow/.local/lib/python3.7/site-packages/airflow/example_dags/example_xcom.py took 0.206 seconds
[2024-01-30T19:03:26.797+0000] {processor.py:154} INFO - Started process (PID=1793) to work on /home/airflow/.local/lib/python3.7/site-packages/airflow/example_dags/example_xcom.py
[2024-01-30T19:03:26.799+0000] {processor.py:756} INFO - Processing file /home/airflow/.local/lib/python3.7/site-packages/airflow/example_dags/example_xcom.py for tasks to queue
[2024-01-30T19:03:26.801+0000] {logging_mixin.py:120} INFO - [2024-01-30T19:03:26.801+0000] {dagbag.py:537} INFO - Filling up the DagBag from /home/airflow/.local/lib/python3.7/site-packages/airflow/example_dags/example_xcom.py
[2024-01-30T19:03:26.844+0000] {processor.py:766} INFO - DAG(s) dict_keys(['example_xcom']) retrieved from /home/airflow/.local/lib/python3.7/site-packages/airflow/example_dags/example_xcom.py
[2024-01-30T19:03:26.912+0000] {logging_mixin.py:120} INFO - [2024-01-30T19:03:26.912+0000] {dag.py:2585} INFO - Sync 1 DAGs
[2024-01-30T19:03:26.955+0000] {logging_mixin.py:120} INFO - [2024-01-30T19:03:26.955+0000] {dag.py:3340} INFO - Setting next_dagrun for example_xcom to 2021-01-01T00:00:00+00:00, run_after=2021-01-01T00:00:00+00:00
[2024-01-30T19:03:26.990+0000] {processor.py:176} INFO - Processing /home/airflow/.local/lib/python3.7/site-packages/airflow/example_dags/example_xcom.py took 0.200 seconds
[2024-01-30T19:03:57.434+0000] {processor.py:154} INFO - Started process (PID=1848) to work on /home/airflow/.local/lib/python3.7/site-packages/airflow/example_dags/example_xcom.py
[2024-01-30T19:03:57.437+0000] {processor.py:756} INFO - Processing file /home/airflow/.local/lib/python3.7/site-packages/airflow/example_dags/example_xcom.py for tasks to queue
[2024-01-30T19:03:57.440+0000] {logging_mixin.py:120} INFO - [2024-01-30T19:03:57.439+0000] {dagbag.py:537} INFO - Filling up the DagBag from /home/airflow/.local/lib/python3.7/site-packages/airflow/example_dags/example_xcom.py
[2024-01-30T19:03:57.502+0000] {processor.py:766} INFO - DAG(s) dict_keys(['example_xcom']) retrieved from /home/airflow/.local/lib/python3.7/site-packages/airflow/example_dags/example_xcom.py
[2024-01-30T19:03:57.583+0000] {logging_mixin.py:120} INFO - [2024-01-30T19:03:57.583+0000] {dag.py:2585} INFO - Sync 1 DAGs
[2024-01-30T19:03:57.619+0000] {logging_mixin.py:120} INFO - [2024-01-30T19:03:57.619+0000] {dag.py:3340} INFO - Setting next_dagrun for example_xcom to 2021-01-01T00:00:00+00:00, run_after=2021-01-01T00:00:00+00:00
[2024-01-30T19:03:57.644+0000] {processor.py:176} INFO - Processing /home/airflow/.local/lib/python3.7/site-packages/airflow/example_dags/example_xcom.py took 0.223 seconds
[2024-01-30T19:04:27.739+0000] {processor.py:154} INFO - Started process (PID=1911) to work on /home/airflow/.local/lib/python3.7/site-packages/airflow/example_dags/example_xcom.py
[2024-01-30T19:04:27.741+0000] {processor.py:756} INFO - Processing file /home/airflow/.local/lib/python3.7/site-packages/airflow/example_dags/example_xcom.py for tasks to queue
[2024-01-30T19:04:27.742+0000] {logging_mixin.py:120} INFO - [2024-01-30T19:04:27.742+0000] {dagbag.py:537} INFO - Filling up the DagBag from /home/airflow/.local/lib/python3.7/site-packages/airflow/example_dags/example_xcom.py
[2024-01-30T19:04:27.779+0000] {processor.py:766} INFO - DAG(s) dict_keys(['example_xcom']) retrieved from /home/airflow/.local/lib/python3.7/site-packages/airflow/example_dags/example_xcom.py
[2024-01-30T19:04:27.844+0000] {logging_mixin.py:120} INFO - [2024-01-30T19:04:27.844+0000] {dag.py:2585} INFO - Sync 1 DAGs
[2024-01-30T19:04:27.890+0000] {logging_mixin.py:120} INFO - [2024-01-30T19:04:27.890+0000] {dag.py:3340} INFO - Setting next_dagrun for example_xcom to 2021-01-01T00:00:00+00:00, run_after=2021-01-01T00:00:00+00:00
[2024-01-30T19:04:27.925+0000] {processor.py:176} INFO - Processing /home/airflow/.local/lib/python3.7/site-packages/airflow/example_dags/example_xcom.py took 0.191 seconds
[2024-01-30T19:04:58.224+0000] {processor.py:154} INFO - Started process (PID=1975) to work on /home/airflow/.local/lib/python3.7/site-packages/airflow/example_dags/example_xcom.py
[2024-01-30T19:04:58.225+0000] {processor.py:756} INFO - Processing file /home/airflow/.local/lib/python3.7/site-packages/airflow/example_dags/example_xcom.py for tasks to queue
[2024-01-30T19:04:58.227+0000] {logging_mixin.py:120} INFO - [2024-01-30T19:04:58.226+0000] {dagbag.py:537} INFO - Filling up the DagBag from /home/airflow/.local/lib/python3.7/site-packages/airflow/example_dags/example_xcom.py
[2024-01-30T19:04:58.263+0000] {processor.py:766} INFO - DAG(s) dict_keys(['example_xcom']) retrieved from /home/airflow/.local/lib/python3.7/site-packages/airflow/example_dags/example_xcom.py
[2024-01-30T19:04:58.317+0000] {logging_mixin.py:120} INFO - [2024-01-30T19:04:58.317+0000] {dag.py:2585} INFO - Sync 1 DAGs
[2024-01-30T19:04:58.351+0000] {logging_mixin.py:120} INFO - [2024-01-30T19:04:58.351+0000] {dag.py:3340} INFO - Setting next_dagrun for example_xcom to 2021-01-01T00:00:00+00:00, run_after=2021-01-01T00:00:00+00:00
[2024-01-30T19:04:58.377+0000] {processor.py:176} INFO - Processing /home/airflow/.local/lib/python3.7/site-packages/airflow/example_dags/example_xcom.py took 0.158 seconds
[2024-01-30T19:05:28.720+0000] {processor.py:154} INFO - Started process (PID=2030) to work on /home/airflow/.local/lib/python3.7/site-packages/airflow/example_dags/example_xcom.py
[2024-01-30T19:05:28.724+0000] {processor.py:756} INFO - Processing file /home/airflow/.local/lib/python3.7/site-packages/airflow/example_dags/example_xcom.py for tasks to queue
[2024-01-30T19:05:28.727+0000] {logging_mixin.py:120} INFO - [2024-01-30T19:05:28.726+0000] {dagbag.py:537} INFO - Filling up the DagBag from /home/airflow/.local/lib/python3.7/site-packages/airflow/example_dags/example_xcom.py
[2024-01-30T19:05:28.792+0000] {processor.py:766} INFO - DAG(s) dict_keys(['example_xcom']) retrieved from /home/airflow/.local/lib/python3.7/site-packages/airflow/example_dags/example_xcom.py
[2024-01-30T19:05:28.880+0000] {logging_mixin.py:120} INFO - [2024-01-30T19:05:28.880+0000] {dag.py:2585} INFO - Sync 1 DAGs
[2024-01-30T19:05:28.922+0000] {logging_mixin.py:120} INFO - [2024-01-30T19:05:28.921+0000] {dag.py:3340} INFO - Setting next_dagrun for example_xcom to 2021-01-01T00:00:00+00:00, run_after=2021-01-01T00:00:00+00:00
[2024-01-30T19:05:28.950+0000] {processor.py:176} INFO - Processing /home/airflow/.local/lib/python3.7/site-packages/airflow/example_dags/example_xcom.py took 0.240 seconds
[2024-01-30T19:05:59.077+0000] {processor.py:154} INFO - Started process (PID=2095) to work on /home/airflow/.local/lib/python3.7/site-packages/airflow/example_dags/example_xcom.py
[2024-01-30T19:05:59.079+0000] {processor.py:756} INFO - Processing file /home/airflow/.local/lib/python3.7/site-packages/airflow/example_dags/example_xcom.py for tasks to queue
[2024-01-30T19:05:59.080+0000] {logging_mixin.py:120} INFO - [2024-01-30T19:05:59.080+0000] {dagbag.py:537} INFO - Filling up the DagBag from /home/airflow/.local/lib/python3.7/site-packages/airflow/example_dags/example_xcom.py
[2024-01-30T19:05:59.128+0000] {processor.py:766} INFO - DAG(s) dict_keys(['example_xcom']) retrieved from /home/airflow/.local/lib/python3.7/site-packages/airflow/example_dags/example_xcom.py
[2024-01-30T19:05:59.222+0000] {logging_mixin.py:120} INFO - [2024-01-30T19:05:59.222+0000] {dag.py:2585} INFO - Sync 1 DAGs
[2024-01-30T19:05:59.292+0000] {logging_mixin.py:120} INFO - [2024-01-30T19:05:59.291+0000] {dag.py:3340} INFO - Setting next_dagrun for example_xcom to 2021-01-01T00:00:00+00:00, run_after=2021-01-01T00:00:00+00:00
[2024-01-30T19:05:59.347+0000] {processor.py:176} INFO - Processing /home/airflow/.local/lib/python3.7/site-packages/airflow/example_dags/example_xcom.py took 0.275 seconds
[2024-01-30T19:06:29.754+0000] {processor.py:154} INFO - Started process (PID=2151) to work on /home/airflow/.local/lib/python3.7/site-packages/airflow/example_dags/example_xcom.py
[2024-01-30T19:06:29.756+0000] {processor.py:756} INFO - Processing file /home/airflow/.local/lib/python3.7/site-packages/airflow/example_dags/example_xcom.py for tasks to queue
[2024-01-30T19:06:29.758+0000] {logging_mixin.py:120} INFO - [2024-01-30T19:06:29.758+0000] {dagbag.py:537} INFO - Filling up the DagBag from /home/airflow/.local/lib/python3.7/site-packages/airflow/example_dags/example_xcom.py
[2024-01-30T19:06:29.801+0000] {processor.py:766} INFO - DAG(s) dict_keys(['example_xcom']) retrieved from /home/airflow/.local/lib/python3.7/site-packages/airflow/example_dags/example_xcom.py
[2024-01-30T19:06:29.871+0000] {logging_mixin.py:120} INFO - [2024-01-30T19:06:29.871+0000] {dag.py:2585} INFO - Sync 1 DAGs
[2024-01-30T19:06:29.913+0000] {logging_mixin.py:120} INFO - [2024-01-30T19:06:29.913+0000] {dag.py:3340} INFO - Setting next_dagrun for example_xcom to 2021-01-01T00:00:00+00:00, run_after=2021-01-01T00:00:00+00:00
[2024-01-30T19:06:29.960+0000] {processor.py:176} INFO - Processing /home/airflow/.local/lib/python3.7/site-packages/airflow/example_dags/example_xcom.py took 0.211 seconds
[2024-01-30T19:07:00.137+0000] {processor.py:154} INFO - Started process (PID=2215) to work on /home/airflow/.local/lib/python3.7/site-packages/airflow/example_dags/example_xcom.py
[2024-01-30T19:07:00.140+0000] {processor.py:756} INFO - Processing file /home/airflow/.local/lib/python3.7/site-packages/airflow/example_dags/example_xcom.py for tasks to queue
[2024-01-30T19:07:00.143+0000] {logging_mixin.py:120} INFO - [2024-01-30T19:07:00.143+0000] {dagbag.py:537} INFO - Filling up the DagBag from /home/airflow/.local/lib/python3.7/site-packages/airflow/example_dags/example_xcom.py
[2024-01-30T19:07:00.187+0000] {processor.py:766} INFO - DAG(s) dict_keys(['example_xcom']) retrieved from /home/airflow/.local/lib/python3.7/site-packages/airflow/example_dags/example_xcom.py
[2024-01-30T19:07:00.357+0000] {logging_mixin.py:120} INFO - [2024-01-30T19:07:00.357+0000] {dag.py:2585} INFO - Sync 1 DAGs
[2024-01-30T19:07:00.410+0000] {logging_mixin.py:120} INFO - [2024-01-30T19:07:00.410+0000] {dag.py:3340} INFO - Setting next_dagrun for example_xcom to 2021-01-01T00:00:00+00:00, run_after=2021-01-01T00:00:00+00:00
[2024-01-30T19:07:00.442+0000] {processor.py:176} INFO - Processing /home/airflow/.local/lib/python3.7/site-packages/airflow/example_dags/example_xcom.py took 0.315 seconds
[2024-01-30T19:07:31.473+0000] {processor.py:154} INFO - Started process (PID=2279) to work on /home/airflow/.local/lib/python3.7/site-packages/airflow/example_dags/example_xcom.py
[2024-01-30T19:07:31.476+0000] {processor.py:756} INFO - Processing file /home/airflow/.local/lib/python3.7/site-packages/airflow/example_dags/example_xcom.py for tasks to queue
[2024-01-30T19:07:31.477+0000] {logging_mixin.py:120} INFO - [2024-01-30T19:07:31.477+0000] {dagbag.py:537} INFO - Filling up the DagBag from /home/airflow/.local/lib/python3.7/site-packages/airflow/example_dags/example_xcom.py
[2024-01-30T19:07:31.525+0000] {processor.py:766} INFO - DAG(s) dict_keys(['example_xcom']) retrieved from /home/airflow/.local/lib/python3.7/site-packages/airflow/example_dags/example_xcom.py
[2024-01-30T19:07:31.608+0000] {logging_mixin.py:120} INFO - [2024-01-30T19:07:31.608+0000] {dag.py:2585} INFO - Sync 1 DAGs
[2024-01-30T19:07:31.648+0000] {logging_mixin.py:120} INFO - [2024-01-30T19:07:31.648+0000] {dag.py:3340} INFO - Setting next_dagrun for example_xcom to 2021-01-01T00:00:00+00:00, run_after=2021-01-01T00:00:00+00:00
[2024-01-30T19:07:31.683+0000] {processor.py:176} INFO - Processing /home/airflow/.local/lib/python3.7/site-packages/airflow/example_dags/example_xcom.py took 0.217 seconds
[2024-01-30T19:08:02.105+0000] {processor.py:154} INFO - Started process (PID=2333) to work on /home/airflow/.local/lib/python3.7/site-packages/airflow/example_dags/example_xcom.py
[2024-01-30T19:08:02.106+0000] {processor.py:756} INFO - Processing file /home/airflow/.local/lib/python3.7/site-packages/airflow/example_dags/example_xcom.py for tasks to queue
[2024-01-30T19:08:02.122+0000] {logging_mixin.py:120} INFO - [2024-01-30T19:08:02.118+0000] {dagbag.py:537} INFO - Filling up the DagBag from /home/airflow/.local/lib/python3.7/site-packages/airflow/example_dags/example_xcom.py
[2024-01-30T19:08:02.192+0000] {processor.py:766} INFO - DAG(s) dict_keys(['example_xcom']) retrieved from /home/airflow/.local/lib/python3.7/site-packages/airflow/example_dags/example_xcom.py
[2024-01-30T19:08:02.284+0000] {logging_mixin.py:120} INFO - [2024-01-30T19:08:02.284+0000] {dag.py:2585} INFO - Sync 1 DAGs
[2024-01-30T19:08:02.343+0000] {logging_mixin.py:120} INFO - [2024-01-30T19:08:02.343+0000] {dag.py:3340} INFO - Setting next_dagrun for example_xcom to 2021-01-01T00:00:00+00:00, run_after=2021-01-01T00:00:00+00:00
[2024-01-30T19:08:02.377+0000] {processor.py:176} INFO - Processing /home/airflow/.local/lib/python3.7/site-packages/airflow/example_dags/example_xcom.py took 0.278 seconds
[2024-01-30T19:08:32.444+0000] {processor.py:154} INFO - Started process (PID=2399) to work on /home/airflow/.local/lib/python3.7/site-packages/airflow/example_dags/example_xcom.py
[2024-01-30T19:08:32.445+0000] {processor.py:756} INFO - Processing file /home/airflow/.local/lib/python3.7/site-packages/airflow/example_dags/example_xcom.py for tasks to queue
[2024-01-30T19:08:32.447+0000] {logging_mixin.py:120} INFO - [2024-01-30T19:08:32.447+0000] {dagbag.py:537} INFO - Filling up the DagBag from /home/airflow/.local/lib/python3.7/site-packages/airflow/example_dags/example_xcom.py
[2024-01-30T19:08:32.483+0000] {processor.py:766} INFO - DAG(s) dict_keys(['example_xcom']) retrieved from /home/airflow/.local/lib/python3.7/site-packages/airflow/example_dags/example_xcom.py
[2024-01-30T19:08:32.547+0000] {logging_mixin.py:120} INFO - [2024-01-30T19:08:32.547+0000] {dag.py:2585} INFO - Sync 1 DAGs
[2024-01-30T19:08:32.589+0000] {logging_mixin.py:120} INFO - [2024-01-30T19:08:32.589+0000] {dag.py:3340} INFO - Setting next_dagrun for example_xcom to 2021-01-01T00:00:00+00:00, run_after=2021-01-01T00:00:00+00:00
[2024-01-30T19:08:32.625+0000] {processor.py:176} INFO - Processing /home/airflow/.local/lib/python3.7/site-packages/airflow/example_dags/example_xcom.py took 0.186 seconds
[2024-01-30T19:09:03.065+0000] {processor.py:154} INFO - Started process (PID=2455) to work on /home/airflow/.local/lib/python3.7/site-packages/airflow/example_dags/example_xcom.py
[2024-01-30T19:09:03.069+0000] {processor.py:756} INFO - Processing file /home/airflow/.local/lib/python3.7/site-packages/airflow/example_dags/example_xcom.py for tasks to queue
[2024-01-30T19:09:03.071+0000] {logging_mixin.py:120} INFO - [2024-01-30T19:09:03.071+0000] {dagbag.py:537} INFO - Filling up the DagBag from /home/airflow/.local/lib/python3.7/site-packages/airflow/example_dags/example_xcom.py
[2024-01-30T19:09:03.113+0000] {processor.py:766} INFO - DAG(s) dict_keys(['example_xcom']) retrieved from /home/airflow/.local/lib/python3.7/site-packages/airflow/example_dags/example_xcom.py
[2024-01-30T19:09:03.177+0000] {logging_mixin.py:120} INFO - [2024-01-30T19:09:03.177+0000] {dag.py:2585} INFO - Sync 1 DAGs
[2024-01-30T19:09:03.214+0000] {logging_mixin.py:120} INFO - [2024-01-30T19:09:03.214+0000] {dag.py:3340} INFO - Setting next_dagrun for example_xcom to 2021-01-01T00:00:00+00:00, run_after=2021-01-01T00:00:00+00:00
[2024-01-30T19:09:03.256+0000] {processor.py:176} INFO - Processing /home/airflow/.local/lib/python3.7/site-packages/airflow/example_dags/example_xcom.py took 0.195 seconds
[2024-01-30T19:09:33.897+0000] {processor.py:154} INFO - Started process (PID=2523) to work on /home/airflow/.local/lib/python3.7/site-packages/airflow/example_dags/example_xcom.py
[2024-01-30T19:09:33.899+0000] {processor.py:756} INFO - Processing file /home/airflow/.local/lib/python3.7/site-packages/airflow/example_dags/example_xcom.py for tasks to queue
[2024-01-30T19:09:33.901+0000] {logging_mixin.py:120} INFO - [2024-01-30T19:09:33.901+0000] {dagbag.py:537} INFO - Filling up the DagBag from /home/airflow/.local/lib/python3.7/site-packages/airflow/example_dags/example_xcom.py
[2024-01-30T19:09:33.943+0000] {processor.py:766} INFO - DAG(s) dict_keys(['example_xcom']) retrieved from /home/airflow/.local/lib/python3.7/site-packages/airflow/example_dags/example_xcom.py
[2024-01-30T19:09:34.016+0000] {logging_mixin.py:120} INFO - [2024-01-30T19:09:34.016+0000] {dag.py:2585} INFO - Sync 1 DAGs
[2024-01-30T19:09:34.106+0000] {logging_mixin.py:120} INFO - [2024-01-30T19:09:34.106+0000] {dag.py:3340} INFO - Setting next_dagrun for example_xcom to 2021-01-01T00:00:00+00:00, run_after=2021-01-01T00:00:00+00:00
[2024-01-30T19:09:34.160+0000] {processor.py:176} INFO - Processing /home/airflow/.local/lib/python3.7/site-packages/airflow/example_dags/example_xcom.py took 0.271 seconds
[2024-01-30T19:10:04.580+0000] {processor.py:154} INFO - Started process (PID=2587) to work on /home/airflow/.local/lib/python3.7/site-packages/airflow/example_dags/example_xcom.py
[2024-01-30T19:10:04.582+0000] {processor.py:756} INFO - Processing file /home/airflow/.local/lib/python3.7/site-packages/airflow/example_dags/example_xcom.py for tasks to queue
[2024-01-30T19:10:04.584+0000] {logging_mixin.py:120} INFO - [2024-01-30T19:10:04.584+0000] {dagbag.py:537} INFO - Filling up the DagBag from /home/airflow/.local/lib/python3.7/site-packages/airflow/example_dags/example_xcom.py
[2024-01-30T19:10:04.617+0000] {processor.py:766} INFO - DAG(s) dict_keys(['example_xcom']) retrieved from /home/airflow/.local/lib/python3.7/site-packages/airflow/example_dags/example_xcom.py
[2024-01-30T19:10:04.676+0000] {logging_mixin.py:120} INFO - [2024-01-30T19:10:04.676+0000] {dag.py:2585} INFO - Sync 1 DAGs
[2024-01-30T19:10:04.711+0000] {logging_mixin.py:120} INFO - [2024-01-30T19:10:04.711+0000] {dag.py:3340} INFO - Setting next_dagrun for example_xcom to 2021-01-01T00:00:00+00:00, run_after=2021-01-01T00:00:00+00:00
[2024-01-30T19:10:04.743+0000] {processor.py:176} INFO - Processing /home/airflow/.local/lib/python3.7/site-packages/airflow/example_dags/example_xcom.py took 0.169 seconds
[2024-01-30T19:10:34.988+0000] {processor.py:154} INFO - Started process (PID=2643) to work on /home/airflow/.local/lib/python3.7/site-packages/airflow/example_dags/example_xcom.py
[2024-01-30T19:10:34.989+0000] {processor.py:756} INFO - Processing file /home/airflow/.local/lib/python3.7/site-packages/airflow/example_dags/example_xcom.py for tasks to queue
[2024-01-30T19:10:34.992+0000] {logging_mixin.py:120} INFO - [2024-01-30T19:10:34.992+0000] {dagbag.py:537} INFO - Filling up the DagBag from /home/airflow/.local/lib/python3.7/site-packages/airflow/example_dags/example_xcom.py
[2024-01-30T19:10:35.036+0000] {processor.py:766} INFO - DAG(s) dict_keys(['example_xcom']) retrieved from /home/airflow/.local/lib/python3.7/site-packages/airflow/example_dags/example_xcom.py
[2024-01-30T19:10:35.105+0000] {logging_mixin.py:120} INFO - [2024-01-30T19:10:35.104+0000] {dag.py:2585} INFO - Sync 1 DAGs
[2024-01-30T19:10:35.143+0000] {logging_mixin.py:120} INFO - [2024-01-30T19:10:35.143+0000] {dag.py:3340} INFO - Setting next_dagrun for example_xcom to 2021-01-01T00:00:00+00:00, run_after=2021-01-01T00:00:00+00:00
[2024-01-30T19:10:35.188+0000] {processor.py:176} INFO - Processing /home/airflow/.local/lib/python3.7/site-packages/airflow/example_dags/example_xcom.py took 0.206 seconds
[2024-01-30T19:11:05.637+0000] {processor.py:154} INFO - Started process (PID=2707) to work on /home/airflow/.local/lib/python3.7/site-packages/airflow/example_dags/example_xcom.py
[2024-01-30T19:11:05.638+0000] {processor.py:756} INFO - Processing file /home/airflow/.local/lib/python3.7/site-packages/airflow/example_dags/example_xcom.py for tasks to queue
[2024-01-30T19:11:05.640+0000] {logging_mixin.py:120} INFO - [2024-01-30T19:11:05.640+0000] {dagbag.py:537} INFO - Filling up the DagBag from /home/airflow/.local/lib/python3.7/site-packages/airflow/example_dags/example_xcom.py
[2024-01-30T19:11:05.676+0000] {processor.py:766} INFO - DAG(s) dict_keys(['example_xcom']) retrieved from /home/airflow/.local/lib/python3.7/site-packages/airflow/example_dags/example_xcom.py
[2024-01-30T19:11:05.755+0000] {logging_mixin.py:120} INFO - [2024-01-30T19:11:05.755+0000] {dag.py:2585} INFO - Sync 1 DAGs
[2024-01-30T19:11:05.803+0000] {logging_mixin.py:120} INFO - [2024-01-30T19:11:05.802+0000] {dag.py:3340} INFO - Setting next_dagrun for example_xcom to 2021-01-01T00:00:00+00:00, run_after=2021-01-01T00:00:00+00:00
[2024-01-30T19:11:05.837+0000] {processor.py:176} INFO - Processing /home/airflow/.local/lib/python3.7/site-packages/airflow/example_dags/example_xcom.py took 0.206 seconds
[2024-01-30T19:11:36.739+0000] {processor.py:154} INFO - Started process (PID=2775) to work on /home/airflow/.local/lib/python3.7/site-packages/airflow/example_dags/example_xcom.py
[2024-01-30T19:11:36.777+0000] {processor.py:756} INFO - Processing file /home/airflow/.local/lib/python3.7/site-packages/airflow/example_dags/example_xcom.py for tasks to queue
[2024-01-30T19:11:36.818+0000] {logging_mixin.py:120} INFO - [2024-01-30T19:11:36.817+0000] {dagbag.py:537} INFO - Filling up the DagBag from /home/airflow/.local/lib/python3.7/site-packages/airflow/example_dags/example_xcom.py
[2024-01-30T19:11:37.091+0000] {processor.py:766} INFO - DAG(s) dict_keys(['example_xcom']) retrieved from /home/airflow/.local/lib/python3.7/site-packages/airflow/example_dags/example_xcom.py
[2024-01-30T19:11:37.517+0000] {logging_mixin.py:120} INFO - [2024-01-30T19:11:37.517+0000] {dag.py:2585} INFO - Sync 1 DAGs
[2024-01-30T19:11:37.598+0000] {logging_mixin.py:120} INFO - [2024-01-30T19:11:37.598+0000] {dag.py:3340} INFO - Setting next_dagrun for example_xcom to 2021-01-01T00:00:00+00:00, run_after=2021-01-01T00:00:00+00:00
[2024-01-30T19:11:37.675+0000] {processor.py:176} INFO - Processing /home/airflow/.local/lib/python3.7/site-packages/airflow/example_dags/example_xcom.py took 1.038 seconds
[2024-01-30T19:12:08.106+0000] {processor.py:154} INFO - Started process (PID=2832) to work on /home/airflow/.local/lib/python3.7/site-packages/airflow/example_dags/example_xcom.py
[2024-01-30T19:12:08.111+0000] {processor.py:756} INFO - Processing file /home/airflow/.local/lib/python3.7/site-packages/airflow/example_dags/example_xcom.py for tasks to queue
[2024-01-30T19:12:08.113+0000] {logging_mixin.py:120} INFO - [2024-01-30T19:12:08.113+0000] {dagbag.py:537} INFO - Filling up the DagBag from /home/airflow/.local/lib/python3.7/site-packages/airflow/example_dags/example_xcom.py
[2024-01-30T19:12:08.175+0000] {processor.py:766} INFO - DAG(s) dict_keys(['example_xcom']) retrieved from /home/airflow/.local/lib/python3.7/site-packages/airflow/example_dags/example_xcom.py
[2024-01-30T19:12:08.246+0000] {logging_mixin.py:120} INFO - [2024-01-30T19:12:08.246+0000] {dag.py:2585} INFO - Sync 1 DAGs
[2024-01-30T19:12:08.291+0000] {logging_mixin.py:120} INFO - [2024-01-30T19:12:08.291+0000] {dag.py:3340} INFO - Setting next_dagrun for example_xcom to 2021-01-01T00:00:00+00:00, run_after=2021-01-01T00:00:00+00:00
[2024-01-30T19:12:08.328+0000] {processor.py:176} INFO - Processing /home/airflow/.local/lib/python3.7/site-packages/airflow/example_dags/example_xcom.py took 0.230 seconds
[2024-01-30T19:12:38.855+0000] {processor.py:154} INFO - Started process (PID=2898) to work on /home/airflow/.local/lib/python3.7/site-packages/airflow/example_dags/example_xcom.py
[2024-01-30T19:12:38.859+0000] {processor.py:756} INFO - Processing file /home/airflow/.local/lib/python3.7/site-packages/airflow/example_dags/example_xcom.py for tasks to queue
[2024-01-30T19:12:38.862+0000] {logging_mixin.py:120} INFO - [2024-01-30T19:12:38.862+0000] {dagbag.py:537} INFO - Filling up the DagBag from /home/airflow/.local/lib/python3.7/site-packages/airflow/example_dags/example_xcom.py
[2024-01-30T19:12:38.914+0000] {processor.py:766} INFO - DAG(s) dict_keys(['example_xcom']) retrieved from /home/airflow/.local/lib/python3.7/site-packages/airflow/example_dags/example_xcom.py
[2024-01-30T19:12:39.023+0000] {logging_mixin.py:120} INFO - [2024-01-30T19:12:39.023+0000] {dag.py:2585} INFO - Sync 1 DAGs
[2024-01-30T19:12:39.174+0000] {logging_mixin.py:120} INFO - [2024-01-30T19:12:39.171+0000] {dag.py:3340} INFO - Setting next_dagrun for example_xcom to 2021-01-01T00:00:00+00:00, run_after=2021-01-01T00:00:00+00:00
[2024-01-30T19:12:39.217+0000] {processor.py:176} INFO - Processing /home/airflow/.local/lib/python3.7/site-packages/airflow/example_dags/example_xcom.py took 0.373 seconds
[2024-01-30T19:13:09.643+0000] {processor.py:154} INFO - Started process (PID=2961) to work on /home/airflow/.local/lib/python3.7/site-packages/airflow/example_dags/example_xcom.py
[2024-01-30T19:13:09.644+0000] {processor.py:756} INFO - Processing file /home/airflow/.local/lib/python3.7/site-packages/airflow/example_dags/example_xcom.py for tasks to queue
[2024-01-30T19:13:09.646+0000] {logging_mixin.py:120} INFO - [2024-01-30T19:13:09.645+0000] {dagbag.py:537} INFO - Filling up the DagBag from /home/airflow/.local/lib/python3.7/site-packages/airflow/example_dags/example_xcom.py
[2024-01-30T19:13:09.697+0000] {processor.py:766} INFO - DAG(s) dict_keys(['example_xcom']) retrieved from /home/airflow/.local/lib/python3.7/site-packages/airflow/example_dags/example_xcom.py
[2024-01-30T19:13:09.780+0000] {logging_mixin.py:120} INFO - [2024-01-30T19:13:09.779+0000] {dag.py:2585} INFO - Sync 1 DAGs
[2024-01-30T19:13:09.829+0000] {logging_mixin.py:120} INFO - [2024-01-30T19:13:09.829+0000] {dag.py:3340} INFO - Setting next_dagrun for example_xcom to 2021-01-01T00:00:00+00:00, run_after=2021-01-01T00:00:00+00:00
[2024-01-30T19:13:09.867+0000] {processor.py:176} INFO - Processing /home/airflow/.local/lib/python3.7/site-packages/airflow/example_dags/example_xcom.py took 0.229 seconds
[2024-01-30T19:13:40.031+0000] {processor.py:154} INFO - Started process (PID=3019) to work on /home/airflow/.local/lib/python3.7/site-packages/airflow/example_dags/example_xcom.py
[2024-01-30T19:13:40.035+0000] {processor.py:756} INFO - Processing file /home/airflow/.local/lib/python3.7/site-packages/airflow/example_dags/example_xcom.py for tasks to queue
[2024-01-30T19:13:40.037+0000] {logging_mixin.py:120} INFO - [2024-01-30T19:13:40.036+0000] {dagbag.py:537} INFO - Filling up the DagBag from /home/airflow/.local/lib/python3.7/site-packages/airflow/example_dags/example_xcom.py
[2024-01-30T19:13:40.080+0000] {processor.py:766} INFO - DAG(s) dict_keys(['example_xcom']) retrieved from /home/airflow/.local/lib/python3.7/site-packages/airflow/example_dags/example_xcom.py
[2024-01-30T19:13:40.155+0000] {logging_mixin.py:120} INFO - [2024-01-30T19:13:40.155+0000] {dag.py:2585} INFO - Sync 1 DAGs
[2024-01-30T19:13:40.196+0000] {logging_mixin.py:120} INFO - [2024-01-30T19:13:40.196+0000] {dag.py:3340} INFO - Setting next_dagrun for example_xcom to 2021-01-01T00:00:00+00:00, run_after=2021-01-01T00:00:00+00:00
[2024-01-30T19:13:40.231+0000] {processor.py:176} INFO - Processing /home/airflow/.local/lib/python3.7/site-packages/airflow/example_dags/example_xcom.py took 0.205 seconds
[2024-01-30T19:14:10.376+0000] {processor.py:154} INFO - Started process (PID=3084) to work on /home/airflow/.local/lib/python3.7/site-packages/airflow/example_dags/example_xcom.py
[2024-01-30T19:14:10.377+0000] {processor.py:756} INFO - Processing file /home/airflow/.local/lib/python3.7/site-packages/airflow/example_dags/example_xcom.py for tasks to queue
[2024-01-30T19:14:10.378+0000] {logging_mixin.py:120} INFO - [2024-01-30T19:14:10.378+0000] {dagbag.py:537} INFO - Filling up the DagBag from /home/airflow/.local/lib/python3.7/site-packages/airflow/example_dags/example_xcom.py
[2024-01-30T19:14:10.412+0000] {processor.py:766} INFO - DAG(s) dict_keys(['example_xcom']) retrieved from /home/airflow/.local/lib/python3.7/site-packages/airflow/example_dags/example_xcom.py
[2024-01-30T19:14:10.488+0000] {logging_mixin.py:120} INFO - [2024-01-30T19:14:10.488+0000] {dag.py:2585} INFO - Sync 1 DAGs
[2024-01-30T19:14:10.529+0000] {logging_mixin.py:120} INFO - [2024-01-30T19:14:10.529+0000] {dag.py:3340} INFO - Setting next_dagrun for example_xcom to 2021-01-01T00:00:00+00:00, run_after=2021-01-01T00:00:00+00:00
[2024-01-30T19:14:10.561+0000] {processor.py:176} INFO - Processing /home/airflow/.local/lib/python3.7/site-packages/airflow/example_dags/example_xcom.py took 0.190 seconds
[2024-01-30T19:14:40.871+0000] {processor.py:154} INFO - Started process (PID=3140) to work on /home/airflow/.local/lib/python3.7/site-packages/airflow/example_dags/example_xcom.py
[2024-01-30T19:14:40.873+0000] {processor.py:756} INFO - Processing file /home/airflow/.local/lib/python3.7/site-packages/airflow/example_dags/example_xcom.py for tasks to queue
[2024-01-30T19:14:40.875+0000] {logging_mixin.py:120} INFO - [2024-01-30T19:14:40.874+0000] {dagbag.py:537} INFO - Filling up the DagBag from /home/airflow/.local/lib/python3.7/site-packages/airflow/example_dags/example_xcom.py
[2024-01-30T19:14:40.913+0000] {processor.py:766} INFO - DAG(s) dict_keys(['example_xcom']) retrieved from /home/airflow/.local/lib/python3.7/site-packages/airflow/example_dags/example_xcom.py
[2024-01-30T19:14:40.979+0000] {logging_mixin.py:120} INFO - [2024-01-30T19:14:40.979+0000] {dag.py:2585} INFO - Sync 1 DAGs
[2024-01-30T19:14:41.022+0000] {logging_mixin.py:120} INFO - [2024-01-30T19:14:41.022+0000] {dag.py:3340} INFO - Setting next_dagrun for example_xcom to 2021-01-01T00:00:00+00:00, run_after=2021-01-01T00:00:00+00:00
[2024-01-30T19:14:41.058+0000] {processor.py:176} INFO - Processing /home/airflow/.local/lib/python3.7/site-packages/airflow/example_dags/example_xcom.py took 0.195 seconds
[2024-01-30T19:15:11.379+0000] {processor.py:154} INFO - Started process (PID=3205) to work on /home/airflow/.local/lib/python3.7/site-packages/airflow/example_dags/example_xcom.py
[2024-01-30T19:15:11.381+0000] {processor.py:756} INFO - Processing file /home/airflow/.local/lib/python3.7/site-packages/airflow/example_dags/example_xcom.py for tasks to queue
[2024-01-30T19:15:11.383+0000] {logging_mixin.py:120} INFO - [2024-01-30T19:15:11.383+0000] {dagbag.py:537} INFO - Filling up the DagBag from /home/airflow/.local/lib/python3.7/site-packages/airflow/example_dags/example_xcom.py
[2024-01-30T19:15:11.424+0000] {processor.py:766} INFO - DAG(s) dict_keys(['example_xcom']) retrieved from /home/airflow/.local/lib/python3.7/site-packages/airflow/example_dags/example_xcom.py
[2024-01-30T19:15:11.492+0000] {logging_mixin.py:120} INFO - [2024-01-30T19:15:11.492+0000] {dag.py:2585} INFO - Sync 1 DAGs
[2024-01-30T19:15:11.532+0000] {logging_mixin.py:120} INFO - [2024-01-30T19:15:11.531+0000] {dag.py:3340} INFO - Setting next_dagrun for example_xcom to 2021-01-01T00:00:00+00:00, run_after=2021-01-01T00:00:00+00:00
[2024-01-30T19:15:11.563+0000] {processor.py:176} INFO - Processing /home/airflow/.local/lib/python3.7/site-packages/airflow/example_dags/example_xcom.py took 0.188 seconds
[2024-01-30T19:15:42.166+0000] {processor.py:154} INFO - Started process (PID=3269) to work on /home/airflow/.local/lib/python3.7/site-packages/airflow/example_dags/example_xcom.py
[2024-01-30T19:15:42.167+0000] {processor.py:756} INFO - Processing file /home/airflow/.local/lib/python3.7/site-packages/airflow/example_dags/example_xcom.py for tasks to queue
[2024-01-30T19:15:42.169+0000] {logging_mixin.py:120} INFO - [2024-01-30T19:15:42.169+0000] {dagbag.py:537} INFO - Filling up the DagBag from /home/airflow/.local/lib/python3.7/site-packages/airflow/example_dags/example_xcom.py
[2024-01-30T19:15:42.213+0000] {processor.py:766} INFO - DAG(s) dict_keys(['example_xcom']) retrieved from /home/airflow/.local/lib/python3.7/site-packages/airflow/example_dags/example_xcom.py
[2024-01-30T19:15:42.296+0000] {logging_mixin.py:120} INFO - [2024-01-30T19:15:42.296+0000] {dag.py:2585} INFO - Sync 1 DAGs
[2024-01-30T19:15:42.339+0000] {logging_mixin.py:120} INFO - [2024-01-30T19:15:42.338+0000] {dag.py:3340} INFO - Setting next_dagrun for example_xcom to 2021-01-01T00:00:00+00:00, run_after=2021-01-01T00:00:00+00:00
[2024-01-30T19:15:42.369+0000] {processor.py:176} INFO - Processing /home/airflow/.local/lib/python3.7/site-packages/airflow/example_dags/example_xcom.py took 0.210 seconds
[2024-01-30T19:16:12.452+0000] {processor.py:154} INFO - Started process (PID=3325) to work on /home/airflow/.local/lib/python3.7/site-packages/airflow/example_dags/example_xcom.py
[2024-01-30T19:16:12.454+0000] {processor.py:756} INFO - Processing file /home/airflow/.local/lib/python3.7/site-packages/airflow/example_dags/example_xcom.py for tasks to queue
[2024-01-30T19:16:12.455+0000] {logging_mixin.py:120} INFO - [2024-01-30T19:16:12.455+0000] {dagbag.py:537} INFO - Filling up the DagBag from /home/airflow/.local/lib/python3.7/site-packages/airflow/example_dags/example_xcom.py
[2024-01-30T19:16:12.495+0000] {processor.py:766} INFO - DAG(s) dict_keys(['example_xcom']) retrieved from /home/airflow/.local/lib/python3.7/site-packages/airflow/example_dags/example_xcom.py
[2024-01-30T19:16:12.567+0000] {logging_mixin.py:120} INFO - [2024-01-30T19:16:12.567+0000] {dag.py:2585} INFO - Sync 1 DAGs
[2024-01-30T19:16:12.603+0000] {logging_mixin.py:120} INFO - [2024-01-30T19:16:12.603+0000] {dag.py:3340} INFO - Setting next_dagrun for example_xcom to 2021-01-01T00:00:00+00:00, run_after=2021-01-01T00:00:00+00:00
[2024-01-30T19:16:12.653+0000] {processor.py:176} INFO - Processing /home/airflow/.local/lib/python3.7/site-packages/airflow/example_dags/example_xcom.py took 0.207 seconds
[2024-01-30T19:16:43.092+0000] {processor.py:154} INFO - Started process (PID=3391) to work on /home/airflow/.local/lib/python3.7/site-packages/airflow/example_dags/example_xcom.py
[2024-01-30T19:16:43.094+0000] {processor.py:756} INFO - Processing file /home/airflow/.local/lib/python3.7/site-packages/airflow/example_dags/example_xcom.py for tasks to queue
[2024-01-30T19:16:43.095+0000] {logging_mixin.py:120} INFO - [2024-01-30T19:16:43.095+0000] {dagbag.py:537} INFO - Filling up the DagBag from /home/airflow/.local/lib/python3.7/site-packages/airflow/example_dags/example_xcom.py
[2024-01-30T19:16:43.143+0000] {processor.py:766} INFO - DAG(s) dict_keys(['example_xcom']) retrieved from /home/airflow/.local/lib/python3.7/site-packages/airflow/example_dags/example_xcom.py
[2024-01-30T19:16:43.213+0000] {logging_mixin.py:120} INFO - [2024-01-30T19:16:43.213+0000] {dag.py:2585} INFO - Sync 1 DAGs
[2024-01-30T19:16:43.255+0000] {logging_mixin.py:120} INFO - [2024-01-30T19:16:43.255+0000] {dag.py:3340} INFO - Setting next_dagrun for example_xcom to 2021-01-01T00:00:00+00:00, run_after=2021-01-01T00:00:00+00:00
[2024-01-30T19:16:43.281+0000] {processor.py:176} INFO - Processing /home/airflow/.local/lib/python3.7/site-packages/airflow/example_dags/example_xcom.py took 0.197 seconds
[2024-01-30T19:17:14.032+0000] {processor.py:154} INFO - Started process (PID=3447) to work on /home/airflow/.local/lib/python3.7/site-packages/airflow/example_dags/example_xcom.py
[2024-01-30T19:17:14.034+0000] {processor.py:756} INFO - Processing file /home/airflow/.local/lib/python3.7/site-packages/airflow/example_dags/example_xcom.py for tasks to queue
[2024-01-30T19:17:14.035+0000] {logging_mixin.py:120} INFO - [2024-01-30T19:17:14.035+0000] {dagbag.py:537} INFO - Filling up the DagBag from /home/airflow/.local/lib/python3.7/site-packages/airflow/example_dags/example_xcom.py
[2024-01-30T19:17:14.080+0000] {processor.py:766} INFO - DAG(s) dict_keys(['example_xcom']) retrieved from /home/airflow/.local/lib/python3.7/site-packages/airflow/example_dags/example_xcom.py
[2024-01-30T19:17:14.139+0000] {logging_mixin.py:120} INFO - [2024-01-30T19:17:14.139+0000] {dag.py:2585} INFO - Sync 1 DAGs
[2024-01-30T19:17:14.169+0000] {logging_mixin.py:120} INFO - [2024-01-30T19:17:14.169+0000] {dag.py:3340} INFO - Setting next_dagrun for example_xcom to 2021-01-01T00:00:00+00:00, run_after=2021-01-01T00:00:00+00:00
[2024-01-30T19:17:14.197+0000] {processor.py:176} INFO - Processing /home/airflow/.local/lib/python3.7/site-packages/airflow/example_dags/example_xcom.py took 0.170 seconds
[2024-01-30T19:17:44.565+0000] {processor.py:154} INFO - Started process (PID=3512) to work on /home/airflow/.local/lib/python3.7/site-packages/airflow/example_dags/example_xcom.py
[2024-01-30T19:17:44.567+0000] {processor.py:756} INFO - Processing file /home/airflow/.local/lib/python3.7/site-packages/airflow/example_dags/example_xcom.py for tasks to queue
[2024-01-30T19:17:44.568+0000] {logging_mixin.py:120} INFO - [2024-01-30T19:17:44.568+0000] {dagbag.py:537} INFO - Filling up the DagBag from /home/airflow/.local/lib/python3.7/site-packages/airflow/example_dags/example_xcom.py
[2024-01-30T19:17:44.603+0000] {processor.py:766} INFO - DAG(s) dict_keys(['example_xcom']) retrieved from /home/airflow/.local/lib/python3.7/site-packages/airflow/example_dags/example_xcom.py
[2024-01-30T19:17:44.697+0000] {logging_mixin.py:120} INFO - [2024-01-30T19:17:44.696+0000] {dag.py:2585} INFO - Sync 1 DAGs
[2024-01-30T19:17:44.759+0000] {logging_mixin.py:120} INFO - [2024-01-30T19:17:44.759+0000] {dag.py:3340} INFO - Setting next_dagrun for example_xcom to 2021-01-01T00:00:00+00:00, run_after=2021-01-01T00:00:00+00:00
[2024-01-30T19:17:44.794+0000] {processor.py:176} INFO - Processing /home/airflow/.local/lib/python3.7/site-packages/airflow/example_dags/example_xcom.py took 0.235 seconds
