[2024-01-30T18:49:12.544+0000] {processor.py:154} INFO - Started process (PID=91) to work on /home/airflow/.local/lib/python3.7/site-packages/airflow/example_dags/example_task_group.py
[2024-01-30T18:49:12.555+0000] {processor.py:756} INFO - Processing file /home/airflow/.local/lib/python3.7/site-packages/airflow/example_dags/example_task_group.py for tasks to queue
[2024-01-30T18:49:12.559+0000] {logging_mixin.py:120} INFO - [2024-01-30T18:49:12.558+0000] {dagbag.py:537} INFO - Filling up the DagBag from /home/airflow/.local/lib/python3.7/site-packages/airflow/example_dags/example_task_group.py
[2024-01-30T18:49:12.618+0000] {processor.py:766} INFO - DAG(s) dict_keys(['example_task_group']) retrieved from /home/airflow/.local/lib/python3.7/site-packages/airflow/example_dags/example_task_group.py
[2024-01-30T18:49:12.792+0000] {logging_mixin.py:120} INFO - [2024-01-30T18:49:12.791+0000] {dag.py:2585} INFO - Sync 1 DAGs
[2024-01-30T18:49:12.871+0000] {logging_mixin.py:120} INFO - [2024-01-30T18:49:12.871+0000] {dag.py:3340} INFO - Setting next_dagrun for example_task_group to 2024-01-29T18:49:12.871036+00:00, run_after=2024-01-30T18:49:12.871036+00:00
[2024-01-30T18:49:12.975+0000] {processor.py:176} INFO - Processing /home/airflow/.local/lib/python3.7/site-packages/airflow/example_dags/example_task_group.py took 0.436 seconds
[2024-01-30T18:49:43.514+0000] {processor.py:154} INFO - Started process (PID=147) to work on /home/airflow/.local/lib/python3.7/site-packages/airflow/example_dags/example_task_group.py
[2024-01-30T18:49:43.518+0000] {processor.py:756} INFO - Processing file /home/airflow/.local/lib/python3.7/site-packages/airflow/example_dags/example_task_group.py for tasks to queue
[2024-01-30T18:49:43.521+0000] {logging_mixin.py:120} INFO - [2024-01-30T18:49:43.521+0000] {dagbag.py:537} INFO - Filling up the DagBag from /home/airflow/.local/lib/python3.7/site-packages/airflow/example_dags/example_task_group.py
[2024-01-30T18:49:43.550+0000] {processor.py:766} INFO - DAG(s) dict_keys(['example_task_group']) retrieved from /home/airflow/.local/lib/python3.7/site-packages/airflow/example_dags/example_task_group.py
[2024-01-30T18:49:43.629+0000] {logging_mixin.py:120} INFO - [2024-01-30T18:49:43.628+0000] {dag.py:2585} INFO - Sync 1 DAGs
[2024-01-30T18:49:43.675+0000] {logging_mixin.py:120} INFO - [2024-01-30T18:49:43.675+0000] {dag.py:3340} INFO - Setting next_dagrun for example_task_group to 2024-01-29T18:49:43.675252+00:00, run_after=2024-01-30T18:49:43.675252+00:00
[2024-01-30T18:49:43.703+0000] {processor.py:176} INFO - Processing /home/airflow/.local/lib/python3.7/site-packages/airflow/example_dags/example_task_group.py took 0.197 seconds
[2024-01-30T18:50:14.134+0000] {processor.py:154} INFO - Started process (PID=212) to work on /home/airflow/.local/lib/python3.7/site-packages/airflow/example_dags/example_task_group.py
[2024-01-30T18:50:14.137+0000] {processor.py:756} INFO - Processing file /home/airflow/.local/lib/python3.7/site-packages/airflow/example_dags/example_task_group.py for tasks to queue
[2024-01-30T18:50:14.138+0000] {logging_mixin.py:120} INFO - [2024-01-30T18:50:14.138+0000] {dagbag.py:537} INFO - Filling up the DagBag from /home/airflow/.local/lib/python3.7/site-packages/airflow/example_dags/example_task_group.py
[2024-01-30T18:50:14.164+0000] {processor.py:766} INFO - DAG(s) dict_keys(['example_task_group']) retrieved from /home/airflow/.local/lib/python3.7/site-packages/airflow/example_dags/example_task_group.py
[2024-01-30T18:50:14.217+0000] {logging_mixin.py:120} INFO - [2024-01-30T18:50:14.216+0000] {dag.py:2585} INFO - Sync 1 DAGs
[2024-01-30T18:50:14.247+0000] {logging_mixin.py:120} INFO - [2024-01-30T18:50:14.247+0000] {dag.py:3340} INFO - Setting next_dagrun for example_task_group to 2024-01-29T18:50:14.247057+00:00, run_after=2024-01-30T18:50:14.247057+00:00
[2024-01-30T18:50:14.279+0000] {processor.py:176} INFO - Processing /home/airflow/.local/lib/python3.7/site-packages/airflow/example_dags/example_task_group.py took 0.150 seconds
[2024-01-30T18:50:45.207+0000] {processor.py:154} INFO - Started process (PID=267) to work on /home/airflow/.local/lib/python3.7/site-packages/airflow/example_dags/example_task_group.py
[2024-01-30T18:50:45.209+0000] {processor.py:756} INFO - Processing file /home/airflow/.local/lib/python3.7/site-packages/airflow/example_dags/example_task_group.py for tasks to queue
[2024-01-30T18:50:45.210+0000] {logging_mixin.py:120} INFO - [2024-01-30T18:50:45.210+0000] {dagbag.py:537} INFO - Filling up the DagBag from /home/airflow/.local/lib/python3.7/site-packages/airflow/example_dags/example_task_group.py
[2024-01-30T18:50:45.235+0000] {processor.py:766} INFO - DAG(s) dict_keys(['example_task_group']) retrieved from /home/airflow/.local/lib/python3.7/site-packages/airflow/example_dags/example_task_group.py
[2024-01-30T18:50:45.292+0000] {logging_mixin.py:120} INFO - [2024-01-30T18:50:45.292+0000] {dag.py:2585} INFO - Sync 1 DAGs
[2024-01-30T18:50:45.324+0000] {logging_mixin.py:120} INFO - [2024-01-30T18:50:45.324+0000] {dag.py:3340} INFO - Setting next_dagrun for example_task_group to 2024-01-29T18:50:45.323894+00:00, run_after=2024-01-30T18:50:45.323894+00:00
[2024-01-30T18:50:45.348+0000] {processor.py:176} INFO - Processing /home/airflow/.local/lib/python3.7/site-packages/airflow/example_dags/example_task_group.py took 0.149 seconds
[2024-01-30T18:51:16.057+0000] {processor.py:154} INFO - Started process (PID=330) to work on /home/airflow/.local/lib/python3.7/site-packages/airflow/example_dags/example_task_group.py
[2024-01-30T18:51:16.062+0000] {processor.py:756} INFO - Processing file /home/airflow/.local/lib/python3.7/site-packages/airflow/example_dags/example_task_group.py for tasks to queue
[2024-01-30T18:51:16.069+0000] {logging_mixin.py:120} INFO - [2024-01-30T18:51:16.069+0000] {dagbag.py:537} INFO - Filling up the DagBag from /home/airflow/.local/lib/python3.7/site-packages/airflow/example_dags/example_task_group.py
[2024-01-30T18:51:16.121+0000] {processor.py:766} INFO - DAG(s) dict_keys(['example_task_group']) retrieved from /home/airflow/.local/lib/python3.7/site-packages/airflow/example_dags/example_task_group.py
[2024-01-30T18:51:16.185+0000] {logging_mixin.py:120} INFO - [2024-01-30T18:51:16.185+0000] {dag.py:2585} INFO - Sync 1 DAGs
[2024-01-30T18:51:16.220+0000] {logging_mixin.py:120} INFO - [2024-01-30T18:51:16.220+0000] {dag.py:3340} INFO - Setting next_dagrun for example_task_group to 2024-01-29T18:51:16.219667+00:00, run_after=2024-01-30T18:51:16.219667+00:00
[2024-01-30T18:51:16.247+0000] {processor.py:176} INFO - Processing /home/airflow/.local/lib/python3.7/site-packages/airflow/example_dags/example_task_group.py took 0.204 seconds
[2024-01-30T18:51:46.779+0000] {processor.py:154} INFO - Started process (PID=396) to work on /home/airflow/.local/lib/python3.7/site-packages/airflow/example_dags/example_task_group.py
[2024-01-30T18:51:46.782+0000] {processor.py:756} INFO - Processing file /home/airflow/.local/lib/python3.7/site-packages/airflow/example_dags/example_task_group.py for tasks to queue
[2024-01-30T18:51:46.784+0000] {logging_mixin.py:120} INFO - [2024-01-30T18:51:46.784+0000] {dagbag.py:537} INFO - Filling up the DagBag from /home/airflow/.local/lib/python3.7/site-packages/airflow/example_dags/example_task_group.py
[2024-01-30T18:51:46.822+0000] {processor.py:766} INFO - DAG(s) dict_keys(['example_task_group']) retrieved from /home/airflow/.local/lib/python3.7/site-packages/airflow/example_dags/example_task_group.py
[2024-01-30T18:51:46.890+0000] {logging_mixin.py:120} INFO - [2024-01-30T18:51:46.890+0000] {dag.py:2585} INFO - Sync 1 DAGs
[2024-01-30T18:51:46.933+0000] {logging_mixin.py:120} INFO - [2024-01-30T18:51:46.933+0000] {dag.py:3340} INFO - Setting next_dagrun for example_task_group to 2024-01-29T18:51:46.933022+00:00, run_after=2024-01-30T18:51:46.933022+00:00
[2024-01-30T18:51:46.964+0000] {processor.py:176} INFO - Processing /home/airflow/.local/lib/python3.7/site-packages/airflow/example_dags/example_task_group.py took 0.192 seconds
[2024-01-30T18:52:17.299+0000] {processor.py:154} INFO - Started process (PID=453) to work on /home/airflow/.local/lib/python3.7/site-packages/airflow/example_dags/example_task_group.py
[2024-01-30T18:52:17.301+0000] {processor.py:756} INFO - Processing file /home/airflow/.local/lib/python3.7/site-packages/airflow/example_dags/example_task_group.py for tasks to queue
[2024-01-30T18:52:17.303+0000] {logging_mixin.py:120} INFO - [2024-01-30T18:52:17.303+0000] {dagbag.py:537} INFO - Filling up the DagBag from /home/airflow/.local/lib/python3.7/site-packages/airflow/example_dags/example_task_group.py
[2024-01-30T18:52:17.324+0000] {processor.py:766} INFO - DAG(s) dict_keys(['example_task_group']) retrieved from /home/airflow/.local/lib/python3.7/site-packages/airflow/example_dags/example_task_group.py
[2024-01-30T18:52:17.374+0000] {logging_mixin.py:120} INFO - [2024-01-30T18:52:17.374+0000] {dag.py:2585} INFO - Sync 1 DAGs
[2024-01-30T18:52:17.405+0000] {logging_mixin.py:120} INFO - [2024-01-30T18:52:17.405+0000] {dag.py:3340} INFO - Setting next_dagrun for example_task_group to 2024-01-29T18:52:17.404959+00:00, run_after=2024-01-30T18:52:17.404959+00:00
[2024-01-30T18:52:17.429+0000] {processor.py:176} INFO - Processing /home/airflow/.local/lib/python3.7/site-packages/airflow/example_dags/example_task_group.py took 0.139 seconds
[2024-01-30T18:52:48.253+0000] {processor.py:154} INFO - Started process (PID=517) to work on /home/airflow/.local/lib/python3.7/site-packages/airflow/example_dags/example_task_group.py
[2024-01-30T18:52:48.254+0000] {processor.py:756} INFO - Processing file /home/airflow/.local/lib/python3.7/site-packages/airflow/example_dags/example_task_group.py for tasks to queue
[2024-01-30T18:52:48.255+0000] {logging_mixin.py:120} INFO - [2024-01-30T18:52:48.255+0000] {dagbag.py:537} INFO - Filling up the DagBag from /home/airflow/.local/lib/python3.7/site-packages/airflow/example_dags/example_task_group.py
[2024-01-30T18:52:48.279+0000] {processor.py:766} INFO - DAG(s) dict_keys(['example_task_group']) retrieved from /home/airflow/.local/lib/python3.7/site-packages/airflow/example_dags/example_task_group.py
[2024-01-30T18:52:48.327+0000] {logging_mixin.py:120} INFO - [2024-01-30T18:52:48.327+0000] {dag.py:2585} INFO - Sync 1 DAGs
[2024-01-30T18:52:48.357+0000] {logging_mixin.py:120} INFO - [2024-01-30T18:52:48.357+0000] {dag.py:3340} INFO - Setting next_dagrun for example_task_group to 2024-01-29T18:52:48.356691+00:00, run_after=2024-01-30T18:52:48.356691+00:00
[2024-01-30T18:52:48.380+0000] {processor.py:176} INFO - Processing /home/airflow/.local/lib/python3.7/site-packages/airflow/example_dags/example_task_group.py took 0.133 seconds
[2024-01-30T18:53:18.753+0000] {processor.py:154} INFO - Started process (PID=581) to work on /home/airflow/.local/lib/python3.7/site-packages/airflow/example_dags/example_task_group.py
[2024-01-30T18:53:18.755+0000] {processor.py:756} INFO - Processing file /home/airflow/.local/lib/python3.7/site-packages/airflow/example_dags/example_task_group.py for tasks to queue
[2024-01-30T18:53:18.757+0000] {logging_mixin.py:120} INFO - [2024-01-30T18:53:18.756+0000] {dagbag.py:537} INFO - Filling up the DagBag from /home/airflow/.local/lib/python3.7/site-packages/airflow/example_dags/example_task_group.py
[2024-01-30T18:53:18.788+0000] {processor.py:766} INFO - DAG(s) dict_keys(['example_task_group']) retrieved from /home/airflow/.local/lib/python3.7/site-packages/airflow/example_dags/example_task_group.py
[2024-01-30T18:53:18.852+0000] {logging_mixin.py:120} INFO - [2024-01-30T18:53:18.852+0000] {dag.py:2585} INFO - Sync 1 DAGs
[2024-01-30T18:53:18.887+0000] {logging_mixin.py:120} INFO - [2024-01-30T18:53:18.887+0000] {dag.py:3340} INFO - Setting next_dagrun for example_task_group to 2024-01-29T18:53:18.886899+00:00, run_after=2024-01-30T18:53:18.886899+00:00
[2024-01-30T18:53:18.913+0000] {processor.py:176} INFO - Processing /home/airflow/.local/lib/python3.7/site-packages/airflow/example_dags/example_task_group.py took 0.167 seconds
[2024-01-30T18:53:49.525+0000] {processor.py:154} INFO - Started process (PID=646) to work on /home/airflow/.local/lib/python3.7/site-packages/airflow/example_dags/example_task_group.py
[2024-01-30T18:53:49.527+0000] {processor.py:756} INFO - Processing file /home/airflow/.local/lib/python3.7/site-packages/airflow/example_dags/example_task_group.py for tasks to queue
[2024-01-30T18:53:49.529+0000] {logging_mixin.py:120} INFO - [2024-01-30T18:53:49.529+0000] {dagbag.py:537} INFO - Filling up the DagBag from /home/airflow/.local/lib/python3.7/site-packages/airflow/example_dags/example_task_group.py
[2024-01-30T18:53:49.569+0000] {processor.py:766} INFO - DAG(s) dict_keys(['example_task_group']) retrieved from /home/airflow/.local/lib/python3.7/site-packages/airflow/example_dags/example_task_group.py
[2024-01-30T18:53:49.683+0000] {logging_mixin.py:120} INFO - [2024-01-30T18:53:49.682+0000] {dag.py:2585} INFO - Sync 1 DAGs
[2024-01-30T18:53:50.128+0000] {logging_mixin.py:120} INFO - [2024-01-30T18:53:50.126+0000] {dag.py:3340} INFO - Setting next_dagrun for example_task_group to 2024-01-29T18:53:50.125683+00:00, run_after=2024-01-30T18:53:50.125683+00:00
[2024-01-30T18:53:50.193+0000] {processor.py:176} INFO - Processing /home/airflow/.local/lib/python3.7/site-packages/airflow/example_dags/example_task_group.py took 0.676 seconds
[2024-01-30T18:54:20.315+0000] {processor.py:154} INFO - Started process (PID=710) to work on /home/airflow/.local/lib/python3.7/site-packages/airflow/example_dags/example_task_group.py
[2024-01-30T18:54:20.317+0000] {processor.py:756} INFO - Processing file /home/airflow/.local/lib/python3.7/site-packages/airflow/example_dags/example_task_group.py for tasks to queue
[2024-01-30T18:54:20.319+0000] {logging_mixin.py:120} INFO - [2024-01-30T18:54:20.319+0000] {dagbag.py:537} INFO - Filling up the DagBag from /home/airflow/.local/lib/python3.7/site-packages/airflow/example_dags/example_task_group.py
[2024-01-30T18:54:20.363+0000] {processor.py:766} INFO - DAG(s) dict_keys(['example_task_group']) retrieved from /home/airflow/.local/lib/python3.7/site-packages/airflow/example_dags/example_task_group.py
[2024-01-30T18:54:20.435+0000] {logging_mixin.py:120} INFO - [2024-01-30T18:54:20.435+0000] {dag.py:2585} INFO - Sync 1 DAGs
[2024-01-30T18:54:20.473+0000] {logging_mixin.py:120} INFO - [2024-01-30T18:54:20.473+0000] {dag.py:3340} INFO - Setting next_dagrun for example_task_group to 2024-01-29T18:54:20.473118+00:00, run_after=2024-01-30T18:54:20.473118+00:00
[2024-01-30T18:54:20.505+0000] {processor.py:176} INFO - Processing /home/airflow/.local/lib/python3.7/site-packages/airflow/example_dags/example_task_group.py took 0.200 seconds
[2024-01-30T18:54:50.636+0000] {processor.py:154} INFO - Started process (PID=774) to work on /home/airflow/.local/lib/python3.7/site-packages/airflow/example_dags/example_task_group.py
[2024-01-30T18:54:50.638+0000] {processor.py:756} INFO - Processing file /home/airflow/.local/lib/python3.7/site-packages/airflow/example_dags/example_task_group.py for tasks to queue
[2024-01-30T18:54:50.641+0000] {logging_mixin.py:120} INFO - [2024-01-30T18:54:50.640+0000] {dagbag.py:537} INFO - Filling up the DagBag from /home/airflow/.local/lib/python3.7/site-packages/airflow/example_dags/example_task_group.py
[2024-01-30T18:54:50.675+0000] {processor.py:766} INFO - DAG(s) dict_keys(['example_task_group']) retrieved from /home/airflow/.local/lib/python3.7/site-packages/airflow/example_dags/example_task_group.py
[2024-01-30T18:54:50.760+0000] {logging_mixin.py:120} INFO - [2024-01-30T18:54:50.760+0000] {dag.py:2585} INFO - Sync 1 DAGs
[2024-01-30T18:54:50.794+0000] {logging_mixin.py:120} INFO - [2024-01-30T18:54:50.793+0000] {dag.py:3340} INFO - Setting next_dagrun for example_task_group to 2024-01-29T18:54:50.793553+00:00, run_after=2024-01-30T18:54:50.793553+00:00
[2024-01-30T18:54:50.833+0000] {processor.py:176} INFO - Processing /home/airflow/.local/lib/python3.7/site-packages/airflow/example_dags/example_task_group.py took 0.206 seconds
[2024-01-30T18:55:21.454+0000] {processor.py:154} INFO - Started process (PID=829) to work on /home/airflow/.local/lib/python3.7/site-packages/airflow/example_dags/example_task_group.py
[2024-01-30T18:55:21.457+0000] {processor.py:756} INFO - Processing file /home/airflow/.local/lib/python3.7/site-packages/airflow/example_dags/example_task_group.py for tasks to queue
[2024-01-30T18:55:21.459+0000] {logging_mixin.py:120} INFO - [2024-01-30T18:55:21.459+0000] {dagbag.py:537} INFO - Filling up the DagBag from /home/airflow/.local/lib/python3.7/site-packages/airflow/example_dags/example_task_group.py
[2024-01-30T18:55:21.494+0000] {processor.py:766} INFO - DAG(s) dict_keys(['example_task_group']) retrieved from /home/airflow/.local/lib/python3.7/site-packages/airflow/example_dags/example_task_group.py
[2024-01-30T18:55:21.558+0000] {logging_mixin.py:120} INFO - [2024-01-30T18:55:21.558+0000] {dag.py:2585} INFO - Sync 1 DAGs
[2024-01-30T18:55:21.595+0000] {logging_mixin.py:120} INFO - [2024-01-30T18:55:21.595+0000] {dag.py:3340} INFO - Setting next_dagrun for example_task_group to 2024-01-29T18:55:21.595359+00:00, run_after=2024-01-30T18:55:21.595359+00:00
[2024-01-30T18:55:21.624+0000] {processor.py:176} INFO - Processing /home/airflow/.local/lib/python3.7/site-packages/airflow/example_dags/example_task_group.py took 0.177 seconds
[2024-01-30T18:55:51.964+0000] {processor.py:154} INFO - Started process (PID=892) to work on /home/airflow/.local/lib/python3.7/site-packages/airflow/example_dags/example_task_group.py
[2024-01-30T18:55:51.966+0000] {processor.py:756} INFO - Processing file /home/airflow/.local/lib/python3.7/site-packages/airflow/example_dags/example_task_group.py for tasks to queue
[2024-01-30T18:55:51.968+0000] {logging_mixin.py:120} INFO - [2024-01-30T18:55:51.968+0000] {dagbag.py:537} INFO - Filling up the DagBag from /home/airflow/.local/lib/python3.7/site-packages/airflow/example_dags/example_task_group.py
[2024-01-30T18:55:52.009+0000] {processor.py:766} INFO - DAG(s) dict_keys(['example_task_group']) retrieved from /home/airflow/.local/lib/python3.7/site-packages/airflow/example_dags/example_task_group.py
[2024-01-30T18:55:52.074+0000] {logging_mixin.py:120} INFO - [2024-01-30T18:55:52.074+0000] {dag.py:2585} INFO - Sync 1 DAGs
[2024-01-30T18:55:52.116+0000] {logging_mixin.py:120} INFO - [2024-01-30T18:55:52.116+0000] {dag.py:3340} INFO - Setting next_dagrun for example_task_group to 2024-01-29T18:55:52.115807+00:00, run_after=2024-01-30T18:55:52.115807+00:00
[2024-01-30T18:55:52.148+0000] {processor.py:176} INFO - Processing /home/airflow/.local/lib/python3.7/site-packages/airflow/example_dags/example_task_group.py took 0.193 seconds
[2024-01-30T18:56:22.267+0000] {processor.py:154} INFO - Started process (PID=947) to work on /home/airflow/.local/lib/python3.7/site-packages/airflow/example_dags/example_task_group.py
[2024-01-30T18:56:22.268+0000] {processor.py:756} INFO - Processing file /home/airflow/.local/lib/python3.7/site-packages/airflow/example_dags/example_task_group.py for tasks to queue
[2024-01-30T18:56:22.270+0000] {logging_mixin.py:120} INFO - [2024-01-30T18:56:22.269+0000] {dagbag.py:537} INFO - Filling up the DagBag from /home/airflow/.local/lib/python3.7/site-packages/airflow/example_dags/example_task_group.py
[2024-01-30T18:56:22.303+0000] {processor.py:766} INFO - DAG(s) dict_keys(['example_task_group']) retrieved from /home/airflow/.local/lib/python3.7/site-packages/airflow/example_dags/example_task_group.py
[2024-01-30T18:56:22.367+0000] {logging_mixin.py:120} INFO - [2024-01-30T18:56:22.367+0000] {dag.py:2585} INFO - Sync 1 DAGs
[2024-01-30T18:56:22.402+0000] {logging_mixin.py:120} INFO - [2024-01-30T18:56:22.402+0000] {dag.py:3340} INFO - Setting next_dagrun for example_task_group to 2024-01-29T18:56:22.402355+00:00, run_after=2024-01-30T18:56:22.402355+00:00
[2024-01-30T18:56:22.429+0000] {processor.py:176} INFO - Processing /home/airflow/.local/lib/python3.7/site-packages/airflow/example_dags/example_task_group.py took 0.169 seconds
[2024-01-30T18:56:52.921+0000] {processor.py:154} INFO - Started process (PID=1011) to work on /home/airflow/.local/lib/python3.7/site-packages/airflow/example_dags/example_task_group.py
[2024-01-30T18:56:52.925+0000] {processor.py:756} INFO - Processing file /home/airflow/.local/lib/python3.7/site-packages/airflow/example_dags/example_task_group.py for tasks to queue
[2024-01-30T18:56:52.927+0000] {logging_mixin.py:120} INFO - [2024-01-30T18:56:52.927+0000] {dagbag.py:537} INFO - Filling up the DagBag from /home/airflow/.local/lib/python3.7/site-packages/airflow/example_dags/example_task_group.py
[2024-01-30T18:56:52.962+0000] {processor.py:766} INFO - DAG(s) dict_keys(['example_task_group']) retrieved from /home/airflow/.local/lib/python3.7/site-packages/airflow/example_dags/example_task_group.py
[2024-01-30T18:56:53.030+0000] {logging_mixin.py:120} INFO - [2024-01-30T18:56:53.030+0000] {dag.py:2585} INFO - Sync 1 DAGs
[2024-01-30T18:56:53.068+0000] {logging_mixin.py:120} INFO - [2024-01-30T18:56:53.067+0000] {dag.py:3340} INFO - Setting next_dagrun for example_task_group to 2024-01-29T18:56:53.067381+00:00, run_after=2024-01-30T18:56:53.067381+00:00
[2024-01-30T18:56:53.098+0000] {processor.py:176} INFO - Processing /home/airflow/.local/lib/python3.7/site-packages/airflow/example_dags/example_task_group.py took 0.185 seconds
[2024-01-30T18:57:23.397+0000] {processor.py:154} INFO - Started process (PID=1075) to work on /home/airflow/.local/lib/python3.7/site-packages/airflow/example_dags/example_task_group.py
[2024-01-30T18:57:23.399+0000] {processor.py:756} INFO - Processing file /home/airflow/.local/lib/python3.7/site-packages/airflow/example_dags/example_task_group.py for tasks to queue
[2024-01-30T18:57:23.401+0000] {logging_mixin.py:120} INFO - [2024-01-30T18:57:23.401+0000] {dagbag.py:537} INFO - Filling up the DagBag from /home/airflow/.local/lib/python3.7/site-packages/airflow/example_dags/example_task_group.py
[2024-01-30T18:57:23.445+0000] {processor.py:766} INFO - DAG(s) dict_keys(['example_task_group']) retrieved from /home/airflow/.local/lib/python3.7/site-packages/airflow/example_dags/example_task_group.py
[2024-01-30T18:57:23.508+0000] {logging_mixin.py:120} INFO - [2024-01-30T18:57:23.508+0000] {dag.py:2585} INFO - Sync 1 DAGs
[2024-01-30T18:57:23.544+0000] {logging_mixin.py:120} INFO - [2024-01-30T18:57:23.544+0000] {dag.py:3340} INFO - Setting next_dagrun for example_task_group to 2024-01-29T18:57:23.544467+00:00, run_after=2024-01-30T18:57:23.544467+00:00
[2024-01-30T18:57:23.576+0000] {processor.py:176} INFO - Processing /home/airflow/.local/lib/python3.7/site-packages/airflow/example_dags/example_task_group.py took 0.193 seconds
[2024-01-30T18:57:53.919+0000] {processor.py:154} INFO - Started process (PID=1130) to work on /home/airflow/.local/lib/python3.7/site-packages/airflow/example_dags/example_task_group.py
[2024-01-30T18:57:53.926+0000] {processor.py:756} INFO - Processing file /home/airflow/.local/lib/python3.7/site-packages/airflow/example_dags/example_task_group.py for tasks to queue
[2024-01-30T18:57:53.929+0000] {logging_mixin.py:120} INFO - [2024-01-30T18:57:53.928+0000] {dagbag.py:537} INFO - Filling up the DagBag from /home/airflow/.local/lib/python3.7/site-packages/airflow/example_dags/example_task_group.py
[2024-01-30T18:57:53.986+0000] {processor.py:766} INFO - DAG(s) dict_keys(['example_task_group']) retrieved from /home/airflow/.local/lib/python3.7/site-packages/airflow/example_dags/example_task_group.py
[2024-01-30T18:57:54.069+0000] {logging_mixin.py:120} INFO - [2024-01-30T18:57:54.068+0000] {dag.py:2585} INFO - Sync 1 DAGs
[2024-01-30T18:57:54.125+0000] {logging_mixin.py:120} INFO - [2024-01-30T18:57:54.124+0000] {dag.py:3340} INFO - Setting next_dagrun for example_task_group to 2024-01-29T18:57:54.124485+00:00, run_after=2024-01-30T18:57:54.124485+00:00
[2024-01-30T18:57:54.170+0000] {processor.py:176} INFO - Processing /home/airflow/.local/lib/python3.7/site-packages/airflow/example_dags/example_task_group.py took 0.258 seconds
[2024-01-30T18:58:24.346+0000] {processor.py:154} INFO - Started process (PID=1194) to work on /home/airflow/.local/lib/python3.7/site-packages/airflow/example_dags/example_task_group.py
[2024-01-30T18:58:24.348+0000] {processor.py:756} INFO - Processing file /home/airflow/.local/lib/python3.7/site-packages/airflow/example_dags/example_task_group.py for tasks to queue
[2024-01-30T18:58:24.350+0000] {logging_mixin.py:120} INFO - [2024-01-30T18:58:24.349+0000] {dagbag.py:537} INFO - Filling up the DagBag from /home/airflow/.local/lib/python3.7/site-packages/airflow/example_dags/example_task_group.py
[2024-01-30T18:58:24.382+0000] {processor.py:766} INFO - DAG(s) dict_keys(['example_task_group']) retrieved from /home/airflow/.local/lib/python3.7/site-packages/airflow/example_dags/example_task_group.py
[2024-01-30T18:58:24.453+0000] {logging_mixin.py:120} INFO - [2024-01-30T18:58:24.453+0000] {dag.py:2585} INFO - Sync 1 DAGs
[2024-01-30T18:58:24.494+0000] {logging_mixin.py:120} INFO - [2024-01-30T18:58:24.494+0000] {dag.py:3340} INFO - Setting next_dagrun for example_task_group to 2024-01-29T18:58:24.494004+00:00, run_after=2024-01-30T18:58:24.494004+00:00
[2024-01-30T18:58:24.535+0000] {processor.py:176} INFO - Processing /home/airflow/.local/lib/python3.7/site-packages/airflow/example_dags/example_task_group.py took 0.198 seconds
[2024-01-30T18:58:55.074+0000] {processor.py:154} INFO - Started process (PID=1256) to work on /home/airflow/.local/lib/python3.7/site-packages/airflow/example_dags/example_task_group.py
[2024-01-30T18:58:55.077+0000] {processor.py:756} INFO - Processing file /home/airflow/.local/lib/python3.7/site-packages/airflow/example_dags/example_task_group.py for tasks to queue
[2024-01-30T18:58:55.079+0000] {logging_mixin.py:120} INFO - [2024-01-30T18:58:55.079+0000] {dagbag.py:537} INFO - Filling up the DagBag from /home/airflow/.local/lib/python3.7/site-packages/airflow/example_dags/example_task_group.py
[2024-01-30T18:58:55.127+0000] {processor.py:766} INFO - DAG(s) dict_keys(['example_task_group']) retrieved from /home/airflow/.local/lib/python3.7/site-packages/airflow/example_dags/example_task_group.py
[2024-01-30T18:58:55.271+0000] {logging_mixin.py:120} INFO - [2024-01-30T18:58:55.271+0000] {dag.py:2585} INFO - Sync 1 DAGs
[2024-01-30T18:58:55.334+0000] {logging_mixin.py:120} INFO - [2024-01-30T18:58:55.333+0000] {dag.py:3340} INFO - Setting next_dagrun for example_task_group to 2024-01-29T18:58:55.333115+00:00, run_after=2024-01-30T18:58:55.333115+00:00
[2024-01-30T18:58:55.360+0000] {processor.py:176} INFO - Processing /home/airflow/.local/lib/python3.7/site-packages/airflow/example_dags/example_task_group.py took 0.294 seconds
[2024-01-30T18:59:25.429+0000] {processor.py:154} INFO - Started process (PID=1312) to work on /home/airflow/.local/lib/python3.7/site-packages/airflow/example_dags/example_task_group.py
[2024-01-30T18:59:25.430+0000] {processor.py:756} INFO - Processing file /home/airflow/.local/lib/python3.7/site-packages/airflow/example_dags/example_task_group.py for tasks to queue
[2024-01-30T18:59:25.432+0000] {logging_mixin.py:120} INFO - [2024-01-30T18:59:25.431+0000] {dagbag.py:537} INFO - Filling up the DagBag from /home/airflow/.local/lib/python3.7/site-packages/airflow/example_dags/example_task_group.py
[2024-01-30T18:59:25.461+0000] {processor.py:766} INFO - DAG(s) dict_keys(['example_task_group']) retrieved from /home/airflow/.local/lib/python3.7/site-packages/airflow/example_dags/example_task_group.py
[2024-01-30T18:59:25.530+0000] {logging_mixin.py:120} INFO - [2024-01-30T18:59:25.530+0000] {dag.py:2585} INFO - Sync 1 DAGs
[2024-01-30T18:59:25.576+0000] {logging_mixin.py:120} INFO - [2024-01-30T18:59:25.575+0000] {dag.py:3340} INFO - Setting next_dagrun for example_task_group to 2024-01-29T18:59:25.575485+00:00, run_after=2024-01-30T18:59:25.575485+00:00
[2024-01-30T18:59:25.611+0000] {processor.py:176} INFO - Processing /home/airflow/.local/lib/python3.7/site-packages/airflow/example_dags/example_task_group.py took 0.190 seconds
[2024-01-30T18:59:56.832+0000] {processor.py:154} INFO - Started process (PID=1377) to work on /home/airflow/.local/lib/python3.7/site-packages/airflow/example_dags/example_task_group.py
[2024-01-30T18:59:56.834+0000] {processor.py:756} INFO - Processing file /home/airflow/.local/lib/python3.7/site-packages/airflow/example_dags/example_task_group.py for tasks to queue
[2024-01-30T18:59:56.836+0000] {logging_mixin.py:120} INFO - [2024-01-30T18:59:56.836+0000] {dagbag.py:537} INFO - Filling up the DagBag from /home/airflow/.local/lib/python3.7/site-packages/airflow/example_dags/example_task_group.py
[2024-01-30T18:59:56.862+0000] {processor.py:766} INFO - DAG(s) dict_keys(['example_task_group']) retrieved from /home/airflow/.local/lib/python3.7/site-packages/airflow/example_dags/example_task_group.py
[2024-01-30T18:59:56.940+0000] {logging_mixin.py:120} INFO - [2024-01-30T18:59:56.940+0000] {dag.py:2585} INFO - Sync 1 DAGs
[2024-01-30T18:59:56.990+0000] {logging_mixin.py:120} INFO - [2024-01-30T18:59:56.990+0000] {dag.py:3340} INFO - Setting next_dagrun for example_task_group to 2024-01-29T18:59:56.989639+00:00, run_after=2024-01-30T18:59:56.989639+00:00
[2024-01-30T18:59:57.034+0000] {processor.py:176} INFO - Processing /home/airflow/.local/lib/python3.7/site-packages/airflow/example_dags/example_task_group.py took 0.207 seconds
[2024-01-30T19:00:27.652+0000] {processor.py:154} INFO - Started process (PID=1432) to work on /home/airflow/.local/lib/python3.7/site-packages/airflow/example_dags/example_task_group.py
[2024-01-30T19:00:27.654+0000] {processor.py:756} INFO - Processing file /home/airflow/.local/lib/python3.7/site-packages/airflow/example_dags/example_task_group.py for tasks to queue
[2024-01-30T19:00:27.655+0000] {logging_mixin.py:120} INFO - [2024-01-30T19:00:27.655+0000] {dagbag.py:537} INFO - Filling up the DagBag from /home/airflow/.local/lib/python3.7/site-packages/airflow/example_dags/example_task_group.py
[2024-01-30T19:00:27.677+0000] {processor.py:766} INFO - DAG(s) dict_keys(['example_task_group']) retrieved from /home/airflow/.local/lib/python3.7/site-packages/airflow/example_dags/example_task_group.py
[2024-01-30T19:00:27.730+0000] {logging_mixin.py:120} INFO - [2024-01-30T19:00:27.730+0000] {dag.py:2585} INFO - Sync 1 DAGs
[2024-01-30T19:00:27.769+0000] {logging_mixin.py:120} INFO - [2024-01-30T19:00:27.769+0000] {dag.py:3340} INFO - Setting next_dagrun for example_task_group to 2024-01-29T19:00:27.768555+00:00, run_after=2024-01-30T19:00:27.768555+00:00
[2024-01-30T19:00:27.809+0000] {processor.py:176} INFO - Processing /home/airflow/.local/lib/python3.7/site-packages/airflow/example_dags/example_task_group.py took 0.162 seconds
[2024-01-30T19:00:58.155+0000] {processor.py:154} INFO - Started process (PID=1496) to work on /home/airflow/.local/lib/python3.7/site-packages/airflow/example_dags/example_task_group.py
[2024-01-30T19:00:58.157+0000] {processor.py:756} INFO - Processing file /home/airflow/.local/lib/python3.7/site-packages/airflow/example_dags/example_task_group.py for tasks to queue
[2024-01-30T19:00:58.159+0000] {logging_mixin.py:120} INFO - [2024-01-30T19:00:58.158+0000] {dagbag.py:537} INFO - Filling up the DagBag from /home/airflow/.local/lib/python3.7/site-packages/airflow/example_dags/example_task_group.py
[2024-01-30T19:00:58.231+0000] {processor.py:766} INFO - DAG(s) dict_keys(['example_task_group']) retrieved from /home/airflow/.local/lib/python3.7/site-packages/airflow/example_dags/example_task_group.py
[2024-01-30T19:00:58.323+0000] {logging_mixin.py:120} INFO - [2024-01-30T19:00:58.323+0000] {dag.py:2585} INFO - Sync 1 DAGs
[2024-01-30T19:00:58.357+0000] {logging_mixin.py:120} INFO - [2024-01-30T19:00:58.357+0000] {dag.py:3340} INFO - Setting next_dagrun for example_task_group to 2024-01-29T19:00:58.357069+00:00, run_after=2024-01-30T19:00:58.357069+00:00
[2024-01-30T19:00:58.382+0000] {processor.py:176} INFO - Processing /home/airflow/.local/lib/python3.7/site-packages/airflow/example_dags/example_task_group.py took 0.234 seconds
[2024-01-30T19:01:28.483+0000] {processor.py:154} INFO - Started process (PID=1560) to work on /home/airflow/.local/lib/python3.7/site-packages/airflow/example_dags/example_task_group.py
[2024-01-30T19:01:28.485+0000] {processor.py:756} INFO - Processing file /home/airflow/.local/lib/python3.7/site-packages/airflow/example_dags/example_task_group.py for tasks to queue
[2024-01-30T19:01:28.487+0000] {logging_mixin.py:120} INFO - [2024-01-30T19:01:28.486+0000] {dagbag.py:537} INFO - Filling up the DagBag from /home/airflow/.local/lib/python3.7/site-packages/airflow/example_dags/example_task_group.py
[2024-01-30T19:01:28.517+0000] {processor.py:766} INFO - DAG(s) dict_keys(['example_task_group']) retrieved from /home/airflow/.local/lib/python3.7/site-packages/airflow/example_dags/example_task_group.py
[2024-01-30T19:01:28.594+0000] {logging_mixin.py:120} INFO - [2024-01-30T19:01:28.593+0000] {dag.py:2585} INFO - Sync 1 DAGs
[2024-01-30T19:01:28.645+0000] {logging_mixin.py:120} INFO - [2024-01-30T19:01:28.645+0000] {dag.py:3340} INFO - Setting next_dagrun for example_task_group to 2024-01-29T19:01:28.644682+00:00, run_after=2024-01-30T19:01:28.644682+00:00
[2024-01-30T19:01:28.679+0000] {processor.py:176} INFO - Processing /home/airflow/.local/lib/python3.7/site-packages/airflow/example_dags/example_task_group.py took 0.201 seconds
[2024-01-30T19:01:58.787+0000] {processor.py:154} INFO - Started process (PID=1616) to work on /home/airflow/.local/lib/python3.7/site-packages/airflow/example_dags/example_task_group.py
[2024-01-30T19:01:58.789+0000] {processor.py:756} INFO - Processing file /home/airflow/.local/lib/python3.7/site-packages/airflow/example_dags/example_task_group.py for tasks to queue
[2024-01-30T19:01:58.791+0000] {logging_mixin.py:120} INFO - [2024-01-30T19:01:58.791+0000] {dagbag.py:537} INFO - Filling up the DagBag from /home/airflow/.local/lib/python3.7/site-packages/airflow/example_dags/example_task_group.py
[2024-01-30T19:01:58.822+0000] {processor.py:766} INFO - DAG(s) dict_keys(['example_task_group']) retrieved from /home/airflow/.local/lib/python3.7/site-packages/airflow/example_dags/example_task_group.py
[2024-01-30T19:01:58.885+0000] {logging_mixin.py:120} INFO - [2024-01-30T19:01:58.884+0000] {dag.py:2585} INFO - Sync 1 DAGs
[2024-01-30T19:01:58.925+0000] {logging_mixin.py:120} INFO - [2024-01-30T19:01:58.925+0000] {dag.py:3340} INFO - Setting next_dagrun for example_task_group to 2024-01-29T19:01:58.924777+00:00, run_after=2024-01-30T19:01:58.924777+00:00
[2024-01-30T19:01:58.959+0000] {processor.py:176} INFO - Processing /home/airflow/.local/lib/python3.7/site-packages/airflow/example_dags/example_task_group.py took 0.180 seconds
[2024-01-30T19:02:29.646+0000] {processor.py:154} INFO - Started process (PID=1680) to work on /home/airflow/.local/lib/python3.7/site-packages/airflow/example_dags/example_task_group.py
[2024-01-30T19:02:29.648+0000] {processor.py:756} INFO - Processing file /home/airflow/.local/lib/python3.7/site-packages/airflow/example_dags/example_task_group.py for tasks to queue
[2024-01-30T19:02:29.650+0000] {logging_mixin.py:120} INFO - [2024-01-30T19:02:29.650+0000] {dagbag.py:537} INFO - Filling up the DagBag from /home/airflow/.local/lib/python3.7/site-packages/airflow/example_dags/example_task_group.py
[2024-01-30T19:02:29.687+0000] {processor.py:766} INFO - DAG(s) dict_keys(['example_task_group']) retrieved from /home/airflow/.local/lib/python3.7/site-packages/airflow/example_dags/example_task_group.py
[2024-01-30T19:02:29.759+0000] {logging_mixin.py:120} INFO - [2024-01-30T19:02:29.758+0000] {dag.py:2585} INFO - Sync 1 DAGs
[2024-01-30T19:02:29.802+0000] {logging_mixin.py:120} INFO - [2024-01-30T19:02:29.802+0000] {dag.py:3340} INFO - Setting next_dagrun for example_task_group to 2024-01-29T19:02:29.801725+00:00, run_after=2024-01-30T19:02:29.801725+00:00
[2024-01-30T19:02:29.836+0000] {processor.py:176} INFO - Processing /home/airflow/.local/lib/python3.7/site-packages/airflow/example_dags/example_task_group.py took 0.198 seconds
[2024-01-30T19:02:59.892+0000] {processor.py:154} INFO - Started process (PID=1736) to work on /home/airflow/.local/lib/python3.7/site-packages/airflow/example_dags/example_task_group.py
[2024-01-30T19:02:59.895+0000] {processor.py:756} INFO - Processing file /home/airflow/.local/lib/python3.7/site-packages/airflow/example_dags/example_task_group.py for tasks to queue
[2024-01-30T19:02:59.897+0000] {logging_mixin.py:120} INFO - [2024-01-30T19:02:59.896+0000] {dagbag.py:537} INFO - Filling up the DagBag from /home/airflow/.local/lib/python3.7/site-packages/airflow/example_dags/example_task_group.py
[2024-01-30T19:02:59.933+0000] {processor.py:766} INFO - DAG(s) dict_keys(['example_task_group']) retrieved from /home/airflow/.local/lib/python3.7/site-packages/airflow/example_dags/example_task_group.py
[2024-01-30T19:03:00.001+0000] {logging_mixin.py:120} INFO - [2024-01-30T19:03:00.001+0000] {dag.py:2585} INFO - Sync 1 DAGs
[2024-01-30T19:03:00.045+0000] {logging_mixin.py:120} INFO - [2024-01-30T19:03:00.045+0000] {dag.py:3340} INFO - Setting next_dagrun for example_task_group to 2024-01-29T19:03:00.044914+00:00, run_after=2024-01-30T19:03:00.044914+00:00
[2024-01-30T19:03:00.082+0000] {processor.py:176} INFO - Processing /home/airflow/.local/lib/python3.7/site-packages/airflow/example_dags/example_task_group.py took 0.199 seconds
[2024-01-30T19:03:30.518+0000] {processor.py:154} INFO - Started process (PID=1800) to work on /home/airflow/.local/lib/python3.7/site-packages/airflow/example_dags/example_task_group.py
[2024-01-30T19:03:30.521+0000] {processor.py:756} INFO - Processing file /home/airflow/.local/lib/python3.7/site-packages/airflow/example_dags/example_task_group.py for tasks to queue
[2024-01-30T19:03:30.524+0000] {logging_mixin.py:120} INFO - [2024-01-30T19:03:30.524+0000] {dagbag.py:537} INFO - Filling up the DagBag from /home/airflow/.local/lib/python3.7/site-packages/airflow/example_dags/example_task_group.py
[2024-01-30T19:03:30.561+0000] {processor.py:766} INFO - DAG(s) dict_keys(['example_task_group']) retrieved from /home/airflow/.local/lib/python3.7/site-packages/airflow/example_dags/example_task_group.py
[2024-01-30T19:03:30.633+0000] {logging_mixin.py:120} INFO - [2024-01-30T19:03:30.633+0000] {dag.py:2585} INFO - Sync 1 DAGs
[2024-01-30T19:03:30.672+0000] {logging_mixin.py:120} INFO - [2024-01-30T19:03:30.672+0000] {dag.py:3340} INFO - Setting next_dagrun for example_task_group to 2024-01-29T19:03:30.672302+00:00, run_after=2024-01-30T19:03:30.672302+00:00
[2024-01-30T19:03:30.700+0000] {processor.py:176} INFO - Processing /home/airflow/.local/lib/python3.7/site-packages/airflow/example_dags/example_task_group.py took 0.192 seconds
[2024-01-30T19:04:01.329+0000] {processor.py:154} INFO - Started process (PID=1863) to work on /home/airflow/.local/lib/python3.7/site-packages/airflow/example_dags/example_task_group.py
[2024-01-30T19:04:01.331+0000] {processor.py:756} INFO - Processing file /home/airflow/.local/lib/python3.7/site-packages/airflow/example_dags/example_task_group.py for tasks to queue
[2024-01-30T19:04:01.332+0000] {logging_mixin.py:120} INFO - [2024-01-30T19:04:01.332+0000] {dagbag.py:537} INFO - Filling up the DagBag from /home/airflow/.local/lib/python3.7/site-packages/airflow/example_dags/example_task_group.py
[2024-01-30T19:04:01.363+0000] {processor.py:766} INFO - DAG(s) dict_keys(['example_task_group']) retrieved from /home/airflow/.local/lib/python3.7/site-packages/airflow/example_dags/example_task_group.py
[2024-01-30T19:04:01.425+0000] {logging_mixin.py:120} INFO - [2024-01-30T19:04:01.425+0000] {dag.py:2585} INFO - Sync 1 DAGs
[2024-01-30T19:04:01.467+0000] {logging_mixin.py:120} INFO - [2024-01-30T19:04:01.466+0000] {dag.py:3340} INFO - Setting next_dagrun for example_task_group to 2024-01-29T19:04:01.466441+00:00, run_after=2024-01-30T19:04:01.466441+00:00
[2024-01-30T19:04:01.502+0000] {processor.py:176} INFO - Processing /home/airflow/.local/lib/python3.7/site-packages/airflow/example_dags/example_task_group.py took 0.180 seconds
[2024-01-30T19:04:31.633+0000] {processor.py:154} INFO - Started process (PID=1918) to work on /home/airflow/.local/lib/python3.7/site-packages/airflow/example_dags/example_task_group.py
[2024-01-30T19:04:31.634+0000] {processor.py:756} INFO - Processing file /home/airflow/.local/lib/python3.7/site-packages/airflow/example_dags/example_task_group.py for tasks to queue
[2024-01-30T19:04:31.636+0000] {logging_mixin.py:120} INFO - [2024-01-30T19:04:31.636+0000] {dagbag.py:537} INFO - Filling up the DagBag from /home/airflow/.local/lib/python3.7/site-packages/airflow/example_dags/example_task_group.py
[2024-01-30T19:04:31.660+0000] {processor.py:766} INFO - DAG(s) dict_keys(['example_task_group']) retrieved from /home/airflow/.local/lib/python3.7/site-packages/airflow/example_dags/example_task_group.py
[2024-01-30T19:04:31.723+0000] {logging_mixin.py:120} INFO - [2024-01-30T19:04:31.723+0000] {dag.py:2585} INFO - Sync 1 DAGs
[2024-01-30T19:04:31.767+0000] {logging_mixin.py:120} INFO - [2024-01-30T19:04:31.767+0000] {dag.py:3340} INFO - Setting next_dagrun for example_task_group to 2024-01-29T19:04:31.766959+00:00, run_after=2024-01-30T19:04:31.766959+00:00
[2024-01-30T19:04:31.806+0000] {processor.py:176} INFO - Processing /home/airflow/.local/lib/python3.7/site-packages/airflow/example_dags/example_task_group.py took 0.179 seconds
[2024-01-30T19:05:02.150+0000] {processor.py:154} INFO - Started process (PID=1982) to work on /home/airflow/.local/lib/python3.7/site-packages/airflow/example_dags/example_task_group.py
[2024-01-30T19:05:02.152+0000] {processor.py:756} INFO - Processing file /home/airflow/.local/lib/python3.7/site-packages/airflow/example_dags/example_task_group.py for tasks to queue
[2024-01-30T19:05:02.156+0000] {logging_mixin.py:120} INFO - [2024-01-30T19:05:02.155+0000] {dagbag.py:537} INFO - Filling up the DagBag from /home/airflow/.local/lib/python3.7/site-packages/airflow/example_dags/example_task_group.py
[2024-01-30T19:05:02.203+0000] {processor.py:766} INFO - DAG(s) dict_keys(['example_task_group']) retrieved from /home/airflow/.local/lib/python3.7/site-packages/airflow/example_dags/example_task_group.py
[2024-01-30T19:05:02.301+0000] {logging_mixin.py:120} INFO - [2024-01-30T19:05:02.301+0000] {dag.py:2585} INFO - Sync 1 DAGs
[2024-01-30T19:05:02.344+0000] {logging_mixin.py:120} INFO - [2024-01-30T19:05:02.344+0000] {dag.py:3340} INFO - Setting next_dagrun for example_task_group to 2024-01-29T19:05:02.344347+00:00, run_after=2024-01-30T19:05:02.344347+00:00
[2024-01-30T19:05:02.378+0000] {processor.py:176} INFO - Processing /home/airflow/.local/lib/python3.7/site-packages/airflow/example_dags/example_task_group.py took 0.235 seconds
[2024-01-30T19:05:32.586+0000] {processor.py:154} INFO - Started process (PID=2044) to work on /home/airflow/.local/lib/python3.7/site-packages/airflow/example_dags/example_task_group.py
[2024-01-30T19:05:32.589+0000] {processor.py:756} INFO - Processing file /home/airflow/.local/lib/python3.7/site-packages/airflow/example_dags/example_task_group.py for tasks to queue
[2024-01-30T19:05:32.592+0000] {logging_mixin.py:120} INFO - [2024-01-30T19:05:32.591+0000] {dagbag.py:537} INFO - Filling up the DagBag from /home/airflow/.local/lib/python3.7/site-packages/airflow/example_dags/example_task_group.py
[2024-01-30T19:05:32.639+0000] {processor.py:766} INFO - DAG(s) dict_keys(['example_task_group']) retrieved from /home/airflow/.local/lib/python3.7/site-packages/airflow/example_dags/example_task_group.py
[2024-01-30T19:05:32.732+0000] {logging_mixin.py:120} INFO - [2024-01-30T19:05:32.731+0000] {dag.py:2585} INFO - Sync 1 DAGs
[2024-01-30T19:05:32.798+0000] {logging_mixin.py:120} INFO - [2024-01-30T19:05:32.797+0000] {dag.py:3340} INFO - Setting next_dagrun for example_task_group to 2024-01-29T19:05:32.797411+00:00, run_after=2024-01-30T19:05:32.797411+00:00
[2024-01-30T19:05:32.846+0000] {processor.py:176} INFO - Processing /home/airflow/.local/lib/python3.7/site-packages/airflow/example_dags/example_task_group.py took 0.267 seconds
[2024-01-30T19:06:03.096+0000] {processor.py:154} INFO - Started process (PID=2102) to work on /home/airflow/.local/lib/python3.7/site-packages/airflow/example_dags/example_task_group.py
[2024-01-30T19:06:03.098+0000] {processor.py:756} INFO - Processing file /home/airflow/.local/lib/python3.7/site-packages/airflow/example_dags/example_task_group.py for tasks to queue
[2024-01-30T19:06:03.099+0000] {logging_mixin.py:120} INFO - [2024-01-30T19:06:03.099+0000] {dagbag.py:537} INFO - Filling up the DagBag from /home/airflow/.local/lib/python3.7/site-packages/airflow/example_dags/example_task_group.py
[2024-01-30T19:06:03.148+0000] {processor.py:766} INFO - DAG(s) dict_keys(['example_task_group']) retrieved from /home/airflow/.local/lib/python3.7/site-packages/airflow/example_dags/example_task_group.py
[2024-01-30T19:06:03.223+0000] {logging_mixin.py:120} INFO - [2024-01-30T19:06:03.222+0000] {dag.py:2585} INFO - Sync 1 DAGs
[2024-01-30T19:06:03.305+0000] {logging_mixin.py:120} INFO - [2024-01-30T19:06:03.305+0000] {dag.py:3340} INFO - Setting next_dagrun for example_task_group to 2024-01-29T19:06:03.304868+00:00, run_after=2024-01-30T19:06:03.304868+00:00
[2024-01-30T19:06:03.340+0000] {processor.py:176} INFO - Processing /home/airflow/.local/lib/python3.7/site-packages/airflow/example_dags/example_task_group.py took 0.257 seconds
[2024-01-30T19:06:33.578+0000] {processor.py:154} INFO - Started process (PID=2167) to work on /home/airflow/.local/lib/python3.7/site-packages/airflow/example_dags/example_task_group.py
[2024-01-30T19:06:33.580+0000] {processor.py:756} INFO - Processing file /home/airflow/.local/lib/python3.7/site-packages/airflow/example_dags/example_task_group.py for tasks to queue
[2024-01-30T19:06:33.582+0000] {logging_mixin.py:120} INFO - [2024-01-30T19:06:33.581+0000] {dagbag.py:537} INFO - Filling up the DagBag from /home/airflow/.local/lib/python3.7/site-packages/airflow/example_dags/example_task_group.py
[2024-01-30T19:06:33.617+0000] {processor.py:766} INFO - DAG(s) dict_keys(['example_task_group']) retrieved from /home/airflow/.local/lib/python3.7/site-packages/airflow/example_dags/example_task_group.py
[2024-01-30T19:06:33.704+0000] {logging_mixin.py:120} INFO - [2024-01-30T19:06:33.704+0000] {dag.py:2585} INFO - Sync 1 DAGs
[2024-01-30T19:06:33.759+0000] {logging_mixin.py:120} INFO - [2024-01-30T19:06:33.759+0000] {dag.py:3340} INFO - Setting next_dagrun for example_task_group to 2024-01-29T19:06:33.758740+00:00, run_after=2024-01-30T19:06:33.758740+00:00
[2024-01-30T19:06:33.787+0000] {processor.py:176} INFO - Processing /home/airflow/.local/lib/python3.7/site-packages/airflow/example_dags/example_task_group.py took 0.222 seconds
[2024-01-30T19:07:03.988+0000] {processor.py:154} INFO - Started process (PID=2222) to work on /home/airflow/.local/lib/python3.7/site-packages/airflow/example_dags/example_task_group.py
[2024-01-30T19:07:03.990+0000] {processor.py:756} INFO - Processing file /home/airflow/.local/lib/python3.7/site-packages/airflow/example_dags/example_task_group.py for tasks to queue
[2024-01-30T19:07:03.992+0000] {logging_mixin.py:120} INFO - [2024-01-30T19:07:03.992+0000] {dagbag.py:537} INFO - Filling up the DagBag from /home/airflow/.local/lib/python3.7/site-packages/airflow/example_dags/example_task_group.py
[2024-01-30T19:07:04.038+0000] {processor.py:766} INFO - DAG(s) dict_keys(['example_task_group']) retrieved from /home/airflow/.local/lib/python3.7/site-packages/airflow/example_dags/example_task_group.py
[2024-01-30T19:07:04.120+0000] {logging_mixin.py:120} INFO - [2024-01-30T19:07:04.119+0000] {dag.py:2585} INFO - Sync 1 DAGs
[2024-01-30T19:07:04.182+0000] {logging_mixin.py:120} INFO - [2024-01-30T19:07:04.181+0000] {dag.py:3340} INFO - Setting next_dagrun for example_task_group to 2024-01-29T19:07:04.181212+00:00, run_after=2024-01-30T19:07:04.181212+00:00
[2024-01-30T19:07:04.213+0000] {processor.py:176} INFO - Processing /home/airflow/.local/lib/python3.7/site-packages/airflow/example_dags/example_task_group.py took 0.238 seconds
[2024-01-30T19:07:34.295+0000] {processor.py:154} INFO - Started process (PID=2286) to work on /home/airflow/.local/lib/python3.7/site-packages/airflow/example_dags/example_task_group.py
[2024-01-30T19:07:34.298+0000] {processor.py:756} INFO - Processing file /home/airflow/.local/lib/python3.7/site-packages/airflow/example_dags/example_task_group.py for tasks to queue
[2024-01-30T19:07:34.300+0000] {logging_mixin.py:120} INFO - [2024-01-30T19:07:34.299+0000] {dagbag.py:537} INFO - Filling up the DagBag from /home/airflow/.local/lib/python3.7/site-packages/airflow/example_dags/example_task_group.py
[2024-01-30T19:07:34.341+0000] {processor.py:766} INFO - DAG(s) dict_keys(['example_task_group']) retrieved from /home/airflow/.local/lib/python3.7/site-packages/airflow/example_dags/example_task_group.py
[2024-01-30T19:07:34.420+0000] {logging_mixin.py:120} INFO - [2024-01-30T19:07:34.420+0000] {dag.py:2585} INFO - Sync 1 DAGs
[2024-01-30T19:07:34.500+0000] {logging_mixin.py:120} INFO - [2024-01-30T19:07:34.500+0000] {dag.py:3340} INFO - Setting next_dagrun for example_task_group to 2024-01-29T19:07:34.499621+00:00, run_after=2024-01-30T19:07:34.499621+00:00
[2024-01-30T19:07:34.552+0000] {processor.py:176} INFO - Processing /home/airflow/.local/lib/python3.7/site-packages/airflow/example_dags/example_task_group.py took 0.267 seconds
[2024-01-30T19:08:05.053+0000] {processor.py:154} INFO - Started process (PID=2349) to work on /home/airflow/.local/lib/python3.7/site-packages/airflow/example_dags/example_task_group.py
[2024-01-30T19:08:05.059+0000] {processor.py:756} INFO - Processing file /home/airflow/.local/lib/python3.7/site-packages/airflow/example_dags/example_task_group.py for tasks to queue
[2024-01-30T19:08:05.071+0000] {logging_mixin.py:120} INFO - [2024-01-30T19:08:05.071+0000] {dagbag.py:537} INFO - Filling up the DagBag from /home/airflow/.local/lib/python3.7/site-packages/airflow/example_dags/example_task_group.py
[2024-01-30T19:08:05.100+0000] {processor.py:766} INFO - DAG(s) dict_keys(['example_task_group']) retrieved from /home/airflow/.local/lib/python3.7/site-packages/airflow/example_dags/example_task_group.py
[2024-01-30T19:08:05.162+0000] {logging_mixin.py:120} INFO - [2024-01-30T19:08:05.161+0000] {dag.py:2585} INFO - Sync 1 DAGs
[2024-01-30T19:08:05.198+0000] {logging_mixin.py:120} INFO - [2024-01-30T19:08:05.198+0000] {dag.py:3340} INFO - Setting next_dagrun for example_task_group to 2024-01-29T19:08:05.197930+00:00, run_after=2024-01-30T19:08:05.197930+00:00
[2024-01-30T19:08:05.226+0000] {processor.py:176} INFO - Processing /home/airflow/.local/lib/python3.7/site-packages/airflow/example_dags/example_task_group.py took 0.179 seconds
[2024-01-30T19:08:35.537+0000] {processor.py:154} INFO - Started process (PID=2406) to work on /home/airflow/.local/lib/python3.7/site-packages/airflow/example_dags/example_task_group.py
[2024-01-30T19:08:35.540+0000] {processor.py:756} INFO - Processing file /home/airflow/.local/lib/python3.7/site-packages/airflow/example_dags/example_task_group.py for tasks to queue
[2024-01-30T19:08:35.542+0000] {logging_mixin.py:120} INFO - [2024-01-30T19:08:35.542+0000] {dagbag.py:537} INFO - Filling up the DagBag from /home/airflow/.local/lib/python3.7/site-packages/airflow/example_dags/example_task_group.py
[2024-01-30T19:08:35.572+0000] {processor.py:766} INFO - DAG(s) dict_keys(['example_task_group']) retrieved from /home/airflow/.local/lib/python3.7/site-packages/airflow/example_dags/example_task_group.py
[2024-01-30T19:08:35.639+0000] {logging_mixin.py:120} INFO - [2024-01-30T19:08:35.639+0000] {dag.py:2585} INFO - Sync 1 DAGs
[2024-01-30T19:08:35.679+0000] {logging_mixin.py:120} INFO - [2024-01-30T19:08:35.679+0000] {dag.py:3340} INFO - Setting next_dagrun for example_task_group to 2024-01-29T19:08:35.678940+00:00, run_after=2024-01-30T19:08:35.678940+00:00
[2024-01-30T19:08:35.706+0000] {processor.py:176} INFO - Processing /home/airflow/.local/lib/python3.7/site-packages/airflow/example_dags/example_task_group.py took 0.175 seconds
[2024-01-30T19:09:06.026+0000] {processor.py:154} INFO - Started process (PID=2471) to work on /home/airflow/.local/lib/python3.7/site-packages/airflow/example_dags/example_task_group.py
[2024-01-30T19:09:06.028+0000] {processor.py:756} INFO - Processing file /home/airflow/.local/lib/python3.7/site-packages/airflow/example_dags/example_task_group.py for tasks to queue
[2024-01-30T19:09:06.029+0000] {logging_mixin.py:120} INFO - [2024-01-30T19:09:06.029+0000] {dagbag.py:537} INFO - Filling up the DagBag from /home/airflow/.local/lib/python3.7/site-packages/airflow/example_dags/example_task_group.py
[2024-01-30T19:09:06.057+0000] {processor.py:766} INFO - DAG(s) dict_keys(['example_task_group']) retrieved from /home/airflow/.local/lib/python3.7/site-packages/airflow/example_dags/example_task_group.py
[2024-01-30T19:09:06.116+0000] {logging_mixin.py:120} INFO - [2024-01-30T19:09:06.116+0000] {dag.py:2585} INFO - Sync 1 DAGs
[2024-01-30T19:09:06.148+0000] {logging_mixin.py:120} INFO - [2024-01-30T19:09:06.148+0000] {dag.py:3340} INFO - Setting next_dagrun for example_task_group to 2024-01-29T19:09:06.148250+00:00, run_after=2024-01-30T19:09:06.148250+00:00
[2024-01-30T19:09:06.175+0000] {processor.py:176} INFO - Processing /home/airflow/.local/lib/python3.7/site-packages/airflow/example_dags/example_task_group.py took 0.155 seconds
[2024-01-30T19:09:36.691+0000] {processor.py:154} INFO - Started process (PID=2530) to work on /home/airflow/.local/lib/python3.7/site-packages/airflow/example_dags/example_task_group.py
[2024-01-30T19:09:36.693+0000] {processor.py:756} INFO - Processing file /home/airflow/.local/lib/python3.7/site-packages/airflow/example_dags/example_task_group.py for tasks to queue
[2024-01-30T19:09:36.695+0000] {logging_mixin.py:120} INFO - [2024-01-30T19:09:36.694+0000] {dagbag.py:537} INFO - Filling up the DagBag from /home/airflow/.local/lib/python3.7/site-packages/airflow/example_dags/example_task_group.py
[2024-01-30T19:09:36.731+0000] {processor.py:766} INFO - DAG(s) dict_keys(['example_task_group']) retrieved from /home/airflow/.local/lib/python3.7/site-packages/airflow/example_dags/example_task_group.py
[2024-01-30T19:09:36.787+0000] {logging_mixin.py:120} INFO - [2024-01-30T19:09:36.787+0000] {dag.py:2585} INFO - Sync 1 DAGs
[2024-01-30T19:09:36.828+0000] {logging_mixin.py:120} INFO - [2024-01-30T19:09:36.828+0000] {dag.py:3340} INFO - Setting next_dagrun for example_task_group to 2024-01-29T19:09:36.828348+00:00, run_after=2024-01-30T19:09:36.828348+00:00
[2024-01-30T19:09:36.859+0000] {processor.py:176} INFO - Processing /home/airflow/.local/lib/python3.7/site-packages/airflow/example_dags/example_task_group.py took 0.173 seconds
[2024-01-30T19:10:07.342+0000] {processor.py:154} INFO - Started process (PID=2594) to work on /home/airflow/.local/lib/python3.7/site-packages/airflow/example_dags/example_task_group.py
[2024-01-30T19:10:07.344+0000] {processor.py:756} INFO - Processing file /home/airflow/.local/lib/python3.7/site-packages/airflow/example_dags/example_task_group.py for tasks to queue
[2024-01-30T19:10:07.345+0000] {logging_mixin.py:120} INFO - [2024-01-30T19:10:07.345+0000] {dagbag.py:537} INFO - Filling up the DagBag from /home/airflow/.local/lib/python3.7/site-packages/airflow/example_dags/example_task_group.py
[2024-01-30T19:10:07.381+0000] {processor.py:766} INFO - DAG(s) dict_keys(['example_task_group']) retrieved from /home/airflow/.local/lib/python3.7/site-packages/airflow/example_dags/example_task_group.py
[2024-01-30T19:10:07.451+0000] {logging_mixin.py:120} INFO - [2024-01-30T19:10:07.451+0000] {dag.py:2585} INFO - Sync 1 DAGs
[2024-01-30T19:10:07.492+0000] {logging_mixin.py:120} INFO - [2024-01-30T19:10:07.492+0000] {dag.py:3340} INFO - Setting next_dagrun for example_task_group to 2024-01-29T19:10:07.491959+00:00, run_after=2024-01-30T19:10:07.491959+00:00
[2024-01-30T19:10:07.527+0000] {processor.py:176} INFO - Processing /home/airflow/.local/lib/python3.7/site-packages/airflow/example_dags/example_task_group.py took 0.192 seconds
[2024-01-30T19:10:37.780+0000] {processor.py:154} INFO - Started process (PID=2659) to work on /home/airflow/.local/lib/python3.7/site-packages/airflow/example_dags/example_task_group.py
[2024-01-30T19:10:37.781+0000] {processor.py:756} INFO - Processing file /home/airflow/.local/lib/python3.7/site-packages/airflow/example_dags/example_task_group.py for tasks to queue
[2024-01-30T19:10:37.783+0000] {logging_mixin.py:120} INFO - [2024-01-30T19:10:37.783+0000] {dagbag.py:537} INFO - Filling up the DagBag from /home/airflow/.local/lib/python3.7/site-packages/airflow/example_dags/example_task_group.py
[2024-01-30T19:10:37.807+0000] {processor.py:766} INFO - DAG(s) dict_keys(['example_task_group']) retrieved from /home/airflow/.local/lib/python3.7/site-packages/airflow/example_dags/example_task_group.py
[2024-01-30T19:10:37.863+0000] {logging_mixin.py:120} INFO - [2024-01-30T19:10:37.863+0000] {dag.py:2585} INFO - Sync 1 DAGs
[2024-01-30T19:10:37.897+0000] {logging_mixin.py:120} INFO - [2024-01-30T19:10:37.897+0000] {dag.py:3340} INFO - Setting next_dagrun for example_task_group to 2024-01-29T19:10:37.897108+00:00, run_after=2024-01-30T19:10:37.897108+00:00
[2024-01-30T19:10:37.930+0000] {processor.py:176} INFO - Processing /home/airflow/.local/lib/python3.7/site-packages/airflow/example_dags/example_task_group.py took 0.156 seconds
[2024-01-30T19:11:08.525+0000] {processor.py:154} INFO - Started process (PID=2714) to work on /home/airflow/.local/lib/python3.7/site-packages/airflow/example_dags/example_task_group.py
[2024-01-30T19:11:08.527+0000] {processor.py:756} INFO - Processing file /home/airflow/.local/lib/python3.7/site-packages/airflow/example_dags/example_task_group.py for tasks to queue
[2024-01-30T19:11:08.530+0000] {logging_mixin.py:120} INFO - [2024-01-30T19:11:08.529+0000] {dagbag.py:537} INFO - Filling up the DagBag from /home/airflow/.local/lib/python3.7/site-packages/airflow/example_dags/example_task_group.py
[2024-01-30T19:11:08.557+0000] {processor.py:766} INFO - DAG(s) dict_keys(['example_task_group']) retrieved from /home/airflow/.local/lib/python3.7/site-packages/airflow/example_dags/example_task_group.py
[2024-01-30T19:11:08.620+0000] {logging_mixin.py:120} INFO - [2024-01-30T19:11:08.620+0000] {dag.py:2585} INFO - Sync 1 DAGs
[2024-01-30T19:11:08.659+0000] {logging_mixin.py:120} INFO - [2024-01-30T19:11:08.659+0000] {dag.py:3340} INFO - Setting next_dagrun for example_task_group to 2024-01-29T19:11:08.658900+00:00, run_after=2024-01-30T19:11:08.658900+00:00
[2024-01-30T19:11:08.691+0000] {processor.py:176} INFO - Processing /home/airflow/.local/lib/python3.7/site-packages/airflow/example_dags/example_task_group.py took 0.172 seconds
[2024-01-30T19:11:38.819+0000] {processor.py:154} INFO - Started process (PID=2782) to work on /home/airflow/.local/lib/python3.7/site-packages/airflow/example_dags/example_task_group.py
[2024-01-30T19:11:38.820+0000] {processor.py:756} INFO - Processing file /home/airflow/.local/lib/python3.7/site-packages/airflow/example_dags/example_task_group.py for tasks to queue
[2024-01-30T19:11:38.821+0000] {logging_mixin.py:120} INFO - [2024-01-30T19:11:38.821+0000] {dagbag.py:537} INFO - Filling up the DagBag from /home/airflow/.local/lib/python3.7/site-packages/airflow/example_dags/example_task_group.py
[2024-01-30T19:11:38.845+0000] {processor.py:766} INFO - DAG(s) dict_keys(['example_task_group']) retrieved from /home/airflow/.local/lib/python3.7/site-packages/airflow/example_dags/example_task_group.py
[2024-01-30T19:11:38.895+0000] {logging_mixin.py:120} INFO - [2024-01-30T19:11:38.895+0000] {dag.py:2585} INFO - Sync 1 DAGs
[2024-01-30T19:11:38.927+0000] {logging_mixin.py:120} INFO - [2024-01-30T19:11:38.926+0000] {dag.py:3340} INFO - Setting next_dagrun for example_task_group to 2024-01-29T19:11:38.926518+00:00, run_after=2024-01-30T19:11:38.926518+00:00
[2024-01-30T19:11:38.950+0000] {processor.py:176} INFO - Processing /home/airflow/.local/lib/python3.7/site-packages/airflow/example_dags/example_task_group.py took 0.137 seconds
[2024-01-30T19:12:09.167+0000] {processor.py:154} INFO - Started process (PID=2839) to work on /home/airflow/.local/lib/python3.7/site-packages/airflow/example_dags/example_task_group.py
[2024-01-30T19:12:09.169+0000] {processor.py:756} INFO - Processing file /home/airflow/.local/lib/python3.7/site-packages/airflow/example_dags/example_task_group.py for tasks to queue
[2024-01-30T19:12:09.170+0000] {logging_mixin.py:120} INFO - [2024-01-30T19:12:09.170+0000] {dagbag.py:537} INFO - Filling up the DagBag from /home/airflow/.local/lib/python3.7/site-packages/airflow/example_dags/example_task_group.py
[2024-01-30T19:12:09.195+0000] {processor.py:766} INFO - DAG(s) dict_keys(['example_task_group']) retrieved from /home/airflow/.local/lib/python3.7/site-packages/airflow/example_dags/example_task_group.py
[2024-01-30T19:12:09.253+0000] {logging_mixin.py:120} INFO - [2024-01-30T19:12:09.253+0000] {dag.py:2585} INFO - Sync 1 DAGs
[2024-01-30T19:12:09.288+0000] {logging_mixin.py:120} INFO - [2024-01-30T19:12:09.287+0000] {dag.py:3340} INFO - Setting next_dagrun for example_task_group to 2024-01-29T19:12:09.287518+00:00, run_after=2024-01-30T19:12:09.287518+00:00
[2024-01-30T19:12:09.317+0000] {processor.py:176} INFO - Processing /home/airflow/.local/lib/python3.7/site-packages/airflow/example_dags/example_task_group.py took 0.156 seconds
[2024-01-30T19:12:39.758+0000] {processor.py:154} INFO - Started process (PID=2905) to work on /home/airflow/.local/lib/python3.7/site-packages/airflow/example_dags/example_task_group.py
[2024-01-30T19:12:39.760+0000] {processor.py:756} INFO - Processing file /home/airflow/.local/lib/python3.7/site-packages/airflow/example_dags/example_task_group.py for tasks to queue
[2024-01-30T19:12:39.762+0000] {logging_mixin.py:120} INFO - [2024-01-30T19:12:39.762+0000] {dagbag.py:537} INFO - Filling up the DagBag from /home/airflow/.local/lib/python3.7/site-packages/airflow/example_dags/example_task_group.py
[2024-01-30T19:12:39.797+0000] {processor.py:766} INFO - DAG(s) dict_keys(['example_task_group']) retrieved from /home/airflow/.local/lib/python3.7/site-packages/airflow/example_dags/example_task_group.py
[2024-01-30T19:12:39.867+0000] {logging_mixin.py:120} INFO - [2024-01-30T19:12:39.867+0000] {dag.py:2585} INFO - Sync 1 DAGs
[2024-01-30T19:12:39.908+0000] {logging_mixin.py:120} INFO - [2024-01-30T19:12:39.908+0000] {dag.py:3340} INFO - Setting next_dagrun for example_task_group to 2024-01-29T19:12:39.907829+00:00, run_after=2024-01-30T19:12:39.907829+00:00
[2024-01-30T19:12:39.946+0000] {processor.py:176} INFO - Processing /home/airflow/.local/lib/python3.7/site-packages/airflow/example_dags/example_task_group.py took 0.194 seconds
[2024-01-30T19:13:10.417+0000] {processor.py:154} INFO - Started process (PID=2970) to work on /home/airflow/.local/lib/python3.7/site-packages/airflow/example_dags/example_task_group.py
[2024-01-30T19:13:10.419+0000] {processor.py:756} INFO - Processing file /home/airflow/.local/lib/python3.7/site-packages/airflow/example_dags/example_task_group.py for tasks to queue
[2024-01-30T19:13:10.420+0000] {logging_mixin.py:120} INFO - [2024-01-30T19:13:10.420+0000] {dagbag.py:537} INFO - Filling up the DagBag from /home/airflow/.local/lib/python3.7/site-packages/airflow/example_dags/example_task_group.py
[2024-01-30T19:13:10.444+0000] {processor.py:766} INFO - DAG(s) dict_keys(['example_task_group']) retrieved from /home/airflow/.local/lib/python3.7/site-packages/airflow/example_dags/example_task_group.py
[2024-01-30T19:13:10.504+0000] {logging_mixin.py:120} INFO - [2024-01-30T19:13:10.504+0000] {dag.py:2585} INFO - Sync 1 DAGs
[2024-01-30T19:13:10.545+0000] {logging_mixin.py:120} INFO - [2024-01-30T19:13:10.545+0000] {dag.py:3340} INFO - Setting next_dagrun for example_task_group to 2024-01-29T19:13:10.544691+00:00, run_after=2024-01-30T19:13:10.544691+00:00
[2024-01-30T19:13:10.573+0000] {processor.py:176} INFO - Processing /home/airflow/.local/lib/python3.7/site-packages/airflow/example_dags/example_task_group.py took 0.161 seconds
[2024-01-30T19:13:40.833+0000] {processor.py:154} INFO - Started process (PID=3026) to work on /home/airflow/.local/lib/python3.7/site-packages/airflow/example_dags/example_task_group.py
[2024-01-30T19:13:40.835+0000] {processor.py:756} INFO - Processing file /home/airflow/.local/lib/python3.7/site-packages/airflow/example_dags/example_task_group.py for tasks to queue
[2024-01-30T19:13:40.836+0000] {logging_mixin.py:120} INFO - [2024-01-30T19:13:40.836+0000] {dagbag.py:537} INFO - Filling up the DagBag from /home/airflow/.local/lib/python3.7/site-packages/airflow/example_dags/example_task_group.py
[2024-01-30T19:13:40.859+0000] {processor.py:766} INFO - DAG(s) dict_keys(['example_task_group']) retrieved from /home/airflow/.local/lib/python3.7/site-packages/airflow/example_dags/example_task_group.py
[2024-01-30T19:13:40.915+0000] {logging_mixin.py:120} INFO - [2024-01-30T19:13:40.915+0000] {dag.py:2585} INFO - Sync 1 DAGs
[2024-01-30T19:13:40.952+0000] {logging_mixin.py:120} INFO - [2024-01-30T19:13:40.952+0000] {dag.py:3340} INFO - Setting next_dagrun for example_task_group to 2024-01-29T19:13:40.951741+00:00, run_after=2024-01-30T19:13:40.951741+00:00
[2024-01-30T19:13:40.980+0000] {processor.py:176} INFO - Processing /home/airflow/.local/lib/python3.7/site-packages/airflow/example_dags/example_task_group.py took 0.152 seconds
[2024-01-30T19:14:11.195+0000] {processor.py:154} INFO - Started process (PID=3091) to work on /home/airflow/.local/lib/python3.7/site-packages/airflow/example_dags/example_task_group.py
[2024-01-30T19:14:11.197+0000] {processor.py:756} INFO - Processing file /home/airflow/.local/lib/python3.7/site-packages/airflow/example_dags/example_task_group.py for tasks to queue
[2024-01-30T19:14:11.198+0000] {logging_mixin.py:120} INFO - [2024-01-30T19:14:11.197+0000] {dagbag.py:537} INFO - Filling up the DagBag from /home/airflow/.local/lib/python3.7/site-packages/airflow/example_dags/example_task_group.py
[2024-01-30T19:14:11.254+0000] {processor.py:766} INFO - DAG(s) dict_keys(['example_task_group']) retrieved from /home/airflow/.local/lib/python3.7/site-packages/airflow/example_dags/example_task_group.py
[2024-01-30T19:14:11.330+0000] {logging_mixin.py:120} INFO - [2024-01-30T19:14:11.329+0000] {dag.py:2585} INFO - Sync 1 DAGs
[2024-01-30T19:14:11.367+0000] {logging_mixin.py:120} INFO - [2024-01-30T19:14:11.367+0000] {dag.py:3340} INFO - Setting next_dagrun for example_task_group to 2024-01-29T19:14:11.366772+00:00, run_after=2024-01-30T19:14:11.366772+00:00
[2024-01-30T19:14:11.392+0000] {processor.py:176} INFO - Processing /home/airflow/.local/lib/python3.7/site-packages/airflow/example_dags/example_task_group.py took 0.201 seconds
[2024-01-30T19:14:41.690+0000] {processor.py:154} INFO - Started process (PID=3147) to work on /home/airflow/.local/lib/python3.7/site-packages/airflow/example_dags/example_task_group.py
[2024-01-30T19:14:41.692+0000] {processor.py:756} INFO - Processing file /home/airflow/.local/lib/python3.7/site-packages/airflow/example_dags/example_task_group.py for tasks to queue
[2024-01-30T19:14:41.693+0000] {logging_mixin.py:120} INFO - [2024-01-30T19:14:41.693+0000] {dagbag.py:537} INFO - Filling up the DagBag from /home/airflow/.local/lib/python3.7/site-packages/airflow/example_dags/example_task_group.py
[2024-01-30T19:14:41.721+0000] {processor.py:766} INFO - DAG(s) dict_keys(['example_task_group']) retrieved from /home/airflow/.local/lib/python3.7/site-packages/airflow/example_dags/example_task_group.py
[2024-01-30T19:14:41.790+0000] {logging_mixin.py:120} INFO - [2024-01-30T19:14:41.790+0000] {dag.py:2585} INFO - Sync 1 DAGs
[2024-01-30T19:14:41.849+0000] {logging_mixin.py:120} INFO - [2024-01-30T19:14:41.848+0000] {dag.py:3340} INFO - Setting next_dagrun for example_task_group to 2024-01-29T19:14:41.848378+00:00, run_after=2024-01-30T19:14:41.848378+00:00
[2024-01-30T19:14:41.889+0000] {processor.py:176} INFO - Processing /home/airflow/.local/lib/python3.7/site-packages/airflow/example_dags/example_task_group.py took 0.204 seconds
[2024-01-30T19:15:12.116+0000] {processor.py:154} INFO - Started process (PID=3212) to work on /home/airflow/.local/lib/python3.7/site-packages/airflow/example_dags/example_task_group.py
[2024-01-30T19:15:12.118+0000] {processor.py:756} INFO - Processing file /home/airflow/.local/lib/python3.7/site-packages/airflow/example_dags/example_task_group.py for tasks to queue
[2024-01-30T19:15:12.120+0000] {logging_mixin.py:120} INFO - [2024-01-30T19:15:12.120+0000] {dagbag.py:537} INFO - Filling up the DagBag from /home/airflow/.local/lib/python3.7/site-packages/airflow/example_dags/example_task_group.py
[2024-01-30T19:15:12.146+0000] {processor.py:766} INFO - DAG(s) dict_keys(['example_task_group']) retrieved from /home/airflow/.local/lib/python3.7/site-packages/airflow/example_dags/example_task_group.py
[2024-01-30T19:15:12.231+0000] {logging_mixin.py:120} INFO - [2024-01-30T19:15:12.231+0000] {dag.py:2585} INFO - Sync 1 DAGs
[2024-01-30T19:15:12.267+0000] {logging_mixin.py:120} INFO - [2024-01-30T19:15:12.266+0000] {dag.py:3340} INFO - Setting next_dagrun for example_task_group to 2024-01-29T19:15:12.266350+00:00, run_after=2024-01-30T19:15:12.266350+00:00
[2024-01-30T19:15:12.294+0000] {processor.py:176} INFO - Processing /home/airflow/.local/lib/python3.7/site-packages/airflow/example_dags/example_task_group.py took 0.184 seconds
[2024-01-30T19:15:43.027+0000] {processor.py:154} INFO - Started process (PID=3276) to work on /home/airflow/.local/lib/python3.7/site-packages/airflow/example_dags/example_task_group.py
[2024-01-30T19:15:43.029+0000] {processor.py:756} INFO - Processing file /home/airflow/.local/lib/python3.7/site-packages/airflow/example_dags/example_task_group.py for tasks to queue
[2024-01-30T19:15:43.030+0000] {logging_mixin.py:120} INFO - [2024-01-30T19:15:43.030+0000] {dagbag.py:537} INFO - Filling up the DagBag from /home/airflow/.local/lib/python3.7/site-packages/airflow/example_dags/example_task_group.py
[2024-01-30T19:15:43.054+0000] {processor.py:766} INFO - DAG(s) dict_keys(['example_task_group']) retrieved from /home/airflow/.local/lib/python3.7/site-packages/airflow/example_dags/example_task_group.py
[2024-01-30T19:15:43.114+0000] {logging_mixin.py:120} INFO - [2024-01-30T19:15:43.114+0000] {dag.py:2585} INFO - Sync 1 DAGs
[2024-01-30T19:15:43.151+0000] {logging_mixin.py:120} INFO - [2024-01-30T19:15:43.150+0000] {dag.py:3340} INFO - Setting next_dagrun for example_task_group to 2024-01-29T19:15:43.150527+00:00, run_after=2024-01-30T19:15:43.150527+00:00
[2024-01-30T19:15:43.179+0000] {processor.py:176} INFO - Processing /home/airflow/.local/lib/python3.7/site-packages/airflow/example_dags/example_task_group.py took 0.158 seconds
[2024-01-30T19:16:13.488+0000] {processor.py:154} INFO - Started process (PID=3332) to work on /home/airflow/.local/lib/python3.7/site-packages/airflow/example_dags/example_task_group.py
[2024-01-30T19:16:13.490+0000] {processor.py:756} INFO - Processing file /home/airflow/.local/lib/python3.7/site-packages/airflow/example_dags/example_task_group.py for tasks to queue
[2024-01-30T19:16:13.492+0000] {logging_mixin.py:120} INFO - [2024-01-30T19:16:13.491+0000] {dagbag.py:537} INFO - Filling up the DagBag from /home/airflow/.local/lib/python3.7/site-packages/airflow/example_dags/example_task_group.py
[2024-01-30T19:16:13.529+0000] {processor.py:766} INFO - DAG(s) dict_keys(['example_task_group']) retrieved from /home/airflow/.local/lib/python3.7/site-packages/airflow/example_dags/example_task_group.py
[2024-01-30T19:16:13.608+0000] {logging_mixin.py:120} INFO - [2024-01-30T19:16:13.608+0000] {dag.py:2585} INFO - Sync 1 DAGs
[2024-01-30T19:16:13.673+0000] {logging_mixin.py:120} INFO - [2024-01-30T19:16:13.673+0000] {dag.py:3340} INFO - Setting next_dagrun for example_task_group to 2024-01-29T19:16:13.672669+00:00, run_after=2024-01-30T19:16:13.672669+00:00
[2024-01-30T19:16:13.726+0000] {processor.py:176} INFO - Processing /home/airflow/.local/lib/python3.7/site-packages/airflow/example_dags/example_task_group.py took 0.245 seconds
[2024-01-30T19:16:43.853+0000] {processor.py:154} INFO - Started process (PID=3398) to work on /home/airflow/.local/lib/python3.7/site-packages/airflow/example_dags/example_task_group.py
[2024-01-30T19:16:43.855+0000] {processor.py:756} INFO - Processing file /home/airflow/.local/lib/python3.7/site-packages/airflow/example_dags/example_task_group.py for tasks to queue
[2024-01-30T19:16:43.856+0000] {logging_mixin.py:120} INFO - [2024-01-30T19:16:43.856+0000] {dagbag.py:537} INFO - Filling up the DagBag from /home/airflow/.local/lib/python3.7/site-packages/airflow/example_dags/example_task_group.py
[2024-01-30T19:16:43.882+0000] {processor.py:766} INFO - DAG(s) dict_keys(['example_task_group']) retrieved from /home/airflow/.local/lib/python3.7/site-packages/airflow/example_dags/example_task_group.py
[2024-01-30T19:16:43.941+0000] {logging_mixin.py:120} INFO - [2024-01-30T19:16:43.941+0000] {dag.py:2585} INFO - Sync 1 DAGs
[2024-01-30T19:16:43.974+0000] {logging_mixin.py:120} INFO - [2024-01-30T19:16:43.973+0000] {dag.py:3340} INFO - Setting next_dagrun for example_task_group to 2024-01-29T19:16:43.973535+00:00, run_after=2024-01-30T19:16:43.973535+00:00
[2024-01-30T19:16:43.999+0000] {processor.py:176} INFO - Processing /home/airflow/.local/lib/python3.7/site-packages/airflow/example_dags/example_task_group.py took 0.151 seconds
[2024-01-30T19:17:14.914+0000] {processor.py:154} INFO - Started process (PID=3463) to work on /home/airflow/.local/lib/python3.7/site-packages/airflow/example_dags/example_task_group.py
[2024-01-30T19:17:14.916+0000] {processor.py:756} INFO - Processing file /home/airflow/.local/lib/python3.7/site-packages/airflow/example_dags/example_task_group.py for tasks to queue
[2024-01-30T19:17:14.917+0000] {logging_mixin.py:120} INFO - [2024-01-30T19:17:14.917+0000] {dagbag.py:537} INFO - Filling up the DagBag from /home/airflow/.local/lib/python3.7/site-packages/airflow/example_dags/example_task_group.py
[2024-01-30T19:17:14.938+0000] {processor.py:766} INFO - DAG(s) dict_keys(['example_task_group']) retrieved from /home/airflow/.local/lib/python3.7/site-packages/airflow/example_dags/example_task_group.py
[2024-01-30T19:17:14.985+0000] {logging_mixin.py:120} INFO - [2024-01-30T19:17:14.985+0000] {dag.py:2585} INFO - Sync 1 DAGs
[2024-01-30T19:17:15.018+0000] {logging_mixin.py:120} INFO - [2024-01-30T19:17:15.018+0000] {dag.py:3340} INFO - Setting next_dagrun for example_task_group to 2024-01-29T19:17:15.018183+00:00, run_after=2024-01-30T19:17:15.018183+00:00
[2024-01-30T19:17:15.041+0000] {processor.py:176} INFO - Processing /home/airflow/.local/lib/python3.7/site-packages/airflow/example_dags/example_task_group.py took 0.131 seconds
[2024-01-30T19:17:45.427+0000] {processor.py:154} INFO - Started process (PID=3519) to work on /home/airflow/.local/lib/python3.7/site-packages/airflow/example_dags/example_task_group.py
[2024-01-30T19:17:45.428+0000] {processor.py:756} INFO - Processing file /home/airflow/.local/lib/python3.7/site-packages/airflow/example_dags/example_task_group.py for tasks to queue
[2024-01-30T19:17:45.429+0000] {logging_mixin.py:120} INFO - [2024-01-30T19:17:45.429+0000] {dagbag.py:537} INFO - Filling up the DagBag from /home/airflow/.local/lib/python3.7/site-packages/airflow/example_dags/example_task_group.py
[2024-01-30T19:17:45.451+0000] {processor.py:766} INFO - DAG(s) dict_keys(['example_task_group']) retrieved from /home/airflow/.local/lib/python3.7/site-packages/airflow/example_dags/example_task_group.py
[2024-01-30T19:17:45.507+0000] {logging_mixin.py:120} INFO - [2024-01-30T19:17:45.507+0000] {dag.py:2585} INFO - Sync 1 DAGs
[2024-01-30T19:17:45.539+0000] {logging_mixin.py:120} INFO - [2024-01-30T19:17:45.539+0000] {dag.py:3340} INFO - Setting next_dagrun for example_task_group to 2024-01-29T19:17:45.539398+00:00, run_after=2024-01-30T19:17:45.539398+00:00
[2024-01-30T19:17:45.564+0000] {processor.py:176} INFO - Processing /home/airflow/.local/lib/python3.7/site-packages/airflow/example_dags/example_task_group.py took 0.142 seconds
