[2024-01-30T18:49:05.302+0000] {processor.py:154} INFO - Started process (PID=72) to work on /home/airflow/.local/lib/python3.7/site-packages/airflow/example_dags/example_branch_operator.py
[2024-01-30T18:49:05.311+0000] {processor.py:756} INFO - Processing file /home/airflow/.local/lib/python3.7/site-packages/airflow/example_dags/example_branch_operator.py for tasks to queue
[2024-01-30T18:49:05.390+0000] {logging_mixin.py:120} INFO - [2024-01-30T18:49:05.379+0000] {dagbag.py:537} INFO - Filling up the DagBag from /home/airflow/.local/lib/python3.7/site-packages/airflow/example_dags/example_branch_operator.py
[2024-01-30T18:49:05.676+0000] {processor.py:766} INFO - DAG(s) dict_keys(['example_branch_operator']) retrieved from /home/airflow/.local/lib/python3.7/site-packages/airflow/example_dags/example_branch_operator.py
[2024-01-30T18:49:06.211+0000] {logging_mixin.py:120} INFO - [2024-01-30T18:49:06.211+0000] {dag.py:2585} INFO - Sync 1 DAGs
[2024-01-30T18:49:06.410+0000] {logging_mixin.py:120} INFO - [2024-01-30T18:49:06.409+0000] {dag.py:3340} INFO - Setting next_dagrun for example_branch_operator to 2024-01-29T00:00:00+00:00, run_after=2024-01-30T00:00:00+00:00
[2024-01-30T18:49:06.620+0000] {processor.py:176} INFO - Processing /home/airflow/.local/lib/python3.7/site-packages/airflow/example_dags/example_branch_operator.py took 1.373 seconds
[2024-01-30T18:49:36.710+0000] {processor.py:154} INFO - Started process (PID=130) to work on /home/airflow/.local/lib/python3.7/site-packages/airflow/example_dags/example_branch_operator.py
[2024-01-30T18:49:36.715+0000] {processor.py:756} INFO - Processing file /home/airflow/.local/lib/python3.7/site-packages/airflow/example_dags/example_branch_operator.py for tasks to queue
[2024-01-30T18:49:36.716+0000] {logging_mixin.py:120} INFO - [2024-01-30T18:49:36.716+0000] {dagbag.py:537} INFO - Filling up the DagBag from /home/airflow/.local/lib/python3.7/site-packages/airflow/example_dags/example_branch_operator.py
[2024-01-30T18:49:36.746+0000] {processor.py:766} INFO - DAG(s) dict_keys(['example_branch_operator']) retrieved from /home/airflow/.local/lib/python3.7/site-packages/airflow/example_dags/example_branch_operator.py
[2024-01-30T18:49:36.807+0000] {logging_mixin.py:120} INFO - [2024-01-30T18:49:36.807+0000] {dag.py:2585} INFO - Sync 1 DAGs
[2024-01-30T18:49:36.885+0000] {logging_mixin.py:120} INFO - [2024-01-30T18:49:36.884+0000] {dag.py:3340} INFO - Setting next_dagrun for example_branch_operator to 2024-01-29T00:00:00+00:00, run_after=2024-01-30T00:00:00+00:00
[2024-01-30T18:49:36.919+0000] {processor.py:176} INFO - Processing /home/airflow/.local/lib/python3.7/site-packages/airflow/example_dags/example_branch_operator.py took 0.213 seconds
[2024-01-30T18:50:06.994+0000] {processor.py:154} INFO - Started process (PID=193) to work on /home/airflow/.local/lib/python3.7/site-packages/airflow/example_dags/example_branch_operator.py
[2024-01-30T18:50:06.997+0000] {processor.py:756} INFO - Processing file /home/airflow/.local/lib/python3.7/site-packages/airflow/example_dags/example_branch_operator.py for tasks to queue
[2024-01-30T18:50:06.999+0000] {logging_mixin.py:120} INFO - [2024-01-30T18:50:06.999+0000] {dagbag.py:537} INFO - Filling up the DagBag from /home/airflow/.local/lib/python3.7/site-packages/airflow/example_dags/example_branch_operator.py
[2024-01-30T18:50:07.033+0000] {processor.py:766} INFO - DAG(s) dict_keys(['example_branch_operator']) retrieved from /home/airflow/.local/lib/python3.7/site-packages/airflow/example_dags/example_branch_operator.py
[2024-01-30T18:50:07.102+0000] {logging_mixin.py:120} INFO - [2024-01-30T18:50:07.101+0000] {dag.py:2585} INFO - Sync 1 DAGs
[2024-01-30T18:50:07.145+0000] {logging_mixin.py:120} INFO - [2024-01-30T18:50:07.145+0000] {dag.py:3340} INFO - Setting next_dagrun for example_branch_operator to 2024-01-29T00:00:00+00:00, run_after=2024-01-30T00:00:00+00:00
[2024-01-30T18:50:07.179+0000] {processor.py:176} INFO - Processing /home/airflow/.local/lib/python3.7/site-packages/airflow/example_dags/example_branch_operator.py took 0.191 seconds
[2024-01-30T18:50:37.252+0000] {processor.py:154} INFO - Started process (PID=257) to work on /home/airflow/.local/lib/python3.7/site-packages/airflow/example_dags/example_branch_operator.py
[2024-01-30T18:50:37.253+0000] {processor.py:756} INFO - Processing file /home/airflow/.local/lib/python3.7/site-packages/airflow/example_dags/example_branch_operator.py for tasks to queue
[2024-01-30T18:50:37.255+0000] {logging_mixin.py:120} INFO - [2024-01-30T18:50:37.254+0000] {dagbag.py:537} INFO - Filling up the DagBag from /home/airflow/.local/lib/python3.7/site-packages/airflow/example_dags/example_branch_operator.py
[2024-01-30T18:50:37.286+0000] {processor.py:766} INFO - DAG(s) dict_keys(['example_branch_operator']) retrieved from /home/airflow/.local/lib/python3.7/site-packages/airflow/example_dags/example_branch_operator.py
[2024-01-30T18:50:37.340+0000] {logging_mixin.py:120} INFO - [2024-01-30T18:50:37.340+0000] {dag.py:2585} INFO - Sync 1 DAGs
[2024-01-30T18:50:37.373+0000] {logging_mixin.py:120} INFO - [2024-01-30T18:50:37.373+0000] {dag.py:3340} INFO - Setting next_dagrun for example_branch_operator to 2024-01-29T00:00:00+00:00, run_after=2024-01-30T00:00:00+00:00
[2024-01-30T18:50:37.401+0000] {processor.py:176} INFO - Processing /home/airflow/.local/lib/python3.7/site-packages/airflow/example_dags/example_branch_operator.py took 0.155 seconds
[2024-01-30T18:51:07.873+0000] {processor.py:154} INFO - Started process (PID=311) to work on /home/airflow/.local/lib/python3.7/site-packages/airflow/example_dags/example_branch_operator.py
[2024-01-30T18:51:07.875+0000] {processor.py:756} INFO - Processing file /home/airflow/.local/lib/python3.7/site-packages/airflow/example_dags/example_branch_operator.py for tasks to queue
[2024-01-30T18:51:07.877+0000] {logging_mixin.py:120} INFO - [2024-01-30T18:51:07.877+0000] {dagbag.py:537} INFO - Filling up the DagBag from /home/airflow/.local/lib/python3.7/site-packages/airflow/example_dags/example_branch_operator.py
[2024-01-30T18:51:07.912+0000] {processor.py:766} INFO - DAG(s) dict_keys(['example_branch_operator']) retrieved from /home/airflow/.local/lib/python3.7/site-packages/airflow/example_dags/example_branch_operator.py
[2024-01-30T18:51:07.983+0000] {logging_mixin.py:120} INFO - [2024-01-30T18:51:07.983+0000] {dag.py:2585} INFO - Sync 1 DAGs
[2024-01-30T18:51:08.031+0000] {logging_mixin.py:120} INFO - [2024-01-30T18:51:08.031+0000] {dag.py:3340} INFO - Setting next_dagrun for example_branch_operator to 2024-01-29T00:00:00+00:00, run_after=2024-01-30T00:00:00+00:00
[2024-01-30T18:51:08.067+0000] {processor.py:176} INFO - Processing /home/airflow/.local/lib/python3.7/site-packages/airflow/example_dags/example_branch_operator.py took 0.202 seconds
[2024-01-30T18:51:38.528+0000] {processor.py:154} INFO - Started process (PID=376) to work on /home/airflow/.local/lib/python3.7/site-packages/airflow/example_dags/example_branch_operator.py
[2024-01-30T18:51:38.530+0000] {processor.py:756} INFO - Processing file /home/airflow/.local/lib/python3.7/site-packages/airflow/example_dags/example_branch_operator.py for tasks to queue
[2024-01-30T18:51:38.531+0000] {logging_mixin.py:120} INFO - [2024-01-30T18:51:38.531+0000] {dagbag.py:537} INFO - Filling up the DagBag from /home/airflow/.local/lib/python3.7/site-packages/airflow/example_dags/example_branch_operator.py
[2024-01-30T18:51:38.558+0000] {processor.py:766} INFO - DAG(s) dict_keys(['example_branch_operator']) retrieved from /home/airflow/.local/lib/python3.7/site-packages/airflow/example_dags/example_branch_operator.py
[2024-01-30T18:51:38.619+0000] {logging_mixin.py:120} INFO - [2024-01-30T18:51:38.619+0000] {dag.py:2585} INFO - Sync 1 DAGs
[2024-01-30T18:51:38.655+0000] {logging_mixin.py:120} INFO - [2024-01-30T18:51:38.655+0000] {dag.py:3340} INFO - Setting next_dagrun for example_branch_operator to 2024-01-29T00:00:00+00:00, run_after=2024-01-30T00:00:00+00:00
[2024-01-30T18:51:38.685+0000] {processor.py:176} INFO - Processing /home/airflow/.local/lib/python3.7/site-packages/airflow/example_dags/example_branch_operator.py took 0.161 seconds
[2024-01-30T18:52:09.127+0000] {processor.py:154} INFO - Started process (PID=443) to work on /home/airflow/.local/lib/python3.7/site-packages/airflow/example_dags/example_branch_operator.py
[2024-01-30T18:52:09.129+0000] {processor.py:756} INFO - Processing file /home/airflow/.local/lib/python3.7/site-packages/airflow/example_dags/example_branch_operator.py for tasks to queue
[2024-01-30T18:52:09.130+0000] {logging_mixin.py:120} INFO - [2024-01-30T18:52:09.130+0000] {dagbag.py:537} INFO - Filling up the DagBag from /home/airflow/.local/lib/python3.7/site-packages/airflow/example_dags/example_branch_operator.py
[2024-01-30T18:52:09.157+0000] {processor.py:766} INFO - DAG(s) dict_keys(['example_branch_operator']) retrieved from /home/airflow/.local/lib/python3.7/site-packages/airflow/example_dags/example_branch_operator.py
[2024-01-30T18:52:09.224+0000] {logging_mixin.py:120} INFO - [2024-01-30T18:52:09.224+0000] {dag.py:2585} INFO - Sync 1 DAGs
[2024-01-30T18:52:09.272+0000] {logging_mixin.py:120} INFO - [2024-01-30T18:52:09.272+0000] {dag.py:3340} INFO - Setting next_dagrun for example_branch_operator to 2024-01-29T00:00:00+00:00, run_after=2024-01-30T00:00:00+00:00
[2024-01-30T18:52:09.302+0000] {processor.py:176} INFO - Processing /home/airflow/.local/lib/python3.7/site-packages/airflow/example_dags/example_branch_operator.py took 0.179 seconds
[2024-01-30T18:52:39.505+0000] {processor.py:154} INFO - Started process (PID=498) to work on /home/airflow/.local/lib/python3.7/site-packages/airflow/example_dags/example_branch_operator.py
[2024-01-30T18:52:39.507+0000] {processor.py:756} INFO - Processing file /home/airflow/.local/lib/python3.7/site-packages/airflow/example_dags/example_branch_operator.py for tasks to queue
[2024-01-30T18:52:39.508+0000] {logging_mixin.py:120} INFO - [2024-01-30T18:52:39.508+0000] {dagbag.py:537} INFO - Filling up the DagBag from /home/airflow/.local/lib/python3.7/site-packages/airflow/example_dags/example_branch_operator.py
[2024-01-30T18:52:39.536+0000] {processor.py:766} INFO - DAG(s) dict_keys(['example_branch_operator']) retrieved from /home/airflow/.local/lib/python3.7/site-packages/airflow/example_dags/example_branch_operator.py
[2024-01-30T18:52:39.593+0000] {logging_mixin.py:120} INFO - [2024-01-30T18:52:39.592+0000] {dag.py:2585} INFO - Sync 1 DAGs
[2024-01-30T18:52:39.626+0000] {logging_mixin.py:120} INFO - [2024-01-30T18:52:39.626+0000] {dag.py:3340} INFO - Setting next_dagrun for example_branch_operator to 2024-01-29T00:00:00+00:00, run_after=2024-01-30T00:00:00+00:00
[2024-01-30T18:52:39.652+0000] {processor.py:176} INFO - Processing /home/airflow/.local/lib/python3.7/site-packages/airflow/example_dags/example_branch_operator.py took 0.153 seconds
[2024-01-30T18:53:09.730+0000] {processor.py:154} INFO - Started process (PID=562) to work on /home/airflow/.local/lib/python3.7/site-packages/airflow/example_dags/example_branch_operator.py
[2024-01-30T18:53:09.732+0000] {processor.py:756} INFO - Processing file /home/airflow/.local/lib/python3.7/site-packages/airflow/example_dags/example_branch_operator.py for tasks to queue
[2024-01-30T18:53:09.734+0000] {logging_mixin.py:120} INFO - [2024-01-30T18:53:09.734+0000] {dagbag.py:537} INFO - Filling up the DagBag from /home/airflow/.local/lib/python3.7/site-packages/airflow/example_dags/example_branch_operator.py
[2024-01-30T18:53:09.770+0000] {processor.py:766} INFO - DAG(s) dict_keys(['example_branch_operator']) retrieved from /home/airflow/.local/lib/python3.7/site-packages/airflow/example_dags/example_branch_operator.py
[2024-01-30T18:53:09.842+0000] {logging_mixin.py:120} INFO - [2024-01-30T18:53:09.842+0000] {dag.py:2585} INFO - Sync 1 DAGs
[2024-01-30T18:53:09.897+0000] {logging_mixin.py:120} INFO - [2024-01-30T18:53:09.897+0000] {dag.py:3340} INFO - Setting next_dagrun for example_branch_operator to 2024-01-29T00:00:00+00:00, run_after=2024-01-30T00:00:00+00:00
[2024-01-30T18:53:09.945+0000] {processor.py:176} INFO - Processing /home/airflow/.local/lib/python3.7/site-packages/airflow/example_dags/example_branch_operator.py took 0.224 seconds
[2024-01-30T18:53:40.031+0000] {processor.py:154} INFO - Started process (PID=636) to work on /home/airflow/.local/lib/python3.7/site-packages/airflow/example_dags/example_branch_operator.py
[2024-01-30T18:53:40.032+0000] {processor.py:756} INFO - Processing file /home/airflow/.local/lib/python3.7/site-packages/airflow/example_dags/example_branch_operator.py for tasks to queue
[2024-01-30T18:53:40.034+0000] {logging_mixin.py:120} INFO - [2024-01-30T18:53:40.033+0000] {dagbag.py:537} INFO - Filling up the DagBag from /home/airflow/.local/lib/python3.7/site-packages/airflow/example_dags/example_branch_operator.py
[2024-01-30T18:53:40.060+0000] {processor.py:766} INFO - DAG(s) dict_keys(['example_branch_operator']) retrieved from /home/airflow/.local/lib/python3.7/site-packages/airflow/example_dags/example_branch_operator.py
[2024-01-30T18:53:40.114+0000] {logging_mixin.py:120} INFO - [2024-01-30T18:53:40.114+0000] {dag.py:2585} INFO - Sync 1 DAGs
[2024-01-30T18:53:40.148+0000] {logging_mixin.py:120} INFO - [2024-01-30T18:53:40.148+0000] {dag.py:3340} INFO - Setting next_dagrun for example_branch_operator to 2024-01-29T00:00:00+00:00, run_after=2024-01-30T00:00:00+00:00
[2024-01-30T18:53:40.174+0000] {processor.py:176} INFO - Processing /home/airflow/.local/lib/python3.7/site-packages/airflow/example_dags/example_branch_operator.py took 0.148 seconds
[2024-01-30T18:54:10.800+0000] {processor.py:154} INFO - Started process (PID=691) to work on /home/airflow/.local/lib/python3.7/site-packages/airflow/example_dags/example_branch_operator.py
[2024-01-30T18:54:10.801+0000] {processor.py:756} INFO - Processing file /home/airflow/.local/lib/python3.7/site-packages/airflow/example_dags/example_branch_operator.py for tasks to queue
[2024-01-30T18:54:10.803+0000] {logging_mixin.py:120} INFO - [2024-01-30T18:54:10.802+0000] {dagbag.py:537} INFO - Filling up the DagBag from /home/airflow/.local/lib/python3.7/site-packages/airflow/example_dags/example_branch_operator.py
[2024-01-30T18:54:10.826+0000] {processor.py:766} INFO - DAG(s) dict_keys(['example_branch_operator']) retrieved from /home/airflow/.local/lib/python3.7/site-packages/airflow/example_dags/example_branch_operator.py
[2024-01-30T18:54:10.885+0000] {logging_mixin.py:120} INFO - [2024-01-30T18:54:10.884+0000] {dag.py:2585} INFO - Sync 1 DAGs
[2024-01-30T18:54:10.920+0000] {logging_mixin.py:120} INFO - [2024-01-30T18:54:10.920+0000] {dag.py:3340} INFO - Setting next_dagrun for example_branch_operator to 2024-01-29T00:00:00+00:00, run_after=2024-01-30T00:00:00+00:00
[2024-01-30T18:54:10.947+0000] {processor.py:176} INFO - Processing /home/airflow/.local/lib/python3.7/site-packages/airflow/example_dags/example_branch_operator.py took 0.150 seconds
[2024-01-30T18:54:41.156+0000] {processor.py:154} INFO - Started process (PID=755) to work on /home/airflow/.local/lib/python3.7/site-packages/airflow/example_dags/example_branch_operator.py
[2024-01-30T18:54:41.160+0000] {processor.py:756} INFO - Processing file /home/airflow/.local/lib/python3.7/site-packages/airflow/example_dags/example_branch_operator.py for tasks to queue
[2024-01-30T18:54:41.162+0000] {logging_mixin.py:120} INFO - [2024-01-30T18:54:41.162+0000] {dagbag.py:537} INFO - Filling up the DagBag from /home/airflow/.local/lib/python3.7/site-packages/airflow/example_dags/example_branch_operator.py
[2024-01-30T18:54:41.194+0000] {processor.py:766} INFO - DAG(s) dict_keys(['example_branch_operator']) retrieved from /home/airflow/.local/lib/python3.7/site-packages/airflow/example_dags/example_branch_operator.py
[2024-01-30T18:54:41.296+0000] {logging_mixin.py:120} INFO - [2024-01-30T18:54:41.296+0000] {dag.py:2585} INFO - Sync 1 DAGs
[2024-01-30T18:54:41.338+0000] {logging_mixin.py:120} INFO - [2024-01-30T18:54:41.338+0000] {dag.py:3340} INFO - Setting next_dagrun for example_branch_operator to 2024-01-29T00:00:00+00:00, run_after=2024-01-30T00:00:00+00:00
[2024-01-30T18:54:41.371+0000] {processor.py:176} INFO - Processing /home/airflow/.local/lib/python3.7/site-packages/airflow/example_dags/example_branch_operator.py took 0.220 seconds
[2024-01-30T18:55:12.101+0000] {processor.py:154} INFO - Started process (PID=810) to work on /home/airflow/.local/lib/python3.7/site-packages/airflow/example_dags/example_branch_operator.py
[2024-01-30T18:55:12.103+0000] {processor.py:756} INFO - Processing file /home/airflow/.local/lib/python3.7/site-packages/airflow/example_dags/example_branch_operator.py for tasks to queue
[2024-01-30T18:55:12.105+0000] {logging_mixin.py:120} INFO - [2024-01-30T18:55:12.105+0000] {dagbag.py:537} INFO - Filling up the DagBag from /home/airflow/.local/lib/python3.7/site-packages/airflow/example_dags/example_branch_operator.py
[2024-01-30T18:55:12.153+0000] {processor.py:766} INFO - DAG(s) dict_keys(['example_branch_operator']) retrieved from /home/airflow/.local/lib/python3.7/site-packages/airflow/example_dags/example_branch_operator.py
[2024-01-30T18:55:12.230+0000] {logging_mixin.py:120} INFO - [2024-01-30T18:55:12.230+0000] {dag.py:2585} INFO - Sync 1 DAGs
[2024-01-30T18:55:12.266+0000] {logging_mixin.py:120} INFO - [2024-01-30T18:55:12.266+0000] {dag.py:3340} INFO - Setting next_dagrun for example_branch_operator to 2024-01-29T00:00:00+00:00, run_after=2024-01-30T00:00:00+00:00
[2024-01-30T18:55:12.292+0000] {processor.py:176} INFO - Processing /home/airflow/.local/lib/python3.7/site-packages/airflow/example_dags/example_branch_operator.py took 0.203 seconds
[2024-01-30T18:55:42.760+0000] {processor.py:154} INFO - Started process (PID=873) to work on /home/airflow/.local/lib/python3.7/site-packages/airflow/example_dags/example_branch_operator.py
[2024-01-30T18:55:42.761+0000] {processor.py:756} INFO - Processing file /home/airflow/.local/lib/python3.7/site-packages/airflow/example_dags/example_branch_operator.py for tasks to queue
[2024-01-30T18:55:42.763+0000] {logging_mixin.py:120} INFO - [2024-01-30T18:55:42.762+0000] {dagbag.py:537} INFO - Filling up the DagBag from /home/airflow/.local/lib/python3.7/site-packages/airflow/example_dags/example_branch_operator.py
[2024-01-30T18:55:42.791+0000] {processor.py:766} INFO - DAG(s) dict_keys(['example_branch_operator']) retrieved from /home/airflow/.local/lib/python3.7/site-packages/airflow/example_dags/example_branch_operator.py
[2024-01-30T18:55:42.860+0000] {logging_mixin.py:120} INFO - [2024-01-30T18:55:42.860+0000] {dag.py:2585} INFO - Sync 1 DAGs
[2024-01-30T18:55:42.904+0000] {logging_mixin.py:120} INFO - [2024-01-30T18:55:42.904+0000] {dag.py:3340} INFO - Setting next_dagrun for example_branch_operator to 2024-01-29T00:00:00+00:00, run_after=2024-01-30T00:00:00+00:00
[2024-01-30T18:55:42.936+0000] {processor.py:176} INFO - Processing /home/airflow/.local/lib/python3.7/site-packages/airflow/example_dags/example_branch_operator.py took 0.181 seconds
[2024-01-30T18:56:13.103+0000] {processor.py:154} INFO - Started process (PID=936) to work on /home/airflow/.local/lib/python3.7/site-packages/airflow/example_dags/example_branch_operator.py
[2024-01-30T18:56:13.105+0000] {processor.py:756} INFO - Processing file /home/airflow/.local/lib/python3.7/site-packages/airflow/example_dags/example_branch_operator.py for tasks to queue
[2024-01-30T18:56:13.107+0000] {logging_mixin.py:120} INFO - [2024-01-30T18:56:13.107+0000] {dagbag.py:537} INFO - Filling up the DagBag from /home/airflow/.local/lib/python3.7/site-packages/airflow/example_dags/example_branch_operator.py
[2024-01-30T18:56:13.136+0000] {processor.py:766} INFO - DAG(s) dict_keys(['example_branch_operator']) retrieved from /home/airflow/.local/lib/python3.7/site-packages/airflow/example_dags/example_branch_operator.py
[2024-01-30T18:56:13.203+0000] {logging_mixin.py:120} INFO - [2024-01-30T18:56:13.203+0000] {dag.py:2585} INFO - Sync 1 DAGs
[2024-01-30T18:56:13.237+0000] {logging_mixin.py:120} INFO - [2024-01-30T18:56:13.237+0000] {dag.py:3340} INFO - Setting next_dagrun for example_branch_operator to 2024-01-29T00:00:00+00:00, run_after=2024-01-30T00:00:00+00:00
[2024-01-30T18:56:13.260+0000] {processor.py:176} INFO - Processing /home/airflow/.local/lib/python3.7/site-packages/airflow/example_dags/example_branch_operator.py took 0.162 seconds
[2024-01-30T18:56:43.579+0000] {processor.py:154} INFO - Started process (PID=991) to work on /home/airflow/.local/lib/python3.7/site-packages/airflow/example_dags/example_branch_operator.py
[2024-01-30T18:56:43.580+0000] {processor.py:756} INFO - Processing file /home/airflow/.local/lib/python3.7/site-packages/airflow/example_dags/example_branch_operator.py for tasks to queue
[2024-01-30T18:56:43.582+0000] {logging_mixin.py:120} INFO - [2024-01-30T18:56:43.582+0000] {dagbag.py:537} INFO - Filling up the DagBag from /home/airflow/.local/lib/python3.7/site-packages/airflow/example_dags/example_branch_operator.py
[2024-01-30T18:56:43.619+0000] {processor.py:766} INFO - DAG(s) dict_keys(['example_branch_operator']) retrieved from /home/airflow/.local/lib/python3.7/site-packages/airflow/example_dags/example_branch_operator.py
[2024-01-30T18:56:43.705+0000] {logging_mixin.py:120} INFO - [2024-01-30T18:56:43.704+0000] {dag.py:2585} INFO - Sync 1 DAGs
[2024-01-30T18:56:43.766+0000] {logging_mixin.py:120} INFO - [2024-01-30T18:56:43.765+0000] {dag.py:3340} INFO - Setting next_dagrun for example_branch_operator to 2024-01-29T00:00:00+00:00, run_after=2024-01-30T00:00:00+00:00
[2024-01-30T18:56:43.803+0000] {processor.py:176} INFO - Processing /home/airflow/.local/lib/python3.7/site-packages/airflow/example_dags/example_branch_operator.py took 0.231 seconds
[2024-01-30T18:57:14.185+0000] {processor.py:154} INFO - Started process (PID=1055) to work on /home/airflow/.local/lib/python3.7/site-packages/airflow/example_dags/example_branch_operator.py
[2024-01-30T18:57:14.187+0000] {processor.py:756} INFO - Processing file /home/airflow/.local/lib/python3.7/site-packages/airflow/example_dags/example_branch_operator.py for tasks to queue
[2024-01-30T18:57:14.189+0000] {logging_mixin.py:120} INFO - [2024-01-30T18:57:14.188+0000] {dagbag.py:537} INFO - Filling up the DagBag from /home/airflow/.local/lib/python3.7/site-packages/airflow/example_dags/example_branch_operator.py
[2024-01-30T18:57:14.218+0000] {processor.py:766} INFO - DAG(s) dict_keys(['example_branch_operator']) retrieved from /home/airflow/.local/lib/python3.7/site-packages/airflow/example_dags/example_branch_operator.py
[2024-01-30T18:57:14.283+0000] {logging_mixin.py:120} INFO - [2024-01-30T18:57:14.283+0000] {dag.py:2585} INFO - Sync 1 DAGs
[2024-01-30T18:57:14.315+0000] {logging_mixin.py:120} INFO - [2024-01-30T18:57:14.315+0000] {dag.py:3340} INFO - Setting next_dagrun for example_branch_operator to 2024-01-29T00:00:00+00:00, run_after=2024-01-30T00:00:00+00:00
[2024-01-30T18:57:14.339+0000] {processor.py:176} INFO - Processing /home/airflow/.local/lib/python3.7/site-packages/airflow/example_dags/example_branch_operator.py took 0.159 seconds
[2024-01-30T18:57:44.382+0000] {processor.py:154} INFO - Started process (PID=1110) to work on /home/airflow/.local/lib/python3.7/site-packages/airflow/example_dags/example_branch_operator.py
[2024-01-30T18:57:44.383+0000] {processor.py:756} INFO - Processing file /home/airflow/.local/lib/python3.7/site-packages/airflow/example_dags/example_branch_operator.py for tasks to queue
[2024-01-30T18:57:44.384+0000] {logging_mixin.py:120} INFO - [2024-01-30T18:57:44.384+0000] {dagbag.py:537} INFO - Filling up the DagBag from /home/airflow/.local/lib/python3.7/site-packages/airflow/example_dags/example_branch_operator.py
[2024-01-30T18:57:44.407+0000] {processor.py:766} INFO - DAG(s) dict_keys(['example_branch_operator']) retrieved from /home/airflow/.local/lib/python3.7/site-packages/airflow/example_dags/example_branch_operator.py
[2024-01-30T18:57:44.458+0000] {logging_mixin.py:120} INFO - [2024-01-30T18:57:44.458+0000] {dag.py:2585} INFO - Sync 1 DAGs
[2024-01-30T18:57:44.491+0000] {logging_mixin.py:120} INFO - [2024-01-30T18:57:44.491+0000] {dag.py:3340} INFO - Setting next_dagrun for example_branch_operator to 2024-01-29T00:00:00+00:00, run_after=2024-01-30T00:00:00+00:00
[2024-01-30T18:57:44.524+0000] {processor.py:176} INFO - Processing /home/airflow/.local/lib/python3.7/site-packages/airflow/example_dags/example_branch_operator.py took 0.147 seconds
[2024-01-30T18:58:14.724+0000] {processor.py:154} INFO - Started process (PID=1173) to work on /home/airflow/.local/lib/python3.7/site-packages/airflow/example_dags/example_branch_operator.py
[2024-01-30T18:58:14.727+0000] {processor.py:756} INFO - Processing file /home/airflow/.local/lib/python3.7/site-packages/airflow/example_dags/example_branch_operator.py for tasks to queue
[2024-01-30T18:58:14.729+0000] {logging_mixin.py:120} INFO - [2024-01-30T18:58:14.729+0000] {dagbag.py:537} INFO - Filling up the DagBag from /home/airflow/.local/lib/python3.7/site-packages/airflow/example_dags/example_branch_operator.py
[2024-01-30T18:58:14.769+0000] {processor.py:766} INFO - DAG(s) dict_keys(['example_branch_operator']) retrieved from /home/airflow/.local/lib/python3.7/site-packages/airflow/example_dags/example_branch_operator.py
[2024-01-30T18:58:14.863+0000] {logging_mixin.py:120} INFO - [2024-01-30T18:58:14.863+0000] {dag.py:2585} INFO - Sync 1 DAGs
[2024-01-30T18:58:14.927+0000] {logging_mixin.py:120} INFO - [2024-01-30T18:58:14.926+0000] {dag.py:3340} INFO - Setting next_dagrun for example_branch_operator to 2024-01-29T00:00:00+00:00, run_after=2024-01-30T00:00:00+00:00
[2024-01-30T18:58:14.978+0000] {processor.py:176} INFO - Processing /home/airflow/.local/lib/python3.7/site-packages/airflow/example_dags/example_branch_operator.py took 0.262 seconds
[2024-01-30T18:58:45.386+0000] {processor.py:154} INFO - Started process (PID=1237) to work on /home/airflow/.local/lib/python3.7/site-packages/airflow/example_dags/example_branch_operator.py
[2024-01-30T18:58:45.388+0000] {processor.py:756} INFO - Processing file /home/airflow/.local/lib/python3.7/site-packages/airflow/example_dags/example_branch_operator.py for tasks to queue
[2024-01-30T18:58:45.392+0000] {logging_mixin.py:120} INFO - [2024-01-30T18:58:45.391+0000] {dagbag.py:537} INFO - Filling up the DagBag from /home/airflow/.local/lib/python3.7/site-packages/airflow/example_dags/example_branch_operator.py
[2024-01-30T18:58:45.427+0000] {processor.py:766} INFO - DAG(s) dict_keys(['example_branch_operator']) retrieved from /home/airflow/.local/lib/python3.7/site-packages/airflow/example_dags/example_branch_operator.py
[2024-01-30T18:58:45.513+0000] {logging_mixin.py:120} INFO - [2024-01-30T18:58:45.513+0000] {dag.py:2585} INFO - Sync 1 DAGs
[2024-01-30T18:58:45.562+0000] {logging_mixin.py:120} INFO - [2024-01-30T18:58:45.562+0000] {dag.py:3340} INFO - Setting next_dagrun for example_branch_operator to 2024-01-29T00:00:00+00:00, run_after=2024-01-30T00:00:00+00:00
[2024-01-30T18:58:45.605+0000] {processor.py:176} INFO - Processing /home/airflow/.local/lib/python3.7/site-packages/airflow/example_dags/example_branch_operator.py took 0.225 seconds
[2024-01-30T18:59:16.443+0000] {processor.py:154} INFO - Started process (PID=1292) to work on /home/airflow/.local/lib/python3.7/site-packages/airflow/example_dags/example_branch_operator.py
[2024-01-30T18:59:16.445+0000] {processor.py:756} INFO - Processing file /home/airflow/.local/lib/python3.7/site-packages/airflow/example_dags/example_branch_operator.py for tasks to queue
[2024-01-30T18:59:16.447+0000] {logging_mixin.py:120} INFO - [2024-01-30T18:59:16.447+0000] {dagbag.py:537} INFO - Filling up the DagBag from /home/airflow/.local/lib/python3.7/site-packages/airflow/example_dags/example_branch_operator.py
[2024-01-30T18:59:16.479+0000] {processor.py:766} INFO - DAG(s) dict_keys(['example_branch_operator']) retrieved from /home/airflow/.local/lib/python3.7/site-packages/airflow/example_dags/example_branch_operator.py
[2024-01-30T18:59:16.534+0000] {logging_mixin.py:120} INFO - [2024-01-30T18:59:16.534+0000] {dag.py:2585} INFO - Sync 1 DAGs
[2024-01-30T18:59:16.571+0000] {logging_mixin.py:120} INFO - [2024-01-30T18:59:16.571+0000] {dag.py:3340} INFO - Setting next_dagrun for example_branch_operator to 2024-01-29T00:00:00+00:00, run_after=2024-01-30T00:00:00+00:00
[2024-01-30T18:59:16.599+0000] {processor.py:176} INFO - Processing /home/airflow/.local/lib/python3.7/site-packages/airflow/example_dags/example_branch_operator.py took 0.163 seconds
[2024-01-30T18:59:46.989+0000] {processor.py:154} INFO - Started process (PID=1357) to work on /home/airflow/.local/lib/python3.7/site-packages/airflow/example_dags/example_branch_operator.py
[2024-01-30T18:59:46.994+0000] {processor.py:756} INFO - Processing file /home/airflow/.local/lib/python3.7/site-packages/airflow/example_dags/example_branch_operator.py for tasks to queue
[2024-01-30T18:59:46.996+0000] {logging_mixin.py:120} INFO - [2024-01-30T18:59:46.996+0000] {dagbag.py:537} INFO - Filling up the DagBag from /home/airflow/.local/lib/python3.7/site-packages/airflow/example_dags/example_branch_operator.py
[2024-01-30T18:59:47.033+0000] {processor.py:766} INFO - DAG(s) dict_keys(['example_branch_operator']) retrieved from /home/airflow/.local/lib/python3.7/site-packages/airflow/example_dags/example_branch_operator.py
[2024-01-30T18:59:47.119+0000] {logging_mixin.py:120} INFO - [2024-01-30T18:59:47.118+0000] {dag.py:2585} INFO - Sync 1 DAGs
[2024-01-30T18:59:47.173+0000] {logging_mixin.py:120} INFO - [2024-01-30T18:59:47.173+0000] {dag.py:3340} INFO - Setting next_dagrun for example_branch_operator to 2024-01-29T00:00:00+00:00, run_after=2024-01-30T00:00:00+00:00
[2024-01-30T18:59:47.232+0000] {processor.py:176} INFO - Processing /home/airflow/.local/lib/python3.7/site-packages/airflow/example_dags/example_branch_operator.py took 0.266 seconds
[2024-01-30T19:00:18.171+0000] {processor.py:154} INFO - Started process (PID=1419) to work on /home/airflow/.local/lib/python3.7/site-packages/airflow/example_dags/example_branch_operator.py
[2024-01-30T19:00:18.172+0000] {processor.py:756} INFO - Processing file /home/airflow/.local/lib/python3.7/site-packages/airflow/example_dags/example_branch_operator.py for tasks to queue
[2024-01-30T19:00:18.174+0000] {logging_mixin.py:120} INFO - [2024-01-30T19:00:18.173+0000] {dagbag.py:537} INFO - Filling up the DagBag from /home/airflow/.local/lib/python3.7/site-packages/airflow/example_dags/example_branch_operator.py
[2024-01-30T19:00:18.197+0000] {processor.py:766} INFO - DAG(s) dict_keys(['example_branch_operator']) retrieved from /home/airflow/.local/lib/python3.7/site-packages/airflow/example_dags/example_branch_operator.py
[2024-01-30T19:00:18.251+0000] {logging_mixin.py:120} INFO - [2024-01-30T19:00:18.251+0000] {dag.py:2585} INFO - Sync 1 DAGs
[2024-01-30T19:00:18.285+0000] {logging_mixin.py:120} INFO - [2024-01-30T19:00:18.285+0000] {dag.py:3340} INFO - Setting next_dagrun for example_branch_operator to 2024-01-29T00:00:00+00:00, run_after=2024-01-30T00:00:00+00:00
[2024-01-30T19:00:18.310+0000] {processor.py:176} INFO - Processing /home/airflow/.local/lib/python3.7/site-packages/airflow/example_dags/example_branch_operator.py took 0.144 seconds
[2024-01-30T19:00:49.105+0000] {processor.py:154} INFO - Started process (PID=1476) to work on /home/airflow/.local/lib/python3.7/site-packages/airflow/example_dags/example_branch_operator.py
[2024-01-30T19:00:49.107+0000] {processor.py:756} INFO - Processing file /home/airflow/.local/lib/python3.7/site-packages/airflow/example_dags/example_branch_operator.py for tasks to queue
[2024-01-30T19:00:49.110+0000] {logging_mixin.py:120} INFO - [2024-01-30T19:00:49.109+0000] {dagbag.py:537} INFO - Filling up the DagBag from /home/airflow/.local/lib/python3.7/site-packages/airflow/example_dags/example_branch_operator.py
[2024-01-30T19:00:49.159+0000] {processor.py:766} INFO - DAG(s) dict_keys(['example_branch_operator']) retrieved from /home/airflow/.local/lib/python3.7/site-packages/airflow/example_dags/example_branch_operator.py
[2024-01-30T19:00:49.219+0000] {logging_mixin.py:120} INFO - [2024-01-30T19:00:49.219+0000] {dag.py:2585} INFO - Sync 1 DAGs
[2024-01-30T19:00:49.255+0000] {logging_mixin.py:120} INFO - [2024-01-30T19:00:49.255+0000] {dag.py:3340} INFO - Setting next_dagrun for example_branch_operator to 2024-01-29T00:00:00+00:00, run_after=2024-01-30T00:00:00+00:00
[2024-01-30T19:00:49.282+0000] {processor.py:176} INFO - Processing /home/airflow/.local/lib/python3.7/site-packages/airflow/example_dags/example_branch_operator.py took 0.186 seconds
[2024-01-30T19:01:19.665+0000] {processor.py:154} INFO - Started process (PID=1542) to work on /home/airflow/.local/lib/python3.7/site-packages/airflow/example_dags/example_branch_operator.py
[2024-01-30T19:01:19.667+0000] {processor.py:756} INFO - Processing file /home/airflow/.local/lib/python3.7/site-packages/airflow/example_dags/example_branch_operator.py for tasks to queue
[2024-01-30T19:01:19.669+0000] {logging_mixin.py:120} INFO - [2024-01-30T19:01:19.669+0000] {dagbag.py:537} INFO - Filling up the DagBag from /home/airflow/.local/lib/python3.7/site-packages/airflow/example_dags/example_branch_operator.py
[2024-01-30T19:01:19.708+0000] {processor.py:766} INFO - DAG(s) dict_keys(['example_branch_operator']) retrieved from /home/airflow/.local/lib/python3.7/site-packages/airflow/example_dags/example_branch_operator.py
[2024-01-30T19:01:19.764+0000] {logging_mixin.py:120} INFO - [2024-01-30T19:01:19.764+0000] {dag.py:2585} INFO - Sync 1 DAGs
[2024-01-30T19:01:19.803+0000] {logging_mixin.py:120} INFO - [2024-01-30T19:01:19.803+0000] {dag.py:3340} INFO - Setting next_dagrun for example_branch_operator to 2024-01-29T00:00:00+00:00, run_after=2024-01-30T00:00:00+00:00
[2024-01-30T19:01:19.829+0000] {processor.py:176} INFO - Processing /home/airflow/.local/lib/python3.7/site-packages/airflow/example_dags/example_branch_operator.py took 0.172 seconds
[2024-01-30T19:01:50.518+0000] {processor.py:154} INFO - Started process (PID=1597) to work on /home/airflow/.local/lib/python3.7/site-packages/airflow/example_dags/example_branch_operator.py
[2024-01-30T19:01:50.521+0000] {processor.py:756} INFO - Processing file /home/airflow/.local/lib/python3.7/site-packages/airflow/example_dags/example_branch_operator.py for tasks to queue
[2024-01-30T19:01:50.523+0000] {logging_mixin.py:120} INFO - [2024-01-30T19:01:50.523+0000] {dagbag.py:537} INFO - Filling up the DagBag from /home/airflow/.local/lib/python3.7/site-packages/airflow/example_dags/example_branch_operator.py
[2024-01-30T19:01:50.553+0000] {processor.py:766} INFO - DAG(s) dict_keys(['example_branch_operator']) retrieved from /home/airflow/.local/lib/python3.7/site-packages/airflow/example_dags/example_branch_operator.py
[2024-01-30T19:01:50.616+0000] {logging_mixin.py:120} INFO - [2024-01-30T19:01:50.616+0000] {dag.py:2585} INFO - Sync 1 DAGs
[2024-01-30T19:01:50.651+0000] {logging_mixin.py:120} INFO - [2024-01-30T19:01:50.651+0000] {dag.py:3340} INFO - Setting next_dagrun for example_branch_operator to 2024-01-29T00:00:00+00:00, run_after=2024-01-30T00:00:00+00:00
[2024-01-30T19:01:50.680+0000] {processor.py:176} INFO - Processing /home/airflow/.local/lib/python3.7/site-packages/airflow/example_dags/example_branch_operator.py took 0.168 seconds
[2024-01-30T19:02:21.324+0000] {processor.py:154} INFO - Started process (PID=1661) to work on /home/airflow/.local/lib/python3.7/site-packages/airflow/example_dags/example_branch_operator.py
[2024-01-30T19:02:21.326+0000] {processor.py:756} INFO - Processing file /home/airflow/.local/lib/python3.7/site-packages/airflow/example_dags/example_branch_operator.py for tasks to queue
[2024-01-30T19:02:21.328+0000] {logging_mixin.py:120} INFO - [2024-01-30T19:02:21.327+0000] {dagbag.py:537} INFO - Filling up the DagBag from /home/airflow/.local/lib/python3.7/site-packages/airflow/example_dags/example_branch_operator.py
[2024-01-30T19:02:21.362+0000] {processor.py:766} INFO - DAG(s) dict_keys(['example_branch_operator']) retrieved from /home/airflow/.local/lib/python3.7/site-packages/airflow/example_dags/example_branch_operator.py
[2024-01-30T19:02:21.432+0000] {logging_mixin.py:120} INFO - [2024-01-30T19:02:21.432+0000] {dag.py:2585} INFO - Sync 1 DAGs
[2024-01-30T19:02:21.480+0000] {logging_mixin.py:120} INFO - [2024-01-30T19:02:21.480+0000] {dag.py:3340} INFO - Setting next_dagrun for example_branch_operator to 2024-01-29T00:00:00+00:00, run_after=2024-01-30T00:00:00+00:00
[2024-01-30T19:02:21.516+0000] {processor.py:176} INFO - Processing /home/airflow/.local/lib/python3.7/site-packages/airflow/example_dags/example_branch_operator.py took 0.199 seconds
[2024-01-30T19:02:51.604+0000] {processor.py:154} INFO - Started process (PID=1725) to work on /home/airflow/.local/lib/python3.7/site-packages/airflow/example_dags/example_branch_operator.py
[2024-01-30T19:02:51.605+0000] {processor.py:756} INFO - Processing file /home/airflow/.local/lib/python3.7/site-packages/airflow/example_dags/example_branch_operator.py for tasks to queue
[2024-01-30T19:02:51.606+0000] {logging_mixin.py:120} INFO - [2024-01-30T19:02:51.606+0000] {dagbag.py:537} INFO - Filling up the DagBag from /home/airflow/.local/lib/python3.7/site-packages/airflow/example_dags/example_branch_operator.py
[2024-01-30T19:02:51.635+0000] {processor.py:766} INFO - DAG(s) dict_keys(['example_branch_operator']) retrieved from /home/airflow/.local/lib/python3.7/site-packages/airflow/example_dags/example_branch_operator.py
[2024-01-30T19:02:51.705+0000] {logging_mixin.py:120} INFO - [2024-01-30T19:02:51.705+0000] {dag.py:2585} INFO - Sync 1 DAGs
[2024-01-30T19:02:51.751+0000] {logging_mixin.py:120} INFO - [2024-01-30T19:02:51.751+0000] {dag.py:3340} INFO - Setting next_dagrun for example_branch_operator to 2024-01-29T00:00:00+00:00, run_after=2024-01-30T00:00:00+00:00
[2024-01-30T19:02:51.792+0000] {processor.py:176} INFO - Processing /home/airflow/.local/lib/python3.7/site-packages/airflow/example_dags/example_branch_operator.py took 0.194 seconds
[2024-01-30T19:03:21.914+0000] {processor.py:154} INFO - Started process (PID=1780) to work on /home/airflow/.local/lib/python3.7/site-packages/airflow/example_dags/example_branch_operator.py
[2024-01-30T19:03:21.915+0000] {processor.py:756} INFO - Processing file /home/airflow/.local/lib/python3.7/site-packages/airflow/example_dags/example_branch_operator.py for tasks to queue
[2024-01-30T19:03:21.917+0000] {logging_mixin.py:120} INFO - [2024-01-30T19:03:21.916+0000] {dagbag.py:537} INFO - Filling up the DagBag from /home/airflow/.local/lib/python3.7/site-packages/airflow/example_dags/example_branch_operator.py
[2024-01-30T19:03:21.942+0000] {processor.py:766} INFO - DAG(s) dict_keys(['example_branch_operator']) retrieved from /home/airflow/.local/lib/python3.7/site-packages/airflow/example_dags/example_branch_operator.py
[2024-01-30T19:03:22.004+0000] {logging_mixin.py:120} INFO - [2024-01-30T19:03:22.003+0000] {dag.py:2585} INFO - Sync 1 DAGs
[2024-01-30T19:03:22.045+0000] {logging_mixin.py:120} INFO - [2024-01-30T19:03:22.045+0000] {dag.py:3340} INFO - Setting next_dagrun for example_branch_operator to 2024-01-29T00:00:00+00:00, run_after=2024-01-30T00:00:00+00:00
[2024-01-30T19:03:22.082+0000] {processor.py:176} INFO - Processing /home/airflow/.local/lib/python3.7/site-packages/airflow/example_dags/example_branch_operator.py took 0.173 seconds
[2024-01-30T19:03:52.450+0000] {processor.py:154} INFO - Started process (PID=1844) to work on /home/airflow/.local/lib/python3.7/site-packages/airflow/example_dags/example_branch_operator.py
[2024-01-30T19:03:52.451+0000] {processor.py:756} INFO - Processing file /home/airflow/.local/lib/python3.7/site-packages/airflow/example_dags/example_branch_operator.py for tasks to queue
[2024-01-30T19:03:52.453+0000] {logging_mixin.py:120} INFO - [2024-01-30T19:03:52.453+0000] {dagbag.py:537} INFO - Filling up the DagBag from /home/airflow/.local/lib/python3.7/site-packages/airflow/example_dags/example_branch_operator.py
[2024-01-30T19:03:52.486+0000] {processor.py:766} INFO - DAG(s) dict_keys(['example_branch_operator']) retrieved from /home/airflow/.local/lib/python3.7/site-packages/airflow/example_dags/example_branch_operator.py
[2024-01-30T19:03:52.561+0000] {logging_mixin.py:120} INFO - [2024-01-30T19:03:52.561+0000] {dag.py:2585} INFO - Sync 1 DAGs
[2024-01-30T19:03:52.603+0000] {logging_mixin.py:120} INFO - [2024-01-30T19:03:52.603+0000] {dag.py:3340} INFO - Setting next_dagrun for example_branch_operator to 2024-01-29T00:00:00+00:00, run_after=2024-01-30T00:00:00+00:00
[2024-01-30T19:03:52.639+0000] {processor.py:176} INFO - Processing /home/airflow/.local/lib/python3.7/site-packages/airflow/example_dags/example_branch_operator.py took 0.194 seconds
[2024-01-30T19:04:23.261+0000] {processor.py:154} INFO - Started process (PID=1907) to work on /home/airflow/.local/lib/python3.7/site-packages/airflow/example_dags/example_branch_operator.py
[2024-01-30T19:04:23.263+0000] {processor.py:756} INFO - Processing file /home/airflow/.local/lib/python3.7/site-packages/airflow/example_dags/example_branch_operator.py for tasks to queue
[2024-01-30T19:04:23.264+0000] {logging_mixin.py:120} INFO - [2024-01-30T19:04:23.264+0000] {dagbag.py:537} INFO - Filling up the DagBag from /home/airflow/.local/lib/python3.7/site-packages/airflow/example_dags/example_branch_operator.py
[2024-01-30T19:04:23.294+0000] {processor.py:766} INFO - DAG(s) dict_keys(['example_branch_operator']) retrieved from /home/airflow/.local/lib/python3.7/site-packages/airflow/example_dags/example_branch_operator.py
[2024-01-30T19:04:23.361+0000] {logging_mixin.py:120} INFO - [2024-01-30T19:04:23.361+0000] {dag.py:2585} INFO - Sync 1 DAGs
[2024-01-30T19:04:23.409+0000] {logging_mixin.py:120} INFO - [2024-01-30T19:04:23.409+0000] {dag.py:3340} INFO - Setting next_dagrun for example_branch_operator to 2024-01-29T00:00:00+00:00, run_after=2024-01-30T00:00:00+00:00
[2024-01-30T19:04:23.459+0000] {processor.py:176} INFO - Processing /home/airflow/.local/lib/python3.7/site-packages/airflow/example_dags/example_branch_operator.py took 0.204 seconds
[2024-01-30T19:04:53.763+0000] {processor.py:154} INFO - Started process (PID=1962) to work on /home/airflow/.local/lib/python3.7/site-packages/airflow/example_dags/example_branch_operator.py
[2024-01-30T19:04:53.765+0000] {processor.py:756} INFO - Processing file /home/airflow/.local/lib/python3.7/site-packages/airflow/example_dags/example_branch_operator.py for tasks to queue
[2024-01-30T19:04:53.766+0000] {logging_mixin.py:120} INFO - [2024-01-30T19:04:53.766+0000] {dagbag.py:537} INFO - Filling up the DagBag from /home/airflow/.local/lib/python3.7/site-packages/airflow/example_dags/example_branch_operator.py
[2024-01-30T19:04:53.793+0000] {processor.py:766} INFO - DAG(s) dict_keys(['example_branch_operator']) retrieved from /home/airflow/.local/lib/python3.7/site-packages/airflow/example_dags/example_branch_operator.py
[2024-01-30T19:04:53.851+0000] {logging_mixin.py:120} INFO - [2024-01-30T19:04:53.851+0000] {dag.py:2585} INFO - Sync 1 DAGs
[2024-01-30T19:04:53.886+0000] {logging_mixin.py:120} INFO - [2024-01-30T19:04:53.886+0000] {dag.py:3340} INFO - Setting next_dagrun for example_branch_operator to 2024-01-29T00:00:00+00:00, run_after=2024-01-30T00:00:00+00:00
[2024-01-30T19:04:53.913+0000] {processor.py:176} INFO - Processing /home/airflow/.local/lib/python3.7/site-packages/airflow/example_dags/example_branch_operator.py took 0.155 seconds
[2024-01-30T19:05:24.078+0000] {processor.py:154} INFO - Started process (PID=2026) to work on /home/airflow/.local/lib/python3.7/site-packages/airflow/example_dags/example_branch_operator.py
[2024-01-30T19:05:24.080+0000] {processor.py:756} INFO - Processing file /home/airflow/.local/lib/python3.7/site-packages/airflow/example_dags/example_branch_operator.py for tasks to queue
[2024-01-30T19:05:24.081+0000] {logging_mixin.py:120} INFO - [2024-01-30T19:05:24.081+0000] {dagbag.py:537} INFO - Filling up the DagBag from /home/airflow/.local/lib/python3.7/site-packages/airflow/example_dags/example_branch_operator.py
[2024-01-30T19:05:24.114+0000] {processor.py:766} INFO - DAG(s) dict_keys(['example_branch_operator']) retrieved from /home/airflow/.local/lib/python3.7/site-packages/airflow/example_dags/example_branch_operator.py
[2024-01-30T19:05:24.199+0000] {logging_mixin.py:120} INFO - [2024-01-30T19:05:24.198+0000] {dag.py:2585} INFO - Sync 1 DAGs
[2024-01-30T19:05:24.270+0000] {logging_mixin.py:120} INFO - [2024-01-30T19:05:24.270+0000] {dag.py:3340} INFO - Setting next_dagrun for example_branch_operator to 2024-01-29T00:00:00+00:00, run_after=2024-01-30T00:00:00+00:00
[2024-01-30T19:05:24.330+0000] {processor.py:176} INFO - Processing /home/airflow/.local/lib/python3.7/site-packages/airflow/example_dags/example_branch_operator.py took 0.259 seconds
[2024-01-30T19:05:54.564+0000] {processor.py:154} INFO - Started process (PID=2082) to work on /home/airflow/.local/lib/python3.7/site-packages/airflow/example_dags/example_branch_operator.py
[2024-01-30T19:05:54.566+0000] {processor.py:756} INFO - Processing file /home/airflow/.local/lib/python3.7/site-packages/airflow/example_dags/example_branch_operator.py for tasks to queue
[2024-01-30T19:05:54.568+0000] {logging_mixin.py:120} INFO - [2024-01-30T19:05:54.567+0000] {dagbag.py:537} INFO - Filling up the DagBag from /home/airflow/.local/lib/python3.7/site-packages/airflow/example_dags/example_branch_operator.py
[2024-01-30T19:05:54.608+0000] {processor.py:766} INFO - DAG(s) dict_keys(['example_branch_operator']) retrieved from /home/airflow/.local/lib/python3.7/site-packages/airflow/example_dags/example_branch_operator.py
[2024-01-30T19:05:54.698+0000] {logging_mixin.py:120} INFO - [2024-01-30T19:05:54.698+0000] {dag.py:2585} INFO - Sync 1 DAGs
[2024-01-30T19:05:54.753+0000] {logging_mixin.py:120} INFO - [2024-01-30T19:05:54.752+0000] {dag.py:3340} INFO - Setting next_dagrun for example_branch_operator to 2024-01-29T00:00:00+00:00, run_after=2024-01-30T00:00:00+00:00
[2024-01-30T19:05:54.801+0000] {processor.py:176} INFO - Processing /home/airflow/.local/lib/python3.7/site-packages/airflow/example_dags/example_branch_operator.py took 0.244 seconds
[2024-01-30T19:06:25.231+0000] {processor.py:154} INFO - Started process (PID=2147) to work on /home/airflow/.local/lib/python3.7/site-packages/airflow/example_dags/example_branch_operator.py
[2024-01-30T19:06:25.233+0000] {processor.py:756} INFO - Processing file /home/airflow/.local/lib/python3.7/site-packages/airflow/example_dags/example_branch_operator.py for tasks to queue
[2024-01-30T19:06:25.235+0000] {logging_mixin.py:120} INFO - [2024-01-30T19:06:25.235+0000] {dagbag.py:537} INFO - Filling up the DagBag from /home/airflow/.local/lib/python3.7/site-packages/airflow/example_dags/example_branch_operator.py
[2024-01-30T19:06:25.265+0000] {processor.py:766} INFO - DAG(s) dict_keys(['example_branch_operator']) retrieved from /home/airflow/.local/lib/python3.7/site-packages/airflow/example_dags/example_branch_operator.py
[2024-01-30T19:06:25.367+0000] {logging_mixin.py:120} INFO - [2024-01-30T19:06:25.367+0000] {dag.py:2585} INFO - Sync 1 DAGs
[2024-01-30T19:06:25.411+0000] {logging_mixin.py:120} INFO - [2024-01-30T19:06:25.411+0000] {dag.py:3340} INFO - Setting next_dagrun for example_branch_operator to 2024-01-29T00:00:00+00:00, run_after=2024-01-30T00:00:00+00:00
[2024-01-30T19:06:25.447+0000] {processor.py:176} INFO - Processing /home/airflow/.local/lib/python3.7/site-packages/airflow/example_dags/example_branch_operator.py took 0.222 seconds
[2024-01-30T19:06:56.154+0000] {processor.py:154} INFO - Started process (PID=2211) to work on /home/airflow/.local/lib/python3.7/site-packages/airflow/example_dags/example_branch_operator.py
[2024-01-30T19:06:56.156+0000] {processor.py:756} INFO - Processing file /home/airflow/.local/lib/python3.7/site-packages/airflow/example_dags/example_branch_operator.py for tasks to queue
[2024-01-30T19:06:56.158+0000] {logging_mixin.py:120} INFO - [2024-01-30T19:06:56.157+0000] {dagbag.py:537} INFO - Filling up the DagBag from /home/airflow/.local/lib/python3.7/site-packages/airflow/example_dags/example_branch_operator.py
[2024-01-30T19:06:56.199+0000] {processor.py:766} INFO - DAG(s) dict_keys(['example_branch_operator']) retrieved from /home/airflow/.local/lib/python3.7/site-packages/airflow/example_dags/example_branch_operator.py
[2024-01-30T19:06:56.301+0000] {logging_mixin.py:120} INFO - [2024-01-30T19:06:56.301+0000] {dag.py:2585} INFO - Sync 1 DAGs
[2024-01-30T19:06:56.374+0000] {logging_mixin.py:120} INFO - [2024-01-30T19:06:56.374+0000] {dag.py:3340} INFO - Setting next_dagrun for example_branch_operator to 2024-01-29T00:00:00+00:00, run_after=2024-01-30T00:00:00+00:00
[2024-01-30T19:06:56.410+0000] {processor.py:176} INFO - Processing /home/airflow/.local/lib/python3.7/site-packages/airflow/example_dags/example_branch_operator.py took 0.263 seconds
[2024-01-30T19:07:27.030+0000] {processor.py:154} INFO - Started process (PID=2266) to work on /home/airflow/.local/lib/python3.7/site-packages/airflow/example_dags/example_branch_operator.py
[2024-01-30T19:07:27.031+0000] {processor.py:756} INFO - Processing file /home/airflow/.local/lib/python3.7/site-packages/airflow/example_dags/example_branch_operator.py for tasks to queue
[2024-01-30T19:07:27.033+0000] {logging_mixin.py:120} INFO - [2024-01-30T19:07:27.033+0000] {dagbag.py:537} INFO - Filling up the DagBag from /home/airflow/.local/lib/python3.7/site-packages/airflow/example_dags/example_branch_operator.py
[2024-01-30T19:07:27.066+0000] {processor.py:766} INFO - DAG(s) dict_keys(['example_branch_operator']) retrieved from /home/airflow/.local/lib/python3.7/site-packages/airflow/example_dags/example_branch_operator.py
[2024-01-30T19:07:27.158+0000] {logging_mixin.py:120} INFO - [2024-01-30T19:07:27.158+0000] {dag.py:2585} INFO - Sync 1 DAGs
[2024-01-30T19:07:27.204+0000] {logging_mixin.py:120} INFO - [2024-01-30T19:07:27.204+0000] {dag.py:3340} INFO - Setting next_dagrun for example_branch_operator to 2024-01-29T00:00:00+00:00, run_after=2024-01-30T00:00:00+00:00
[2024-01-30T19:07:27.240+0000] {processor.py:176} INFO - Processing /home/airflow/.local/lib/python3.7/site-packages/airflow/example_dags/example_branch_operator.py took 0.215 seconds
[2024-01-30T19:07:57.444+0000] {processor.py:154} INFO - Started process (PID=2329) to work on /home/airflow/.local/lib/python3.7/site-packages/airflow/example_dags/example_branch_operator.py
[2024-01-30T19:07:57.445+0000] {processor.py:756} INFO - Processing file /home/airflow/.local/lib/python3.7/site-packages/airflow/example_dags/example_branch_operator.py for tasks to queue
[2024-01-30T19:07:57.447+0000] {logging_mixin.py:120} INFO - [2024-01-30T19:07:57.446+0000] {dagbag.py:537} INFO - Filling up the DagBag from /home/airflow/.local/lib/python3.7/site-packages/airflow/example_dags/example_branch_operator.py
[2024-01-30T19:07:57.478+0000] {processor.py:766} INFO - DAG(s) dict_keys(['example_branch_operator']) retrieved from /home/airflow/.local/lib/python3.7/site-packages/airflow/example_dags/example_branch_operator.py
[2024-01-30T19:07:57.558+0000] {logging_mixin.py:120} INFO - [2024-01-30T19:07:57.558+0000] {dag.py:2585} INFO - Sync 1 DAGs
[2024-01-30T19:07:57.625+0000] {logging_mixin.py:120} INFO - [2024-01-30T19:07:57.625+0000] {dag.py:3340} INFO - Setting next_dagrun for example_branch_operator to 2024-01-29T00:00:00+00:00, run_after=2024-01-30T00:00:00+00:00
[2024-01-30T19:07:57.664+0000] {processor.py:176} INFO - Processing /home/airflow/.local/lib/python3.7/site-packages/airflow/example_dags/example_branch_operator.py took 0.226 seconds
[2024-01-30T19:08:27.878+0000] {processor.py:154} INFO - Started process (PID=2386) to work on /home/airflow/.local/lib/python3.7/site-packages/airflow/example_dags/example_branch_operator.py
[2024-01-30T19:08:27.880+0000] {processor.py:756} INFO - Processing file /home/airflow/.local/lib/python3.7/site-packages/airflow/example_dags/example_branch_operator.py for tasks to queue
[2024-01-30T19:08:27.881+0000] {logging_mixin.py:120} INFO - [2024-01-30T19:08:27.881+0000] {dagbag.py:537} INFO - Filling up the DagBag from /home/airflow/.local/lib/python3.7/site-packages/airflow/example_dags/example_branch_operator.py
[2024-01-30T19:08:27.910+0000] {processor.py:766} INFO - DAG(s) dict_keys(['example_branch_operator']) retrieved from /home/airflow/.local/lib/python3.7/site-packages/airflow/example_dags/example_branch_operator.py
[2024-01-30T19:08:27.985+0000] {logging_mixin.py:120} INFO - [2024-01-30T19:08:27.984+0000] {dag.py:2585} INFO - Sync 1 DAGs
[2024-01-30T19:08:28.042+0000] {logging_mixin.py:120} INFO - [2024-01-30T19:08:28.041+0000] {dag.py:3340} INFO - Setting next_dagrun for example_branch_operator to 2024-01-29T00:00:00+00:00, run_after=2024-01-30T00:00:00+00:00
[2024-01-30T19:08:28.113+0000] {processor.py:176} INFO - Processing /home/airflow/.local/lib/python3.7/site-packages/airflow/example_dags/example_branch_operator.py took 0.241 seconds
[2024-01-30T19:08:58.556+0000] {processor.py:154} INFO - Started process (PID=2451) to work on /home/airflow/.local/lib/python3.7/site-packages/airflow/example_dags/example_branch_operator.py
[2024-01-30T19:08:58.558+0000] {processor.py:756} INFO - Processing file /home/airflow/.local/lib/python3.7/site-packages/airflow/example_dags/example_branch_operator.py for tasks to queue
[2024-01-30T19:08:58.560+0000] {logging_mixin.py:120} INFO - [2024-01-30T19:08:58.559+0000] {dagbag.py:537} INFO - Filling up the DagBag from /home/airflow/.local/lib/python3.7/site-packages/airflow/example_dags/example_branch_operator.py
[2024-01-30T19:08:58.594+0000] {processor.py:766} INFO - DAG(s) dict_keys(['example_branch_operator']) retrieved from /home/airflow/.local/lib/python3.7/site-packages/airflow/example_dags/example_branch_operator.py
[2024-01-30T19:08:58.681+0000] {logging_mixin.py:120} INFO - [2024-01-30T19:08:58.681+0000] {dag.py:2585} INFO - Sync 1 DAGs
[2024-01-30T19:08:58.744+0000] {logging_mixin.py:120} INFO - [2024-01-30T19:08:58.744+0000] {dag.py:3340} INFO - Setting next_dagrun for example_branch_operator to 2024-01-29T00:00:00+00:00, run_after=2024-01-30T00:00:00+00:00
[2024-01-30T19:08:58.785+0000] {processor.py:176} INFO - Processing /home/airflow/.local/lib/python3.7/site-packages/airflow/example_dags/example_branch_operator.py took 0.237 seconds
[2024-01-30T19:09:28.935+0000] {processor.py:154} INFO - Started process (PID=2519) to work on /home/airflow/.local/lib/python3.7/site-packages/airflow/example_dags/example_branch_operator.py
[2024-01-30T19:09:28.938+0000] {processor.py:756} INFO - Processing file /home/airflow/.local/lib/python3.7/site-packages/airflow/example_dags/example_branch_operator.py for tasks to queue
[2024-01-30T19:09:28.940+0000] {logging_mixin.py:120} INFO - [2024-01-30T19:09:28.940+0000] {dagbag.py:537} INFO - Filling up the DagBag from /home/airflow/.local/lib/python3.7/site-packages/airflow/example_dags/example_branch_operator.py
[2024-01-30T19:09:28.976+0000] {processor.py:766} INFO - DAG(s) dict_keys(['example_branch_operator']) retrieved from /home/airflow/.local/lib/python3.7/site-packages/airflow/example_dags/example_branch_operator.py
[2024-01-30T19:09:29.051+0000] {logging_mixin.py:120} INFO - [2024-01-30T19:09:29.051+0000] {dag.py:2585} INFO - Sync 1 DAGs
[2024-01-30T19:09:29.095+0000] {logging_mixin.py:120} INFO - [2024-01-30T19:09:29.095+0000] {dag.py:3340} INFO - Setting next_dagrun for example_branch_operator to 2024-01-29T00:00:00+00:00, run_after=2024-01-30T00:00:00+00:00
[2024-01-30T19:09:29.131+0000] {processor.py:176} INFO - Processing /home/airflow/.local/lib/python3.7/site-packages/airflow/example_dags/example_branch_operator.py took 0.202 seconds
[2024-01-30T19:09:59.542+0000] {processor.py:154} INFO - Started process (PID=2574) to work on /home/airflow/.local/lib/python3.7/site-packages/airflow/example_dags/example_branch_operator.py
[2024-01-30T19:09:59.543+0000] {processor.py:756} INFO - Processing file /home/airflow/.local/lib/python3.7/site-packages/airflow/example_dags/example_branch_operator.py for tasks to queue
[2024-01-30T19:09:59.544+0000] {logging_mixin.py:120} INFO - [2024-01-30T19:09:59.544+0000] {dagbag.py:537} INFO - Filling up the DagBag from /home/airflow/.local/lib/python3.7/site-packages/airflow/example_dags/example_branch_operator.py
[2024-01-30T19:09:59.568+0000] {processor.py:766} INFO - DAG(s) dict_keys(['example_branch_operator']) retrieved from /home/airflow/.local/lib/python3.7/site-packages/airflow/example_dags/example_branch_operator.py
[2024-01-30T19:09:59.627+0000] {logging_mixin.py:120} INFO - [2024-01-30T19:09:59.627+0000] {dag.py:2585} INFO - Sync 1 DAGs
[2024-01-30T19:09:59.661+0000] {logging_mixin.py:120} INFO - [2024-01-30T19:09:59.660+0000] {dag.py:3340} INFO - Setting next_dagrun for example_branch_operator to 2024-01-29T00:00:00+00:00, run_after=2024-01-30T00:00:00+00:00
[2024-01-30T19:09:59.689+0000] {processor.py:176} INFO - Processing /home/airflow/.local/lib/python3.7/site-packages/airflow/example_dags/example_branch_operator.py took 0.151 seconds
[2024-01-30T19:10:30.094+0000] {processor.py:154} INFO - Started process (PID=2639) to work on /home/airflow/.local/lib/python3.7/site-packages/airflow/example_dags/example_branch_operator.py
[2024-01-30T19:10:30.096+0000] {processor.py:756} INFO - Processing file /home/airflow/.local/lib/python3.7/site-packages/airflow/example_dags/example_branch_operator.py for tasks to queue
[2024-01-30T19:10:30.098+0000] {logging_mixin.py:120} INFO - [2024-01-30T19:10:30.098+0000] {dagbag.py:537} INFO - Filling up the DagBag from /home/airflow/.local/lib/python3.7/site-packages/airflow/example_dags/example_branch_operator.py
[2024-01-30T19:10:30.140+0000] {processor.py:766} INFO - DAG(s) dict_keys(['example_branch_operator']) retrieved from /home/airflow/.local/lib/python3.7/site-packages/airflow/example_dags/example_branch_operator.py
[2024-01-30T19:10:30.239+0000] {logging_mixin.py:120} INFO - [2024-01-30T19:10:30.239+0000] {dag.py:2585} INFO - Sync 1 DAGs
[2024-01-30T19:10:30.285+0000] {logging_mixin.py:120} INFO - [2024-01-30T19:10:30.285+0000] {dag.py:3340} INFO - Setting next_dagrun for example_branch_operator to 2024-01-29T00:00:00+00:00, run_after=2024-01-30T00:00:00+00:00
[2024-01-30T19:10:30.338+0000] {processor.py:176} INFO - Processing /home/airflow/.local/lib/python3.7/site-packages/airflow/example_dags/example_branch_operator.py took 0.251 seconds
[2024-01-30T19:11:00.738+0000] {processor.py:154} INFO - Started process (PID=2703) to work on /home/airflow/.local/lib/python3.7/site-packages/airflow/example_dags/example_branch_operator.py
[2024-01-30T19:11:00.740+0000] {processor.py:756} INFO - Processing file /home/airflow/.local/lib/python3.7/site-packages/airflow/example_dags/example_branch_operator.py for tasks to queue
[2024-01-30T19:11:00.741+0000] {logging_mixin.py:120} INFO - [2024-01-30T19:11:00.741+0000] {dagbag.py:537} INFO - Filling up the DagBag from /home/airflow/.local/lib/python3.7/site-packages/airflow/example_dags/example_branch_operator.py
[2024-01-30T19:11:00.763+0000] {processor.py:766} INFO - DAG(s) dict_keys(['example_branch_operator']) retrieved from /home/airflow/.local/lib/python3.7/site-packages/airflow/example_dags/example_branch_operator.py
[2024-01-30T19:11:00.817+0000] {logging_mixin.py:120} INFO - [2024-01-30T19:11:00.817+0000] {dag.py:2585} INFO - Sync 1 DAGs
[2024-01-30T19:11:00.856+0000] {logging_mixin.py:120} INFO - [2024-01-30T19:11:00.856+0000] {dag.py:3340} INFO - Setting next_dagrun for example_branch_operator to 2024-01-29T00:00:00+00:00, run_after=2024-01-30T00:00:00+00:00
[2024-01-30T19:11:00.878+0000] {processor.py:176} INFO - Processing /home/airflow/.local/lib/python3.7/site-packages/airflow/example_dags/example_branch_operator.py took 0.143 seconds
[2024-01-30T19:11:31.161+0000] {processor.py:154} INFO - Started process (PID=2760) to work on /home/airflow/.local/lib/python3.7/site-packages/airflow/example_dags/example_branch_operator.py
[2024-01-30T19:11:31.163+0000] {processor.py:756} INFO - Processing file /home/airflow/.local/lib/python3.7/site-packages/airflow/example_dags/example_branch_operator.py for tasks to queue
[2024-01-30T19:11:31.165+0000] {logging_mixin.py:120} INFO - [2024-01-30T19:11:31.165+0000] {dagbag.py:537} INFO - Filling up the DagBag from /home/airflow/.local/lib/python3.7/site-packages/airflow/example_dags/example_branch_operator.py
[2024-01-30T19:11:31.198+0000] {processor.py:766} INFO - DAG(s) dict_keys(['example_branch_operator']) retrieved from /home/airflow/.local/lib/python3.7/site-packages/airflow/example_dags/example_branch_operator.py
[2024-01-30T19:11:31.274+0000] {logging_mixin.py:120} INFO - [2024-01-30T19:11:31.274+0000] {dag.py:2585} INFO - Sync 1 DAGs
[2024-01-30T19:11:31.315+0000] {logging_mixin.py:120} INFO - [2024-01-30T19:11:31.315+0000] {dag.py:3340} INFO - Setting next_dagrun for example_branch_operator to 2024-01-29T00:00:00+00:00, run_after=2024-01-30T00:00:00+00:00
[2024-01-30T19:11:31.346+0000] {processor.py:176} INFO - Processing /home/airflow/.local/lib/python3.7/site-packages/airflow/example_dags/example_branch_operator.py took 0.190 seconds
[2024-01-30T19:12:01.611+0000] {processor.py:154} INFO - Started process (PID=2828) to work on /home/airflow/.local/lib/python3.7/site-packages/airflow/example_dags/example_branch_operator.py
[2024-01-30T19:12:01.613+0000] {processor.py:756} INFO - Processing file /home/airflow/.local/lib/python3.7/site-packages/airflow/example_dags/example_branch_operator.py for tasks to queue
[2024-01-30T19:12:01.614+0000] {logging_mixin.py:120} INFO - [2024-01-30T19:12:01.614+0000] {dagbag.py:537} INFO - Filling up the DagBag from /home/airflow/.local/lib/python3.7/site-packages/airflow/example_dags/example_branch_operator.py
[2024-01-30T19:12:01.639+0000] {processor.py:766} INFO - DAG(s) dict_keys(['example_branch_operator']) retrieved from /home/airflow/.local/lib/python3.7/site-packages/airflow/example_dags/example_branch_operator.py
[2024-01-30T19:12:01.703+0000] {logging_mixin.py:120} INFO - [2024-01-30T19:12:01.703+0000] {dag.py:2585} INFO - Sync 1 DAGs
[2024-01-30T19:12:01.741+0000] {logging_mixin.py:120} INFO - [2024-01-30T19:12:01.741+0000] {dag.py:3340} INFO - Setting next_dagrun for example_branch_operator to 2024-01-29T00:00:00+00:00, run_after=2024-01-30T00:00:00+00:00
[2024-01-30T19:12:01.772+0000] {processor.py:176} INFO - Processing /home/airflow/.local/lib/python3.7/site-packages/airflow/example_dags/example_branch_operator.py took 0.164 seconds
[2024-01-30T19:12:32.247+0000] {processor.py:154} INFO - Started process (PID=2885) to work on /home/airflow/.local/lib/python3.7/site-packages/airflow/example_dags/example_branch_operator.py
[2024-01-30T19:12:32.249+0000] {processor.py:756} INFO - Processing file /home/airflow/.local/lib/python3.7/site-packages/airflow/example_dags/example_branch_operator.py for tasks to queue
[2024-01-30T19:12:32.251+0000] {logging_mixin.py:120} INFO - [2024-01-30T19:12:32.250+0000] {dagbag.py:537} INFO - Filling up the DagBag from /home/airflow/.local/lib/python3.7/site-packages/airflow/example_dags/example_branch_operator.py
[2024-01-30T19:12:32.285+0000] {processor.py:766} INFO - DAG(s) dict_keys(['example_branch_operator']) retrieved from /home/airflow/.local/lib/python3.7/site-packages/airflow/example_dags/example_branch_operator.py
[2024-01-30T19:12:32.367+0000] {logging_mixin.py:120} INFO - [2024-01-30T19:12:32.367+0000] {dag.py:2585} INFO - Sync 1 DAGs
[2024-01-30T19:12:32.419+0000] {logging_mixin.py:120} INFO - [2024-01-30T19:12:32.418+0000] {dag.py:3340} INFO - Setting next_dagrun for example_branch_operator to 2024-01-29T00:00:00+00:00, run_after=2024-01-30T00:00:00+00:00
[2024-01-30T19:12:32.455+0000] {processor.py:176} INFO - Processing /home/airflow/.local/lib/python3.7/site-packages/airflow/example_dags/example_branch_operator.py took 0.214 seconds
[2024-01-30T19:13:02.604+0000] {processor.py:154} INFO - Started process (PID=2950) to work on /home/airflow/.local/lib/python3.7/site-packages/airflow/example_dags/example_branch_operator.py
[2024-01-30T19:13:02.607+0000] {processor.py:756} INFO - Processing file /home/airflow/.local/lib/python3.7/site-packages/airflow/example_dags/example_branch_operator.py for tasks to queue
[2024-01-30T19:13:02.609+0000] {logging_mixin.py:120} INFO - [2024-01-30T19:13:02.609+0000] {dagbag.py:537} INFO - Filling up the DagBag from /home/airflow/.local/lib/python3.7/site-packages/airflow/example_dags/example_branch_operator.py
[2024-01-30T19:13:02.646+0000] {processor.py:766} INFO - DAG(s) dict_keys(['example_branch_operator']) retrieved from /home/airflow/.local/lib/python3.7/site-packages/airflow/example_dags/example_branch_operator.py
[2024-01-30T19:13:02.730+0000] {logging_mixin.py:120} INFO - [2024-01-30T19:13:02.729+0000] {dag.py:2585} INFO - Sync 1 DAGs
[2024-01-30T19:13:02.801+0000] {logging_mixin.py:120} INFO - [2024-01-30T19:13:02.800+0000] {dag.py:3340} INFO - Setting next_dagrun for example_branch_operator to 2024-01-29T00:00:00+00:00, run_after=2024-01-30T00:00:00+00:00
[2024-01-30T19:13:02.843+0000] {processor.py:176} INFO - Processing /home/airflow/.local/lib/python3.7/site-packages/airflow/example_dags/example_branch_operator.py took 0.248 seconds
[2024-01-30T19:13:33.568+0000] {processor.py:154} INFO - Started process (PID=3015) to work on /home/airflow/.local/lib/python3.7/site-packages/airflow/example_dags/example_branch_operator.py
[2024-01-30T19:13:33.570+0000] {processor.py:756} INFO - Processing file /home/airflow/.local/lib/python3.7/site-packages/airflow/example_dags/example_branch_operator.py for tasks to queue
[2024-01-30T19:13:33.571+0000] {logging_mixin.py:120} INFO - [2024-01-30T19:13:33.571+0000] {dagbag.py:537} INFO - Filling up the DagBag from /home/airflow/.local/lib/python3.7/site-packages/airflow/example_dags/example_branch_operator.py
[2024-01-30T19:13:33.600+0000] {processor.py:766} INFO - DAG(s) dict_keys(['example_branch_operator']) retrieved from /home/airflow/.local/lib/python3.7/site-packages/airflow/example_dags/example_branch_operator.py
[2024-01-30T19:13:33.666+0000] {logging_mixin.py:120} INFO - [2024-01-30T19:13:33.666+0000] {dag.py:2585} INFO - Sync 1 DAGs
[2024-01-30T19:13:33.705+0000] {logging_mixin.py:120} INFO - [2024-01-30T19:13:33.705+0000] {dag.py:3340} INFO - Setting next_dagrun for example_branch_operator to 2024-01-29T00:00:00+00:00, run_after=2024-01-30T00:00:00+00:00
[2024-01-30T19:13:33.736+0000] {processor.py:176} INFO - Processing /home/airflow/.local/lib/python3.7/site-packages/airflow/example_dags/example_branch_operator.py took 0.174 seconds
[2024-01-30T19:14:03.937+0000] {processor.py:154} INFO - Started process (PID=3071) to work on /home/airflow/.local/lib/python3.7/site-packages/airflow/example_dags/example_branch_operator.py
[2024-01-30T19:14:03.939+0000] {processor.py:756} INFO - Processing file /home/airflow/.local/lib/python3.7/site-packages/airflow/example_dags/example_branch_operator.py for tasks to queue
[2024-01-30T19:14:03.940+0000] {logging_mixin.py:120} INFO - [2024-01-30T19:14:03.940+0000] {dagbag.py:537} INFO - Filling up the DagBag from /home/airflow/.local/lib/python3.7/site-packages/airflow/example_dags/example_branch_operator.py
[2024-01-30T19:14:03.970+0000] {processor.py:766} INFO - DAG(s) dict_keys(['example_branch_operator']) retrieved from /home/airflow/.local/lib/python3.7/site-packages/airflow/example_dags/example_branch_operator.py
[2024-01-30T19:14:04.037+0000] {logging_mixin.py:120} INFO - [2024-01-30T19:14:04.037+0000] {dag.py:2585} INFO - Sync 1 DAGs
[2024-01-30T19:14:04.076+0000] {logging_mixin.py:120} INFO - [2024-01-30T19:14:04.076+0000] {dag.py:3340} INFO - Setting next_dagrun for example_branch_operator to 2024-01-29T00:00:00+00:00, run_after=2024-01-30T00:00:00+00:00
[2024-01-30T19:14:04.111+0000] {processor.py:176} INFO - Processing /home/airflow/.local/lib/python3.7/site-packages/airflow/example_dags/example_branch_operator.py took 0.180 seconds
[2024-01-30T19:14:34.343+0000] {processor.py:154} INFO - Started process (PID=3136) to work on /home/airflow/.local/lib/python3.7/site-packages/airflow/example_dags/example_branch_operator.py
[2024-01-30T19:14:34.345+0000] {processor.py:756} INFO - Processing file /home/airflow/.local/lib/python3.7/site-packages/airflow/example_dags/example_branch_operator.py for tasks to queue
[2024-01-30T19:14:34.346+0000] {logging_mixin.py:120} INFO - [2024-01-30T19:14:34.346+0000] {dagbag.py:537} INFO - Filling up the DagBag from /home/airflow/.local/lib/python3.7/site-packages/airflow/example_dags/example_branch_operator.py
[2024-01-30T19:14:34.385+0000] {processor.py:766} INFO - DAG(s) dict_keys(['example_branch_operator']) retrieved from /home/airflow/.local/lib/python3.7/site-packages/airflow/example_dags/example_branch_operator.py
[2024-01-30T19:14:34.459+0000] {logging_mixin.py:120} INFO - [2024-01-30T19:14:34.458+0000] {dag.py:2585} INFO - Sync 1 DAGs
[2024-01-30T19:14:34.508+0000] {logging_mixin.py:120} INFO - [2024-01-30T19:14:34.508+0000] {dag.py:3340} INFO - Setting next_dagrun for example_branch_operator to 2024-01-29T00:00:00+00:00, run_after=2024-01-30T00:00:00+00:00
[2024-01-30T19:14:34.537+0000] {processor.py:176} INFO - Processing /home/airflow/.local/lib/python3.7/site-packages/airflow/example_dags/example_branch_operator.py took 0.200 seconds
[2024-01-30T19:15:04.589+0000] {processor.py:154} INFO - Started process (PID=3191) to work on /home/airflow/.local/lib/python3.7/site-packages/airflow/example_dags/example_branch_operator.py
[2024-01-30T19:15:04.591+0000] {processor.py:756} INFO - Processing file /home/airflow/.local/lib/python3.7/site-packages/airflow/example_dags/example_branch_operator.py for tasks to queue
[2024-01-30T19:15:04.592+0000] {logging_mixin.py:120} INFO - [2024-01-30T19:15:04.592+0000] {dagbag.py:537} INFO - Filling up the DagBag from /home/airflow/.local/lib/python3.7/site-packages/airflow/example_dags/example_branch_operator.py
[2024-01-30T19:15:04.634+0000] {processor.py:766} INFO - DAG(s) dict_keys(['example_branch_operator']) retrieved from /home/airflow/.local/lib/python3.7/site-packages/airflow/example_dags/example_branch_operator.py
[2024-01-30T19:15:04.705+0000] {logging_mixin.py:120} INFO - [2024-01-30T19:15:04.705+0000] {dag.py:2585} INFO - Sync 1 DAGs
[2024-01-30T19:15:04.748+0000] {logging_mixin.py:120} INFO - [2024-01-30T19:15:04.748+0000] {dag.py:3340} INFO - Setting next_dagrun for example_branch_operator to 2024-01-29T00:00:00+00:00, run_after=2024-01-30T00:00:00+00:00
[2024-01-30T19:15:04.773+0000] {processor.py:176} INFO - Processing /home/airflow/.local/lib/python3.7/site-packages/airflow/example_dags/example_branch_operator.py took 0.190 seconds
[2024-01-30T19:15:35.598+0000] {processor.py:154} INFO - Started process (PID=3257) to work on /home/airflow/.local/lib/python3.7/site-packages/airflow/example_dags/example_branch_operator.py
[2024-01-30T19:15:35.600+0000] {processor.py:756} INFO - Processing file /home/airflow/.local/lib/python3.7/site-packages/airflow/example_dags/example_branch_operator.py for tasks to queue
[2024-01-30T19:15:35.601+0000] {logging_mixin.py:120} INFO - [2024-01-30T19:15:35.601+0000] {dagbag.py:537} INFO - Filling up the DagBag from /home/airflow/.local/lib/python3.7/site-packages/airflow/example_dags/example_branch_operator.py
[2024-01-30T19:15:35.635+0000] {processor.py:766} INFO - DAG(s) dict_keys(['example_branch_operator']) retrieved from /home/airflow/.local/lib/python3.7/site-packages/airflow/example_dags/example_branch_operator.py
[2024-01-30T19:15:35.698+0000] {logging_mixin.py:120} INFO - [2024-01-30T19:15:35.698+0000] {dag.py:2585} INFO - Sync 1 DAGs
[2024-01-30T19:15:35.738+0000] {logging_mixin.py:120} INFO - [2024-01-30T19:15:35.738+0000] {dag.py:3340} INFO - Setting next_dagrun for example_branch_operator to 2024-01-29T00:00:00+00:00, run_after=2024-01-30T00:00:00+00:00
[2024-01-30T19:15:35.763+0000] {processor.py:176} INFO - Processing /home/airflow/.local/lib/python3.7/site-packages/airflow/example_dags/example_branch_operator.py took 0.171 seconds
[2024-01-30T19:16:05.846+0000] {processor.py:154} INFO - Started process (PID=3321) to work on /home/airflow/.local/lib/python3.7/site-packages/airflow/example_dags/example_branch_operator.py
[2024-01-30T19:16:05.848+0000] {processor.py:756} INFO - Processing file /home/airflow/.local/lib/python3.7/site-packages/airflow/example_dags/example_branch_operator.py for tasks to queue
[2024-01-30T19:16:05.849+0000] {logging_mixin.py:120} INFO - [2024-01-30T19:16:05.849+0000] {dagbag.py:537} INFO - Filling up the DagBag from /home/airflow/.local/lib/python3.7/site-packages/airflow/example_dags/example_branch_operator.py
[2024-01-30T19:16:05.882+0000] {processor.py:766} INFO - DAG(s) dict_keys(['example_branch_operator']) retrieved from /home/airflow/.local/lib/python3.7/site-packages/airflow/example_dags/example_branch_operator.py
[2024-01-30T19:16:05.950+0000] {logging_mixin.py:120} INFO - [2024-01-30T19:16:05.950+0000] {dag.py:2585} INFO - Sync 1 DAGs
[2024-01-30T19:16:05.989+0000] {logging_mixin.py:120} INFO - [2024-01-30T19:16:05.989+0000] {dag.py:3340} INFO - Setting next_dagrun for example_branch_operator to 2024-01-29T00:00:00+00:00, run_after=2024-01-30T00:00:00+00:00
[2024-01-30T19:16:06.015+0000] {processor.py:176} INFO - Processing /home/airflow/.local/lib/python3.7/site-packages/airflow/example_dags/example_branch_operator.py took 0.176 seconds
[2024-01-30T19:16:36.181+0000] {processor.py:154} INFO - Started process (PID=3377) to work on /home/airflow/.local/lib/python3.7/site-packages/airflow/example_dags/example_branch_operator.py
[2024-01-30T19:16:36.183+0000] {processor.py:756} INFO - Processing file /home/airflow/.local/lib/python3.7/site-packages/airflow/example_dags/example_branch_operator.py for tasks to queue
[2024-01-30T19:16:36.184+0000] {logging_mixin.py:120} INFO - [2024-01-30T19:16:36.184+0000] {dagbag.py:537} INFO - Filling up the DagBag from /home/airflow/.local/lib/python3.7/site-packages/airflow/example_dags/example_branch_operator.py
[2024-01-30T19:16:36.215+0000] {processor.py:766} INFO - DAG(s) dict_keys(['example_branch_operator']) retrieved from /home/airflow/.local/lib/python3.7/site-packages/airflow/example_dags/example_branch_operator.py
[2024-01-30T19:16:36.305+0000] {logging_mixin.py:120} INFO - [2024-01-30T19:16:36.304+0000] {dag.py:2585} INFO - Sync 1 DAGs
[2024-01-30T19:16:36.349+0000] {logging_mixin.py:120} INFO - [2024-01-30T19:16:36.349+0000] {dag.py:3340} INFO - Setting next_dagrun for example_branch_operator to 2024-01-29T00:00:00+00:00, run_after=2024-01-30T00:00:00+00:00
[2024-01-30T19:16:36.383+0000] {processor.py:176} INFO - Processing /home/airflow/.local/lib/python3.7/site-packages/airflow/example_dags/example_branch_operator.py took 0.207 seconds
[2024-01-30T19:17:06.546+0000] {processor.py:154} INFO - Started process (PID=3442) to work on /home/airflow/.local/lib/python3.7/site-packages/airflow/example_dags/example_branch_operator.py
[2024-01-30T19:17:06.548+0000] {processor.py:756} INFO - Processing file /home/airflow/.local/lib/python3.7/site-packages/airflow/example_dags/example_branch_operator.py for tasks to queue
[2024-01-30T19:17:06.550+0000] {logging_mixin.py:120} INFO - [2024-01-30T19:17:06.549+0000] {dagbag.py:537} INFO - Filling up the DagBag from /home/airflow/.local/lib/python3.7/site-packages/airflow/example_dags/example_branch_operator.py
[2024-01-30T19:17:06.581+0000] {processor.py:766} INFO - DAG(s) dict_keys(['example_branch_operator']) retrieved from /home/airflow/.local/lib/python3.7/site-packages/airflow/example_dags/example_branch_operator.py
[2024-01-30T19:17:06.655+0000] {logging_mixin.py:120} INFO - [2024-01-30T19:17:06.655+0000] {dag.py:2585} INFO - Sync 1 DAGs
[2024-01-30T19:17:06.705+0000] {logging_mixin.py:120} INFO - [2024-01-30T19:17:06.705+0000] {dag.py:3340} INFO - Setting next_dagrun for example_branch_operator to 2024-01-29T00:00:00+00:00, run_after=2024-01-30T00:00:00+00:00
[2024-01-30T19:17:06.738+0000] {processor.py:176} INFO - Processing /home/airflow/.local/lib/python3.7/site-packages/airflow/example_dags/example_branch_operator.py took 0.197 seconds
[2024-01-30T19:17:37.102+0000] {processor.py:154} INFO - Started process (PID=3498) to work on /home/airflow/.local/lib/python3.7/site-packages/airflow/example_dags/example_branch_operator.py
[2024-01-30T19:17:37.104+0000] {processor.py:756} INFO - Processing file /home/airflow/.local/lib/python3.7/site-packages/airflow/example_dags/example_branch_operator.py for tasks to queue
[2024-01-30T19:17:37.105+0000] {logging_mixin.py:120} INFO - [2024-01-30T19:17:37.105+0000] {dagbag.py:537} INFO - Filling up the DagBag from /home/airflow/.local/lib/python3.7/site-packages/airflow/example_dags/example_branch_operator.py
[2024-01-30T19:17:37.133+0000] {processor.py:766} INFO - DAG(s) dict_keys(['example_branch_operator']) retrieved from /home/airflow/.local/lib/python3.7/site-packages/airflow/example_dags/example_branch_operator.py
[2024-01-30T19:17:37.198+0000] {logging_mixin.py:120} INFO - [2024-01-30T19:17:37.197+0000] {dag.py:2585} INFO - Sync 1 DAGs
[2024-01-30T19:17:37.237+0000] {logging_mixin.py:120} INFO - [2024-01-30T19:17:37.237+0000] {dag.py:3340} INFO - Setting next_dagrun for example_branch_operator to 2024-01-29T00:00:00+00:00, run_after=2024-01-30T00:00:00+00:00
[2024-01-30T19:17:37.267+0000] {processor.py:176} INFO - Processing /home/airflow/.local/lib/python3.7/site-packages/airflow/example_dags/example_branch_operator.py took 0.170 seconds
[2024-01-30T19:18:07.947+0000] {processor.py:154} INFO - Started process (PID=3565) to work on /home/airflow/.local/lib/python3.7/site-packages/airflow/example_dags/example_branch_operator.py
[2024-01-30T19:18:07.949+0000] {processor.py:756} INFO - Processing file /home/airflow/.local/lib/python3.7/site-packages/airflow/example_dags/example_branch_operator.py for tasks to queue
[2024-01-30T19:18:07.950+0000] {logging_mixin.py:120} INFO - [2024-01-30T19:18:07.950+0000] {dagbag.py:537} INFO - Filling up the DagBag from /home/airflow/.local/lib/python3.7/site-packages/airflow/example_dags/example_branch_operator.py
[2024-01-30T19:18:07.971+0000] {processor.py:766} INFO - DAG(s) dict_keys(['example_branch_operator']) retrieved from /home/airflow/.local/lib/python3.7/site-packages/airflow/example_dags/example_branch_operator.py
[2024-01-30T19:18:08.021+0000] {logging_mixin.py:120} INFO - [2024-01-30T19:18:08.021+0000] {dag.py:2585} INFO - Sync 1 DAGs
[2024-01-30T19:18:08.057+0000] {logging_mixin.py:120} INFO - [2024-01-30T19:18:08.056+0000] {dag.py:3340} INFO - Setting next_dagrun for example_branch_operator to 2024-01-29T00:00:00+00:00, run_after=2024-01-30T00:00:00+00:00
[2024-01-30T19:18:08.092+0000] {processor.py:176} INFO - Processing /home/airflow/.local/lib/python3.7/site-packages/airflow/example_dags/example_branch_operator.py took 0.148 seconds
