[2024-01-30T18:49:01.785+0000] {processor.py:154} INFO - Started process (PID=68) to work on /home/airflow/.local/lib/python3.7/site-packages/airflow/example_dags/example_task_group_decorator.py
[2024-01-30T18:49:01.795+0000] {processor.py:756} INFO - Processing file /home/airflow/.local/lib/python3.7/site-packages/airflow/example_dags/example_task_group_decorator.py for tasks to queue
[2024-01-30T18:49:01.799+0000] {logging_mixin.py:120} INFO - [2024-01-30T18:49:01.799+0000] {dagbag.py:537} INFO - Filling up the DagBag from /home/airflow/.local/lib/python3.7/site-packages/airflow/example_dags/example_task_group_decorator.py
[2024-01-30T18:49:01.997+0000] {processor.py:766} INFO - DAG(s) dict_keys(['example_task_group_decorator']) retrieved from /home/airflow/.local/lib/python3.7/site-packages/airflow/example_dags/example_task_group_decorator.py
[2024-01-30T18:49:02.556+0000] {logging_mixin.py:120} INFO - [2024-01-30T18:49:02.556+0000] {dag.py:2585} INFO - Sync 1 DAGs
[2024-01-30T18:49:02.687+0000] {logging_mixin.py:120} INFO - [2024-01-30T18:49:02.686+0000] {dag.py:3340} INFO - Setting next_dagrun for example_task_group_decorator to 2024-01-29T18:49:02.685891+00:00, run_after=2024-01-30T18:49:02.685891+00:00
[2024-01-30T18:49:02.771+0000] {processor.py:176} INFO - Processing /home/airflow/.local/lib/python3.7/site-packages/airflow/example_dags/example_task_group_decorator.py took 1.030 seconds
[2024-01-30T18:49:32.917+0000] {processor.py:154} INFO - Started process (PID=124) to work on /home/airflow/.local/lib/python3.7/site-packages/airflow/example_dags/example_task_group_decorator.py
[2024-01-30T18:49:32.919+0000] {processor.py:756} INFO - Processing file /home/airflow/.local/lib/python3.7/site-packages/airflow/example_dags/example_task_group_decorator.py for tasks to queue
[2024-01-30T18:49:32.920+0000] {logging_mixin.py:120} INFO - [2024-01-30T18:49:32.920+0000] {dagbag.py:537} INFO - Filling up the DagBag from /home/airflow/.local/lib/python3.7/site-packages/airflow/example_dags/example_task_group_decorator.py
[2024-01-30T18:49:32.966+0000] {processor.py:766} INFO - DAG(s) dict_keys(['example_task_group_decorator']) retrieved from /home/airflow/.local/lib/python3.7/site-packages/airflow/example_dags/example_task_group_decorator.py
[2024-01-30T18:49:33.025+0000] {logging_mixin.py:120} INFO - [2024-01-30T18:49:33.025+0000] {dag.py:2585} INFO - Sync 1 DAGs
[2024-01-30T18:49:33.057+0000] {logging_mixin.py:120} INFO - [2024-01-30T18:49:33.057+0000] {dag.py:3340} INFO - Setting next_dagrun for example_task_group_decorator to 2024-01-29T18:49:33.057079+00:00, run_after=2024-01-30T18:49:33.057079+00:00
[2024-01-30T18:49:33.082+0000] {processor.py:176} INFO - Processing /home/airflow/.local/lib/python3.7/site-packages/airflow/example_dags/example_task_group_decorator.py took 0.170 seconds
[2024-01-30T18:50:03.306+0000] {processor.py:154} INFO - Started process (PID=189) to work on /home/airflow/.local/lib/python3.7/site-packages/airflow/example_dags/example_task_group_decorator.py
[2024-01-30T18:50:03.311+0000] {processor.py:756} INFO - Processing file /home/airflow/.local/lib/python3.7/site-packages/airflow/example_dags/example_task_group_decorator.py for tasks to queue
[2024-01-30T18:50:03.313+0000] {logging_mixin.py:120} INFO - [2024-01-30T18:50:03.312+0000] {dagbag.py:537} INFO - Filling up the DagBag from /home/airflow/.local/lib/python3.7/site-packages/airflow/example_dags/example_task_group_decorator.py
[2024-01-30T18:50:03.349+0000] {processor.py:766} INFO - DAG(s) dict_keys(['example_task_group_decorator']) retrieved from /home/airflow/.local/lib/python3.7/site-packages/airflow/example_dags/example_task_group_decorator.py
[2024-01-30T18:50:03.405+0000] {logging_mixin.py:120} INFO - [2024-01-30T18:50:03.405+0000] {dag.py:2585} INFO - Sync 1 DAGs
[2024-01-30T18:50:03.439+0000] {logging_mixin.py:120} INFO - [2024-01-30T18:50:03.439+0000] {dag.py:3340} INFO - Setting next_dagrun for example_task_group_decorator to 2024-01-29T18:50:03.439269+00:00, run_after=2024-01-30T18:50:03.439269+00:00
[2024-01-30T18:50:03.466+0000] {processor.py:176} INFO - Processing /home/airflow/.local/lib/python3.7/site-packages/airflow/example_dags/example_task_group_decorator.py took 0.164 seconds
[2024-01-30T18:50:33.636+0000] {processor.py:154} INFO - Started process (PID=244) to work on /home/airflow/.local/lib/python3.7/site-packages/airflow/example_dags/example_task_group_decorator.py
[2024-01-30T18:50:33.638+0000] {processor.py:756} INFO - Processing file /home/airflow/.local/lib/python3.7/site-packages/airflow/example_dags/example_task_group_decorator.py for tasks to queue
[2024-01-30T18:50:33.639+0000] {logging_mixin.py:120} INFO - [2024-01-30T18:50:33.639+0000] {dagbag.py:537} INFO - Filling up the DagBag from /home/airflow/.local/lib/python3.7/site-packages/airflow/example_dags/example_task_group_decorator.py
[2024-01-30T18:50:33.681+0000] {processor.py:766} INFO - DAG(s) dict_keys(['example_task_group_decorator']) retrieved from /home/airflow/.local/lib/python3.7/site-packages/airflow/example_dags/example_task_group_decorator.py
[2024-01-30T18:50:33.741+0000] {logging_mixin.py:120} INFO - [2024-01-30T18:50:33.741+0000] {dag.py:2585} INFO - Sync 1 DAGs
[2024-01-30T18:50:33.793+0000] {logging_mixin.py:120} INFO - [2024-01-30T18:50:33.793+0000] {dag.py:3340} INFO - Setting next_dagrun for example_task_group_decorator to 2024-01-29T18:50:33.793416+00:00, run_after=2024-01-30T18:50:33.793416+00:00
[2024-01-30T18:50:33.817+0000] {processor.py:176} INFO - Processing /home/airflow/.local/lib/python3.7/site-packages/airflow/example_dags/example_task_group_decorator.py took 0.185 seconds
[2024-01-30T18:51:04.633+0000] {processor.py:154} INFO - Started process (PID=307) to work on /home/airflow/.local/lib/python3.7/site-packages/airflow/example_dags/example_task_group_decorator.py
[2024-01-30T18:51:04.635+0000] {processor.py:756} INFO - Processing file /home/airflow/.local/lib/python3.7/site-packages/airflow/example_dags/example_task_group_decorator.py for tasks to queue
[2024-01-30T18:51:04.636+0000] {logging_mixin.py:120} INFO - [2024-01-30T18:51:04.636+0000] {dagbag.py:537} INFO - Filling up the DagBag from /home/airflow/.local/lib/python3.7/site-packages/airflow/example_dags/example_task_group_decorator.py
[2024-01-30T18:51:04.677+0000] {processor.py:766} INFO - DAG(s) dict_keys(['example_task_group_decorator']) retrieved from /home/airflow/.local/lib/python3.7/site-packages/airflow/example_dags/example_task_group_decorator.py
[2024-01-30T18:51:04.729+0000] {logging_mixin.py:120} INFO - [2024-01-30T18:51:04.729+0000] {dag.py:2585} INFO - Sync 1 DAGs
[2024-01-30T18:51:04.758+0000] {logging_mixin.py:120} INFO - [2024-01-30T18:51:04.758+0000] {dag.py:3340} INFO - Setting next_dagrun for example_task_group_decorator to 2024-01-29T18:51:04.757742+00:00, run_after=2024-01-30T18:51:04.757742+00:00
[2024-01-30T18:51:04.782+0000] {processor.py:176} INFO - Processing /home/airflow/.local/lib/python3.7/site-packages/airflow/example_dags/example_task_group_decorator.py took 0.155 seconds
[2024-01-30T18:51:35.136+0000] {processor.py:154} INFO - Started process (PID=372) to work on /home/airflow/.local/lib/python3.7/site-packages/airflow/example_dags/example_task_group_decorator.py
[2024-01-30T18:51:35.137+0000] {processor.py:756} INFO - Processing file /home/airflow/.local/lib/python3.7/site-packages/airflow/example_dags/example_task_group_decorator.py for tasks to queue
[2024-01-30T18:51:35.138+0000] {logging_mixin.py:120} INFO - [2024-01-30T18:51:35.138+0000] {dagbag.py:537} INFO - Filling up the DagBag from /home/airflow/.local/lib/python3.7/site-packages/airflow/example_dags/example_task_group_decorator.py
[2024-01-30T18:51:35.178+0000] {processor.py:766} INFO - DAG(s) dict_keys(['example_task_group_decorator']) retrieved from /home/airflow/.local/lib/python3.7/site-packages/airflow/example_dags/example_task_group_decorator.py
[2024-01-30T18:51:35.229+0000] {logging_mixin.py:120} INFO - [2024-01-30T18:51:35.228+0000] {dag.py:2585} INFO - Sync 1 DAGs
[2024-01-30T18:51:35.258+0000] {logging_mixin.py:120} INFO - [2024-01-30T18:51:35.258+0000] {dag.py:3340} INFO - Setting next_dagrun for example_task_group_decorator to 2024-01-29T18:51:35.258533+00:00, run_after=2024-01-30T18:51:35.258533+00:00
[2024-01-30T18:51:35.281+0000] {processor.py:176} INFO - Processing /home/airflow/.local/lib/python3.7/site-packages/airflow/example_dags/example_task_group_decorator.py took 0.150 seconds
[2024-01-30T18:52:05.369+0000] {processor.py:154} INFO - Started process (PID=428) to work on /home/airflow/.local/lib/python3.7/site-packages/airflow/example_dags/example_task_group_decorator.py
[2024-01-30T18:52:05.370+0000] {processor.py:756} INFO - Processing file /home/airflow/.local/lib/python3.7/site-packages/airflow/example_dags/example_task_group_decorator.py for tasks to queue
[2024-01-30T18:52:05.372+0000] {logging_mixin.py:120} INFO - [2024-01-30T18:52:05.371+0000] {dagbag.py:537} INFO - Filling up the DagBag from /home/airflow/.local/lib/python3.7/site-packages/airflow/example_dags/example_task_group_decorator.py
[2024-01-30T18:52:05.435+0000] {processor.py:766} INFO - DAG(s) dict_keys(['example_task_group_decorator']) retrieved from /home/airflow/.local/lib/python3.7/site-packages/airflow/example_dags/example_task_group_decorator.py
[2024-01-30T18:52:05.515+0000] {logging_mixin.py:120} INFO - [2024-01-30T18:52:05.514+0000] {dag.py:2585} INFO - Sync 1 DAGs
[2024-01-30T18:52:05.552+0000] {logging_mixin.py:120} INFO - [2024-01-30T18:52:05.552+0000] {dag.py:3340} INFO - Setting next_dagrun for example_task_group_decorator to 2024-01-29T18:52:05.551697+00:00, run_after=2024-01-30T18:52:05.551697+00:00
[2024-01-30T18:52:05.575+0000] {processor.py:176} INFO - Processing /home/airflow/.local/lib/python3.7/site-packages/airflow/example_dags/example_task_group_decorator.py took 0.212 seconds
[2024-01-30T18:52:36.546+0000] {processor.py:154} INFO - Started process (PID=493) to work on /home/airflow/.local/lib/python3.7/site-packages/airflow/example_dags/example_task_group_decorator.py
[2024-01-30T18:52:36.547+0000] {processor.py:756} INFO - Processing file /home/airflow/.local/lib/python3.7/site-packages/airflow/example_dags/example_task_group_decorator.py for tasks to queue
[2024-01-30T18:52:36.548+0000] {logging_mixin.py:120} INFO - [2024-01-30T18:52:36.548+0000] {dagbag.py:537} INFO - Filling up the DagBag from /home/airflow/.local/lib/python3.7/site-packages/airflow/example_dags/example_task_group_decorator.py
[2024-01-30T18:52:36.597+0000] {processor.py:766} INFO - DAG(s) dict_keys(['example_task_group_decorator']) retrieved from /home/airflow/.local/lib/python3.7/site-packages/airflow/example_dags/example_task_group_decorator.py
[2024-01-30T18:52:36.648+0000] {logging_mixin.py:120} INFO - [2024-01-30T18:52:36.648+0000] {dag.py:2585} INFO - Sync 1 DAGs
[2024-01-30T18:52:36.677+0000] {logging_mixin.py:120} INFO - [2024-01-30T18:52:36.677+0000] {dag.py:3340} INFO - Setting next_dagrun for example_task_group_decorator to 2024-01-29T18:52:36.676816+00:00, run_after=2024-01-30T18:52:36.676816+00:00
[2024-01-30T18:52:36.701+0000] {processor.py:176} INFO - Processing /home/airflow/.local/lib/python3.7/site-packages/airflow/example_dags/example_task_group_decorator.py took 0.159 seconds
[2024-01-30T18:53:06.814+0000] {processor.py:154} INFO - Started process (PID=556) to work on /home/airflow/.local/lib/python3.7/site-packages/airflow/example_dags/example_task_group_decorator.py
[2024-01-30T18:53:06.815+0000] {processor.py:756} INFO - Processing file /home/airflow/.local/lib/python3.7/site-packages/airflow/example_dags/example_task_group_decorator.py for tasks to queue
[2024-01-30T18:53:06.817+0000] {logging_mixin.py:120} INFO - [2024-01-30T18:53:06.816+0000] {dagbag.py:537} INFO - Filling up the DagBag from /home/airflow/.local/lib/python3.7/site-packages/airflow/example_dags/example_task_group_decorator.py
[2024-01-30T18:53:06.862+0000] {processor.py:766} INFO - DAG(s) dict_keys(['example_task_group_decorator']) retrieved from /home/airflow/.local/lib/python3.7/site-packages/airflow/example_dags/example_task_group_decorator.py
[2024-01-30T18:53:06.945+0000] {logging_mixin.py:120} INFO - [2024-01-30T18:53:06.945+0000] {dag.py:2585} INFO - Sync 1 DAGs
[2024-01-30T18:53:07.046+0000] {logging_mixin.py:120} INFO - [2024-01-30T18:53:07.046+0000] {dag.py:3340} INFO - Setting next_dagrun for example_task_group_decorator to 2024-01-29T18:53:07.045644+00:00, run_after=2024-01-30T18:53:07.045644+00:00
[2024-01-30T18:53:07.093+0000] {processor.py:176} INFO - Processing /home/airflow/.local/lib/python3.7/site-packages/airflow/example_dags/example_task_group_decorator.py took 0.283 seconds
[2024-01-30T18:53:37.358+0000] {processor.py:154} INFO - Started process (PID=621) to work on /home/airflow/.local/lib/python3.7/site-packages/airflow/example_dags/example_task_group_decorator.py
[2024-01-30T18:53:37.360+0000] {processor.py:756} INFO - Processing file /home/airflow/.local/lib/python3.7/site-packages/airflow/example_dags/example_task_group_decorator.py for tasks to queue
[2024-01-30T18:53:37.361+0000] {logging_mixin.py:120} INFO - [2024-01-30T18:53:37.360+0000] {dagbag.py:537} INFO - Filling up the DagBag from /home/airflow/.local/lib/python3.7/site-packages/airflow/example_dags/example_task_group_decorator.py
[2024-01-30T18:53:37.398+0000] {processor.py:766} INFO - DAG(s) dict_keys(['example_task_group_decorator']) retrieved from /home/airflow/.local/lib/python3.7/site-packages/airflow/example_dags/example_task_group_decorator.py
[2024-01-30T18:53:37.449+0000] {logging_mixin.py:120} INFO - [2024-01-30T18:53:37.449+0000] {dag.py:2585} INFO - Sync 1 DAGs
[2024-01-30T18:53:37.481+0000] {logging_mixin.py:120} INFO - [2024-01-30T18:53:37.481+0000] {dag.py:3340} INFO - Setting next_dagrun for example_task_group_decorator to 2024-01-29T18:53:37.480762+00:00, run_after=2024-01-30T18:53:37.480762+00:00
[2024-01-30T18:53:37.504+0000] {processor.py:176} INFO - Processing /home/airflow/.local/lib/python3.7/site-packages/airflow/example_dags/example_task_group_decorator.py took 0.150 seconds
[2024-01-30T18:54:08.127+0000] {processor.py:154} INFO - Started process (PID=686) to work on /home/airflow/.local/lib/python3.7/site-packages/airflow/example_dags/example_task_group_decorator.py
[2024-01-30T18:54:08.131+0000] {processor.py:756} INFO - Processing file /home/airflow/.local/lib/python3.7/site-packages/airflow/example_dags/example_task_group_decorator.py for tasks to queue
[2024-01-30T18:54:08.133+0000] {logging_mixin.py:120} INFO - [2024-01-30T18:54:08.133+0000] {dagbag.py:537} INFO - Filling up the DagBag from /home/airflow/.local/lib/python3.7/site-packages/airflow/example_dags/example_task_group_decorator.py
[2024-01-30T18:54:08.207+0000] {processor.py:766} INFO - DAG(s) dict_keys(['example_task_group_decorator']) retrieved from /home/airflow/.local/lib/python3.7/site-packages/airflow/example_dags/example_task_group_decorator.py
[2024-01-30T18:54:08.318+0000] {logging_mixin.py:120} INFO - [2024-01-30T18:54:08.317+0000] {dag.py:2585} INFO - Sync 1 DAGs
[2024-01-30T18:54:08.377+0000] {logging_mixin.py:120} INFO - [2024-01-30T18:54:08.376+0000] {dag.py:3340} INFO - Setting next_dagrun for example_task_group_decorator to 2024-01-29T18:54:08.376271+00:00, run_after=2024-01-30T18:54:08.376271+00:00
[2024-01-30T18:54:08.413+0000] {processor.py:176} INFO - Processing /home/airflow/.local/lib/python3.7/site-packages/airflow/example_dags/example_task_group_decorator.py took 0.297 seconds
[2024-01-30T18:54:38.858+0000] {processor.py:154} INFO - Started process (PID=750) to work on /home/airflow/.local/lib/python3.7/site-packages/airflow/example_dags/example_task_group_decorator.py
[2024-01-30T18:54:38.859+0000] {processor.py:756} INFO - Processing file /home/airflow/.local/lib/python3.7/site-packages/airflow/example_dags/example_task_group_decorator.py for tasks to queue
[2024-01-30T18:54:38.860+0000] {logging_mixin.py:120} INFO - [2024-01-30T18:54:38.860+0000] {dagbag.py:537} INFO - Filling up the DagBag from /home/airflow/.local/lib/python3.7/site-packages/airflow/example_dags/example_task_group_decorator.py
[2024-01-30T18:54:38.899+0000] {processor.py:766} INFO - DAG(s) dict_keys(['example_task_group_decorator']) retrieved from /home/airflow/.local/lib/python3.7/site-packages/airflow/example_dags/example_task_group_decorator.py
[2024-01-30T18:54:39.153+0000] {logging_mixin.py:120} INFO - [2024-01-30T18:54:39.151+0000] {dag.py:2585} INFO - Sync 1 DAGs
[2024-01-30T18:54:39.271+0000] {logging_mixin.py:120} INFO - [2024-01-30T18:54:39.271+0000] {dag.py:3340} INFO - Setting next_dagrun for example_task_group_decorator to 2024-01-29T18:54:39.270848+00:00, run_after=2024-01-30T18:54:39.270848+00:00
[2024-01-30T18:54:39.376+0000] {processor.py:176} INFO - Processing /home/airflow/.local/lib/python3.7/site-packages/airflow/example_dags/example_task_group_decorator.py took 0.523 seconds
[2024-01-30T18:55:09.531+0000] {processor.py:154} INFO - Started process (PID=805) to work on /home/airflow/.local/lib/python3.7/site-packages/airflow/example_dags/example_task_group_decorator.py
[2024-01-30T18:55:09.533+0000] {processor.py:756} INFO - Processing file /home/airflow/.local/lib/python3.7/site-packages/airflow/example_dags/example_task_group_decorator.py for tasks to queue
[2024-01-30T18:55:09.534+0000] {logging_mixin.py:120} INFO - [2024-01-30T18:55:09.534+0000] {dagbag.py:537} INFO - Filling up the DagBag from /home/airflow/.local/lib/python3.7/site-packages/airflow/example_dags/example_task_group_decorator.py
[2024-01-30T18:55:09.583+0000] {processor.py:766} INFO - DAG(s) dict_keys(['example_task_group_decorator']) retrieved from /home/airflow/.local/lib/python3.7/site-packages/airflow/example_dags/example_task_group_decorator.py
[2024-01-30T18:55:09.656+0000] {logging_mixin.py:120} INFO - [2024-01-30T18:55:09.655+0000] {dag.py:2585} INFO - Sync 1 DAGs
[2024-01-30T18:55:09.696+0000] {logging_mixin.py:120} INFO - [2024-01-30T18:55:09.696+0000] {dag.py:3340} INFO - Setting next_dagrun for example_task_group_decorator to 2024-01-29T18:55:09.695667+00:00, run_after=2024-01-30T18:55:09.695667+00:00
[2024-01-30T18:55:09.730+0000] {processor.py:176} INFO - Processing /home/airflow/.local/lib/python3.7/site-packages/airflow/example_dags/example_task_group_decorator.py took 0.204 seconds
[2024-01-30T18:55:40.314+0000] {processor.py:154} INFO - Started process (PID=868) to work on /home/airflow/.local/lib/python3.7/site-packages/airflow/example_dags/example_task_group_decorator.py
[2024-01-30T18:55:40.316+0000] {processor.py:756} INFO - Processing file /home/airflow/.local/lib/python3.7/site-packages/airflow/example_dags/example_task_group_decorator.py for tasks to queue
[2024-01-30T18:55:40.317+0000] {logging_mixin.py:120} INFO - [2024-01-30T18:55:40.317+0000] {dagbag.py:537} INFO - Filling up the DagBag from /home/airflow/.local/lib/python3.7/site-packages/airflow/example_dags/example_task_group_decorator.py
[2024-01-30T18:55:40.361+0000] {processor.py:766} INFO - DAG(s) dict_keys(['example_task_group_decorator']) retrieved from /home/airflow/.local/lib/python3.7/site-packages/airflow/example_dags/example_task_group_decorator.py
[2024-01-30T18:55:40.422+0000] {logging_mixin.py:120} INFO - [2024-01-30T18:55:40.422+0000] {dag.py:2585} INFO - Sync 1 DAGs
[2024-01-30T18:55:40.457+0000] {logging_mixin.py:120} INFO - [2024-01-30T18:55:40.457+0000] {dag.py:3340} INFO - Setting next_dagrun for example_task_group_decorator to 2024-01-29T18:55:40.456704+00:00, run_after=2024-01-30T18:55:40.456704+00:00
[2024-01-30T18:55:40.496+0000] {processor.py:176} INFO - Processing /home/airflow/.local/lib/python3.7/site-packages/airflow/example_dags/example_task_group_decorator.py took 0.187 seconds
[2024-01-30T18:56:10.634+0000] {processor.py:154} INFO - Started process (PID=923) to work on /home/airflow/.local/lib/python3.7/site-packages/airflow/example_dags/example_task_group_decorator.py
[2024-01-30T18:56:10.635+0000] {processor.py:756} INFO - Processing file /home/airflow/.local/lib/python3.7/site-packages/airflow/example_dags/example_task_group_decorator.py for tasks to queue
[2024-01-30T18:56:10.637+0000] {logging_mixin.py:120} INFO - [2024-01-30T18:56:10.637+0000] {dagbag.py:537} INFO - Filling up the DagBag from /home/airflow/.local/lib/python3.7/site-packages/airflow/example_dags/example_task_group_decorator.py
[2024-01-30T18:56:10.679+0000] {processor.py:766} INFO - DAG(s) dict_keys(['example_task_group_decorator']) retrieved from /home/airflow/.local/lib/python3.7/site-packages/airflow/example_dags/example_task_group_decorator.py
[2024-01-30T18:56:10.740+0000] {logging_mixin.py:120} INFO - [2024-01-30T18:56:10.740+0000] {dag.py:2585} INFO - Sync 1 DAGs
[2024-01-30T18:56:10.772+0000] {logging_mixin.py:120} INFO - [2024-01-30T18:56:10.772+0000] {dag.py:3340} INFO - Setting next_dagrun for example_task_group_decorator to 2024-01-29T18:56:10.772315+00:00, run_after=2024-01-30T18:56:10.772315+00:00
[2024-01-30T18:56:10.838+0000] {processor.py:176} INFO - Processing /home/airflow/.local/lib/python3.7/site-packages/airflow/example_dags/example_task_group_decorator.py took 0.209 seconds
[2024-01-30T18:56:41.148+0000] {processor.py:154} INFO - Started process (PID=986) to work on /home/airflow/.local/lib/python3.7/site-packages/airflow/example_dags/example_task_group_decorator.py
[2024-01-30T18:56:41.150+0000] {processor.py:756} INFO - Processing file /home/airflow/.local/lib/python3.7/site-packages/airflow/example_dags/example_task_group_decorator.py for tasks to queue
[2024-01-30T18:56:41.151+0000] {logging_mixin.py:120} INFO - [2024-01-30T18:56:41.151+0000] {dagbag.py:537} INFO - Filling up the DagBag from /home/airflow/.local/lib/python3.7/site-packages/airflow/example_dags/example_task_group_decorator.py
[2024-01-30T18:56:41.197+0000] {processor.py:766} INFO - DAG(s) dict_keys(['example_task_group_decorator']) retrieved from /home/airflow/.local/lib/python3.7/site-packages/airflow/example_dags/example_task_group_decorator.py
[2024-01-30T18:56:41.264+0000] {logging_mixin.py:120} INFO - [2024-01-30T18:56:41.264+0000] {dag.py:2585} INFO - Sync 1 DAGs
[2024-01-30T18:56:41.301+0000] {logging_mixin.py:120} INFO - [2024-01-30T18:56:41.301+0000] {dag.py:3340} INFO - Setting next_dagrun for example_task_group_decorator to 2024-01-29T18:56:41.301335+00:00, run_after=2024-01-30T18:56:41.301335+00:00
[2024-01-30T18:56:41.333+0000] {processor.py:176} INFO - Processing /home/airflow/.local/lib/python3.7/site-packages/airflow/example_dags/example_task_group_decorator.py took 0.189 seconds
[2024-01-30T18:57:11.602+0000] {processor.py:154} INFO - Started process (PID=1050) to work on /home/airflow/.local/lib/python3.7/site-packages/airflow/example_dags/example_task_group_decorator.py
[2024-01-30T18:57:11.604+0000] {processor.py:756} INFO - Processing file /home/airflow/.local/lib/python3.7/site-packages/airflow/example_dags/example_task_group_decorator.py for tasks to queue
[2024-01-30T18:57:11.606+0000] {logging_mixin.py:120} INFO - [2024-01-30T18:57:11.606+0000] {dagbag.py:537} INFO - Filling up the DagBag from /home/airflow/.local/lib/python3.7/site-packages/airflow/example_dags/example_task_group_decorator.py
[2024-01-30T18:57:11.646+0000] {processor.py:766} INFO - DAG(s) dict_keys(['example_task_group_decorator']) retrieved from /home/airflow/.local/lib/python3.7/site-packages/airflow/example_dags/example_task_group_decorator.py
[2024-01-30T18:57:11.704+0000] {logging_mixin.py:120} INFO - [2024-01-30T18:57:11.704+0000] {dag.py:2585} INFO - Sync 1 DAGs
[2024-01-30T18:57:11.738+0000] {logging_mixin.py:120} INFO - [2024-01-30T18:57:11.737+0000] {dag.py:3340} INFO - Setting next_dagrun for example_task_group_decorator to 2024-01-29T18:57:11.737499+00:00, run_after=2024-01-30T18:57:11.737499+00:00
[2024-01-30T18:57:11.767+0000] {processor.py:176} INFO - Processing /home/airflow/.local/lib/python3.7/site-packages/airflow/example_dags/example_task_group_decorator.py took 0.170 seconds
[2024-01-30T18:57:42.005+0000] {processor.py:154} INFO - Started process (PID=1105) to work on /home/airflow/.local/lib/python3.7/site-packages/airflow/example_dags/example_task_group_decorator.py
[2024-01-30T18:57:42.006+0000] {processor.py:756} INFO - Processing file /home/airflow/.local/lib/python3.7/site-packages/airflow/example_dags/example_task_group_decorator.py for tasks to queue
[2024-01-30T18:57:42.007+0000] {logging_mixin.py:120} INFO - [2024-01-30T18:57:42.007+0000] {dagbag.py:537} INFO - Filling up the DagBag from /home/airflow/.local/lib/python3.7/site-packages/airflow/example_dags/example_task_group_decorator.py
[2024-01-30T18:57:42.044+0000] {processor.py:766} INFO - DAG(s) dict_keys(['example_task_group_decorator']) retrieved from /home/airflow/.local/lib/python3.7/site-packages/airflow/example_dags/example_task_group_decorator.py
[2024-01-30T18:57:42.097+0000] {logging_mixin.py:120} INFO - [2024-01-30T18:57:42.096+0000] {dag.py:2585} INFO - Sync 1 DAGs
[2024-01-30T18:57:42.130+0000] {logging_mixin.py:120} INFO - [2024-01-30T18:57:42.130+0000] {dag.py:3340} INFO - Setting next_dagrun for example_task_group_decorator to 2024-01-29T18:57:42.130173+00:00, run_after=2024-01-30T18:57:42.130173+00:00
[2024-01-30T18:57:42.156+0000] {processor.py:176} INFO - Processing /home/airflow/.local/lib/python3.7/site-packages/airflow/example_dags/example_task_group_decorator.py took 0.156 seconds
[2024-01-30T18:58:12.334+0000] {processor.py:154} INFO - Started process (PID=1169) to work on /home/airflow/.local/lib/python3.7/site-packages/airflow/example_dags/example_task_group_decorator.py
[2024-01-30T18:58:12.336+0000] {processor.py:756} INFO - Processing file /home/airflow/.local/lib/python3.7/site-packages/airflow/example_dags/example_task_group_decorator.py for tasks to queue
[2024-01-30T18:58:12.339+0000] {logging_mixin.py:120} INFO - [2024-01-30T18:58:12.339+0000] {dagbag.py:537} INFO - Filling up the DagBag from /home/airflow/.local/lib/python3.7/site-packages/airflow/example_dags/example_task_group_decorator.py
[2024-01-30T18:58:12.408+0000] {processor.py:766} INFO - DAG(s) dict_keys(['example_task_group_decorator']) retrieved from /home/airflow/.local/lib/python3.7/site-packages/airflow/example_dags/example_task_group_decorator.py
[2024-01-30T18:58:12.473+0000] {logging_mixin.py:120} INFO - [2024-01-30T18:58:12.473+0000] {dag.py:2585} INFO - Sync 1 DAGs
[2024-01-30T18:58:12.528+0000] {logging_mixin.py:120} INFO - [2024-01-30T18:58:12.527+0000] {dag.py:3340} INFO - Setting next_dagrun for example_task_group_decorator to 2024-01-29T18:58:12.527152+00:00, run_after=2024-01-30T18:58:12.527152+00:00
[2024-01-30T18:58:12.562+0000] {processor.py:176} INFO - Processing /home/airflow/.local/lib/python3.7/site-packages/airflow/example_dags/example_task_group_decorator.py took 0.236 seconds
[2024-01-30T18:58:43.138+0000] {processor.py:154} INFO - Started process (PID=1230) to work on /home/airflow/.local/lib/python3.7/site-packages/airflow/example_dags/example_task_group_decorator.py
[2024-01-30T18:58:43.141+0000] {processor.py:756} INFO - Processing file /home/airflow/.local/lib/python3.7/site-packages/airflow/example_dags/example_task_group_decorator.py for tasks to queue
[2024-01-30T18:58:43.142+0000] {logging_mixin.py:120} INFO - [2024-01-30T18:58:43.142+0000] {dagbag.py:537} INFO - Filling up the DagBag from /home/airflow/.local/lib/python3.7/site-packages/airflow/example_dags/example_task_group_decorator.py
[2024-01-30T18:58:43.193+0000] {processor.py:766} INFO - DAG(s) dict_keys(['example_task_group_decorator']) retrieved from /home/airflow/.local/lib/python3.7/site-packages/airflow/example_dags/example_task_group_decorator.py
[2024-01-30T18:58:43.252+0000] {logging_mixin.py:120} INFO - [2024-01-30T18:58:43.252+0000] {dag.py:2585} INFO - Sync 1 DAGs
[2024-01-30T18:58:43.290+0000] {logging_mixin.py:120} INFO - [2024-01-30T18:58:43.290+0000] {dag.py:3340} INFO - Setting next_dagrun for example_task_group_decorator to 2024-01-29T18:58:43.289873+00:00, run_after=2024-01-30T18:58:43.289873+00:00
[2024-01-30T18:58:43.316+0000] {processor.py:176} INFO - Processing /home/airflow/.local/lib/python3.7/site-packages/airflow/example_dags/example_task_group_decorator.py took 0.185 seconds
[2024-01-30T18:59:13.547+0000] {processor.py:154} INFO - Started process (PID=1287) to work on /home/airflow/.local/lib/python3.7/site-packages/airflow/example_dags/example_task_group_decorator.py
[2024-01-30T18:59:13.548+0000] {processor.py:756} INFO - Processing file /home/airflow/.local/lib/python3.7/site-packages/airflow/example_dags/example_task_group_decorator.py for tasks to queue
[2024-01-30T18:59:13.550+0000] {logging_mixin.py:120} INFO - [2024-01-30T18:59:13.549+0000] {dagbag.py:537} INFO - Filling up the DagBag from /home/airflow/.local/lib/python3.7/site-packages/airflow/example_dags/example_task_group_decorator.py
[2024-01-30T18:59:13.592+0000] {processor.py:766} INFO - DAG(s) dict_keys(['example_task_group_decorator']) retrieved from /home/airflow/.local/lib/python3.7/site-packages/airflow/example_dags/example_task_group_decorator.py
[2024-01-30T18:59:13.733+0000] {logging_mixin.py:120} INFO - [2024-01-30T18:59:13.733+0000] {dag.py:2585} INFO - Sync 1 DAGs
[2024-01-30T18:59:13.782+0000] {logging_mixin.py:120} INFO - [2024-01-30T18:59:13.781+0000] {dag.py:3340} INFO - Setting next_dagrun for example_task_group_decorator to 2024-01-29T18:59:13.781467+00:00, run_after=2024-01-30T18:59:13.781467+00:00
[2024-01-30T18:59:13.823+0000] {processor.py:176} INFO - Processing /home/airflow/.local/lib/python3.7/site-packages/airflow/example_dags/example_task_group_decorator.py took 0.281 seconds
[2024-01-30T18:59:44.511+0000] {processor.py:154} INFO - Started process (PID=1352) to work on /home/airflow/.local/lib/python3.7/site-packages/airflow/example_dags/example_task_group_decorator.py
[2024-01-30T18:59:44.512+0000] {processor.py:756} INFO - Processing file /home/airflow/.local/lib/python3.7/site-packages/airflow/example_dags/example_task_group_decorator.py for tasks to queue
[2024-01-30T18:59:44.513+0000] {logging_mixin.py:120} INFO - [2024-01-30T18:59:44.513+0000] {dagbag.py:537} INFO - Filling up the DagBag from /home/airflow/.local/lib/python3.7/site-packages/airflow/example_dags/example_task_group_decorator.py
[2024-01-30T18:59:44.554+0000] {processor.py:766} INFO - DAG(s) dict_keys(['example_task_group_decorator']) retrieved from /home/airflow/.local/lib/python3.7/site-packages/airflow/example_dags/example_task_group_decorator.py
[2024-01-30T18:59:44.613+0000] {logging_mixin.py:120} INFO - [2024-01-30T18:59:44.612+0000] {dag.py:2585} INFO - Sync 1 DAGs
[2024-01-30T18:59:44.650+0000] {logging_mixin.py:120} INFO - [2024-01-30T18:59:44.650+0000] {dag.py:3340} INFO - Setting next_dagrun for example_task_group_decorator to 2024-01-29T18:59:44.650297+00:00, run_after=2024-01-30T18:59:44.650297+00:00
[2024-01-30T18:59:44.682+0000] {processor.py:176} INFO - Processing /home/airflow/.local/lib/python3.7/site-packages/airflow/example_dags/example_task_group_decorator.py took 0.176 seconds
[2024-01-30T19:00:15.483+0000] {processor.py:154} INFO - Started process (PID=1407) to work on /home/airflow/.local/lib/python3.7/site-packages/airflow/example_dags/example_task_group_decorator.py
[2024-01-30T19:00:15.484+0000] {processor.py:756} INFO - Processing file /home/airflow/.local/lib/python3.7/site-packages/airflow/example_dags/example_task_group_decorator.py for tasks to queue
[2024-01-30T19:00:15.485+0000] {logging_mixin.py:120} INFO - [2024-01-30T19:00:15.485+0000] {dagbag.py:537} INFO - Filling up the DagBag from /home/airflow/.local/lib/python3.7/site-packages/airflow/example_dags/example_task_group_decorator.py
[2024-01-30T19:00:15.524+0000] {processor.py:766} INFO - DAG(s) dict_keys(['example_task_group_decorator']) retrieved from /home/airflow/.local/lib/python3.7/site-packages/airflow/example_dags/example_task_group_decorator.py
[2024-01-30T19:00:15.578+0000] {logging_mixin.py:120} INFO - [2024-01-30T19:00:15.578+0000] {dag.py:2585} INFO - Sync 1 DAGs
[2024-01-30T19:00:15.613+0000] {logging_mixin.py:120} INFO - [2024-01-30T19:00:15.613+0000] {dag.py:3340} INFO - Setting next_dagrun for example_task_group_decorator to 2024-01-29T19:00:15.613263+00:00, run_after=2024-01-30T19:00:15.613263+00:00
[2024-01-30T19:00:15.638+0000] {processor.py:176} INFO - Processing /home/airflow/.local/lib/python3.7/site-packages/airflow/example_dags/example_task_group_decorator.py took 0.160 seconds
[2024-01-30T19:00:46.569+0000] {processor.py:154} INFO - Started process (PID=1471) to work on /home/airflow/.local/lib/python3.7/site-packages/airflow/example_dags/example_task_group_decorator.py
[2024-01-30T19:00:46.571+0000] {processor.py:756} INFO - Processing file /home/airflow/.local/lib/python3.7/site-packages/airflow/example_dags/example_task_group_decorator.py for tasks to queue
[2024-01-30T19:00:46.572+0000] {logging_mixin.py:120} INFO - [2024-01-30T19:00:46.572+0000] {dagbag.py:537} INFO - Filling up the DagBag from /home/airflow/.local/lib/python3.7/site-packages/airflow/example_dags/example_task_group_decorator.py
[2024-01-30T19:00:46.608+0000] {processor.py:766} INFO - DAG(s) dict_keys(['example_task_group_decorator']) retrieved from /home/airflow/.local/lib/python3.7/site-packages/airflow/example_dags/example_task_group_decorator.py
[2024-01-30T19:00:46.673+0000] {logging_mixin.py:120} INFO - [2024-01-30T19:00:46.672+0000] {dag.py:2585} INFO - Sync 1 DAGs
[2024-01-30T19:00:46.758+0000] {logging_mixin.py:120} INFO - [2024-01-30T19:00:46.758+0000] {dag.py:3340} INFO - Setting next_dagrun for example_task_group_decorator to 2024-01-29T19:00:46.758017+00:00, run_after=2024-01-30T19:00:46.758017+00:00
[2024-01-30T19:00:46.788+0000] {processor.py:176} INFO - Processing /home/airflow/.local/lib/python3.7/site-packages/airflow/example_dags/example_task_group_decorator.py took 0.225 seconds
[2024-01-30T19:01:16.981+0000] {processor.py:154} INFO - Started process (PID=1537) to work on /home/airflow/.local/lib/python3.7/site-packages/airflow/example_dags/example_task_group_decorator.py
[2024-01-30T19:01:16.982+0000] {processor.py:756} INFO - Processing file /home/airflow/.local/lib/python3.7/site-packages/airflow/example_dags/example_task_group_decorator.py for tasks to queue
[2024-01-30T19:01:16.983+0000] {logging_mixin.py:120} INFO - [2024-01-30T19:01:16.983+0000] {dagbag.py:537} INFO - Filling up the DagBag from /home/airflow/.local/lib/python3.7/site-packages/airflow/example_dags/example_task_group_decorator.py
[2024-01-30T19:01:17.024+0000] {processor.py:766} INFO - DAG(s) dict_keys(['example_task_group_decorator']) retrieved from /home/airflow/.local/lib/python3.7/site-packages/airflow/example_dags/example_task_group_decorator.py
[2024-01-30T19:01:17.081+0000] {logging_mixin.py:120} INFO - [2024-01-30T19:01:17.081+0000] {dag.py:2585} INFO - Sync 1 DAGs
[2024-01-30T19:01:17.115+0000] {logging_mixin.py:120} INFO - [2024-01-30T19:01:17.115+0000] {dag.py:3340} INFO - Setting next_dagrun for example_task_group_decorator to 2024-01-29T19:01:17.114851+00:00, run_after=2024-01-30T19:01:17.114851+00:00
[2024-01-30T19:01:17.152+0000] {processor.py:176} INFO - Processing /home/airflow/.local/lib/python3.7/site-packages/airflow/example_dags/example_task_group_decorator.py took 0.175 seconds
[2024-01-30T19:01:47.931+0000] {processor.py:154} INFO - Started process (PID=1592) to work on /home/airflow/.local/lib/python3.7/site-packages/airflow/example_dags/example_task_group_decorator.py
[2024-01-30T19:01:47.933+0000] {processor.py:756} INFO - Processing file /home/airflow/.local/lib/python3.7/site-packages/airflow/example_dags/example_task_group_decorator.py for tasks to queue
[2024-01-30T19:01:47.936+0000] {logging_mixin.py:120} INFO - [2024-01-30T19:01:47.936+0000] {dagbag.py:537} INFO - Filling up the DagBag from /home/airflow/.local/lib/python3.7/site-packages/airflow/example_dags/example_task_group_decorator.py
[2024-01-30T19:01:48.053+0000] {processor.py:766} INFO - DAG(s) dict_keys(['example_task_group_decorator']) retrieved from /home/airflow/.local/lib/python3.7/site-packages/airflow/example_dags/example_task_group_decorator.py
[2024-01-30T19:01:48.137+0000] {logging_mixin.py:120} INFO - [2024-01-30T19:01:48.137+0000] {dag.py:2585} INFO - Sync 1 DAGs
[2024-01-30T19:01:48.179+0000] {logging_mixin.py:120} INFO - [2024-01-30T19:01:48.178+0000] {dag.py:3340} INFO - Setting next_dagrun for example_task_group_decorator to 2024-01-29T19:01:48.178653+00:00, run_after=2024-01-30T19:01:48.178653+00:00
[2024-01-30T19:01:48.204+0000] {processor.py:176} INFO - Processing /home/airflow/.local/lib/python3.7/site-packages/airflow/example_dags/example_task_group_decorator.py took 0.284 seconds
[2024-01-30T19:02:18.453+0000] {processor.py:154} INFO - Started process (PID=1656) to work on /home/airflow/.local/lib/python3.7/site-packages/airflow/example_dags/example_task_group_decorator.py
[2024-01-30T19:02:18.455+0000] {processor.py:756} INFO - Processing file /home/airflow/.local/lib/python3.7/site-packages/airflow/example_dags/example_task_group_decorator.py for tasks to queue
[2024-01-30T19:02:18.456+0000] {logging_mixin.py:120} INFO - [2024-01-30T19:02:18.456+0000] {dagbag.py:537} INFO - Filling up the DagBag from /home/airflow/.local/lib/python3.7/site-packages/airflow/example_dags/example_task_group_decorator.py
[2024-01-30T19:02:18.532+0000] {processor.py:766} INFO - DAG(s) dict_keys(['example_task_group_decorator']) retrieved from /home/airflow/.local/lib/python3.7/site-packages/airflow/example_dags/example_task_group_decorator.py
[2024-01-30T19:02:18.609+0000] {logging_mixin.py:120} INFO - [2024-01-30T19:02:18.608+0000] {dag.py:2585} INFO - Sync 1 DAGs
[2024-01-30T19:02:18.675+0000] {logging_mixin.py:120} INFO - [2024-01-30T19:02:18.674+0000] {dag.py:3340} INFO - Setting next_dagrun for example_task_group_decorator to 2024-01-29T19:02:18.674169+00:00, run_after=2024-01-30T19:02:18.674169+00:00
[2024-01-30T19:02:18.737+0000] {processor.py:176} INFO - Processing /home/airflow/.local/lib/python3.7/site-packages/airflow/example_dags/example_task_group_decorator.py took 0.295 seconds
[2024-01-30T19:02:48.781+0000] {processor.py:154} INFO - Started process (PID=1711) to work on /home/airflow/.local/lib/python3.7/site-packages/airflow/example_dags/example_task_group_decorator.py
[2024-01-30T19:02:48.782+0000] {processor.py:756} INFO - Processing file /home/airflow/.local/lib/python3.7/site-packages/airflow/example_dags/example_task_group_decorator.py for tasks to queue
[2024-01-30T19:02:48.783+0000] {logging_mixin.py:120} INFO - [2024-01-30T19:02:48.783+0000] {dagbag.py:537} INFO - Filling up the DagBag from /home/airflow/.local/lib/python3.7/site-packages/airflow/example_dags/example_task_group_decorator.py
[2024-01-30T19:02:48.817+0000] {processor.py:766} INFO - DAG(s) dict_keys(['example_task_group_decorator']) retrieved from /home/airflow/.local/lib/python3.7/site-packages/airflow/example_dags/example_task_group_decorator.py
[2024-01-30T19:02:48.868+0000] {logging_mixin.py:120} INFO - [2024-01-30T19:02:48.868+0000] {dag.py:2585} INFO - Sync 1 DAGs
[2024-01-30T19:02:48.897+0000] {logging_mixin.py:120} INFO - [2024-01-30T19:02:48.897+0000] {dag.py:3340} INFO - Setting next_dagrun for example_task_group_decorator to 2024-01-29T19:02:48.897354+00:00, run_after=2024-01-30T19:02:48.897354+00:00
[2024-01-30T19:02:48.926+0000] {processor.py:176} INFO - Processing /home/airflow/.local/lib/python3.7/site-packages/airflow/example_dags/example_task_group_decorator.py took 0.150 seconds
[2024-01-30T19:03:19.720+0000] {processor.py:154} INFO - Started process (PID=1776) to work on /home/airflow/.local/lib/python3.7/site-packages/airflow/example_dags/example_task_group_decorator.py
[2024-01-30T19:03:19.721+0000] {processor.py:756} INFO - Processing file /home/airflow/.local/lib/python3.7/site-packages/airflow/example_dags/example_task_group_decorator.py for tasks to queue
[2024-01-30T19:03:19.722+0000] {logging_mixin.py:120} INFO - [2024-01-30T19:03:19.722+0000] {dagbag.py:537} INFO - Filling up the DagBag from /home/airflow/.local/lib/python3.7/site-packages/airflow/example_dags/example_task_group_decorator.py
[2024-01-30T19:03:19.756+0000] {processor.py:766} INFO - DAG(s) dict_keys(['example_task_group_decorator']) retrieved from /home/airflow/.local/lib/python3.7/site-packages/airflow/example_dags/example_task_group_decorator.py
[2024-01-30T19:03:19.806+0000] {logging_mixin.py:120} INFO - [2024-01-30T19:03:19.806+0000] {dag.py:2585} INFO - Sync 1 DAGs
[2024-01-30T19:03:19.834+0000] {logging_mixin.py:120} INFO - [2024-01-30T19:03:19.834+0000] {dag.py:3340} INFO - Setting next_dagrun for example_task_group_decorator to 2024-01-29T19:03:19.834202+00:00, run_after=2024-01-30T19:03:19.834202+00:00
[2024-01-30T19:03:19.859+0000] {processor.py:176} INFO - Processing /home/airflow/.local/lib/python3.7/site-packages/airflow/example_dags/example_task_group_decorator.py took 0.145 seconds
[2024-01-30T19:03:50.225+0000] {processor.py:154} INFO - Started process (PID=1840) to work on /home/airflow/.local/lib/python3.7/site-packages/airflow/example_dags/example_task_group_decorator.py
[2024-01-30T19:03:50.226+0000] {processor.py:756} INFO - Processing file /home/airflow/.local/lib/python3.7/site-packages/airflow/example_dags/example_task_group_decorator.py for tasks to queue
[2024-01-30T19:03:50.227+0000] {logging_mixin.py:120} INFO - [2024-01-30T19:03:50.227+0000] {dagbag.py:537} INFO - Filling up the DagBag from /home/airflow/.local/lib/python3.7/site-packages/airflow/example_dags/example_task_group_decorator.py
[2024-01-30T19:03:50.264+0000] {processor.py:766} INFO - DAG(s) dict_keys(['example_task_group_decorator']) retrieved from /home/airflow/.local/lib/python3.7/site-packages/airflow/example_dags/example_task_group_decorator.py
[2024-01-30T19:03:50.318+0000] {logging_mixin.py:120} INFO - [2024-01-30T19:03:50.318+0000] {dag.py:2585} INFO - Sync 1 DAGs
[2024-01-30T19:03:50.351+0000] {logging_mixin.py:120} INFO - [2024-01-30T19:03:50.351+0000] {dag.py:3340} INFO - Setting next_dagrun for example_task_group_decorator to 2024-01-29T19:03:50.350616+00:00, run_after=2024-01-30T19:03:50.350616+00:00
[2024-01-30T19:03:50.378+0000] {processor.py:176} INFO - Processing /home/airflow/.local/lib/python3.7/site-packages/airflow/example_dags/example_task_group_decorator.py took 0.158 seconds
[2024-01-30T19:04:20.917+0000] {processor.py:154} INFO - Started process (PID=1894) to work on /home/airflow/.local/lib/python3.7/site-packages/airflow/example_dags/example_task_group_decorator.py
[2024-01-30T19:04:20.919+0000] {processor.py:756} INFO - Processing file /home/airflow/.local/lib/python3.7/site-packages/airflow/example_dags/example_task_group_decorator.py for tasks to queue
[2024-01-30T19:04:20.920+0000] {logging_mixin.py:120} INFO - [2024-01-30T19:04:20.920+0000] {dagbag.py:537} INFO - Filling up the DagBag from /home/airflow/.local/lib/python3.7/site-packages/airflow/example_dags/example_task_group_decorator.py
[2024-01-30T19:04:20.966+0000] {processor.py:766} INFO - DAG(s) dict_keys(['example_task_group_decorator']) retrieved from /home/airflow/.local/lib/python3.7/site-packages/airflow/example_dags/example_task_group_decorator.py
[2024-01-30T19:04:21.100+0000] {logging_mixin.py:120} INFO - [2024-01-30T19:04:21.100+0000] {dag.py:2585} INFO - Sync 1 DAGs
[2024-01-30T19:04:21.163+0000] {logging_mixin.py:120} INFO - [2024-01-30T19:04:21.163+0000] {dag.py:3340} INFO - Setting next_dagrun for example_task_group_decorator to 2024-01-29T19:04:21.163112+00:00, run_after=2024-01-30T19:04:21.163112+00:00
[2024-01-30T19:04:21.192+0000] {processor.py:176} INFO - Processing /home/airflow/.local/lib/python3.7/site-packages/airflow/example_dags/example_task_group_decorator.py took 0.280 seconds
[2024-01-30T19:04:51.314+0000] {processor.py:154} INFO - Started process (PID=1958) to work on /home/airflow/.local/lib/python3.7/site-packages/airflow/example_dags/example_task_group_decorator.py
[2024-01-30T19:04:51.316+0000] {processor.py:756} INFO - Processing file /home/airflow/.local/lib/python3.7/site-packages/airflow/example_dags/example_task_group_decorator.py for tasks to queue
[2024-01-30T19:04:51.317+0000] {logging_mixin.py:120} INFO - [2024-01-30T19:04:51.317+0000] {dagbag.py:537} INFO - Filling up the DagBag from /home/airflow/.local/lib/python3.7/site-packages/airflow/example_dags/example_task_group_decorator.py
[2024-01-30T19:04:51.368+0000] {processor.py:766} INFO - DAG(s) dict_keys(['example_task_group_decorator']) retrieved from /home/airflow/.local/lib/python3.7/site-packages/airflow/example_dags/example_task_group_decorator.py
[2024-01-30T19:04:51.434+0000] {logging_mixin.py:120} INFO - [2024-01-30T19:04:51.434+0000] {dag.py:2585} INFO - Sync 1 DAGs
[2024-01-30T19:04:51.475+0000] {logging_mixin.py:120} INFO - [2024-01-30T19:04:51.474+0000] {dag.py:3340} INFO - Setting next_dagrun for example_task_group_decorator to 2024-01-29T19:04:51.474414+00:00, run_after=2024-01-30T19:04:51.474414+00:00
[2024-01-30T19:04:51.509+0000] {processor.py:176} INFO - Processing /home/airflow/.local/lib/python3.7/site-packages/airflow/example_dags/example_task_group_decorator.py took 0.201 seconds
[2024-01-30T19:05:21.650+0000] {processor.py:154} INFO - Started process (PID=2022) to work on /home/airflow/.local/lib/python3.7/site-packages/airflow/example_dags/example_task_group_decorator.py
[2024-01-30T19:05:21.652+0000] {processor.py:756} INFO - Processing file /home/airflow/.local/lib/python3.7/site-packages/airflow/example_dags/example_task_group_decorator.py for tasks to queue
[2024-01-30T19:05:21.654+0000] {logging_mixin.py:120} INFO - [2024-01-30T19:05:21.653+0000] {dagbag.py:537} INFO - Filling up the DagBag from /home/airflow/.local/lib/python3.7/site-packages/airflow/example_dags/example_task_group_decorator.py
[2024-01-30T19:05:21.697+0000] {processor.py:766} INFO - DAG(s) dict_keys(['example_task_group_decorator']) retrieved from /home/airflow/.local/lib/python3.7/site-packages/airflow/example_dags/example_task_group_decorator.py
[2024-01-30T19:05:21.763+0000] {logging_mixin.py:120} INFO - [2024-01-30T19:05:21.762+0000] {dag.py:2585} INFO - Sync 1 DAGs
[2024-01-30T19:05:21.796+0000] {logging_mixin.py:120} INFO - [2024-01-30T19:05:21.796+0000] {dag.py:3340} INFO - Setting next_dagrun for example_task_group_decorator to 2024-01-29T19:05:21.795816+00:00, run_after=2024-01-30T19:05:21.795816+00:00
[2024-01-30T19:05:21.823+0000] {processor.py:176} INFO - Processing /home/airflow/.local/lib/python3.7/site-packages/airflow/example_dags/example_task_group_decorator.py took 0.177 seconds
[2024-01-30T19:05:51.926+0000] {processor.py:154} INFO - Started process (PID=2077) to work on /home/airflow/.local/lib/python3.7/site-packages/airflow/example_dags/example_task_group_decorator.py
[2024-01-30T19:05:51.928+0000] {processor.py:756} INFO - Processing file /home/airflow/.local/lib/python3.7/site-packages/airflow/example_dags/example_task_group_decorator.py for tasks to queue
[2024-01-30T19:05:51.929+0000] {logging_mixin.py:120} INFO - [2024-01-30T19:05:51.929+0000] {dagbag.py:537} INFO - Filling up the DagBag from /home/airflow/.local/lib/python3.7/site-packages/airflow/example_dags/example_task_group_decorator.py
[2024-01-30T19:05:51.966+0000] {processor.py:766} INFO - DAG(s) dict_keys(['example_task_group_decorator']) retrieved from /home/airflow/.local/lib/python3.7/site-packages/airflow/example_dags/example_task_group_decorator.py
[2024-01-30T19:05:52.021+0000] {logging_mixin.py:120} INFO - [2024-01-30T19:05:52.021+0000] {dag.py:2585} INFO - Sync 1 DAGs
[2024-01-30T19:05:52.051+0000] {logging_mixin.py:120} INFO - [2024-01-30T19:05:52.051+0000] {dag.py:3340} INFO - Setting next_dagrun for example_task_group_decorator to 2024-01-29T19:05:52.050763+00:00, run_after=2024-01-30T19:05:52.050763+00:00
[2024-01-30T19:05:52.077+0000] {processor.py:176} INFO - Processing /home/airflow/.local/lib/python3.7/site-packages/airflow/example_dags/example_task_group_decorator.py took 0.155 seconds
[2024-01-30T19:06:22.712+0000] {processor.py:154} INFO - Started process (PID=2142) to work on /home/airflow/.local/lib/python3.7/site-packages/airflow/example_dags/example_task_group_decorator.py
[2024-01-30T19:06:22.714+0000] {processor.py:756} INFO - Processing file /home/airflow/.local/lib/python3.7/site-packages/airflow/example_dags/example_task_group_decorator.py for tasks to queue
[2024-01-30T19:06:22.716+0000] {logging_mixin.py:120} INFO - [2024-01-30T19:06:22.716+0000] {dagbag.py:537} INFO - Filling up the DagBag from /home/airflow/.local/lib/python3.7/site-packages/airflow/example_dags/example_task_group_decorator.py
[2024-01-30T19:06:22.770+0000] {processor.py:766} INFO - DAG(s) dict_keys(['example_task_group_decorator']) retrieved from /home/airflow/.local/lib/python3.7/site-packages/airflow/example_dags/example_task_group_decorator.py
[2024-01-30T19:06:22.845+0000] {logging_mixin.py:120} INFO - [2024-01-30T19:06:22.844+0000] {dag.py:2585} INFO - Sync 1 DAGs
[2024-01-30T19:06:22.892+0000] {logging_mixin.py:120} INFO - [2024-01-30T19:06:22.892+0000] {dag.py:3340} INFO - Setting next_dagrun for example_task_group_decorator to 2024-01-29T19:06:22.892075+00:00, run_after=2024-01-30T19:06:22.892075+00:00
[2024-01-30T19:06:22.932+0000] {processor.py:176} INFO - Processing /home/airflow/.local/lib/python3.7/site-packages/airflow/example_dags/example_task_group_decorator.py took 0.228 seconds
[2024-01-30T19:06:53.347+0000] {processor.py:154} INFO - Started process (PID=2197) to work on /home/airflow/.local/lib/python3.7/site-packages/airflow/example_dags/example_task_group_decorator.py
[2024-01-30T19:06:53.349+0000] {processor.py:756} INFO - Processing file /home/airflow/.local/lib/python3.7/site-packages/airflow/example_dags/example_task_group_decorator.py for tasks to queue
[2024-01-30T19:06:53.350+0000] {logging_mixin.py:120} INFO - [2024-01-30T19:06:53.350+0000] {dagbag.py:537} INFO - Filling up the DagBag from /home/airflow/.local/lib/python3.7/site-packages/airflow/example_dags/example_task_group_decorator.py
[2024-01-30T19:06:53.396+0000] {processor.py:766} INFO - DAG(s) dict_keys(['example_task_group_decorator']) retrieved from /home/airflow/.local/lib/python3.7/site-packages/airflow/example_dags/example_task_group_decorator.py
[2024-01-30T19:06:53.464+0000] {logging_mixin.py:120} INFO - [2024-01-30T19:06:53.463+0000] {dag.py:2585} INFO - Sync 1 DAGs
[2024-01-30T19:06:53.505+0000] {logging_mixin.py:120} INFO - [2024-01-30T19:06:53.505+0000] {dag.py:3340} INFO - Setting next_dagrun for example_task_group_decorator to 2024-01-29T19:06:53.504365+00:00, run_after=2024-01-30T19:06:53.504365+00:00
[2024-01-30T19:06:53.537+0000] {processor.py:176} INFO - Processing /home/airflow/.local/lib/python3.7/site-packages/airflow/example_dags/example_task_group_decorator.py took 0.196 seconds
[2024-01-30T19:07:24.260+0000] {processor.py:154} INFO - Started process (PID=2261) to work on /home/airflow/.local/lib/python3.7/site-packages/airflow/example_dags/example_task_group_decorator.py
[2024-01-30T19:07:24.263+0000] {processor.py:756} INFO - Processing file /home/airflow/.local/lib/python3.7/site-packages/airflow/example_dags/example_task_group_decorator.py for tasks to queue
[2024-01-30T19:07:24.265+0000] {logging_mixin.py:120} INFO - [2024-01-30T19:07:24.265+0000] {dagbag.py:537} INFO - Filling up the DagBag from /home/airflow/.local/lib/python3.7/site-packages/airflow/example_dags/example_task_group_decorator.py
[2024-01-30T19:07:24.356+0000] {processor.py:766} INFO - DAG(s) dict_keys(['example_task_group_decorator']) retrieved from /home/airflow/.local/lib/python3.7/site-packages/airflow/example_dags/example_task_group_decorator.py
[2024-01-30T19:07:24.463+0000] {logging_mixin.py:120} INFO - [2024-01-30T19:07:24.463+0000] {dag.py:2585} INFO - Sync 1 DAGs
[2024-01-30T19:07:24.526+0000] {logging_mixin.py:120} INFO - [2024-01-30T19:07:24.526+0000] {dag.py:3340} INFO - Setting next_dagrun for example_task_group_decorator to 2024-01-29T19:07:24.525575+00:00, run_after=2024-01-30T19:07:24.525575+00:00
[2024-01-30T19:07:24.561+0000] {processor.py:176} INFO - Processing /home/airflow/.local/lib/python3.7/site-packages/airflow/example_dags/example_task_group_decorator.py took 0.308 seconds
[2024-01-30T19:07:54.778+0000] {processor.py:154} INFO - Started process (PID=2324) to work on /home/airflow/.local/lib/python3.7/site-packages/airflow/example_dags/example_task_group_decorator.py
[2024-01-30T19:07:54.780+0000] {processor.py:756} INFO - Processing file /home/airflow/.local/lib/python3.7/site-packages/airflow/example_dags/example_task_group_decorator.py for tasks to queue
[2024-01-30T19:07:54.781+0000] {logging_mixin.py:120} INFO - [2024-01-30T19:07:54.781+0000] {dagbag.py:537} INFO - Filling up the DagBag from /home/airflow/.local/lib/python3.7/site-packages/airflow/example_dags/example_task_group_decorator.py
[2024-01-30T19:07:54.831+0000] {processor.py:766} INFO - DAG(s) dict_keys(['example_task_group_decorator']) retrieved from /home/airflow/.local/lib/python3.7/site-packages/airflow/example_dags/example_task_group_decorator.py
[2024-01-30T19:07:54.919+0000] {logging_mixin.py:120} INFO - [2024-01-30T19:07:54.918+0000] {dag.py:2585} INFO - Sync 1 DAGs
[2024-01-30T19:07:54.954+0000] {logging_mixin.py:120} INFO - [2024-01-30T19:07:54.954+0000] {dag.py:3340} INFO - Setting next_dagrun for example_task_group_decorator to 2024-01-29T19:07:54.954039+00:00, run_after=2024-01-30T19:07:54.954039+00:00
[2024-01-30T19:07:54.979+0000] {processor.py:176} INFO - Processing /home/airflow/.local/lib/python3.7/site-packages/airflow/example_dags/example_task_group_decorator.py took 0.206 seconds
[2024-01-30T19:08:25.434+0000] {processor.py:154} INFO - Started process (PID=2381) to work on /home/airflow/.local/lib/python3.7/site-packages/airflow/example_dags/example_task_group_decorator.py
[2024-01-30T19:08:25.436+0000] {processor.py:756} INFO - Processing file /home/airflow/.local/lib/python3.7/site-packages/airflow/example_dags/example_task_group_decorator.py for tasks to queue
[2024-01-30T19:08:25.439+0000] {logging_mixin.py:120} INFO - [2024-01-30T19:08:25.438+0000] {dagbag.py:537} INFO - Filling up the DagBag from /home/airflow/.local/lib/python3.7/site-packages/airflow/example_dags/example_task_group_decorator.py
[2024-01-30T19:08:25.486+0000] {processor.py:766} INFO - DAG(s) dict_keys(['example_task_group_decorator']) retrieved from /home/airflow/.local/lib/python3.7/site-packages/airflow/example_dags/example_task_group_decorator.py
[2024-01-30T19:08:25.552+0000] {logging_mixin.py:120} INFO - [2024-01-30T19:08:25.551+0000] {dag.py:2585} INFO - Sync 1 DAGs
[2024-01-30T19:08:25.587+0000] {logging_mixin.py:120} INFO - [2024-01-30T19:08:25.587+0000] {dag.py:3340} INFO - Setting next_dagrun for example_task_group_decorator to 2024-01-29T19:08:25.587290+00:00, run_after=2024-01-30T19:08:25.587290+00:00
[2024-01-30T19:08:25.619+0000] {processor.py:176} INFO - Processing /home/airflow/.local/lib/python3.7/site-packages/airflow/example_dags/example_task_group_decorator.py took 0.189 seconds
[2024-01-30T19:08:55.880+0000] {processor.py:154} INFO - Started process (PID=2446) to work on /home/airflow/.local/lib/python3.7/site-packages/airflow/example_dags/example_task_group_decorator.py
[2024-01-30T19:08:55.883+0000] {processor.py:756} INFO - Processing file /home/airflow/.local/lib/python3.7/site-packages/airflow/example_dags/example_task_group_decorator.py for tasks to queue
[2024-01-30T19:08:55.887+0000] {logging_mixin.py:120} INFO - [2024-01-30T19:08:55.887+0000] {dagbag.py:537} INFO - Filling up the DagBag from /home/airflow/.local/lib/python3.7/site-packages/airflow/example_dags/example_task_group_decorator.py
[2024-01-30T19:08:55.951+0000] {processor.py:766} INFO - DAG(s) dict_keys(['example_task_group_decorator']) retrieved from /home/airflow/.local/lib/python3.7/site-packages/airflow/example_dags/example_task_group_decorator.py
[2024-01-30T19:08:56.117+0000] {logging_mixin.py:120} INFO - [2024-01-30T19:08:56.117+0000] {dag.py:2585} INFO - Sync 1 DAGs
[2024-01-30T19:08:56.184+0000] {logging_mixin.py:120} INFO - [2024-01-30T19:08:56.184+0000] {dag.py:3340} INFO - Setting next_dagrun for example_task_group_decorator to 2024-01-29T19:08:56.182591+00:00, run_after=2024-01-30T19:08:56.182591+00:00
[2024-01-30T19:08:56.261+0000] {processor.py:176} INFO - Processing /home/airflow/.local/lib/python3.7/site-packages/airflow/example_dags/example_task_group_decorator.py took 0.388 seconds
[2024-01-30T19:09:27.462+0000] {processor.py:154} INFO - Started process (PID=2506) to work on /home/airflow/.local/lib/python3.7/site-packages/airflow/example_dags/example_task_group_decorator.py
[2024-01-30T19:09:27.463+0000] {processor.py:756} INFO - Processing file /home/airflow/.local/lib/python3.7/site-packages/airflow/example_dags/example_task_group_decorator.py for tasks to queue
[2024-01-30T19:09:27.464+0000] {logging_mixin.py:120} INFO - [2024-01-30T19:09:27.464+0000] {dagbag.py:537} INFO - Filling up the DagBag from /home/airflow/.local/lib/python3.7/site-packages/airflow/example_dags/example_task_group_decorator.py
[2024-01-30T19:09:27.505+0000] {processor.py:766} INFO - DAG(s) dict_keys(['example_task_group_decorator']) retrieved from /home/airflow/.local/lib/python3.7/site-packages/airflow/example_dags/example_task_group_decorator.py
[2024-01-30T19:09:27.569+0000] {logging_mixin.py:120} INFO - [2024-01-30T19:09:27.569+0000] {dag.py:2585} INFO - Sync 1 DAGs
[2024-01-30T19:09:27.612+0000] {logging_mixin.py:120} INFO - [2024-01-30T19:09:27.611+0000] {dag.py:3340} INFO - Setting next_dagrun for example_task_group_decorator to 2024-01-29T19:09:27.610954+00:00, run_after=2024-01-30T19:09:27.610954+00:00
[2024-01-30T19:09:27.646+0000] {processor.py:176} INFO - Processing /home/airflow/.local/lib/python3.7/site-packages/airflow/example_dags/example_task_group_decorator.py took 0.189 seconds
[2024-01-30T19:09:58.032+0000] {processor.py:154} INFO - Started process (PID=2569) to work on /home/airflow/.local/lib/python3.7/site-packages/airflow/example_dags/example_task_group_decorator.py
[2024-01-30T19:09:58.035+0000] {processor.py:756} INFO - Processing file /home/airflow/.local/lib/python3.7/site-packages/airflow/example_dags/example_task_group_decorator.py for tasks to queue
[2024-01-30T19:09:58.038+0000] {logging_mixin.py:120} INFO - [2024-01-30T19:09:58.038+0000] {dagbag.py:537} INFO - Filling up the DagBag from /home/airflow/.local/lib/python3.7/site-packages/airflow/example_dags/example_task_group_decorator.py
[2024-01-30T19:09:58.125+0000] {processor.py:766} INFO - DAG(s) dict_keys(['example_task_group_decorator']) retrieved from /home/airflow/.local/lib/python3.7/site-packages/airflow/example_dags/example_task_group_decorator.py
[2024-01-30T19:09:58.206+0000] {logging_mixin.py:120} INFO - [2024-01-30T19:09:58.206+0000] {dag.py:2585} INFO - Sync 1 DAGs
[2024-01-30T19:09:58.245+0000] {logging_mixin.py:120} INFO - [2024-01-30T19:09:58.244+0000] {dag.py:3340} INFO - Setting next_dagrun for example_task_group_decorator to 2024-01-29T19:09:58.244491+00:00, run_after=2024-01-30T19:09:58.244491+00:00
[2024-01-30T19:09:58.278+0000] {processor.py:176} INFO - Processing /home/airflow/.local/lib/python3.7/site-packages/airflow/example_dags/example_task_group_decorator.py took 0.256 seconds
[2024-01-30T19:10:28.461+0000] {processor.py:154} INFO - Started process (PID=2634) to work on /home/airflow/.local/lib/python3.7/site-packages/airflow/example_dags/example_task_group_decorator.py
[2024-01-30T19:10:28.462+0000] {processor.py:756} INFO - Processing file /home/airflow/.local/lib/python3.7/site-packages/airflow/example_dags/example_task_group_decorator.py for tasks to queue
[2024-01-30T19:10:28.463+0000] {logging_mixin.py:120} INFO - [2024-01-30T19:10:28.463+0000] {dagbag.py:537} INFO - Filling up the DagBag from /home/airflow/.local/lib/python3.7/site-packages/airflow/example_dags/example_task_group_decorator.py
[2024-01-30T19:10:28.516+0000] {processor.py:766} INFO - DAG(s) dict_keys(['example_task_group_decorator']) retrieved from /home/airflow/.local/lib/python3.7/site-packages/airflow/example_dags/example_task_group_decorator.py
[2024-01-30T19:10:28.586+0000] {logging_mixin.py:120} INFO - [2024-01-30T19:10:28.586+0000] {dag.py:2585} INFO - Sync 1 DAGs
[2024-01-30T19:10:28.624+0000] {logging_mixin.py:120} INFO - [2024-01-30T19:10:28.624+0000] {dag.py:3340} INFO - Setting next_dagrun for example_task_group_decorator to 2024-01-29T19:10:28.624115+00:00, run_after=2024-01-30T19:10:28.624115+00:00
[2024-01-30T19:10:28.652+0000] {processor.py:176} INFO - Processing /home/airflow/.local/lib/python3.7/site-packages/airflow/example_dags/example_task_group_decorator.py took 0.198 seconds
[2024-01-30T19:10:59.222+0000] {processor.py:154} INFO - Started process (PID=2690) to work on /home/airflow/.local/lib/python3.7/site-packages/airflow/example_dags/example_task_group_decorator.py
[2024-01-30T19:10:59.224+0000] {processor.py:756} INFO - Processing file /home/airflow/.local/lib/python3.7/site-packages/airflow/example_dags/example_task_group_decorator.py for tasks to queue
[2024-01-30T19:10:59.226+0000] {logging_mixin.py:120} INFO - [2024-01-30T19:10:59.225+0000] {dagbag.py:537} INFO - Filling up the DagBag from /home/airflow/.local/lib/python3.7/site-packages/airflow/example_dags/example_task_group_decorator.py
[2024-01-30T19:10:59.280+0000] {processor.py:766} INFO - DAG(s) dict_keys(['example_task_group_decorator']) retrieved from /home/airflow/.local/lib/python3.7/site-packages/airflow/example_dags/example_task_group_decorator.py
[2024-01-30T19:10:59.347+0000] {logging_mixin.py:120} INFO - [2024-01-30T19:10:59.347+0000] {dag.py:2585} INFO - Sync 1 DAGs
[2024-01-30T19:10:59.390+0000] {logging_mixin.py:120} INFO - [2024-01-30T19:10:59.390+0000] {dag.py:3340} INFO - Setting next_dagrun for example_task_group_decorator to 2024-01-29T19:10:59.389851+00:00, run_after=2024-01-30T19:10:59.389851+00:00
[2024-01-30T19:10:59.425+0000] {processor.py:176} INFO - Processing /home/airflow/.local/lib/python3.7/site-packages/airflow/example_dags/example_task_group_decorator.py took 0.209 seconds
[2024-01-30T19:11:29.536+0000] {processor.py:154} INFO - Started process (PID=2755) to work on /home/airflow/.local/lib/python3.7/site-packages/airflow/example_dags/example_task_group_decorator.py
[2024-01-30T19:11:29.538+0000] {processor.py:756} INFO - Processing file /home/airflow/.local/lib/python3.7/site-packages/airflow/example_dags/example_task_group_decorator.py for tasks to queue
[2024-01-30T19:11:29.539+0000] {logging_mixin.py:120} INFO - [2024-01-30T19:11:29.539+0000] {dagbag.py:537} INFO - Filling up the DagBag from /home/airflow/.local/lib/python3.7/site-packages/airflow/example_dags/example_task_group_decorator.py
[2024-01-30T19:11:29.577+0000] {processor.py:766} INFO - DAG(s) dict_keys(['example_task_group_decorator']) retrieved from /home/airflow/.local/lib/python3.7/site-packages/airflow/example_dags/example_task_group_decorator.py
[2024-01-30T19:11:29.632+0000] {logging_mixin.py:120} INFO - [2024-01-30T19:11:29.632+0000] {dag.py:2585} INFO - Sync 1 DAGs
[2024-01-30T19:11:29.666+0000] {logging_mixin.py:120} INFO - [2024-01-30T19:11:29.666+0000] {dag.py:3340} INFO - Setting next_dagrun for example_task_group_decorator to 2024-01-29T19:11:29.665930+00:00, run_after=2024-01-30T19:11:29.665930+00:00
[2024-01-30T19:11:29.698+0000] {processor.py:176} INFO - Processing /home/airflow/.local/lib/python3.7/site-packages/airflow/example_dags/example_task_group_decorator.py took 0.167 seconds
[2024-01-30T19:12:00.137+0000] {processor.py:154} INFO - Started process (PID=2823) to work on /home/airflow/.local/lib/python3.7/site-packages/airflow/example_dags/example_task_group_decorator.py
[2024-01-30T19:12:00.139+0000] {processor.py:756} INFO - Processing file /home/airflow/.local/lib/python3.7/site-packages/airflow/example_dags/example_task_group_decorator.py for tasks to queue
[2024-01-30T19:12:00.141+0000] {logging_mixin.py:120} INFO - [2024-01-30T19:12:00.141+0000] {dagbag.py:537} INFO - Filling up the DagBag from /home/airflow/.local/lib/python3.7/site-packages/airflow/example_dags/example_task_group_decorator.py
[2024-01-30T19:12:00.200+0000] {processor.py:766} INFO - DAG(s) dict_keys(['example_task_group_decorator']) retrieved from /home/airflow/.local/lib/python3.7/site-packages/airflow/example_dags/example_task_group_decorator.py
[2024-01-30T19:12:00.272+0000] {logging_mixin.py:120} INFO - [2024-01-30T19:12:00.272+0000] {dag.py:2585} INFO - Sync 1 DAGs
[2024-01-30T19:12:00.310+0000] {logging_mixin.py:120} INFO - [2024-01-30T19:12:00.310+0000] {dag.py:3340} INFO - Setting next_dagrun for example_task_group_decorator to 2024-01-29T19:12:00.309743+00:00, run_after=2024-01-30T19:12:00.309743+00:00
[2024-01-30T19:12:00.338+0000] {processor.py:176} INFO - Processing /home/airflow/.local/lib/python3.7/site-packages/airflow/example_dags/example_task_group_decorator.py took 0.223 seconds
[2024-01-30T19:12:30.522+0000] {processor.py:154} INFO - Started process (PID=2880) to work on /home/airflow/.local/lib/python3.7/site-packages/airflow/example_dags/example_task_group_decorator.py
[2024-01-30T19:12:30.524+0000] {processor.py:756} INFO - Processing file /home/airflow/.local/lib/python3.7/site-packages/airflow/example_dags/example_task_group_decorator.py for tasks to queue
[2024-01-30T19:12:30.530+0000] {logging_mixin.py:120} INFO - [2024-01-30T19:12:30.530+0000] {dagbag.py:537} INFO - Filling up the DagBag from /home/airflow/.local/lib/python3.7/site-packages/airflow/example_dags/example_task_group_decorator.py
[2024-01-30T19:12:30.593+0000] {processor.py:766} INFO - DAG(s) dict_keys(['example_task_group_decorator']) retrieved from /home/airflow/.local/lib/python3.7/site-packages/airflow/example_dags/example_task_group_decorator.py
[2024-01-30T19:12:30.675+0000] {logging_mixin.py:120} INFO - [2024-01-30T19:12:30.675+0000] {dag.py:2585} INFO - Sync 1 DAGs
[2024-01-30T19:12:30.714+0000] {logging_mixin.py:120} INFO - [2024-01-30T19:12:30.713+0000] {dag.py:3340} INFO - Setting next_dagrun for example_task_group_decorator to 2024-01-29T19:12:30.713636+00:00, run_after=2024-01-30T19:12:30.713636+00:00
[2024-01-30T19:12:30.746+0000] {processor.py:176} INFO - Processing /home/airflow/.local/lib/python3.7/site-packages/airflow/example_dags/example_task_group_decorator.py took 0.229 seconds
[2024-01-30T19:13:01.112+0000] {processor.py:154} INFO - Started process (PID=2945) to work on /home/airflow/.local/lib/python3.7/site-packages/airflow/example_dags/example_task_group_decorator.py
[2024-01-30T19:13:01.114+0000] {processor.py:756} INFO - Processing file /home/airflow/.local/lib/python3.7/site-packages/airflow/example_dags/example_task_group_decorator.py for tasks to queue
[2024-01-30T19:13:01.116+0000] {logging_mixin.py:120} INFO - [2024-01-30T19:13:01.116+0000] {dagbag.py:537} INFO - Filling up the DagBag from /home/airflow/.local/lib/python3.7/site-packages/airflow/example_dags/example_task_group_decorator.py
[2024-01-30T19:13:01.162+0000] {processor.py:766} INFO - DAG(s) dict_keys(['example_task_group_decorator']) retrieved from /home/airflow/.local/lib/python3.7/site-packages/airflow/example_dags/example_task_group_decorator.py
[2024-01-30T19:13:01.243+0000] {logging_mixin.py:120} INFO - [2024-01-30T19:13:01.242+0000] {dag.py:2585} INFO - Sync 1 DAGs
[2024-01-30T19:13:01.285+0000] {logging_mixin.py:120} INFO - [2024-01-30T19:13:01.285+0000] {dag.py:3340} INFO - Setting next_dagrun for example_task_group_decorator to 2024-01-29T19:13:01.285178+00:00, run_after=2024-01-30T19:13:01.285178+00:00
[2024-01-30T19:13:01.319+0000] {processor.py:176} INFO - Processing /home/airflow/.local/lib/python3.7/site-packages/airflow/example_dags/example_task_group_decorator.py took 0.212 seconds
[2024-01-30T19:13:31.848+0000] {processor.py:154} INFO - Started process (PID=3001) to work on /home/airflow/.local/lib/python3.7/site-packages/airflow/example_dags/example_task_group_decorator.py
[2024-01-30T19:13:31.850+0000] {processor.py:756} INFO - Processing file /home/airflow/.local/lib/python3.7/site-packages/airflow/example_dags/example_task_group_decorator.py for tasks to queue
[2024-01-30T19:13:31.853+0000] {logging_mixin.py:120} INFO - [2024-01-30T19:13:31.852+0000] {dagbag.py:537} INFO - Filling up the DagBag from /home/airflow/.local/lib/python3.7/site-packages/airflow/example_dags/example_task_group_decorator.py
[2024-01-30T19:13:31.901+0000] {processor.py:766} INFO - DAG(s) dict_keys(['example_task_group_decorator']) retrieved from /home/airflow/.local/lib/python3.7/site-packages/airflow/example_dags/example_task_group_decorator.py
[2024-01-30T19:13:31.971+0000] {logging_mixin.py:120} INFO - [2024-01-30T19:13:31.971+0000] {dag.py:2585} INFO - Sync 1 DAGs
[2024-01-30T19:13:32.015+0000] {logging_mixin.py:120} INFO - [2024-01-30T19:13:32.014+0000] {dag.py:3340} INFO - Setting next_dagrun for example_task_group_decorator to 2024-01-29T19:13:32.014247+00:00, run_after=2024-01-30T19:13:32.014247+00:00
[2024-01-30T19:13:32.049+0000] {processor.py:176} INFO - Processing /home/airflow/.local/lib/python3.7/site-packages/airflow/example_dags/example_task_group_decorator.py took 0.206 seconds
[2024-01-30T19:14:02.132+0000] {processor.py:154} INFO - Started process (PID=3066) to work on /home/airflow/.local/lib/python3.7/site-packages/airflow/example_dags/example_task_group_decorator.py
[2024-01-30T19:14:02.134+0000] {processor.py:756} INFO - Processing file /home/airflow/.local/lib/python3.7/site-packages/airflow/example_dags/example_task_group_decorator.py for tasks to queue
[2024-01-30T19:14:02.136+0000] {logging_mixin.py:120} INFO - [2024-01-30T19:14:02.135+0000] {dagbag.py:537} INFO - Filling up the DagBag from /home/airflow/.local/lib/python3.7/site-packages/airflow/example_dags/example_task_group_decorator.py
[2024-01-30T19:14:02.181+0000] {processor.py:766} INFO - DAG(s) dict_keys(['example_task_group_decorator']) retrieved from /home/airflow/.local/lib/python3.7/site-packages/airflow/example_dags/example_task_group_decorator.py
[2024-01-30T19:14:02.252+0000] {logging_mixin.py:120} INFO - [2024-01-30T19:14:02.252+0000] {dag.py:2585} INFO - Sync 1 DAGs
[2024-01-30T19:14:02.295+0000] {logging_mixin.py:120} INFO - [2024-01-30T19:14:02.295+0000] {dag.py:3340} INFO - Setting next_dagrun for example_task_group_decorator to 2024-01-29T19:14:02.294710+00:00, run_after=2024-01-30T19:14:02.294710+00:00
[2024-01-30T19:14:02.336+0000] {processor.py:176} INFO - Processing /home/airflow/.local/lib/python3.7/site-packages/airflow/example_dags/example_task_group_decorator.py took 0.209 seconds
[2024-01-30T19:14:32.743+0000] {processor.py:154} INFO - Started process (PID=3131) to work on /home/airflow/.local/lib/python3.7/site-packages/airflow/example_dags/example_task_group_decorator.py
[2024-01-30T19:14:32.744+0000] {processor.py:756} INFO - Processing file /home/airflow/.local/lib/python3.7/site-packages/airflow/example_dags/example_task_group_decorator.py for tasks to queue
[2024-01-30T19:14:32.746+0000] {logging_mixin.py:120} INFO - [2024-01-30T19:14:32.745+0000] {dagbag.py:537} INFO - Filling up the DagBag from /home/airflow/.local/lib/python3.7/site-packages/airflow/example_dags/example_task_group_decorator.py
[2024-01-30T19:14:32.792+0000] {processor.py:766} INFO - DAG(s) dict_keys(['example_task_group_decorator']) retrieved from /home/airflow/.local/lib/python3.7/site-packages/airflow/example_dags/example_task_group_decorator.py
[2024-01-30T19:14:32.855+0000] {logging_mixin.py:120} INFO - [2024-01-30T19:14:32.855+0000] {dag.py:2585} INFO - Sync 1 DAGs
[2024-01-30T19:14:32.891+0000] {logging_mixin.py:120} INFO - [2024-01-30T19:14:32.891+0000] {dag.py:3340} INFO - Setting next_dagrun for example_task_group_decorator to 2024-01-29T19:14:32.890724+00:00, run_after=2024-01-30T19:14:32.890724+00:00
[2024-01-30T19:14:32.920+0000] {processor.py:176} INFO - Processing /home/airflow/.local/lib/python3.7/site-packages/airflow/example_dags/example_task_group_decorator.py took 0.183 seconds
[2024-01-30T19:15:03.073+0000] {processor.py:154} INFO - Started process (PID=3187) to work on /home/airflow/.local/lib/python3.7/site-packages/airflow/example_dags/example_task_group_decorator.py
[2024-01-30T19:15:03.075+0000] {processor.py:756} INFO - Processing file /home/airflow/.local/lib/python3.7/site-packages/airflow/example_dags/example_task_group_decorator.py for tasks to queue
[2024-01-30T19:15:03.077+0000] {logging_mixin.py:120} INFO - [2024-01-30T19:15:03.076+0000] {dagbag.py:537} INFO - Filling up the DagBag from /home/airflow/.local/lib/python3.7/site-packages/airflow/example_dags/example_task_group_decorator.py
[2024-01-30T19:15:03.118+0000] {processor.py:766} INFO - DAG(s) dict_keys(['example_task_group_decorator']) retrieved from /home/airflow/.local/lib/python3.7/site-packages/airflow/example_dags/example_task_group_decorator.py
[2024-01-30T19:15:03.170+0000] {logging_mixin.py:120} INFO - [2024-01-30T19:15:03.169+0000] {dag.py:2585} INFO - Sync 1 DAGs
[2024-01-30T19:15:03.205+0000] {logging_mixin.py:120} INFO - [2024-01-30T19:15:03.205+0000] {dag.py:3340} INFO - Setting next_dagrun for example_task_group_decorator to 2024-01-29T19:15:03.204816+00:00, run_after=2024-01-30T19:15:03.204816+00:00
[2024-01-30T19:15:03.236+0000] {processor.py:176} INFO - Processing /home/airflow/.local/lib/python3.7/site-packages/airflow/example_dags/example_task_group_decorator.py took 0.168 seconds
[2024-01-30T19:15:33.976+0000] {processor.py:154} INFO - Started process (PID=3252) to work on /home/airflow/.local/lib/python3.7/site-packages/airflow/example_dags/example_task_group_decorator.py
[2024-01-30T19:15:33.977+0000] {processor.py:756} INFO - Processing file /home/airflow/.local/lib/python3.7/site-packages/airflow/example_dags/example_task_group_decorator.py for tasks to queue
[2024-01-30T19:15:33.979+0000] {logging_mixin.py:120} INFO - [2024-01-30T19:15:33.979+0000] {dagbag.py:537} INFO - Filling up the DagBag from /home/airflow/.local/lib/python3.7/site-packages/airflow/example_dags/example_task_group_decorator.py
[2024-01-30T19:15:34.025+0000] {processor.py:766} INFO - DAG(s) dict_keys(['example_task_group_decorator']) retrieved from /home/airflow/.local/lib/python3.7/site-packages/airflow/example_dags/example_task_group_decorator.py
[2024-01-30T19:15:34.085+0000] {logging_mixin.py:120} INFO - [2024-01-30T19:15:34.085+0000] {dag.py:2585} INFO - Sync 1 DAGs
[2024-01-30T19:15:34.116+0000] {logging_mixin.py:120} INFO - [2024-01-30T19:15:34.116+0000] {dag.py:3340} INFO - Setting next_dagrun for example_task_group_decorator to 2024-01-29T19:15:34.115980+00:00, run_after=2024-01-30T19:15:34.115980+00:00
[2024-01-30T19:15:34.141+0000] {processor.py:176} INFO - Processing /home/airflow/.local/lib/python3.7/site-packages/airflow/example_dags/example_task_group_decorator.py took 0.171 seconds
[2024-01-30T19:16:04.268+0000] {processor.py:154} INFO - Started process (PID=3316) to work on /home/airflow/.local/lib/python3.7/site-packages/airflow/example_dags/example_task_group_decorator.py
[2024-01-30T19:16:04.270+0000] {processor.py:756} INFO - Processing file /home/airflow/.local/lib/python3.7/site-packages/airflow/example_dags/example_task_group_decorator.py for tasks to queue
[2024-01-30T19:16:04.271+0000] {logging_mixin.py:120} INFO - [2024-01-30T19:16:04.271+0000] {dagbag.py:537} INFO - Filling up the DagBag from /home/airflow/.local/lib/python3.7/site-packages/airflow/example_dags/example_task_group_decorator.py
[2024-01-30T19:16:04.316+0000] {processor.py:766} INFO - DAG(s) dict_keys(['example_task_group_decorator']) retrieved from /home/airflow/.local/lib/python3.7/site-packages/airflow/example_dags/example_task_group_decorator.py
[2024-01-30T19:16:04.390+0000] {logging_mixin.py:120} INFO - [2024-01-30T19:16:04.390+0000] {dag.py:2585} INFO - Sync 1 DAGs
[2024-01-30T19:16:04.428+0000] {logging_mixin.py:120} INFO - [2024-01-30T19:16:04.428+0000] {dag.py:3340} INFO - Setting next_dagrun for example_task_group_decorator to 2024-01-29T19:16:04.427686+00:00, run_after=2024-01-30T19:16:04.427686+00:00
[2024-01-30T19:16:04.457+0000] {processor.py:176} INFO - Processing /home/airflow/.local/lib/python3.7/site-packages/airflow/example_dags/example_task_group_decorator.py took 0.196 seconds
[2024-01-30T19:16:34.818+0000] {processor.py:154} INFO - Started process (PID=3373) to work on /home/airflow/.local/lib/python3.7/site-packages/airflow/example_dags/example_task_group_decorator.py
[2024-01-30T19:16:34.819+0000] {processor.py:756} INFO - Processing file /home/airflow/.local/lib/python3.7/site-packages/airflow/example_dags/example_task_group_decorator.py for tasks to queue
[2024-01-30T19:16:34.820+0000] {logging_mixin.py:120} INFO - [2024-01-30T19:16:34.820+0000] {dagbag.py:537} INFO - Filling up the DagBag from /home/airflow/.local/lib/python3.7/site-packages/airflow/example_dags/example_task_group_decorator.py
[2024-01-30T19:16:34.859+0000] {processor.py:766} INFO - DAG(s) dict_keys(['example_task_group_decorator']) retrieved from /home/airflow/.local/lib/python3.7/site-packages/airflow/example_dags/example_task_group_decorator.py
[2024-01-30T19:16:34.909+0000] {logging_mixin.py:120} INFO - [2024-01-30T19:16:34.908+0000] {dag.py:2585} INFO - Sync 1 DAGs
[2024-01-30T19:16:34.946+0000] {logging_mixin.py:120} INFO - [2024-01-30T19:16:34.946+0000] {dag.py:3340} INFO - Setting next_dagrun for example_task_group_decorator to 2024-01-29T19:16:34.945914+00:00, run_after=2024-01-30T19:16:34.945914+00:00
[2024-01-30T19:16:34.973+0000] {processor.py:176} INFO - Processing /home/airflow/.local/lib/python3.7/site-packages/airflow/example_dags/example_task_group_decorator.py took 0.160 seconds
[2024-01-30T19:17:05.337+0000] {processor.py:154} INFO - Started process (PID=3438) to work on /home/airflow/.local/lib/python3.7/site-packages/airflow/example_dags/example_task_group_decorator.py
[2024-01-30T19:17:05.339+0000] {processor.py:756} INFO - Processing file /home/airflow/.local/lib/python3.7/site-packages/airflow/example_dags/example_task_group_decorator.py for tasks to queue
[2024-01-30T19:17:05.340+0000] {logging_mixin.py:120} INFO - [2024-01-30T19:17:05.340+0000] {dagbag.py:537} INFO - Filling up the DagBag from /home/airflow/.local/lib/python3.7/site-packages/airflow/example_dags/example_task_group_decorator.py
[2024-01-30T19:17:05.374+0000] {processor.py:766} INFO - DAG(s) dict_keys(['example_task_group_decorator']) retrieved from /home/airflow/.local/lib/python3.7/site-packages/airflow/example_dags/example_task_group_decorator.py
[2024-01-30T19:17:05.426+0000] {logging_mixin.py:120} INFO - [2024-01-30T19:17:05.426+0000] {dag.py:2585} INFO - Sync 1 DAGs
[2024-01-30T19:17:05.459+0000] {logging_mixin.py:120} INFO - [2024-01-30T19:17:05.459+0000] {dag.py:3340} INFO - Setting next_dagrun for example_task_group_decorator to 2024-01-29T19:17:05.459311+00:00, run_after=2024-01-30T19:17:05.459311+00:00
[2024-01-30T19:17:05.485+0000] {processor.py:176} INFO - Processing /home/airflow/.local/lib/python3.7/site-packages/airflow/example_dags/example_task_group_decorator.py took 0.152 seconds
[2024-01-30T19:17:35.846+0000] {processor.py:154} INFO - Started process (PID=3494) to work on /home/airflow/.local/lib/python3.7/site-packages/airflow/example_dags/example_task_group_decorator.py
[2024-01-30T19:17:35.847+0000] {processor.py:756} INFO - Processing file /home/airflow/.local/lib/python3.7/site-packages/airflow/example_dags/example_task_group_decorator.py for tasks to queue
[2024-01-30T19:17:35.848+0000] {logging_mixin.py:120} INFO - [2024-01-30T19:17:35.848+0000] {dagbag.py:537} INFO - Filling up the DagBag from /home/airflow/.local/lib/python3.7/site-packages/airflow/example_dags/example_task_group_decorator.py
[2024-01-30T19:17:35.896+0000] {processor.py:766} INFO - DAG(s) dict_keys(['example_task_group_decorator']) retrieved from /home/airflow/.local/lib/python3.7/site-packages/airflow/example_dags/example_task_group_decorator.py
[2024-01-30T19:17:35.970+0000] {logging_mixin.py:120} INFO - [2024-01-30T19:17:35.970+0000] {dag.py:2585} INFO - Sync 1 DAGs
[2024-01-30T19:17:36.012+0000] {logging_mixin.py:120} INFO - [2024-01-30T19:17:36.012+0000] {dag.py:3340} INFO - Setting next_dagrun for example_task_group_decorator to 2024-01-29T19:17:36.011801+00:00, run_after=2024-01-30T19:17:36.011801+00:00
[2024-01-30T19:17:36.037+0000] {processor.py:176} INFO - Processing /home/airflow/.local/lib/python3.7/site-packages/airflow/example_dags/example_task_group_decorator.py took 0.196 seconds
[2024-01-30T19:18:06.557+0000] {processor.py:154} INFO - Started process (PID=3560) to work on /home/airflow/.local/lib/python3.7/site-packages/airflow/example_dags/example_task_group_decorator.py
[2024-01-30T19:18:06.558+0000] {processor.py:756} INFO - Processing file /home/airflow/.local/lib/python3.7/site-packages/airflow/example_dags/example_task_group_decorator.py for tasks to queue
[2024-01-30T19:18:06.559+0000] {logging_mixin.py:120} INFO - [2024-01-30T19:18:06.559+0000] {dagbag.py:537} INFO - Filling up the DagBag from /home/airflow/.local/lib/python3.7/site-packages/airflow/example_dags/example_task_group_decorator.py
[2024-01-30T19:18:06.594+0000] {processor.py:766} INFO - DAG(s) dict_keys(['example_task_group_decorator']) retrieved from /home/airflow/.local/lib/python3.7/site-packages/airflow/example_dags/example_task_group_decorator.py
[2024-01-30T19:18:06.649+0000] {logging_mixin.py:120} INFO - [2024-01-30T19:18:06.649+0000] {dag.py:2585} INFO - Sync 1 DAGs
[2024-01-30T19:18:06.679+0000] {logging_mixin.py:120} INFO - [2024-01-30T19:18:06.679+0000] {dag.py:3340} INFO - Setting next_dagrun for example_task_group_decorator to 2024-01-29T19:18:06.678955+00:00, run_after=2024-01-30T19:18:06.678955+00:00
[2024-01-30T19:18:06.703+0000] {processor.py:176} INFO - Processing /home/airflow/.local/lib/python3.7/site-packages/airflow/example_dags/example_task_group_decorator.py took 0.150 seconds
