[2024-01-30T18:49:06.303+0000] {processor.py:154} INFO - Started process (PID=73) to work on /home/airflow/.local/lib/python3.7/site-packages/airflow/example_dags/example_sla_dag.py
[2024-01-30T18:49:06.305+0000] {processor.py:756} INFO - Processing file /home/airflow/.local/lib/python3.7/site-packages/airflow/example_dags/example_sla_dag.py for tasks to queue
[2024-01-30T18:49:06.306+0000] {logging_mixin.py:120} INFO - [2024-01-30T18:49:06.306+0000] {dagbag.py:537} INFO - Filling up the DagBag from /home/airflow/.local/lib/python3.7/site-packages/airflow/example_dags/example_sla_dag.py
[2024-01-30T18:49:06.598+0000] {processor.py:766} INFO - DAG(s) dict_keys(['example_sla_dag']) retrieved from /home/airflow/.local/lib/python3.7/site-packages/airflow/example_dags/example_sla_dag.py
[2024-01-30T18:49:06.854+0000] {logging_mixin.py:120} INFO - [2024-01-30T18:49:06.853+0000] {dag.py:2585} INFO - Sync 1 DAGs
[2024-01-30T18:49:07.496+0000] {logging_mixin.py:120} INFO - [2024-01-30T18:49:07.496+0000] {dag.py:3340} INFO - Setting next_dagrun for example_sla_dag to 2024-01-30T18:46:00+00:00, run_after=2024-01-30T18:48:00+00:00
[2024-01-30T18:49:07.829+0000] {processor.py:176} INFO - Processing /home/airflow/.local/lib/python3.7/site-packages/airflow/example_dags/example_sla_dag.py took 1.592 seconds
[2024-01-30T18:49:37.956+0000] {processor.py:154} INFO - Started process (PID=138) to work on /home/airflow/.local/lib/python3.7/site-packages/airflow/example_dags/example_sla_dag.py
[2024-01-30T18:49:37.958+0000] {processor.py:756} INFO - Processing file /home/airflow/.local/lib/python3.7/site-packages/airflow/example_dags/example_sla_dag.py for tasks to queue
[2024-01-30T18:49:37.959+0000] {logging_mixin.py:120} INFO - [2024-01-30T18:49:37.959+0000] {dagbag.py:537} INFO - Filling up the DagBag from /home/airflow/.local/lib/python3.7/site-packages/airflow/example_dags/example_sla_dag.py
[2024-01-30T18:49:37.997+0000] {processor.py:766} INFO - DAG(s) dict_keys(['example_sla_dag']) retrieved from /home/airflow/.local/lib/python3.7/site-packages/airflow/example_dags/example_sla_dag.py
[2024-01-30T18:49:38.055+0000] {logging_mixin.py:120} INFO - [2024-01-30T18:49:38.055+0000] {dag.py:2585} INFO - Sync 1 DAGs
[2024-01-30T18:49:38.093+0000] {logging_mixin.py:120} INFO - [2024-01-30T18:49:38.093+0000] {dag.py:3340} INFO - Setting next_dagrun for example_sla_dag to 2024-01-30T18:46:00+00:00, run_after=2024-01-30T18:48:00+00:00
[2024-01-30T18:49:38.117+0000] {processor.py:176} INFO - Processing /home/airflow/.local/lib/python3.7/site-packages/airflow/example_dags/example_sla_dag.py took 0.164 seconds
[2024-01-30T18:50:08.233+0000] {processor.py:154} INFO - Started process (PID=194) to work on /home/airflow/.local/lib/python3.7/site-packages/airflow/example_dags/example_sla_dag.py
[2024-01-30T18:50:08.236+0000] {processor.py:756} INFO - Processing file /home/airflow/.local/lib/python3.7/site-packages/airflow/example_dags/example_sla_dag.py for tasks to queue
[2024-01-30T18:50:08.239+0000] {logging_mixin.py:120} INFO - [2024-01-30T18:50:08.238+0000] {dagbag.py:537} INFO - Filling up the DagBag from /home/airflow/.local/lib/python3.7/site-packages/airflow/example_dags/example_sla_dag.py
[2024-01-30T18:50:08.290+0000] {processor.py:766} INFO - DAG(s) dict_keys(['example_sla_dag']) retrieved from /home/airflow/.local/lib/python3.7/site-packages/airflow/example_dags/example_sla_dag.py
[2024-01-30T18:50:08.356+0000] {logging_mixin.py:120} INFO - [2024-01-30T18:50:08.355+0000] {dag.py:2585} INFO - Sync 1 DAGs
[2024-01-30T18:50:08.399+0000] {logging_mixin.py:120} INFO - [2024-01-30T18:50:08.399+0000] {dag.py:3340} INFO - Setting next_dagrun for example_sla_dag to 2024-01-30T18:48:00+00:00, run_after=2024-01-30T18:50:00+00:00
[2024-01-30T18:50:08.429+0000] {processor.py:176} INFO - Processing /home/airflow/.local/lib/python3.7/site-packages/airflow/example_dags/example_sla_dag.py took 0.202 seconds
[2024-01-30T18:50:39.273+0000] {processor.py:154} INFO - Started process (PID=258) to work on /home/airflow/.local/lib/python3.7/site-packages/airflow/example_dags/example_sla_dag.py
[2024-01-30T18:50:39.274+0000] {processor.py:756} INFO - Processing file /home/airflow/.local/lib/python3.7/site-packages/airflow/example_dags/example_sla_dag.py for tasks to queue
[2024-01-30T18:50:39.276+0000] {logging_mixin.py:120} INFO - [2024-01-30T18:50:39.275+0000] {dagbag.py:537} INFO - Filling up the DagBag from /home/airflow/.local/lib/python3.7/site-packages/airflow/example_dags/example_sla_dag.py
[2024-01-30T18:50:39.313+0000] {processor.py:766} INFO - DAG(s) dict_keys(['example_sla_dag']) retrieved from /home/airflow/.local/lib/python3.7/site-packages/airflow/example_dags/example_sla_dag.py
[2024-01-30T18:50:39.372+0000] {logging_mixin.py:120} INFO - [2024-01-30T18:50:39.372+0000] {dag.py:2585} INFO - Sync 1 DAGs
[2024-01-30T18:50:39.407+0000] {logging_mixin.py:120} INFO - [2024-01-30T18:50:39.407+0000] {dag.py:3340} INFO - Setting next_dagrun for example_sla_dag to 2024-01-30T18:48:00+00:00, run_after=2024-01-30T18:50:00+00:00
[2024-01-30T18:50:39.430+0000] {processor.py:176} INFO - Processing /home/airflow/.local/lib/python3.7/site-packages/airflow/example_dags/example_sla_dag.py took 0.163 seconds
[2024-01-30T18:51:10.100+0000] {processor.py:154} INFO - Started process (PID=312) to work on /home/airflow/.local/lib/python3.7/site-packages/airflow/example_dags/example_sla_dag.py
[2024-01-30T18:51:10.101+0000] {processor.py:756} INFO - Processing file /home/airflow/.local/lib/python3.7/site-packages/airflow/example_dags/example_sla_dag.py for tasks to queue
[2024-01-30T18:51:10.103+0000] {logging_mixin.py:120} INFO - [2024-01-30T18:51:10.103+0000] {dagbag.py:537} INFO - Filling up the DagBag from /home/airflow/.local/lib/python3.7/site-packages/airflow/example_dags/example_sla_dag.py
[2024-01-30T18:51:10.144+0000] {processor.py:766} INFO - DAG(s) dict_keys(['example_sla_dag']) retrieved from /home/airflow/.local/lib/python3.7/site-packages/airflow/example_dags/example_sla_dag.py
[2024-01-30T18:51:10.230+0000] {logging_mixin.py:120} INFO - [2024-01-30T18:51:10.230+0000] {dag.py:2585} INFO - Sync 1 DAGs
[2024-01-30T18:51:10.278+0000] {logging_mixin.py:120} INFO - [2024-01-30T18:51:10.278+0000] {dag.py:3340} INFO - Setting next_dagrun for example_sla_dag to 2024-01-30T18:48:00+00:00, run_after=2024-01-30T18:50:00+00:00
[2024-01-30T18:51:10.315+0000] {processor.py:176} INFO - Processing /home/airflow/.local/lib/python3.7/site-packages/airflow/example_dags/example_sla_dag.py took 0.222 seconds
[2024-01-30T18:51:40.739+0000] {processor.py:154} INFO - Started process (PID=378) to work on /home/airflow/.local/lib/python3.7/site-packages/airflow/example_dags/example_sla_dag.py
[2024-01-30T18:51:40.740+0000] {processor.py:756} INFO - Processing file /home/airflow/.local/lib/python3.7/site-packages/airflow/example_dags/example_sla_dag.py for tasks to queue
[2024-01-30T18:51:40.742+0000] {logging_mixin.py:120} INFO - [2024-01-30T18:51:40.741+0000] {dagbag.py:537} INFO - Filling up the DagBag from /home/airflow/.local/lib/python3.7/site-packages/airflow/example_dags/example_sla_dag.py
[2024-01-30T18:51:40.793+0000] {processor.py:766} INFO - DAG(s) dict_keys(['example_sla_dag']) retrieved from /home/airflow/.local/lib/python3.7/site-packages/airflow/example_dags/example_sla_dag.py
[2024-01-30T18:51:40.864+0000] {logging_mixin.py:120} INFO - [2024-01-30T18:51:40.863+0000] {dag.py:2585} INFO - Sync 1 DAGs
[2024-01-30T18:51:40.909+0000] {logging_mixin.py:120} INFO - [2024-01-30T18:51:40.908+0000] {dag.py:3340} INFO - Setting next_dagrun for example_sla_dag to 2024-01-30T18:48:00+00:00, run_after=2024-01-30T18:50:00+00:00
[2024-01-30T18:51:40.939+0000] {processor.py:176} INFO - Processing /home/airflow/.local/lib/python3.7/site-packages/airflow/example_dags/example_sla_dag.py took 0.209 seconds
[2024-01-30T18:52:11.354+0000] {processor.py:154} INFO - Started process (PID=444) to work on /home/airflow/.local/lib/python3.7/site-packages/airflow/example_dags/example_sla_dag.py
[2024-01-30T18:52:11.357+0000] {processor.py:756} INFO - Processing file /home/airflow/.local/lib/python3.7/site-packages/airflow/example_dags/example_sla_dag.py for tasks to queue
[2024-01-30T18:52:11.360+0000] {logging_mixin.py:120} INFO - [2024-01-30T18:52:11.359+0000] {dagbag.py:537} INFO - Filling up the DagBag from /home/airflow/.local/lib/python3.7/site-packages/airflow/example_dags/example_sla_dag.py
[2024-01-30T18:52:11.420+0000] {processor.py:766} INFO - DAG(s) dict_keys(['example_sla_dag']) retrieved from /home/airflow/.local/lib/python3.7/site-packages/airflow/example_dags/example_sla_dag.py
[2024-01-30T18:52:11.502+0000] {logging_mixin.py:120} INFO - [2024-01-30T18:52:11.501+0000] {dag.py:2585} INFO - Sync 1 DAGs
[2024-01-30T18:52:11.559+0000] {logging_mixin.py:120} INFO - [2024-01-30T18:52:11.558+0000] {dag.py:3340} INFO - Setting next_dagrun for example_sla_dag to 2024-01-30T18:50:00+00:00, run_after=2024-01-30T18:52:00+00:00
[2024-01-30T18:52:11.674+0000] {processor.py:176} INFO - Processing /home/airflow/.local/lib/python3.7/site-packages/airflow/example_dags/example_sla_dag.py took 0.332 seconds
[2024-01-30T18:52:42.521+0000] {processor.py:154} INFO - Started process (PID=508) to work on /home/airflow/.local/lib/python3.7/site-packages/airflow/example_dags/example_sla_dag.py
[2024-01-30T18:52:42.522+0000] {processor.py:756} INFO - Processing file /home/airflow/.local/lib/python3.7/site-packages/airflow/example_dags/example_sla_dag.py for tasks to queue
[2024-01-30T18:52:42.523+0000] {logging_mixin.py:120} INFO - [2024-01-30T18:52:42.523+0000] {dagbag.py:537} INFO - Filling up the DagBag from /home/airflow/.local/lib/python3.7/site-packages/airflow/example_dags/example_sla_dag.py
[2024-01-30T18:52:42.552+0000] {processor.py:766} INFO - DAG(s) dict_keys(['example_sla_dag']) retrieved from /home/airflow/.local/lib/python3.7/site-packages/airflow/example_dags/example_sla_dag.py
[2024-01-30T18:52:42.607+0000] {logging_mixin.py:120} INFO - [2024-01-30T18:52:42.607+0000] {dag.py:2585} INFO - Sync 1 DAGs
[2024-01-30T18:52:42.642+0000] {logging_mixin.py:120} INFO - [2024-01-30T18:52:42.641+0000] {dag.py:3340} INFO - Setting next_dagrun for example_sla_dag to 2024-01-30T18:50:00+00:00, run_after=2024-01-30T18:52:00+00:00
[2024-01-30T18:52:42.666+0000] {processor.py:176} INFO - Processing /home/airflow/.local/lib/python3.7/site-packages/airflow/example_dags/example_sla_dag.py took 0.150 seconds
[2024-01-30T18:53:12.847+0000] {processor.py:154} INFO - Started process (PID=563) to work on /home/airflow/.local/lib/python3.7/site-packages/airflow/example_dags/example_sla_dag.py
[2024-01-30T18:53:12.850+0000] {processor.py:756} INFO - Processing file /home/airflow/.local/lib/python3.7/site-packages/airflow/example_dags/example_sla_dag.py for tasks to queue
[2024-01-30T18:53:12.852+0000] {logging_mixin.py:120} INFO - [2024-01-30T18:53:12.852+0000] {dagbag.py:537} INFO - Filling up the DagBag from /home/airflow/.local/lib/python3.7/site-packages/airflow/example_dags/example_sla_dag.py
[2024-01-30T18:53:12.894+0000] {processor.py:766} INFO - DAG(s) dict_keys(['example_sla_dag']) retrieved from /home/airflow/.local/lib/python3.7/site-packages/airflow/example_dags/example_sla_dag.py
[2024-01-30T18:53:12.963+0000] {logging_mixin.py:120} INFO - [2024-01-30T18:53:12.963+0000] {dag.py:2585} INFO - Sync 1 DAGs
[2024-01-30T18:53:13.006+0000] {logging_mixin.py:120} INFO - [2024-01-30T18:53:13.006+0000] {dag.py:3340} INFO - Setting next_dagrun for example_sla_dag to 2024-01-30T18:50:00+00:00, run_after=2024-01-30T18:52:00+00:00
[2024-01-30T18:53:13.035+0000] {processor.py:176} INFO - Processing /home/airflow/.local/lib/python3.7/site-packages/airflow/example_dags/example_sla_dag.py took 0.195 seconds
[2024-01-30T18:53:43.228+0000] {processor.py:154} INFO - Started process (PID=638) to work on /home/airflow/.local/lib/python3.7/site-packages/airflow/example_dags/example_sla_dag.py
[2024-01-30T18:53:43.230+0000] {processor.py:756} INFO - Processing file /home/airflow/.local/lib/python3.7/site-packages/airflow/example_dags/example_sla_dag.py for tasks to queue
[2024-01-30T18:53:43.231+0000] {logging_mixin.py:120} INFO - [2024-01-30T18:53:43.231+0000] {dagbag.py:537} INFO - Filling up the DagBag from /home/airflow/.local/lib/python3.7/site-packages/airflow/example_dags/example_sla_dag.py
[2024-01-30T18:53:43.261+0000] {processor.py:766} INFO - DAG(s) dict_keys(['example_sla_dag']) retrieved from /home/airflow/.local/lib/python3.7/site-packages/airflow/example_dags/example_sla_dag.py
[2024-01-30T18:53:43.315+0000] {logging_mixin.py:120} INFO - [2024-01-30T18:53:43.314+0000] {dag.py:2585} INFO - Sync 1 DAGs
[2024-01-30T18:53:43.352+0000] {logging_mixin.py:120} INFO - [2024-01-30T18:53:43.352+0000] {dag.py:3340} INFO - Setting next_dagrun for example_sla_dag to 2024-01-30T18:50:00+00:00, run_after=2024-01-30T18:52:00+00:00
[2024-01-30T18:53:43.379+0000] {processor.py:176} INFO - Processing /home/airflow/.local/lib/python3.7/site-packages/airflow/example_dags/example_sla_dag.py took 0.156 seconds
[2024-01-30T18:54:13.986+0000] {processor.py:154} INFO - Started process (PID=692) to work on /home/airflow/.local/lib/python3.7/site-packages/airflow/example_dags/example_sla_dag.py
[2024-01-30T18:54:13.989+0000] {processor.py:756} INFO - Processing file /home/airflow/.local/lib/python3.7/site-packages/airflow/example_dags/example_sla_dag.py for tasks to queue
[2024-01-30T18:54:13.991+0000] {logging_mixin.py:120} INFO - [2024-01-30T18:54:13.991+0000] {dagbag.py:537} INFO - Filling up the DagBag from /home/airflow/.local/lib/python3.7/site-packages/airflow/example_dags/example_sla_dag.py
[2024-01-30T18:54:14.036+0000] {processor.py:766} INFO - DAG(s) dict_keys(['example_sla_dag']) retrieved from /home/airflow/.local/lib/python3.7/site-packages/airflow/example_dags/example_sla_dag.py
[2024-01-30T18:54:14.106+0000] {logging_mixin.py:120} INFO - [2024-01-30T18:54:14.105+0000] {dag.py:2585} INFO - Sync 1 DAGs
[2024-01-30T18:54:14.154+0000] {logging_mixin.py:120} INFO - [2024-01-30T18:54:14.153+0000] {dag.py:3340} INFO - Setting next_dagrun for example_sla_dag to 2024-01-30T18:52:00+00:00, run_after=2024-01-30T18:54:00+00:00
[2024-01-30T18:54:14.187+0000] {processor.py:176} INFO - Processing /home/airflow/.local/lib/python3.7/site-packages/airflow/example_dags/example_sla_dag.py took 0.207 seconds
[2024-01-30T18:54:44.434+0000] {processor.py:154} INFO - Started process (PID=756) to work on /home/airflow/.local/lib/python3.7/site-packages/airflow/example_dags/example_sla_dag.py
[2024-01-30T18:54:44.436+0000] {processor.py:756} INFO - Processing file /home/airflow/.local/lib/python3.7/site-packages/airflow/example_dags/example_sla_dag.py for tasks to queue
[2024-01-30T18:54:44.438+0000] {logging_mixin.py:120} INFO - [2024-01-30T18:54:44.438+0000] {dagbag.py:537} INFO - Filling up the DagBag from /home/airflow/.local/lib/python3.7/site-packages/airflow/example_dags/example_sla_dag.py
[2024-01-30T18:54:44.480+0000] {processor.py:766} INFO - DAG(s) dict_keys(['example_sla_dag']) retrieved from /home/airflow/.local/lib/python3.7/site-packages/airflow/example_dags/example_sla_dag.py
[2024-01-30T18:54:44.555+0000] {logging_mixin.py:120} INFO - [2024-01-30T18:54:44.554+0000] {dag.py:2585} INFO - Sync 1 DAGs
[2024-01-30T18:54:44.598+0000] {logging_mixin.py:120} INFO - [2024-01-30T18:54:44.598+0000] {dag.py:3340} INFO - Setting next_dagrun for example_sla_dag to 2024-01-30T18:52:00+00:00, run_after=2024-01-30T18:54:00+00:00
[2024-01-30T18:54:44.629+0000] {processor.py:176} INFO - Processing /home/airflow/.local/lib/python3.7/site-packages/airflow/example_dags/example_sla_dag.py took 0.200 seconds
[2024-01-30T18:55:15.328+0000] {processor.py:154} INFO - Started process (PID=820) to work on /home/airflow/.local/lib/python3.7/site-packages/airflow/example_dags/example_sla_dag.py
[2024-01-30T18:55:15.329+0000] {processor.py:756} INFO - Processing file /home/airflow/.local/lib/python3.7/site-packages/airflow/example_dags/example_sla_dag.py for tasks to queue
[2024-01-30T18:55:15.331+0000] {logging_mixin.py:120} INFO - [2024-01-30T18:55:15.330+0000] {dagbag.py:537} INFO - Filling up the DagBag from /home/airflow/.local/lib/python3.7/site-packages/airflow/example_dags/example_sla_dag.py
[2024-01-30T18:55:15.370+0000] {processor.py:766} INFO - DAG(s) dict_keys(['example_sla_dag']) retrieved from /home/airflow/.local/lib/python3.7/site-packages/airflow/example_dags/example_sla_dag.py
[2024-01-30T18:55:15.438+0000] {logging_mixin.py:120} INFO - [2024-01-30T18:55:15.437+0000] {dag.py:2585} INFO - Sync 1 DAGs
[2024-01-30T18:55:15.485+0000] {logging_mixin.py:120} INFO - [2024-01-30T18:55:15.485+0000] {dag.py:3340} INFO - Setting next_dagrun for example_sla_dag to 2024-01-30T18:52:00+00:00, run_after=2024-01-30T18:54:00+00:00
[2024-01-30T18:55:15.520+0000] {processor.py:176} INFO - Processing /home/airflow/.local/lib/python3.7/site-packages/airflow/example_dags/example_sla_dag.py took 0.198 seconds
[2024-01-30T18:55:45.981+0000] {processor.py:154} INFO - Started process (PID=874) to work on /home/airflow/.local/lib/python3.7/site-packages/airflow/example_dags/example_sla_dag.py
[2024-01-30T18:55:45.983+0000] {processor.py:756} INFO - Processing file /home/airflow/.local/lib/python3.7/site-packages/airflow/example_dags/example_sla_dag.py for tasks to queue
[2024-01-30T18:55:45.984+0000] {logging_mixin.py:120} INFO - [2024-01-30T18:55:45.984+0000] {dagbag.py:537} INFO - Filling up the DagBag from /home/airflow/.local/lib/python3.7/site-packages/airflow/example_dags/example_sla_dag.py
[2024-01-30T18:55:46.018+0000] {processor.py:766} INFO - DAG(s) dict_keys(['example_sla_dag']) retrieved from /home/airflow/.local/lib/python3.7/site-packages/airflow/example_dags/example_sla_dag.py
[2024-01-30T18:55:46.086+0000] {logging_mixin.py:120} INFO - [2024-01-30T18:55:46.085+0000] {dag.py:2585} INFO - Sync 1 DAGs
[2024-01-30T18:55:46.140+0000] {logging_mixin.py:120} INFO - [2024-01-30T18:55:46.140+0000] {dag.py:3340} INFO - Setting next_dagrun for example_sla_dag to 2024-01-30T18:52:00+00:00, run_after=2024-01-30T18:54:00+00:00
[2024-01-30T18:55:46.186+0000] {processor.py:176} INFO - Processing /home/airflow/.local/lib/python3.7/site-packages/airflow/example_dags/example_sla_dag.py took 0.208 seconds
[2024-01-30T18:56:16.323+0000] {processor.py:154} INFO - Started process (PID=938) to work on /home/airflow/.local/lib/python3.7/site-packages/airflow/example_dags/example_sla_dag.py
[2024-01-30T18:56:16.325+0000] {processor.py:756} INFO - Processing file /home/airflow/.local/lib/python3.7/site-packages/airflow/example_dags/example_sla_dag.py for tasks to queue
[2024-01-30T18:56:16.326+0000] {logging_mixin.py:120} INFO - [2024-01-30T18:56:16.326+0000] {dagbag.py:537} INFO - Filling up the DagBag from /home/airflow/.local/lib/python3.7/site-packages/airflow/example_dags/example_sla_dag.py
[2024-01-30T18:56:16.363+0000] {processor.py:766} INFO - DAG(s) dict_keys(['example_sla_dag']) retrieved from /home/airflow/.local/lib/python3.7/site-packages/airflow/example_dags/example_sla_dag.py
[2024-01-30T18:56:16.421+0000] {logging_mixin.py:120} INFO - [2024-01-30T18:56:16.421+0000] {dag.py:2585} INFO - Sync 1 DAGs
[2024-01-30T18:56:16.461+0000] {logging_mixin.py:120} INFO - [2024-01-30T18:56:16.461+0000] {dag.py:3340} INFO - Setting next_dagrun for example_sla_dag to 2024-01-30T18:54:00+00:00, run_after=2024-01-30T18:56:00+00:00
[2024-01-30T18:56:16.494+0000] {processor.py:176} INFO - Processing /home/airflow/.local/lib/python3.7/site-packages/airflow/example_dags/example_sla_dag.py took 0.177 seconds
[2024-01-30T18:56:46.858+0000] {processor.py:154} INFO - Started process (PID=1002) to work on /home/airflow/.local/lib/python3.7/site-packages/airflow/example_dags/example_sla_dag.py
[2024-01-30T18:56:46.860+0000] {processor.py:756} INFO - Processing file /home/airflow/.local/lib/python3.7/site-packages/airflow/example_dags/example_sla_dag.py for tasks to queue
[2024-01-30T18:56:46.862+0000] {logging_mixin.py:120} INFO - [2024-01-30T18:56:46.861+0000] {dagbag.py:537} INFO - Filling up the DagBag from /home/airflow/.local/lib/python3.7/site-packages/airflow/example_dags/example_sla_dag.py
[2024-01-30T18:56:46.892+0000] {processor.py:766} INFO - DAG(s) dict_keys(['example_sla_dag']) retrieved from /home/airflow/.local/lib/python3.7/site-packages/airflow/example_dags/example_sla_dag.py
[2024-01-30T18:56:46.950+0000] {logging_mixin.py:120} INFO - [2024-01-30T18:56:46.950+0000] {dag.py:2585} INFO - Sync 1 DAGs
[2024-01-30T18:56:46.986+0000] {logging_mixin.py:120} INFO - [2024-01-30T18:56:46.986+0000] {dag.py:3340} INFO - Setting next_dagrun for example_sla_dag to 2024-01-30T18:54:00+00:00, run_after=2024-01-30T18:56:00+00:00
[2024-01-30T18:56:47.013+0000] {processor.py:176} INFO - Processing /home/airflow/.local/lib/python3.7/site-packages/airflow/example_dags/example_sla_dag.py took 0.160 seconds
[2024-01-30T18:57:17.402+0000] {processor.py:154} INFO - Started process (PID=1057) to work on /home/airflow/.local/lib/python3.7/site-packages/airflow/example_dags/example_sla_dag.py
[2024-01-30T18:57:17.404+0000] {processor.py:756} INFO - Processing file /home/airflow/.local/lib/python3.7/site-packages/airflow/example_dags/example_sla_dag.py for tasks to queue
[2024-01-30T18:57:17.405+0000] {logging_mixin.py:120} INFO - [2024-01-30T18:57:17.405+0000] {dagbag.py:537} INFO - Filling up the DagBag from /home/airflow/.local/lib/python3.7/site-packages/airflow/example_dags/example_sla_dag.py
[2024-01-30T18:57:17.455+0000] {processor.py:766} INFO - DAG(s) dict_keys(['example_sla_dag']) retrieved from /home/airflow/.local/lib/python3.7/site-packages/airflow/example_dags/example_sla_dag.py
[2024-01-30T18:57:17.522+0000] {logging_mixin.py:120} INFO - [2024-01-30T18:57:17.521+0000] {dag.py:2585} INFO - Sync 1 DAGs
[2024-01-30T18:57:17.563+0000] {logging_mixin.py:120} INFO - [2024-01-30T18:57:17.563+0000] {dag.py:3340} INFO - Setting next_dagrun for example_sla_dag to 2024-01-30T18:54:00+00:00, run_after=2024-01-30T18:56:00+00:00
[2024-01-30T18:57:17.591+0000] {processor.py:176} INFO - Processing /home/airflow/.local/lib/python3.7/site-packages/airflow/example_dags/example_sla_dag.py took 0.198 seconds
[2024-01-30T18:57:47.792+0000] {processor.py:154} INFO - Started process (PID=1121) to work on /home/airflow/.local/lib/python3.7/site-packages/airflow/example_dags/example_sla_dag.py
[2024-01-30T18:57:47.793+0000] {processor.py:756} INFO - Processing file /home/airflow/.local/lib/python3.7/site-packages/airflow/example_dags/example_sla_dag.py for tasks to queue
[2024-01-30T18:57:47.796+0000] {logging_mixin.py:120} INFO - [2024-01-30T18:57:47.796+0000] {dagbag.py:537} INFO - Filling up the DagBag from /home/airflow/.local/lib/python3.7/site-packages/airflow/example_dags/example_sla_dag.py
[2024-01-30T18:57:47.850+0000] {processor.py:766} INFO - DAG(s) dict_keys(['example_sla_dag']) retrieved from /home/airflow/.local/lib/python3.7/site-packages/airflow/example_dags/example_sla_dag.py
[2024-01-30T18:57:47.917+0000] {logging_mixin.py:120} INFO - [2024-01-30T18:57:47.917+0000] {dag.py:2585} INFO - Sync 1 DAGs
[2024-01-30T18:57:47.961+0000] {logging_mixin.py:120} INFO - [2024-01-30T18:57:47.960+0000] {dag.py:3340} INFO - Setting next_dagrun for example_sla_dag to 2024-01-30T18:54:00+00:00, run_after=2024-01-30T18:56:00+00:00
[2024-01-30T18:57:47.991+0000] {processor.py:176} INFO - Processing /home/airflow/.local/lib/python3.7/site-packages/airflow/example_dags/example_sla_dag.py took 0.205 seconds
[2024-01-30T18:58:18.054+0000] {processor.py:154} INFO - Started process (PID=1175) to work on /home/airflow/.local/lib/python3.7/site-packages/airflow/example_dags/example_sla_dag.py
[2024-01-30T18:58:18.056+0000] {processor.py:756} INFO - Processing file /home/airflow/.local/lib/python3.7/site-packages/airflow/example_dags/example_sla_dag.py for tasks to queue
[2024-01-30T18:58:18.057+0000] {logging_mixin.py:120} INFO - [2024-01-30T18:58:18.057+0000] {dagbag.py:537} INFO - Filling up the DagBag from /home/airflow/.local/lib/python3.7/site-packages/airflow/example_dags/example_sla_dag.py
[2024-01-30T18:58:18.088+0000] {processor.py:766} INFO - DAG(s) dict_keys(['example_sla_dag']) retrieved from /home/airflow/.local/lib/python3.7/site-packages/airflow/example_dags/example_sla_dag.py
[2024-01-30T18:58:18.146+0000] {logging_mixin.py:120} INFO - [2024-01-30T18:58:18.146+0000] {dag.py:2585} INFO - Sync 1 DAGs
[2024-01-30T18:58:18.189+0000] {logging_mixin.py:120} INFO - [2024-01-30T18:58:18.189+0000] {dag.py:3340} INFO - Setting next_dagrun for example_sla_dag to 2024-01-30T18:56:00+00:00, run_after=2024-01-30T18:58:00+00:00
[2024-01-30T18:58:18.225+0000] {processor.py:176} INFO - Processing /home/airflow/.local/lib/python3.7/site-packages/airflow/example_dags/example_sla_dag.py took 0.175 seconds
[2024-01-30T18:58:48.664+0000] {processor.py:154} INFO - Started process (PID=1239) to work on /home/airflow/.local/lib/python3.7/site-packages/airflow/example_dags/example_sla_dag.py
[2024-01-30T18:58:48.666+0000] {processor.py:756} INFO - Processing file /home/airflow/.local/lib/python3.7/site-packages/airflow/example_dags/example_sla_dag.py for tasks to queue
[2024-01-30T18:58:48.668+0000] {logging_mixin.py:120} INFO - [2024-01-30T18:58:48.668+0000] {dagbag.py:537} INFO - Filling up the DagBag from /home/airflow/.local/lib/python3.7/site-packages/airflow/example_dags/example_sla_dag.py
[2024-01-30T18:58:48.712+0000] {processor.py:766} INFO - DAG(s) dict_keys(['example_sla_dag']) retrieved from /home/airflow/.local/lib/python3.7/site-packages/airflow/example_dags/example_sla_dag.py
[2024-01-30T18:58:48.792+0000] {logging_mixin.py:120} INFO - [2024-01-30T18:58:48.792+0000] {dag.py:2585} INFO - Sync 1 DAGs
[2024-01-30T18:58:48.847+0000] {logging_mixin.py:120} INFO - [2024-01-30T18:58:48.847+0000] {dag.py:3340} INFO - Setting next_dagrun for example_sla_dag to 2024-01-30T18:56:00+00:00, run_after=2024-01-30T18:58:00+00:00
[2024-01-30T18:58:48.887+0000] {processor.py:176} INFO - Processing /home/airflow/.local/lib/python3.7/site-packages/airflow/example_dags/example_sla_dag.py took 0.228 seconds
[2024-01-30T18:59:19.666+0000] {processor.py:154} INFO - Started process (PID=1302) to work on /home/airflow/.local/lib/python3.7/site-packages/airflow/example_dags/example_sla_dag.py
[2024-01-30T18:59:19.668+0000] {processor.py:756} INFO - Processing file /home/airflow/.local/lib/python3.7/site-packages/airflow/example_dags/example_sla_dag.py for tasks to queue
[2024-01-30T18:59:19.669+0000] {logging_mixin.py:120} INFO - [2024-01-30T18:59:19.668+0000] {dagbag.py:537} INFO - Filling up the DagBag from /home/airflow/.local/lib/python3.7/site-packages/airflow/example_dags/example_sla_dag.py
[2024-01-30T18:59:19.742+0000] {processor.py:766} INFO - DAG(s) dict_keys(['example_sla_dag']) retrieved from /home/airflow/.local/lib/python3.7/site-packages/airflow/example_dags/example_sla_dag.py
[2024-01-30T18:59:20.575+0000] {logging_mixin.py:120} INFO - [2024-01-30T18:59:20.573+0000] {dag.py:2585} INFO - Sync 1 DAGs
[2024-01-30T18:59:20.765+0000] {logging_mixin.py:120} INFO - [2024-01-30T18:59:20.765+0000] {dag.py:3340} INFO - Setting next_dagrun for example_sla_dag to 2024-01-30T18:56:00+00:00, run_after=2024-01-30T18:58:00+00:00
[2024-01-30T18:59:20.790+0000] {processor.py:176} INFO - Processing /home/airflow/.local/lib/python3.7/site-packages/airflow/example_dags/example_sla_dag.py took 1.134 seconds
[2024-01-30T18:59:51.306+0000] {processor.py:154} INFO - Started process (PID=1358) to work on /home/airflow/.local/lib/python3.7/site-packages/airflow/example_dags/example_sla_dag.py
[2024-01-30T18:59:51.307+0000] {processor.py:756} INFO - Processing file /home/airflow/.local/lib/python3.7/site-packages/airflow/example_dags/example_sla_dag.py for tasks to queue
[2024-01-30T18:59:51.308+0000] {logging_mixin.py:120} INFO - [2024-01-30T18:59:51.308+0000] {dagbag.py:537} INFO - Filling up the DagBag from /home/airflow/.local/lib/python3.7/site-packages/airflow/example_dags/example_sla_dag.py
[2024-01-30T18:59:51.339+0000] {processor.py:766} INFO - DAG(s) dict_keys(['example_sla_dag']) retrieved from /home/airflow/.local/lib/python3.7/site-packages/airflow/example_dags/example_sla_dag.py
[2024-01-30T18:59:51.404+0000] {logging_mixin.py:120} INFO - [2024-01-30T18:59:51.404+0000] {dag.py:2585} INFO - Sync 1 DAGs
[2024-01-30T18:59:51.470+0000] {logging_mixin.py:120} INFO - [2024-01-30T18:59:51.469+0000] {dag.py:3340} INFO - Setting next_dagrun for example_sla_dag to 2024-01-30T18:56:00+00:00, run_after=2024-01-30T18:58:00+00:00
[2024-01-30T18:59:51.505+0000] {processor.py:176} INFO - Processing /home/airflow/.local/lib/python3.7/site-packages/airflow/example_dags/example_sla_dag.py took 0.204 seconds
[2024-01-30T19:00:22.367+0000] {processor.py:154} INFO - Started process (PID=1422) to work on /home/airflow/.local/lib/python3.7/site-packages/airflow/example_dags/example_sla_dag.py
[2024-01-30T19:00:22.370+0000] {processor.py:756} INFO - Processing file /home/airflow/.local/lib/python3.7/site-packages/airflow/example_dags/example_sla_dag.py for tasks to queue
[2024-01-30T19:00:22.373+0000] {logging_mixin.py:120} INFO - [2024-01-30T19:00:22.372+0000] {dagbag.py:537} INFO - Filling up the DagBag from /home/airflow/.local/lib/python3.7/site-packages/airflow/example_dags/example_sla_dag.py
[2024-01-30T19:00:22.418+0000] {processor.py:766} INFO - DAG(s) dict_keys(['example_sla_dag']) retrieved from /home/airflow/.local/lib/python3.7/site-packages/airflow/example_dags/example_sla_dag.py
[2024-01-30T19:00:22.497+0000] {logging_mixin.py:120} INFO - [2024-01-30T19:00:22.497+0000] {dag.py:2585} INFO - Sync 1 DAGs
[2024-01-30T19:00:22.561+0000] {logging_mixin.py:120} INFO - [2024-01-30T19:00:22.561+0000] {dag.py:3340} INFO - Setting next_dagrun for example_sla_dag to 2024-01-30T18:58:00+00:00, run_after=2024-01-30T19:00:00+00:00
[2024-01-30T19:00:22.607+0000] {processor.py:176} INFO - Processing /home/airflow/.local/lib/python3.7/site-packages/airflow/example_dags/example_sla_dag.py took 0.245 seconds
[2024-01-30T19:00:53.011+0000] {processor.py:154} INFO - Started process (PID=1485) to work on /home/airflow/.local/lib/python3.7/site-packages/airflow/example_dags/example_sla_dag.py
[2024-01-30T19:00:53.013+0000] {processor.py:756} INFO - Processing file /home/airflow/.local/lib/python3.7/site-packages/airflow/example_dags/example_sla_dag.py for tasks to queue
[2024-01-30T19:00:53.015+0000] {logging_mixin.py:120} INFO - [2024-01-30T19:00:53.014+0000] {dagbag.py:537} INFO - Filling up the DagBag from /home/airflow/.local/lib/python3.7/site-packages/airflow/example_dags/example_sla_dag.py
[2024-01-30T19:00:53.062+0000] {processor.py:766} INFO - DAG(s) dict_keys(['example_sla_dag']) retrieved from /home/airflow/.local/lib/python3.7/site-packages/airflow/example_dags/example_sla_dag.py
[2024-01-30T19:00:53.145+0000] {logging_mixin.py:120} INFO - [2024-01-30T19:00:53.145+0000] {dag.py:2585} INFO - Sync 1 DAGs
[2024-01-30T19:00:53.199+0000] {logging_mixin.py:120} INFO - [2024-01-30T19:00:53.198+0000] {dag.py:3340} INFO - Setting next_dagrun for example_sla_dag to 2024-01-30T18:58:00+00:00, run_after=2024-01-30T19:00:00+00:00
[2024-01-30T19:00:53.230+0000] {processor.py:176} INFO - Processing /home/airflow/.local/lib/python3.7/site-packages/airflow/example_dags/example_sla_dag.py took 0.224 seconds
[2024-01-30T19:01:23.902+0000] {processor.py:154} INFO - Started process (PID=1543) to work on /home/airflow/.local/lib/python3.7/site-packages/airflow/example_dags/example_sla_dag.py
[2024-01-30T19:01:23.905+0000] {processor.py:756} INFO - Processing file /home/airflow/.local/lib/python3.7/site-packages/airflow/example_dags/example_sla_dag.py for tasks to queue
[2024-01-30T19:01:23.907+0000] {logging_mixin.py:120} INFO - [2024-01-30T19:01:23.906+0000] {dagbag.py:537} INFO - Filling up the DagBag from /home/airflow/.local/lib/python3.7/site-packages/airflow/example_dags/example_sla_dag.py
[2024-01-30T19:01:23.965+0000] {processor.py:766} INFO - DAG(s) dict_keys(['example_sla_dag']) retrieved from /home/airflow/.local/lib/python3.7/site-packages/airflow/example_dags/example_sla_dag.py
[2024-01-30T19:01:24.302+0000] {logging_mixin.py:120} INFO - [2024-01-30T19:01:24.301+0000] {dag.py:2585} INFO - Sync 1 DAGs
[2024-01-30T19:01:24.393+0000] {logging_mixin.py:120} INFO - [2024-01-30T19:01:24.393+0000] {dag.py:3340} INFO - Setting next_dagrun for example_sla_dag to 2024-01-30T18:58:00+00:00, run_after=2024-01-30T19:00:00+00:00
[2024-01-30T19:01:24.442+0000] {processor.py:176} INFO - Processing /home/airflow/.local/lib/python3.7/site-packages/airflow/example_dags/example_sla_dag.py took 0.546 seconds
[2024-01-30T19:01:54.738+0000] {processor.py:154} INFO - Started process (PID=1607) to work on /home/airflow/.local/lib/python3.7/site-packages/airflow/example_dags/example_sla_dag.py
[2024-01-30T19:01:54.740+0000] {processor.py:756} INFO - Processing file /home/airflow/.local/lib/python3.7/site-packages/airflow/example_dags/example_sla_dag.py for tasks to queue
[2024-01-30T19:01:54.741+0000] {logging_mixin.py:120} INFO - [2024-01-30T19:01:54.741+0000] {dagbag.py:537} INFO - Filling up the DagBag from /home/airflow/.local/lib/python3.7/site-packages/airflow/example_dags/example_sla_dag.py
[2024-01-30T19:01:54.777+0000] {processor.py:766} INFO - DAG(s) dict_keys(['example_sla_dag']) retrieved from /home/airflow/.local/lib/python3.7/site-packages/airflow/example_dags/example_sla_dag.py
[2024-01-30T19:01:54.838+0000] {logging_mixin.py:120} INFO - [2024-01-30T19:01:54.838+0000] {dag.py:2585} INFO - Sync 1 DAGs
[2024-01-30T19:01:54.897+0000] {logging_mixin.py:120} INFO - [2024-01-30T19:01:54.896+0000] {dag.py:3340} INFO - Setting next_dagrun for example_sla_dag to 2024-01-30T18:58:00+00:00, run_after=2024-01-30T19:00:00+00:00
[2024-01-30T19:01:54.937+0000] {processor.py:176} INFO - Processing /home/airflow/.local/lib/python3.7/site-packages/airflow/example_dags/example_sla_dag.py took 0.204 seconds
[2024-01-30T19:02:25.582+0000] {processor.py:154} INFO - Started process (PID=1662) to work on /home/airflow/.local/lib/python3.7/site-packages/airflow/example_dags/example_sla_dag.py
[2024-01-30T19:02:25.584+0000] {processor.py:756} INFO - Processing file /home/airflow/.local/lib/python3.7/site-packages/airflow/example_dags/example_sla_dag.py for tasks to queue
[2024-01-30T19:02:25.585+0000] {logging_mixin.py:120} INFO - [2024-01-30T19:02:25.585+0000] {dagbag.py:537} INFO - Filling up the DagBag from /home/airflow/.local/lib/python3.7/site-packages/airflow/example_dags/example_sla_dag.py
[2024-01-30T19:02:25.632+0000] {processor.py:766} INFO - DAG(s) dict_keys(['example_sla_dag']) retrieved from /home/airflow/.local/lib/python3.7/site-packages/airflow/example_dags/example_sla_dag.py
[2024-01-30T19:02:25.707+0000] {logging_mixin.py:120} INFO - [2024-01-30T19:02:25.707+0000] {dag.py:2585} INFO - Sync 1 DAGs
[2024-01-30T19:02:25.759+0000] {logging_mixin.py:120} INFO - [2024-01-30T19:02:25.759+0000] {dag.py:3340} INFO - Setting next_dagrun for example_sla_dag to 2024-01-30T19:00:00+00:00, run_after=2024-01-30T19:02:00+00:00
[2024-01-30T19:02:25.795+0000] {processor.py:176} INFO - Processing /home/airflow/.local/lib/python3.7/site-packages/airflow/example_dags/example_sla_dag.py took 0.219 seconds
[2024-01-30T19:02:55.884+0000] {processor.py:154} INFO - Started process (PID=1727) to work on /home/airflow/.local/lib/python3.7/site-packages/airflow/example_dags/example_sla_dag.py
[2024-01-30T19:02:55.886+0000] {processor.py:756} INFO - Processing file /home/airflow/.local/lib/python3.7/site-packages/airflow/example_dags/example_sla_dag.py for tasks to queue
[2024-01-30T19:02:55.888+0000] {logging_mixin.py:120} INFO - [2024-01-30T19:02:55.888+0000] {dagbag.py:537} INFO - Filling up the DagBag from /home/airflow/.local/lib/python3.7/site-packages/airflow/example_dags/example_sla_dag.py
[2024-01-30T19:02:55.931+0000] {processor.py:766} INFO - DAG(s) dict_keys(['example_sla_dag']) retrieved from /home/airflow/.local/lib/python3.7/site-packages/airflow/example_dags/example_sla_dag.py
[2024-01-30T19:02:56.013+0000] {logging_mixin.py:120} INFO - [2024-01-30T19:02:56.012+0000] {dag.py:2585} INFO - Sync 1 DAGs
[2024-01-30T19:02:56.083+0000] {logging_mixin.py:120} INFO - [2024-01-30T19:02:56.083+0000] {dag.py:3340} INFO - Setting next_dagrun for example_sla_dag to 2024-01-30T19:00:00+00:00, run_after=2024-01-30T19:02:00+00:00
[2024-01-30T19:02:56.165+0000] {processor.py:176} INFO - Processing /home/airflow/.local/lib/python3.7/site-packages/airflow/example_dags/example_sla_dag.py took 0.286 seconds
[2024-01-30T19:03:26.598+0000] {processor.py:154} INFO - Started process (PID=1791) to work on /home/airflow/.local/lib/python3.7/site-packages/airflow/example_dags/example_sla_dag.py
[2024-01-30T19:03:26.600+0000] {processor.py:756} INFO - Processing file /home/airflow/.local/lib/python3.7/site-packages/airflow/example_dags/example_sla_dag.py for tasks to queue
[2024-01-30T19:03:26.602+0000] {logging_mixin.py:120} INFO - [2024-01-30T19:03:26.602+0000] {dagbag.py:537} INFO - Filling up the DagBag from /home/airflow/.local/lib/python3.7/site-packages/airflow/example_dags/example_sla_dag.py
[2024-01-30T19:03:26.639+0000] {processor.py:766} INFO - DAG(s) dict_keys(['example_sla_dag']) retrieved from /home/airflow/.local/lib/python3.7/site-packages/airflow/example_dags/example_sla_dag.py
[2024-01-30T19:03:26.696+0000] {logging_mixin.py:120} INFO - [2024-01-30T19:03:26.695+0000] {dag.py:2585} INFO - Sync 1 DAGs
[2024-01-30T19:03:26.732+0000] {logging_mixin.py:120} INFO - [2024-01-30T19:03:26.732+0000] {dag.py:3340} INFO - Setting next_dagrun for example_sla_dag to 2024-01-30T19:00:00+00:00, run_after=2024-01-30T19:02:00+00:00
[2024-01-30T19:03:26.766+0000] {processor.py:176} INFO - Processing /home/airflow/.local/lib/python3.7/site-packages/airflow/example_dags/example_sla_dag.py took 0.174 seconds
[2024-01-30T19:03:57.135+0000] {processor.py:154} INFO - Started process (PID=1846) to work on /home/airflow/.local/lib/python3.7/site-packages/airflow/example_dags/example_sla_dag.py
[2024-01-30T19:03:57.137+0000] {processor.py:756} INFO - Processing file /home/airflow/.local/lib/python3.7/site-packages/airflow/example_dags/example_sla_dag.py for tasks to queue
[2024-01-30T19:03:57.138+0000] {logging_mixin.py:120} INFO - [2024-01-30T19:03:57.138+0000] {dagbag.py:537} INFO - Filling up the DagBag from /home/airflow/.local/lib/python3.7/site-packages/airflow/example_dags/example_sla_dag.py
[2024-01-30T19:03:57.177+0000] {processor.py:766} INFO - DAG(s) dict_keys(['example_sla_dag']) retrieved from /home/airflow/.local/lib/python3.7/site-packages/airflow/example_dags/example_sla_dag.py
[2024-01-30T19:03:57.255+0000] {logging_mixin.py:120} INFO - [2024-01-30T19:03:57.255+0000] {dag.py:2585} INFO - Sync 1 DAGs
[2024-01-30T19:03:57.328+0000] {logging_mixin.py:120} INFO - [2024-01-30T19:03:57.327+0000] {dag.py:3340} INFO - Setting next_dagrun for example_sla_dag to 2024-01-30T19:00:00+00:00, run_after=2024-01-30T19:02:00+00:00
[2024-01-30T19:03:57.378+0000] {processor.py:176} INFO - Processing /home/airflow/.local/lib/python3.7/site-packages/airflow/example_dags/example_sla_dag.py took 0.249 seconds
[2024-01-30T19:04:27.530+0000] {processor.py:154} INFO - Started process (PID=1909) to work on /home/airflow/.local/lib/python3.7/site-packages/airflow/example_dags/example_sla_dag.py
[2024-01-30T19:04:27.531+0000] {processor.py:756} INFO - Processing file /home/airflow/.local/lib/python3.7/site-packages/airflow/example_dags/example_sla_dag.py for tasks to queue
[2024-01-30T19:04:27.532+0000] {logging_mixin.py:120} INFO - [2024-01-30T19:04:27.532+0000] {dagbag.py:537} INFO - Filling up the DagBag from /home/airflow/.local/lib/python3.7/site-packages/airflow/example_dags/example_sla_dag.py
[2024-01-30T19:04:27.573+0000] {processor.py:766} INFO - DAG(s) dict_keys(['example_sla_dag']) retrieved from /home/airflow/.local/lib/python3.7/site-packages/airflow/example_dags/example_sla_dag.py
[2024-01-30T19:04:27.638+0000] {logging_mixin.py:120} INFO - [2024-01-30T19:04:27.638+0000] {dag.py:2585} INFO - Sync 1 DAGs
[2024-01-30T19:04:27.687+0000] {logging_mixin.py:120} INFO - [2024-01-30T19:04:27.687+0000] {dag.py:3340} INFO - Setting next_dagrun for example_sla_dag to 2024-01-30T19:02:00+00:00, run_after=2024-01-30T19:04:00+00:00
[2024-01-30T19:04:27.718+0000] {processor.py:176} INFO - Processing /home/airflow/.local/lib/python3.7/site-packages/airflow/example_dags/example_sla_dag.py took 0.194 seconds
[2024-01-30T19:04:57.977+0000] {processor.py:154} INFO - Started process (PID=1973) to work on /home/airflow/.local/lib/python3.7/site-packages/airflow/example_dags/example_sla_dag.py
[2024-01-30T19:04:57.978+0000] {processor.py:756} INFO - Processing file /home/airflow/.local/lib/python3.7/site-packages/airflow/example_dags/example_sla_dag.py for tasks to queue
[2024-01-30T19:04:57.980+0000] {logging_mixin.py:120} INFO - [2024-01-30T19:04:57.980+0000] {dagbag.py:537} INFO - Filling up the DagBag from /home/airflow/.local/lib/python3.7/site-packages/airflow/example_dags/example_sla_dag.py
[2024-01-30T19:04:58.039+0000] {processor.py:766} INFO - DAG(s) dict_keys(['example_sla_dag']) retrieved from /home/airflow/.local/lib/python3.7/site-packages/airflow/example_dags/example_sla_dag.py
[2024-01-30T19:04:58.130+0000] {logging_mixin.py:120} INFO - [2024-01-30T19:04:58.130+0000] {dag.py:2585} INFO - Sync 1 DAGs
[2024-01-30T19:04:58.179+0000] {logging_mixin.py:120} INFO - [2024-01-30T19:04:58.178+0000] {dag.py:3340} INFO - Setting next_dagrun for example_sla_dag to 2024-01-30T19:02:00+00:00, run_after=2024-01-30T19:04:00+00:00
[2024-01-30T19:04:58.209+0000] {processor.py:176} INFO - Processing /home/airflow/.local/lib/python3.7/site-packages/airflow/example_dags/example_sla_dag.py took 0.238 seconds
[2024-01-30T19:05:28.406+0000] {processor.py:154} INFO - Started process (PID=2028) to work on /home/airflow/.local/lib/python3.7/site-packages/airflow/example_dags/example_sla_dag.py
[2024-01-30T19:05:28.408+0000] {processor.py:756} INFO - Processing file /home/airflow/.local/lib/python3.7/site-packages/airflow/example_dags/example_sla_dag.py for tasks to queue
[2024-01-30T19:05:28.409+0000] {logging_mixin.py:120} INFO - [2024-01-30T19:05:28.409+0000] {dagbag.py:537} INFO - Filling up the DagBag from /home/airflow/.local/lib/python3.7/site-packages/airflow/example_dags/example_sla_dag.py
[2024-01-30T19:05:28.476+0000] {processor.py:766} INFO - DAG(s) dict_keys(['example_sla_dag']) retrieved from /home/airflow/.local/lib/python3.7/site-packages/airflow/example_dags/example_sla_dag.py
[2024-01-30T19:05:28.614+0000] {logging_mixin.py:120} INFO - [2024-01-30T19:05:28.614+0000] {dag.py:2585} INFO - Sync 1 DAGs
[2024-01-30T19:05:28.700+0000] {logging_mixin.py:120} INFO - [2024-01-30T19:05:28.700+0000] {dag.py:3340} INFO - Setting next_dagrun for example_sla_dag to 2024-01-30T19:02:00+00:00, run_after=2024-01-30T19:04:00+00:00
[2024-01-30T19:05:28.768+0000] {processor.py:176} INFO - Processing /home/airflow/.local/lib/python3.7/site-packages/airflow/example_dags/example_sla_dag.py took 0.369 seconds
[2024-01-30T19:05:58.878+0000] {processor.py:154} INFO - Started process (PID=2093) to work on /home/airflow/.local/lib/python3.7/site-packages/airflow/example_dags/example_sla_dag.py
[2024-01-30T19:05:58.880+0000] {processor.py:756} INFO - Processing file /home/airflow/.local/lib/python3.7/site-packages/airflow/example_dags/example_sla_dag.py for tasks to queue
[2024-01-30T19:05:58.881+0000] {logging_mixin.py:120} INFO - [2024-01-30T19:05:58.881+0000] {dagbag.py:537} INFO - Filling up the DagBag from /home/airflow/.local/lib/python3.7/site-packages/airflow/example_dags/example_sla_dag.py
[2024-01-30T19:05:58.921+0000] {processor.py:766} INFO - DAG(s) dict_keys(['example_sla_dag']) retrieved from /home/airflow/.local/lib/python3.7/site-packages/airflow/example_dags/example_sla_dag.py
[2024-01-30T19:05:58.983+0000] {logging_mixin.py:120} INFO - [2024-01-30T19:05:58.983+0000] {dag.py:2585} INFO - Sync 1 DAGs
[2024-01-30T19:05:59.025+0000] {logging_mixin.py:120} INFO - [2024-01-30T19:05:59.025+0000] {dag.py:3340} INFO - Setting next_dagrun for example_sla_dag to 2024-01-30T19:02:00+00:00, run_after=2024-01-30T19:04:00+00:00
[2024-01-30T19:05:59.058+0000] {processor.py:176} INFO - Processing /home/airflow/.local/lib/python3.7/site-packages/airflow/example_dags/example_sla_dag.py took 0.185 seconds
[2024-01-30T19:06:29.517+0000] {processor.py:154} INFO - Started process (PID=2149) to work on /home/airflow/.local/lib/python3.7/site-packages/airflow/example_dags/example_sla_dag.py
[2024-01-30T19:06:29.519+0000] {processor.py:756} INFO - Processing file /home/airflow/.local/lib/python3.7/site-packages/airflow/example_dags/example_sla_dag.py for tasks to queue
[2024-01-30T19:06:29.521+0000] {logging_mixin.py:120} INFO - [2024-01-30T19:06:29.521+0000] {dagbag.py:537} INFO - Filling up the DagBag from /home/airflow/.local/lib/python3.7/site-packages/airflow/example_dags/example_sla_dag.py
[2024-01-30T19:06:29.570+0000] {processor.py:766} INFO - DAG(s) dict_keys(['example_sla_dag']) retrieved from /home/airflow/.local/lib/python3.7/site-packages/airflow/example_dags/example_sla_dag.py
[2024-01-30T19:06:29.646+0000] {logging_mixin.py:120} INFO - [2024-01-30T19:06:29.646+0000] {dag.py:2585} INFO - Sync 1 DAGs
[2024-01-30T19:06:29.697+0000] {logging_mixin.py:120} INFO - [2024-01-30T19:06:29.697+0000] {dag.py:3340} INFO - Setting next_dagrun for example_sla_dag to 2024-01-30T19:04:00+00:00, run_after=2024-01-30T19:06:00+00:00
[2024-01-30T19:06:29.731+0000] {processor.py:176} INFO - Processing /home/airflow/.local/lib/python3.7/site-packages/airflow/example_dags/example_sla_dag.py took 0.221 seconds
[2024-01-30T19:06:59.868+0000] {processor.py:154} INFO - Started process (PID=2213) to work on /home/airflow/.local/lib/python3.7/site-packages/airflow/example_dags/example_sla_dag.py
[2024-01-30T19:06:59.873+0000] {processor.py:756} INFO - Processing file /home/airflow/.local/lib/python3.7/site-packages/airflow/example_dags/example_sla_dag.py for tasks to queue
[2024-01-30T19:06:59.876+0000] {logging_mixin.py:120} INFO - [2024-01-30T19:06:59.875+0000] {dagbag.py:537} INFO - Filling up the DagBag from /home/airflow/.local/lib/python3.7/site-packages/airflow/example_dags/example_sla_dag.py
[2024-01-30T19:06:59.927+0000] {processor.py:766} INFO - DAG(s) dict_keys(['example_sla_dag']) retrieved from /home/airflow/.local/lib/python3.7/site-packages/airflow/example_dags/example_sla_dag.py
[2024-01-30T19:07:00.006+0000] {logging_mixin.py:120} INFO - [2024-01-30T19:07:00.006+0000] {dag.py:2585} INFO - Sync 1 DAGs
[2024-01-30T19:07:00.063+0000] {logging_mixin.py:120} INFO - [2024-01-30T19:07:00.062+0000] {dag.py:3340} INFO - Setting next_dagrun for example_sla_dag to 2024-01-30T19:04:00+00:00, run_after=2024-01-30T19:06:00+00:00
[2024-01-30T19:07:00.111+0000] {processor.py:176} INFO - Processing /home/airflow/.local/lib/python3.7/site-packages/airflow/example_dags/example_sla_dag.py took 0.248 seconds
[2024-01-30T19:07:30.297+0000] {processor.py:154} INFO - Started process (PID=2277) to work on /home/airflow/.local/lib/python3.7/site-packages/airflow/example_dags/example_sla_dag.py
[2024-01-30T19:07:30.298+0000] {processor.py:756} INFO - Processing file /home/airflow/.local/lib/python3.7/site-packages/airflow/example_dags/example_sla_dag.py for tasks to queue
[2024-01-30T19:07:30.299+0000] {logging_mixin.py:120} INFO - [2024-01-30T19:07:30.299+0000] {dagbag.py:537} INFO - Filling up the DagBag from /home/airflow/.local/lib/python3.7/site-packages/airflow/example_dags/example_sla_dag.py
[2024-01-30T19:07:30.328+0000] {processor.py:766} INFO - DAG(s) dict_keys(['example_sla_dag']) retrieved from /home/airflow/.local/lib/python3.7/site-packages/airflow/example_dags/example_sla_dag.py
[2024-01-30T19:07:30.378+0000] {logging_mixin.py:120} INFO - [2024-01-30T19:07:30.377+0000] {dag.py:2585} INFO - Sync 1 DAGs
[2024-01-30T19:07:30.413+0000] {logging_mixin.py:120} INFO - [2024-01-30T19:07:30.413+0000] {dag.py:3340} INFO - Setting next_dagrun for example_sla_dag to 2024-01-30T19:04:00+00:00, run_after=2024-01-30T19:06:00+00:00
[2024-01-30T19:07:30.439+0000] {processor.py:176} INFO - Processing /home/airflow/.local/lib/python3.7/site-packages/airflow/example_dags/example_sla_dag.py took 0.147 seconds
[2024-01-30T19:08:00.810+0000] {processor.py:154} INFO - Started process (PID=2331) to work on /home/airflow/.local/lib/python3.7/site-packages/airflow/example_dags/example_sla_dag.py
[2024-01-30T19:08:00.813+0000] {processor.py:756} INFO - Processing file /home/airflow/.local/lib/python3.7/site-packages/airflow/example_dags/example_sla_dag.py for tasks to queue
[2024-01-30T19:08:00.815+0000] {logging_mixin.py:120} INFO - [2024-01-30T19:08:00.815+0000] {dagbag.py:537} INFO - Filling up the DagBag from /home/airflow/.local/lib/python3.7/site-packages/airflow/example_dags/example_sla_dag.py
[2024-01-30T19:08:00.874+0000] {processor.py:766} INFO - DAG(s) dict_keys(['example_sla_dag']) retrieved from /home/airflow/.local/lib/python3.7/site-packages/airflow/example_dags/example_sla_dag.py
[2024-01-30T19:08:00.956+0000] {logging_mixin.py:120} INFO - [2024-01-30T19:08:00.955+0000] {dag.py:2585} INFO - Sync 1 DAGs
[2024-01-30T19:08:01.033+0000] {logging_mixin.py:120} INFO - [2024-01-30T19:08:01.033+0000] {dag.py:3340} INFO - Setting next_dagrun for example_sla_dag to 2024-01-30T19:06:00+00:00, run_after=2024-01-30T19:08:00+00:00
[2024-01-30T19:08:01.083+0000] {processor.py:176} INFO - Processing /home/airflow/.local/lib/python3.7/site-packages/airflow/example_dags/example_sla_dag.py took 0.284 seconds
[2024-01-30T19:08:31.188+0000] {processor.py:154} INFO - Started process (PID=2397) to work on /home/airflow/.local/lib/python3.7/site-packages/airflow/example_dags/example_sla_dag.py
[2024-01-30T19:08:31.191+0000] {processor.py:756} INFO - Processing file /home/airflow/.local/lib/python3.7/site-packages/airflow/example_dags/example_sla_dag.py for tasks to queue
[2024-01-30T19:08:31.192+0000] {logging_mixin.py:120} INFO - [2024-01-30T19:08:31.192+0000] {dagbag.py:537} INFO - Filling up the DagBag from /home/airflow/.local/lib/python3.7/site-packages/airflow/example_dags/example_sla_dag.py
[2024-01-30T19:08:31.228+0000] {processor.py:766} INFO - DAG(s) dict_keys(['example_sla_dag']) retrieved from /home/airflow/.local/lib/python3.7/site-packages/airflow/example_dags/example_sla_dag.py
[2024-01-30T19:08:31.290+0000] {logging_mixin.py:120} INFO - [2024-01-30T19:08:31.290+0000] {dag.py:2585} INFO - Sync 1 DAGs
[2024-01-30T19:08:31.335+0000] {logging_mixin.py:120} INFO - [2024-01-30T19:08:31.335+0000] {dag.py:3340} INFO - Setting next_dagrun for example_sla_dag to 2024-01-30T19:06:00+00:00, run_after=2024-01-30T19:08:00+00:00
[2024-01-30T19:08:31.399+0000] {processor.py:176} INFO - Processing /home/airflow/.local/lib/python3.7/site-packages/airflow/example_dags/example_sla_dag.py took 0.217 seconds
[2024-01-30T19:09:01.848+0000] {processor.py:154} INFO - Started process (PID=2453) to work on /home/airflow/.local/lib/python3.7/site-packages/airflow/example_dags/example_sla_dag.py
[2024-01-30T19:09:01.852+0000] {processor.py:756} INFO - Processing file /home/airflow/.local/lib/python3.7/site-packages/airflow/example_dags/example_sla_dag.py for tasks to queue
[2024-01-30T19:09:01.857+0000] {logging_mixin.py:120} INFO - [2024-01-30T19:09:01.856+0000] {dagbag.py:537} INFO - Filling up the DagBag from /home/airflow/.local/lib/python3.7/site-packages/airflow/example_dags/example_sla_dag.py
[2024-01-30T19:09:01.889+0000] {processor.py:766} INFO - DAG(s) dict_keys(['example_sla_dag']) retrieved from /home/airflow/.local/lib/python3.7/site-packages/airflow/example_dags/example_sla_dag.py
[2024-01-30T19:09:01.942+0000] {logging_mixin.py:120} INFO - [2024-01-30T19:09:01.942+0000] {dag.py:2585} INFO - Sync 1 DAGs
[2024-01-30T19:09:02.007+0000] {logging_mixin.py:120} INFO - [2024-01-30T19:09:02.007+0000] {dag.py:3340} INFO - Setting next_dagrun for example_sla_dag to 2024-01-30T19:06:00+00:00, run_after=2024-01-30T19:08:00+00:00
[2024-01-30T19:09:02.046+0000] {processor.py:176} INFO - Processing /home/airflow/.local/lib/python3.7/site-packages/airflow/example_dags/example_sla_dag.py took 0.204 seconds
[2024-01-30T19:09:32.174+0000] {processor.py:154} INFO - Started process (PID=2521) to work on /home/airflow/.local/lib/python3.7/site-packages/airflow/example_dags/example_sla_dag.py
[2024-01-30T19:09:32.176+0000] {processor.py:756} INFO - Processing file /home/airflow/.local/lib/python3.7/site-packages/airflow/example_dags/example_sla_dag.py for tasks to queue
[2024-01-30T19:09:32.178+0000] {logging_mixin.py:120} INFO - [2024-01-30T19:09:32.177+0000] {dagbag.py:537} INFO - Filling up the DagBag from /home/airflow/.local/lib/python3.7/site-packages/airflow/example_dags/example_sla_dag.py
[2024-01-30T19:09:32.215+0000] {processor.py:766} INFO - DAG(s) dict_keys(['example_sla_dag']) retrieved from /home/airflow/.local/lib/python3.7/site-packages/airflow/example_dags/example_sla_dag.py
[2024-01-30T19:09:32.304+0000] {logging_mixin.py:120} INFO - [2024-01-30T19:09:32.304+0000] {dag.py:2585} INFO - Sync 1 DAGs
[2024-01-30T19:09:32.357+0000] {logging_mixin.py:120} INFO - [2024-01-30T19:09:32.357+0000] {dag.py:3340} INFO - Setting next_dagrun for example_sla_dag to 2024-01-30T19:06:00+00:00, run_after=2024-01-30T19:08:00+00:00
[2024-01-30T19:09:32.386+0000] {processor.py:176} INFO - Processing /home/airflow/.local/lib/python3.7/site-packages/airflow/example_dags/example_sla_dag.py took 0.218 seconds
[2024-01-30T19:10:02.727+0000] {processor.py:154} INFO - Started process (PID=2575) to work on /home/airflow/.local/lib/python3.7/site-packages/airflow/example_dags/example_sla_dag.py
[2024-01-30T19:10:02.729+0000] {processor.py:756} INFO - Processing file /home/airflow/.local/lib/python3.7/site-packages/airflow/example_dags/example_sla_dag.py for tasks to queue
[2024-01-30T19:10:02.730+0000] {logging_mixin.py:120} INFO - [2024-01-30T19:10:02.730+0000] {dagbag.py:537} INFO - Filling up the DagBag from /home/airflow/.local/lib/python3.7/site-packages/airflow/example_dags/example_sla_dag.py
[2024-01-30T19:10:02.770+0000] {processor.py:766} INFO - DAG(s) dict_keys(['example_sla_dag']) retrieved from /home/airflow/.local/lib/python3.7/site-packages/airflow/example_dags/example_sla_dag.py
[2024-01-30T19:10:02.836+0000] {logging_mixin.py:120} INFO - [2024-01-30T19:10:02.836+0000] {dag.py:2585} INFO - Sync 1 DAGs
[2024-01-30T19:10:02.887+0000] {logging_mixin.py:120} INFO - [2024-01-30T19:10:02.886+0000] {dag.py:3340} INFO - Setting next_dagrun for example_sla_dag to 2024-01-30T19:08:00+00:00, run_after=2024-01-30T19:10:00+00:00
[2024-01-30T19:10:02.923+0000] {processor.py:176} INFO - Processing /home/airflow/.local/lib/python3.7/site-packages/airflow/example_dags/example_sla_dag.py took 0.201 seconds
[2024-01-30T19:10:33.376+0000] {processor.py:154} INFO - Started process (PID=2640) to work on /home/airflow/.local/lib/python3.7/site-packages/airflow/example_dags/example_sla_dag.py
[2024-01-30T19:10:33.378+0000] {processor.py:756} INFO - Processing file /home/airflow/.local/lib/python3.7/site-packages/airflow/example_dags/example_sla_dag.py for tasks to queue
[2024-01-30T19:10:33.380+0000] {logging_mixin.py:120} INFO - [2024-01-30T19:10:33.380+0000] {dagbag.py:537} INFO - Filling up the DagBag from /home/airflow/.local/lib/python3.7/site-packages/airflow/example_dags/example_sla_dag.py
[2024-01-30T19:10:33.430+0000] {processor.py:766} INFO - DAG(s) dict_keys(['example_sla_dag']) retrieved from /home/airflow/.local/lib/python3.7/site-packages/airflow/example_dags/example_sla_dag.py
[2024-01-30T19:10:33.501+0000] {logging_mixin.py:120} INFO - [2024-01-30T19:10:33.501+0000] {dag.py:2585} INFO - Sync 1 DAGs
[2024-01-30T19:10:33.554+0000] {logging_mixin.py:120} INFO - [2024-01-30T19:10:33.554+0000] {dag.py:3340} INFO - Setting next_dagrun for example_sla_dag to 2024-01-30T19:08:00+00:00, run_after=2024-01-30T19:10:00+00:00
[2024-01-30T19:10:33.585+0000] {processor.py:176} INFO - Processing /home/airflow/.local/lib/python3.7/site-packages/airflow/example_dags/example_sla_dag.py took 0.215 seconds
[2024-01-30T19:11:03.921+0000] {processor.py:154} INFO - Started process (PID=2704) to work on /home/airflow/.local/lib/python3.7/site-packages/airflow/example_dags/example_sla_dag.py
[2024-01-30T19:11:03.922+0000] {processor.py:756} INFO - Processing file /home/airflow/.local/lib/python3.7/site-packages/airflow/example_dags/example_sla_dag.py for tasks to queue
[2024-01-30T19:11:03.924+0000] {logging_mixin.py:120} INFO - [2024-01-30T19:11:03.923+0000] {dagbag.py:537} INFO - Filling up the DagBag from /home/airflow/.local/lib/python3.7/site-packages/airflow/example_dags/example_sla_dag.py
[2024-01-30T19:11:03.960+0000] {processor.py:766} INFO - DAG(s) dict_keys(['example_sla_dag']) retrieved from /home/airflow/.local/lib/python3.7/site-packages/airflow/example_dags/example_sla_dag.py
[2024-01-30T19:11:04.033+0000] {logging_mixin.py:120} INFO - [2024-01-30T19:11:04.032+0000] {dag.py:2585} INFO - Sync 1 DAGs
[2024-01-30T19:11:04.092+0000] {logging_mixin.py:120} INFO - [2024-01-30T19:11:04.092+0000] {dag.py:3340} INFO - Setting next_dagrun for example_sla_dag to 2024-01-30T19:08:00+00:00, run_after=2024-01-30T19:10:00+00:00
[2024-01-30T19:11:04.125+0000] {processor.py:176} INFO - Processing /home/airflow/.local/lib/python3.7/site-packages/airflow/example_dags/example_sla_dag.py took 0.210 seconds
[2024-01-30T19:11:34.385+0000] {processor.py:154} INFO - Started process (PID=2761) to work on /home/airflow/.local/lib/python3.7/site-packages/airflow/example_dags/example_sla_dag.py
[2024-01-30T19:11:34.387+0000] {processor.py:756} INFO - Processing file /home/airflow/.local/lib/python3.7/site-packages/airflow/example_dags/example_sla_dag.py for tasks to queue
[2024-01-30T19:11:34.388+0000] {logging_mixin.py:120} INFO - [2024-01-30T19:11:34.388+0000] {dagbag.py:537} INFO - Filling up the DagBag from /home/airflow/.local/lib/python3.7/site-packages/airflow/example_dags/example_sla_dag.py
[2024-01-30T19:11:34.427+0000] {processor.py:766} INFO - DAG(s) dict_keys(['example_sla_dag']) retrieved from /home/airflow/.local/lib/python3.7/site-packages/airflow/example_dags/example_sla_dag.py
[2024-01-30T19:11:34.530+0000] {logging_mixin.py:120} INFO - [2024-01-30T19:11:34.530+0000] {dag.py:2585} INFO - Sync 1 DAGs
[2024-01-30T19:11:34.589+0000] {logging_mixin.py:120} INFO - [2024-01-30T19:11:34.589+0000] {dag.py:3340} INFO - Setting next_dagrun for example_sla_dag to 2024-01-30T19:08:00+00:00, run_after=2024-01-30T19:10:00+00:00
[2024-01-30T19:11:34.622+0000] {processor.py:176} INFO - Processing /home/airflow/.local/lib/python3.7/site-packages/airflow/example_dags/example_sla_dag.py took 0.243 seconds
[2024-01-30T19:12:04.820+0000] {processor.py:154} INFO - Started process (PID=2829) to work on /home/airflow/.local/lib/python3.7/site-packages/airflow/example_dags/example_sla_dag.py
[2024-01-30T19:12:04.821+0000] {processor.py:756} INFO - Processing file /home/airflow/.local/lib/python3.7/site-packages/airflow/example_dags/example_sla_dag.py for tasks to queue
[2024-01-30T19:12:04.823+0000] {logging_mixin.py:120} INFO - [2024-01-30T19:12:04.823+0000] {dagbag.py:537} INFO - Filling up the DagBag from /home/airflow/.local/lib/python3.7/site-packages/airflow/example_dags/example_sla_dag.py
[2024-01-30T19:12:04.860+0000] {processor.py:766} INFO - DAG(s) dict_keys(['example_sla_dag']) retrieved from /home/airflow/.local/lib/python3.7/site-packages/airflow/example_dags/example_sla_dag.py
[2024-01-30T19:12:04.924+0000] {logging_mixin.py:120} INFO - [2024-01-30T19:12:04.924+0000] {dag.py:2585} INFO - Sync 1 DAGs
[2024-01-30T19:12:04.971+0000] {logging_mixin.py:120} INFO - [2024-01-30T19:12:04.971+0000] {dag.py:3340} INFO - Setting next_dagrun for example_sla_dag to 2024-01-30T19:10:00+00:00, run_after=2024-01-30T19:12:00+00:00
[2024-01-30T19:12:05.039+0000] {processor.py:176} INFO - Processing /home/airflow/.local/lib/python3.7/site-packages/airflow/example_dags/example_sla_dag.py took 0.227 seconds
[2024-01-30T19:12:35.489+0000] {processor.py:154} INFO - Started process (PID=2895) to work on /home/airflow/.local/lib/python3.7/site-packages/airflow/example_dags/example_sla_dag.py
[2024-01-30T19:12:35.491+0000] {processor.py:756} INFO - Processing file /home/airflow/.local/lib/python3.7/site-packages/airflow/example_dags/example_sla_dag.py for tasks to queue
[2024-01-30T19:12:35.492+0000] {logging_mixin.py:120} INFO - [2024-01-30T19:12:35.492+0000] {dagbag.py:537} INFO - Filling up the DagBag from /home/airflow/.local/lib/python3.7/site-packages/airflow/example_dags/example_sla_dag.py
[2024-01-30T19:12:35.524+0000] {processor.py:766} INFO - DAG(s) dict_keys(['example_sla_dag']) retrieved from /home/airflow/.local/lib/python3.7/site-packages/airflow/example_dags/example_sla_dag.py
[2024-01-30T19:12:35.614+0000] {logging_mixin.py:120} INFO - [2024-01-30T19:12:35.614+0000] {dag.py:2585} INFO - Sync 1 DAGs
[2024-01-30T19:12:35.716+0000] {logging_mixin.py:120} INFO - [2024-01-30T19:12:35.716+0000] {dag.py:3340} INFO - Setting next_dagrun for example_sla_dag to 2024-01-30T19:10:00+00:00, run_after=2024-01-30T19:12:00+00:00
[2024-01-30T19:12:35.770+0000] {processor.py:176} INFO - Processing /home/airflow/.local/lib/python3.7/site-packages/airflow/example_dags/example_sla_dag.py took 0.284 seconds
[2024-01-30T19:13:05.888+0000] {processor.py:154} INFO - Started process (PID=2951) to work on /home/airflow/.local/lib/python3.7/site-packages/airflow/example_dags/example_sla_dag.py
[2024-01-30T19:13:05.890+0000] {processor.py:756} INFO - Processing file /home/airflow/.local/lib/python3.7/site-packages/airflow/example_dags/example_sla_dag.py for tasks to queue
[2024-01-30T19:13:05.892+0000] {logging_mixin.py:120} INFO - [2024-01-30T19:13:05.892+0000] {dagbag.py:537} INFO - Filling up the DagBag from /home/airflow/.local/lib/python3.7/site-packages/airflow/example_dags/example_sla_dag.py
[2024-01-30T19:13:05.942+0000] {processor.py:766} INFO - DAG(s) dict_keys(['example_sla_dag']) retrieved from /home/airflow/.local/lib/python3.7/site-packages/airflow/example_dags/example_sla_dag.py
[2024-01-30T19:13:06.027+0000] {logging_mixin.py:120} INFO - [2024-01-30T19:13:06.027+0000] {dag.py:2585} INFO - Sync 1 DAGs
[2024-01-30T19:13:06.095+0000] {logging_mixin.py:120} INFO - [2024-01-30T19:13:06.094+0000] {dag.py:3340} INFO - Setting next_dagrun for example_sla_dag to 2024-01-30T19:10:00+00:00, run_after=2024-01-30T19:12:00+00:00
[2024-01-30T19:13:06.134+0000] {processor.py:176} INFO - Processing /home/airflow/.local/lib/python3.7/site-packages/airflow/example_dags/example_sla_dag.py took 0.253 seconds
[2024-01-30T19:13:36.778+0000] {processor.py:154} INFO - Started process (PID=3016) to work on /home/airflow/.local/lib/python3.7/site-packages/airflow/example_dags/example_sla_dag.py
[2024-01-30T19:13:36.780+0000] {processor.py:756} INFO - Processing file /home/airflow/.local/lib/python3.7/site-packages/airflow/example_dags/example_sla_dag.py for tasks to queue
[2024-01-30T19:13:36.782+0000] {logging_mixin.py:120} INFO - [2024-01-30T19:13:36.782+0000] {dagbag.py:537} INFO - Filling up the DagBag from /home/airflow/.local/lib/python3.7/site-packages/airflow/example_dags/example_sla_dag.py
[2024-01-30T19:13:36.822+0000] {processor.py:766} INFO - DAG(s) dict_keys(['example_sla_dag']) retrieved from /home/airflow/.local/lib/python3.7/site-packages/airflow/example_dags/example_sla_dag.py
[2024-01-30T19:13:36.888+0000] {logging_mixin.py:120} INFO - [2024-01-30T19:13:36.887+0000] {dag.py:2585} INFO - Sync 1 DAGs
[2024-01-30T19:13:36.934+0000] {logging_mixin.py:120} INFO - [2024-01-30T19:13:36.934+0000] {dag.py:3340} INFO - Setting next_dagrun for example_sla_dag to 2024-01-30T19:10:00+00:00, run_after=2024-01-30T19:12:00+00:00
[2024-01-30T19:13:36.967+0000] {processor.py:176} INFO - Processing /home/airflow/.local/lib/python3.7/site-packages/airflow/example_dags/example_sla_dag.py took 0.195 seconds
[2024-01-30T19:14:07.143+0000] {processor.py:154} INFO - Started process (PID=3072) to work on /home/airflow/.local/lib/python3.7/site-packages/airflow/example_dags/example_sla_dag.py
[2024-01-30T19:14:07.145+0000] {processor.py:756} INFO - Processing file /home/airflow/.local/lib/python3.7/site-packages/airflow/example_dags/example_sla_dag.py for tasks to queue
[2024-01-30T19:14:07.147+0000] {logging_mixin.py:120} INFO - [2024-01-30T19:14:07.147+0000] {dagbag.py:537} INFO - Filling up the DagBag from /home/airflow/.local/lib/python3.7/site-packages/airflow/example_dags/example_sla_dag.py
[2024-01-30T19:14:07.186+0000] {processor.py:766} INFO - DAG(s) dict_keys(['example_sla_dag']) retrieved from /home/airflow/.local/lib/python3.7/site-packages/airflow/example_dags/example_sla_dag.py
[2024-01-30T19:14:07.247+0000] {logging_mixin.py:120} INFO - [2024-01-30T19:14:07.247+0000] {dag.py:2585} INFO - Sync 1 DAGs
[2024-01-30T19:14:07.289+0000] {logging_mixin.py:120} INFO - [2024-01-30T19:14:07.289+0000] {dag.py:3340} INFO - Setting next_dagrun for example_sla_dag to 2024-01-30T19:12:00+00:00, run_after=2024-01-30T19:14:00+00:00
[2024-01-30T19:14:07.323+0000] {processor.py:176} INFO - Processing /home/airflow/.local/lib/python3.7/site-packages/airflow/example_dags/example_sla_dag.py took 0.184 seconds
[2024-01-30T19:14:37.592+0000] {processor.py:154} INFO - Started process (PID=3137) to work on /home/airflow/.local/lib/python3.7/site-packages/airflow/example_dags/example_sla_dag.py
[2024-01-30T19:14:37.593+0000] {processor.py:756} INFO - Processing file /home/airflow/.local/lib/python3.7/site-packages/airflow/example_dags/example_sla_dag.py for tasks to queue
[2024-01-30T19:14:37.594+0000] {logging_mixin.py:120} INFO - [2024-01-30T19:14:37.594+0000] {dagbag.py:537} INFO - Filling up the DagBag from /home/airflow/.local/lib/python3.7/site-packages/airflow/example_dags/example_sla_dag.py
[2024-01-30T19:14:37.639+0000] {processor.py:766} INFO - DAG(s) dict_keys(['example_sla_dag']) retrieved from /home/airflow/.local/lib/python3.7/site-packages/airflow/example_dags/example_sla_dag.py
[2024-01-30T19:14:37.709+0000] {logging_mixin.py:120} INFO - [2024-01-30T19:14:37.708+0000] {dag.py:2585} INFO - Sync 1 DAGs
[2024-01-30T19:14:37.764+0000] {logging_mixin.py:120} INFO - [2024-01-30T19:14:37.764+0000] {dag.py:3340} INFO - Setting next_dagrun for example_sla_dag to 2024-01-30T19:12:00+00:00, run_after=2024-01-30T19:14:00+00:00
[2024-01-30T19:14:37.804+0000] {processor.py:176} INFO - Processing /home/airflow/.local/lib/python3.7/site-packages/airflow/example_dags/example_sla_dag.py took 0.218 seconds
[2024-01-30T19:15:08.080+0000] {processor.py:154} INFO - Started process (PID=3203) to work on /home/airflow/.local/lib/python3.7/site-packages/airflow/example_dags/example_sla_dag.py
[2024-01-30T19:15:08.082+0000] {processor.py:756} INFO - Processing file /home/airflow/.local/lib/python3.7/site-packages/airflow/example_dags/example_sla_dag.py for tasks to queue
[2024-01-30T19:15:08.085+0000] {logging_mixin.py:120} INFO - [2024-01-30T19:15:08.084+0000] {dagbag.py:537} INFO - Filling up the DagBag from /home/airflow/.local/lib/python3.7/site-packages/airflow/example_dags/example_sla_dag.py
[2024-01-30T19:15:08.134+0000] {processor.py:766} INFO - DAG(s) dict_keys(['example_sla_dag']) retrieved from /home/airflow/.local/lib/python3.7/site-packages/airflow/example_dags/example_sla_dag.py
[2024-01-30T19:15:08.243+0000] {logging_mixin.py:120} INFO - [2024-01-30T19:15:08.243+0000] {dag.py:2585} INFO - Sync 1 DAGs
[2024-01-30T19:15:08.288+0000] {logging_mixin.py:120} INFO - [2024-01-30T19:15:08.288+0000] {dag.py:3340} INFO - Setting next_dagrun for example_sla_dag to 2024-01-30T19:12:00+00:00, run_after=2024-01-30T19:14:00+00:00
[2024-01-30T19:15:08.317+0000] {processor.py:176} INFO - Processing /home/airflow/.local/lib/python3.7/site-packages/airflow/example_dags/example_sla_dag.py took 0.243 seconds
[2024-01-30T19:15:38.827+0000] {processor.py:154} INFO - Started process (PID=3258) to work on /home/airflow/.local/lib/python3.7/site-packages/airflow/example_dags/example_sla_dag.py
[2024-01-30T19:15:38.830+0000] {processor.py:756} INFO - Processing file /home/airflow/.local/lib/python3.7/site-packages/airflow/example_dags/example_sla_dag.py for tasks to queue
[2024-01-30T19:15:38.832+0000] {logging_mixin.py:120} INFO - [2024-01-30T19:15:38.832+0000] {dagbag.py:537} INFO - Filling up the DagBag from /home/airflow/.local/lib/python3.7/site-packages/airflow/example_dags/example_sla_dag.py
[2024-01-30T19:15:38.916+0000] {processor.py:766} INFO - DAG(s) dict_keys(['example_sla_dag']) retrieved from /home/airflow/.local/lib/python3.7/site-packages/airflow/example_dags/example_sla_dag.py
[2024-01-30T19:15:39.028+0000] {logging_mixin.py:120} INFO - [2024-01-30T19:15:39.028+0000] {dag.py:2585} INFO - Sync 1 DAGs
[2024-01-30T19:15:39.078+0000] {logging_mixin.py:120} INFO - [2024-01-30T19:15:39.078+0000] {dag.py:3340} INFO - Setting next_dagrun for example_sla_dag to 2024-01-30T19:12:00+00:00, run_after=2024-01-30T19:14:00+00:00
[2024-01-30T19:15:39.109+0000] {processor.py:176} INFO - Processing /home/airflow/.local/lib/python3.7/site-packages/airflow/example_dags/example_sla_dag.py took 0.291 seconds
[2024-01-30T19:16:09.241+0000] {processor.py:154} INFO - Started process (PID=3322) to work on /home/airflow/.local/lib/python3.7/site-packages/airflow/example_dags/example_sla_dag.py
[2024-01-30T19:16:09.242+0000] {processor.py:756} INFO - Processing file /home/airflow/.local/lib/python3.7/site-packages/airflow/example_dags/example_sla_dag.py for tasks to queue
[2024-01-30T19:16:09.244+0000] {logging_mixin.py:120} INFO - [2024-01-30T19:16:09.244+0000] {dagbag.py:537} INFO - Filling up the DagBag from /home/airflow/.local/lib/python3.7/site-packages/airflow/example_dags/example_sla_dag.py
[2024-01-30T19:16:09.284+0000] {processor.py:766} INFO - DAG(s) dict_keys(['example_sla_dag']) retrieved from /home/airflow/.local/lib/python3.7/site-packages/airflow/example_dags/example_sla_dag.py
[2024-01-30T19:16:09.342+0000] {logging_mixin.py:120} INFO - [2024-01-30T19:16:09.342+0000] {dag.py:2585} INFO - Sync 1 DAGs
[2024-01-30T19:16:09.376+0000] {logging_mixin.py:120} INFO - [2024-01-30T19:16:09.376+0000] {dag.py:3340} INFO - Setting next_dagrun for example_sla_dag to 2024-01-30T19:14:00+00:00, run_after=2024-01-30T19:16:00+00:00
[2024-01-30T19:16:09.401+0000] {processor.py:176} INFO - Processing /home/airflow/.local/lib/python3.7/site-packages/airflow/example_dags/example_sla_dag.py took 0.166 seconds
[2024-01-30T19:16:39.436+0000] {processor.py:154} INFO - Started process (PID=3388) to work on /home/airflow/.local/lib/python3.7/site-packages/airflow/example_dags/example_sla_dag.py
[2024-01-30T19:16:39.437+0000] {processor.py:756} INFO - Processing file /home/airflow/.local/lib/python3.7/site-packages/airflow/example_dags/example_sla_dag.py for tasks to queue
[2024-01-30T19:16:39.438+0000] {logging_mixin.py:120} INFO - [2024-01-30T19:16:39.438+0000] {dagbag.py:537} INFO - Filling up the DagBag from /home/airflow/.local/lib/python3.7/site-packages/airflow/example_dags/example_sla_dag.py
[2024-01-30T19:16:39.468+0000] {processor.py:766} INFO - DAG(s) dict_keys(['example_sla_dag']) retrieved from /home/airflow/.local/lib/python3.7/site-packages/airflow/example_dags/example_sla_dag.py
[2024-01-30T19:16:39.527+0000] {logging_mixin.py:120} INFO - [2024-01-30T19:16:39.526+0000] {dag.py:2585} INFO - Sync 1 DAGs
[2024-01-30T19:16:39.584+0000] {logging_mixin.py:120} INFO - [2024-01-30T19:16:39.584+0000] {dag.py:3340} INFO - Setting next_dagrun for example_sla_dag to 2024-01-30T19:14:00+00:00, run_after=2024-01-30T19:16:00+00:00
[2024-01-30T19:16:39.622+0000] {processor.py:176} INFO - Processing /home/airflow/.local/lib/python3.7/site-packages/airflow/example_dags/example_sla_dag.py took 0.190 seconds
[2024-01-30T19:17:09.799+0000] {processor.py:154} INFO - Started process (PID=3444) to work on /home/airflow/.local/lib/python3.7/site-packages/airflow/example_dags/example_sla_dag.py
[2024-01-30T19:17:09.801+0000] {processor.py:756} INFO - Processing file /home/airflow/.local/lib/python3.7/site-packages/airflow/example_dags/example_sla_dag.py for tasks to queue
[2024-01-30T19:17:09.804+0000] {logging_mixin.py:120} INFO - [2024-01-30T19:17:09.804+0000] {dagbag.py:537} INFO - Filling up the DagBag from /home/airflow/.local/lib/python3.7/site-packages/airflow/example_dags/example_sla_dag.py
[2024-01-30T19:17:09.845+0000] {processor.py:766} INFO - DAG(s) dict_keys(['example_sla_dag']) retrieved from /home/airflow/.local/lib/python3.7/site-packages/airflow/example_dags/example_sla_dag.py
[2024-01-30T19:17:09.898+0000] {logging_mixin.py:120} INFO - [2024-01-30T19:17:09.898+0000] {dag.py:2585} INFO - Sync 1 DAGs
[2024-01-30T19:17:09.933+0000] {logging_mixin.py:120} INFO - [2024-01-30T19:17:09.933+0000] {dag.py:3340} INFO - Setting next_dagrun for example_sla_dag to 2024-01-30T19:14:00+00:00, run_after=2024-01-30T19:16:00+00:00
[2024-01-30T19:17:09.957+0000] {processor.py:176} INFO - Processing /home/airflow/.local/lib/python3.7/site-packages/airflow/example_dags/example_sla_dag.py took 0.164 seconds
[2024-01-30T19:17:40.328+0000] {processor.py:154} INFO - Started process (PID=3509) to work on /home/airflow/.local/lib/python3.7/site-packages/airflow/example_dags/example_sla_dag.py
[2024-01-30T19:17:40.330+0000] {processor.py:756} INFO - Processing file /home/airflow/.local/lib/python3.7/site-packages/airflow/example_dags/example_sla_dag.py for tasks to queue
[2024-01-30T19:17:40.331+0000] {logging_mixin.py:120} INFO - [2024-01-30T19:17:40.331+0000] {dagbag.py:537} INFO - Filling up the DagBag from /home/airflow/.local/lib/python3.7/site-packages/airflow/example_dags/example_sla_dag.py
[2024-01-30T19:17:40.369+0000] {processor.py:766} INFO - DAG(s) dict_keys(['example_sla_dag']) retrieved from /home/airflow/.local/lib/python3.7/site-packages/airflow/example_dags/example_sla_dag.py
[2024-01-30T19:17:40.428+0000] {logging_mixin.py:120} INFO - [2024-01-30T19:17:40.428+0000] {dag.py:2585} INFO - Sync 1 DAGs
[2024-01-30T19:17:40.468+0000] {logging_mixin.py:120} INFO - [2024-01-30T19:17:40.468+0000] {dag.py:3340} INFO - Setting next_dagrun for example_sla_dag to 2024-01-30T19:14:00+00:00, run_after=2024-01-30T19:16:00+00:00
[2024-01-30T19:17:40.497+0000] {processor.py:176} INFO - Processing /home/airflow/.local/lib/python3.7/site-packages/airflow/example_dags/example_sla_dag.py took 0.176 seconds
[2024-01-30T19:18:11.157+0000] {processor.py:154} INFO - Started process (PID=3566) to work on /home/airflow/.local/lib/python3.7/site-packages/airflow/example_dags/example_sla_dag.py
[2024-01-30T19:18:11.159+0000] {processor.py:756} INFO - Processing file /home/airflow/.local/lib/python3.7/site-packages/airflow/example_dags/example_sla_dag.py for tasks to queue
[2024-01-30T19:18:11.160+0000] {logging_mixin.py:120} INFO - [2024-01-30T19:18:11.160+0000] {dagbag.py:537} INFO - Filling up the DagBag from /home/airflow/.local/lib/python3.7/site-packages/airflow/example_dags/example_sla_dag.py
[2024-01-30T19:18:11.190+0000] {processor.py:766} INFO - DAG(s) dict_keys(['example_sla_dag']) retrieved from /home/airflow/.local/lib/python3.7/site-packages/airflow/example_dags/example_sla_dag.py
[2024-01-30T19:18:11.245+0000] {logging_mixin.py:120} INFO - [2024-01-30T19:18:11.245+0000] {dag.py:2585} INFO - Sync 1 DAGs
[2024-01-30T19:18:11.284+0000] {logging_mixin.py:120} INFO - [2024-01-30T19:18:11.284+0000] {dag.py:3340} INFO - Setting next_dagrun for example_sla_dag to 2024-01-30T19:16:00+00:00, run_after=2024-01-30T19:18:00+00:00
[2024-01-30T19:18:11.311+0000] {processor.py:176} INFO - Processing /home/airflow/.local/lib/python3.7/site-packages/airflow/example_dags/example_sla_dag.py took 0.158 seconds
[2024-01-30T19:18:41.632+0000] {processor.py:154} INFO - Started process (PID=3631) to work on /home/airflow/.local/lib/python3.7/site-packages/airflow/example_dags/example_sla_dag.py
[2024-01-30T19:18:41.634+0000] {processor.py:756} INFO - Processing file /home/airflow/.local/lib/python3.7/site-packages/airflow/example_dags/example_sla_dag.py for tasks to queue
[2024-01-30T19:18:41.635+0000] {logging_mixin.py:120} INFO - [2024-01-30T19:18:41.635+0000] {dagbag.py:537} INFO - Filling up the DagBag from /home/airflow/.local/lib/python3.7/site-packages/airflow/example_dags/example_sla_dag.py
[2024-01-30T19:18:41.673+0000] {processor.py:766} INFO - DAG(s) dict_keys(['example_sla_dag']) retrieved from /home/airflow/.local/lib/python3.7/site-packages/airflow/example_dags/example_sla_dag.py
[2024-01-30T19:18:41.749+0000] {logging_mixin.py:120} INFO - [2024-01-30T19:18:41.749+0000] {dag.py:2585} INFO - Sync 1 DAGs
[2024-01-30T19:18:41.792+0000] {logging_mixin.py:120} INFO - [2024-01-30T19:18:41.792+0000] {dag.py:3340} INFO - Setting next_dagrun for example_sla_dag to 2024-01-30T19:16:00+00:00, run_after=2024-01-30T19:18:00+00:00
[2024-01-30T19:18:41.818+0000] {processor.py:176} INFO - Processing /home/airflow/.local/lib/python3.7/site-packages/airflow/example_dags/example_sla_dag.py took 0.191 seconds
[2024-01-30T19:19:11.872+0000] {processor.py:154} INFO - Started process (PID=3696) to work on /home/airflow/.local/lib/python3.7/site-packages/airflow/example_dags/example_sla_dag.py
[2024-01-30T19:19:11.874+0000] {processor.py:756} INFO - Processing file /home/airflow/.local/lib/python3.7/site-packages/airflow/example_dags/example_sla_dag.py for tasks to queue
[2024-01-30T19:19:11.875+0000] {logging_mixin.py:120} INFO - [2024-01-30T19:19:11.875+0000] {dagbag.py:537} INFO - Filling up the DagBag from /home/airflow/.local/lib/python3.7/site-packages/airflow/example_dags/example_sla_dag.py
[2024-01-30T19:19:11.910+0000] {processor.py:766} INFO - DAG(s) dict_keys(['example_sla_dag']) retrieved from /home/airflow/.local/lib/python3.7/site-packages/airflow/example_dags/example_sla_dag.py
[2024-01-30T19:19:11.977+0000] {logging_mixin.py:120} INFO - [2024-01-30T19:19:11.977+0000] {dag.py:2585} INFO - Sync 1 DAGs
[2024-01-30T19:19:12.025+0000] {logging_mixin.py:120} INFO - [2024-01-30T19:19:12.024+0000] {dag.py:3340} INFO - Setting next_dagrun for example_sla_dag to 2024-01-30T19:16:00+00:00, run_after=2024-01-30T19:18:00+00:00
[2024-01-30T19:19:12.058+0000] {processor.py:176} INFO - Processing /home/airflow/.local/lib/python3.7/site-packages/airflow/example_dags/example_sla_dag.py took 0.191 seconds
[2024-01-30T19:19:42.499+0000] {processor.py:154} INFO - Started process (PID=3752) to work on /home/airflow/.local/lib/python3.7/site-packages/airflow/example_dags/example_sla_dag.py
[2024-01-30T19:19:42.501+0000] {processor.py:756} INFO - Processing file /home/airflow/.local/lib/python3.7/site-packages/airflow/example_dags/example_sla_dag.py for tasks to queue
[2024-01-30T19:19:42.502+0000] {logging_mixin.py:120} INFO - [2024-01-30T19:19:42.502+0000] {dagbag.py:537} INFO - Filling up the DagBag from /home/airflow/.local/lib/python3.7/site-packages/airflow/example_dags/example_sla_dag.py
[2024-01-30T19:19:42.540+0000] {processor.py:766} INFO - DAG(s) dict_keys(['example_sla_dag']) retrieved from /home/airflow/.local/lib/python3.7/site-packages/airflow/example_dags/example_sla_dag.py
[2024-01-30T19:19:42.600+0000] {logging_mixin.py:120} INFO - [2024-01-30T19:19:42.600+0000] {dag.py:2585} INFO - Sync 1 DAGs
[2024-01-30T19:19:42.637+0000] {logging_mixin.py:120} INFO - [2024-01-30T19:19:42.637+0000] {dag.py:3340} INFO - Setting next_dagrun for example_sla_dag to 2024-01-30T19:16:00+00:00, run_after=2024-01-30T19:18:00+00:00
[2024-01-30T19:19:42.663+0000] {processor.py:176} INFO - Processing /home/airflow/.local/lib/python3.7/site-packages/airflow/example_dags/example_sla_dag.py took 0.169 seconds
[2024-01-30T19:20:12.962+0000] {processor.py:154} INFO - Started process (PID=3817) to work on /home/airflow/.local/lib/python3.7/site-packages/airflow/example_dags/example_sla_dag.py
[2024-01-30T19:20:12.963+0000] {processor.py:756} INFO - Processing file /home/airflow/.local/lib/python3.7/site-packages/airflow/example_dags/example_sla_dag.py for tasks to queue
[2024-01-30T19:20:12.964+0000] {logging_mixin.py:120} INFO - [2024-01-30T19:20:12.964+0000] {dagbag.py:537} INFO - Filling up the DagBag from /home/airflow/.local/lib/python3.7/site-packages/airflow/example_dags/example_sla_dag.py
[2024-01-30T19:20:12.993+0000] {processor.py:766} INFO - DAG(s) dict_keys(['example_sla_dag']) retrieved from /home/airflow/.local/lib/python3.7/site-packages/airflow/example_dags/example_sla_dag.py
[2024-01-30T19:20:13.044+0000] {logging_mixin.py:120} INFO - [2024-01-30T19:20:13.043+0000] {dag.py:2585} INFO - Sync 1 DAGs
[2024-01-30T19:20:13.081+0000] {logging_mixin.py:120} INFO - [2024-01-30T19:20:13.080+0000] {dag.py:3340} INFO - Setting next_dagrun for example_sla_dag to 2024-01-30T19:18:00+00:00, run_after=2024-01-30T19:20:00+00:00
[2024-01-30T19:20:13.109+0000] {processor.py:176} INFO - Processing /home/airflow/.local/lib/python3.7/site-packages/airflow/example_dags/example_sla_dag.py took 0.152 seconds
[2024-01-30T19:20:43.468+0000] {processor.py:154} INFO - Started process (PID=3882) to work on /home/airflow/.local/lib/python3.7/site-packages/airflow/example_dags/example_sla_dag.py
[2024-01-30T19:20:43.470+0000] {processor.py:756} INFO - Processing file /home/airflow/.local/lib/python3.7/site-packages/airflow/example_dags/example_sla_dag.py for tasks to queue
[2024-01-30T19:20:43.472+0000] {logging_mixin.py:120} INFO - [2024-01-30T19:20:43.472+0000] {dagbag.py:537} INFO - Filling up the DagBag from /home/airflow/.local/lib/python3.7/site-packages/airflow/example_dags/example_sla_dag.py
[2024-01-30T19:20:43.509+0000] {processor.py:766} INFO - DAG(s) dict_keys(['example_sla_dag']) retrieved from /home/airflow/.local/lib/python3.7/site-packages/airflow/example_dags/example_sla_dag.py
[2024-01-30T19:20:43.568+0000] {logging_mixin.py:120} INFO - [2024-01-30T19:20:43.568+0000] {dag.py:2585} INFO - Sync 1 DAGs
[2024-01-30T19:20:43.610+0000] {logging_mixin.py:120} INFO - [2024-01-30T19:20:43.610+0000] {dag.py:3340} INFO - Setting next_dagrun for example_sla_dag to 2024-01-30T19:18:00+00:00, run_after=2024-01-30T19:20:00+00:00
[2024-01-30T19:20:43.637+0000] {processor.py:176} INFO - Processing /home/airflow/.local/lib/python3.7/site-packages/airflow/example_dags/example_sla_dag.py took 0.187 seconds
[2024-01-30T19:21:14.013+0000] {processor.py:154} INFO - Started process (PID=3938) to work on /home/airflow/.local/lib/python3.7/site-packages/airflow/example_dags/example_sla_dag.py
[2024-01-30T19:21:14.015+0000] {processor.py:756} INFO - Processing file /home/airflow/.local/lib/python3.7/site-packages/airflow/example_dags/example_sla_dag.py for tasks to queue
[2024-01-30T19:21:14.017+0000] {logging_mixin.py:120} INFO - [2024-01-30T19:21:14.017+0000] {dagbag.py:537} INFO - Filling up the DagBag from /home/airflow/.local/lib/python3.7/site-packages/airflow/example_dags/example_sla_dag.py
[2024-01-30T19:21:14.066+0000] {processor.py:766} INFO - DAG(s) dict_keys(['example_sla_dag']) retrieved from /home/airflow/.local/lib/python3.7/site-packages/airflow/example_dags/example_sla_dag.py
[2024-01-30T19:21:14.257+0000] {logging_mixin.py:120} INFO - [2024-01-30T19:21:14.256+0000] {dag.py:2585} INFO - Sync 1 DAGs
[2024-01-30T19:21:14.332+0000] {logging_mixin.py:120} INFO - [2024-01-30T19:21:14.332+0000] {dag.py:3340} INFO - Setting next_dagrun for example_sla_dag to 2024-01-30T19:18:00+00:00, run_after=2024-01-30T19:20:00+00:00
[2024-01-30T19:21:14.377+0000] {processor.py:176} INFO - Processing /home/airflow/.local/lib/python3.7/site-packages/airflow/example_dags/example_sla_dag.py took 0.372 seconds
[2024-01-30T19:21:44.859+0000] {processor.py:154} INFO - Started process (PID=4002) to work on /home/airflow/.local/lib/python3.7/site-packages/airflow/example_dags/example_sla_dag.py
[2024-01-30T19:21:44.860+0000] {processor.py:756} INFO - Processing file /home/airflow/.local/lib/python3.7/site-packages/airflow/example_dags/example_sla_dag.py for tasks to queue
[2024-01-30T19:21:44.862+0000] {logging_mixin.py:120} INFO - [2024-01-30T19:21:44.862+0000] {dagbag.py:537} INFO - Filling up the DagBag from /home/airflow/.local/lib/python3.7/site-packages/airflow/example_dags/example_sla_dag.py
[2024-01-30T19:21:44.898+0000] {processor.py:766} INFO - DAG(s) dict_keys(['example_sla_dag']) retrieved from /home/airflow/.local/lib/python3.7/site-packages/airflow/example_dags/example_sla_dag.py
[2024-01-30T19:21:44.953+0000] {logging_mixin.py:120} INFO - [2024-01-30T19:21:44.952+0000] {dag.py:2585} INFO - Sync 1 DAGs
[2024-01-30T19:21:44.989+0000] {logging_mixin.py:120} INFO - [2024-01-30T19:21:44.989+0000] {dag.py:3340} INFO - Setting next_dagrun for example_sla_dag to 2024-01-30T19:18:00+00:00, run_after=2024-01-30T19:20:00+00:00
[2024-01-30T19:21:45.014+0000] {processor.py:176} INFO - Processing /home/airflow/.local/lib/python3.7/site-packages/airflow/example_dags/example_sla_dag.py took 0.161 seconds
