[2024-01-30T18:48:52.148+0000] {processor.py:154} INFO - Started process (PID=55) to work on /home/airflow/.local/lib/python3.7/site-packages/airflow/example_dags/example_branch_labels.py
[2024-01-30T18:48:52.166+0000] {processor.py:756} INFO - Processing file /home/airflow/.local/lib/python3.7/site-packages/airflow/example_dags/example_branch_labels.py for tasks to queue
[2024-01-30T18:48:52.173+0000] {logging_mixin.py:120} INFO - [2024-01-30T18:48:52.172+0000] {dagbag.py:537} INFO - Filling up the DagBag from /home/airflow/.local/lib/python3.7/site-packages/airflow/example_dags/example_branch_labels.py
[2024-01-30T18:48:52.429+0000] {processor.py:766} INFO - DAG(s) dict_keys(['example_branch_labels']) retrieved from /home/airflow/.local/lib/python3.7/site-packages/airflow/example_dags/example_branch_labels.py
[2024-01-30T18:48:53.084+0000] {logging_mixin.py:120} INFO - [2024-01-30T18:48:53.083+0000] {dag.py:2585} INFO - Sync 1 DAGs
[2024-01-30T18:48:53.765+0000] {logging_mixin.py:120} INFO - [2024-01-30T18:48:53.764+0000] {dag.py:3340} INFO - Setting next_dagrun for example_branch_labels to 2024-01-29T00:00:00+00:00, run_after=2024-01-30T00:00:00+00:00
[2024-01-30T18:48:53.981+0000] {processor.py:176} INFO - Processing /home/airflow/.local/lib/python3.7/site-packages/airflow/example_dags/example_branch_labels.py took 1.870 seconds
[2024-01-30T18:49:24.928+0000] {processor.py:154} INFO - Started process (PID=111) to work on /home/airflow/.local/lib/python3.7/site-packages/airflow/example_dags/example_branch_labels.py
[2024-01-30T18:49:24.930+0000] {processor.py:756} INFO - Processing file /home/airflow/.local/lib/python3.7/site-packages/airflow/example_dags/example_branch_labels.py for tasks to queue
[2024-01-30T18:49:24.931+0000] {logging_mixin.py:120} INFO - [2024-01-30T18:49:24.931+0000] {dagbag.py:537} INFO - Filling up the DagBag from /home/airflow/.local/lib/python3.7/site-packages/airflow/example_dags/example_branch_labels.py
[2024-01-30T18:49:24.963+0000] {processor.py:766} INFO - DAG(s) dict_keys(['example_branch_labels']) retrieved from /home/airflow/.local/lib/python3.7/site-packages/airflow/example_dags/example_branch_labels.py
[2024-01-30T18:49:25.053+0000] {logging_mixin.py:120} INFO - [2024-01-30T18:49:25.053+0000] {dag.py:2585} INFO - Sync 1 DAGs
[2024-01-30T18:49:25.125+0000] {logging_mixin.py:120} INFO - [2024-01-30T18:49:25.124+0000] {dag.py:3340} INFO - Setting next_dagrun for example_branch_labels to 2024-01-29T00:00:00+00:00, run_after=2024-01-30T00:00:00+00:00
[2024-01-30T18:49:25.155+0000] {processor.py:176} INFO - Processing /home/airflow/.local/lib/python3.7/site-packages/airflow/example_dags/example_branch_labels.py took 0.233 seconds
[2024-01-30T18:49:55.785+0000] {processor.py:154} INFO - Started process (PID=169) to work on /home/airflow/.local/lib/python3.7/site-packages/airflow/example_dags/example_branch_labels.py
[2024-01-30T18:49:55.788+0000] {processor.py:756} INFO - Processing file /home/airflow/.local/lib/python3.7/site-packages/airflow/example_dags/example_branch_labels.py for tasks to queue
[2024-01-30T18:49:55.790+0000] {logging_mixin.py:120} INFO - [2024-01-30T18:49:55.789+0000] {dagbag.py:537} INFO - Filling up the DagBag from /home/airflow/.local/lib/python3.7/site-packages/airflow/example_dags/example_branch_labels.py
[2024-01-30T18:49:55.820+0000] {processor.py:766} INFO - DAG(s) dict_keys(['example_branch_labels']) retrieved from /home/airflow/.local/lib/python3.7/site-packages/airflow/example_dags/example_branch_labels.py
[2024-01-30T18:49:55.968+0000] {logging_mixin.py:120} INFO - [2024-01-30T18:49:55.968+0000] {dag.py:2585} INFO - Sync 1 DAGs
[2024-01-30T18:49:56.012+0000] {logging_mixin.py:120} INFO - [2024-01-30T18:49:56.012+0000] {dag.py:3340} INFO - Setting next_dagrun for example_branch_labels to 2024-01-29T00:00:00+00:00, run_after=2024-01-30T00:00:00+00:00
[2024-01-30T18:49:56.042+0000] {processor.py:176} INFO - Processing /home/airflow/.local/lib/python3.7/site-packages/airflow/example_dags/example_branch_labels.py took 0.263 seconds
[2024-01-30T18:50:26.206+0000] {processor.py:154} INFO - Started process (PID=233) to work on /home/airflow/.local/lib/python3.7/site-packages/airflow/example_dags/example_branch_labels.py
[2024-01-30T18:50:26.209+0000] {processor.py:756} INFO - Processing file /home/airflow/.local/lib/python3.7/site-packages/airflow/example_dags/example_branch_labels.py for tasks to queue
[2024-01-30T18:50:26.211+0000] {logging_mixin.py:120} INFO - [2024-01-30T18:50:26.211+0000] {dagbag.py:537} INFO - Filling up the DagBag from /home/airflow/.local/lib/python3.7/site-packages/airflow/example_dags/example_branch_labels.py
[2024-01-30T18:50:26.237+0000] {processor.py:766} INFO - DAG(s) dict_keys(['example_branch_labels']) retrieved from /home/airflow/.local/lib/python3.7/site-packages/airflow/example_dags/example_branch_labels.py
[2024-01-30T18:50:26.299+0000] {logging_mixin.py:120} INFO - [2024-01-30T18:50:26.298+0000] {dag.py:2585} INFO - Sync 1 DAGs
[2024-01-30T18:50:26.335+0000] {logging_mixin.py:120} INFO - [2024-01-30T18:50:26.334+0000] {dag.py:3340} INFO - Setting next_dagrun for example_branch_labels to 2024-01-29T00:00:00+00:00, run_after=2024-01-30T00:00:00+00:00
[2024-01-30T18:50:26.358+0000] {processor.py:176} INFO - Processing /home/airflow/.local/lib/python3.7/site-packages/airflow/example_dags/example_branch_labels.py took 0.158 seconds
[2024-01-30T18:50:56.437+0000] {processor.py:154} INFO - Started process (PID=287) to work on /home/airflow/.local/lib/python3.7/site-packages/airflow/example_dags/example_branch_labels.py
[2024-01-30T18:50:56.438+0000] {processor.py:756} INFO - Processing file /home/airflow/.local/lib/python3.7/site-packages/airflow/example_dags/example_branch_labels.py for tasks to queue
[2024-01-30T18:50:56.439+0000] {logging_mixin.py:120} INFO - [2024-01-30T18:50:56.439+0000] {dagbag.py:537} INFO - Filling up the DagBag from /home/airflow/.local/lib/python3.7/site-packages/airflow/example_dags/example_branch_labels.py
[2024-01-30T18:50:56.460+0000] {processor.py:766} INFO - DAG(s) dict_keys(['example_branch_labels']) retrieved from /home/airflow/.local/lib/python3.7/site-packages/airflow/example_dags/example_branch_labels.py
[2024-01-30T18:50:56.511+0000] {logging_mixin.py:120} INFO - [2024-01-30T18:50:56.511+0000] {dag.py:2585} INFO - Sync 1 DAGs
[2024-01-30T18:50:56.546+0000] {logging_mixin.py:120} INFO - [2024-01-30T18:50:56.546+0000] {dag.py:3340} INFO - Setting next_dagrun for example_branch_labels to 2024-01-29T00:00:00+00:00, run_after=2024-01-30T00:00:00+00:00
[2024-01-30T18:50:56.569+0000] {processor.py:176} INFO - Processing /home/airflow/.local/lib/python3.7/site-packages/airflow/example_dags/example_branch_labels.py took 0.137 seconds
[2024-01-30T18:51:27.306+0000] {processor.py:154} INFO - Started process (PID=352) to work on /home/airflow/.local/lib/python3.7/site-packages/airflow/example_dags/example_branch_labels.py
[2024-01-30T18:51:27.308+0000] {processor.py:756} INFO - Processing file /home/airflow/.local/lib/python3.7/site-packages/airflow/example_dags/example_branch_labels.py for tasks to queue
[2024-01-30T18:51:27.309+0000] {logging_mixin.py:120} INFO - [2024-01-30T18:51:27.309+0000] {dagbag.py:537} INFO - Filling up the DagBag from /home/airflow/.local/lib/python3.7/site-packages/airflow/example_dags/example_branch_labels.py
[2024-01-30T18:51:27.333+0000] {processor.py:766} INFO - DAG(s) dict_keys(['example_branch_labels']) retrieved from /home/airflow/.local/lib/python3.7/site-packages/airflow/example_dags/example_branch_labels.py
[2024-01-30T18:51:27.391+0000] {logging_mixin.py:120} INFO - [2024-01-30T18:51:27.391+0000] {dag.py:2585} INFO - Sync 1 DAGs
[2024-01-30T18:51:27.425+0000] {logging_mixin.py:120} INFO - [2024-01-30T18:51:27.425+0000] {dag.py:3340} INFO - Setting next_dagrun for example_branch_labels to 2024-01-29T00:00:00+00:00, run_after=2024-01-30T00:00:00+00:00
[2024-01-30T18:51:27.454+0000] {processor.py:176} INFO - Processing /home/airflow/.local/lib/python3.7/site-packages/airflow/example_dags/example_branch_labels.py took 0.154 seconds
[2024-01-30T18:51:57.961+0000] {processor.py:154} INFO - Started process (PID=417) to work on /home/airflow/.local/lib/python3.7/site-packages/airflow/example_dags/example_branch_labels.py
[2024-01-30T18:51:57.963+0000] {processor.py:756} INFO - Processing file /home/airflow/.local/lib/python3.7/site-packages/airflow/example_dags/example_branch_labels.py for tasks to queue
[2024-01-30T18:51:57.964+0000] {logging_mixin.py:120} INFO - [2024-01-30T18:51:57.964+0000] {dagbag.py:537} INFO - Filling up the DagBag from /home/airflow/.local/lib/python3.7/site-packages/airflow/example_dags/example_branch_labels.py
[2024-01-30T18:51:57.987+0000] {processor.py:766} INFO - DAG(s) dict_keys(['example_branch_labels']) retrieved from /home/airflow/.local/lib/python3.7/site-packages/airflow/example_dags/example_branch_labels.py
[2024-01-30T18:51:58.043+0000] {logging_mixin.py:120} INFO - [2024-01-30T18:51:58.043+0000] {dag.py:2585} INFO - Sync 1 DAGs
[2024-01-30T18:51:58.076+0000] {logging_mixin.py:120} INFO - [2024-01-30T18:51:58.075+0000] {dag.py:3340} INFO - Setting next_dagrun for example_branch_labels to 2024-01-29T00:00:00+00:00, run_after=2024-01-30T00:00:00+00:00
[2024-01-30T18:51:58.099+0000] {processor.py:176} INFO - Processing /home/airflow/.local/lib/python3.7/site-packages/airflow/example_dags/example_branch_labels.py took 0.143 seconds
[2024-01-30T18:52:28.256+0000] {processor.py:154} INFO - Started process (PID=473) to work on /home/airflow/.local/lib/python3.7/site-packages/airflow/example_dags/example_branch_labels.py
[2024-01-30T18:52:28.257+0000] {processor.py:756} INFO - Processing file /home/airflow/.local/lib/python3.7/site-packages/airflow/example_dags/example_branch_labels.py for tasks to queue
[2024-01-30T18:52:28.258+0000] {logging_mixin.py:120} INFO - [2024-01-30T18:52:28.258+0000] {dagbag.py:537} INFO - Filling up the DagBag from /home/airflow/.local/lib/python3.7/site-packages/airflow/example_dags/example_branch_labels.py
[2024-01-30T18:52:28.277+0000] {processor.py:766} INFO - DAG(s) dict_keys(['example_branch_labels']) retrieved from /home/airflow/.local/lib/python3.7/site-packages/airflow/example_dags/example_branch_labels.py
[2024-01-30T18:52:28.331+0000] {logging_mixin.py:120} INFO - [2024-01-30T18:52:28.330+0000] {dag.py:2585} INFO - Sync 1 DAGs
[2024-01-30T18:52:28.362+0000] {logging_mixin.py:120} INFO - [2024-01-30T18:52:28.362+0000] {dag.py:3340} INFO - Setting next_dagrun for example_branch_labels to 2024-01-29T00:00:00+00:00, run_after=2024-01-30T00:00:00+00:00
[2024-01-30T18:52:28.386+0000] {processor.py:176} INFO - Processing /home/airflow/.local/lib/python3.7/site-packages/airflow/example_dags/example_branch_labels.py took 0.135 seconds
[2024-01-30T18:52:58.744+0000] {processor.py:154} INFO - Started process (PID=537) to work on /home/airflow/.local/lib/python3.7/site-packages/airflow/example_dags/example_branch_labels.py
[2024-01-30T18:52:58.745+0000] {processor.py:756} INFO - Processing file /home/airflow/.local/lib/python3.7/site-packages/airflow/example_dags/example_branch_labels.py for tasks to queue
[2024-01-30T18:52:58.746+0000] {logging_mixin.py:120} INFO - [2024-01-30T18:52:58.746+0000] {dagbag.py:537} INFO - Filling up the DagBag from /home/airflow/.local/lib/python3.7/site-packages/airflow/example_dags/example_branch_labels.py
[2024-01-30T18:52:58.766+0000] {processor.py:766} INFO - DAG(s) dict_keys(['example_branch_labels']) retrieved from /home/airflow/.local/lib/python3.7/site-packages/airflow/example_dags/example_branch_labels.py
[2024-01-30T18:52:58.818+0000] {logging_mixin.py:120} INFO - [2024-01-30T18:52:58.818+0000] {dag.py:2585} INFO - Sync 1 DAGs
[2024-01-30T18:52:58.855+0000] {logging_mixin.py:120} INFO - [2024-01-30T18:52:58.855+0000] {dag.py:3340} INFO - Setting next_dagrun for example_branch_labels to 2024-01-29T00:00:00+00:00, run_after=2024-01-30T00:00:00+00:00
[2024-01-30T18:52:58.880+0000] {processor.py:176} INFO - Processing /home/airflow/.local/lib/python3.7/site-packages/airflow/example_dags/example_branch_labels.py took 0.139 seconds
[2024-01-30T18:53:29.723+0000] {processor.py:154} INFO - Started process (PID=611) to work on /home/airflow/.local/lib/python3.7/site-packages/airflow/example_dags/example_branch_labels.py
[2024-01-30T18:53:29.725+0000] {processor.py:756} INFO - Processing file /home/airflow/.local/lib/python3.7/site-packages/airflow/example_dags/example_branch_labels.py for tasks to queue
[2024-01-30T18:53:29.726+0000] {logging_mixin.py:120} INFO - [2024-01-30T18:53:29.726+0000] {dagbag.py:537} INFO - Filling up the DagBag from /home/airflow/.local/lib/python3.7/site-packages/airflow/example_dags/example_branch_labels.py
[2024-01-30T18:53:29.744+0000] {processor.py:766} INFO - DAG(s) dict_keys(['example_branch_labels']) retrieved from /home/airflow/.local/lib/python3.7/site-packages/airflow/example_dags/example_branch_labels.py
[2024-01-30T18:53:29.792+0000] {logging_mixin.py:120} INFO - [2024-01-30T18:53:29.792+0000] {dag.py:2585} INFO - Sync 1 DAGs
[2024-01-30T18:53:29.824+0000] {logging_mixin.py:120} INFO - [2024-01-30T18:53:29.824+0000] {dag.py:3340} INFO - Setting next_dagrun for example_branch_labels to 2024-01-29T00:00:00+00:00, run_after=2024-01-30T00:00:00+00:00
[2024-01-30T18:53:29.849+0000] {processor.py:176} INFO - Processing /home/airflow/.local/lib/python3.7/site-packages/airflow/example_dags/example_branch_labels.py took 0.129 seconds
[2024-01-30T18:54:00.292+0000] {processor.py:154} INFO - Started process (PID=666) to work on /home/airflow/.local/lib/python3.7/site-packages/airflow/example_dags/example_branch_labels.py
[2024-01-30T18:54:00.294+0000] {processor.py:756} INFO - Processing file /home/airflow/.local/lib/python3.7/site-packages/airflow/example_dags/example_branch_labels.py for tasks to queue
[2024-01-30T18:54:00.295+0000] {logging_mixin.py:120} INFO - [2024-01-30T18:54:00.295+0000] {dagbag.py:537} INFO - Filling up the DagBag from /home/airflow/.local/lib/python3.7/site-packages/airflow/example_dags/example_branch_labels.py
[2024-01-30T18:54:00.328+0000] {processor.py:766} INFO - DAG(s) dict_keys(['example_branch_labels']) retrieved from /home/airflow/.local/lib/python3.7/site-packages/airflow/example_dags/example_branch_labels.py
[2024-01-30T18:54:00.405+0000] {logging_mixin.py:120} INFO - [2024-01-30T18:54:00.405+0000] {dag.py:2585} INFO - Sync 1 DAGs
[2024-01-30T18:54:00.491+0000] {logging_mixin.py:120} INFO - [2024-01-30T18:54:00.490+0000] {dag.py:3340} INFO - Setting next_dagrun for example_branch_labels to 2024-01-29T00:00:00+00:00, run_after=2024-01-30T00:00:00+00:00
[2024-01-30T18:54:00.539+0000] {processor.py:176} INFO - Processing /home/airflow/.local/lib/python3.7/site-packages/airflow/example_dags/example_branch_labels.py took 0.254 seconds
[2024-01-30T18:54:31.548+0000] {processor.py:154} INFO - Started process (PID=730) to work on /home/airflow/.local/lib/python3.7/site-packages/airflow/example_dags/example_branch_labels.py
[2024-01-30T18:54:31.550+0000] {processor.py:756} INFO - Processing file /home/airflow/.local/lib/python3.7/site-packages/airflow/example_dags/example_branch_labels.py for tasks to queue
[2024-01-30T18:54:31.551+0000] {logging_mixin.py:120} INFO - [2024-01-30T18:54:31.551+0000] {dagbag.py:537} INFO - Filling up the DagBag from /home/airflow/.local/lib/python3.7/site-packages/airflow/example_dags/example_branch_labels.py
[2024-01-30T18:54:31.575+0000] {processor.py:766} INFO - DAG(s) dict_keys(['example_branch_labels']) retrieved from /home/airflow/.local/lib/python3.7/site-packages/airflow/example_dags/example_branch_labels.py
[2024-01-30T18:54:31.654+0000] {logging_mixin.py:120} INFO - [2024-01-30T18:54:31.654+0000] {dag.py:2585} INFO - Sync 1 DAGs
[2024-01-30T18:54:31.702+0000] {logging_mixin.py:120} INFO - [2024-01-30T18:54:31.702+0000] {dag.py:3340} INFO - Setting next_dagrun for example_branch_labels to 2024-01-29T00:00:00+00:00, run_after=2024-01-30T00:00:00+00:00
[2024-01-30T18:54:31.741+0000] {processor.py:176} INFO - Processing /home/airflow/.local/lib/python3.7/site-packages/airflow/example_dags/example_branch_labels.py took 0.197 seconds
[2024-01-30T18:55:01.893+0000] {processor.py:154} INFO - Started process (PID=794) to work on /home/airflow/.local/lib/python3.7/site-packages/airflow/example_dags/example_branch_labels.py
[2024-01-30T18:55:01.895+0000] {processor.py:756} INFO - Processing file /home/airflow/.local/lib/python3.7/site-packages/airflow/example_dags/example_branch_labels.py for tasks to queue
[2024-01-30T18:55:01.896+0000] {logging_mixin.py:120} INFO - [2024-01-30T18:55:01.896+0000] {dagbag.py:537} INFO - Filling up the DagBag from /home/airflow/.local/lib/python3.7/site-packages/airflow/example_dags/example_branch_labels.py
[2024-01-30T18:55:01.922+0000] {processor.py:766} INFO - DAG(s) dict_keys(['example_branch_labels']) retrieved from /home/airflow/.local/lib/python3.7/site-packages/airflow/example_dags/example_branch_labels.py
[2024-01-30T18:55:01.999+0000] {logging_mixin.py:120} INFO - [2024-01-30T18:55:01.999+0000] {dag.py:2585} INFO - Sync 1 DAGs
[2024-01-30T18:55:02.049+0000] {logging_mixin.py:120} INFO - [2024-01-30T18:55:02.048+0000] {dag.py:3340} INFO - Setting next_dagrun for example_branch_labels to 2024-01-29T00:00:00+00:00, run_after=2024-01-30T00:00:00+00:00
[2024-01-30T18:55:02.088+0000] {processor.py:176} INFO - Processing /home/airflow/.local/lib/python3.7/site-packages/airflow/example_dags/example_branch_labels.py took 0.201 seconds
[2024-01-30T18:55:32.639+0000] {processor.py:154} INFO - Started process (PID=849) to work on /home/airflow/.local/lib/python3.7/site-packages/airflow/example_dags/example_branch_labels.py
[2024-01-30T18:55:32.641+0000] {processor.py:756} INFO - Processing file /home/airflow/.local/lib/python3.7/site-packages/airflow/example_dags/example_branch_labels.py for tasks to queue
[2024-01-30T18:55:32.642+0000] {logging_mixin.py:120} INFO - [2024-01-30T18:55:32.642+0000] {dagbag.py:537} INFO - Filling up the DagBag from /home/airflow/.local/lib/python3.7/site-packages/airflow/example_dags/example_branch_labels.py
[2024-01-30T18:55:32.666+0000] {processor.py:766} INFO - DAG(s) dict_keys(['example_branch_labels']) retrieved from /home/airflow/.local/lib/python3.7/site-packages/airflow/example_dags/example_branch_labels.py
[2024-01-30T18:55:32.729+0000] {logging_mixin.py:120} INFO - [2024-01-30T18:55:32.729+0000] {dag.py:2585} INFO - Sync 1 DAGs
[2024-01-30T18:55:32.770+0000] {logging_mixin.py:120} INFO - [2024-01-30T18:55:32.769+0000] {dag.py:3340} INFO - Setting next_dagrun for example_branch_labels to 2024-01-29T00:00:00+00:00, run_after=2024-01-30T00:00:00+00:00
[2024-01-30T18:55:32.800+0000] {processor.py:176} INFO - Processing /home/airflow/.local/lib/python3.7/site-packages/airflow/example_dags/example_branch_labels.py took 0.166 seconds
[2024-01-30T18:56:03.148+0000] {processor.py:154} INFO - Started process (PID=912) to work on /home/airflow/.local/lib/python3.7/site-packages/airflow/example_dags/example_branch_labels.py
[2024-01-30T18:56:03.149+0000] {processor.py:756} INFO - Processing file /home/airflow/.local/lib/python3.7/site-packages/airflow/example_dags/example_branch_labels.py for tasks to queue
[2024-01-30T18:56:03.151+0000] {logging_mixin.py:120} INFO - [2024-01-30T18:56:03.150+0000] {dagbag.py:537} INFO - Filling up the DagBag from /home/airflow/.local/lib/python3.7/site-packages/airflow/example_dags/example_branch_labels.py
[2024-01-30T18:56:03.174+0000] {processor.py:766} INFO - DAG(s) dict_keys(['example_branch_labels']) retrieved from /home/airflow/.local/lib/python3.7/site-packages/airflow/example_dags/example_branch_labels.py
[2024-01-30T18:56:03.229+0000] {logging_mixin.py:120} INFO - [2024-01-30T18:56:03.229+0000] {dag.py:2585} INFO - Sync 1 DAGs
[2024-01-30T18:56:03.267+0000] {logging_mixin.py:120} INFO - [2024-01-30T18:56:03.267+0000] {dag.py:3340} INFO - Setting next_dagrun for example_branch_labels to 2024-01-29T00:00:00+00:00, run_after=2024-01-30T00:00:00+00:00
[2024-01-30T18:56:03.297+0000] {processor.py:176} INFO - Processing /home/airflow/.local/lib/python3.7/site-packages/airflow/example_dags/example_branch_labels.py took 0.154 seconds
[2024-01-30T18:56:33.418+0000] {processor.py:154} INFO - Started process (PID=967) to work on /home/airflow/.local/lib/python3.7/site-packages/airflow/example_dags/example_branch_labels.py
[2024-01-30T18:56:33.419+0000] {processor.py:756} INFO - Processing file /home/airflow/.local/lib/python3.7/site-packages/airflow/example_dags/example_branch_labels.py for tasks to queue
[2024-01-30T18:56:33.420+0000] {logging_mixin.py:120} INFO - [2024-01-30T18:56:33.420+0000] {dagbag.py:537} INFO - Filling up the DagBag from /home/airflow/.local/lib/python3.7/site-packages/airflow/example_dags/example_branch_labels.py
[2024-01-30T18:56:33.443+0000] {processor.py:766} INFO - DAG(s) dict_keys(['example_branch_labels']) retrieved from /home/airflow/.local/lib/python3.7/site-packages/airflow/example_dags/example_branch_labels.py
[2024-01-30T18:56:33.497+0000] {logging_mixin.py:120} INFO - [2024-01-30T18:56:33.497+0000] {dag.py:2585} INFO - Sync 1 DAGs
[2024-01-30T18:56:33.543+0000] {logging_mixin.py:120} INFO - [2024-01-30T18:56:33.543+0000] {dag.py:3340} INFO - Setting next_dagrun for example_branch_labels to 2024-01-29T00:00:00+00:00, run_after=2024-01-30T00:00:00+00:00
[2024-01-30T18:56:33.570+0000] {processor.py:176} INFO - Processing /home/airflow/.local/lib/python3.7/site-packages/airflow/example_dags/example_branch_labels.py took 0.156 seconds
[2024-01-30T18:57:04.147+0000] {processor.py:154} INFO - Started process (PID=1031) to work on /home/airflow/.local/lib/python3.7/site-packages/airflow/example_dags/example_branch_labels.py
[2024-01-30T18:57:04.150+0000] {processor.py:756} INFO - Processing file /home/airflow/.local/lib/python3.7/site-packages/airflow/example_dags/example_branch_labels.py for tasks to queue
[2024-01-30T18:57:04.151+0000] {logging_mixin.py:120} INFO - [2024-01-30T18:57:04.151+0000] {dagbag.py:537} INFO - Filling up the DagBag from /home/airflow/.local/lib/python3.7/site-packages/airflow/example_dags/example_branch_labels.py
[2024-01-30T18:57:04.177+0000] {processor.py:766} INFO - DAG(s) dict_keys(['example_branch_labels']) retrieved from /home/airflow/.local/lib/python3.7/site-packages/airflow/example_dags/example_branch_labels.py
[2024-01-30T18:57:04.242+0000] {logging_mixin.py:120} INFO - [2024-01-30T18:57:04.241+0000] {dag.py:2585} INFO - Sync 1 DAGs
[2024-01-30T18:57:04.281+0000] {logging_mixin.py:120} INFO - [2024-01-30T18:57:04.281+0000] {dag.py:3340} INFO - Setting next_dagrun for example_branch_labels to 2024-01-29T00:00:00+00:00, run_after=2024-01-30T00:00:00+00:00
[2024-01-30T18:57:04.308+0000] {processor.py:176} INFO - Processing /home/airflow/.local/lib/python3.7/site-packages/airflow/example_dags/example_branch_labels.py took 0.167 seconds
[2024-01-30T18:57:34.557+0000] {processor.py:154} INFO - Started process (PID=1095) to work on /home/airflow/.local/lib/python3.7/site-packages/airflow/example_dags/example_branch_labels.py
[2024-01-30T18:57:34.559+0000] {processor.py:756} INFO - Processing file /home/airflow/.local/lib/python3.7/site-packages/airflow/example_dags/example_branch_labels.py for tasks to queue
[2024-01-30T18:57:34.560+0000] {logging_mixin.py:120} INFO - [2024-01-30T18:57:34.560+0000] {dagbag.py:537} INFO - Filling up the DagBag from /home/airflow/.local/lib/python3.7/site-packages/airflow/example_dags/example_branch_labels.py
[2024-01-30T18:57:34.592+0000] {processor.py:766} INFO - DAG(s) dict_keys(['example_branch_labels']) retrieved from /home/airflow/.local/lib/python3.7/site-packages/airflow/example_dags/example_branch_labels.py
[2024-01-30T18:57:34.666+0000] {logging_mixin.py:120} INFO - [2024-01-30T18:57:34.665+0000] {dag.py:2585} INFO - Sync 1 DAGs
[2024-01-30T18:57:34.704+0000] {logging_mixin.py:120} INFO - [2024-01-30T18:57:34.704+0000] {dag.py:3340} INFO - Setting next_dagrun for example_branch_labels to 2024-01-29T00:00:00+00:00, run_after=2024-01-30T00:00:00+00:00
[2024-01-30T18:57:34.731+0000] {processor.py:176} INFO - Processing /home/airflow/.local/lib/python3.7/site-packages/airflow/example_dags/example_branch_labels.py took 0.180 seconds
[2024-01-30T18:58:05.211+0000] {processor.py:154} INFO - Started process (PID=1150) to work on /home/airflow/.local/lib/python3.7/site-packages/airflow/example_dags/example_branch_labels.py
[2024-01-30T18:58:05.221+0000] {processor.py:756} INFO - Processing file /home/airflow/.local/lib/python3.7/site-packages/airflow/example_dags/example_branch_labels.py for tasks to queue
[2024-01-30T18:58:05.223+0000] {logging_mixin.py:120} INFO - [2024-01-30T18:58:05.222+0000] {dagbag.py:537} INFO - Filling up the DagBag from /home/airflow/.local/lib/python3.7/site-packages/airflow/example_dags/example_branch_labels.py
[2024-01-30T18:58:05.251+0000] {processor.py:766} INFO - DAG(s) dict_keys(['example_branch_labels']) retrieved from /home/airflow/.local/lib/python3.7/site-packages/airflow/example_dags/example_branch_labels.py
[2024-01-30T18:58:05.321+0000] {logging_mixin.py:120} INFO - [2024-01-30T18:58:05.321+0000] {dag.py:2585} INFO - Sync 1 DAGs
[2024-01-30T18:58:05.366+0000] {logging_mixin.py:120} INFO - [2024-01-30T18:58:05.366+0000] {dag.py:3340} INFO - Setting next_dagrun for example_branch_labels to 2024-01-29T00:00:00+00:00, run_after=2024-01-30T00:00:00+00:00
[2024-01-30T18:58:05.403+0000] {processor.py:176} INFO - Processing /home/airflow/.local/lib/python3.7/site-packages/airflow/example_dags/example_branch_labels.py took 0.197 seconds
[2024-01-30T18:58:35.610+0000] {processor.py:154} INFO - Started process (PID=1214) to work on /home/airflow/.local/lib/python3.7/site-packages/airflow/example_dags/example_branch_labels.py
[2024-01-30T18:58:35.611+0000] {processor.py:756} INFO - Processing file /home/airflow/.local/lib/python3.7/site-packages/airflow/example_dags/example_branch_labels.py for tasks to queue
[2024-01-30T18:58:35.614+0000] {logging_mixin.py:120} INFO - [2024-01-30T18:58:35.613+0000] {dagbag.py:537} INFO - Filling up the DagBag from /home/airflow/.local/lib/python3.7/site-packages/airflow/example_dags/example_branch_labels.py
[2024-01-30T18:58:35.636+0000] {processor.py:766} INFO - DAG(s) dict_keys(['example_branch_labels']) retrieved from /home/airflow/.local/lib/python3.7/site-packages/airflow/example_dags/example_branch_labels.py
[2024-01-30T18:58:35.695+0000] {logging_mixin.py:120} INFO - [2024-01-30T18:58:35.695+0000] {dag.py:2585} INFO - Sync 1 DAGs
[2024-01-30T18:58:35.733+0000] {logging_mixin.py:120} INFO - [2024-01-30T18:58:35.733+0000] {dag.py:3340} INFO - Setting next_dagrun for example_branch_labels to 2024-01-29T00:00:00+00:00, run_after=2024-01-30T00:00:00+00:00
[2024-01-30T18:58:35.761+0000] {processor.py:176} INFO - Processing /home/airflow/.local/lib/python3.7/site-packages/airflow/example_dags/example_branch_labels.py took 0.156 seconds
[2024-01-30T18:59:06.513+0000] {processor.py:154} INFO - Started process (PID=1269) to work on /home/airflow/.local/lib/python3.7/site-packages/airflow/example_dags/example_branch_labels.py
[2024-01-30T18:59:06.514+0000] {processor.py:756} INFO - Processing file /home/airflow/.local/lib/python3.7/site-packages/airflow/example_dags/example_branch_labels.py for tasks to queue
[2024-01-30T18:59:06.516+0000] {logging_mixin.py:120} INFO - [2024-01-30T18:59:06.516+0000] {dagbag.py:537} INFO - Filling up the DagBag from /home/airflow/.local/lib/python3.7/site-packages/airflow/example_dags/example_branch_labels.py
[2024-01-30T18:59:06.541+0000] {processor.py:766} INFO - DAG(s) dict_keys(['example_branch_labels']) retrieved from /home/airflow/.local/lib/python3.7/site-packages/airflow/example_dags/example_branch_labels.py
[2024-01-30T18:59:06.652+0000] {logging_mixin.py:120} INFO - [2024-01-30T18:59:06.651+0000] {dag.py:2585} INFO - Sync 1 DAGs
[2024-01-30T18:59:06.698+0000] {logging_mixin.py:120} INFO - [2024-01-30T18:59:06.697+0000] {dag.py:3340} INFO - Setting next_dagrun for example_branch_labels to 2024-01-29T00:00:00+00:00, run_after=2024-01-30T00:00:00+00:00
[2024-01-30T18:59:06.728+0000] {processor.py:176} INFO - Processing /home/airflow/.local/lib/python3.7/site-packages/airflow/example_dags/example_branch_labels.py took 0.221 seconds
[2024-01-30T18:59:36.959+0000] {processor.py:154} INFO - Started process (PID=1333) to work on /home/airflow/.local/lib/python3.7/site-packages/airflow/example_dags/example_branch_labels.py
[2024-01-30T18:59:36.961+0000] {processor.py:756} INFO - Processing file /home/airflow/.local/lib/python3.7/site-packages/airflow/example_dags/example_branch_labels.py for tasks to queue
[2024-01-30T18:59:36.962+0000] {logging_mixin.py:120} INFO - [2024-01-30T18:59:36.962+0000] {dagbag.py:537} INFO - Filling up the DagBag from /home/airflow/.local/lib/python3.7/site-packages/airflow/example_dags/example_branch_labels.py
[2024-01-30T18:59:36.987+0000] {processor.py:766} INFO - DAG(s) dict_keys(['example_branch_labels']) retrieved from /home/airflow/.local/lib/python3.7/site-packages/airflow/example_dags/example_branch_labels.py
[2024-01-30T18:59:37.052+0000] {logging_mixin.py:120} INFO - [2024-01-30T18:59:37.052+0000] {dag.py:2585} INFO - Sync 1 DAGs
[2024-01-30T18:59:37.097+0000] {logging_mixin.py:120} INFO - [2024-01-30T18:59:37.097+0000] {dag.py:3340} INFO - Setting next_dagrun for example_branch_labels to 2024-01-29T00:00:00+00:00, run_after=2024-01-30T00:00:00+00:00
[2024-01-30T18:59:37.129+0000] {processor.py:176} INFO - Processing /home/airflow/.local/lib/python3.7/site-packages/airflow/example_dags/example_branch_labels.py took 0.176 seconds
[2024-01-30T19:00:07.427+0000] {processor.py:154} INFO - Started process (PID=1397) to work on /home/airflow/.local/lib/python3.7/site-packages/airflow/example_dags/example_branch_labels.py
[2024-01-30T19:00:07.428+0000] {processor.py:756} INFO - Processing file /home/airflow/.local/lib/python3.7/site-packages/airflow/example_dags/example_branch_labels.py for tasks to queue
[2024-01-30T19:00:07.430+0000] {logging_mixin.py:120} INFO - [2024-01-30T19:00:07.430+0000] {dagbag.py:537} INFO - Filling up the DagBag from /home/airflow/.local/lib/python3.7/site-packages/airflow/example_dags/example_branch_labels.py
[2024-01-30T19:00:07.455+0000] {processor.py:766} INFO - DAG(s) dict_keys(['example_branch_labels']) retrieved from /home/airflow/.local/lib/python3.7/site-packages/airflow/example_dags/example_branch_labels.py
[2024-01-30T19:00:07.533+0000] {logging_mixin.py:120} INFO - [2024-01-30T19:00:07.532+0000] {dag.py:2585} INFO - Sync 1 DAGs
[2024-01-30T19:00:07.593+0000] {logging_mixin.py:120} INFO - [2024-01-30T19:00:07.592+0000] {dag.py:3340} INFO - Setting next_dagrun for example_branch_labels to 2024-01-29T00:00:00+00:00, run_after=2024-01-30T00:00:00+00:00
[2024-01-30T19:00:07.635+0000] {processor.py:176} INFO - Processing /home/airflow/.local/lib/python3.7/site-packages/airflow/example_dags/example_branch_labels.py took 0.214 seconds
[2024-01-30T19:00:37.948+0000] {processor.py:154} INFO - Started process (PID=1452) to work on /home/airflow/.local/lib/python3.7/site-packages/airflow/example_dags/example_branch_labels.py
[2024-01-30T19:00:37.949+0000] {processor.py:756} INFO - Processing file /home/airflow/.local/lib/python3.7/site-packages/airflow/example_dags/example_branch_labels.py for tasks to queue
[2024-01-30T19:00:37.951+0000] {logging_mixin.py:120} INFO - [2024-01-30T19:00:37.951+0000] {dagbag.py:537} INFO - Filling up the DagBag from /home/airflow/.local/lib/python3.7/site-packages/airflow/example_dags/example_branch_labels.py
[2024-01-30T19:00:37.977+0000] {processor.py:766} INFO - DAG(s) dict_keys(['example_branch_labels']) retrieved from /home/airflow/.local/lib/python3.7/site-packages/airflow/example_dags/example_branch_labels.py
[2024-01-30T19:00:38.041+0000] {logging_mixin.py:120} INFO - [2024-01-30T19:00:38.040+0000] {dag.py:2585} INFO - Sync 1 DAGs
[2024-01-30T19:00:38.081+0000] {logging_mixin.py:120} INFO - [2024-01-30T19:00:38.081+0000] {dag.py:3340} INFO - Setting next_dagrun for example_branch_labels to 2024-01-29T00:00:00+00:00, run_after=2024-01-30T00:00:00+00:00
[2024-01-30T19:00:38.111+0000] {processor.py:176} INFO - Processing /home/airflow/.local/lib/python3.7/site-packages/airflow/example_dags/example_branch_labels.py took 0.168 seconds
[2024-01-30T19:01:08.546+0000] {processor.py:154} INFO - Started process (PID=1517) to work on /home/airflow/.local/lib/python3.7/site-packages/airflow/example_dags/example_branch_labels.py
[2024-01-30T19:01:08.548+0000] {processor.py:756} INFO - Processing file /home/airflow/.local/lib/python3.7/site-packages/airflow/example_dags/example_branch_labels.py for tasks to queue
[2024-01-30T19:01:08.549+0000] {logging_mixin.py:120} INFO - [2024-01-30T19:01:08.549+0000] {dagbag.py:537} INFO - Filling up the DagBag from /home/airflow/.local/lib/python3.7/site-packages/airflow/example_dags/example_branch_labels.py
[2024-01-30T19:01:08.575+0000] {processor.py:766} INFO - DAG(s) dict_keys(['example_branch_labels']) retrieved from /home/airflow/.local/lib/python3.7/site-packages/airflow/example_dags/example_branch_labels.py
[2024-01-30T19:01:08.640+0000] {logging_mixin.py:120} INFO - [2024-01-30T19:01:08.640+0000] {dag.py:2585} INFO - Sync 1 DAGs
[2024-01-30T19:01:08.682+0000] {logging_mixin.py:120} INFO - [2024-01-30T19:01:08.681+0000] {dag.py:3340} INFO - Setting next_dagrun for example_branch_labels to 2024-01-29T00:00:00+00:00, run_after=2024-01-30T00:00:00+00:00
[2024-01-30T19:01:08.714+0000] {processor.py:176} INFO - Processing /home/airflow/.local/lib/python3.7/site-packages/airflow/example_dags/example_branch_labels.py took 0.173 seconds
[2024-01-30T19:01:38.999+0000] {processor.py:154} INFO - Started process (PID=1572) to work on /home/airflow/.local/lib/python3.7/site-packages/airflow/example_dags/example_branch_labels.py
[2024-01-30T19:01:39.001+0000] {processor.py:756} INFO - Processing file /home/airflow/.local/lib/python3.7/site-packages/airflow/example_dags/example_branch_labels.py for tasks to queue
[2024-01-30T19:01:39.002+0000] {logging_mixin.py:120} INFO - [2024-01-30T19:01:39.002+0000] {dagbag.py:537} INFO - Filling up the DagBag from /home/airflow/.local/lib/python3.7/site-packages/airflow/example_dags/example_branch_labels.py
[2024-01-30T19:01:39.027+0000] {processor.py:766} INFO - DAG(s) dict_keys(['example_branch_labels']) retrieved from /home/airflow/.local/lib/python3.7/site-packages/airflow/example_dags/example_branch_labels.py
[2024-01-30T19:01:39.087+0000] {logging_mixin.py:120} INFO - [2024-01-30T19:01:39.087+0000] {dag.py:2585} INFO - Sync 1 DAGs
[2024-01-30T19:01:39.125+0000] {logging_mixin.py:120} INFO - [2024-01-30T19:01:39.125+0000] {dag.py:3340} INFO - Setting next_dagrun for example_branch_labels to 2024-01-29T00:00:00+00:00, run_after=2024-01-30T00:00:00+00:00
[2024-01-30T19:01:39.156+0000] {processor.py:176} INFO - Processing /home/airflow/.local/lib/python3.7/site-packages/airflow/example_dags/example_branch_labels.py took 0.162 seconds
[2024-01-30T19:02:09.818+0000] {processor.py:154} INFO - Started process (PID=1636) to work on /home/airflow/.local/lib/python3.7/site-packages/airflow/example_dags/example_branch_labels.py
[2024-01-30T19:02:09.820+0000] {processor.py:756} INFO - Processing file /home/airflow/.local/lib/python3.7/site-packages/airflow/example_dags/example_branch_labels.py for tasks to queue
[2024-01-30T19:02:09.821+0000] {logging_mixin.py:120} INFO - [2024-01-30T19:02:09.821+0000] {dagbag.py:537} INFO - Filling up the DagBag from /home/airflow/.local/lib/python3.7/site-packages/airflow/example_dags/example_branch_labels.py
[2024-01-30T19:02:09.847+0000] {processor.py:766} INFO - DAG(s) dict_keys(['example_branch_labels']) retrieved from /home/airflow/.local/lib/python3.7/site-packages/airflow/example_dags/example_branch_labels.py
[2024-01-30T19:02:09.911+0000] {logging_mixin.py:120} INFO - [2024-01-30T19:02:09.911+0000] {dag.py:2585} INFO - Sync 1 DAGs
[2024-01-30T19:02:09.955+0000] {logging_mixin.py:120} INFO - [2024-01-30T19:02:09.955+0000] {dag.py:3340} INFO - Setting next_dagrun for example_branch_labels to 2024-01-29T00:00:00+00:00, run_after=2024-01-30T00:00:00+00:00
[2024-01-30T19:02:09.988+0000] {processor.py:176} INFO - Processing /home/airflow/.local/lib/python3.7/site-packages/airflow/example_dags/example_branch_labels.py took 0.175 seconds
[2024-01-30T19:02:40.021+0000] {processor.py:154} INFO - Started process (PID=1701) to work on /home/airflow/.local/lib/python3.7/site-packages/airflow/example_dags/example_branch_labels.py
[2024-01-30T19:02:40.022+0000] {processor.py:756} INFO - Processing file /home/airflow/.local/lib/python3.7/site-packages/airflow/example_dags/example_branch_labels.py for tasks to queue
[2024-01-30T19:02:40.024+0000] {logging_mixin.py:120} INFO - [2024-01-30T19:02:40.023+0000] {dagbag.py:537} INFO - Filling up the DagBag from /home/airflow/.local/lib/python3.7/site-packages/airflow/example_dags/example_branch_labels.py
[2024-01-30T19:02:40.041+0000] {processor.py:766} INFO - DAG(s) dict_keys(['example_branch_labels']) retrieved from /home/airflow/.local/lib/python3.7/site-packages/airflow/example_dags/example_branch_labels.py
[2024-01-30T19:02:40.096+0000] {logging_mixin.py:120} INFO - [2024-01-30T19:02:40.095+0000] {dag.py:2585} INFO - Sync 1 DAGs
[2024-01-30T19:02:40.134+0000] {logging_mixin.py:120} INFO - [2024-01-30T19:02:40.134+0000] {dag.py:3340} INFO - Setting next_dagrun for example_branch_labels to 2024-01-29T00:00:00+00:00, run_after=2024-01-30T00:00:00+00:00
[2024-01-30T19:02:40.157+0000] {processor.py:176} INFO - Processing /home/airflow/.local/lib/python3.7/site-packages/airflow/example_dags/example_branch_labels.py took 0.140 seconds
[2024-01-30T19:03:10.188+0000] {processor.py:154} INFO - Started process (PID=1756) to work on /home/airflow/.local/lib/python3.7/site-packages/airflow/example_dags/example_branch_labels.py
[2024-01-30T19:03:10.189+0000] {processor.py:756} INFO - Processing file /home/airflow/.local/lib/python3.7/site-packages/airflow/example_dags/example_branch_labels.py for tasks to queue
[2024-01-30T19:03:10.191+0000] {logging_mixin.py:120} INFO - [2024-01-30T19:03:10.191+0000] {dagbag.py:537} INFO - Filling up the DagBag from /home/airflow/.local/lib/python3.7/site-packages/airflow/example_dags/example_branch_labels.py
[2024-01-30T19:03:10.219+0000] {processor.py:766} INFO - DAG(s) dict_keys(['example_branch_labels']) retrieved from /home/airflow/.local/lib/python3.7/site-packages/airflow/example_dags/example_branch_labels.py
[2024-01-30T19:03:10.293+0000] {logging_mixin.py:120} INFO - [2024-01-30T19:03:10.293+0000] {dag.py:2585} INFO - Sync 1 DAGs
[2024-01-30T19:03:10.342+0000] {logging_mixin.py:120} INFO - [2024-01-30T19:03:10.342+0000] {dag.py:3340} INFO - Setting next_dagrun for example_branch_labels to 2024-01-29T00:00:00+00:00, run_after=2024-01-30T00:00:00+00:00
[2024-01-30T19:03:10.376+0000] {processor.py:176} INFO - Processing /home/airflow/.local/lib/python3.7/site-packages/airflow/example_dags/example_branch_labels.py took 0.195 seconds
[2024-01-30T19:03:40.630+0000] {processor.py:154} INFO - Started process (PID=1820) to work on /home/airflow/.local/lib/python3.7/site-packages/airflow/example_dags/example_branch_labels.py
[2024-01-30T19:03:40.632+0000] {processor.py:756} INFO - Processing file /home/airflow/.local/lib/python3.7/site-packages/airflow/example_dags/example_branch_labels.py for tasks to queue
[2024-01-30T19:03:40.636+0000] {logging_mixin.py:120} INFO - [2024-01-30T19:03:40.635+0000] {dagbag.py:537} INFO - Filling up the DagBag from /home/airflow/.local/lib/python3.7/site-packages/airflow/example_dags/example_branch_labels.py
[2024-01-30T19:03:40.712+0000] {processor.py:766} INFO - DAG(s) dict_keys(['example_branch_labels']) retrieved from /home/airflow/.local/lib/python3.7/site-packages/airflow/example_dags/example_branch_labels.py
[2024-01-30T19:03:40.877+0000] {logging_mixin.py:120} INFO - [2024-01-30T19:03:40.876+0000] {dag.py:2585} INFO - Sync 1 DAGs
[2024-01-30T19:03:40.927+0000] {logging_mixin.py:120} INFO - [2024-01-30T19:03:40.927+0000] {dag.py:3340} INFO - Setting next_dagrun for example_branch_labels to 2024-01-29T00:00:00+00:00, run_after=2024-01-30T00:00:00+00:00
[2024-01-30T19:03:40.958+0000] {processor.py:176} INFO - Processing /home/airflow/.local/lib/python3.7/site-packages/airflow/example_dags/example_branch_labels.py took 0.339 seconds
[2024-01-30T19:04:11.597+0000] {processor.py:154} INFO - Started process (PID=1881) to work on /home/airflow/.local/lib/python3.7/site-packages/airflow/example_dags/example_branch_labels.py
[2024-01-30T19:04:11.599+0000] {processor.py:756} INFO - Processing file /home/airflow/.local/lib/python3.7/site-packages/airflow/example_dags/example_branch_labels.py for tasks to queue
[2024-01-30T19:04:11.600+0000] {logging_mixin.py:120} INFO - [2024-01-30T19:04:11.600+0000] {dagbag.py:537} INFO - Filling up the DagBag from /home/airflow/.local/lib/python3.7/site-packages/airflow/example_dags/example_branch_labels.py
[2024-01-30T19:04:11.622+0000] {processor.py:766} INFO - DAG(s) dict_keys(['example_branch_labels']) retrieved from /home/airflow/.local/lib/python3.7/site-packages/airflow/example_dags/example_branch_labels.py
[2024-01-30T19:04:11.678+0000] {logging_mixin.py:120} INFO - [2024-01-30T19:04:11.678+0000] {dag.py:2585} INFO - Sync 1 DAGs
[2024-01-30T19:04:11.709+0000] {logging_mixin.py:120} INFO - [2024-01-30T19:04:11.709+0000] {dag.py:3340} INFO - Setting next_dagrun for example_branch_labels to 2024-01-29T00:00:00+00:00, run_after=2024-01-30T00:00:00+00:00
[2024-01-30T19:04:11.736+0000] {processor.py:176} INFO - Processing /home/airflow/.local/lib/python3.7/site-packages/airflow/example_dags/example_branch_labels.py took 0.143 seconds
[2024-01-30T19:04:42.022+0000] {processor.py:154} INFO - Started process (PID=1938) to work on /home/airflow/.local/lib/python3.7/site-packages/airflow/example_dags/example_branch_labels.py
[2024-01-30T19:04:42.023+0000] {processor.py:756} INFO - Processing file /home/airflow/.local/lib/python3.7/site-packages/airflow/example_dags/example_branch_labels.py for tasks to queue
[2024-01-30T19:04:42.024+0000] {logging_mixin.py:120} INFO - [2024-01-30T19:04:42.024+0000] {dagbag.py:537} INFO - Filling up the DagBag from /home/airflow/.local/lib/python3.7/site-packages/airflow/example_dags/example_branch_labels.py
[2024-01-30T19:04:42.043+0000] {processor.py:766} INFO - DAG(s) dict_keys(['example_branch_labels']) retrieved from /home/airflow/.local/lib/python3.7/site-packages/airflow/example_dags/example_branch_labels.py
[2024-01-30T19:04:42.094+0000] {logging_mixin.py:120} INFO - [2024-01-30T19:04:42.094+0000] {dag.py:2585} INFO - Sync 1 DAGs
[2024-01-30T19:04:42.127+0000] {logging_mixin.py:120} INFO - [2024-01-30T19:04:42.127+0000] {dag.py:3340} INFO - Setting next_dagrun for example_branch_labels to 2024-01-29T00:00:00+00:00, run_after=2024-01-30T00:00:00+00:00
[2024-01-30T19:04:42.151+0000] {processor.py:176} INFO - Processing /home/airflow/.local/lib/python3.7/site-packages/airflow/example_dags/example_branch_labels.py took 0.134 seconds
[2024-01-30T19:05:12.368+0000] {processor.py:154} INFO - Started process (PID=2002) to work on /home/airflow/.local/lib/python3.7/site-packages/airflow/example_dags/example_branch_labels.py
[2024-01-30T19:05:12.370+0000] {processor.py:756} INFO - Processing file /home/airflow/.local/lib/python3.7/site-packages/airflow/example_dags/example_branch_labels.py for tasks to queue
[2024-01-30T19:05:12.372+0000] {logging_mixin.py:120} INFO - [2024-01-30T19:05:12.372+0000] {dagbag.py:537} INFO - Filling up the DagBag from /home/airflow/.local/lib/python3.7/site-packages/airflow/example_dags/example_branch_labels.py
[2024-01-30T19:05:12.397+0000] {processor.py:766} INFO - DAG(s) dict_keys(['example_branch_labels']) retrieved from /home/airflow/.local/lib/python3.7/site-packages/airflow/example_dags/example_branch_labels.py
[2024-01-30T19:05:12.460+0000] {logging_mixin.py:120} INFO - [2024-01-30T19:05:12.460+0000] {dag.py:2585} INFO - Sync 1 DAGs
[2024-01-30T19:05:12.503+0000] {logging_mixin.py:120} INFO - [2024-01-30T19:05:12.503+0000] {dag.py:3340} INFO - Setting next_dagrun for example_branch_labels to 2024-01-29T00:00:00+00:00, run_after=2024-01-30T00:00:00+00:00
[2024-01-30T19:05:12.533+0000] {processor.py:176} INFO - Processing /home/airflow/.local/lib/python3.7/site-packages/airflow/example_dags/example_branch_labels.py took 0.171 seconds
[2024-01-30T19:05:42.814+0000] {processor.py:154} INFO - Started process (PID=2058) to work on /home/airflow/.local/lib/python3.7/site-packages/airflow/example_dags/example_branch_labels.py
[2024-01-30T19:05:42.816+0000] {processor.py:756} INFO - Processing file /home/airflow/.local/lib/python3.7/site-packages/airflow/example_dags/example_branch_labels.py for tasks to queue
[2024-01-30T19:05:42.817+0000] {logging_mixin.py:120} INFO - [2024-01-30T19:05:42.817+0000] {dagbag.py:537} INFO - Filling up the DagBag from /home/airflow/.local/lib/python3.7/site-packages/airflow/example_dags/example_branch_labels.py
[2024-01-30T19:05:42.843+0000] {processor.py:766} INFO - DAG(s) dict_keys(['example_branch_labels']) retrieved from /home/airflow/.local/lib/python3.7/site-packages/airflow/example_dags/example_branch_labels.py
[2024-01-30T19:05:42.907+0000] {logging_mixin.py:120} INFO - [2024-01-30T19:05:42.907+0000] {dag.py:2585} INFO - Sync 1 DAGs
[2024-01-30T19:05:42.947+0000] {logging_mixin.py:120} INFO - [2024-01-30T19:05:42.946+0000] {dag.py:3340} INFO - Setting next_dagrun for example_branch_labels to 2024-01-29T00:00:00+00:00, run_after=2024-01-30T00:00:00+00:00
[2024-01-30T19:05:42.979+0000] {processor.py:176} INFO - Processing /home/airflow/.local/lib/python3.7/site-packages/airflow/example_dags/example_branch_labels.py took 0.169 seconds
[2024-01-30T19:06:13.529+0000] {processor.py:154} INFO - Started process (PID=2122) to work on /home/airflow/.local/lib/python3.7/site-packages/airflow/example_dags/example_branch_labels.py
[2024-01-30T19:06:13.530+0000] {processor.py:756} INFO - Processing file /home/airflow/.local/lib/python3.7/site-packages/airflow/example_dags/example_branch_labels.py for tasks to queue
[2024-01-30T19:06:13.531+0000] {logging_mixin.py:120} INFO - [2024-01-30T19:06:13.531+0000] {dagbag.py:537} INFO - Filling up the DagBag from /home/airflow/.local/lib/python3.7/site-packages/airflow/example_dags/example_branch_labels.py
[2024-01-30T19:06:13.562+0000] {processor.py:766} INFO - DAG(s) dict_keys(['example_branch_labels']) retrieved from /home/airflow/.local/lib/python3.7/site-packages/airflow/example_dags/example_branch_labels.py
[2024-01-30T19:06:13.628+0000] {logging_mixin.py:120} INFO - [2024-01-30T19:06:13.627+0000] {dag.py:2585} INFO - Sync 1 DAGs
[2024-01-30T19:06:13.672+0000] {logging_mixin.py:120} INFO - [2024-01-30T19:06:13.671+0000] {dag.py:3340} INFO - Setting next_dagrun for example_branch_labels to 2024-01-29T00:00:00+00:00, run_after=2024-01-30T00:00:00+00:00
[2024-01-30T19:06:13.708+0000] {processor.py:176} INFO - Processing /home/airflow/.local/lib/python3.7/site-packages/airflow/example_dags/example_branch_labels.py took 0.185 seconds
[2024-01-30T19:06:43.867+0000] {processor.py:154} INFO - Started process (PID=2188) to work on /home/airflow/.local/lib/python3.7/site-packages/airflow/example_dags/example_branch_labels.py
[2024-01-30T19:06:43.868+0000] {processor.py:756} INFO - Processing file /home/airflow/.local/lib/python3.7/site-packages/airflow/example_dags/example_branch_labels.py for tasks to queue
[2024-01-30T19:06:43.870+0000] {logging_mixin.py:120} INFO - [2024-01-30T19:06:43.870+0000] {dagbag.py:537} INFO - Filling up the DagBag from /home/airflow/.local/lib/python3.7/site-packages/airflow/example_dags/example_branch_labels.py
[2024-01-30T19:06:43.898+0000] {processor.py:766} INFO - DAG(s) dict_keys(['example_branch_labels']) retrieved from /home/airflow/.local/lib/python3.7/site-packages/airflow/example_dags/example_branch_labels.py
[2024-01-30T19:06:43.971+0000] {logging_mixin.py:120} INFO - [2024-01-30T19:06:43.971+0000] {dag.py:2585} INFO - Sync 1 DAGs
[2024-01-30T19:06:44.014+0000] {logging_mixin.py:120} INFO - [2024-01-30T19:06:44.014+0000] {dag.py:3340} INFO - Setting next_dagrun for example_branch_labels to 2024-01-29T00:00:00+00:00, run_after=2024-01-30T00:00:00+00:00
[2024-01-30T19:06:44.043+0000] {processor.py:176} INFO - Processing /home/airflow/.local/lib/python3.7/site-packages/airflow/example_dags/example_branch_labels.py took 0.180 seconds
[2024-01-30T19:07:14.335+0000] {processor.py:154} INFO - Started process (PID=2243) to work on /home/airflow/.local/lib/python3.7/site-packages/airflow/example_dags/example_branch_labels.py
[2024-01-30T19:07:14.337+0000] {processor.py:756} INFO - Processing file /home/airflow/.local/lib/python3.7/site-packages/airflow/example_dags/example_branch_labels.py for tasks to queue
[2024-01-30T19:07:14.339+0000] {logging_mixin.py:120} INFO - [2024-01-30T19:07:14.338+0000] {dagbag.py:537} INFO - Filling up the DagBag from /home/airflow/.local/lib/python3.7/site-packages/airflow/example_dags/example_branch_labels.py
[2024-01-30T19:07:14.361+0000] {processor.py:766} INFO - DAG(s) dict_keys(['example_branch_labels']) retrieved from /home/airflow/.local/lib/python3.7/site-packages/airflow/example_dags/example_branch_labels.py
[2024-01-30T19:07:14.435+0000] {logging_mixin.py:120} INFO - [2024-01-30T19:07:14.435+0000] {dag.py:2585} INFO - Sync 1 DAGs
[2024-01-30T19:07:14.481+0000] {logging_mixin.py:120} INFO - [2024-01-30T19:07:14.481+0000] {dag.py:3340} INFO - Setting next_dagrun for example_branch_labels to 2024-01-29T00:00:00+00:00, run_after=2024-01-30T00:00:00+00:00
[2024-01-30T19:07:14.512+0000] {processor.py:176} INFO - Processing /home/airflow/.local/lib/python3.7/site-packages/airflow/example_dags/example_branch_labels.py took 0.181 seconds
[2024-01-30T19:07:44.663+0000] {processor.py:154} INFO - Started process (PID=2306) to work on /home/airflow/.local/lib/python3.7/site-packages/airflow/example_dags/example_branch_labels.py
[2024-01-30T19:07:44.665+0000] {processor.py:756} INFO - Processing file /home/airflow/.local/lib/python3.7/site-packages/airflow/example_dags/example_branch_labels.py for tasks to queue
[2024-01-30T19:07:44.666+0000] {logging_mixin.py:120} INFO - [2024-01-30T19:07:44.666+0000] {dagbag.py:537} INFO - Filling up the DagBag from /home/airflow/.local/lib/python3.7/site-packages/airflow/example_dags/example_branch_labels.py
[2024-01-30T19:07:44.693+0000] {processor.py:766} INFO - DAG(s) dict_keys(['example_branch_labels']) retrieved from /home/airflow/.local/lib/python3.7/site-packages/airflow/example_dags/example_branch_labels.py
[2024-01-30T19:07:44.767+0000] {logging_mixin.py:120} INFO - [2024-01-30T19:07:44.767+0000] {dag.py:2585} INFO - Sync 1 DAGs
[2024-01-30T19:07:44.815+0000] {logging_mixin.py:120} INFO - [2024-01-30T19:07:44.815+0000] {dag.py:3340} INFO - Setting next_dagrun for example_branch_labels to 2024-01-29T00:00:00+00:00, run_after=2024-01-30T00:00:00+00:00
[2024-01-30T19:07:44.849+0000] {processor.py:176} INFO - Processing /home/airflow/.local/lib/python3.7/site-packages/airflow/example_dags/example_branch_labels.py took 0.192 seconds
[2024-01-30T19:08:15.262+0000] {processor.py:154} INFO - Started process (PID=2361) to work on /home/airflow/.local/lib/python3.7/site-packages/airflow/example_dags/example_branch_labels.py
[2024-01-30T19:08:15.264+0000] {processor.py:756} INFO - Processing file /home/airflow/.local/lib/python3.7/site-packages/airflow/example_dags/example_branch_labels.py for tasks to queue
[2024-01-30T19:08:15.267+0000] {logging_mixin.py:120} INFO - [2024-01-30T19:08:15.266+0000] {dagbag.py:537} INFO - Filling up the DagBag from /home/airflow/.local/lib/python3.7/site-packages/airflow/example_dags/example_branch_labels.py
[2024-01-30T19:08:15.297+0000] {processor.py:766} INFO - DAG(s) dict_keys(['example_branch_labels']) retrieved from /home/airflow/.local/lib/python3.7/site-packages/airflow/example_dags/example_branch_labels.py
[2024-01-30T19:08:15.379+0000] {logging_mixin.py:120} INFO - [2024-01-30T19:08:15.378+0000] {dag.py:2585} INFO - Sync 1 DAGs
[2024-01-30T19:08:15.415+0000] {logging_mixin.py:120} INFO - [2024-01-30T19:08:15.415+0000] {dag.py:3340} INFO - Setting next_dagrun for example_branch_labels to 2024-01-29T00:00:00+00:00, run_after=2024-01-30T00:00:00+00:00
[2024-01-30T19:08:15.444+0000] {processor.py:176} INFO - Processing /home/airflow/.local/lib/python3.7/site-packages/airflow/example_dags/example_branch_labels.py took 0.190 seconds
[2024-01-30T19:08:46.099+0000] {processor.py:154} INFO - Started process (PID=2427) to work on /home/airflow/.local/lib/python3.7/site-packages/airflow/example_dags/example_branch_labels.py
[2024-01-30T19:08:46.102+0000] {processor.py:756} INFO - Processing file /home/airflow/.local/lib/python3.7/site-packages/airflow/example_dags/example_branch_labels.py for tasks to queue
[2024-01-30T19:08:46.105+0000] {logging_mixin.py:120} INFO - [2024-01-30T19:08:46.105+0000] {dagbag.py:537} INFO - Filling up the DagBag from /home/airflow/.local/lib/python3.7/site-packages/airflow/example_dags/example_branch_labels.py
[2024-01-30T19:08:46.131+0000] {processor.py:766} INFO - DAG(s) dict_keys(['example_branch_labels']) retrieved from /home/airflow/.local/lib/python3.7/site-packages/airflow/example_dags/example_branch_labels.py
[2024-01-30T19:08:46.196+0000] {logging_mixin.py:120} INFO - [2024-01-30T19:08:46.196+0000] {dag.py:2585} INFO - Sync 1 DAGs
[2024-01-30T19:08:46.245+0000] {logging_mixin.py:120} INFO - [2024-01-30T19:08:46.244+0000] {dag.py:3340} INFO - Setting next_dagrun for example_branch_labels to 2024-01-29T00:00:00+00:00, run_after=2024-01-30T00:00:00+00:00
[2024-01-30T19:08:46.276+0000] {processor.py:176} INFO - Processing /home/airflow/.local/lib/python3.7/site-packages/airflow/example_dags/example_branch_labels.py took 0.182 seconds
[2024-01-30T19:09:17.148+0000] {processor.py:154} INFO - Started process (PID=2492) to work on /home/airflow/.local/lib/python3.7/site-packages/airflow/example_dags/example_branch_labels.py
[2024-01-30T19:09:17.149+0000] {processor.py:756} INFO - Processing file /home/airflow/.local/lib/python3.7/site-packages/airflow/example_dags/example_branch_labels.py for tasks to queue
[2024-01-30T19:09:17.151+0000] {logging_mixin.py:120} INFO - [2024-01-30T19:09:17.151+0000] {dagbag.py:537} INFO - Filling up the DagBag from /home/airflow/.local/lib/python3.7/site-packages/airflow/example_dags/example_branch_labels.py
[2024-01-30T19:09:17.173+0000] {processor.py:766} INFO - DAG(s) dict_keys(['example_branch_labels']) retrieved from /home/airflow/.local/lib/python3.7/site-packages/airflow/example_dags/example_branch_labels.py
[2024-01-30T19:09:17.231+0000] {logging_mixin.py:120} INFO - [2024-01-30T19:09:17.231+0000] {dag.py:2585} INFO - Sync 1 DAGs
[2024-01-30T19:09:17.270+0000] {logging_mixin.py:120} INFO - [2024-01-30T19:09:17.270+0000] {dag.py:3340} INFO - Setting next_dagrun for example_branch_labels to 2024-01-29T00:00:00+00:00, run_after=2024-01-30T00:00:00+00:00
[2024-01-30T19:09:17.298+0000] {processor.py:176} INFO - Processing /home/airflow/.local/lib/python3.7/site-packages/airflow/example_dags/example_branch_labels.py took 0.154 seconds
[2024-01-30T19:09:47.889+0000] {processor.py:154} INFO - Started process (PID=2552) to work on /home/airflow/.local/lib/python3.7/site-packages/airflow/example_dags/example_branch_labels.py
[2024-01-30T19:09:47.890+0000] {processor.py:756} INFO - Processing file /home/airflow/.local/lib/python3.7/site-packages/airflow/example_dags/example_branch_labels.py for tasks to queue
[2024-01-30T19:09:47.891+0000] {logging_mixin.py:120} INFO - [2024-01-30T19:09:47.891+0000] {dagbag.py:537} INFO - Filling up the DagBag from /home/airflow/.local/lib/python3.7/site-packages/airflow/example_dags/example_branch_labels.py
[2024-01-30T19:09:47.912+0000] {processor.py:766} INFO - DAG(s) dict_keys(['example_branch_labels']) retrieved from /home/airflow/.local/lib/python3.7/site-packages/airflow/example_dags/example_branch_labels.py
[2024-01-30T19:09:47.964+0000] {logging_mixin.py:120} INFO - [2024-01-30T19:09:47.964+0000] {dag.py:2585} INFO - Sync 1 DAGs
[2024-01-30T19:09:48.005+0000] {logging_mixin.py:120} INFO - [2024-01-30T19:09:48.005+0000] {dag.py:3340} INFO - Setting next_dagrun for example_branch_labels to 2024-01-29T00:00:00+00:00, run_after=2024-01-30T00:00:00+00:00
[2024-01-30T19:09:48.031+0000] {processor.py:176} INFO - Processing /home/airflow/.local/lib/python3.7/site-packages/airflow/example_dags/example_branch_labels.py took 0.149 seconds
[2024-01-30T19:10:18.491+0000] {processor.py:154} INFO - Started process (PID=2616) to work on /home/airflow/.local/lib/python3.7/site-packages/airflow/example_dags/example_branch_labels.py
[2024-01-30T19:10:18.492+0000] {processor.py:756} INFO - Processing file /home/airflow/.local/lib/python3.7/site-packages/airflow/example_dags/example_branch_labels.py for tasks to queue
[2024-01-30T19:10:18.494+0000] {logging_mixin.py:120} INFO - [2024-01-30T19:10:18.493+0000] {dagbag.py:537} INFO - Filling up the DagBag from /home/airflow/.local/lib/python3.7/site-packages/airflow/example_dags/example_branch_labels.py
[2024-01-30T19:10:18.521+0000] {processor.py:766} INFO - DAG(s) dict_keys(['example_branch_labels']) retrieved from /home/airflow/.local/lib/python3.7/site-packages/airflow/example_dags/example_branch_labels.py
[2024-01-30T19:10:18.593+0000] {logging_mixin.py:120} INFO - [2024-01-30T19:10:18.593+0000] {dag.py:2585} INFO - Sync 1 DAGs
[2024-01-30T19:10:18.641+0000] {logging_mixin.py:120} INFO - [2024-01-30T19:10:18.640+0000] {dag.py:3340} INFO - Setting next_dagrun for example_branch_labels to 2024-01-29T00:00:00+00:00, run_after=2024-01-30T00:00:00+00:00
[2024-01-30T19:10:18.679+0000] {processor.py:176} INFO - Processing /home/airflow/.local/lib/python3.7/site-packages/airflow/example_dags/example_branch_labels.py took 0.194 seconds
[2024-01-30T19:10:49.110+0000] {processor.py:154} INFO - Started process (PID=2679) to work on /home/airflow/.local/lib/python3.7/site-packages/airflow/example_dags/example_branch_labels.py
[2024-01-30T19:10:49.111+0000] {processor.py:756} INFO - Processing file /home/airflow/.local/lib/python3.7/site-packages/airflow/example_dags/example_branch_labels.py for tasks to queue
[2024-01-30T19:10:49.112+0000] {logging_mixin.py:120} INFO - [2024-01-30T19:10:49.112+0000] {dagbag.py:537} INFO - Filling up the DagBag from /home/airflow/.local/lib/python3.7/site-packages/airflow/example_dags/example_branch_labels.py
[2024-01-30T19:10:49.132+0000] {processor.py:766} INFO - DAG(s) dict_keys(['example_branch_labels']) retrieved from /home/airflow/.local/lib/python3.7/site-packages/airflow/example_dags/example_branch_labels.py
[2024-01-30T19:10:49.184+0000] {logging_mixin.py:120} INFO - [2024-01-30T19:10:49.183+0000] {dag.py:2585} INFO - Sync 1 DAGs
[2024-01-30T19:10:49.217+0000] {logging_mixin.py:120} INFO - [2024-01-30T19:10:49.217+0000] {dag.py:3340} INFO - Setting next_dagrun for example_branch_labels to 2024-01-29T00:00:00+00:00, run_after=2024-01-30T00:00:00+00:00
[2024-01-30T19:10:49.243+0000] {processor.py:176} INFO - Processing /home/airflow/.local/lib/python3.7/site-packages/airflow/example_dags/example_branch_labels.py took 0.137 seconds
[2024-01-30T19:11:19.623+0000] {processor.py:154} INFO - Started process (PID=2737) to work on /home/airflow/.local/lib/python3.7/site-packages/airflow/example_dags/example_branch_labels.py
[2024-01-30T19:11:19.625+0000] {processor.py:756} INFO - Processing file /home/airflow/.local/lib/python3.7/site-packages/airflow/example_dags/example_branch_labels.py for tasks to queue
[2024-01-30T19:11:19.627+0000] {logging_mixin.py:120} INFO - [2024-01-30T19:11:19.627+0000] {dagbag.py:537} INFO - Filling up the DagBag from /home/airflow/.local/lib/python3.7/site-packages/airflow/example_dags/example_branch_labels.py
[2024-01-30T19:11:19.654+0000] {processor.py:766} INFO - DAG(s) dict_keys(['example_branch_labels']) retrieved from /home/airflow/.local/lib/python3.7/site-packages/airflow/example_dags/example_branch_labels.py
[2024-01-30T19:11:19.730+0000] {logging_mixin.py:120} INFO - [2024-01-30T19:11:19.730+0000] {dag.py:2585} INFO - Sync 1 DAGs
[2024-01-30T19:11:19.775+0000] {logging_mixin.py:120} INFO - [2024-01-30T19:11:19.774+0000] {dag.py:3340} INFO - Setting next_dagrun for example_branch_labels to 2024-01-29T00:00:00+00:00, run_after=2024-01-30T00:00:00+00:00
[2024-01-30T19:11:19.805+0000] {processor.py:176} INFO - Processing /home/airflow/.local/lib/python3.7/site-packages/airflow/example_dags/example_branch_labels.py took 0.193 seconds
[2024-01-30T19:11:50.000+0000] {processor.py:154} INFO - Started process (PID=2802) to work on /home/airflow/.local/lib/python3.7/site-packages/airflow/example_dags/example_branch_labels.py
[2024-01-30T19:11:50.002+0000] {processor.py:756} INFO - Processing file /home/airflow/.local/lib/python3.7/site-packages/airflow/example_dags/example_branch_labels.py for tasks to queue
[2024-01-30T19:11:50.004+0000] {logging_mixin.py:120} INFO - [2024-01-30T19:11:50.003+0000] {dagbag.py:537} INFO - Filling up the DagBag from /home/airflow/.local/lib/python3.7/site-packages/airflow/example_dags/example_branch_labels.py
[2024-01-30T19:11:50.028+0000] {processor.py:766} INFO - DAG(s) dict_keys(['example_branch_labels']) retrieved from /home/airflow/.local/lib/python3.7/site-packages/airflow/example_dags/example_branch_labels.py
[2024-01-30T19:11:50.083+0000] {logging_mixin.py:120} INFO - [2024-01-30T19:11:50.083+0000] {dag.py:2585} INFO - Sync 1 DAGs
[2024-01-30T19:11:50.118+0000] {logging_mixin.py:120} INFO - [2024-01-30T19:11:50.118+0000] {dag.py:3340} INFO - Setting next_dagrun for example_branch_labels to 2024-01-29T00:00:00+00:00, run_after=2024-01-30T00:00:00+00:00
[2024-01-30T19:11:50.143+0000] {processor.py:176} INFO - Processing /home/airflow/.local/lib/python3.7/site-packages/airflow/example_dags/example_branch_labels.py took 0.149 seconds
[2024-01-30T19:12:20.675+0000] {processor.py:154} INFO - Started process (PID=2860) to work on /home/airflow/.local/lib/python3.7/site-packages/airflow/example_dags/example_branch_labels.py
[2024-01-30T19:12:20.676+0000] {processor.py:756} INFO - Processing file /home/airflow/.local/lib/python3.7/site-packages/airflow/example_dags/example_branch_labels.py for tasks to queue
[2024-01-30T19:12:20.678+0000] {logging_mixin.py:120} INFO - [2024-01-30T19:12:20.678+0000] {dagbag.py:537} INFO - Filling up the DagBag from /home/airflow/.local/lib/python3.7/site-packages/airflow/example_dags/example_branch_labels.py
[2024-01-30T19:12:20.704+0000] {processor.py:766} INFO - DAG(s) dict_keys(['example_branch_labels']) retrieved from /home/airflow/.local/lib/python3.7/site-packages/airflow/example_dags/example_branch_labels.py
[2024-01-30T19:12:20.765+0000] {logging_mixin.py:120} INFO - [2024-01-30T19:12:20.765+0000] {dag.py:2585} INFO - Sync 1 DAGs
[2024-01-30T19:12:20.802+0000] {logging_mixin.py:120} INFO - [2024-01-30T19:12:20.802+0000] {dag.py:3340} INFO - Setting next_dagrun for example_branch_labels to 2024-01-29T00:00:00+00:00, run_after=2024-01-30T00:00:00+00:00
[2024-01-30T19:12:20.830+0000] {processor.py:176} INFO - Processing /home/airflow/.local/lib/python3.7/site-packages/airflow/example_dags/example_branch_labels.py took 0.160 seconds
[2024-01-30T19:12:50.960+0000] {processor.py:154} INFO - Started process (PID=2925) to work on /home/airflow/.local/lib/python3.7/site-packages/airflow/example_dags/example_branch_labels.py
[2024-01-30T19:12:50.961+0000] {processor.py:756} INFO - Processing file /home/airflow/.local/lib/python3.7/site-packages/airflow/example_dags/example_branch_labels.py for tasks to queue
[2024-01-30T19:12:50.963+0000] {logging_mixin.py:120} INFO - [2024-01-30T19:12:50.963+0000] {dagbag.py:537} INFO - Filling up the DagBag from /home/airflow/.local/lib/python3.7/site-packages/airflow/example_dags/example_branch_labels.py
[2024-01-30T19:12:50.993+0000] {processor.py:766} INFO - DAG(s) dict_keys(['example_branch_labels']) retrieved from /home/airflow/.local/lib/python3.7/site-packages/airflow/example_dags/example_branch_labels.py
[2024-01-30T19:12:51.076+0000] {logging_mixin.py:120} INFO - [2024-01-30T19:12:51.076+0000] {dag.py:2585} INFO - Sync 1 DAGs
[2024-01-30T19:12:51.116+0000] {logging_mixin.py:120} INFO - [2024-01-30T19:12:51.116+0000] {dag.py:3340} INFO - Setting next_dagrun for example_branch_labels to 2024-01-29T00:00:00+00:00, run_after=2024-01-30T00:00:00+00:00
[2024-01-30T19:12:51.153+0000] {processor.py:176} INFO - Processing /home/airflow/.local/lib/python3.7/site-packages/airflow/example_dags/example_branch_labels.py took 0.208 seconds
[2024-01-30T19:13:21.688+0000] {processor.py:154} INFO - Started process (PID=2990) to work on /home/airflow/.local/lib/python3.7/site-packages/airflow/example_dags/example_branch_labels.py
[2024-01-30T19:13:21.690+0000] {processor.py:756} INFO - Processing file /home/airflow/.local/lib/python3.7/site-packages/airflow/example_dags/example_branch_labels.py for tasks to queue
[2024-01-30T19:13:21.692+0000] {logging_mixin.py:120} INFO - [2024-01-30T19:13:21.692+0000] {dagbag.py:537} INFO - Filling up the DagBag from /home/airflow/.local/lib/python3.7/site-packages/airflow/example_dags/example_branch_labels.py
[2024-01-30T19:13:21.719+0000] {processor.py:766} INFO - DAG(s) dict_keys(['example_branch_labels']) retrieved from /home/airflow/.local/lib/python3.7/site-packages/airflow/example_dags/example_branch_labels.py
[2024-01-30T19:13:21.785+0000] {logging_mixin.py:120} INFO - [2024-01-30T19:13:21.785+0000] {dag.py:2585} INFO - Sync 1 DAGs
[2024-01-30T19:13:21.834+0000] {logging_mixin.py:120} INFO - [2024-01-30T19:13:21.833+0000] {dag.py:3340} INFO - Setting next_dagrun for example_branch_labels to 2024-01-29T00:00:00+00:00, run_after=2024-01-30T00:00:00+00:00
[2024-01-30T19:13:21.884+0000] {processor.py:176} INFO - Processing /home/airflow/.local/lib/python3.7/site-packages/airflow/example_dags/example_branch_labels.py took 0.201 seconds
[2024-01-30T19:13:52.023+0000] {processor.py:154} INFO - Started process (PID=3046) to work on /home/airflow/.local/lib/python3.7/site-packages/airflow/example_dags/example_branch_labels.py
[2024-01-30T19:13:52.024+0000] {processor.py:756} INFO - Processing file /home/airflow/.local/lib/python3.7/site-packages/airflow/example_dags/example_branch_labels.py for tasks to queue
[2024-01-30T19:13:52.026+0000] {logging_mixin.py:120} INFO - [2024-01-30T19:13:52.025+0000] {dagbag.py:537} INFO - Filling up the DagBag from /home/airflow/.local/lib/python3.7/site-packages/airflow/example_dags/example_branch_labels.py
[2024-01-30T19:13:52.050+0000] {processor.py:766} INFO - DAG(s) dict_keys(['example_branch_labels']) retrieved from /home/airflow/.local/lib/python3.7/site-packages/airflow/example_dags/example_branch_labels.py
[2024-01-30T19:13:52.114+0000] {logging_mixin.py:120} INFO - [2024-01-30T19:13:52.113+0000] {dag.py:2585} INFO - Sync 1 DAGs
[2024-01-30T19:13:52.155+0000] {logging_mixin.py:120} INFO - [2024-01-30T19:13:52.155+0000] {dag.py:3340} INFO - Setting next_dagrun for example_branch_labels to 2024-01-29T00:00:00+00:00, run_after=2024-01-30T00:00:00+00:00
[2024-01-30T19:13:52.187+0000] {processor.py:176} INFO - Processing /home/airflow/.local/lib/python3.7/site-packages/airflow/example_dags/example_branch_labels.py took 0.169 seconds
[2024-01-30T19:14:22.506+0000] {processor.py:154} INFO - Started process (PID=3113) to work on /home/airflow/.local/lib/python3.7/site-packages/airflow/example_dags/example_branch_labels.py
[2024-01-30T19:14:22.507+0000] {processor.py:756} INFO - Processing file /home/airflow/.local/lib/python3.7/site-packages/airflow/example_dags/example_branch_labels.py for tasks to queue
[2024-01-30T19:14:22.509+0000] {logging_mixin.py:120} INFO - [2024-01-30T19:14:22.509+0000] {dagbag.py:537} INFO - Filling up the DagBag from /home/airflow/.local/lib/python3.7/site-packages/airflow/example_dags/example_branch_labels.py
[2024-01-30T19:14:22.535+0000] {processor.py:766} INFO - DAG(s) dict_keys(['example_branch_labels']) retrieved from /home/airflow/.local/lib/python3.7/site-packages/airflow/example_dags/example_branch_labels.py
[2024-01-30T19:14:22.615+0000] {logging_mixin.py:120} INFO - [2024-01-30T19:14:22.615+0000] {dag.py:2585} INFO - Sync 1 DAGs
[2024-01-30T19:14:22.673+0000] {logging_mixin.py:120} INFO - [2024-01-30T19:14:22.672+0000] {dag.py:3340} INFO - Setting next_dagrun for example_branch_labels to 2024-01-29T00:00:00+00:00, run_after=2024-01-30T00:00:00+00:00
[2024-01-30T19:14:22.713+0000] {processor.py:176} INFO - Processing /home/airflow/.local/lib/python3.7/site-packages/airflow/example_dags/example_branch_labels.py took 0.212 seconds
[2024-01-30T19:14:52.756+0000] {processor.py:154} INFO - Started process (PID=3169) to work on /home/airflow/.local/lib/python3.7/site-packages/airflow/example_dags/example_branch_labels.py
[2024-01-30T19:14:52.758+0000] {processor.py:756} INFO - Processing file /home/airflow/.local/lib/python3.7/site-packages/airflow/example_dags/example_branch_labels.py for tasks to queue
[2024-01-30T19:14:52.760+0000] {logging_mixin.py:120} INFO - [2024-01-30T19:14:52.759+0000] {dagbag.py:537} INFO - Filling up the DagBag from /home/airflow/.local/lib/python3.7/site-packages/airflow/example_dags/example_branch_labels.py
[2024-01-30T19:14:52.783+0000] {processor.py:766} INFO - DAG(s) dict_keys(['example_branch_labels']) retrieved from /home/airflow/.local/lib/python3.7/site-packages/airflow/example_dags/example_branch_labels.py
[2024-01-30T19:14:52.839+0000] {logging_mixin.py:120} INFO - [2024-01-30T19:14:52.838+0000] {dag.py:2585} INFO - Sync 1 DAGs
[2024-01-30T19:14:52.875+0000] {logging_mixin.py:120} INFO - [2024-01-30T19:14:52.875+0000] {dag.py:3340} INFO - Setting next_dagrun for example_branch_labels to 2024-01-29T00:00:00+00:00, run_after=2024-01-30T00:00:00+00:00
[2024-01-30T19:14:52.902+0000] {processor.py:176} INFO - Processing /home/airflow/.local/lib/python3.7/site-packages/airflow/example_dags/example_branch_labels.py took 0.151 seconds
[2024-01-30T19:15:23.789+0000] {processor.py:154} INFO - Started process (PID=3234) to work on /home/airflow/.local/lib/python3.7/site-packages/airflow/example_dags/example_branch_labels.py
[2024-01-30T19:15:23.791+0000] {processor.py:756} INFO - Processing file /home/airflow/.local/lib/python3.7/site-packages/airflow/example_dags/example_branch_labels.py for tasks to queue
[2024-01-30T19:15:23.793+0000] {logging_mixin.py:120} INFO - [2024-01-30T19:15:23.793+0000] {dagbag.py:537} INFO - Filling up the DagBag from /home/airflow/.local/lib/python3.7/site-packages/airflow/example_dags/example_branch_labels.py
[2024-01-30T19:15:23.841+0000] {processor.py:766} INFO - DAG(s) dict_keys(['example_branch_labels']) retrieved from /home/airflow/.local/lib/python3.7/site-packages/airflow/example_dags/example_branch_labels.py
[2024-01-30T19:15:23.942+0000] {logging_mixin.py:120} INFO - [2024-01-30T19:15:23.942+0000] {dag.py:2585} INFO - Sync 1 DAGs
[2024-01-30T19:15:23.995+0000] {logging_mixin.py:120} INFO - [2024-01-30T19:15:23.995+0000] {dag.py:3340} INFO - Setting next_dagrun for example_branch_labels to 2024-01-29T00:00:00+00:00, run_after=2024-01-30T00:00:00+00:00
[2024-01-30T19:15:24.031+0000] {processor.py:176} INFO - Processing /home/airflow/.local/lib/python3.7/site-packages/airflow/example_dags/example_branch_labels.py took 0.249 seconds
[2024-01-30T19:15:54.083+0000] {processor.py:154} INFO - Started process (PID=3298) to work on /home/airflow/.local/lib/python3.7/site-packages/airflow/example_dags/example_branch_labels.py
[2024-01-30T19:15:54.085+0000] {processor.py:756} INFO - Processing file /home/airflow/.local/lib/python3.7/site-packages/airflow/example_dags/example_branch_labels.py for tasks to queue
[2024-01-30T19:15:54.086+0000] {logging_mixin.py:120} INFO - [2024-01-30T19:15:54.086+0000] {dagbag.py:537} INFO - Filling up the DagBag from /home/airflow/.local/lib/python3.7/site-packages/airflow/example_dags/example_branch_labels.py
[2024-01-30T19:15:54.110+0000] {processor.py:766} INFO - DAG(s) dict_keys(['example_branch_labels']) retrieved from /home/airflow/.local/lib/python3.7/site-packages/airflow/example_dags/example_branch_labels.py
[2024-01-30T19:15:54.168+0000] {logging_mixin.py:120} INFO - [2024-01-30T19:15:54.168+0000] {dag.py:2585} INFO - Sync 1 DAGs
[2024-01-30T19:15:54.206+0000] {logging_mixin.py:120} INFO - [2024-01-30T19:15:54.205+0000] {dag.py:3340} INFO - Setting next_dagrun for example_branch_labels to 2024-01-29T00:00:00+00:00, run_after=2024-01-30T00:00:00+00:00
[2024-01-30T19:15:54.233+0000] {processor.py:176} INFO - Processing /home/airflow/.local/lib/python3.7/site-packages/airflow/example_dags/example_branch_labels.py took 0.156 seconds
[2024-01-30T19:16:24.740+0000] {processor.py:154} INFO - Started process (PID=3354) to work on /home/airflow/.local/lib/python3.7/site-packages/airflow/example_dags/example_branch_labels.py
[2024-01-30T19:16:24.743+0000] {processor.py:756} INFO - Processing file /home/airflow/.local/lib/python3.7/site-packages/airflow/example_dags/example_branch_labels.py for tasks to queue
[2024-01-30T19:16:24.745+0000] {logging_mixin.py:120} INFO - [2024-01-30T19:16:24.745+0000] {dagbag.py:537} INFO - Filling up the DagBag from /home/airflow/.local/lib/python3.7/site-packages/airflow/example_dags/example_branch_labels.py
[2024-01-30T19:16:24.774+0000] {processor.py:766} INFO - DAG(s) dict_keys(['example_branch_labels']) retrieved from /home/airflow/.local/lib/python3.7/site-packages/airflow/example_dags/example_branch_labels.py
[2024-01-30T19:16:24.855+0000] {logging_mixin.py:120} INFO - [2024-01-30T19:16:24.855+0000] {dag.py:2585} INFO - Sync 1 DAGs
[2024-01-30T19:16:24.910+0000] {logging_mixin.py:120} INFO - [2024-01-30T19:16:24.909+0000] {dag.py:3340} INFO - Setting next_dagrun for example_branch_labels to 2024-01-29T00:00:00+00:00, run_after=2024-01-30T00:00:00+00:00
[2024-01-30T19:16:24.946+0000] {processor.py:176} INFO - Processing /home/airflow/.local/lib/python3.7/site-packages/airflow/example_dags/example_branch_labels.py took 0.211 seconds
[2024-01-30T19:16:55.244+0000] {processor.py:154} INFO - Started process (PID=3418) to work on /home/airflow/.local/lib/python3.7/site-packages/airflow/example_dags/example_branch_labels.py
[2024-01-30T19:16:55.247+0000] {processor.py:756} INFO - Processing file /home/airflow/.local/lib/python3.7/site-packages/airflow/example_dags/example_branch_labels.py for tasks to queue
[2024-01-30T19:16:55.248+0000] {logging_mixin.py:120} INFO - [2024-01-30T19:16:55.248+0000] {dagbag.py:537} INFO - Filling up the DagBag from /home/airflow/.local/lib/python3.7/site-packages/airflow/example_dags/example_branch_labels.py
[2024-01-30T19:16:55.271+0000] {processor.py:766} INFO - DAG(s) dict_keys(['example_branch_labels']) retrieved from /home/airflow/.local/lib/python3.7/site-packages/airflow/example_dags/example_branch_labels.py
[2024-01-30T19:16:55.330+0000] {logging_mixin.py:120} INFO - [2024-01-30T19:16:55.329+0000] {dag.py:2585} INFO - Sync 1 DAGs
[2024-01-30T19:16:55.372+0000] {logging_mixin.py:120} INFO - [2024-01-30T19:16:55.371+0000] {dag.py:3340} INFO - Setting next_dagrun for example_branch_labels to 2024-01-29T00:00:00+00:00, run_after=2024-01-30T00:00:00+00:00
[2024-01-30T19:16:55.404+0000] {processor.py:176} INFO - Processing /home/airflow/.local/lib/python3.7/site-packages/airflow/example_dags/example_branch_labels.py took 0.164 seconds
[2024-01-30T19:17:26.033+0000] {processor.py:154} INFO - Started process (PID=3474) to work on /home/airflow/.local/lib/python3.7/site-packages/airflow/example_dags/example_branch_labels.py
[2024-01-30T19:17:26.060+0000] {processor.py:756} INFO - Processing file /home/airflow/.local/lib/python3.7/site-packages/airflow/example_dags/example_branch_labels.py for tasks to queue
[2024-01-30T19:17:26.083+0000] {logging_mixin.py:120} INFO - [2024-01-30T19:17:26.083+0000] {dagbag.py:537} INFO - Filling up the DagBag from /home/airflow/.local/lib/python3.7/site-packages/airflow/example_dags/example_branch_labels.py
[2024-01-30T19:17:26.121+0000] {processor.py:766} INFO - DAG(s) dict_keys(['example_branch_labels']) retrieved from /home/airflow/.local/lib/python3.7/site-packages/airflow/example_dags/example_branch_labels.py
[2024-01-30T19:17:26.209+0000] {logging_mixin.py:120} INFO - [2024-01-30T19:17:26.208+0000] {dag.py:2585} INFO - Sync 1 DAGs
[2024-01-30T19:17:26.271+0000] {logging_mixin.py:120} INFO - [2024-01-30T19:17:26.271+0000] {dag.py:3340} INFO - Setting next_dagrun for example_branch_labels to 2024-01-29T00:00:00+00:00, run_after=2024-01-30T00:00:00+00:00
[2024-01-30T19:17:26.326+0000] {processor.py:176} INFO - Processing /home/airflow/.local/lib/python3.7/site-packages/airflow/example_dags/example_branch_labels.py took 0.297 seconds
[2024-01-30T19:17:56.707+0000] {processor.py:154} INFO - Started process (PID=3539) to work on /home/airflow/.local/lib/python3.7/site-packages/airflow/example_dags/example_branch_labels.py
[2024-01-30T19:17:56.708+0000] {processor.py:756} INFO - Processing file /home/airflow/.local/lib/python3.7/site-packages/airflow/example_dags/example_branch_labels.py for tasks to queue
[2024-01-30T19:17:56.709+0000] {logging_mixin.py:120} INFO - [2024-01-30T19:17:56.709+0000] {dagbag.py:537} INFO - Filling up the DagBag from /home/airflow/.local/lib/python3.7/site-packages/airflow/example_dags/example_branch_labels.py
[2024-01-30T19:17:56.732+0000] {processor.py:766} INFO - DAG(s) dict_keys(['example_branch_labels']) retrieved from /home/airflow/.local/lib/python3.7/site-packages/airflow/example_dags/example_branch_labels.py
[2024-01-30T19:17:56.789+0000] {logging_mixin.py:120} INFO - [2024-01-30T19:17:56.789+0000] {dag.py:2585} INFO - Sync 1 DAGs
[2024-01-30T19:17:56.830+0000] {logging_mixin.py:120} INFO - [2024-01-30T19:17:56.830+0000] {dag.py:3340} INFO - Setting next_dagrun for example_branch_labels to 2024-01-29T00:00:00+00:00, run_after=2024-01-30T00:00:00+00:00
[2024-01-30T19:17:56.863+0000] {processor.py:176} INFO - Processing /home/airflow/.local/lib/python3.7/site-packages/airflow/example_dags/example_branch_labels.py took 0.161 seconds
[2024-01-30T19:18:27.307+0000] {processor.py:154} INFO - Started process (PID=3605) to work on /home/airflow/.local/lib/python3.7/site-packages/airflow/example_dags/example_branch_labels.py
[2024-01-30T19:18:27.309+0000] {processor.py:756} INFO - Processing file /home/airflow/.local/lib/python3.7/site-packages/airflow/example_dags/example_branch_labels.py for tasks to queue
[2024-01-30T19:18:27.310+0000] {logging_mixin.py:120} INFO - [2024-01-30T19:18:27.310+0000] {dagbag.py:537} INFO - Filling up the DagBag from /home/airflow/.local/lib/python3.7/site-packages/airflow/example_dags/example_branch_labels.py
[2024-01-30T19:18:27.333+0000] {processor.py:766} INFO - DAG(s) dict_keys(['example_branch_labels']) retrieved from /home/airflow/.local/lib/python3.7/site-packages/airflow/example_dags/example_branch_labels.py
[2024-01-30T19:18:27.389+0000] {logging_mixin.py:120} INFO - [2024-01-30T19:18:27.389+0000] {dag.py:2585} INFO - Sync 1 DAGs
[2024-01-30T19:18:27.425+0000] {logging_mixin.py:120} INFO - [2024-01-30T19:18:27.425+0000] {dag.py:3340} INFO - Setting next_dagrun for example_branch_labels to 2024-01-29T00:00:00+00:00, run_after=2024-01-30T00:00:00+00:00
[2024-01-30T19:18:27.452+0000] {processor.py:176} INFO - Processing /home/airflow/.local/lib/python3.7/site-packages/airflow/example_dags/example_branch_labels.py took 0.150 seconds
[2024-01-30T19:18:57.697+0000] {processor.py:154} INFO - Started process (PID=3670) to work on /home/airflow/.local/lib/python3.7/site-packages/airflow/example_dags/example_branch_labels.py
[2024-01-30T19:18:57.699+0000] {processor.py:756} INFO - Processing file /home/airflow/.local/lib/python3.7/site-packages/airflow/example_dags/example_branch_labels.py for tasks to queue
[2024-01-30T19:18:57.700+0000] {logging_mixin.py:120} INFO - [2024-01-30T19:18:57.700+0000] {dagbag.py:537} INFO - Filling up the DagBag from /home/airflow/.local/lib/python3.7/site-packages/airflow/example_dags/example_branch_labels.py
[2024-01-30T19:18:57.723+0000] {processor.py:766} INFO - DAG(s) dict_keys(['example_branch_labels']) retrieved from /home/airflow/.local/lib/python3.7/site-packages/airflow/example_dags/example_branch_labels.py
[2024-01-30T19:18:57.782+0000] {logging_mixin.py:120} INFO - [2024-01-30T19:18:57.782+0000] {dag.py:2585} INFO - Sync 1 DAGs
[2024-01-30T19:18:57.818+0000] {logging_mixin.py:120} INFO - [2024-01-30T19:18:57.818+0000] {dag.py:3340} INFO - Setting next_dagrun for example_branch_labels to 2024-01-29T00:00:00+00:00, run_after=2024-01-30T00:00:00+00:00
[2024-01-30T19:18:57.840+0000] {processor.py:176} INFO - Processing /home/airflow/.local/lib/python3.7/site-packages/airflow/example_dags/example_branch_labels.py took 0.147 seconds
[2024-01-30T19:19:27.956+0000] {processor.py:154} INFO - Started process (PID=3726) to work on /home/airflow/.local/lib/python3.7/site-packages/airflow/example_dags/example_branch_labels.py
[2024-01-30T19:19:27.958+0000] {processor.py:756} INFO - Processing file /home/airflow/.local/lib/python3.7/site-packages/airflow/example_dags/example_branch_labels.py for tasks to queue
[2024-01-30T19:19:27.959+0000] {logging_mixin.py:120} INFO - [2024-01-30T19:19:27.959+0000] {dagbag.py:537} INFO - Filling up the DagBag from /home/airflow/.local/lib/python3.7/site-packages/airflow/example_dags/example_branch_labels.py
[2024-01-30T19:19:27.978+0000] {processor.py:766} INFO - DAG(s) dict_keys(['example_branch_labels']) retrieved from /home/airflow/.local/lib/python3.7/site-packages/airflow/example_dags/example_branch_labels.py
[2024-01-30T19:19:28.032+0000] {logging_mixin.py:120} INFO - [2024-01-30T19:19:28.032+0000] {dag.py:2585} INFO - Sync 1 DAGs
[2024-01-30T19:19:28.074+0000] {logging_mixin.py:120} INFO - [2024-01-30T19:19:28.073+0000] {dag.py:3340} INFO - Setting next_dagrun for example_branch_labels to 2024-01-29T00:00:00+00:00, run_after=2024-01-30T00:00:00+00:00
[2024-01-30T19:19:28.112+0000] {processor.py:176} INFO - Processing /home/airflow/.local/lib/python3.7/site-packages/airflow/example_dags/example_branch_labels.py took 0.159 seconds
[2024-01-30T19:19:58.500+0000] {processor.py:154} INFO - Started process (PID=3791) to work on /home/airflow/.local/lib/python3.7/site-packages/airflow/example_dags/example_branch_labels.py
[2024-01-30T19:19:58.501+0000] {processor.py:756} INFO - Processing file /home/airflow/.local/lib/python3.7/site-packages/airflow/example_dags/example_branch_labels.py for tasks to queue
[2024-01-30T19:19:58.503+0000] {logging_mixin.py:120} INFO - [2024-01-30T19:19:58.503+0000] {dagbag.py:537} INFO - Filling up the DagBag from /home/airflow/.local/lib/python3.7/site-packages/airflow/example_dags/example_branch_labels.py
[2024-01-30T19:19:58.528+0000] {processor.py:766} INFO - DAG(s) dict_keys(['example_branch_labels']) retrieved from /home/airflow/.local/lib/python3.7/site-packages/airflow/example_dags/example_branch_labels.py
[2024-01-30T19:19:58.586+0000] {logging_mixin.py:120} INFO - [2024-01-30T19:19:58.586+0000] {dag.py:2585} INFO - Sync 1 DAGs
[2024-01-30T19:19:58.620+0000] {logging_mixin.py:120} INFO - [2024-01-30T19:19:58.620+0000] {dag.py:3340} INFO - Setting next_dagrun for example_branch_labels to 2024-01-29T00:00:00+00:00, run_after=2024-01-30T00:00:00+00:00
[2024-01-30T19:19:58.646+0000] {processor.py:176} INFO - Processing /home/airflow/.local/lib/python3.7/site-packages/airflow/example_dags/example_branch_labels.py took 0.151 seconds
[2024-01-30T19:20:28.897+0000] {processor.py:154} INFO - Started process (PID=3847) to work on /home/airflow/.local/lib/python3.7/site-packages/airflow/example_dags/example_branch_labels.py
[2024-01-30T19:20:28.899+0000] {processor.py:756} INFO - Processing file /home/airflow/.local/lib/python3.7/site-packages/airflow/example_dags/example_branch_labels.py for tasks to queue
[2024-01-30T19:20:28.900+0000] {logging_mixin.py:120} INFO - [2024-01-30T19:20:28.900+0000] {dagbag.py:537} INFO - Filling up the DagBag from /home/airflow/.local/lib/python3.7/site-packages/airflow/example_dags/example_branch_labels.py
[2024-01-30T19:20:28.923+0000] {processor.py:766} INFO - DAG(s) dict_keys(['example_branch_labels']) retrieved from /home/airflow/.local/lib/python3.7/site-packages/airflow/example_dags/example_branch_labels.py
[2024-01-30T19:20:28.984+0000] {logging_mixin.py:120} INFO - [2024-01-30T19:20:28.984+0000] {dag.py:2585} INFO - Sync 1 DAGs
[2024-01-30T19:20:29.022+0000] {logging_mixin.py:120} INFO - [2024-01-30T19:20:29.022+0000] {dag.py:3340} INFO - Setting next_dagrun for example_branch_labels to 2024-01-29T00:00:00+00:00, run_after=2024-01-30T00:00:00+00:00
[2024-01-30T19:20:29.050+0000] {processor.py:176} INFO - Processing /home/airflow/.local/lib/python3.7/site-packages/airflow/example_dags/example_branch_labels.py took 0.158 seconds
[2024-01-30T19:20:59.242+0000] {processor.py:154} INFO - Started process (PID=3912) to work on /home/airflow/.local/lib/python3.7/site-packages/airflow/example_dags/example_branch_labels.py
[2024-01-30T19:20:59.244+0000] {processor.py:756} INFO - Processing file /home/airflow/.local/lib/python3.7/site-packages/airflow/example_dags/example_branch_labels.py for tasks to queue
[2024-01-30T19:20:59.246+0000] {logging_mixin.py:120} INFO - [2024-01-30T19:20:59.246+0000] {dagbag.py:537} INFO - Filling up the DagBag from /home/airflow/.local/lib/python3.7/site-packages/airflow/example_dags/example_branch_labels.py
[2024-01-30T19:20:59.272+0000] {processor.py:766} INFO - DAG(s) dict_keys(['example_branch_labels']) retrieved from /home/airflow/.local/lib/python3.7/site-packages/airflow/example_dags/example_branch_labels.py
[2024-01-30T19:20:59.343+0000] {logging_mixin.py:120} INFO - [2024-01-30T19:20:59.343+0000] {dag.py:2585} INFO - Sync 1 DAGs
[2024-01-30T19:20:59.382+0000] {logging_mixin.py:120} INFO - [2024-01-30T19:20:59.382+0000] {dag.py:3340} INFO - Setting next_dagrun for example_branch_labels to 2024-01-29T00:00:00+00:00, run_after=2024-01-30T00:00:00+00:00
[2024-01-30T19:20:59.406+0000] {processor.py:176} INFO - Processing /home/airflow/.local/lib/python3.7/site-packages/airflow/example_dags/example_branch_labels.py took 0.169 seconds
[2024-01-30T19:21:29.692+0000] {processor.py:154} INFO - Started process (PID=3977) to work on /home/airflow/.local/lib/python3.7/site-packages/airflow/example_dags/example_branch_labels.py
[2024-01-30T19:21:29.694+0000] {processor.py:756} INFO - Processing file /home/airflow/.local/lib/python3.7/site-packages/airflow/example_dags/example_branch_labels.py for tasks to queue
[2024-01-30T19:21:29.695+0000] {logging_mixin.py:120} INFO - [2024-01-30T19:21:29.695+0000] {dagbag.py:537} INFO - Filling up the DagBag from /home/airflow/.local/lib/python3.7/site-packages/airflow/example_dags/example_branch_labels.py
[2024-01-30T19:21:29.720+0000] {processor.py:766} INFO - DAG(s) dict_keys(['example_branch_labels']) retrieved from /home/airflow/.local/lib/python3.7/site-packages/airflow/example_dags/example_branch_labels.py
[2024-01-30T19:21:29.773+0000] {logging_mixin.py:120} INFO - [2024-01-30T19:21:29.772+0000] {dag.py:2585} INFO - Sync 1 DAGs
[2024-01-30T19:21:29.808+0000] {logging_mixin.py:120} INFO - [2024-01-30T19:21:29.807+0000] {dag.py:3340} INFO - Setting next_dagrun for example_branch_labels to 2024-01-29T00:00:00+00:00, run_after=2024-01-30T00:00:00+00:00
[2024-01-30T19:21:29.835+0000] {processor.py:176} INFO - Processing /home/airflow/.local/lib/python3.7/site-packages/airflow/example_dags/example_branch_labels.py took 0.148 seconds
