[2024-01-30T18:48:59.049+0000] {processor.py:154} INFO - Started process (PID=64) to work on /home/airflow/.local/lib/python3.7/site-packages/airflow/example_dags/example_branch_day_of_week_operator.py
[2024-01-30T18:48:59.055+0000] {processor.py:756} INFO - Processing file /home/airflow/.local/lib/python3.7/site-packages/airflow/example_dags/example_branch_day_of_week_operator.py for tasks to queue
[2024-01-30T18:48:59.060+0000] {logging_mixin.py:120} INFO - [2024-01-30T18:48:59.060+0000] {dagbag.py:537} INFO - Filling up the DagBag from /home/airflow/.local/lib/python3.7/site-packages/airflow/example_dags/example_branch_day_of_week_operator.py
[2024-01-30T18:48:59.179+0000] {processor.py:766} INFO - DAG(s) dict_keys(['example_weekday_branch_operator']) retrieved from /home/airflow/.local/lib/python3.7/site-packages/airflow/example_dags/example_branch_day_of_week_operator.py
[2024-01-30T18:48:59.587+0000] {logging_mixin.py:120} INFO - [2024-01-30T18:48:59.585+0000] {dag.py:2585} INFO - Sync 1 DAGs
[2024-01-30T18:48:59.862+0000] {logging_mixin.py:120} INFO - [2024-01-30T18:48:59.862+0000] {dag.py:3340} INFO - Setting next_dagrun for example_weekday_branch_operator to 2024-01-29T00:00:00+00:00, run_after=2024-01-30T00:00:00+00:00
[2024-01-30T18:48:59.953+0000] {processor.py:176} INFO - Processing /home/airflow/.local/lib/python3.7/site-packages/airflow/example_dags/example_branch_day_of_week_operator.py took 0.919 seconds
[2024-01-30T18:49:30.051+0000] {processor.py:154} INFO - Started process (PID=120) to work on /home/airflow/.local/lib/python3.7/site-packages/airflow/example_dags/example_branch_day_of_week_operator.py
[2024-01-30T18:49:30.052+0000] {processor.py:756} INFO - Processing file /home/airflow/.local/lib/python3.7/site-packages/airflow/example_dags/example_branch_day_of_week_operator.py for tasks to queue
[2024-01-30T18:49:30.053+0000] {logging_mixin.py:120} INFO - [2024-01-30T18:49:30.053+0000] {dagbag.py:537} INFO - Filling up the DagBag from /home/airflow/.local/lib/python3.7/site-packages/airflow/example_dags/example_branch_day_of_week_operator.py
[2024-01-30T18:49:30.078+0000] {processor.py:766} INFO - DAG(s) dict_keys(['example_weekday_branch_operator']) retrieved from /home/airflow/.local/lib/python3.7/site-packages/airflow/example_dags/example_branch_day_of_week_operator.py
[2024-01-30T18:49:30.151+0000] {logging_mixin.py:120} INFO - [2024-01-30T18:49:30.151+0000] {dag.py:2585} INFO - Sync 1 DAGs
[2024-01-30T18:49:30.210+0000] {logging_mixin.py:120} INFO - [2024-01-30T18:49:30.210+0000] {dag.py:3340} INFO - Setting next_dagrun for example_weekday_branch_operator to 2024-01-29T00:00:00+00:00, run_after=2024-01-30T00:00:00+00:00
[2024-01-30T18:49:30.251+0000] {processor.py:176} INFO - Processing /home/airflow/.local/lib/python3.7/site-packages/airflow/example_dags/example_branch_day_of_week_operator.py took 0.205 seconds
[2024-01-30T18:50:00.685+0000] {processor.py:154} INFO - Started process (PID=176) to work on /home/airflow/.local/lib/python3.7/site-packages/airflow/example_dags/example_branch_day_of_week_operator.py
[2024-01-30T18:50:00.688+0000] {processor.py:756} INFO - Processing file /home/airflow/.local/lib/python3.7/site-packages/airflow/example_dags/example_branch_day_of_week_operator.py for tasks to queue
[2024-01-30T18:50:00.692+0000] {logging_mixin.py:120} INFO - [2024-01-30T18:50:00.691+0000] {dagbag.py:537} INFO - Filling up the DagBag from /home/airflow/.local/lib/python3.7/site-packages/airflow/example_dags/example_branch_day_of_week_operator.py
[2024-01-30T18:50:00.720+0000] {processor.py:766} INFO - DAG(s) dict_keys(['example_weekday_branch_operator']) retrieved from /home/airflow/.local/lib/python3.7/site-packages/airflow/example_dags/example_branch_day_of_week_operator.py
[2024-01-30T18:50:00.781+0000] {logging_mixin.py:120} INFO - [2024-01-30T18:50:00.780+0000] {dag.py:2585} INFO - Sync 1 DAGs
[2024-01-30T18:50:00.823+0000] {logging_mixin.py:120} INFO - [2024-01-30T18:50:00.823+0000] {dag.py:3340} INFO - Setting next_dagrun for example_weekday_branch_operator to 2024-01-29T00:00:00+00:00, run_after=2024-01-30T00:00:00+00:00
[2024-01-30T18:50:00.860+0000] {processor.py:176} INFO - Processing /home/airflow/.local/lib/python3.7/site-packages/airflow/example_dags/example_branch_day_of_week_operator.py took 0.181 seconds
[2024-01-30T18:50:31.107+0000] {processor.py:154} INFO - Started process (PID=240) to work on /home/airflow/.local/lib/python3.7/site-packages/airflow/example_dags/example_branch_day_of_week_operator.py
[2024-01-30T18:50:31.109+0000] {processor.py:756} INFO - Processing file /home/airflow/.local/lib/python3.7/site-packages/airflow/example_dags/example_branch_day_of_week_operator.py for tasks to queue
[2024-01-30T18:50:31.111+0000] {logging_mixin.py:120} INFO - [2024-01-30T18:50:31.111+0000] {dagbag.py:537} INFO - Filling up the DagBag from /home/airflow/.local/lib/python3.7/site-packages/airflow/example_dags/example_branch_day_of_week_operator.py
[2024-01-30T18:50:31.144+0000] {processor.py:766} INFO - DAG(s) dict_keys(['example_weekday_branch_operator']) retrieved from /home/airflow/.local/lib/python3.7/site-packages/airflow/example_dags/example_branch_day_of_week_operator.py
[2024-01-30T18:50:31.210+0000] {logging_mixin.py:120} INFO - [2024-01-30T18:50:31.210+0000] {dag.py:2585} INFO - Sync 1 DAGs
[2024-01-30T18:50:31.244+0000] {logging_mixin.py:120} INFO - [2024-01-30T18:50:31.243+0000] {dag.py:3340} INFO - Setting next_dagrun for example_weekday_branch_operator to 2024-01-29T00:00:00+00:00, run_after=2024-01-30T00:00:00+00:00
[2024-01-30T18:50:31.268+0000] {processor.py:176} INFO - Processing /home/airflow/.local/lib/python3.7/site-packages/airflow/example_dags/example_branch_day_of_week_operator.py took 0.177 seconds
[2024-01-30T18:51:01.945+0000] {processor.py:154} INFO - Started process (PID=303) to work on /home/airflow/.local/lib/python3.7/site-packages/airflow/example_dags/example_branch_day_of_week_operator.py
[2024-01-30T18:51:01.947+0000] {processor.py:756} INFO - Processing file /home/airflow/.local/lib/python3.7/site-packages/airflow/example_dags/example_branch_day_of_week_operator.py for tasks to queue
[2024-01-30T18:51:01.949+0000] {logging_mixin.py:120} INFO - [2024-01-30T18:51:01.949+0000] {dagbag.py:537} INFO - Filling up the DagBag from /home/airflow/.local/lib/python3.7/site-packages/airflow/example_dags/example_branch_day_of_week_operator.py
[2024-01-30T18:51:01.972+0000] {processor.py:766} INFO - DAG(s) dict_keys(['example_weekday_branch_operator']) retrieved from /home/airflow/.local/lib/python3.7/site-packages/airflow/example_dags/example_branch_day_of_week_operator.py
[2024-01-30T18:51:02.100+0000] {logging_mixin.py:120} INFO - [2024-01-30T18:51:02.100+0000] {dag.py:2585} INFO - Sync 1 DAGs
[2024-01-30T18:51:02.146+0000] {logging_mixin.py:120} INFO - [2024-01-30T18:51:02.145+0000] {dag.py:3340} INFO - Setting next_dagrun for example_weekday_branch_operator to 2024-01-29T00:00:00+00:00, run_after=2024-01-30T00:00:00+00:00
[2024-01-30T18:51:02.179+0000] {processor.py:176} INFO - Processing /home/airflow/.local/lib/python3.7/site-packages/airflow/example_dags/example_branch_day_of_week_operator.py took 0.238 seconds
[2024-01-30T18:51:32.434+0000] {processor.py:154} INFO - Started process (PID=359) to work on /home/airflow/.local/lib/python3.7/site-packages/airflow/example_dags/example_branch_day_of_week_operator.py
[2024-01-30T18:51:32.436+0000] {processor.py:756} INFO - Processing file /home/airflow/.local/lib/python3.7/site-packages/airflow/example_dags/example_branch_day_of_week_operator.py for tasks to queue
[2024-01-30T18:51:32.437+0000] {logging_mixin.py:120} INFO - [2024-01-30T18:51:32.437+0000] {dagbag.py:537} INFO - Filling up the DagBag from /home/airflow/.local/lib/python3.7/site-packages/airflow/example_dags/example_branch_day_of_week_operator.py
[2024-01-30T18:51:32.460+0000] {processor.py:766} INFO - DAG(s) dict_keys(['example_weekday_branch_operator']) retrieved from /home/airflow/.local/lib/python3.7/site-packages/airflow/example_dags/example_branch_day_of_week_operator.py
[2024-01-30T18:51:32.554+0000] {logging_mixin.py:120} INFO - [2024-01-30T18:51:32.553+0000] {dag.py:2585} INFO - Sync 1 DAGs
[2024-01-30T18:51:32.595+0000] {logging_mixin.py:120} INFO - [2024-01-30T18:51:32.594+0000] {dag.py:3340} INFO - Setting next_dagrun for example_weekday_branch_operator to 2024-01-29T00:00:00+00:00, run_after=2024-01-30T00:00:00+00:00
[2024-01-30T18:51:32.621+0000] {processor.py:176} INFO - Processing /home/airflow/.local/lib/python3.7/site-packages/airflow/example_dags/example_branch_day_of_week_operator.py took 0.191 seconds
[2024-01-30T18:52:02.705+0000] {processor.py:154} INFO - Started process (PID=423) to work on /home/airflow/.local/lib/python3.7/site-packages/airflow/example_dags/example_branch_day_of_week_operator.py
[2024-01-30T18:52:02.706+0000] {processor.py:756} INFO - Processing file /home/airflow/.local/lib/python3.7/site-packages/airflow/example_dags/example_branch_day_of_week_operator.py for tasks to queue
[2024-01-30T18:52:02.707+0000] {logging_mixin.py:120} INFO - [2024-01-30T18:52:02.707+0000] {dagbag.py:537} INFO - Filling up the DagBag from /home/airflow/.local/lib/python3.7/site-packages/airflow/example_dags/example_branch_day_of_week_operator.py
[2024-01-30T18:52:02.734+0000] {processor.py:766} INFO - DAG(s) dict_keys(['example_weekday_branch_operator']) retrieved from /home/airflow/.local/lib/python3.7/site-packages/airflow/example_dags/example_branch_day_of_week_operator.py
[2024-01-30T18:52:02.799+0000] {logging_mixin.py:120} INFO - [2024-01-30T18:52:02.798+0000] {dag.py:2585} INFO - Sync 1 DAGs
[2024-01-30T18:52:02.838+0000] {logging_mixin.py:120} INFO - [2024-01-30T18:52:02.837+0000] {dag.py:3340} INFO - Setting next_dagrun for example_weekday_branch_operator to 2024-01-29T00:00:00+00:00, run_after=2024-01-30T00:00:00+00:00
[2024-01-30T18:52:02.868+0000] {processor.py:176} INFO - Processing /home/airflow/.local/lib/python3.7/site-packages/airflow/example_dags/example_branch_day_of_week_operator.py took 0.169 seconds
[2024-01-30T18:52:33.146+0000] {processor.py:154} INFO - Started process (PID=488) to work on /home/airflow/.local/lib/python3.7/site-packages/airflow/example_dags/example_branch_day_of_week_operator.py
[2024-01-30T18:52:33.147+0000] {processor.py:756} INFO - Processing file /home/airflow/.local/lib/python3.7/site-packages/airflow/example_dags/example_branch_day_of_week_operator.py for tasks to queue
[2024-01-30T18:52:33.148+0000] {logging_mixin.py:120} INFO - [2024-01-30T18:52:33.148+0000] {dagbag.py:537} INFO - Filling up the DagBag from /home/airflow/.local/lib/python3.7/site-packages/airflow/example_dags/example_branch_day_of_week_operator.py
[2024-01-30T18:52:33.168+0000] {processor.py:766} INFO - DAG(s) dict_keys(['example_weekday_branch_operator']) retrieved from /home/airflow/.local/lib/python3.7/site-packages/airflow/example_dags/example_branch_day_of_week_operator.py
[2024-01-30T18:52:33.218+0000] {logging_mixin.py:120} INFO - [2024-01-30T18:52:33.218+0000] {dag.py:2585} INFO - Sync 1 DAGs
[2024-01-30T18:52:33.248+0000] {logging_mixin.py:120} INFO - [2024-01-30T18:52:33.248+0000] {dag.py:3340} INFO - Setting next_dagrun for example_weekday_branch_operator to 2024-01-29T00:00:00+00:00, run_after=2024-01-30T00:00:00+00:00
[2024-01-30T18:52:33.272+0000] {processor.py:176} INFO - Processing /home/airflow/.local/lib/python3.7/site-packages/airflow/example_dags/example_branch_day_of_week_operator.py took 0.130 seconds
[2024-01-30T18:53:03.367+0000] {processor.py:154} INFO - Started process (PID=543) to work on /home/airflow/.local/lib/python3.7/site-packages/airflow/example_dags/example_branch_day_of_week_operator.py
[2024-01-30T18:53:03.369+0000] {processor.py:756} INFO - Processing file /home/airflow/.local/lib/python3.7/site-packages/airflow/example_dags/example_branch_day_of_week_operator.py for tasks to queue
[2024-01-30T18:53:03.370+0000] {logging_mixin.py:120} INFO - [2024-01-30T18:53:03.370+0000] {dagbag.py:537} INFO - Filling up the DagBag from /home/airflow/.local/lib/python3.7/site-packages/airflow/example_dags/example_branch_day_of_week_operator.py
[2024-01-30T18:53:03.397+0000] {processor.py:766} INFO - DAG(s) dict_keys(['example_weekday_branch_operator']) retrieved from /home/airflow/.local/lib/python3.7/site-packages/airflow/example_dags/example_branch_day_of_week_operator.py
[2024-01-30T18:53:03.472+0000] {logging_mixin.py:120} INFO - [2024-01-30T18:53:03.472+0000] {dag.py:2585} INFO - Sync 1 DAGs
[2024-01-30T18:53:03.527+0000] {logging_mixin.py:120} INFO - [2024-01-30T18:53:03.524+0000] {dag.py:3340} INFO - Setting next_dagrun for example_weekday_branch_operator to 2024-01-29T00:00:00+00:00, run_after=2024-01-30T00:00:00+00:00
[2024-01-30T18:53:03.555+0000] {processor.py:176} INFO - Processing /home/airflow/.local/lib/python3.7/site-packages/airflow/example_dags/example_branch_day_of_week_operator.py took 0.193 seconds
[2024-01-30T18:53:33.990+0000] {processor.py:154} INFO - Started process (PID=617) to work on /home/airflow/.local/lib/python3.7/site-packages/airflow/example_dags/example_branch_day_of_week_operator.py
[2024-01-30T18:53:33.991+0000] {processor.py:756} INFO - Processing file /home/airflow/.local/lib/python3.7/site-packages/airflow/example_dags/example_branch_day_of_week_operator.py for tasks to queue
[2024-01-30T18:53:33.992+0000] {logging_mixin.py:120} INFO - [2024-01-30T18:53:33.992+0000] {dagbag.py:537} INFO - Filling up the DagBag from /home/airflow/.local/lib/python3.7/site-packages/airflow/example_dags/example_branch_day_of_week_operator.py
[2024-01-30T18:53:34.012+0000] {processor.py:766} INFO - DAG(s) dict_keys(['example_weekday_branch_operator']) retrieved from /home/airflow/.local/lib/python3.7/site-packages/airflow/example_dags/example_branch_day_of_week_operator.py
[2024-01-30T18:53:34.061+0000] {logging_mixin.py:120} INFO - [2024-01-30T18:53:34.061+0000] {dag.py:2585} INFO - Sync 1 DAGs
[2024-01-30T18:53:34.093+0000] {logging_mixin.py:120} INFO - [2024-01-30T18:53:34.093+0000] {dag.py:3340} INFO - Setting next_dagrun for example_weekday_branch_operator to 2024-01-29T00:00:00+00:00, run_after=2024-01-30T00:00:00+00:00
[2024-01-30T18:53:34.120+0000] {processor.py:176} INFO - Processing /home/airflow/.local/lib/python3.7/site-packages/airflow/example_dags/example_branch_day_of_week_operator.py took 0.134 seconds
[2024-01-30T18:54:04.598+0000] {processor.py:154} INFO - Started process (PID=681) to work on /home/airflow/.local/lib/python3.7/site-packages/airflow/example_dags/example_branch_day_of_week_operator.py
[2024-01-30T18:54:04.599+0000] {processor.py:756} INFO - Processing file /home/airflow/.local/lib/python3.7/site-packages/airflow/example_dags/example_branch_day_of_week_operator.py for tasks to queue
[2024-01-30T18:54:04.600+0000] {logging_mixin.py:120} INFO - [2024-01-30T18:54:04.600+0000] {dagbag.py:537} INFO - Filling up the DagBag from /home/airflow/.local/lib/python3.7/site-packages/airflow/example_dags/example_branch_day_of_week_operator.py
[2024-01-30T18:54:04.621+0000] {processor.py:766} INFO - DAG(s) dict_keys(['example_weekday_branch_operator']) retrieved from /home/airflow/.local/lib/python3.7/site-packages/airflow/example_dags/example_branch_day_of_week_operator.py
[2024-01-30T18:54:04.683+0000] {logging_mixin.py:120} INFO - [2024-01-30T18:54:04.683+0000] {dag.py:2585} INFO - Sync 1 DAGs
[2024-01-30T18:54:04.718+0000] {logging_mixin.py:120} INFO - [2024-01-30T18:54:04.718+0000] {dag.py:3340} INFO - Setting next_dagrun for example_weekday_branch_operator to 2024-01-29T00:00:00+00:00, run_after=2024-01-30T00:00:00+00:00
[2024-01-30T18:54:04.746+0000] {processor.py:176} INFO - Processing /home/airflow/.local/lib/python3.7/site-packages/airflow/example_dags/example_branch_day_of_week_operator.py took 0.153 seconds
[2024-01-30T18:54:35.346+0000] {processor.py:154} INFO - Started process (PID=736) to work on /home/airflow/.local/lib/python3.7/site-packages/airflow/example_dags/example_branch_day_of_week_operator.py
[2024-01-30T18:54:35.348+0000] {processor.py:756} INFO - Processing file /home/airflow/.local/lib/python3.7/site-packages/airflow/example_dags/example_branch_day_of_week_operator.py for tasks to queue
[2024-01-30T18:54:35.350+0000] {logging_mixin.py:120} INFO - [2024-01-30T18:54:35.349+0000] {dagbag.py:537} INFO - Filling up the DagBag from /home/airflow/.local/lib/python3.7/site-packages/airflow/example_dags/example_branch_day_of_week_operator.py
[2024-01-30T18:54:35.384+0000] {processor.py:766} INFO - DAG(s) dict_keys(['example_weekday_branch_operator']) retrieved from /home/airflow/.local/lib/python3.7/site-packages/airflow/example_dags/example_branch_day_of_week_operator.py
[2024-01-30T18:54:35.451+0000] {logging_mixin.py:120} INFO - [2024-01-30T18:54:35.451+0000] {dag.py:2585} INFO - Sync 1 DAGs
[2024-01-30T18:54:35.485+0000] {logging_mixin.py:120} INFO - [2024-01-30T18:54:35.485+0000] {dag.py:3340} INFO - Setting next_dagrun for example_weekday_branch_operator to 2024-01-29T00:00:00+00:00, run_after=2024-01-30T00:00:00+00:00
[2024-01-30T18:54:35.509+0000] {processor.py:176} INFO - Processing /home/airflow/.local/lib/python3.7/site-packages/airflow/example_dags/example_branch_day_of_week_operator.py took 0.170 seconds
[2024-01-30T18:55:05.914+0000] {processor.py:154} INFO - Started process (PID=800) to work on /home/airflow/.local/lib/python3.7/site-packages/airflow/example_dags/example_branch_day_of_week_operator.py
[2024-01-30T18:55:05.916+0000] {processor.py:756} INFO - Processing file /home/airflow/.local/lib/python3.7/site-packages/airflow/example_dags/example_branch_day_of_week_operator.py for tasks to queue
[2024-01-30T18:55:05.917+0000] {logging_mixin.py:120} INFO - [2024-01-30T18:55:05.917+0000] {dagbag.py:537} INFO - Filling up the DagBag from /home/airflow/.local/lib/python3.7/site-packages/airflow/example_dags/example_branch_day_of_week_operator.py
[2024-01-30T18:55:05.940+0000] {processor.py:766} INFO - DAG(s) dict_keys(['example_weekday_branch_operator']) retrieved from /home/airflow/.local/lib/python3.7/site-packages/airflow/example_dags/example_branch_day_of_week_operator.py
[2024-01-30T18:55:05.994+0000] {logging_mixin.py:120} INFO - [2024-01-30T18:55:05.993+0000] {dag.py:2585} INFO - Sync 1 DAGs
[2024-01-30T18:55:06.026+0000] {logging_mixin.py:120} INFO - [2024-01-30T18:55:06.026+0000] {dag.py:3340} INFO - Setting next_dagrun for example_weekday_branch_operator to 2024-01-29T00:00:00+00:00, run_after=2024-01-30T00:00:00+00:00
[2024-01-30T18:55:06.049+0000] {processor.py:176} INFO - Processing /home/airflow/.local/lib/python3.7/site-packages/airflow/example_dags/example_branch_day_of_week_operator.py took 0.139 seconds
[2024-01-30T18:55:36.496+0000] {processor.py:154} INFO - Started process (PID=855) to work on /home/airflow/.local/lib/python3.7/site-packages/airflow/example_dags/example_branch_day_of_week_operator.py
[2024-01-30T18:55:36.500+0000] {processor.py:756} INFO - Processing file /home/airflow/.local/lib/python3.7/site-packages/airflow/example_dags/example_branch_day_of_week_operator.py for tasks to queue
[2024-01-30T18:55:36.501+0000] {logging_mixin.py:120} INFO - [2024-01-30T18:55:36.501+0000] {dagbag.py:537} INFO - Filling up the DagBag from /home/airflow/.local/lib/python3.7/site-packages/airflow/example_dags/example_branch_day_of_week_operator.py
[2024-01-30T18:55:36.530+0000] {processor.py:766} INFO - DAG(s) dict_keys(['example_weekday_branch_operator']) retrieved from /home/airflow/.local/lib/python3.7/site-packages/airflow/example_dags/example_branch_day_of_week_operator.py
[2024-01-30T18:55:36.620+0000] {logging_mixin.py:120} INFO - [2024-01-30T18:55:36.620+0000] {dag.py:2585} INFO - Sync 1 DAGs
[2024-01-30T18:55:36.666+0000] {logging_mixin.py:120} INFO - [2024-01-30T18:55:36.666+0000] {dag.py:3340} INFO - Setting next_dagrun for example_weekday_branch_operator to 2024-01-29T00:00:00+00:00, run_after=2024-01-30T00:00:00+00:00
[2024-01-30T18:55:36.709+0000] {processor.py:176} INFO - Processing /home/airflow/.local/lib/python3.7/site-packages/airflow/example_dags/example_branch_day_of_week_operator.py took 0.219 seconds
[2024-01-30T18:56:06.936+0000] {processor.py:154} INFO - Started process (PID=918) to work on /home/airflow/.local/lib/python3.7/site-packages/airflow/example_dags/example_branch_day_of_week_operator.py
[2024-01-30T18:56:06.939+0000] {processor.py:756} INFO - Processing file /home/airflow/.local/lib/python3.7/site-packages/airflow/example_dags/example_branch_day_of_week_operator.py for tasks to queue
[2024-01-30T18:56:06.941+0000] {logging_mixin.py:120} INFO - [2024-01-30T18:56:06.941+0000] {dagbag.py:537} INFO - Filling up the DagBag from /home/airflow/.local/lib/python3.7/site-packages/airflow/example_dags/example_branch_day_of_week_operator.py
[2024-01-30T18:56:06.965+0000] {processor.py:766} INFO - DAG(s) dict_keys(['example_weekday_branch_operator']) retrieved from /home/airflow/.local/lib/python3.7/site-packages/airflow/example_dags/example_branch_day_of_week_operator.py
[2024-01-30T18:56:07.026+0000] {logging_mixin.py:120} INFO - [2024-01-30T18:56:07.025+0000] {dag.py:2585} INFO - Sync 1 DAGs
[2024-01-30T18:56:07.080+0000] {logging_mixin.py:120} INFO - [2024-01-30T18:56:07.080+0000] {dag.py:3340} INFO - Setting next_dagrun for example_weekday_branch_operator to 2024-01-29T00:00:00+00:00, run_after=2024-01-30T00:00:00+00:00
[2024-01-30T18:56:07.113+0000] {processor.py:176} INFO - Processing /home/airflow/.local/lib/python3.7/site-packages/airflow/example_dags/example_branch_day_of_week_operator.py took 0.181 seconds
[2024-01-30T18:56:37.643+0000] {processor.py:154} INFO - Started process (PID=982) to work on /home/airflow/.local/lib/python3.7/site-packages/airflow/example_dags/example_branch_day_of_week_operator.py
[2024-01-30T18:56:37.646+0000] {processor.py:756} INFO - Processing file /home/airflow/.local/lib/python3.7/site-packages/airflow/example_dags/example_branch_day_of_week_operator.py for tasks to queue
[2024-01-30T18:56:37.648+0000] {logging_mixin.py:120} INFO - [2024-01-30T18:56:37.647+0000] {dagbag.py:537} INFO - Filling up the DagBag from /home/airflow/.local/lib/python3.7/site-packages/airflow/example_dags/example_branch_day_of_week_operator.py
[2024-01-30T18:56:37.684+0000] {processor.py:766} INFO - DAG(s) dict_keys(['example_weekday_branch_operator']) retrieved from /home/airflow/.local/lib/python3.7/site-packages/airflow/example_dags/example_branch_day_of_week_operator.py
[2024-01-30T18:56:37.825+0000] {logging_mixin.py:120} INFO - [2024-01-30T18:56:37.823+0000] {dag.py:2585} INFO - Sync 1 DAGs
[2024-01-30T18:56:37.901+0000] {logging_mixin.py:120} INFO - [2024-01-30T18:56:37.900+0000] {dag.py:3340} INFO - Setting next_dagrun for example_weekday_branch_operator to 2024-01-29T00:00:00+00:00, run_after=2024-01-30T00:00:00+00:00
[2024-01-30T18:56:37.997+0000] {processor.py:176} INFO - Processing /home/airflow/.local/lib/python3.7/site-packages/airflow/example_dags/example_branch_day_of_week_operator.py took 0.362 seconds
[2024-01-30T18:57:08.187+0000] {processor.py:154} INFO - Started process (PID=1037) to work on /home/airflow/.local/lib/python3.7/site-packages/airflow/example_dags/example_branch_day_of_week_operator.py
[2024-01-30T18:57:08.188+0000] {processor.py:756} INFO - Processing file /home/airflow/.local/lib/python3.7/site-packages/airflow/example_dags/example_branch_day_of_week_operator.py for tasks to queue
[2024-01-30T18:57:08.189+0000] {logging_mixin.py:120} INFO - [2024-01-30T18:57:08.189+0000] {dagbag.py:537} INFO - Filling up the DagBag from /home/airflow/.local/lib/python3.7/site-packages/airflow/example_dags/example_branch_day_of_week_operator.py
[2024-01-30T18:57:08.211+0000] {processor.py:766} INFO - DAG(s) dict_keys(['example_weekday_branch_operator']) retrieved from /home/airflow/.local/lib/python3.7/site-packages/airflow/example_dags/example_branch_day_of_week_operator.py
[2024-01-30T18:57:08.284+0000] {logging_mixin.py:120} INFO - [2024-01-30T18:57:08.284+0000] {dag.py:2585} INFO - Sync 1 DAGs
[2024-01-30T18:57:08.327+0000] {logging_mixin.py:120} INFO - [2024-01-30T18:57:08.327+0000] {dag.py:3340} INFO - Setting next_dagrun for example_weekday_branch_operator to 2024-01-29T00:00:00+00:00, run_after=2024-01-30T00:00:00+00:00
[2024-01-30T18:57:08.355+0000] {processor.py:176} INFO - Processing /home/airflow/.local/lib/python3.7/site-packages/airflow/example_dags/example_branch_day_of_week_operator.py took 0.172 seconds
[2024-01-30T18:57:39.312+0000] {processor.py:154} INFO - Started process (PID=1101) to work on /home/airflow/.local/lib/python3.7/site-packages/airflow/example_dags/example_branch_day_of_week_operator.py
[2024-01-30T18:57:39.314+0000] {processor.py:756} INFO - Processing file /home/airflow/.local/lib/python3.7/site-packages/airflow/example_dags/example_branch_day_of_week_operator.py for tasks to queue
[2024-01-30T18:57:39.316+0000] {logging_mixin.py:120} INFO - [2024-01-30T18:57:39.316+0000] {dagbag.py:537} INFO - Filling up the DagBag from /home/airflow/.local/lib/python3.7/site-packages/airflow/example_dags/example_branch_day_of_week_operator.py
[2024-01-30T18:57:39.340+0000] {processor.py:766} INFO - DAG(s) dict_keys(['example_weekday_branch_operator']) retrieved from /home/airflow/.local/lib/python3.7/site-packages/airflow/example_dags/example_branch_day_of_week_operator.py
[2024-01-30T18:57:39.400+0000] {logging_mixin.py:120} INFO - [2024-01-30T18:57:39.400+0000] {dag.py:2585} INFO - Sync 1 DAGs
[2024-01-30T18:57:39.446+0000] {logging_mixin.py:120} INFO - [2024-01-30T18:57:39.446+0000] {dag.py:3340} INFO - Setting next_dagrun for example_weekday_branch_operator to 2024-01-29T00:00:00+00:00, run_after=2024-01-30T00:00:00+00:00
[2024-01-30T18:57:39.479+0000] {processor.py:176} INFO - Processing /home/airflow/.local/lib/python3.7/site-packages/airflow/example_dags/example_branch_day_of_week_operator.py took 0.171 seconds
[2024-01-30T18:58:09.671+0000] {processor.py:154} INFO - Started process (PID=1165) to work on /home/airflow/.local/lib/python3.7/site-packages/airflow/example_dags/example_branch_day_of_week_operator.py
[2024-01-30T18:58:09.674+0000] {processor.py:756} INFO - Processing file /home/airflow/.local/lib/python3.7/site-packages/airflow/example_dags/example_branch_day_of_week_operator.py for tasks to queue
[2024-01-30T18:58:09.676+0000] {logging_mixin.py:120} INFO - [2024-01-30T18:58:09.675+0000] {dagbag.py:537} INFO - Filling up the DagBag from /home/airflow/.local/lib/python3.7/site-packages/airflow/example_dags/example_branch_day_of_week_operator.py
[2024-01-30T18:58:09.702+0000] {processor.py:766} INFO - DAG(s) dict_keys(['example_weekday_branch_operator']) retrieved from /home/airflow/.local/lib/python3.7/site-packages/airflow/example_dags/example_branch_day_of_week_operator.py
[2024-01-30T18:58:09.764+0000] {logging_mixin.py:120} INFO - [2024-01-30T18:58:09.764+0000] {dag.py:2585} INFO - Sync 1 DAGs
[2024-01-30T18:58:09.804+0000] {logging_mixin.py:120} INFO - [2024-01-30T18:58:09.804+0000] {dag.py:3340} INFO - Setting next_dagrun for example_weekday_branch_operator to 2024-01-29T00:00:00+00:00, run_after=2024-01-30T00:00:00+00:00
[2024-01-30T18:58:09.831+0000] {processor.py:176} INFO - Processing /home/airflow/.local/lib/python3.7/site-packages/airflow/example_dags/example_branch_day_of_week_operator.py took 0.166 seconds
[2024-01-30T18:58:40.346+0000] {processor.py:154} INFO - Started process (PID=1220) to work on /home/airflow/.local/lib/python3.7/site-packages/airflow/example_dags/example_branch_day_of_week_operator.py
[2024-01-30T18:58:40.348+0000] {processor.py:756} INFO - Processing file /home/airflow/.local/lib/python3.7/site-packages/airflow/example_dags/example_branch_day_of_week_operator.py for tasks to queue
[2024-01-30T18:58:40.350+0000] {logging_mixin.py:120} INFO - [2024-01-30T18:58:40.349+0000] {dagbag.py:537} INFO - Filling up the DagBag from /home/airflow/.local/lib/python3.7/site-packages/airflow/example_dags/example_branch_day_of_week_operator.py
[2024-01-30T18:58:40.381+0000] {processor.py:766} INFO - DAG(s) dict_keys(['example_weekday_branch_operator']) retrieved from /home/airflow/.local/lib/python3.7/site-packages/airflow/example_dags/example_branch_day_of_week_operator.py
[2024-01-30T18:58:40.455+0000] {logging_mixin.py:120} INFO - [2024-01-30T18:58:40.455+0000] {dag.py:2585} INFO - Sync 1 DAGs
[2024-01-30T18:58:40.524+0000] {logging_mixin.py:120} INFO - [2024-01-30T18:58:40.524+0000] {dag.py:3340} INFO - Setting next_dagrun for example_weekday_branch_operator to 2024-01-29T00:00:00+00:00, run_after=2024-01-30T00:00:00+00:00
[2024-01-30T18:58:40.561+0000] {processor.py:176} INFO - Processing /home/airflow/.local/lib/python3.7/site-packages/airflow/example_dags/example_branch_day_of_week_operator.py took 0.221 seconds
[2024-01-30T18:59:11.077+0000] {processor.py:154} INFO - Started process (PID=1283) to work on /home/airflow/.local/lib/python3.7/site-packages/airflow/example_dags/example_branch_day_of_week_operator.py
[2024-01-30T18:59:11.079+0000] {processor.py:756} INFO - Processing file /home/airflow/.local/lib/python3.7/site-packages/airflow/example_dags/example_branch_day_of_week_operator.py for tasks to queue
[2024-01-30T18:59:11.081+0000] {logging_mixin.py:120} INFO - [2024-01-30T18:59:11.081+0000] {dagbag.py:537} INFO - Filling up the DagBag from /home/airflow/.local/lib/python3.7/site-packages/airflow/example_dags/example_branch_day_of_week_operator.py
[2024-01-30T18:59:11.114+0000] {processor.py:766} INFO - DAG(s) dict_keys(['example_weekday_branch_operator']) retrieved from /home/airflow/.local/lib/python3.7/site-packages/airflow/example_dags/example_branch_day_of_week_operator.py
[2024-01-30T18:59:11.204+0000] {logging_mixin.py:120} INFO - [2024-01-30T18:59:11.204+0000] {dag.py:2585} INFO - Sync 1 DAGs
[2024-01-30T18:59:11.260+0000] {logging_mixin.py:120} INFO - [2024-01-30T18:59:11.260+0000] {dag.py:3340} INFO - Setting next_dagrun for example_weekday_branch_operator to 2024-01-29T00:00:00+00:00, run_after=2024-01-30T00:00:00+00:00
[2024-01-30T18:59:11.298+0000] {processor.py:176} INFO - Processing /home/airflow/.local/lib/python3.7/site-packages/airflow/example_dags/example_branch_day_of_week_operator.py took 0.231 seconds
[2024-01-30T18:59:41.766+0000] {processor.py:154} INFO - Started process (PID=1339) to work on /home/airflow/.local/lib/python3.7/site-packages/airflow/example_dags/example_branch_day_of_week_operator.py
[2024-01-30T18:59:41.768+0000] {processor.py:756} INFO - Processing file /home/airflow/.local/lib/python3.7/site-packages/airflow/example_dags/example_branch_day_of_week_operator.py for tasks to queue
[2024-01-30T18:59:41.771+0000] {logging_mixin.py:120} INFO - [2024-01-30T18:59:41.770+0000] {dagbag.py:537} INFO - Filling up the DagBag from /home/airflow/.local/lib/python3.7/site-packages/airflow/example_dags/example_branch_day_of_week_operator.py
[2024-01-30T18:59:41.809+0000] {processor.py:766} INFO - DAG(s) dict_keys(['example_weekday_branch_operator']) retrieved from /home/airflow/.local/lib/python3.7/site-packages/airflow/example_dags/example_branch_day_of_week_operator.py
[2024-01-30T18:59:41.879+0000] {logging_mixin.py:120} INFO - [2024-01-30T18:59:41.878+0000] {dag.py:2585} INFO - Sync 1 DAGs
[2024-01-30T18:59:41.915+0000] {logging_mixin.py:120} INFO - [2024-01-30T18:59:41.915+0000] {dag.py:3340} INFO - Setting next_dagrun for example_weekday_branch_operator to 2024-01-29T00:00:00+00:00, run_after=2024-01-30T00:00:00+00:00
[2024-01-30T18:59:41.942+0000] {processor.py:176} INFO - Processing /home/airflow/.local/lib/python3.7/site-packages/airflow/example_dags/example_branch_day_of_week_operator.py took 0.181 seconds
[2024-01-30T19:00:12.991+0000] {processor.py:154} INFO - Started process (PID=1403) to work on /home/airflow/.local/lib/python3.7/site-packages/airflow/example_dags/example_branch_day_of_week_operator.py
[2024-01-30T19:00:12.992+0000] {processor.py:756} INFO - Processing file /home/airflow/.local/lib/python3.7/site-packages/airflow/example_dags/example_branch_day_of_week_operator.py for tasks to queue
[2024-01-30T19:00:12.994+0000] {logging_mixin.py:120} INFO - [2024-01-30T19:00:12.994+0000] {dagbag.py:537} INFO - Filling up the DagBag from /home/airflow/.local/lib/python3.7/site-packages/airflow/example_dags/example_branch_day_of_week_operator.py
[2024-01-30T19:00:13.018+0000] {processor.py:766} INFO - DAG(s) dict_keys(['example_weekday_branch_operator']) retrieved from /home/airflow/.local/lib/python3.7/site-packages/airflow/example_dags/example_branch_day_of_week_operator.py
[2024-01-30T19:00:13.081+0000] {logging_mixin.py:120} INFO - [2024-01-30T19:00:13.080+0000] {dag.py:2585} INFO - Sync 1 DAGs
[2024-01-30T19:00:13.122+0000] {logging_mixin.py:120} INFO - [2024-01-30T19:00:13.122+0000] {dag.py:3340} INFO - Setting next_dagrun for example_weekday_branch_operator to 2024-01-29T00:00:00+00:00, run_after=2024-01-30T00:00:00+00:00
[2024-01-30T19:00:13.154+0000] {processor.py:176} INFO - Processing /home/airflow/.local/lib/python3.7/site-packages/airflow/example_dags/example_branch_day_of_week_operator.py took 0.169 seconds
[2024-01-30T19:00:43.633+0000] {processor.py:154} INFO - Started process (PID=1467) to work on /home/airflow/.local/lib/python3.7/site-packages/airflow/example_dags/example_branch_day_of_week_operator.py
[2024-01-30T19:00:43.634+0000] {processor.py:756} INFO - Processing file /home/airflow/.local/lib/python3.7/site-packages/airflow/example_dags/example_branch_day_of_week_operator.py for tasks to queue
[2024-01-30T19:00:43.636+0000] {logging_mixin.py:120} INFO - [2024-01-30T19:00:43.635+0000] {dagbag.py:537} INFO - Filling up the DagBag from /home/airflow/.local/lib/python3.7/site-packages/airflow/example_dags/example_branch_day_of_week_operator.py
[2024-01-30T19:00:43.660+0000] {processor.py:766} INFO - DAG(s) dict_keys(['example_weekday_branch_operator']) retrieved from /home/airflow/.local/lib/python3.7/site-packages/airflow/example_dags/example_branch_day_of_week_operator.py
[2024-01-30T19:00:43.740+0000] {logging_mixin.py:120} INFO - [2024-01-30T19:00:43.739+0000] {dag.py:2585} INFO - Sync 1 DAGs
[2024-01-30T19:00:43.774+0000] {logging_mixin.py:120} INFO - [2024-01-30T19:00:43.774+0000] {dag.py:3340} INFO - Setting next_dagrun for example_weekday_branch_operator to 2024-01-29T00:00:00+00:00, run_after=2024-01-30T00:00:00+00:00
[2024-01-30T19:00:43.800+0000] {processor.py:176} INFO - Processing /home/airflow/.local/lib/python3.7/site-packages/airflow/example_dags/example_branch_day_of_week_operator.py took 0.173 seconds
[2024-01-30T19:01:14.093+0000] {processor.py:154} INFO - Started process (PID=1523) to work on /home/airflow/.local/lib/python3.7/site-packages/airflow/example_dags/example_branch_day_of_week_operator.py
[2024-01-30T19:01:14.095+0000] {processor.py:756} INFO - Processing file /home/airflow/.local/lib/python3.7/site-packages/airflow/example_dags/example_branch_day_of_week_operator.py for tasks to queue
[2024-01-30T19:01:14.097+0000] {logging_mixin.py:120} INFO - [2024-01-30T19:01:14.097+0000] {dagbag.py:537} INFO - Filling up the DagBag from /home/airflow/.local/lib/python3.7/site-packages/airflow/example_dags/example_branch_day_of_week_operator.py
[2024-01-30T19:01:14.128+0000] {processor.py:766} INFO - DAG(s) dict_keys(['example_weekday_branch_operator']) retrieved from /home/airflow/.local/lib/python3.7/site-packages/airflow/example_dags/example_branch_day_of_week_operator.py
[2024-01-30T19:01:14.198+0000] {logging_mixin.py:120} INFO - [2024-01-30T19:01:14.198+0000] {dag.py:2585} INFO - Sync 1 DAGs
[2024-01-30T19:01:14.239+0000] {logging_mixin.py:120} INFO - [2024-01-30T19:01:14.239+0000] {dag.py:3340} INFO - Setting next_dagrun for example_weekday_branch_operator to 2024-01-29T00:00:00+00:00, run_after=2024-01-30T00:00:00+00:00
[2024-01-30T19:01:14.265+0000] {processor.py:176} INFO - Processing /home/airflow/.local/lib/python3.7/site-packages/airflow/example_dags/example_branch_day_of_week_operator.py took 0.179 seconds
[2024-01-30T19:01:44.993+0000] {processor.py:154} INFO - Started process (PID=1588) to work on /home/airflow/.local/lib/python3.7/site-packages/airflow/example_dags/example_branch_day_of_week_operator.py
[2024-01-30T19:01:44.994+0000] {processor.py:756} INFO - Processing file /home/airflow/.local/lib/python3.7/site-packages/airflow/example_dags/example_branch_day_of_week_operator.py for tasks to queue
[2024-01-30T19:01:44.996+0000] {logging_mixin.py:120} INFO - [2024-01-30T19:01:44.995+0000] {dagbag.py:537} INFO - Filling up the DagBag from /home/airflow/.local/lib/python3.7/site-packages/airflow/example_dags/example_branch_day_of_week_operator.py
[2024-01-30T19:01:45.017+0000] {processor.py:766} INFO - DAG(s) dict_keys(['example_weekday_branch_operator']) retrieved from /home/airflow/.local/lib/python3.7/site-packages/airflow/example_dags/example_branch_day_of_week_operator.py
[2024-01-30T19:01:45.080+0000] {logging_mixin.py:120} INFO - [2024-01-30T19:01:45.079+0000] {dag.py:2585} INFO - Sync 1 DAGs
[2024-01-30T19:01:45.131+0000] {logging_mixin.py:120} INFO - [2024-01-30T19:01:45.130+0000] {dag.py:3340} INFO - Setting next_dagrun for example_weekday_branch_operator to 2024-01-29T00:00:00+00:00, run_after=2024-01-30T00:00:00+00:00
[2024-01-30T19:01:45.173+0000] {processor.py:176} INFO - Processing /home/airflow/.local/lib/python3.7/site-packages/airflow/example_dags/example_branch_day_of_week_operator.py took 0.185 seconds
[2024-01-30T19:02:15.682+0000] {processor.py:154} INFO - Started process (PID=1652) to work on /home/airflow/.local/lib/python3.7/site-packages/airflow/example_dags/example_branch_day_of_week_operator.py
[2024-01-30T19:02:15.683+0000] {processor.py:756} INFO - Processing file /home/airflow/.local/lib/python3.7/site-packages/airflow/example_dags/example_branch_day_of_week_operator.py for tasks to queue
[2024-01-30T19:02:15.684+0000] {logging_mixin.py:120} INFO - [2024-01-30T19:02:15.684+0000] {dagbag.py:537} INFO - Filling up the DagBag from /home/airflow/.local/lib/python3.7/site-packages/airflow/example_dags/example_branch_day_of_week_operator.py
[2024-01-30T19:02:15.707+0000] {processor.py:766} INFO - DAG(s) dict_keys(['example_weekday_branch_operator']) retrieved from /home/airflow/.local/lib/python3.7/site-packages/airflow/example_dags/example_branch_day_of_week_operator.py
[2024-01-30T19:02:15.764+0000] {logging_mixin.py:120} INFO - [2024-01-30T19:02:15.764+0000] {dag.py:2585} INFO - Sync 1 DAGs
[2024-01-30T19:02:15.801+0000] {logging_mixin.py:120} INFO - [2024-01-30T19:02:15.801+0000] {dag.py:3340} INFO - Setting next_dagrun for example_weekday_branch_operator to 2024-01-29T00:00:00+00:00, run_after=2024-01-30T00:00:00+00:00
[2024-01-30T19:02:15.826+0000] {processor.py:176} INFO - Processing /home/airflow/.local/lib/python3.7/site-packages/airflow/example_dags/example_branch_day_of_week_operator.py took 0.150 seconds
[2024-01-30T19:02:46.386+0000] {processor.py:154} INFO - Started process (PID=1708) to work on /home/airflow/.local/lib/python3.7/site-packages/airflow/example_dags/example_branch_day_of_week_operator.py
[2024-01-30T19:02:46.387+0000] {processor.py:756} INFO - Processing file /home/airflow/.local/lib/python3.7/site-packages/airflow/example_dags/example_branch_day_of_week_operator.py for tasks to queue
[2024-01-30T19:02:46.389+0000] {logging_mixin.py:120} INFO - [2024-01-30T19:02:46.388+0000] {dagbag.py:537} INFO - Filling up the DagBag from /home/airflow/.local/lib/python3.7/site-packages/airflow/example_dags/example_branch_day_of_week_operator.py
[2024-01-30T19:02:46.418+0000] {processor.py:766} INFO - DAG(s) dict_keys(['example_weekday_branch_operator']) retrieved from /home/airflow/.local/lib/python3.7/site-packages/airflow/example_dags/example_branch_day_of_week_operator.py
[2024-01-30T19:02:46.474+0000] {logging_mixin.py:120} INFO - [2024-01-30T19:02:46.474+0000] {dag.py:2585} INFO - Sync 1 DAGs
[2024-01-30T19:02:46.512+0000] {logging_mixin.py:120} INFO - [2024-01-30T19:02:46.512+0000] {dag.py:3340} INFO - Setting next_dagrun for example_weekday_branch_operator to 2024-01-29T00:00:00+00:00, run_after=2024-01-30T00:00:00+00:00
[2024-01-30T19:02:46.536+0000] {processor.py:176} INFO - Processing /home/airflow/.local/lib/python3.7/site-packages/airflow/example_dags/example_branch_day_of_week_operator.py took 0.156 seconds
[2024-01-30T19:03:17.184+0000] {processor.py:154} INFO - Started process (PID=1772) to work on /home/airflow/.local/lib/python3.7/site-packages/airflow/example_dags/example_branch_day_of_week_operator.py
[2024-01-30T19:03:17.185+0000] {processor.py:756} INFO - Processing file /home/airflow/.local/lib/python3.7/site-packages/airflow/example_dags/example_branch_day_of_week_operator.py for tasks to queue
[2024-01-30T19:03:17.189+0000] {logging_mixin.py:120} INFO - [2024-01-30T19:03:17.188+0000] {dagbag.py:537} INFO - Filling up the DagBag from /home/airflow/.local/lib/python3.7/site-packages/airflow/example_dags/example_branch_day_of_week_operator.py
[2024-01-30T19:03:17.215+0000] {processor.py:766} INFO - DAG(s) dict_keys(['example_weekday_branch_operator']) retrieved from /home/airflow/.local/lib/python3.7/site-packages/airflow/example_dags/example_branch_day_of_week_operator.py
[2024-01-30T19:03:17.284+0000] {logging_mixin.py:120} INFO - [2024-01-30T19:03:17.284+0000] {dag.py:2585} INFO - Sync 1 DAGs
[2024-01-30T19:03:17.319+0000] {logging_mixin.py:120} INFO - [2024-01-30T19:03:17.319+0000] {dag.py:3340} INFO - Setting next_dagrun for example_weekday_branch_operator to 2024-01-29T00:00:00+00:00, run_after=2024-01-30T00:00:00+00:00
[2024-01-30T19:03:17.348+0000] {processor.py:176} INFO - Processing /home/airflow/.local/lib/python3.7/site-packages/airflow/example_dags/example_branch_day_of_week_operator.py took 0.170 seconds
[2024-01-30T19:03:47.541+0000] {processor.py:154} INFO - Started process (PID=1827) to work on /home/airflow/.local/lib/python3.7/site-packages/airflow/example_dags/example_branch_day_of_week_operator.py
[2024-01-30T19:03:47.543+0000] {processor.py:756} INFO - Processing file /home/airflow/.local/lib/python3.7/site-packages/airflow/example_dags/example_branch_day_of_week_operator.py for tasks to queue
[2024-01-30T19:03:47.544+0000] {logging_mixin.py:120} INFO - [2024-01-30T19:03:47.544+0000] {dagbag.py:537} INFO - Filling up the DagBag from /home/airflow/.local/lib/python3.7/site-packages/airflow/example_dags/example_branch_day_of_week_operator.py
[2024-01-30T19:03:47.574+0000] {processor.py:766} INFO - DAG(s) dict_keys(['example_weekday_branch_operator']) retrieved from /home/airflow/.local/lib/python3.7/site-packages/airflow/example_dags/example_branch_day_of_week_operator.py
[2024-01-30T19:03:47.644+0000] {logging_mixin.py:120} INFO - [2024-01-30T19:03:47.644+0000] {dag.py:2585} INFO - Sync 1 DAGs
[2024-01-30T19:03:47.684+0000] {logging_mixin.py:120} INFO - [2024-01-30T19:03:47.684+0000] {dag.py:3340} INFO - Setting next_dagrun for example_weekday_branch_operator to 2024-01-29T00:00:00+00:00, run_after=2024-01-30T00:00:00+00:00
[2024-01-30T19:03:47.722+0000] {processor.py:176} INFO - Processing /home/airflow/.local/lib/python3.7/site-packages/airflow/example_dags/example_branch_day_of_week_operator.py took 0.188 seconds
[2024-01-30T19:04:18.299+0000] {processor.py:154} INFO - Started process (PID=1890) to work on /home/airflow/.local/lib/python3.7/site-packages/airflow/example_dags/example_branch_day_of_week_operator.py
[2024-01-30T19:04:18.300+0000] {processor.py:756} INFO - Processing file /home/airflow/.local/lib/python3.7/site-packages/airflow/example_dags/example_branch_day_of_week_operator.py for tasks to queue
[2024-01-30T19:04:18.301+0000] {logging_mixin.py:120} INFO - [2024-01-30T19:04:18.301+0000] {dagbag.py:537} INFO - Filling up the DagBag from /home/airflow/.local/lib/python3.7/site-packages/airflow/example_dags/example_branch_day_of_week_operator.py
[2024-01-30T19:04:18.320+0000] {processor.py:766} INFO - DAG(s) dict_keys(['example_weekday_branch_operator']) retrieved from /home/airflow/.local/lib/python3.7/site-packages/airflow/example_dags/example_branch_day_of_week_operator.py
[2024-01-30T19:04:18.371+0000] {logging_mixin.py:120} INFO - [2024-01-30T19:04:18.371+0000] {dag.py:2585} INFO - Sync 1 DAGs
[2024-01-30T19:04:18.404+0000] {logging_mixin.py:120} INFO - [2024-01-30T19:04:18.404+0000] {dag.py:3340} INFO - Setting next_dagrun for example_weekday_branch_operator to 2024-01-29T00:00:00+00:00, run_after=2024-01-30T00:00:00+00:00
[2024-01-30T19:04:18.433+0000] {processor.py:176} INFO - Processing /home/airflow/.local/lib/python3.7/site-packages/airflow/example_dags/example_branch_day_of_week_operator.py took 0.139 seconds
[2024-01-30T19:04:48.808+0000] {processor.py:154} INFO - Started process (PID=1954) to work on /home/airflow/.local/lib/python3.7/site-packages/airflow/example_dags/example_branch_day_of_week_operator.py
[2024-01-30T19:04:48.810+0000] {processor.py:756} INFO - Processing file /home/airflow/.local/lib/python3.7/site-packages/airflow/example_dags/example_branch_day_of_week_operator.py for tasks to queue
[2024-01-30T19:04:48.812+0000] {logging_mixin.py:120} INFO - [2024-01-30T19:04:48.812+0000] {dagbag.py:537} INFO - Filling up the DagBag from /home/airflow/.local/lib/python3.7/site-packages/airflow/example_dags/example_branch_day_of_week_operator.py
[2024-01-30T19:04:48.929+0000] {processor.py:766} INFO - DAG(s) dict_keys(['example_weekday_branch_operator']) retrieved from /home/airflow/.local/lib/python3.7/site-packages/airflow/example_dags/example_branch_day_of_week_operator.py
[2024-01-30T19:04:49.046+0000] {logging_mixin.py:120} INFO - [2024-01-30T19:04:49.046+0000] {dag.py:2585} INFO - Sync 1 DAGs
[2024-01-30T19:04:49.097+0000] {logging_mixin.py:120} INFO - [2024-01-30T19:04:49.097+0000] {dag.py:3340} INFO - Setting next_dagrun for example_weekday_branch_operator to 2024-01-29T00:00:00+00:00, run_after=2024-01-30T00:00:00+00:00
[2024-01-30T19:04:49.129+0000] {processor.py:176} INFO - Processing /home/airflow/.local/lib/python3.7/site-packages/airflow/example_dags/example_branch_day_of_week_operator.py took 0.327 seconds
[2024-01-30T19:05:19.925+0000] {processor.py:154} INFO - Started process (PID=2009) to work on /home/airflow/.local/lib/python3.7/site-packages/airflow/example_dags/example_branch_day_of_week_operator.py
[2024-01-30T19:05:19.928+0000] {processor.py:756} INFO - Processing file /home/airflow/.local/lib/python3.7/site-packages/airflow/example_dags/example_branch_day_of_week_operator.py for tasks to queue
[2024-01-30T19:05:19.930+0000] {logging_mixin.py:120} INFO - [2024-01-30T19:05:19.930+0000] {dagbag.py:537} INFO - Filling up the DagBag from /home/airflow/.local/lib/python3.7/site-packages/airflow/example_dags/example_branch_day_of_week_operator.py
[2024-01-30T19:05:19.974+0000] {processor.py:766} INFO - DAG(s) dict_keys(['example_weekday_branch_operator']) retrieved from /home/airflow/.local/lib/python3.7/site-packages/airflow/example_dags/example_branch_day_of_week_operator.py
[2024-01-30T19:05:20.095+0000] {logging_mixin.py:120} INFO - [2024-01-30T19:05:20.095+0000] {dag.py:2585} INFO - Sync 1 DAGs
[2024-01-30T19:05:20.141+0000] {logging_mixin.py:120} INFO - [2024-01-30T19:05:20.141+0000] {dag.py:3340} INFO - Setting next_dagrun for example_weekday_branch_operator to 2024-01-29T00:00:00+00:00, run_after=2024-01-30T00:00:00+00:00
[2024-01-30T19:05:20.179+0000] {processor.py:176} INFO - Processing /home/airflow/.local/lib/python3.7/site-packages/airflow/example_dags/example_branch_day_of_week_operator.py took 0.262 seconds
[2024-01-30T19:05:50.338+0000] {processor.py:154} INFO - Started process (PID=2073) to work on /home/airflow/.local/lib/python3.7/site-packages/airflow/example_dags/example_branch_day_of_week_operator.py
[2024-01-30T19:05:50.340+0000] {processor.py:756} INFO - Processing file /home/airflow/.local/lib/python3.7/site-packages/airflow/example_dags/example_branch_day_of_week_operator.py for tasks to queue
[2024-01-30T19:05:50.343+0000] {logging_mixin.py:120} INFO - [2024-01-30T19:05:50.343+0000] {dagbag.py:537} INFO - Filling up the DagBag from /home/airflow/.local/lib/python3.7/site-packages/airflow/example_dags/example_branch_day_of_week_operator.py
[2024-01-30T19:05:50.375+0000] {processor.py:766} INFO - DAG(s) dict_keys(['example_weekday_branch_operator']) retrieved from /home/airflow/.local/lib/python3.7/site-packages/airflow/example_dags/example_branch_day_of_week_operator.py
[2024-01-30T19:05:50.441+0000] {logging_mixin.py:120} INFO - [2024-01-30T19:05:50.441+0000] {dag.py:2585} INFO - Sync 1 DAGs
[2024-01-30T19:05:50.477+0000] {logging_mixin.py:120} INFO - [2024-01-30T19:05:50.477+0000] {dag.py:3340} INFO - Setting next_dagrun for example_weekday_branch_operator to 2024-01-29T00:00:00+00:00, run_after=2024-01-30T00:00:00+00:00
[2024-01-30T19:05:50.504+0000] {processor.py:176} INFO - Processing /home/airflow/.local/lib/python3.7/site-packages/airflow/example_dags/example_branch_day_of_week_operator.py took 0.172 seconds
[2024-01-30T19:06:21.242+0000] {processor.py:154} INFO - Started process (PID=2139) to work on /home/airflow/.local/lib/python3.7/site-packages/airflow/example_dags/example_branch_day_of_week_operator.py
[2024-01-30T19:06:21.244+0000] {processor.py:756} INFO - Processing file /home/airflow/.local/lib/python3.7/site-packages/airflow/example_dags/example_branch_day_of_week_operator.py for tasks to queue
[2024-01-30T19:06:21.245+0000] {logging_mixin.py:120} INFO - [2024-01-30T19:06:21.245+0000] {dagbag.py:537} INFO - Filling up the DagBag from /home/airflow/.local/lib/python3.7/site-packages/airflow/example_dags/example_branch_day_of_week_operator.py
[2024-01-30T19:06:21.272+0000] {processor.py:766} INFO - DAG(s) dict_keys(['example_weekday_branch_operator']) retrieved from /home/airflow/.local/lib/python3.7/site-packages/airflow/example_dags/example_branch_day_of_week_operator.py
[2024-01-30T19:06:21.341+0000] {logging_mixin.py:120} INFO - [2024-01-30T19:06:21.341+0000] {dag.py:2585} INFO - Sync 1 DAGs
[2024-01-30T19:06:21.384+0000] {logging_mixin.py:120} INFO - [2024-01-30T19:06:21.383+0000] {dag.py:3340} INFO - Setting next_dagrun for example_weekday_branch_operator to 2024-01-29T00:00:00+00:00, run_after=2024-01-30T00:00:00+00:00
[2024-01-30T19:06:21.420+0000] {processor.py:176} INFO - Processing /home/airflow/.local/lib/python3.7/site-packages/airflow/example_dags/example_branch_day_of_week_operator.py took 0.184 seconds
[2024-01-30T19:06:51.491+0000] {processor.py:154} INFO - Started process (PID=2193) to work on /home/airflow/.local/lib/python3.7/site-packages/airflow/example_dags/example_branch_day_of_week_operator.py
[2024-01-30T19:06:51.493+0000] {processor.py:756} INFO - Processing file /home/airflow/.local/lib/python3.7/site-packages/airflow/example_dags/example_branch_day_of_week_operator.py for tasks to queue
[2024-01-30T19:06:51.494+0000] {logging_mixin.py:120} INFO - [2024-01-30T19:06:51.493+0000] {dagbag.py:537} INFO - Filling up the DagBag from /home/airflow/.local/lib/python3.7/site-packages/airflow/example_dags/example_branch_day_of_week_operator.py
[2024-01-30T19:06:51.519+0000] {processor.py:766} INFO - DAG(s) dict_keys(['example_weekday_branch_operator']) retrieved from /home/airflow/.local/lib/python3.7/site-packages/airflow/example_dags/example_branch_day_of_week_operator.py
[2024-01-30T19:06:51.581+0000] {logging_mixin.py:120} INFO - [2024-01-30T19:06:51.581+0000] {dag.py:2585} INFO - Sync 1 DAGs
[2024-01-30T19:06:51.623+0000] {logging_mixin.py:120} INFO - [2024-01-30T19:06:51.623+0000] {dag.py:3340} INFO - Setting next_dagrun for example_weekday_branch_operator to 2024-01-29T00:00:00+00:00, run_after=2024-01-30T00:00:00+00:00
[2024-01-30T19:06:51.651+0000] {processor.py:176} INFO - Processing /home/airflow/.local/lib/python3.7/site-packages/airflow/example_dags/example_branch_day_of_week_operator.py took 0.164 seconds
[2024-01-30T19:07:21.808+0000] {processor.py:154} INFO - Started process (PID=2257) to work on /home/airflow/.local/lib/python3.7/site-packages/airflow/example_dags/example_branch_day_of_week_operator.py
[2024-01-30T19:07:21.810+0000] {processor.py:756} INFO - Processing file /home/airflow/.local/lib/python3.7/site-packages/airflow/example_dags/example_branch_day_of_week_operator.py for tasks to queue
[2024-01-30T19:07:21.811+0000] {logging_mixin.py:120} INFO - [2024-01-30T19:07:21.811+0000] {dagbag.py:537} INFO - Filling up the DagBag from /home/airflow/.local/lib/python3.7/site-packages/airflow/example_dags/example_branch_day_of_week_operator.py
[2024-01-30T19:07:21.835+0000] {processor.py:766} INFO - DAG(s) dict_keys(['example_weekday_branch_operator']) retrieved from /home/airflow/.local/lib/python3.7/site-packages/airflow/example_dags/example_branch_day_of_week_operator.py
[2024-01-30T19:07:21.897+0000] {logging_mixin.py:120} INFO - [2024-01-30T19:07:21.897+0000] {dag.py:2585} INFO - Sync 1 DAGs
[2024-01-30T19:07:21.932+0000] {logging_mixin.py:120} INFO - [2024-01-30T19:07:21.932+0000] {dag.py:3340} INFO - Setting next_dagrun for example_weekday_branch_operator to 2024-01-29T00:00:00+00:00, run_after=2024-01-30T00:00:00+00:00
[2024-01-30T19:07:21.961+0000] {processor.py:176} INFO - Processing /home/airflow/.local/lib/python3.7/site-packages/airflow/example_dags/example_branch_day_of_week_operator.py took 0.158 seconds
[2024-01-30T19:07:52.259+0000] {processor.py:154} INFO - Started process (PID=2311) to work on /home/airflow/.local/lib/python3.7/site-packages/airflow/example_dags/example_branch_day_of_week_operator.py
[2024-01-30T19:07:52.261+0000] {processor.py:756} INFO - Processing file /home/airflow/.local/lib/python3.7/site-packages/airflow/example_dags/example_branch_day_of_week_operator.py for tasks to queue
[2024-01-30T19:07:52.262+0000] {logging_mixin.py:120} INFO - [2024-01-30T19:07:52.262+0000] {dagbag.py:537} INFO - Filling up the DagBag from /home/airflow/.local/lib/python3.7/site-packages/airflow/example_dags/example_branch_day_of_week_operator.py
[2024-01-30T19:07:52.286+0000] {processor.py:766} INFO - DAG(s) dict_keys(['example_weekday_branch_operator']) retrieved from /home/airflow/.local/lib/python3.7/site-packages/airflow/example_dags/example_branch_day_of_week_operator.py
[2024-01-30T19:07:52.348+0000] {logging_mixin.py:120} INFO - [2024-01-30T19:07:52.348+0000] {dag.py:2585} INFO - Sync 1 DAGs
[2024-01-30T19:07:52.401+0000] {logging_mixin.py:120} INFO - [2024-01-30T19:07:52.401+0000] {dag.py:3340} INFO - Setting next_dagrun for example_weekday_branch_operator to 2024-01-29T00:00:00+00:00, run_after=2024-01-30T00:00:00+00:00
[2024-01-30T19:07:52.439+0000] {processor.py:176} INFO - Processing /home/airflow/.local/lib/python3.7/site-packages/airflow/example_dags/example_branch_day_of_week_operator.py took 0.187 seconds
[2024-01-30T19:08:22.869+0000] {processor.py:154} INFO - Started process (PID=2377) to work on /home/airflow/.local/lib/python3.7/site-packages/airflow/example_dags/example_branch_day_of_week_operator.py
[2024-01-30T19:08:22.871+0000] {processor.py:756} INFO - Processing file /home/airflow/.local/lib/python3.7/site-packages/airflow/example_dags/example_branch_day_of_week_operator.py for tasks to queue
[2024-01-30T19:08:22.873+0000] {logging_mixin.py:120} INFO - [2024-01-30T19:08:22.872+0000] {dagbag.py:537} INFO - Filling up the DagBag from /home/airflow/.local/lib/python3.7/site-packages/airflow/example_dags/example_branch_day_of_week_operator.py
[2024-01-30T19:08:22.900+0000] {processor.py:766} INFO - DAG(s) dict_keys(['example_weekday_branch_operator']) retrieved from /home/airflow/.local/lib/python3.7/site-packages/airflow/example_dags/example_branch_day_of_week_operator.py
[2024-01-30T19:08:22.969+0000] {logging_mixin.py:120} INFO - [2024-01-30T19:08:22.969+0000] {dag.py:2585} INFO - Sync 1 DAGs
[2024-01-30T19:08:23.011+0000] {logging_mixin.py:120} INFO - [2024-01-30T19:08:23.011+0000] {dag.py:3340} INFO - Setting next_dagrun for example_weekday_branch_operator to 2024-01-29T00:00:00+00:00, run_after=2024-01-30T00:00:00+00:00
[2024-01-30T19:08:23.047+0000] {processor.py:176} INFO - Processing /home/airflow/.local/lib/python3.7/site-packages/airflow/example_dags/example_branch_day_of_week_operator.py took 0.183 seconds
[2024-01-30T19:08:53.871+0000] {processor.py:154} INFO - Started process (PID=2442) to work on /home/airflow/.local/lib/python3.7/site-packages/airflow/example_dags/example_branch_day_of_week_operator.py
[2024-01-30T19:08:53.873+0000] {processor.py:756} INFO - Processing file /home/airflow/.local/lib/python3.7/site-packages/airflow/example_dags/example_branch_day_of_week_operator.py for tasks to queue
[2024-01-30T19:08:53.875+0000] {logging_mixin.py:120} INFO - [2024-01-30T19:08:53.874+0000] {dagbag.py:537} INFO - Filling up the DagBag from /home/airflow/.local/lib/python3.7/site-packages/airflow/example_dags/example_branch_day_of_week_operator.py
[2024-01-30T19:08:53.903+0000] {processor.py:766} INFO - DAG(s) dict_keys(['example_weekday_branch_operator']) retrieved from /home/airflow/.local/lib/python3.7/site-packages/airflow/example_dags/example_branch_day_of_week_operator.py
[2024-01-30T19:08:54.022+0000] {logging_mixin.py:120} INFO - [2024-01-30T19:08:54.021+0000] {dag.py:2585} INFO - Sync 1 DAGs
[2024-01-30T19:08:54.077+0000] {logging_mixin.py:120} INFO - [2024-01-30T19:08:54.077+0000] {dag.py:3340} INFO - Setting next_dagrun for example_weekday_branch_operator to 2024-01-29T00:00:00+00:00, run_after=2024-01-30T00:00:00+00:00
[2024-01-30T19:08:54.108+0000] {processor.py:176} INFO - Processing /home/airflow/.local/lib/python3.7/site-packages/airflow/example_dags/example_branch_day_of_week_operator.py took 0.244 seconds
[2024-01-30T19:09:24.737+0000] {processor.py:154} INFO - Started process (PID=2499) to work on /home/airflow/.local/lib/python3.7/site-packages/airflow/example_dags/example_branch_day_of_week_operator.py
[2024-01-30T19:09:24.739+0000] {processor.py:756} INFO - Processing file /home/airflow/.local/lib/python3.7/site-packages/airflow/example_dags/example_branch_day_of_week_operator.py for tasks to queue
[2024-01-30T19:09:24.741+0000] {logging_mixin.py:120} INFO - [2024-01-30T19:09:24.741+0000] {dagbag.py:537} INFO - Filling up the DagBag from /home/airflow/.local/lib/python3.7/site-packages/airflow/example_dags/example_branch_day_of_week_operator.py
[2024-01-30T19:09:24.770+0000] {processor.py:766} INFO - DAG(s) dict_keys(['example_weekday_branch_operator']) retrieved from /home/airflow/.local/lib/python3.7/site-packages/airflow/example_dags/example_branch_day_of_week_operator.py
[2024-01-30T19:09:24.842+0000] {logging_mixin.py:120} INFO - [2024-01-30T19:09:24.841+0000] {dag.py:2585} INFO - Sync 1 DAGs
[2024-01-30T19:09:24.889+0000] {logging_mixin.py:120} INFO - [2024-01-30T19:09:24.888+0000] {dag.py:3340} INFO - Setting next_dagrun for example_weekday_branch_operator to 2024-01-29T00:00:00+00:00, run_after=2024-01-30T00:00:00+00:00
[2024-01-30T19:09:24.924+0000] {processor.py:176} INFO - Processing /home/airflow/.local/lib/python3.7/site-packages/airflow/example_dags/example_branch_day_of_week_operator.py took 0.194 seconds
[2024-01-30T19:09:55.465+0000] {processor.py:154} INFO - Started process (PID=2565) to work on /home/airflow/.local/lib/python3.7/site-packages/airflow/example_dags/example_branch_day_of_week_operator.py
[2024-01-30T19:09:55.467+0000] {processor.py:756} INFO - Processing file /home/airflow/.local/lib/python3.7/site-packages/airflow/example_dags/example_branch_day_of_week_operator.py for tasks to queue
[2024-01-30T19:09:55.470+0000] {logging_mixin.py:120} INFO - [2024-01-30T19:09:55.469+0000] {dagbag.py:537} INFO - Filling up the DagBag from /home/airflow/.local/lib/python3.7/site-packages/airflow/example_dags/example_branch_day_of_week_operator.py
[2024-01-30T19:09:55.496+0000] {processor.py:766} INFO - DAG(s) dict_keys(['example_weekday_branch_operator']) retrieved from /home/airflow/.local/lib/python3.7/site-packages/airflow/example_dags/example_branch_day_of_week_operator.py
[2024-01-30T19:09:55.561+0000] {logging_mixin.py:120} INFO - [2024-01-30T19:09:55.560+0000] {dag.py:2585} INFO - Sync 1 DAGs
[2024-01-30T19:09:55.627+0000] {logging_mixin.py:120} INFO - [2024-01-30T19:09:55.627+0000] {dag.py:3340} INFO - Setting next_dagrun for example_weekday_branch_operator to 2024-01-29T00:00:00+00:00, run_after=2024-01-30T00:00:00+00:00
[2024-01-30T19:09:55.669+0000] {processor.py:176} INFO - Processing /home/airflow/.local/lib/python3.7/site-packages/airflow/example_dags/example_branch_day_of_week_operator.py took 0.209 seconds
[2024-01-30T19:10:25.979+0000] {processor.py:154} INFO - Started process (PID=2628) to work on /home/airflow/.local/lib/python3.7/site-packages/airflow/example_dags/example_branch_day_of_week_operator.py
[2024-01-30T19:10:25.980+0000] {processor.py:756} INFO - Processing file /home/airflow/.local/lib/python3.7/site-packages/airflow/example_dags/example_branch_day_of_week_operator.py for tasks to queue
[2024-01-30T19:10:25.981+0000] {logging_mixin.py:120} INFO - [2024-01-30T19:10:25.981+0000] {dagbag.py:537} INFO - Filling up the DagBag from /home/airflow/.local/lib/python3.7/site-packages/airflow/example_dags/example_branch_day_of_week_operator.py
[2024-01-30T19:10:26.004+0000] {processor.py:766} INFO - DAG(s) dict_keys(['example_weekday_branch_operator']) retrieved from /home/airflow/.local/lib/python3.7/site-packages/airflow/example_dags/example_branch_day_of_week_operator.py
[2024-01-30T19:10:26.080+0000] {logging_mixin.py:120} INFO - [2024-01-30T19:10:26.079+0000] {dag.py:2585} INFO - Sync 1 DAGs
[2024-01-30T19:10:26.133+0000] {logging_mixin.py:120} INFO - [2024-01-30T19:10:26.132+0000] {dag.py:3340} INFO - Setting next_dagrun for example_weekday_branch_operator to 2024-01-29T00:00:00+00:00, run_after=2024-01-30T00:00:00+00:00
[2024-01-30T19:10:26.165+0000] {processor.py:176} INFO - Processing /home/airflow/.local/lib/python3.7/site-packages/airflow/example_dags/example_branch_day_of_week_operator.py took 0.192 seconds
[2024-01-30T19:10:56.754+0000] {processor.py:154} INFO - Started process (PID=2686) to work on /home/airflow/.local/lib/python3.7/site-packages/airflow/example_dags/example_branch_day_of_week_operator.py
[2024-01-30T19:10:56.755+0000] {processor.py:756} INFO - Processing file /home/airflow/.local/lib/python3.7/site-packages/airflow/example_dags/example_branch_day_of_week_operator.py for tasks to queue
[2024-01-30T19:10:56.757+0000] {logging_mixin.py:120} INFO - [2024-01-30T19:10:56.757+0000] {dagbag.py:537} INFO - Filling up the DagBag from /home/airflow/.local/lib/python3.7/site-packages/airflow/example_dags/example_branch_day_of_week_operator.py
[2024-01-30T19:10:56.780+0000] {processor.py:766} INFO - DAG(s) dict_keys(['example_weekday_branch_operator']) retrieved from /home/airflow/.local/lib/python3.7/site-packages/airflow/example_dags/example_branch_day_of_week_operator.py
[2024-01-30T19:10:56.836+0000] {logging_mixin.py:120} INFO - [2024-01-30T19:10:56.836+0000] {dag.py:2585} INFO - Sync 1 DAGs
[2024-01-30T19:10:56.873+0000] {logging_mixin.py:120} INFO - [2024-01-30T19:10:56.873+0000] {dag.py:3340} INFO - Setting next_dagrun for example_weekday_branch_operator to 2024-01-29T00:00:00+00:00, run_after=2024-01-30T00:00:00+00:00
[2024-01-30T19:10:56.914+0000] {processor.py:176} INFO - Processing /home/airflow/.local/lib/python3.7/site-packages/airflow/example_dags/example_branch_day_of_week_operator.py took 0.166 seconds
[2024-01-30T19:11:27.113+0000] {processor.py:154} INFO - Started process (PID=2751) to work on /home/airflow/.local/lib/python3.7/site-packages/airflow/example_dags/example_branch_day_of_week_operator.py
[2024-01-30T19:11:27.115+0000] {processor.py:756} INFO - Processing file /home/airflow/.local/lib/python3.7/site-packages/airflow/example_dags/example_branch_day_of_week_operator.py for tasks to queue
[2024-01-30T19:11:27.116+0000] {logging_mixin.py:120} INFO - [2024-01-30T19:11:27.116+0000] {dagbag.py:537} INFO - Filling up the DagBag from /home/airflow/.local/lib/python3.7/site-packages/airflow/example_dags/example_branch_day_of_week_operator.py
[2024-01-30T19:11:27.141+0000] {processor.py:766} INFO - DAG(s) dict_keys(['example_weekday_branch_operator']) retrieved from /home/airflow/.local/lib/python3.7/site-packages/airflow/example_dags/example_branch_day_of_week_operator.py
[2024-01-30T19:11:27.197+0000] {logging_mixin.py:120} INFO - [2024-01-30T19:11:27.196+0000] {dag.py:2585} INFO - Sync 1 DAGs
[2024-01-30T19:11:27.234+0000] {logging_mixin.py:120} INFO - [2024-01-30T19:11:27.233+0000] {dag.py:3340} INFO - Setting next_dagrun for example_weekday_branch_operator to 2024-01-29T00:00:00+00:00, run_after=2024-01-30T00:00:00+00:00
[2024-01-30T19:11:27.261+0000] {processor.py:176} INFO - Processing /home/airflow/.local/lib/python3.7/site-packages/airflow/example_dags/example_branch_day_of_week_operator.py took 0.152 seconds
[2024-01-30T19:11:57.660+0000] {processor.py:154} INFO - Started process (PID=2809) to work on /home/airflow/.local/lib/python3.7/site-packages/airflow/example_dags/example_branch_day_of_week_operator.py
[2024-01-30T19:11:57.662+0000] {processor.py:756} INFO - Processing file /home/airflow/.local/lib/python3.7/site-packages/airflow/example_dags/example_branch_day_of_week_operator.py for tasks to queue
[2024-01-30T19:11:57.663+0000] {logging_mixin.py:120} INFO - [2024-01-30T19:11:57.663+0000] {dagbag.py:537} INFO - Filling up the DagBag from /home/airflow/.local/lib/python3.7/site-packages/airflow/example_dags/example_branch_day_of_week_operator.py
[2024-01-30T19:11:57.689+0000] {processor.py:766} INFO - DAG(s) dict_keys(['example_weekday_branch_operator']) retrieved from /home/airflow/.local/lib/python3.7/site-packages/airflow/example_dags/example_branch_day_of_week_operator.py
[2024-01-30T19:11:57.749+0000] {logging_mixin.py:120} INFO - [2024-01-30T19:11:57.749+0000] {dag.py:2585} INFO - Sync 1 DAGs
[2024-01-30T19:11:57.789+0000] {logging_mixin.py:120} INFO - [2024-01-30T19:11:57.789+0000] {dag.py:3340} INFO - Setting next_dagrun for example_weekday_branch_operator to 2024-01-29T00:00:00+00:00, run_after=2024-01-30T00:00:00+00:00
[2024-01-30T19:11:57.820+0000] {processor.py:176} INFO - Processing /home/airflow/.local/lib/python3.7/site-packages/airflow/example_dags/example_branch_day_of_week_operator.py took 0.164 seconds
[2024-01-30T19:12:28.094+0000] {processor.py:154} INFO - Started process (PID=2876) to work on /home/airflow/.local/lib/python3.7/site-packages/airflow/example_dags/example_branch_day_of_week_operator.py
[2024-01-30T19:12:28.097+0000] {processor.py:756} INFO - Processing file /home/airflow/.local/lib/python3.7/site-packages/airflow/example_dags/example_branch_day_of_week_operator.py for tasks to queue
[2024-01-30T19:12:28.099+0000] {logging_mixin.py:120} INFO - [2024-01-30T19:12:28.098+0000] {dagbag.py:537} INFO - Filling up the DagBag from /home/airflow/.local/lib/python3.7/site-packages/airflow/example_dags/example_branch_day_of_week_operator.py
[2024-01-30T19:12:28.126+0000] {processor.py:766} INFO - DAG(s) dict_keys(['example_weekday_branch_operator']) retrieved from /home/airflow/.local/lib/python3.7/site-packages/airflow/example_dags/example_branch_day_of_week_operator.py
[2024-01-30T19:12:28.186+0000] {logging_mixin.py:120} INFO - [2024-01-30T19:12:28.186+0000] {dag.py:2585} INFO - Sync 1 DAGs
[2024-01-30T19:12:28.224+0000] {logging_mixin.py:120} INFO - [2024-01-30T19:12:28.224+0000] {dag.py:3340} INFO - Setting next_dagrun for example_weekday_branch_operator to 2024-01-29T00:00:00+00:00, run_after=2024-01-30T00:00:00+00:00
[2024-01-30T19:12:28.254+0000] {processor.py:176} INFO - Processing /home/airflow/.local/lib/python3.7/site-packages/airflow/example_dags/example_branch_day_of_week_operator.py took 0.166 seconds
[2024-01-30T19:12:58.610+0000] {processor.py:154} INFO - Started process (PID=2941) to work on /home/airflow/.local/lib/python3.7/site-packages/airflow/example_dags/example_branch_day_of_week_operator.py
[2024-01-30T19:12:58.612+0000] {processor.py:756} INFO - Processing file /home/airflow/.local/lib/python3.7/site-packages/airflow/example_dags/example_branch_day_of_week_operator.py for tasks to queue
[2024-01-30T19:12:58.613+0000] {logging_mixin.py:120} INFO - [2024-01-30T19:12:58.613+0000] {dagbag.py:537} INFO - Filling up the DagBag from /home/airflow/.local/lib/python3.7/site-packages/airflow/example_dags/example_branch_day_of_week_operator.py
[2024-01-30T19:12:58.639+0000] {processor.py:766} INFO - DAG(s) dict_keys(['example_weekday_branch_operator']) retrieved from /home/airflow/.local/lib/python3.7/site-packages/airflow/example_dags/example_branch_day_of_week_operator.py
[2024-01-30T19:12:58.714+0000] {logging_mixin.py:120} INFO - [2024-01-30T19:12:58.714+0000] {dag.py:2585} INFO - Sync 1 DAGs
[2024-01-30T19:12:58.769+0000] {logging_mixin.py:120} INFO - [2024-01-30T19:12:58.769+0000] {dag.py:3340} INFO - Setting next_dagrun for example_weekday_branch_operator to 2024-01-29T00:00:00+00:00, run_after=2024-01-30T00:00:00+00:00
[2024-01-30T19:12:58.810+0000] {processor.py:176} INFO - Processing /home/airflow/.local/lib/python3.7/site-packages/airflow/example_dags/example_branch_day_of_week_operator.py took 0.204 seconds
[2024-01-30T19:13:29.237+0000] {processor.py:154} INFO - Started process (PID=2997) to work on /home/airflow/.local/lib/python3.7/site-packages/airflow/example_dags/example_branch_day_of_week_operator.py
[2024-01-30T19:13:29.239+0000] {processor.py:756} INFO - Processing file /home/airflow/.local/lib/python3.7/site-packages/airflow/example_dags/example_branch_day_of_week_operator.py for tasks to queue
[2024-01-30T19:13:29.241+0000] {logging_mixin.py:120} INFO - [2024-01-30T19:13:29.240+0000] {dagbag.py:537} INFO - Filling up the DagBag from /home/airflow/.local/lib/python3.7/site-packages/airflow/example_dags/example_branch_day_of_week_operator.py
[2024-01-30T19:13:29.266+0000] {processor.py:766} INFO - DAG(s) dict_keys(['example_weekday_branch_operator']) retrieved from /home/airflow/.local/lib/python3.7/site-packages/airflow/example_dags/example_branch_day_of_week_operator.py
[2024-01-30T19:13:29.333+0000] {logging_mixin.py:120} INFO - [2024-01-30T19:13:29.332+0000] {dag.py:2585} INFO - Sync 1 DAGs
[2024-01-30T19:13:29.377+0000] {logging_mixin.py:120} INFO - [2024-01-30T19:13:29.377+0000] {dag.py:3340} INFO - Setting next_dagrun for example_weekday_branch_operator to 2024-01-29T00:00:00+00:00, run_after=2024-01-30T00:00:00+00:00
[2024-01-30T19:13:29.411+0000] {processor.py:176} INFO - Processing /home/airflow/.local/lib/python3.7/site-packages/airflow/example_dags/example_branch_day_of_week_operator.py took 0.180 seconds
[2024-01-30T19:13:59.604+0000] {processor.py:154} INFO - Started process (PID=3062) to work on /home/airflow/.local/lib/python3.7/site-packages/airflow/example_dags/example_branch_day_of_week_operator.py
[2024-01-30T19:13:59.606+0000] {processor.py:756} INFO - Processing file /home/airflow/.local/lib/python3.7/site-packages/airflow/example_dags/example_branch_day_of_week_operator.py for tasks to queue
[2024-01-30T19:13:59.608+0000] {logging_mixin.py:120} INFO - [2024-01-30T19:13:59.607+0000] {dagbag.py:537} INFO - Filling up the DagBag from /home/airflow/.local/lib/python3.7/site-packages/airflow/example_dags/example_branch_day_of_week_operator.py
[2024-01-30T19:13:59.642+0000] {processor.py:766} INFO - DAG(s) dict_keys(['example_weekday_branch_operator']) retrieved from /home/airflow/.local/lib/python3.7/site-packages/airflow/example_dags/example_branch_day_of_week_operator.py
[2024-01-30T19:13:59.729+0000] {logging_mixin.py:120} INFO - [2024-01-30T19:13:59.729+0000] {dag.py:2585} INFO - Sync 1 DAGs
[2024-01-30T19:13:59.791+0000] {logging_mixin.py:120} INFO - [2024-01-30T19:13:59.791+0000] {dag.py:3340} INFO - Setting next_dagrun for example_weekday_branch_operator to 2024-01-29T00:00:00+00:00, run_after=2024-01-30T00:00:00+00:00
[2024-01-30T19:13:59.830+0000] {processor.py:176} INFO - Processing /home/airflow/.local/lib/python3.7/site-packages/airflow/example_dags/example_branch_day_of_week_operator.py took 0.235 seconds
[2024-01-30T19:14:30.141+0000] {processor.py:154} INFO - Started process (PID=3118) to work on /home/airflow/.local/lib/python3.7/site-packages/airflow/example_dags/example_branch_day_of_week_operator.py
[2024-01-30T19:14:30.143+0000] {processor.py:756} INFO - Processing file /home/airflow/.local/lib/python3.7/site-packages/airflow/example_dags/example_branch_day_of_week_operator.py for tasks to queue
[2024-01-30T19:14:30.145+0000] {logging_mixin.py:120} INFO - [2024-01-30T19:14:30.145+0000] {dagbag.py:537} INFO - Filling up the DagBag from /home/airflow/.local/lib/python3.7/site-packages/airflow/example_dags/example_branch_day_of_week_operator.py
[2024-01-30T19:14:30.171+0000] {processor.py:766} INFO - DAG(s) dict_keys(['example_weekday_branch_operator']) retrieved from /home/airflow/.local/lib/python3.7/site-packages/airflow/example_dags/example_branch_day_of_week_operator.py
[2024-01-30T19:14:30.236+0000] {logging_mixin.py:120} INFO - [2024-01-30T19:14:30.235+0000] {dag.py:2585} INFO - Sync 1 DAGs
[2024-01-30T19:14:30.279+0000] {logging_mixin.py:120} INFO - [2024-01-30T19:14:30.278+0000] {dag.py:3340} INFO - Setting next_dagrun for example_weekday_branch_operator to 2024-01-29T00:00:00+00:00, run_after=2024-01-30T00:00:00+00:00
[2024-01-30T19:14:30.313+0000] {processor.py:176} INFO - Processing /home/airflow/.local/lib/python3.7/site-packages/airflow/example_dags/example_branch_day_of_week_operator.py took 0.177 seconds
[2024-01-30T19:15:00.472+0000] {processor.py:154} INFO - Started process (PID=3183) to work on /home/airflow/.local/lib/python3.7/site-packages/airflow/example_dags/example_branch_day_of_week_operator.py
[2024-01-30T19:15:00.475+0000] {processor.py:756} INFO - Processing file /home/airflow/.local/lib/python3.7/site-packages/airflow/example_dags/example_branch_day_of_week_operator.py for tasks to queue
[2024-01-30T19:15:00.476+0000] {logging_mixin.py:120} INFO - [2024-01-30T19:15:00.476+0000] {dagbag.py:537} INFO - Filling up the DagBag from /home/airflow/.local/lib/python3.7/site-packages/airflow/example_dags/example_branch_day_of_week_operator.py
[2024-01-30T19:15:00.503+0000] {processor.py:766} INFO - DAG(s) dict_keys(['example_weekday_branch_operator']) retrieved from /home/airflow/.local/lib/python3.7/site-packages/airflow/example_dags/example_branch_day_of_week_operator.py
[2024-01-30T19:15:00.567+0000] {logging_mixin.py:120} INFO - [2024-01-30T19:15:00.566+0000] {dag.py:2585} INFO - Sync 1 DAGs
[2024-01-30T19:15:00.614+0000] {logging_mixin.py:120} INFO - [2024-01-30T19:15:00.614+0000] {dag.py:3340} INFO - Setting next_dagrun for example_weekday_branch_operator to 2024-01-29T00:00:00+00:00, run_after=2024-01-30T00:00:00+00:00
[2024-01-30T19:15:00.738+0000] {processor.py:176} INFO - Processing /home/airflow/.local/lib/python3.7/site-packages/airflow/example_dags/example_branch_day_of_week_operator.py took 0.271 seconds
[2024-01-30T19:15:31.378+0000] {processor.py:154} INFO - Started process (PID=3248) to work on /home/airflow/.local/lib/python3.7/site-packages/airflow/example_dags/example_branch_day_of_week_operator.py
[2024-01-30T19:15:31.380+0000] {processor.py:756} INFO - Processing file /home/airflow/.local/lib/python3.7/site-packages/airflow/example_dags/example_branch_day_of_week_operator.py for tasks to queue
[2024-01-30T19:15:31.381+0000] {logging_mixin.py:120} INFO - [2024-01-30T19:15:31.381+0000] {dagbag.py:537} INFO - Filling up the DagBag from /home/airflow/.local/lib/python3.7/site-packages/airflow/example_dags/example_branch_day_of_week_operator.py
[2024-01-30T19:15:31.412+0000] {processor.py:766} INFO - DAG(s) dict_keys(['example_weekday_branch_operator']) retrieved from /home/airflow/.local/lib/python3.7/site-packages/airflow/example_dags/example_branch_day_of_week_operator.py
[2024-01-30T19:15:31.479+0000] {logging_mixin.py:120} INFO - [2024-01-30T19:15:31.479+0000] {dag.py:2585} INFO - Sync 1 DAGs
[2024-01-30T19:15:31.521+0000] {logging_mixin.py:120} INFO - [2024-01-30T19:15:31.521+0000] {dag.py:3340} INFO - Setting next_dagrun for example_weekday_branch_operator to 2024-01-29T00:00:00+00:00, run_after=2024-01-30T00:00:00+00:00
[2024-01-30T19:15:31.549+0000] {processor.py:176} INFO - Processing /home/airflow/.local/lib/python3.7/site-packages/airflow/example_dags/example_branch_day_of_week_operator.py took 0.178 seconds
[2024-01-30T19:16:01.617+0000] {processor.py:154} INFO - Started process (PID=3303) to work on /home/airflow/.local/lib/python3.7/site-packages/airflow/example_dags/example_branch_day_of_week_operator.py
[2024-01-30T19:16:01.618+0000] {processor.py:756} INFO - Processing file /home/airflow/.local/lib/python3.7/site-packages/airflow/example_dags/example_branch_day_of_week_operator.py for tasks to queue
[2024-01-30T19:16:01.620+0000] {logging_mixin.py:120} INFO - [2024-01-30T19:16:01.620+0000] {dagbag.py:537} INFO - Filling up the DagBag from /home/airflow/.local/lib/python3.7/site-packages/airflow/example_dags/example_branch_day_of_week_operator.py
[2024-01-30T19:16:01.648+0000] {processor.py:766} INFO - DAG(s) dict_keys(['example_weekday_branch_operator']) retrieved from /home/airflow/.local/lib/python3.7/site-packages/airflow/example_dags/example_branch_day_of_week_operator.py
[2024-01-30T19:16:01.711+0000] {logging_mixin.py:120} INFO - [2024-01-30T19:16:01.711+0000] {dag.py:2585} INFO - Sync 1 DAGs
[2024-01-30T19:16:01.751+0000] {logging_mixin.py:120} INFO - [2024-01-30T19:16:01.751+0000] {dag.py:3340} INFO - Setting next_dagrun for example_weekday_branch_operator to 2024-01-29T00:00:00+00:00, run_after=2024-01-30T00:00:00+00:00
[2024-01-30T19:16:01.782+0000] {processor.py:176} INFO - Processing /home/airflow/.local/lib/python3.7/site-packages/airflow/example_dags/example_branch_day_of_week_operator.py took 0.171 seconds
[2024-01-30T19:16:32.309+0000] {processor.py:154} INFO - Started process (PID=3369) to work on /home/airflow/.local/lib/python3.7/site-packages/airflow/example_dags/example_branch_day_of_week_operator.py
[2024-01-30T19:16:32.311+0000] {processor.py:756} INFO - Processing file /home/airflow/.local/lib/python3.7/site-packages/airflow/example_dags/example_branch_day_of_week_operator.py for tasks to queue
[2024-01-30T19:16:32.312+0000] {logging_mixin.py:120} INFO - [2024-01-30T19:16:32.312+0000] {dagbag.py:537} INFO - Filling up the DagBag from /home/airflow/.local/lib/python3.7/site-packages/airflow/example_dags/example_branch_day_of_week_operator.py
[2024-01-30T19:16:32.333+0000] {processor.py:766} INFO - DAG(s) dict_keys(['example_weekday_branch_operator']) retrieved from /home/airflow/.local/lib/python3.7/site-packages/airflow/example_dags/example_branch_day_of_week_operator.py
[2024-01-30T19:16:32.404+0000] {logging_mixin.py:120} INFO - [2024-01-30T19:16:32.404+0000] {dag.py:2585} INFO - Sync 1 DAGs
[2024-01-30T19:16:32.473+0000] {logging_mixin.py:120} INFO - [2024-01-30T19:16:32.473+0000] {dag.py:3340} INFO - Setting next_dagrun for example_weekday_branch_operator to 2024-01-29T00:00:00+00:00, run_after=2024-01-30T00:00:00+00:00
[2024-01-30T19:16:32.511+0000] {processor.py:176} INFO - Processing /home/airflow/.local/lib/python3.7/site-packages/airflow/example_dags/example_branch_day_of_week_operator.py took 0.203 seconds
[2024-01-30T19:17:02.807+0000] {processor.py:154} INFO - Started process (PID=3434) to work on /home/airflow/.local/lib/python3.7/site-packages/airflow/example_dags/example_branch_day_of_week_operator.py
[2024-01-30T19:17:02.812+0000] {processor.py:756} INFO - Processing file /home/airflow/.local/lib/python3.7/site-packages/airflow/example_dags/example_branch_day_of_week_operator.py for tasks to queue
[2024-01-30T19:17:02.815+0000] {logging_mixin.py:120} INFO - [2024-01-30T19:17:02.814+0000] {dagbag.py:537} INFO - Filling up the DagBag from /home/airflow/.local/lib/python3.7/site-packages/airflow/example_dags/example_branch_day_of_week_operator.py
[2024-01-30T19:17:02.846+0000] {processor.py:766} INFO - DAG(s) dict_keys(['example_weekday_branch_operator']) retrieved from /home/airflow/.local/lib/python3.7/site-packages/airflow/example_dags/example_branch_day_of_week_operator.py
[2024-01-30T19:17:02.916+0000] {logging_mixin.py:120} INFO - [2024-01-30T19:17:02.915+0000] {dag.py:2585} INFO - Sync 1 DAGs
[2024-01-30T19:17:02.955+0000] {logging_mixin.py:120} INFO - [2024-01-30T19:17:02.955+0000] {dag.py:3340} INFO - Setting next_dagrun for example_weekday_branch_operator to 2024-01-29T00:00:00+00:00, run_after=2024-01-30T00:00:00+00:00
[2024-01-30T19:17:02.983+0000] {processor.py:176} INFO - Processing /home/airflow/.local/lib/python3.7/site-packages/airflow/example_dags/example_branch_day_of_week_operator.py took 0.182 seconds
[2024-01-30T19:17:33.341+0000] {processor.py:154} INFO - Started process (PID=3489) to work on /home/airflow/.local/lib/python3.7/site-packages/airflow/example_dags/example_branch_day_of_week_operator.py
[2024-01-30T19:17:33.343+0000] {processor.py:756} INFO - Processing file /home/airflow/.local/lib/python3.7/site-packages/airflow/example_dags/example_branch_day_of_week_operator.py for tasks to queue
[2024-01-30T19:17:33.344+0000] {logging_mixin.py:120} INFO - [2024-01-30T19:17:33.344+0000] {dagbag.py:537} INFO - Filling up the DagBag from /home/airflow/.local/lib/python3.7/site-packages/airflow/example_dags/example_branch_day_of_week_operator.py
[2024-01-30T19:17:33.369+0000] {processor.py:766} INFO - DAG(s) dict_keys(['example_weekday_branch_operator']) retrieved from /home/airflow/.local/lib/python3.7/site-packages/airflow/example_dags/example_branch_day_of_week_operator.py
[2024-01-30T19:17:33.450+0000] {logging_mixin.py:120} INFO - [2024-01-30T19:17:33.450+0000] {dag.py:2585} INFO - Sync 1 DAGs
[2024-01-30T19:17:33.509+0000] {logging_mixin.py:120} INFO - [2024-01-30T19:17:33.508+0000] {dag.py:3340} INFO - Setting next_dagrun for example_weekday_branch_operator to 2024-01-29T00:00:00+00:00, run_after=2024-01-30T00:00:00+00:00
[2024-01-30T19:17:33.553+0000] {processor.py:176} INFO - Processing /home/airflow/.local/lib/python3.7/site-packages/airflow/example_dags/example_branch_day_of_week_operator.py took 0.217 seconds
[2024-01-30T19:18:04.166+0000] {processor.py:154} INFO - Started process (PID=3554) to work on /home/airflow/.local/lib/python3.7/site-packages/airflow/example_dags/example_branch_day_of_week_operator.py
[2024-01-30T19:18:04.168+0000] {processor.py:756} INFO - Processing file /home/airflow/.local/lib/python3.7/site-packages/airflow/example_dags/example_branch_day_of_week_operator.py for tasks to queue
[2024-01-30T19:18:04.170+0000] {logging_mixin.py:120} INFO - [2024-01-30T19:18:04.170+0000] {dagbag.py:537} INFO - Filling up the DagBag from /home/airflow/.local/lib/python3.7/site-packages/airflow/example_dags/example_branch_day_of_week_operator.py
[2024-01-30T19:18:04.199+0000] {processor.py:766} INFO - DAG(s) dict_keys(['example_weekday_branch_operator']) retrieved from /home/airflow/.local/lib/python3.7/site-packages/airflow/example_dags/example_branch_day_of_week_operator.py
[2024-01-30T19:18:04.261+0000] {logging_mixin.py:120} INFO - [2024-01-30T19:18:04.261+0000] {dag.py:2585} INFO - Sync 1 DAGs
[2024-01-30T19:18:04.328+0000] {logging_mixin.py:120} INFO - [2024-01-30T19:18:04.323+0000] {dag.py:3340} INFO - Setting next_dagrun for example_weekday_branch_operator to 2024-01-29T00:00:00+00:00, run_after=2024-01-30T00:00:00+00:00
[2024-01-30T19:18:04.369+0000] {processor.py:176} INFO - Processing /home/airflow/.local/lib/python3.7/site-packages/airflow/example_dags/example_branch_day_of_week_operator.py took 0.211 seconds
