[2024-01-30T18:49:08.639+0000] {processor.py:154} INFO - Started process (PID=76) to work on /home/airflow/.local/lib/python3.7/site-packages/airflow/example_dags/example_branch_operator_decorator.py
[2024-01-30T18:49:08.642+0000] {processor.py:756} INFO - Processing file /home/airflow/.local/lib/python3.7/site-packages/airflow/example_dags/example_branch_operator_decorator.py for tasks to queue
[2024-01-30T18:49:08.652+0000] {logging_mixin.py:120} INFO - [2024-01-30T18:49:08.652+0000] {dagbag.py:537} INFO - Filling up the DagBag from /home/airflow/.local/lib/python3.7/site-packages/airflow/example_dags/example_branch_operator_decorator.py
[2024-01-30T18:49:08.911+0000] {processor.py:766} INFO - DAG(s) dict_keys(['example_branch_python_operator_decorator']) retrieved from /home/airflow/.local/lib/python3.7/site-packages/airflow/example_dags/example_branch_operator_decorator.py
[2024-01-30T18:49:09.347+0000] {logging_mixin.py:120} INFO - [2024-01-30T18:49:09.347+0000] {dag.py:2585} INFO - Sync 1 DAGs
[2024-01-30T18:49:09.559+0000] {logging_mixin.py:120} INFO - [2024-01-30T18:49:09.559+0000] {dag.py:3340} INFO - Setting next_dagrun for example_branch_python_operator_decorator to 2024-01-29T00:00:00+00:00, run_after=2024-01-30T00:00:00+00:00
[2024-01-30T18:49:09.898+0000] {processor.py:176} INFO - Processing /home/airflow/.local/lib/python3.7/site-packages/airflow/example_dags/example_branch_operator_decorator.py took 1.276 seconds
[2024-01-30T18:49:40.000+0000] {processor.py:154} INFO - Started process (PID=141) to work on /home/airflow/.local/lib/python3.7/site-packages/airflow/example_dags/example_branch_operator_decorator.py
[2024-01-30T18:49:40.002+0000] {processor.py:756} INFO - Processing file /home/airflow/.local/lib/python3.7/site-packages/airflow/example_dags/example_branch_operator_decorator.py for tasks to queue
[2024-01-30T18:49:40.004+0000] {logging_mixin.py:120} INFO - [2024-01-30T18:49:40.004+0000] {dagbag.py:537} INFO - Filling up the DagBag from /home/airflow/.local/lib/python3.7/site-packages/airflow/example_dags/example_branch_operator_decorator.py
[2024-01-30T18:49:40.075+0000] {processor.py:766} INFO - DAG(s) dict_keys(['example_branch_python_operator_decorator']) retrieved from /home/airflow/.local/lib/python3.7/site-packages/airflow/example_dags/example_branch_operator_decorator.py
[2024-01-30T18:49:40.160+0000] {logging_mixin.py:120} INFO - [2024-01-30T18:49:40.160+0000] {dag.py:2585} INFO - Sync 1 DAGs
[2024-01-30T18:49:40.206+0000] {logging_mixin.py:120} INFO - [2024-01-30T18:49:40.205+0000] {dag.py:3340} INFO - Setting next_dagrun for example_branch_python_operator_decorator to 2024-01-29T00:00:00+00:00, run_after=2024-01-30T00:00:00+00:00
[2024-01-30T18:49:40.246+0000] {processor.py:176} INFO - Processing /home/airflow/.local/lib/python3.7/site-packages/airflow/example_dags/example_branch_operator_decorator.py took 0.253 seconds
[2024-01-30T18:50:10.446+0000] {processor.py:154} INFO - Started process (PID=197) to work on /home/airflow/.local/lib/python3.7/site-packages/airflow/example_dags/example_branch_operator_decorator.py
[2024-01-30T18:50:10.448+0000] {processor.py:756} INFO - Processing file /home/airflow/.local/lib/python3.7/site-packages/airflow/example_dags/example_branch_operator_decorator.py for tasks to queue
[2024-01-30T18:50:10.450+0000] {logging_mixin.py:120} INFO - [2024-01-30T18:50:10.450+0000] {dagbag.py:537} INFO - Filling up the DagBag from /home/airflow/.local/lib/python3.7/site-packages/airflow/example_dags/example_branch_operator_decorator.py
[2024-01-30T18:50:10.492+0000] {processor.py:766} INFO - DAG(s) dict_keys(['example_branch_python_operator_decorator']) retrieved from /home/airflow/.local/lib/python3.7/site-packages/airflow/example_dags/example_branch_operator_decorator.py
[2024-01-30T18:50:10.560+0000] {logging_mixin.py:120} INFO - [2024-01-30T18:50:10.560+0000] {dag.py:2585} INFO - Sync 1 DAGs
[2024-01-30T18:50:10.608+0000] {logging_mixin.py:120} INFO - [2024-01-30T18:50:10.607+0000] {dag.py:3340} INFO - Setting next_dagrun for example_branch_python_operator_decorator to 2024-01-29T00:00:00+00:00, run_after=2024-01-30T00:00:00+00:00
[2024-01-30T18:50:10.646+0000] {processor.py:176} INFO - Processing /home/airflow/.local/lib/python3.7/site-packages/airflow/example_dags/example_branch_operator_decorator.py took 0.205 seconds
[2024-01-30T18:50:41.483+0000] {processor.py:154} INFO - Started process (PID=261) to work on /home/airflow/.local/lib/python3.7/site-packages/airflow/example_dags/example_branch_operator_decorator.py
[2024-01-30T18:50:41.485+0000] {processor.py:756} INFO - Processing file /home/airflow/.local/lib/python3.7/site-packages/airflow/example_dags/example_branch_operator_decorator.py for tasks to queue
[2024-01-30T18:50:41.487+0000] {logging_mixin.py:120} INFO - [2024-01-30T18:50:41.486+0000] {dagbag.py:537} INFO - Filling up the DagBag from /home/airflow/.local/lib/python3.7/site-packages/airflow/example_dags/example_branch_operator_decorator.py
[2024-01-30T18:50:41.531+0000] {processor.py:766} INFO - DAG(s) dict_keys(['example_branch_python_operator_decorator']) retrieved from /home/airflow/.local/lib/python3.7/site-packages/airflow/example_dags/example_branch_operator_decorator.py
[2024-01-30T18:50:41.600+0000] {logging_mixin.py:120} INFO - [2024-01-30T18:50:41.600+0000] {dag.py:2585} INFO - Sync 1 DAGs
[2024-01-30T18:50:41.637+0000] {logging_mixin.py:120} INFO - [2024-01-30T18:50:41.637+0000] {dag.py:3340} INFO - Setting next_dagrun for example_branch_python_operator_decorator to 2024-01-29T00:00:00+00:00, run_after=2024-01-30T00:00:00+00:00
[2024-01-30T18:50:41.666+0000] {processor.py:176} INFO - Processing /home/airflow/.local/lib/python3.7/site-packages/airflow/example_dags/example_branch_operator_decorator.py took 0.190 seconds
[2024-01-30T18:51:12.366+0000] {processor.py:154} INFO - Started process (PID=324) to work on /home/airflow/.local/lib/python3.7/site-packages/airflow/example_dags/example_branch_operator_decorator.py
[2024-01-30T18:51:12.368+0000] {processor.py:756} INFO - Processing file /home/airflow/.local/lib/python3.7/site-packages/airflow/example_dags/example_branch_operator_decorator.py for tasks to queue
[2024-01-30T18:51:12.370+0000] {logging_mixin.py:120} INFO - [2024-01-30T18:51:12.369+0000] {dagbag.py:537} INFO - Filling up the DagBag from /home/airflow/.local/lib/python3.7/site-packages/airflow/example_dags/example_branch_operator_decorator.py
[2024-01-30T18:51:12.417+0000] {processor.py:766} INFO - DAG(s) dict_keys(['example_branch_python_operator_decorator']) retrieved from /home/airflow/.local/lib/python3.7/site-packages/airflow/example_dags/example_branch_operator_decorator.py
[2024-01-30T18:51:12.482+0000] {logging_mixin.py:120} INFO - [2024-01-30T18:51:12.482+0000] {dag.py:2585} INFO - Sync 1 DAGs
[2024-01-30T18:51:12.519+0000] {logging_mixin.py:120} INFO - [2024-01-30T18:51:12.518+0000] {dag.py:3340} INFO - Setting next_dagrun for example_branch_python_operator_decorator to 2024-01-29T00:00:00+00:00, run_after=2024-01-30T00:00:00+00:00
[2024-01-30T18:51:12.546+0000] {processor.py:176} INFO - Processing /home/airflow/.local/lib/python3.7/site-packages/airflow/example_dags/example_branch_operator_decorator.py took 0.187 seconds
[2024-01-30T18:51:43.142+0000] {processor.py:154} INFO - Started process (PID=381) to work on /home/airflow/.local/lib/python3.7/site-packages/airflow/example_dags/example_branch_operator_decorator.py
[2024-01-30T18:51:43.144+0000] {processor.py:756} INFO - Processing file /home/airflow/.local/lib/python3.7/site-packages/airflow/example_dags/example_branch_operator_decorator.py for tasks to queue
[2024-01-30T18:51:43.145+0000] {logging_mixin.py:120} INFO - [2024-01-30T18:51:43.145+0000] {dagbag.py:537} INFO - Filling up the DagBag from /home/airflow/.local/lib/python3.7/site-packages/airflow/example_dags/example_branch_operator_decorator.py
[2024-01-30T18:51:43.177+0000] {processor.py:766} INFO - DAG(s) dict_keys(['example_branch_python_operator_decorator']) retrieved from /home/airflow/.local/lib/python3.7/site-packages/airflow/example_dags/example_branch_operator_decorator.py
[2024-01-30T18:51:43.229+0000] {logging_mixin.py:120} INFO - [2024-01-30T18:51:43.228+0000] {dag.py:2585} INFO - Sync 1 DAGs
[2024-01-30T18:51:43.265+0000] {logging_mixin.py:120} INFO - [2024-01-30T18:51:43.265+0000] {dag.py:3340} INFO - Setting next_dagrun for example_branch_python_operator_decorator to 2024-01-29T00:00:00+00:00, run_after=2024-01-30T00:00:00+00:00
[2024-01-30T18:51:43.288+0000] {processor.py:176} INFO - Processing /home/airflow/.local/lib/python3.7/site-packages/airflow/example_dags/example_branch_operator_decorator.py took 0.150 seconds
[2024-01-30T18:52:13.721+0000] {processor.py:154} INFO - Started process (PID=447) to work on /home/airflow/.local/lib/python3.7/site-packages/airflow/example_dags/example_branch_operator_decorator.py
[2024-01-30T18:52:13.722+0000] {processor.py:756} INFO - Processing file /home/airflow/.local/lib/python3.7/site-packages/airflow/example_dags/example_branch_operator_decorator.py for tasks to queue
[2024-01-30T18:52:13.724+0000] {logging_mixin.py:120} INFO - [2024-01-30T18:52:13.724+0000] {dagbag.py:537} INFO - Filling up the DagBag from /home/airflow/.local/lib/python3.7/site-packages/airflow/example_dags/example_branch_operator_decorator.py
[2024-01-30T18:52:13.758+0000] {processor.py:766} INFO - DAG(s) dict_keys(['example_branch_python_operator_decorator']) retrieved from /home/airflow/.local/lib/python3.7/site-packages/airflow/example_dags/example_branch_operator_decorator.py
[2024-01-30T18:52:13.811+0000] {logging_mixin.py:120} INFO - [2024-01-30T18:52:13.811+0000] {dag.py:2585} INFO - Sync 1 DAGs
[2024-01-30T18:52:13.842+0000] {logging_mixin.py:120} INFO - [2024-01-30T18:52:13.842+0000] {dag.py:3340} INFO - Setting next_dagrun for example_branch_python_operator_decorator to 2024-01-29T00:00:00+00:00, run_after=2024-01-30T00:00:00+00:00
[2024-01-30T18:52:13.866+0000] {processor.py:176} INFO - Processing /home/airflow/.local/lib/python3.7/site-packages/airflow/example_dags/example_branch_operator_decorator.py took 0.150 seconds
[2024-01-30T18:52:44.712+0000] {processor.py:154} INFO - Started process (PID=511) to work on /home/airflow/.local/lib/python3.7/site-packages/airflow/example_dags/example_branch_operator_decorator.py
[2024-01-30T18:52:44.714+0000] {processor.py:756} INFO - Processing file /home/airflow/.local/lib/python3.7/site-packages/airflow/example_dags/example_branch_operator_decorator.py for tasks to queue
[2024-01-30T18:52:44.715+0000] {logging_mixin.py:120} INFO - [2024-01-30T18:52:44.715+0000] {dagbag.py:537} INFO - Filling up the DagBag from /home/airflow/.local/lib/python3.7/site-packages/airflow/example_dags/example_branch_operator_decorator.py
[2024-01-30T18:52:44.752+0000] {processor.py:766} INFO - DAG(s) dict_keys(['example_branch_python_operator_decorator']) retrieved from /home/airflow/.local/lib/python3.7/site-packages/airflow/example_dags/example_branch_operator_decorator.py
[2024-01-30T18:52:44.805+0000] {logging_mixin.py:120} INFO - [2024-01-30T18:52:44.805+0000] {dag.py:2585} INFO - Sync 1 DAGs
[2024-01-30T18:52:44.838+0000] {logging_mixin.py:120} INFO - [2024-01-30T18:52:44.838+0000] {dag.py:3340} INFO - Setting next_dagrun for example_branch_python_operator_decorator to 2024-01-29T00:00:00+00:00, run_after=2024-01-30T00:00:00+00:00
[2024-01-30T18:52:44.862+0000] {processor.py:176} INFO - Processing /home/airflow/.local/lib/python3.7/site-packages/airflow/example_dags/example_branch_operator_decorator.py took 0.155 seconds
[2024-01-30T18:53:15.137+0000] {processor.py:154} INFO - Started process (PID=566) to work on /home/airflow/.local/lib/python3.7/site-packages/airflow/example_dags/example_branch_operator_decorator.py
[2024-01-30T18:53:15.138+0000] {processor.py:756} INFO - Processing file /home/airflow/.local/lib/python3.7/site-packages/airflow/example_dags/example_branch_operator_decorator.py for tasks to queue
[2024-01-30T18:53:15.140+0000] {logging_mixin.py:120} INFO - [2024-01-30T18:53:15.140+0000] {dagbag.py:537} INFO - Filling up the DagBag from /home/airflow/.local/lib/python3.7/site-packages/airflow/example_dags/example_branch_operator_decorator.py
[2024-01-30T18:53:15.174+0000] {processor.py:766} INFO - DAG(s) dict_keys(['example_branch_python_operator_decorator']) retrieved from /home/airflow/.local/lib/python3.7/site-packages/airflow/example_dags/example_branch_operator_decorator.py
[2024-01-30T18:53:15.230+0000] {logging_mixin.py:120} INFO - [2024-01-30T18:53:15.229+0000] {dag.py:2585} INFO - Sync 1 DAGs
[2024-01-30T18:53:15.272+0000] {logging_mixin.py:120} INFO - [2024-01-30T18:53:15.272+0000] {dag.py:3340} INFO - Setting next_dagrun for example_branch_python_operator_decorator to 2024-01-29T00:00:00+00:00, run_after=2024-01-30T00:00:00+00:00
[2024-01-30T18:53:15.298+0000] {processor.py:176} INFO - Processing /home/airflow/.local/lib/python3.7/site-packages/airflow/example_dags/example_branch_operator_decorator.py took 0.165 seconds
[2024-01-30T18:53:45.443+0000] {processor.py:154} INFO - Started process (PID=640) to work on /home/airflow/.local/lib/python3.7/site-packages/airflow/example_dags/example_branch_operator_decorator.py
[2024-01-30T18:53:45.445+0000] {processor.py:756} INFO - Processing file /home/airflow/.local/lib/python3.7/site-packages/airflow/example_dags/example_branch_operator_decorator.py for tasks to queue
[2024-01-30T18:53:45.446+0000] {logging_mixin.py:120} INFO - [2024-01-30T18:53:45.446+0000] {dagbag.py:537} INFO - Filling up the DagBag from /home/airflow/.local/lib/python3.7/site-packages/airflow/example_dags/example_branch_operator_decorator.py
[2024-01-30T18:53:45.495+0000] {processor.py:766} INFO - DAG(s) dict_keys(['example_branch_python_operator_decorator']) retrieved from /home/airflow/.local/lib/python3.7/site-packages/airflow/example_dags/example_branch_operator_decorator.py
[2024-01-30T18:53:45.579+0000] {logging_mixin.py:120} INFO - [2024-01-30T18:53:45.579+0000] {dag.py:2585} INFO - Sync 1 DAGs
[2024-01-30T18:53:45.624+0000] {logging_mixin.py:120} INFO - [2024-01-30T18:53:45.624+0000] {dag.py:3340} INFO - Setting next_dagrun for example_branch_python_operator_decorator to 2024-01-29T00:00:00+00:00, run_after=2024-01-30T00:00:00+00:00
[2024-01-30T18:53:45.650+0000] {processor.py:176} INFO - Processing /home/airflow/.local/lib/python3.7/site-packages/airflow/example_dags/example_branch_operator_decorator.py took 0.215 seconds
[2024-01-30T18:54:16.232+0000] {processor.py:154} INFO - Started process (PID=704) to work on /home/airflow/.local/lib/python3.7/site-packages/airflow/example_dags/example_branch_operator_decorator.py
[2024-01-30T18:54:16.234+0000] {processor.py:756} INFO - Processing file /home/airflow/.local/lib/python3.7/site-packages/airflow/example_dags/example_branch_operator_decorator.py for tasks to queue
[2024-01-30T18:54:16.235+0000] {logging_mixin.py:120} INFO - [2024-01-30T18:54:16.235+0000] {dagbag.py:537} INFO - Filling up the DagBag from /home/airflow/.local/lib/python3.7/site-packages/airflow/example_dags/example_branch_operator_decorator.py
[2024-01-30T18:54:16.273+0000] {processor.py:766} INFO - DAG(s) dict_keys(['example_branch_python_operator_decorator']) retrieved from /home/airflow/.local/lib/python3.7/site-packages/airflow/example_dags/example_branch_operator_decorator.py
[2024-01-30T18:54:16.343+0000] {logging_mixin.py:120} INFO - [2024-01-30T18:54:16.342+0000] {dag.py:2585} INFO - Sync 1 DAGs
[2024-01-30T18:54:16.386+0000] {logging_mixin.py:120} INFO - [2024-01-30T18:54:16.386+0000] {dag.py:3340} INFO - Setting next_dagrun for example_branch_python_operator_decorator to 2024-01-29T00:00:00+00:00, run_after=2024-01-30T00:00:00+00:00
[2024-01-30T18:54:16.426+0000] {processor.py:176} INFO - Processing /home/airflow/.local/lib/python3.7/site-packages/airflow/example_dags/example_branch_operator_decorator.py took 0.198 seconds
[2024-01-30T18:54:46.669+0000] {processor.py:154} INFO - Started process (PID=759) to work on /home/airflow/.local/lib/python3.7/site-packages/airflow/example_dags/example_branch_operator_decorator.py
[2024-01-30T18:54:46.671+0000] {processor.py:756} INFO - Processing file /home/airflow/.local/lib/python3.7/site-packages/airflow/example_dags/example_branch_operator_decorator.py for tasks to queue
[2024-01-30T18:54:46.673+0000] {logging_mixin.py:120} INFO - [2024-01-30T18:54:46.672+0000] {dagbag.py:537} INFO - Filling up the DagBag from /home/airflow/.local/lib/python3.7/site-packages/airflow/example_dags/example_branch_operator_decorator.py
[2024-01-30T18:54:46.728+0000] {processor.py:766} INFO - DAG(s) dict_keys(['example_branch_python_operator_decorator']) retrieved from /home/airflow/.local/lib/python3.7/site-packages/airflow/example_dags/example_branch_operator_decorator.py
[2024-01-30T18:54:46.823+0000] {logging_mixin.py:120} INFO - [2024-01-30T18:54:46.822+0000] {dag.py:2585} INFO - Sync 1 DAGs
[2024-01-30T18:54:46.882+0000] {logging_mixin.py:120} INFO - [2024-01-30T18:54:46.881+0000] {dag.py:3340} INFO - Setting next_dagrun for example_branch_python_operator_decorator to 2024-01-29T00:00:00+00:00, run_after=2024-01-30T00:00:00+00:00
[2024-01-30T18:54:46.942+0000] {processor.py:176} INFO - Processing /home/airflow/.local/lib/python3.7/site-packages/airflow/example_dags/example_branch_operator_decorator.py took 0.278 seconds
[2024-01-30T18:55:17.561+0000] {processor.py:154} INFO - Started process (PID=823) to work on /home/airflow/.local/lib/python3.7/site-packages/airflow/example_dags/example_branch_operator_decorator.py
[2024-01-30T18:55:17.563+0000] {processor.py:756} INFO - Processing file /home/airflow/.local/lib/python3.7/site-packages/airflow/example_dags/example_branch_operator_decorator.py for tasks to queue
[2024-01-30T18:55:17.564+0000] {logging_mixin.py:120} INFO - [2024-01-30T18:55:17.564+0000] {dagbag.py:537} INFO - Filling up the DagBag from /home/airflow/.local/lib/python3.7/site-packages/airflow/example_dags/example_branch_operator_decorator.py
[2024-01-30T18:55:17.603+0000] {processor.py:766} INFO - DAG(s) dict_keys(['example_branch_python_operator_decorator']) retrieved from /home/airflow/.local/lib/python3.7/site-packages/airflow/example_dags/example_branch_operator_decorator.py
[2024-01-30T18:55:17.670+0000] {logging_mixin.py:120} INFO - [2024-01-30T18:55:17.670+0000] {dag.py:2585} INFO - Sync 1 DAGs
[2024-01-30T18:55:17.716+0000] {logging_mixin.py:120} INFO - [2024-01-30T18:55:17.716+0000] {dag.py:3340} INFO - Setting next_dagrun for example_branch_python_operator_decorator to 2024-01-29T00:00:00+00:00, run_after=2024-01-30T00:00:00+00:00
[2024-01-30T18:55:17.758+0000] {processor.py:176} INFO - Processing /home/airflow/.local/lib/python3.7/site-packages/airflow/example_dags/example_branch_operator_decorator.py took 0.202 seconds
[2024-01-30T18:55:48.243+0000] {processor.py:154} INFO - Started process (PID=884) to work on /home/airflow/.local/lib/python3.7/site-packages/airflow/example_dags/example_branch_operator_decorator.py
[2024-01-30T18:55:48.244+0000] {processor.py:756} INFO - Processing file /home/airflow/.local/lib/python3.7/site-packages/airflow/example_dags/example_branch_operator_decorator.py for tasks to queue
[2024-01-30T18:55:48.246+0000] {logging_mixin.py:120} INFO - [2024-01-30T18:55:48.245+0000] {dagbag.py:537} INFO - Filling up the DagBag from /home/airflow/.local/lib/python3.7/site-packages/airflow/example_dags/example_branch_operator_decorator.py
[2024-01-30T18:55:48.288+0000] {processor.py:766} INFO - DAG(s) dict_keys(['example_branch_python_operator_decorator']) retrieved from /home/airflow/.local/lib/python3.7/site-packages/airflow/example_dags/example_branch_operator_decorator.py
[2024-01-30T18:55:48.352+0000] {logging_mixin.py:120} INFO - [2024-01-30T18:55:48.351+0000] {dag.py:2585} INFO - Sync 1 DAGs
[2024-01-30T18:55:48.419+0000] {logging_mixin.py:120} INFO - [2024-01-30T18:55:48.419+0000] {dag.py:3340} INFO - Setting next_dagrun for example_branch_python_operator_decorator to 2024-01-29T00:00:00+00:00, run_after=2024-01-30T00:00:00+00:00
[2024-01-30T18:55:48.461+0000] {processor.py:176} INFO - Processing /home/airflow/.local/lib/python3.7/site-packages/airflow/example_dags/example_branch_operator_decorator.py took 0.225 seconds
[2024-01-30T18:56:18.544+0000] {processor.py:154} INFO - Started process (PID=941) to work on /home/airflow/.local/lib/python3.7/site-packages/airflow/example_dags/example_branch_operator_decorator.py
[2024-01-30T18:56:18.545+0000] {processor.py:756} INFO - Processing file /home/airflow/.local/lib/python3.7/site-packages/airflow/example_dags/example_branch_operator_decorator.py for tasks to queue
[2024-01-30T18:56:18.547+0000] {logging_mixin.py:120} INFO - [2024-01-30T18:56:18.546+0000] {dagbag.py:537} INFO - Filling up the DagBag from /home/airflow/.local/lib/python3.7/site-packages/airflow/example_dags/example_branch_operator_decorator.py
[2024-01-30T18:56:18.587+0000] {processor.py:766} INFO - DAG(s) dict_keys(['example_branch_python_operator_decorator']) retrieved from /home/airflow/.local/lib/python3.7/site-packages/airflow/example_dags/example_branch_operator_decorator.py
[2024-01-30T18:56:18.653+0000] {logging_mixin.py:120} INFO - [2024-01-30T18:56:18.653+0000] {dag.py:2585} INFO - Sync 1 DAGs
[2024-01-30T18:56:18.704+0000] {logging_mixin.py:120} INFO - [2024-01-30T18:56:18.704+0000] {dag.py:3340} INFO - Setting next_dagrun for example_branch_python_operator_decorator to 2024-01-29T00:00:00+00:00, run_after=2024-01-30T00:00:00+00:00
[2024-01-30T18:56:18.750+0000] {processor.py:176} INFO - Processing /home/airflow/.local/lib/python3.7/site-packages/airflow/example_dags/example_branch_operator_decorator.py took 0.212 seconds
[2024-01-30T18:56:49.059+0000] {processor.py:154} INFO - Started process (PID=1005) to work on /home/airflow/.local/lib/python3.7/site-packages/airflow/example_dags/example_branch_operator_decorator.py
[2024-01-30T18:56:49.061+0000] {processor.py:756} INFO - Processing file /home/airflow/.local/lib/python3.7/site-packages/airflow/example_dags/example_branch_operator_decorator.py for tasks to queue
[2024-01-30T18:56:49.063+0000] {logging_mixin.py:120} INFO - [2024-01-30T18:56:49.062+0000] {dagbag.py:537} INFO - Filling up the DagBag from /home/airflow/.local/lib/python3.7/site-packages/airflow/example_dags/example_branch_operator_decorator.py
[2024-01-30T18:56:49.110+0000] {processor.py:766} INFO - DAG(s) dict_keys(['example_branch_python_operator_decorator']) retrieved from /home/airflow/.local/lib/python3.7/site-packages/airflow/example_dags/example_branch_operator_decorator.py
[2024-01-30T18:56:49.181+0000] {logging_mixin.py:120} INFO - [2024-01-30T18:56:49.181+0000] {dag.py:2585} INFO - Sync 1 DAGs
[2024-01-30T18:56:49.222+0000] {logging_mixin.py:120} INFO - [2024-01-30T18:56:49.221+0000] {dag.py:3340} INFO - Setting next_dagrun for example_branch_python_operator_decorator to 2024-01-29T00:00:00+00:00, run_after=2024-01-30T00:00:00+00:00
[2024-01-30T18:56:49.254+0000] {processor.py:176} INFO - Processing /home/airflow/.local/lib/python3.7/site-packages/airflow/example_dags/example_branch_operator_decorator.py took 0.201 seconds
[2024-01-30T18:57:19.642+0000] {processor.py:154} INFO - Started process (PID=1060) to work on /home/airflow/.local/lib/python3.7/site-packages/airflow/example_dags/example_branch_operator_decorator.py
[2024-01-30T18:57:19.645+0000] {processor.py:756} INFO - Processing file /home/airflow/.local/lib/python3.7/site-packages/airflow/example_dags/example_branch_operator_decorator.py for tasks to queue
[2024-01-30T18:57:19.647+0000] {logging_mixin.py:120} INFO - [2024-01-30T18:57:19.646+0000] {dagbag.py:537} INFO - Filling up the DagBag from /home/airflow/.local/lib/python3.7/site-packages/airflow/example_dags/example_branch_operator_decorator.py
[2024-01-30T18:57:19.680+0000] {processor.py:766} INFO - DAG(s) dict_keys(['example_branch_python_operator_decorator']) retrieved from /home/airflow/.local/lib/python3.7/site-packages/airflow/example_dags/example_branch_operator_decorator.py
[2024-01-30T18:57:19.756+0000] {logging_mixin.py:120} INFO - [2024-01-30T18:57:19.756+0000] {dag.py:2585} INFO - Sync 1 DAGs
[2024-01-30T18:57:19.791+0000] {logging_mixin.py:120} INFO - [2024-01-30T18:57:19.791+0000] {dag.py:3340} INFO - Setting next_dagrun for example_branch_python_operator_decorator to 2024-01-29T00:00:00+00:00, run_after=2024-01-30T00:00:00+00:00
[2024-01-30T18:57:19.825+0000] {processor.py:176} INFO - Processing /home/airflow/.local/lib/python3.7/site-packages/airflow/example_dags/example_branch_operator_decorator.py took 0.186 seconds
[2024-01-30T18:57:50.188+0000] {processor.py:154} INFO - Started process (PID=1124) to work on /home/airflow/.local/lib/python3.7/site-packages/airflow/example_dags/example_branch_operator_decorator.py
[2024-01-30T18:57:50.190+0000] {processor.py:756} INFO - Processing file /home/airflow/.local/lib/python3.7/site-packages/airflow/example_dags/example_branch_operator_decorator.py for tasks to queue
[2024-01-30T18:57:50.192+0000] {logging_mixin.py:120} INFO - [2024-01-30T18:57:50.192+0000] {dagbag.py:537} INFO - Filling up the DagBag from /home/airflow/.local/lib/python3.7/site-packages/airflow/example_dags/example_branch_operator_decorator.py
[2024-01-30T18:57:50.229+0000] {processor.py:766} INFO - DAG(s) dict_keys(['example_branch_python_operator_decorator']) retrieved from /home/airflow/.local/lib/python3.7/site-packages/airflow/example_dags/example_branch_operator_decorator.py
[2024-01-30T18:57:50.286+0000] {logging_mixin.py:120} INFO - [2024-01-30T18:57:50.286+0000] {dag.py:2585} INFO - Sync 1 DAGs
[2024-01-30T18:57:50.323+0000] {logging_mixin.py:120} INFO - [2024-01-30T18:57:50.323+0000] {dag.py:3340} INFO - Setting next_dagrun for example_branch_python_operator_decorator to 2024-01-29T00:00:00+00:00, run_after=2024-01-30T00:00:00+00:00
[2024-01-30T18:57:50.351+0000] {processor.py:176} INFO - Processing /home/airflow/.local/lib/python3.7/site-packages/airflow/example_dags/example_branch_operator_decorator.py took 0.168 seconds
[2024-01-30T18:58:20.494+0000] {processor.py:154} INFO - Started process (PID=1188) to work on /home/airflow/.local/lib/python3.7/site-packages/airflow/example_dags/example_branch_operator_decorator.py
[2024-01-30T18:58:20.495+0000] {processor.py:756} INFO - Processing file /home/airflow/.local/lib/python3.7/site-packages/airflow/example_dags/example_branch_operator_decorator.py for tasks to queue
[2024-01-30T18:58:20.496+0000] {logging_mixin.py:120} INFO - [2024-01-30T18:58:20.496+0000] {dagbag.py:537} INFO - Filling up the DagBag from /home/airflow/.local/lib/python3.7/site-packages/airflow/example_dags/example_branch_operator_decorator.py
[2024-01-30T18:58:20.528+0000] {processor.py:766} INFO - DAG(s) dict_keys(['example_branch_python_operator_decorator']) retrieved from /home/airflow/.local/lib/python3.7/site-packages/airflow/example_dags/example_branch_operator_decorator.py
[2024-01-30T18:58:20.596+0000] {logging_mixin.py:120} INFO - [2024-01-30T18:58:20.596+0000] {dag.py:2585} INFO - Sync 1 DAGs
[2024-01-30T18:58:20.641+0000] {logging_mixin.py:120} INFO - [2024-01-30T18:58:20.641+0000] {dag.py:3340} INFO - Setting next_dagrun for example_branch_python_operator_decorator to 2024-01-29T00:00:00+00:00, run_after=2024-01-30T00:00:00+00:00
[2024-01-30T18:58:20.676+0000] {processor.py:176} INFO - Processing /home/airflow/.local/lib/python3.7/site-packages/airflow/example_dags/example_branch_operator_decorator.py took 0.186 seconds
[2024-01-30T18:58:50.933+0000] {processor.py:154} INFO - Started process (PID=1242) to work on /home/airflow/.local/lib/python3.7/site-packages/airflow/example_dags/example_branch_operator_decorator.py
[2024-01-30T18:58:50.934+0000] {processor.py:756} INFO - Processing file /home/airflow/.local/lib/python3.7/site-packages/airflow/example_dags/example_branch_operator_decorator.py for tasks to queue
[2024-01-30T18:58:50.937+0000] {logging_mixin.py:120} INFO - [2024-01-30T18:58:50.936+0000] {dagbag.py:537} INFO - Filling up the DagBag from /home/airflow/.local/lib/python3.7/site-packages/airflow/example_dags/example_branch_operator_decorator.py
[2024-01-30T18:58:50.977+0000] {processor.py:766} INFO - DAG(s) dict_keys(['example_branch_python_operator_decorator']) retrieved from /home/airflow/.local/lib/python3.7/site-packages/airflow/example_dags/example_branch_operator_decorator.py
[2024-01-30T18:58:51.065+0000] {logging_mixin.py:120} INFO - [2024-01-30T18:58:51.064+0000] {dag.py:2585} INFO - Sync 1 DAGs
[2024-01-30T18:58:51.138+0000] {logging_mixin.py:120} INFO - [2024-01-30T18:58:51.138+0000] {dag.py:3340} INFO - Setting next_dagrun for example_branch_python_operator_decorator to 2024-01-29T00:00:00+00:00, run_after=2024-01-30T00:00:00+00:00
[2024-01-30T18:58:51.191+0000] {processor.py:176} INFO - Processing /home/airflow/.local/lib/python3.7/site-packages/airflow/example_dags/example_branch_operator_decorator.py took 0.263 seconds
[2024-01-30T18:59:21.788+0000] {processor.py:154} INFO - Started process (PID=1305) to work on /home/airflow/.local/lib/python3.7/site-packages/airflow/example_dags/example_branch_operator_decorator.py
[2024-01-30T18:59:21.792+0000] {processor.py:756} INFO - Processing file /home/airflow/.local/lib/python3.7/site-packages/airflow/example_dags/example_branch_operator_decorator.py for tasks to queue
[2024-01-30T18:59:21.793+0000] {logging_mixin.py:120} INFO - [2024-01-30T18:59:21.793+0000] {dagbag.py:537} INFO - Filling up the DagBag from /home/airflow/.local/lib/python3.7/site-packages/airflow/example_dags/example_branch_operator_decorator.py
[2024-01-30T18:59:21.882+0000] {processor.py:766} INFO - DAG(s) dict_keys(['example_branch_python_operator_decorator']) retrieved from /home/airflow/.local/lib/python3.7/site-packages/airflow/example_dags/example_branch_operator_decorator.py
[2024-01-30T18:59:21.967+0000] {logging_mixin.py:120} INFO - [2024-01-30T18:59:21.967+0000] {dag.py:2585} INFO - Sync 1 DAGs
[2024-01-30T18:59:22.094+0000] {logging_mixin.py:120} INFO - [2024-01-30T18:59:22.094+0000] {dag.py:3340} INFO - Setting next_dagrun for example_branch_python_operator_decorator to 2024-01-29T00:00:00+00:00, run_after=2024-01-30T00:00:00+00:00
[2024-01-30T18:59:22.139+0000] {processor.py:176} INFO - Processing /home/airflow/.local/lib/python3.7/site-packages/airflow/example_dags/example_branch_operator_decorator.py took 0.367 seconds
[2024-01-30T18:59:52.605+0000] {processor.py:154} INFO - Started process (PID=1361) to work on /home/airflow/.local/lib/python3.7/site-packages/airflow/example_dags/example_branch_operator_decorator.py
[2024-01-30T18:59:52.608+0000] {processor.py:756} INFO - Processing file /home/airflow/.local/lib/python3.7/site-packages/airflow/example_dags/example_branch_operator_decorator.py for tasks to queue
[2024-01-30T18:59:52.611+0000] {logging_mixin.py:120} INFO - [2024-01-30T18:59:52.611+0000] {dagbag.py:537} INFO - Filling up the DagBag from /home/airflow/.local/lib/python3.7/site-packages/airflow/example_dags/example_branch_operator_decorator.py
[2024-01-30T18:59:52.669+0000] {processor.py:766} INFO - DAG(s) dict_keys(['example_branch_python_operator_decorator']) retrieved from /home/airflow/.local/lib/python3.7/site-packages/airflow/example_dags/example_branch_operator_decorator.py
[2024-01-30T18:59:52.737+0000] {logging_mixin.py:120} INFO - [2024-01-30T18:59:52.736+0000] {dag.py:2585} INFO - Sync 1 DAGs
[2024-01-30T18:59:52.787+0000] {logging_mixin.py:120} INFO - [2024-01-30T18:59:52.786+0000] {dag.py:3340} INFO - Setting next_dagrun for example_branch_python_operator_decorator to 2024-01-29T00:00:00+00:00, run_after=2024-01-30T00:00:00+00:00
[2024-01-30T18:59:52.823+0000] {processor.py:176} INFO - Processing /home/airflow/.local/lib/python3.7/site-packages/airflow/example_dags/example_branch_operator_decorator.py took 0.227 seconds
[2024-01-30T19:00:23.647+0000] {processor.py:154} INFO - Started process (PID=1425) to work on /home/airflow/.local/lib/python3.7/site-packages/airflow/example_dags/example_branch_operator_decorator.py
[2024-01-30T19:00:23.648+0000] {processor.py:756} INFO - Processing file /home/airflow/.local/lib/python3.7/site-packages/airflow/example_dags/example_branch_operator_decorator.py for tasks to queue
[2024-01-30T19:00:23.649+0000] {logging_mixin.py:120} INFO - [2024-01-30T19:00:23.649+0000] {dagbag.py:537} INFO - Filling up the DagBag from /home/airflow/.local/lib/python3.7/site-packages/airflow/example_dags/example_branch_operator_decorator.py
[2024-01-30T19:00:23.693+0000] {processor.py:766} INFO - DAG(s) dict_keys(['example_branch_python_operator_decorator']) retrieved from /home/airflow/.local/lib/python3.7/site-packages/airflow/example_dags/example_branch_operator_decorator.py
[2024-01-30T19:00:23.762+0000] {logging_mixin.py:120} INFO - [2024-01-30T19:00:23.762+0000] {dag.py:2585} INFO - Sync 1 DAGs
[2024-01-30T19:00:23.815+0000] {logging_mixin.py:120} INFO - [2024-01-30T19:00:23.815+0000] {dag.py:3340} INFO - Setting next_dagrun for example_branch_python_operator_decorator to 2024-01-29T00:00:00+00:00, run_after=2024-01-30T00:00:00+00:00
[2024-01-30T19:00:23.852+0000] {processor.py:176} INFO - Processing /home/airflow/.local/lib/python3.7/site-packages/airflow/example_dags/example_branch_operator_decorator.py took 0.211 seconds
[2024-01-30T19:00:54.255+0000] {processor.py:154} INFO - Started process (PID=1490) to work on /home/airflow/.local/lib/python3.7/site-packages/airflow/example_dags/example_branch_operator_decorator.py
[2024-01-30T19:00:54.256+0000] {processor.py:756} INFO - Processing file /home/airflow/.local/lib/python3.7/site-packages/airflow/example_dags/example_branch_operator_decorator.py for tasks to queue
[2024-01-30T19:00:54.258+0000] {logging_mixin.py:120} INFO - [2024-01-30T19:00:54.258+0000] {dagbag.py:537} INFO - Filling up the DagBag from /home/airflow/.local/lib/python3.7/site-packages/airflow/example_dags/example_branch_operator_decorator.py
[2024-01-30T19:00:54.296+0000] {processor.py:766} INFO - DAG(s) dict_keys(['example_branch_python_operator_decorator']) retrieved from /home/airflow/.local/lib/python3.7/site-packages/airflow/example_dags/example_branch_operator_decorator.py
[2024-01-30T19:00:54.362+0000] {logging_mixin.py:120} INFO - [2024-01-30T19:00:54.362+0000] {dag.py:2585} INFO - Sync 1 DAGs
[2024-01-30T19:00:54.419+0000] {logging_mixin.py:120} INFO - [2024-01-30T19:00:54.419+0000] {dag.py:3340} INFO - Setting next_dagrun for example_branch_python_operator_decorator to 2024-01-29T00:00:00+00:00, run_after=2024-01-30T00:00:00+00:00
[2024-01-30T19:00:54.444+0000] {processor.py:176} INFO - Processing /home/airflow/.local/lib/python3.7/site-packages/airflow/example_dags/example_branch_operator_decorator.py took 0.194 seconds
[2024-01-30T19:01:24.507+0000] {processor.py:154} INFO - Started process (PID=1546) to work on /home/airflow/.local/lib/python3.7/site-packages/airflow/example_dags/example_branch_operator_decorator.py
[2024-01-30T19:01:24.509+0000] {processor.py:756} INFO - Processing file /home/airflow/.local/lib/python3.7/site-packages/airflow/example_dags/example_branch_operator_decorator.py for tasks to queue
[2024-01-30T19:01:24.511+0000] {logging_mixin.py:120} INFO - [2024-01-30T19:01:24.511+0000] {dagbag.py:537} INFO - Filling up the DagBag from /home/airflow/.local/lib/python3.7/site-packages/airflow/example_dags/example_branch_operator_decorator.py
[2024-01-30T19:01:24.566+0000] {processor.py:766} INFO - DAG(s) dict_keys(['example_branch_python_operator_decorator']) retrieved from /home/airflow/.local/lib/python3.7/site-packages/airflow/example_dags/example_branch_operator_decorator.py
[2024-01-30T19:01:24.647+0000] {logging_mixin.py:120} INFO - [2024-01-30T19:01:24.646+0000] {dag.py:2585} INFO - Sync 1 DAGs
[2024-01-30T19:01:24.688+0000] {logging_mixin.py:120} INFO - [2024-01-30T19:01:24.688+0000] {dag.py:3340} INFO - Setting next_dagrun for example_branch_python_operator_decorator to 2024-01-29T00:00:00+00:00, run_after=2024-01-30T00:00:00+00:00
[2024-01-30T19:01:24.721+0000] {processor.py:176} INFO - Processing /home/airflow/.local/lib/python3.7/site-packages/airflow/example_dags/example_branch_operator_decorator.py took 0.222 seconds
[2024-01-30T19:01:55.002+0000] {processor.py:154} INFO - Started process (PID=1610) to work on /home/airflow/.local/lib/python3.7/site-packages/airflow/example_dags/example_branch_operator_decorator.py
[2024-01-30T19:01:55.004+0000] {processor.py:756} INFO - Processing file /home/airflow/.local/lib/python3.7/site-packages/airflow/example_dags/example_branch_operator_decorator.py for tasks to queue
[2024-01-30T19:01:55.005+0000] {logging_mixin.py:120} INFO - [2024-01-30T19:01:55.005+0000] {dagbag.py:537} INFO - Filling up the DagBag from /home/airflow/.local/lib/python3.7/site-packages/airflow/example_dags/example_branch_operator_decorator.py
[2024-01-30T19:01:55.088+0000] {processor.py:766} INFO - DAG(s) dict_keys(['example_branch_python_operator_decorator']) retrieved from /home/airflow/.local/lib/python3.7/site-packages/airflow/example_dags/example_branch_operator_decorator.py
[2024-01-30T19:01:55.165+0000] {logging_mixin.py:120} INFO - [2024-01-30T19:01:55.165+0000] {dag.py:2585} INFO - Sync 1 DAGs
[2024-01-30T19:01:55.210+0000] {logging_mixin.py:120} INFO - [2024-01-30T19:01:55.210+0000] {dag.py:3340} INFO - Setting next_dagrun for example_branch_python_operator_decorator to 2024-01-29T00:00:00+00:00, run_after=2024-01-30T00:00:00+00:00
[2024-01-30T19:01:55.246+0000] {processor.py:176} INFO - Processing /home/airflow/.local/lib/python3.7/site-packages/airflow/example_dags/example_branch_operator_decorator.py took 0.253 seconds
[2024-01-30T19:02:25.840+0000] {processor.py:154} INFO - Started process (PID=1665) to work on /home/airflow/.local/lib/python3.7/site-packages/airflow/example_dags/example_branch_operator_decorator.py
[2024-01-30T19:02:25.845+0000] {processor.py:756} INFO - Processing file /home/airflow/.local/lib/python3.7/site-packages/airflow/example_dags/example_branch_operator_decorator.py for tasks to queue
[2024-01-30T19:02:25.847+0000] {logging_mixin.py:120} INFO - [2024-01-30T19:02:25.846+0000] {dagbag.py:537} INFO - Filling up the DagBag from /home/airflow/.local/lib/python3.7/site-packages/airflow/example_dags/example_branch_operator_decorator.py
[2024-01-30T19:02:25.893+0000] {processor.py:766} INFO - DAG(s) dict_keys(['example_branch_python_operator_decorator']) retrieved from /home/airflow/.local/lib/python3.7/site-packages/airflow/example_dags/example_branch_operator_decorator.py
[2024-01-30T19:02:25.968+0000] {logging_mixin.py:120} INFO - [2024-01-30T19:02:25.968+0000] {dag.py:2585} INFO - Sync 1 DAGs
[2024-01-30T19:02:26.016+0000] {logging_mixin.py:120} INFO - [2024-01-30T19:02:26.016+0000] {dag.py:3340} INFO - Setting next_dagrun for example_branch_python_operator_decorator to 2024-01-29T00:00:00+00:00, run_after=2024-01-30T00:00:00+00:00
[2024-01-30T19:02:26.101+0000] {processor.py:176} INFO - Processing /home/airflow/.local/lib/python3.7/site-packages/airflow/example_dags/example_branch_operator_decorator.py took 0.269 seconds
[2024-01-30T19:02:56.216+0000] {processor.py:154} INFO - Started process (PID=1730) to work on /home/airflow/.local/lib/python3.7/site-packages/airflow/example_dags/example_branch_operator_decorator.py
[2024-01-30T19:02:56.217+0000] {processor.py:756} INFO - Processing file /home/airflow/.local/lib/python3.7/site-packages/airflow/example_dags/example_branch_operator_decorator.py for tasks to queue
[2024-01-30T19:02:56.218+0000] {logging_mixin.py:120} INFO - [2024-01-30T19:02:56.218+0000] {dagbag.py:537} INFO - Filling up the DagBag from /home/airflow/.local/lib/python3.7/site-packages/airflow/example_dags/example_branch_operator_decorator.py
[2024-01-30T19:02:56.258+0000] {processor.py:766} INFO - DAG(s) dict_keys(['example_branch_python_operator_decorator']) retrieved from /home/airflow/.local/lib/python3.7/site-packages/airflow/example_dags/example_branch_operator_decorator.py
[2024-01-30T19:02:56.318+0000] {logging_mixin.py:120} INFO - [2024-01-30T19:02:56.318+0000] {dag.py:2585} INFO - Sync 1 DAGs
[2024-01-30T19:02:56.351+0000] {logging_mixin.py:120} INFO - [2024-01-30T19:02:56.351+0000] {dag.py:3340} INFO - Setting next_dagrun for example_branch_python_operator_decorator to 2024-01-29T00:00:00+00:00, run_after=2024-01-30T00:00:00+00:00
[2024-01-30T19:02:56.377+0000] {processor.py:176} INFO - Processing /home/airflow/.local/lib/python3.7/site-packages/airflow/example_dags/example_branch_operator_decorator.py took 0.167 seconds
[2024-01-30T19:03:26.821+0000] {processor.py:154} INFO - Started process (PID=1794) to work on /home/airflow/.local/lib/python3.7/site-packages/airflow/example_dags/example_branch_operator_decorator.py
[2024-01-30T19:03:26.823+0000] {processor.py:756} INFO - Processing file /home/airflow/.local/lib/python3.7/site-packages/airflow/example_dags/example_branch_operator_decorator.py for tasks to queue
[2024-01-30T19:03:26.825+0000] {logging_mixin.py:120} INFO - [2024-01-30T19:03:26.824+0000] {dagbag.py:537} INFO - Filling up the DagBag from /home/airflow/.local/lib/python3.7/site-packages/airflow/example_dags/example_branch_operator_decorator.py
[2024-01-30T19:03:26.870+0000] {processor.py:766} INFO - DAG(s) dict_keys(['example_branch_python_operator_decorator']) retrieved from /home/airflow/.local/lib/python3.7/site-packages/airflow/example_dags/example_branch_operator_decorator.py
[2024-01-30T19:03:26.940+0000] {logging_mixin.py:120} INFO - [2024-01-30T19:03:26.939+0000] {dag.py:2585} INFO - Sync 1 DAGs
[2024-01-30T19:03:26.982+0000] {logging_mixin.py:120} INFO - [2024-01-30T19:03:26.982+0000] {dag.py:3340} INFO - Setting next_dagrun for example_branch_python_operator_decorator to 2024-01-29T00:00:00+00:00, run_after=2024-01-30T00:00:00+00:00
[2024-01-30T19:03:27.014+0000] {processor.py:176} INFO - Processing /home/airflow/.local/lib/python3.7/site-packages/airflow/example_dags/example_branch_operator_decorator.py took 0.198 seconds
[2024-01-30T19:03:57.676+0000] {processor.py:154} INFO - Started process (PID=1849) to work on /home/airflow/.local/lib/python3.7/site-packages/airflow/example_dags/example_branch_operator_decorator.py
[2024-01-30T19:03:57.677+0000] {processor.py:756} INFO - Processing file /home/airflow/.local/lib/python3.7/site-packages/airflow/example_dags/example_branch_operator_decorator.py for tasks to queue
[2024-01-30T19:03:57.678+0000] {logging_mixin.py:120} INFO - [2024-01-30T19:03:57.678+0000] {dagbag.py:537} INFO - Filling up the DagBag from /home/airflow/.local/lib/python3.7/site-packages/airflow/example_dags/example_branch_operator_decorator.py
[2024-01-30T19:03:57.709+0000] {processor.py:766} INFO - DAG(s) dict_keys(['example_branch_python_operator_decorator']) retrieved from /home/airflow/.local/lib/python3.7/site-packages/airflow/example_dags/example_branch_operator_decorator.py
[2024-01-30T19:03:57.759+0000] {logging_mixin.py:120} INFO - [2024-01-30T19:03:57.759+0000] {dag.py:2585} INFO - Sync 1 DAGs
[2024-01-30T19:03:57.793+0000] {logging_mixin.py:120} INFO - [2024-01-30T19:03:57.792+0000] {dag.py:3340} INFO - Setting next_dagrun for example_branch_python_operator_decorator to 2024-01-29T00:00:00+00:00, run_after=2024-01-30T00:00:00+00:00
[2024-01-30T19:03:57.818+0000] {processor.py:176} INFO - Processing /home/airflow/.local/lib/python3.7/site-packages/airflow/example_dags/example_branch_operator_decorator.py took 0.148 seconds
[2024-01-30T19:04:27.977+0000] {processor.py:154} INFO - Started process (PID=1912) to work on /home/airflow/.local/lib/python3.7/site-packages/airflow/example_dags/example_branch_operator_decorator.py
[2024-01-30T19:04:28.010+0000] {processor.py:756} INFO - Processing file /home/airflow/.local/lib/python3.7/site-packages/airflow/example_dags/example_branch_operator_decorator.py for tasks to queue
[2024-01-30T19:04:28.024+0000] {logging_mixin.py:120} INFO - [2024-01-30T19:04:28.023+0000] {dagbag.py:537} INFO - Filling up the DagBag from /home/airflow/.local/lib/python3.7/site-packages/airflow/example_dags/example_branch_operator_decorator.py
[2024-01-30T19:04:28.094+0000] {processor.py:766} INFO - DAG(s) dict_keys(['example_branch_python_operator_decorator']) retrieved from /home/airflow/.local/lib/python3.7/site-packages/airflow/example_dags/example_branch_operator_decorator.py
[2024-01-30T19:04:28.204+0000] {logging_mixin.py:120} INFO - [2024-01-30T19:04:28.204+0000] {dag.py:2585} INFO - Sync 1 DAGs
[2024-01-30T19:04:28.263+0000] {logging_mixin.py:120} INFO - [2024-01-30T19:04:28.262+0000] {dag.py:3340} INFO - Setting next_dagrun for example_branch_python_operator_decorator to 2024-01-29T00:00:00+00:00, run_after=2024-01-30T00:00:00+00:00
[2024-01-30T19:04:28.300+0000] {processor.py:176} INFO - Processing /home/airflow/.local/lib/python3.7/site-packages/airflow/example_dags/example_branch_operator_decorator.py took 0.332 seconds
[2024-01-30T19:04:58.406+0000] {processor.py:154} INFO - Started process (PID=1976) to work on /home/airflow/.local/lib/python3.7/site-packages/airflow/example_dags/example_branch_operator_decorator.py
[2024-01-30T19:04:58.407+0000] {processor.py:756} INFO - Processing file /home/airflow/.local/lib/python3.7/site-packages/airflow/example_dags/example_branch_operator_decorator.py for tasks to queue
[2024-01-30T19:04:58.408+0000] {logging_mixin.py:120} INFO - [2024-01-30T19:04:58.408+0000] {dagbag.py:537} INFO - Filling up the DagBag from /home/airflow/.local/lib/python3.7/site-packages/airflow/example_dags/example_branch_operator_decorator.py
[2024-01-30T19:04:58.442+0000] {processor.py:766} INFO - DAG(s) dict_keys(['example_branch_python_operator_decorator']) retrieved from /home/airflow/.local/lib/python3.7/site-packages/airflow/example_dags/example_branch_operator_decorator.py
[2024-01-30T19:04:58.500+0000] {logging_mixin.py:120} INFO - [2024-01-30T19:04:58.500+0000] {dag.py:2585} INFO - Sync 1 DAGs
[2024-01-30T19:04:58.535+0000] {logging_mixin.py:120} INFO - [2024-01-30T19:04:58.534+0000] {dag.py:3340} INFO - Setting next_dagrun for example_branch_python_operator_decorator to 2024-01-29T00:00:00+00:00, run_after=2024-01-30T00:00:00+00:00
[2024-01-30T19:04:58.561+0000] {processor.py:176} INFO - Processing /home/airflow/.local/lib/python3.7/site-packages/airflow/example_dags/example_branch_operator_decorator.py took 0.159 seconds
[2024-01-30T19:05:28.820+0000] {processor.py:154} INFO - Started process (PID=2031) to work on /home/airflow/.local/lib/python3.7/site-packages/airflow/example_dags/example_branch_operator_decorator.py
[2024-01-30T19:05:28.824+0000] {processor.py:756} INFO - Processing file /home/airflow/.local/lib/python3.7/site-packages/airflow/example_dags/example_branch_operator_decorator.py for tasks to queue
[2024-01-30T19:05:28.827+0000] {logging_mixin.py:120} INFO - [2024-01-30T19:05:28.826+0000] {dagbag.py:537} INFO - Filling up the DagBag from /home/airflow/.local/lib/python3.7/site-packages/airflow/example_dags/example_branch_operator_decorator.py
[2024-01-30T19:05:28.874+0000] {processor.py:766} INFO - DAG(s) dict_keys(['example_branch_python_operator_decorator']) retrieved from /home/airflow/.local/lib/python3.7/site-packages/airflow/example_dags/example_branch_operator_decorator.py
[2024-01-30T19:05:28.941+0000] {logging_mixin.py:120} INFO - [2024-01-30T19:05:28.941+0000] {dag.py:2585} INFO - Sync 1 DAGs
[2024-01-30T19:05:28.978+0000] {logging_mixin.py:120} INFO - [2024-01-30T19:05:28.978+0000] {dag.py:3340} INFO - Setting next_dagrun for example_branch_python_operator_decorator to 2024-01-29T00:00:00+00:00, run_after=2024-01-30T00:00:00+00:00
[2024-01-30T19:05:29.002+0000] {processor.py:176} INFO - Processing /home/airflow/.local/lib/python3.7/site-packages/airflow/example_dags/example_branch_operator_decorator.py took 0.190 seconds
[2024-01-30T19:05:59.100+0000] {processor.py:154} INFO - Started process (PID=2096) to work on /home/airflow/.local/lib/python3.7/site-packages/airflow/example_dags/example_branch_operator_decorator.py
[2024-01-30T19:05:59.102+0000] {processor.py:756} INFO - Processing file /home/airflow/.local/lib/python3.7/site-packages/airflow/example_dags/example_branch_operator_decorator.py for tasks to queue
[2024-01-30T19:05:59.104+0000] {logging_mixin.py:120} INFO - [2024-01-30T19:05:59.104+0000] {dagbag.py:537} INFO - Filling up the DagBag from /home/airflow/.local/lib/python3.7/site-packages/airflow/example_dags/example_branch_operator_decorator.py
[2024-01-30T19:05:59.158+0000] {processor.py:766} INFO - DAG(s) dict_keys(['example_branch_python_operator_decorator']) retrieved from /home/airflow/.local/lib/python3.7/site-packages/airflow/example_dags/example_branch_operator_decorator.py
[2024-01-30T19:05:59.260+0000] {logging_mixin.py:120} INFO - [2024-01-30T19:05:59.260+0000] {dag.py:2585} INFO - Sync 1 DAGs
[2024-01-30T19:05:59.335+0000] {logging_mixin.py:120} INFO - [2024-01-30T19:05:59.335+0000] {dag.py:3340} INFO - Setting next_dagrun for example_branch_python_operator_decorator to 2024-01-29T00:00:00+00:00, run_after=2024-01-30T00:00:00+00:00
[2024-01-30T19:05:59.393+0000] {processor.py:176} INFO - Processing /home/airflow/.local/lib/python3.7/site-packages/airflow/example_dags/example_branch_operator_decorator.py took 0.299 seconds
[2024-01-30T19:06:29.775+0000] {processor.py:154} INFO - Started process (PID=2152) to work on /home/airflow/.local/lib/python3.7/site-packages/airflow/example_dags/example_branch_operator_decorator.py
[2024-01-30T19:06:29.776+0000] {processor.py:756} INFO - Processing file /home/airflow/.local/lib/python3.7/site-packages/airflow/example_dags/example_branch_operator_decorator.py for tasks to queue
[2024-01-30T19:06:29.778+0000] {logging_mixin.py:120} INFO - [2024-01-30T19:06:29.778+0000] {dagbag.py:537} INFO - Filling up the DagBag from /home/airflow/.local/lib/python3.7/site-packages/airflow/example_dags/example_branch_operator_decorator.py
[2024-01-30T19:06:29.824+0000] {processor.py:766} INFO - DAG(s) dict_keys(['example_branch_python_operator_decorator']) retrieved from /home/airflow/.local/lib/python3.7/site-packages/airflow/example_dags/example_branch_operator_decorator.py
[2024-01-30T19:06:29.892+0000] {logging_mixin.py:120} INFO - [2024-01-30T19:06:29.892+0000] {dag.py:2585} INFO - Sync 1 DAGs
[2024-01-30T19:06:29.935+0000] {logging_mixin.py:120} INFO - [2024-01-30T19:06:29.935+0000] {dag.py:3340} INFO - Setting next_dagrun for example_branch_python_operator_decorator to 2024-01-29T00:00:00+00:00, run_after=2024-01-30T00:00:00+00:00
[2024-01-30T19:06:29.968+0000] {processor.py:176} INFO - Processing /home/airflow/.local/lib/python3.7/site-packages/airflow/example_dags/example_branch_operator_decorator.py took 0.199 seconds
[2024-01-30T19:07:00.162+0000] {processor.py:154} INFO - Started process (PID=2216) to work on /home/airflow/.local/lib/python3.7/site-packages/airflow/example_dags/example_branch_operator_decorator.py
[2024-01-30T19:07:00.164+0000] {processor.py:756} INFO - Processing file /home/airflow/.local/lib/python3.7/site-packages/airflow/example_dags/example_branch_operator_decorator.py for tasks to queue
[2024-01-30T19:07:00.166+0000] {logging_mixin.py:120} INFO - [2024-01-30T19:07:00.166+0000] {dagbag.py:537} INFO - Filling up the DagBag from /home/airflow/.local/lib/python3.7/site-packages/airflow/example_dags/example_branch_operator_decorator.py
[2024-01-30T19:07:00.218+0000] {processor.py:766} INFO - DAG(s) dict_keys(['example_branch_python_operator_decorator']) retrieved from /home/airflow/.local/lib/python3.7/site-packages/airflow/example_dags/example_branch_operator_decorator.py
[2024-01-30T19:07:00.368+0000] {logging_mixin.py:120} INFO - [2024-01-30T19:07:00.367+0000] {dag.py:2585} INFO - Sync 1 DAGs
[2024-01-30T19:07:00.417+0000] {logging_mixin.py:120} INFO - [2024-01-30T19:07:00.416+0000] {dag.py:3340} INFO - Setting next_dagrun for example_branch_python_operator_decorator to 2024-01-29T00:00:00+00:00, run_after=2024-01-30T00:00:00+00:00
[2024-01-30T19:07:00.448+0000] {processor.py:176} INFO - Processing /home/airflow/.local/lib/python3.7/site-packages/airflow/example_dags/example_branch_operator_decorator.py took 0.291 seconds
[2024-01-30T19:07:31.481+0000] {processor.py:154} INFO - Started process (PID=2280) to work on /home/airflow/.local/lib/python3.7/site-packages/airflow/example_dags/example_branch_operator_decorator.py
[2024-01-30T19:07:31.483+0000] {processor.py:756} INFO - Processing file /home/airflow/.local/lib/python3.7/site-packages/airflow/example_dags/example_branch_operator_decorator.py for tasks to queue
[2024-01-30T19:07:31.485+0000] {logging_mixin.py:120} INFO - [2024-01-30T19:07:31.485+0000] {dagbag.py:537} INFO - Filling up the DagBag from /home/airflow/.local/lib/python3.7/site-packages/airflow/example_dags/example_branch_operator_decorator.py
[2024-01-30T19:07:31.537+0000] {processor.py:766} INFO - DAG(s) dict_keys(['example_branch_python_operator_decorator']) retrieved from /home/airflow/.local/lib/python3.7/site-packages/airflow/example_dags/example_branch_operator_decorator.py
[2024-01-30T19:07:31.617+0000] {logging_mixin.py:120} INFO - [2024-01-30T19:07:31.616+0000] {dag.py:2585} INFO - Sync 1 DAGs
[2024-01-30T19:07:31.660+0000] {logging_mixin.py:120} INFO - [2024-01-30T19:07:31.660+0000] {dag.py:3340} INFO - Setting next_dagrun for example_branch_python_operator_decorator to 2024-01-29T00:00:00+00:00, run_after=2024-01-30T00:00:00+00:00
[2024-01-30T19:07:31.697+0000] {processor.py:176} INFO - Processing /home/airflow/.local/lib/python3.7/site-packages/airflow/example_dags/example_branch_operator_decorator.py took 0.221 seconds
[2024-01-30T19:08:02.133+0000] {processor.py:154} INFO - Started process (PID=2334) to work on /home/airflow/.local/lib/python3.7/site-packages/airflow/example_dags/example_branch_operator_decorator.py
[2024-01-30T19:08:02.135+0000] {processor.py:756} INFO - Processing file /home/airflow/.local/lib/python3.7/site-packages/airflow/example_dags/example_branch_operator_decorator.py for tasks to queue
[2024-01-30T19:08:02.137+0000] {logging_mixin.py:120} INFO - [2024-01-30T19:08:02.137+0000] {dagbag.py:537} INFO - Filling up the DagBag from /home/airflow/.local/lib/python3.7/site-packages/airflow/example_dags/example_branch_operator_decorator.py
[2024-01-30T19:08:02.198+0000] {processor.py:766} INFO - DAG(s) dict_keys(['example_branch_python_operator_decorator']) retrieved from /home/airflow/.local/lib/python3.7/site-packages/airflow/example_dags/example_branch_operator_decorator.py
[2024-01-30T19:08:02.313+0000] {logging_mixin.py:120} INFO - [2024-01-30T19:08:02.313+0000] {dag.py:2585} INFO - Sync 1 DAGs
[2024-01-30T19:08:02.372+0000] {logging_mixin.py:120} INFO - [2024-01-30T19:08:02.372+0000] {dag.py:3340} INFO - Setting next_dagrun for example_branch_python_operator_decorator to 2024-01-29T00:00:00+00:00, run_after=2024-01-30T00:00:00+00:00
[2024-01-30T19:08:02.414+0000] {processor.py:176} INFO - Processing /home/airflow/.local/lib/python3.7/site-packages/airflow/example_dags/example_branch_operator_decorator.py took 0.287 seconds
[2024-01-30T19:08:32.461+0000] {processor.py:154} INFO - Started process (PID=2400) to work on /home/airflow/.local/lib/python3.7/site-packages/airflow/example_dags/example_branch_operator_decorator.py
[2024-01-30T19:08:32.463+0000] {processor.py:756} INFO - Processing file /home/airflow/.local/lib/python3.7/site-packages/airflow/example_dags/example_branch_operator_decorator.py for tasks to queue
[2024-01-30T19:08:32.464+0000] {logging_mixin.py:120} INFO - [2024-01-30T19:08:32.464+0000] {dagbag.py:537} INFO - Filling up the DagBag from /home/airflow/.local/lib/python3.7/site-packages/airflow/example_dags/example_branch_operator_decorator.py
[2024-01-30T19:08:32.504+0000] {processor.py:766} INFO - DAG(s) dict_keys(['example_branch_python_operator_decorator']) retrieved from /home/airflow/.local/lib/python3.7/site-packages/airflow/example_dags/example_branch_operator_decorator.py
[2024-01-30T19:08:32.568+0000] {logging_mixin.py:120} INFO - [2024-01-30T19:08:32.568+0000] {dag.py:2585} INFO - Sync 1 DAGs
[2024-01-30T19:08:32.618+0000] {logging_mixin.py:120} INFO - [2024-01-30T19:08:32.618+0000] {dag.py:3340} INFO - Setting next_dagrun for example_branch_python_operator_decorator to 2024-01-29T00:00:00+00:00, run_after=2024-01-30T00:00:00+00:00
[2024-01-30T19:08:32.663+0000] {processor.py:176} INFO - Processing /home/airflow/.local/lib/python3.7/site-packages/airflow/example_dags/example_branch_operator_decorator.py took 0.208 seconds
[2024-01-30T19:09:03.075+0000] {processor.py:154} INFO - Started process (PID=2456) to work on /home/airflow/.local/lib/python3.7/site-packages/airflow/example_dags/example_branch_operator_decorator.py
[2024-01-30T19:09:03.077+0000] {processor.py:756} INFO - Processing file /home/airflow/.local/lib/python3.7/site-packages/airflow/example_dags/example_branch_operator_decorator.py for tasks to queue
[2024-01-30T19:09:03.078+0000] {logging_mixin.py:120} INFO - [2024-01-30T19:09:03.078+0000] {dagbag.py:537} INFO - Filling up the DagBag from /home/airflow/.local/lib/python3.7/site-packages/airflow/example_dags/example_branch_operator_decorator.py
[2024-01-30T19:09:03.121+0000] {processor.py:766} INFO - DAG(s) dict_keys(['example_branch_python_operator_decorator']) retrieved from /home/airflow/.local/lib/python3.7/site-packages/airflow/example_dags/example_branch_operator_decorator.py
[2024-01-30T19:09:03.183+0000] {logging_mixin.py:120} INFO - [2024-01-30T19:09:03.183+0000] {dag.py:2585} INFO - Sync 1 DAGs
[2024-01-30T19:09:03.222+0000] {logging_mixin.py:120} INFO - [2024-01-30T19:09:03.221+0000] {dag.py:3340} INFO - Setting next_dagrun for example_branch_python_operator_decorator to 2024-01-29T00:00:00+00:00, run_after=2024-01-30T00:00:00+00:00
[2024-01-30T19:09:03.265+0000] {processor.py:176} INFO - Processing /home/airflow/.local/lib/python3.7/site-packages/airflow/example_dags/example_branch_operator_decorator.py took 0.194 seconds
[2024-01-30T19:09:33.902+0000] {processor.py:154} INFO - Started process (PID=2524) to work on /home/airflow/.local/lib/python3.7/site-packages/airflow/example_dags/example_branch_operator_decorator.py
[2024-01-30T19:09:33.904+0000] {processor.py:756} INFO - Processing file /home/airflow/.local/lib/python3.7/site-packages/airflow/example_dags/example_branch_operator_decorator.py for tasks to queue
[2024-01-30T19:09:33.905+0000] {logging_mixin.py:120} INFO - [2024-01-30T19:09:33.905+0000] {dagbag.py:537} INFO - Filling up the DagBag from /home/airflow/.local/lib/python3.7/site-packages/airflow/example_dags/example_branch_operator_decorator.py
[2024-01-30T19:09:33.946+0000] {processor.py:766} INFO - DAG(s) dict_keys(['example_branch_python_operator_decorator']) retrieved from /home/airflow/.local/lib/python3.7/site-packages/airflow/example_dags/example_branch_operator_decorator.py
[2024-01-30T19:09:34.016+0000] {logging_mixin.py:120} INFO - [2024-01-30T19:09:34.016+0000] {dag.py:2585} INFO - Sync 1 DAGs
[2024-01-30T19:09:34.097+0000] {logging_mixin.py:120} INFO - [2024-01-30T19:09:34.097+0000] {dag.py:3340} INFO - Setting next_dagrun for example_branch_python_operator_decorator to 2024-01-29T00:00:00+00:00, run_after=2024-01-30T00:00:00+00:00
[2024-01-30T19:09:34.149+0000] {processor.py:176} INFO - Processing /home/airflow/.local/lib/python3.7/site-packages/airflow/example_dags/example_branch_operator_decorator.py took 0.254 seconds
[2024-01-30T19:10:04.588+0000] {processor.py:154} INFO - Started process (PID=2588) to work on /home/airflow/.local/lib/python3.7/site-packages/airflow/example_dags/example_branch_operator_decorator.py
[2024-01-30T19:10:04.589+0000] {processor.py:756} INFO - Processing file /home/airflow/.local/lib/python3.7/site-packages/airflow/example_dags/example_branch_operator_decorator.py for tasks to queue
[2024-01-30T19:10:04.591+0000] {logging_mixin.py:120} INFO - [2024-01-30T19:10:04.591+0000] {dagbag.py:537} INFO - Filling up the DagBag from /home/airflow/.local/lib/python3.7/site-packages/airflow/example_dags/example_branch_operator_decorator.py
[2024-01-30T19:10:04.627+0000] {processor.py:766} INFO - DAG(s) dict_keys(['example_branch_python_operator_decorator']) retrieved from /home/airflow/.local/lib/python3.7/site-packages/airflow/example_dags/example_branch_operator_decorator.py
[2024-01-30T19:10:04.686+0000] {logging_mixin.py:120} INFO - [2024-01-30T19:10:04.685+0000] {dag.py:2585} INFO - Sync 1 DAGs
[2024-01-30T19:10:04.722+0000] {logging_mixin.py:120} INFO - [2024-01-30T19:10:04.721+0000] {dag.py:3340} INFO - Setting next_dagrun for example_branch_python_operator_decorator to 2024-01-29T00:00:00+00:00, run_after=2024-01-30T00:00:00+00:00
[2024-01-30T19:10:04.754+0000] {processor.py:176} INFO - Processing /home/airflow/.local/lib/python3.7/site-packages/airflow/example_dags/example_branch_operator_decorator.py took 0.173 seconds
[2024-01-30T19:10:34.996+0000] {processor.py:154} INFO - Started process (PID=2644) to work on /home/airflow/.local/lib/python3.7/site-packages/airflow/example_dags/example_branch_operator_decorator.py
[2024-01-30T19:10:34.998+0000] {processor.py:756} INFO - Processing file /home/airflow/.local/lib/python3.7/site-packages/airflow/example_dags/example_branch_operator_decorator.py for tasks to queue
[2024-01-30T19:10:35.001+0000] {logging_mixin.py:120} INFO - [2024-01-30T19:10:35.001+0000] {dagbag.py:537} INFO - Filling up the DagBag from /home/airflow/.local/lib/python3.7/site-packages/airflow/example_dags/example_branch_operator_decorator.py
[2024-01-30T19:10:35.047+0000] {processor.py:766} INFO - DAG(s) dict_keys(['example_branch_python_operator_decorator']) retrieved from /home/airflow/.local/lib/python3.7/site-packages/airflow/example_dags/example_branch_operator_decorator.py
[2024-01-30T19:10:35.115+0000] {logging_mixin.py:120} INFO - [2024-01-30T19:10:35.114+0000] {dag.py:2585} INFO - Sync 1 DAGs
[2024-01-30T19:10:35.161+0000] {logging_mixin.py:120} INFO - [2024-01-30T19:10:35.161+0000] {dag.py:3340} INFO - Setting next_dagrun for example_branch_python_operator_decorator to 2024-01-29T00:00:00+00:00, run_after=2024-01-30T00:00:00+00:00
[2024-01-30T19:10:35.204+0000] {processor.py:176} INFO - Processing /home/airflow/.local/lib/python3.7/site-packages/airflow/example_dags/example_branch_operator_decorator.py took 0.214 seconds
[2024-01-30T19:11:05.645+0000] {processor.py:154} INFO - Started process (PID=2708) to work on /home/airflow/.local/lib/python3.7/site-packages/airflow/example_dags/example_branch_operator_decorator.py
[2024-01-30T19:11:05.646+0000] {processor.py:756} INFO - Processing file /home/airflow/.local/lib/python3.7/site-packages/airflow/example_dags/example_branch_operator_decorator.py for tasks to queue
[2024-01-30T19:11:05.648+0000] {logging_mixin.py:120} INFO - [2024-01-30T19:11:05.647+0000] {dagbag.py:537} INFO - Filling up the DagBag from /home/airflow/.local/lib/python3.7/site-packages/airflow/example_dags/example_branch_operator_decorator.py
[2024-01-30T19:11:05.690+0000] {processor.py:766} INFO - DAG(s) dict_keys(['example_branch_python_operator_decorator']) retrieved from /home/airflow/.local/lib/python3.7/site-packages/airflow/example_dags/example_branch_operator_decorator.py
[2024-01-30T19:11:05.772+0000] {logging_mixin.py:120} INFO - [2024-01-30T19:11:05.772+0000] {dag.py:2585} INFO - Sync 1 DAGs
[2024-01-30T19:11:05.818+0000] {logging_mixin.py:120} INFO - [2024-01-30T19:11:05.818+0000] {dag.py:3340} INFO - Setting next_dagrun for example_branch_python_operator_decorator to 2024-01-29T00:00:00+00:00, run_after=2024-01-30T00:00:00+00:00
[2024-01-30T19:11:05.850+0000] {processor.py:176} INFO - Processing /home/airflow/.local/lib/python3.7/site-packages/airflow/example_dags/example_branch_operator_decorator.py took 0.211 seconds
[2024-01-30T19:11:37.726+0000] {processor.py:154} INFO - Started process (PID=2776) to work on /home/airflow/.local/lib/python3.7/site-packages/airflow/example_dags/example_branch_operator_decorator.py
[2024-01-30T19:11:37.728+0000] {processor.py:756} INFO - Processing file /home/airflow/.local/lib/python3.7/site-packages/airflow/example_dags/example_branch_operator_decorator.py for tasks to queue
[2024-01-30T19:11:37.730+0000] {logging_mixin.py:120} INFO - [2024-01-30T19:11:37.730+0000] {dagbag.py:537} INFO - Filling up the DagBag from /home/airflow/.local/lib/python3.7/site-packages/airflow/example_dags/example_branch_operator_decorator.py
[2024-01-30T19:11:37.817+0000] {processor.py:766} INFO - DAG(s) dict_keys(['example_branch_python_operator_decorator']) retrieved from /home/airflow/.local/lib/python3.7/site-packages/airflow/example_dags/example_branch_operator_decorator.py
[2024-01-30T19:11:37.928+0000] {logging_mixin.py:120} INFO - [2024-01-30T19:11:37.928+0000] {dag.py:2585} INFO - Sync 1 DAGs
[2024-01-30T19:11:37.979+0000] {logging_mixin.py:120} INFO - [2024-01-30T19:11:37.978+0000] {dag.py:3340} INFO - Setting next_dagrun for example_branch_python_operator_decorator to 2024-01-29T00:00:00+00:00, run_after=2024-01-30T00:00:00+00:00
[2024-01-30T19:11:38.023+0000] {processor.py:176} INFO - Processing /home/airflow/.local/lib/python3.7/site-packages/airflow/example_dags/example_branch_operator_decorator.py took 0.303 seconds
[2024-01-30T19:12:08.119+0000] {processor.py:154} INFO - Started process (PID=2833) to work on /home/airflow/.local/lib/python3.7/site-packages/airflow/example_dags/example_branch_operator_decorator.py
[2024-01-30T19:12:08.124+0000] {processor.py:756} INFO - Processing file /home/airflow/.local/lib/python3.7/site-packages/airflow/example_dags/example_branch_operator_decorator.py for tasks to queue
[2024-01-30T19:12:08.135+0000] {logging_mixin.py:120} INFO - [2024-01-30T19:12:08.134+0000] {dagbag.py:537} INFO - Filling up the DagBag from /home/airflow/.local/lib/python3.7/site-packages/airflow/example_dags/example_branch_operator_decorator.py
[2024-01-30T19:12:08.192+0000] {processor.py:766} INFO - DAG(s) dict_keys(['example_branch_python_operator_decorator']) retrieved from /home/airflow/.local/lib/python3.7/site-packages/airflow/example_dags/example_branch_operator_decorator.py
[2024-01-30T19:12:08.269+0000] {logging_mixin.py:120} INFO - [2024-01-30T19:12:08.269+0000] {dag.py:2585} INFO - Sync 1 DAGs
[2024-01-30T19:12:08.315+0000] {logging_mixin.py:120} INFO - [2024-01-30T19:12:08.314+0000] {dag.py:3340} INFO - Setting next_dagrun for example_branch_python_operator_decorator to 2024-01-29T00:00:00+00:00, run_after=2024-01-30T00:00:00+00:00
[2024-01-30T19:12:08.356+0000] {processor.py:176} INFO - Processing /home/airflow/.local/lib/python3.7/site-packages/airflow/example_dags/example_branch_operator_decorator.py took 0.247 seconds
[2024-01-30T19:12:38.862+0000] {processor.py:154} INFO - Started process (PID=2899) to work on /home/airflow/.local/lib/python3.7/site-packages/airflow/example_dags/example_branch_operator_decorator.py
[2024-01-30T19:12:38.865+0000] {processor.py:756} INFO - Processing file /home/airflow/.local/lib/python3.7/site-packages/airflow/example_dags/example_branch_operator_decorator.py for tasks to queue
[2024-01-30T19:12:38.868+0000] {logging_mixin.py:120} INFO - [2024-01-30T19:12:38.867+0000] {dagbag.py:537} INFO - Filling up the DagBag from /home/airflow/.local/lib/python3.7/site-packages/airflow/example_dags/example_branch_operator_decorator.py
[2024-01-30T19:12:38.924+0000] {processor.py:766} INFO - DAG(s) dict_keys(['example_branch_python_operator_decorator']) retrieved from /home/airflow/.local/lib/python3.7/site-packages/airflow/example_dags/example_branch_operator_decorator.py
[2024-01-30T19:12:39.105+0000] {logging_mixin.py:120} INFO - [2024-01-30T19:12:39.104+0000] {dag.py:2585} INFO - Sync 1 DAGs
[2024-01-30T19:12:39.207+0000] {logging_mixin.py:120} INFO - [2024-01-30T19:12:39.206+0000] {dag.py:3340} INFO - Setting next_dagrun for example_branch_python_operator_decorator to 2024-01-29T00:00:00+00:00, run_after=2024-01-30T00:00:00+00:00
[2024-01-30T19:12:39.240+0000] {processor.py:176} INFO - Processing /home/airflow/.local/lib/python3.7/site-packages/airflow/example_dags/example_branch_operator_decorator.py took 0.387 seconds
[2024-01-30T19:13:09.653+0000] {processor.py:154} INFO - Started process (PID=2962) to work on /home/airflow/.local/lib/python3.7/site-packages/airflow/example_dags/example_branch_operator_decorator.py
[2024-01-30T19:13:09.656+0000] {processor.py:756} INFO - Processing file /home/airflow/.local/lib/python3.7/site-packages/airflow/example_dags/example_branch_operator_decorator.py for tasks to queue
[2024-01-30T19:13:09.658+0000] {logging_mixin.py:120} INFO - [2024-01-30T19:13:09.658+0000] {dagbag.py:537} INFO - Filling up the DagBag from /home/airflow/.local/lib/python3.7/site-packages/airflow/example_dags/example_branch_operator_decorator.py
[2024-01-30T19:13:09.709+0000] {processor.py:766} INFO - DAG(s) dict_keys(['example_branch_python_operator_decorator']) retrieved from /home/airflow/.local/lib/python3.7/site-packages/airflow/example_dags/example_branch_operator_decorator.py
[2024-01-30T19:13:09.794+0000] {logging_mixin.py:120} INFO - [2024-01-30T19:13:09.794+0000] {dag.py:2585} INFO - Sync 1 DAGs
[2024-01-30T19:13:09.843+0000] {logging_mixin.py:120} INFO - [2024-01-30T19:13:09.843+0000] {dag.py:3340} INFO - Setting next_dagrun for example_branch_python_operator_decorator to 2024-01-29T00:00:00+00:00, run_after=2024-01-30T00:00:00+00:00
[2024-01-30T19:13:09.888+0000] {processor.py:176} INFO - Processing /home/airflow/.local/lib/python3.7/site-packages/airflow/example_dags/example_branch_operator_decorator.py took 0.243 seconds
[2024-01-30T19:13:40.047+0000] {processor.py:154} INFO - Started process (PID=3020) to work on /home/airflow/.local/lib/python3.7/site-packages/airflow/example_dags/example_branch_operator_decorator.py
[2024-01-30T19:13:40.049+0000] {processor.py:756} INFO - Processing file /home/airflow/.local/lib/python3.7/site-packages/airflow/example_dags/example_branch_operator_decorator.py for tasks to queue
[2024-01-30T19:13:40.052+0000] {logging_mixin.py:120} INFO - [2024-01-30T19:13:40.051+0000] {dagbag.py:537} INFO - Filling up the DagBag from /home/airflow/.local/lib/python3.7/site-packages/airflow/example_dags/example_branch_operator_decorator.py
[2024-01-30T19:13:40.101+0000] {processor.py:766} INFO - DAG(s) dict_keys(['example_branch_python_operator_decorator']) retrieved from /home/airflow/.local/lib/python3.7/site-packages/airflow/example_dags/example_branch_operator_decorator.py
[2024-01-30T19:13:40.175+0000] {logging_mixin.py:120} INFO - [2024-01-30T19:13:40.175+0000] {dag.py:2585} INFO - Sync 1 DAGs
[2024-01-30T19:13:40.220+0000] {logging_mixin.py:120} INFO - [2024-01-30T19:13:40.219+0000] {dag.py:3340} INFO - Setting next_dagrun for example_branch_python_operator_decorator to 2024-01-29T00:00:00+00:00, run_after=2024-01-30T00:00:00+00:00
[2024-01-30T19:13:40.255+0000] {processor.py:176} INFO - Processing /home/airflow/.local/lib/python3.7/site-packages/airflow/example_dags/example_branch_operator_decorator.py took 0.215 seconds
[2024-01-30T19:14:10.383+0000] {processor.py:154} INFO - Started process (PID=3085) to work on /home/airflow/.local/lib/python3.7/site-packages/airflow/example_dags/example_branch_operator_decorator.py
[2024-01-30T19:14:10.384+0000] {processor.py:756} INFO - Processing file /home/airflow/.local/lib/python3.7/site-packages/airflow/example_dags/example_branch_operator_decorator.py for tasks to queue
[2024-01-30T19:14:10.385+0000] {logging_mixin.py:120} INFO - [2024-01-30T19:14:10.385+0000] {dagbag.py:537} INFO - Filling up the DagBag from /home/airflow/.local/lib/python3.7/site-packages/airflow/example_dags/example_branch_operator_decorator.py
[2024-01-30T19:14:10.421+0000] {processor.py:766} INFO - DAG(s) dict_keys(['example_branch_python_operator_decorator']) retrieved from /home/airflow/.local/lib/python3.7/site-packages/airflow/example_dags/example_branch_operator_decorator.py
[2024-01-30T19:14:10.496+0000] {logging_mixin.py:120} INFO - [2024-01-30T19:14:10.495+0000] {dag.py:2585} INFO - Sync 1 DAGs
[2024-01-30T19:14:10.538+0000] {logging_mixin.py:120} INFO - [2024-01-30T19:14:10.537+0000] {dag.py:3340} INFO - Setting next_dagrun for example_branch_python_operator_decorator to 2024-01-29T00:00:00+00:00, run_after=2024-01-30T00:00:00+00:00
[2024-01-30T19:14:10.570+0000] {processor.py:176} INFO - Processing /home/airflow/.local/lib/python3.7/site-packages/airflow/example_dags/example_branch_operator_decorator.py took 0.194 seconds
[2024-01-30T19:14:40.879+0000] {processor.py:154} INFO - Started process (PID=3141) to work on /home/airflow/.local/lib/python3.7/site-packages/airflow/example_dags/example_branch_operator_decorator.py
[2024-01-30T19:14:40.881+0000] {processor.py:756} INFO - Processing file /home/airflow/.local/lib/python3.7/site-packages/airflow/example_dags/example_branch_operator_decorator.py for tasks to queue
[2024-01-30T19:14:40.883+0000] {logging_mixin.py:120} INFO - [2024-01-30T19:14:40.883+0000] {dagbag.py:537} INFO - Filling up the DagBag from /home/airflow/.local/lib/python3.7/site-packages/airflow/example_dags/example_branch_operator_decorator.py
[2024-01-30T19:14:40.925+0000] {processor.py:766} INFO - DAG(s) dict_keys(['example_branch_python_operator_decorator']) retrieved from /home/airflow/.local/lib/python3.7/site-packages/airflow/example_dags/example_branch_operator_decorator.py
[2024-01-30T19:14:40.989+0000] {logging_mixin.py:120} INFO - [2024-01-30T19:14:40.989+0000] {dag.py:2585} INFO - Sync 1 DAGs
[2024-01-30T19:14:41.035+0000] {logging_mixin.py:120} INFO - [2024-01-30T19:14:41.035+0000] {dag.py:3340} INFO - Setting next_dagrun for example_branch_python_operator_decorator to 2024-01-29T00:00:00+00:00, run_after=2024-01-30T00:00:00+00:00
[2024-01-30T19:14:41.075+0000] {processor.py:176} INFO - Processing /home/airflow/.local/lib/python3.7/site-packages/airflow/example_dags/example_branch_operator_decorator.py took 0.202 seconds
[2024-01-30T19:15:11.389+0000] {processor.py:154} INFO - Started process (PID=3206) to work on /home/airflow/.local/lib/python3.7/site-packages/airflow/example_dags/example_branch_operator_decorator.py
[2024-01-30T19:15:11.391+0000] {processor.py:756} INFO - Processing file /home/airflow/.local/lib/python3.7/site-packages/airflow/example_dags/example_branch_operator_decorator.py for tasks to queue
[2024-01-30T19:15:11.392+0000] {logging_mixin.py:120} INFO - [2024-01-30T19:15:11.392+0000] {dagbag.py:537} INFO - Filling up the DagBag from /home/airflow/.local/lib/python3.7/site-packages/airflow/example_dags/example_branch_operator_decorator.py
[2024-01-30T19:15:11.433+0000] {processor.py:766} INFO - DAG(s) dict_keys(['example_branch_python_operator_decorator']) retrieved from /home/airflow/.local/lib/python3.7/site-packages/airflow/example_dags/example_branch_operator_decorator.py
[2024-01-30T19:15:11.505+0000] {logging_mixin.py:120} INFO - [2024-01-30T19:15:11.504+0000] {dag.py:2585} INFO - Sync 1 DAGs
[2024-01-30T19:15:11.545+0000] {logging_mixin.py:120} INFO - [2024-01-30T19:15:11.544+0000] {dag.py:3340} INFO - Setting next_dagrun for example_branch_python_operator_decorator to 2024-01-29T00:00:00+00:00, run_after=2024-01-30T00:00:00+00:00
[2024-01-30T19:15:11.576+0000] {processor.py:176} INFO - Processing /home/airflow/.local/lib/python3.7/site-packages/airflow/example_dags/example_branch_operator_decorator.py took 0.194 seconds
[2024-01-30T19:15:42.172+0000] {processor.py:154} INFO - Started process (PID=3270) to work on /home/airflow/.local/lib/python3.7/site-packages/airflow/example_dags/example_branch_operator_decorator.py
[2024-01-30T19:15:42.173+0000] {processor.py:756} INFO - Processing file /home/airflow/.local/lib/python3.7/site-packages/airflow/example_dags/example_branch_operator_decorator.py for tasks to queue
[2024-01-30T19:15:42.175+0000] {logging_mixin.py:120} INFO - [2024-01-30T19:15:42.175+0000] {dagbag.py:537} INFO - Filling up the DagBag from /home/airflow/.local/lib/python3.7/site-packages/airflow/example_dags/example_branch_operator_decorator.py
[2024-01-30T19:15:42.224+0000] {processor.py:766} INFO - DAG(s) dict_keys(['example_branch_python_operator_decorator']) retrieved from /home/airflow/.local/lib/python3.7/site-packages/airflow/example_dags/example_branch_operator_decorator.py
[2024-01-30T19:15:42.306+0000] {logging_mixin.py:120} INFO - [2024-01-30T19:15:42.306+0000] {dag.py:2585} INFO - Sync 1 DAGs
[2024-01-30T19:15:42.347+0000] {logging_mixin.py:120} INFO - [2024-01-30T19:15:42.347+0000] {dag.py:3340} INFO - Setting next_dagrun for example_branch_python_operator_decorator to 2024-01-29T00:00:00+00:00, run_after=2024-01-30T00:00:00+00:00
[2024-01-30T19:15:42.378+0000] {processor.py:176} INFO - Processing /home/airflow/.local/lib/python3.7/site-packages/airflow/example_dags/example_branch_operator_decorator.py took 0.212 seconds
[2024-01-30T19:16:12.460+0000] {processor.py:154} INFO - Started process (PID=3326) to work on /home/airflow/.local/lib/python3.7/site-packages/airflow/example_dags/example_branch_operator_decorator.py
[2024-01-30T19:16:12.461+0000] {processor.py:756} INFO - Processing file /home/airflow/.local/lib/python3.7/site-packages/airflow/example_dags/example_branch_operator_decorator.py for tasks to queue
[2024-01-30T19:16:12.463+0000] {logging_mixin.py:120} INFO - [2024-01-30T19:16:12.463+0000] {dagbag.py:537} INFO - Filling up the DagBag from /home/airflow/.local/lib/python3.7/site-packages/airflow/example_dags/example_branch_operator_decorator.py
[2024-01-30T19:16:12.505+0000] {processor.py:766} INFO - DAG(s) dict_keys(['example_branch_python_operator_decorator']) retrieved from /home/airflow/.local/lib/python3.7/site-packages/airflow/example_dags/example_branch_operator_decorator.py
[2024-01-30T19:16:12.577+0000] {logging_mixin.py:120} INFO - [2024-01-30T19:16:12.577+0000] {dag.py:2585} INFO - Sync 1 DAGs
[2024-01-30T19:16:12.619+0000] {logging_mixin.py:120} INFO - [2024-01-30T19:16:12.618+0000] {dag.py:3340} INFO - Setting next_dagrun for example_branch_python_operator_decorator to 2024-01-29T00:00:00+00:00, run_after=2024-01-30T00:00:00+00:00
[2024-01-30T19:16:12.681+0000] {processor.py:176} INFO - Processing /home/airflow/.local/lib/python3.7/site-packages/airflow/example_dags/example_branch_operator_decorator.py took 0.227 seconds
[2024-01-30T19:16:43.100+0000] {processor.py:154} INFO - Started process (PID=3392) to work on /home/airflow/.local/lib/python3.7/site-packages/airflow/example_dags/example_branch_operator_decorator.py
[2024-01-30T19:16:43.103+0000] {processor.py:756} INFO - Processing file /home/airflow/.local/lib/python3.7/site-packages/airflow/example_dags/example_branch_operator_decorator.py for tasks to queue
[2024-01-30T19:16:43.104+0000] {logging_mixin.py:120} INFO - [2024-01-30T19:16:43.104+0000] {dagbag.py:537} INFO - Filling up the DagBag from /home/airflow/.local/lib/python3.7/site-packages/airflow/example_dags/example_branch_operator_decorator.py
[2024-01-30T19:16:43.153+0000] {processor.py:766} INFO - DAG(s) dict_keys(['example_branch_python_operator_decorator']) retrieved from /home/airflow/.local/lib/python3.7/site-packages/airflow/example_dags/example_branch_operator_decorator.py
[2024-01-30T19:16:43.228+0000] {logging_mixin.py:120} INFO - [2024-01-30T19:16:43.228+0000] {dag.py:2585} INFO - Sync 1 DAGs
[2024-01-30T19:16:43.267+0000] {logging_mixin.py:120} INFO - [2024-01-30T19:16:43.266+0000] {dag.py:3340} INFO - Setting next_dagrun for example_branch_python_operator_decorator to 2024-01-29T00:00:00+00:00, run_after=2024-01-30T00:00:00+00:00
[2024-01-30T19:16:43.291+0000] {processor.py:176} INFO - Processing /home/airflow/.local/lib/python3.7/site-packages/airflow/example_dags/example_branch_operator_decorator.py took 0.198 seconds
[2024-01-30T19:17:14.230+0000] {processor.py:154} INFO - Started process (PID=3448) to work on /home/airflow/.local/lib/python3.7/site-packages/airflow/example_dags/example_branch_operator_decorator.py
[2024-01-30T19:17:14.232+0000] {processor.py:756} INFO - Processing file /home/airflow/.local/lib/python3.7/site-packages/airflow/example_dags/example_branch_operator_decorator.py for tasks to queue
[2024-01-30T19:17:14.234+0000] {logging_mixin.py:120} INFO - [2024-01-30T19:17:14.233+0000] {dagbag.py:537} INFO - Filling up the DagBag from /home/airflow/.local/lib/python3.7/site-packages/airflow/example_dags/example_branch_operator_decorator.py
[2024-01-30T19:17:14.269+0000] {processor.py:766} INFO - DAG(s) dict_keys(['example_branch_python_operator_decorator']) retrieved from /home/airflow/.local/lib/python3.7/site-packages/airflow/example_dags/example_branch_operator_decorator.py
[2024-01-30T19:17:14.320+0000] {logging_mixin.py:120} INFO - [2024-01-30T19:17:14.320+0000] {dag.py:2585} INFO - Sync 1 DAGs
[2024-01-30T19:17:14.369+0000] {logging_mixin.py:120} INFO - [2024-01-30T19:17:14.369+0000] {dag.py:3340} INFO - Setting next_dagrun for example_branch_python_operator_decorator to 2024-01-29T00:00:00+00:00, run_after=2024-01-30T00:00:00+00:00
[2024-01-30T19:17:14.403+0000] {processor.py:176} INFO - Processing /home/airflow/.local/lib/python3.7/site-packages/airflow/example_dags/example_branch_operator_decorator.py took 0.178 seconds
[2024-01-30T19:17:44.834+0000] {processor.py:154} INFO - Started process (PID=3513) to work on /home/airflow/.local/lib/python3.7/site-packages/airflow/example_dags/example_branch_operator_decorator.py
[2024-01-30T19:17:44.836+0000] {processor.py:756} INFO - Processing file /home/airflow/.local/lib/python3.7/site-packages/airflow/example_dags/example_branch_operator_decorator.py for tasks to queue
[2024-01-30T19:17:44.840+0000] {logging_mixin.py:120} INFO - [2024-01-30T19:17:44.839+0000] {dagbag.py:537} INFO - Filling up the DagBag from /home/airflow/.local/lib/python3.7/site-packages/airflow/example_dags/example_branch_operator_decorator.py
[2024-01-30T19:17:44.893+0000] {processor.py:766} INFO - DAG(s) dict_keys(['example_branch_python_operator_decorator']) retrieved from /home/airflow/.local/lib/python3.7/site-packages/airflow/example_dags/example_branch_operator_decorator.py
[2024-01-30T19:17:44.953+0000] {logging_mixin.py:120} INFO - [2024-01-30T19:17:44.953+0000] {dag.py:2585} INFO - Sync 1 DAGs
[2024-01-30T19:17:44.988+0000] {logging_mixin.py:120} INFO - [2024-01-30T19:17:44.988+0000] {dag.py:3340} INFO - Setting next_dagrun for example_branch_python_operator_decorator to 2024-01-29T00:00:00+00:00, run_after=2024-01-30T00:00:00+00:00
[2024-01-30T19:17:45.019+0000] {processor.py:176} INFO - Processing /home/airflow/.local/lib/python3.7/site-packages/airflow/example_dags/example_branch_operator_decorator.py took 0.193 seconds
[2024-01-30T19:18:15.575+0000] {processor.py:154} INFO - Started process (PID=3579) to work on /home/airflow/.local/lib/python3.7/site-packages/airflow/example_dags/example_branch_operator_decorator.py
[2024-01-30T19:18:15.576+0000] {processor.py:756} INFO - Processing file /home/airflow/.local/lib/python3.7/site-packages/airflow/example_dags/example_branch_operator_decorator.py for tasks to queue
[2024-01-30T19:18:15.578+0000] {logging_mixin.py:120} INFO - [2024-01-30T19:18:15.577+0000] {dagbag.py:537} INFO - Filling up the DagBag from /home/airflow/.local/lib/python3.7/site-packages/airflow/example_dags/example_branch_operator_decorator.py
[2024-01-30T19:18:15.609+0000] {processor.py:766} INFO - DAG(s) dict_keys(['example_branch_python_operator_decorator']) retrieved from /home/airflow/.local/lib/python3.7/site-packages/airflow/example_dags/example_branch_operator_decorator.py
[2024-01-30T19:18:15.661+0000] {logging_mixin.py:120} INFO - [2024-01-30T19:18:15.660+0000] {dag.py:2585} INFO - Sync 1 DAGs
[2024-01-30T19:18:15.696+0000] {logging_mixin.py:120} INFO - [2024-01-30T19:18:15.696+0000] {dag.py:3340} INFO - Setting next_dagrun for example_branch_python_operator_decorator to 2024-01-29T00:00:00+00:00, run_after=2024-01-30T00:00:00+00:00
[2024-01-30T19:18:15.721+0000] {processor.py:176} INFO - Processing /home/airflow/.local/lib/python3.7/site-packages/airflow/example_dags/example_branch_operator_decorator.py took 0.150 seconds
[2024-01-30T19:18:46.048+0000] {processor.py:154} INFO - Started process (PID=3642) to work on /home/airflow/.local/lib/python3.7/site-packages/airflow/example_dags/example_branch_operator_decorator.py
[2024-01-30T19:18:46.050+0000] {processor.py:756} INFO - Processing file /home/airflow/.local/lib/python3.7/site-packages/airflow/example_dags/example_branch_operator_decorator.py for tasks to queue
[2024-01-30T19:18:46.051+0000] {logging_mixin.py:120} INFO - [2024-01-30T19:18:46.051+0000] {dagbag.py:537} INFO - Filling up the DagBag from /home/airflow/.local/lib/python3.7/site-packages/airflow/example_dags/example_branch_operator_decorator.py
[2024-01-30T19:18:46.086+0000] {processor.py:766} INFO - DAG(s) dict_keys(['example_branch_python_operator_decorator']) retrieved from /home/airflow/.local/lib/python3.7/site-packages/airflow/example_dags/example_branch_operator_decorator.py
[2024-01-30T19:18:46.140+0000] {logging_mixin.py:120} INFO - [2024-01-30T19:18:46.139+0000] {dag.py:2585} INFO - Sync 1 DAGs
[2024-01-30T19:18:46.174+0000] {logging_mixin.py:120} INFO - [2024-01-30T19:18:46.174+0000] {dag.py:3340} INFO - Setting next_dagrun for example_branch_python_operator_decorator to 2024-01-29T00:00:00+00:00, run_after=2024-01-30T00:00:00+00:00
[2024-01-30T19:18:46.199+0000] {processor.py:176} INFO - Processing /home/airflow/.local/lib/python3.7/site-packages/airflow/example_dags/example_branch_operator_decorator.py took 0.155 seconds
[2024-01-30T19:19:16.285+0000] {processor.py:154} INFO - Started process (PID=3700) to work on /home/airflow/.local/lib/python3.7/site-packages/airflow/example_dags/example_branch_operator_decorator.py
[2024-01-30T19:19:16.287+0000] {processor.py:756} INFO - Processing file /home/airflow/.local/lib/python3.7/site-packages/airflow/example_dags/example_branch_operator_decorator.py for tasks to queue
[2024-01-30T19:19:16.288+0000] {logging_mixin.py:120} INFO - [2024-01-30T19:19:16.288+0000] {dagbag.py:537} INFO - Filling up the DagBag from /home/airflow/.local/lib/python3.7/site-packages/airflow/example_dags/example_branch_operator_decorator.py
[2024-01-30T19:19:16.322+0000] {processor.py:766} INFO - DAG(s) dict_keys(['example_branch_python_operator_decorator']) retrieved from /home/airflow/.local/lib/python3.7/site-packages/airflow/example_dags/example_branch_operator_decorator.py
[2024-01-30T19:19:16.374+0000] {logging_mixin.py:120} INFO - [2024-01-30T19:19:16.374+0000] {dag.py:2585} INFO - Sync 1 DAGs
[2024-01-30T19:19:16.407+0000] {logging_mixin.py:120} INFO - [2024-01-30T19:19:16.407+0000] {dag.py:3340} INFO - Setting next_dagrun for example_branch_python_operator_decorator to 2024-01-29T00:00:00+00:00, run_after=2024-01-30T00:00:00+00:00
[2024-01-30T19:19:16.429+0000] {processor.py:176} INFO - Processing /home/airflow/.local/lib/python3.7/site-packages/airflow/example_dags/example_branch_operator_decorator.py took 0.148 seconds
[2024-01-30T19:19:46.929+0000] {processor.py:154} INFO - Started process (PID=3765) to work on /home/airflow/.local/lib/python3.7/site-packages/airflow/example_dags/example_branch_operator_decorator.py
[2024-01-30T19:19:46.930+0000] {processor.py:756} INFO - Processing file /home/airflow/.local/lib/python3.7/site-packages/airflow/example_dags/example_branch_operator_decorator.py for tasks to queue
[2024-01-30T19:19:46.931+0000] {logging_mixin.py:120} INFO - [2024-01-30T19:19:46.931+0000] {dagbag.py:537} INFO - Filling up the DagBag from /home/airflow/.local/lib/python3.7/site-packages/airflow/example_dags/example_branch_operator_decorator.py
[2024-01-30T19:19:46.961+0000] {processor.py:766} INFO - DAG(s) dict_keys(['example_branch_python_operator_decorator']) retrieved from /home/airflow/.local/lib/python3.7/site-packages/airflow/example_dags/example_branch_operator_decorator.py
[2024-01-30T19:19:47.015+0000] {logging_mixin.py:120} INFO - [2024-01-30T19:19:47.014+0000] {dag.py:2585} INFO - Sync 1 DAGs
[2024-01-30T19:19:47.045+0000] {logging_mixin.py:120} INFO - [2024-01-30T19:19:47.045+0000] {dag.py:3340} INFO - Setting next_dagrun for example_branch_python_operator_decorator to 2024-01-29T00:00:00+00:00, run_after=2024-01-30T00:00:00+00:00
[2024-01-30T19:19:47.070+0000] {processor.py:176} INFO - Processing /home/airflow/.local/lib/python3.7/site-packages/airflow/example_dags/example_branch_operator_decorator.py took 0.145 seconds
[2024-01-30T19:20:17.396+0000] {processor.py:154} INFO - Started process (PID=3827) to work on /home/airflow/.local/lib/python3.7/site-packages/airflow/example_dags/example_branch_operator_decorator.py
[2024-01-30T19:20:17.398+0000] {processor.py:756} INFO - Processing file /home/airflow/.local/lib/python3.7/site-packages/airflow/example_dags/example_branch_operator_decorator.py for tasks to queue
[2024-01-30T19:20:17.401+0000] {logging_mixin.py:120} INFO - [2024-01-30T19:20:17.401+0000] {dagbag.py:537} INFO - Filling up the DagBag from /home/airflow/.local/lib/python3.7/site-packages/airflow/example_dags/example_branch_operator_decorator.py
[2024-01-30T19:20:17.488+0000] {processor.py:766} INFO - DAG(s) dict_keys(['example_branch_python_operator_decorator']) retrieved from /home/airflow/.local/lib/python3.7/site-packages/airflow/example_dags/example_branch_operator_decorator.py
[2024-01-30T19:20:17.600+0000] {logging_mixin.py:120} INFO - [2024-01-30T19:20:17.599+0000] {dag.py:2585} INFO - Sync 1 DAGs
[2024-01-30T19:20:17.654+0000] {logging_mixin.py:120} INFO - [2024-01-30T19:20:17.654+0000] {dag.py:3340} INFO - Setting next_dagrun for example_branch_python_operator_decorator to 2024-01-29T00:00:00+00:00, run_after=2024-01-30T00:00:00+00:00
[2024-01-30T19:20:17.701+0000] {processor.py:176} INFO - Processing /home/airflow/.local/lib/python3.7/site-packages/airflow/example_dags/example_branch_operator_decorator.py took 0.313 seconds
[2024-01-30T19:20:47.888+0000] {processor.py:154} INFO - Started process (PID=3886) to work on /home/airflow/.local/lib/python3.7/site-packages/airflow/example_dags/example_branch_operator_decorator.py
[2024-01-30T19:20:47.890+0000] {processor.py:756} INFO - Processing file /home/airflow/.local/lib/python3.7/site-packages/airflow/example_dags/example_branch_operator_decorator.py for tasks to queue
[2024-01-30T19:20:47.892+0000] {logging_mixin.py:120} INFO - [2024-01-30T19:20:47.892+0000] {dagbag.py:537} INFO - Filling up the DagBag from /home/airflow/.local/lib/python3.7/site-packages/airflow/example_dags/example_branch_operator_decorator.py
[2024-01-30T19:20:47.945+0000] {processor.py:766} INFO - DAG(s) dict_keys(['example_branch_python_operator_decorator']) retrieved from /home/airflow/.local/lib/python3.7/site-packages/airflow/example_dags/example_branch_operator_decorator.py
[2024-01-30T19:20:48.036+0000] {logging_mixin.py:120} INFO - [2024-01-30T19:20:48.036+0000] {dag.py:2585} INFO - Sync 1 DAGs
[2024-01-30T19:20:48.087+0000] {logging_mixin.py:120} INFO - [2024-01-30T19:20:48.087+0000] {dag.py:3340} INFO - Setting next_dagrun for example_branch_python_operator_decorator to 2024-01-29T00:00:00+00:00, run_after=2024-01-30T00:00:00+00:00
[2024-01-30T19:20:48.123+0000] {processor.py:176} INFO - Processing /home/airflow/.local/lib/python3.7/site-packages/airflow/example_dags/example_branch_operator_decorator.py took 0.241 seconds
[2024-01-30T19:21:18.434+0000] {processor.py:154} INFO - Started process (PID=3950) to work on /home/airflow/.local/lib/python3.7/site-packages/airflow/example_dags/example_branch_operator_decorator.py
[2024-01-30T19:21:18.437+0000] {processor.py:756} INFO - Processing file /home/airflow/.local/lib/python3.7/site-packages/airflow/example_dags/example_branch_operator_decorator.py for tasks to queue
[2024-01-30T19:21:18.439+0000] {logging_mixin.py:120} INFO - [2024-01-30T19:21:18.438+0000] {dagbag.py:537} INFO - Filling up the DagBag from /home/airflow/.local/lib/python3.7/site-packages/airflow/example_dags/example_branch_operator_decorator.py
[2024-01-30T19:21:18.479+0000] {processor.py:766} INFO - DAG(s) dict_keys(['example_branch_python_operator_decorator']) retrieved from /home/airflow/.local/lib/python3.7/site-packages/airflow/example_dags/example_branch_operator_decorator.py
[2024-01-30T19:21:18.552+0000] {logging_mixin.py:120} INFO - [2024-01-30T19:21:18.552+0000] {dag.py:2585} INFO - Sync 1 DAGs
[2024-01-30T19:21:18.599+0000] {logging_mixin.py:120} INFO - [2024-01-30T19:21:18.598+0000] {dag.py:3340} INFO - Setting next_dagrun for example_branch_python_operator_decorator to 2024-01-29T00:00:00+00:00, run_after=2024-01-30T00:00:00+00:00
[2024-01-30T19:21:18.631+0000] {processor.py:176} INFO - Processing /home/airflow/.local/lib/python3.7/site-packages/airflow/example_dags/example_branch_operator_decorator.py took 0.203 seconds
[2024-01-30T19:21:49.089+0000] {processor.py:154} INFO - Started process (PID=4005) to work on /home/airflow/.local/lib/python3.7/site-packages/airflow/example_dags/example_branch_operator_decorator.py
[2024-01-30T19:21:49.090+0000] {processor.py:756} INFO - Processing file /home/airflow/.local/lib/python3.7/site-packages/airflow/example_dags/example_branch_operator_decorator.py for tasks to queue
[2024-01-30T19:21:49.091+0000] {logging_mixin.py:120} INFO - [2024-01-30T19:21:49.091+0000] {dagbag.py:537} INFO - Filling up the DagBag from /home/airflow/.local/lib/python3.7/site-packages/airflow/example_dags/example_branch_operator_decorator.py
[2024-01-30T19:21:49.130+0000] {processor.py:766} INFO - DAG(s) dict_keys(['example_branch_python_operator_decorator']) retrieved from /home/airflow/.local/lib/python3.7/site-packages/airflow/example_dags/example_branch_operator_decorator.py
[2024-01-30T19:21:49.187+0000] {logging_mixin.py:120} INFO - [2024-01-30T19:21:49.187+0000] {dag.py:2585} INFO - Sync 1 DAGs
[2024-01-30T19:21:49.220+0000] {logging_mixin.py:120} INFO - [2024-01-30T19:21:49.220+0000] {dag.py:3340} INFO - Setting next_dagrun for example_branch_python_operator_decorator to 2024-01-29T00:00:00+00:00, run_after=2024-01-30T00:00:00+00:00
[2024-01-30T19:21:49.246+0000] {processor.py:176} INFO - Processing /home/airflow/.local/lib/python3.7/site-packages/airflow/example_dags/example_branch_operator_decorator.py took 0.163 seconds
