[2024-01-30T18:49:07.044+0000] {processor.py:154} INFO - Started process (PID=74) to work on /home/airflow/.local/lib/python3.7/site-packages/airflow/example_dags/example_trigger_controller_dag.py
[2024-01-30T18:49:07.063+0000] {processor.py:756} INFO - Processing file /home/airflow/.local/lib/python3.7/site-packages/airflow/example_dags/example_trigger_controller_dag.py for tasks to queue
[2024-01-30T18:49:07.087+0000] {logging_mixin.py:120} INFO - [2024-01-30T18:49:07.086+0000] {dagbag.py:537} INFO - Filling up the DagBag from /home/airflow/.local/lib/python3.7/site-packages/airflow/example_dags/example_trigger_controller_dag.py
[2024-01-30T18:49:07.166+0000] {processor.py:766} INFO - DAG(s) dict_keys(['example_trigger_controller_dag']) retrieved from /home/airflow/.local/lib/python3.7/site-packages/airflow/example_dags/example_trigger_controller_dag.py
[2024-01-30T18:49:07.861+0000] {logging_mixin.py:120} INFO - [2024-01-30T18:49:07.861+0000] {dag.py:2585} INFO - Sync 1 DAGs
[2024-01-30T18:49:08.408+0000] {logging_mixin.py:120} INFO - [2024-01-30T18:49:08.408+0000] {dag.py:3340} INFO - Setting next_dagrun for example_trigger_controller_dag to 2021-01-01T00:00:00+00:00, run_after=2021-01-01T00:00:00+00:00
[2024-01-30T18:49:08.537+0000] {processor.py:176} INFO - Processing /home/airflow/.local/lib/python3.7/site-packages/airflow/example_dags/example_trigger_controller_dag.py took 1.731 seconds
[2024-01-30T18:49:38.969+0000] {processor.py:154} INFO - Started process (PID=139) to work on /home/airflow/.local/lib/python3.7/site-packages/airflow/example_dags/example_trigger_controller_dag.py
[2024-01-30T18:49:38.972+0000] {processor.py:756} INFO - Processing file /home/airflow/.local/lib/python3.7/site-packages/airflow/example_dags/example_trigger_controller_dag.py for tasks to queue
[2024-01-30T18:49:38.973+0000] {logging_mixin.py:120} INFO - [2024-01-30T18:49:38.973+0000] {dagbag.py:537} INFO - Filling up the DagBag from /home/airflow/.local/lib/python3.7/site-packages/airflow/example_dags/example_trigger_controller_dag.py
[2024-01-30T18:49:38.992+0000] {processor.py:766} INFO - DAG(s) dict_keys(['example_trigger_controller_dag']) retrieved from /home/airflow/.local/lib/python3.7/site-packages/airflow/example_dags/example_trigger_controller_dag.py
[2024-01-30T18:49:39.043+0000] {logging_mixin.py:120} INFO - [2024-01-30T18:49:39.043+0000] {dag.py:2585} INFO - Sync 1 DAGs
[2024-01-30T18:49:39.076+0000] {logging_mixin.py:120} INFO - [2024-01-30T18:49:39.076+0000] {dag.py:3340} INFO - Setting next_dagrun for example_trigger_controller_dag to 2021-01-01T00:00:00+00:00, run_after=2021-01-01T00:00:00+00:00
[2024-01-30T18:49:39.100+0000] {processor.py:176} INFO - Processing /home/airflow/.local/lib/python3.7/site-packages/airflow/example_dags/example_trigger_controller_dag.py took 0.136 seconds
[2024-01-30T18:50:09.235+0000] {processor.py:154} INFO - Started process (PID=195) to work on /home/airflow/.local/lib/python3.7/site-packages/airflow/example_dags/example_trigger_controller_dag.py
[2024-01-30T18:50:09.238+0000] {processor.py:756} INFO - Processing file /home/airflow/.local/lib/python3.7/site-packages/airflow/example_dags/example_trigger_controller_dag.py for tasks to queue
[2024-01-30T18:50:09.239+0000] {logging_mixin.py:120} INFO - [2024-01-30T18:50:09.239+0000] {dagbag.py:537} INFO - Filling up the DagBag from /home/airflow/.local/lib/python3.7/site-packages/airflow/example_dags/example_trigger_controller_dag.py
[2024-01-30T18:50:09.255+0000] {processor.py:766} INFO - DAG(s) dict_keys(['example_trigger_controller_dag']) retrieved from /home/airflow/.local/lib/python3.7/site-packages/airflow/example_dags/example_trigger_controller_dag.py
[2024-01-30T18:50:09.319+0000] {logging_mixin.py:120} INFO - [2024-01-30T18:50:09.319+0000] {dag.py:2585} INFO - Sync 1 DAGs
[2024-01-30T18:50:09.363+0000] {logging_mixin.py:120} INFO - [2024-01-30T18:50:09.362+0000] {dag.py:3340} INFO - Setting next_dagrun for example_trigger_controller_dag to 2021-01-01T00:00:00+00:00, run_after=2021-01-01T00:00:00+00:00
[2024-01-30T18:50:09.397+0000] {processor.py:176} INFO - Processing /home/airflow/.local/lib/python3.7/site-packages/airflow/example_dags/example_trigger_controller_dag.py took 0.165 seconds
[2024-01-30T18:50:39.440+0000] {processor.py:154} INFO - Started process (PID=259) to work on /home/airflow/.local/lib/python3.7/site-packages/airflow/example_dags/example_trigger_controller_dag.py
[2024-01-30T18:50:39.441+0000] {processor.py:756} INFO - Processing file /home/airflow/.local/lib/python3.7/site-packages/airflow/example_dags/example_trigger_controller_dag.py for tasks to queue
[2024-01-30T18:50:39.442+0000] {logging_mixin.py:120} INFO - [2024-01-30T18:50:39.442+0000] {dagbag.py:537} INFO - Filling up the DagBag from /home/airflow/.local/lib/python3.7/site-packages/airflow/example_dags/example_trigger_controller_dag.py
[2024-01-30T18:50:39.458+0000] {processor.py:766} INFO - DAG(s) dict_keys(['example_trigger_controller_dag']) retrieved from /home/airflow/.local/lib/python3.7/site-packages/airflow/example_dags/example_trigger_controller_dag.py
[2024-01-30T18:50:39.507+0000] {logging_mixin.py:120} INFO - [2024-01-30T18:50:39.507+0000] {dag.py:2585} INFO - Sync 1 DAGs
[2024-01-30T18:50:39.536+0000] {logging_mixin.py:120} INFO - [2024-01-30T18:50:39.536+0000] {dag.py:3340} INFO - Setting next_dagrun for example_trigger_controller_dag to 2021-01-01T00:00:00+00:00, run_after=2021-01-01T00:00:00+00:00
[2024-01-30T18:50:39.558+0000] {processor.py:176} INFO - Processing /home/airflow/.local/lib/python3.7/site-packages/airflow/example_dags/example_trigger_controller_dag.py took 0.122 seconds
[2024-01-30T18:51:10.107+0000] {processor.py:154} INFO - Started process (PID=313) to work on /home/airflow/.local/lib/python3.7/site-packages/airflow/example_dags/example_trigger_controller_dag.py
[2024-01-30T18:51:10.110+0000] {processor.py:756} INFO - Processing file /home/airflow/.local/lib/python3.7/site-packages/airflow/example_dags/example_trigger_controller_dag.py for tasks to queue
[2024-01-30T18:51:10.112+0000] {logging_mixin.py:120} INFO - [2024-01-30T18:51:10.112+0000] {dagbag.py:537} INFO - Filling up the DagBag from /home/airflow/.local/lib/python3.7/site-packages/airflow/example_dags/example_trigger_controller_dag.py
[2024-01-30T18:51:10.135+0000] {processor.py:766} INFO - DAG(s) dict_keys(['example_trigger_controller_dag']) retrieved from /home/airflow/.local/lib/python3.7/site-packages/airflow/example_dags/example_trigger_controller_dag.py
[2024-01-30T18:51:10.223+0000] {logging_mixin.py:120} INFO - [2024-01-30T18:51:10.222+0000] {dag.py:2585} INFO - Sync 1 DAGs
[2024-01-30T18:51:10.268+0000] {logging_mixin.py:120} INFO - [2024-01-30T18:51:10.267+0000] {dag.py:3340} INFO - Setting next_dagrun for example_trigger_controller_dag to 2021-01-01T00:00:00+00:00, run_after=2021-01-01T00:00:00+00:00
[2024-01-30T18:51:10.303+0000] {processor.py:176} INFO - Processing /home/airflow/.local/lib/python3.7/site-packages/airflow/example_dags/example_trigger_controller_dag.py took 0.202 seconds
[2024-01-30T18:51:40.971+0000] {processor.py:154} INFO - Started process (PID=379) to work on /home/airflow/.local/lib/python3.7/site-packages/airflow/example_dags/example_trigger_controller_dag.py
[2024-01-30T18:51:40.973+0000] {processor.py:756} INFO - Processing file /home/airflow/.local/lib/python3.7/site-packages/airflow/example_dags/example_trigger_controller_dag.py for tasks to queue
[2024-01-30T18:51:40.975+0000] {logging_mixin.py:120} INFO - [2024-01-30T18:51:40.974+0000] {dagbag.py:537} INFO - Filling up the DagBag from /home/airflow/.local/lib/python3.7/site-packages/airflow/example_dags/example_trigger_controller_dag.py
[2024-01-30T18:51:40.993+0000] {processor.py:766} INFO - DAG(s) dict_keys(['example_trigger_controller_dag']) retrieved from /home/airflow/.local/lib/python3.7/site-packages/airflow/example_dags/example_trigger_controller_dag.py
[2024-01-30T18:51:41.056+0000] {logging_mixin.py:120} INFO - [2024-01-30T18:51:41.055+0000] {dag.py:2585} INFO - Sync 1 DAGs
[2024-01-30T18:51:41.100+0000] {logging_mixin.py:120} INFO - [2024-01-30T18:51:41.100+0000] {dag.py:3340} INFO - Setting next_dagrun for example_trigger_controller_dag to 2021-01-01T00:00:00+00:00, run_after=2021-01-01T00:00:00+00:00
[2024-01-30T18:51:41.135+0000] {processor.py:176} INFO - Processing /home/airflow/.local/lib/python3.7/site-packages/airflow/example_dags/example_trigger_controller_dag.py took 0.168 seconds
[2024-01-30T18:52:11.363+0000] {processor.py:154} INFO - Started process (PID=445) to work on /home/airflow/.local/lib/python3.7/site-packages/airflow/example_dags/example_trigger_controller_dag.py
[2024-01-30T18:52:11.365+0000] {processor.py:756} INFO - Processing file /home/airflow/.local/lib/python3.7/site-packages/airflow/example_dags/example_trigger_controller_dag.py for tasks to queue
[2024-01-30T18:52:11.367+0000] {logging_mixin.py:120} INFO - [2024-01-30T18:52:11.367+0000] {dagbag.py:537} INFO - Filling up the DagBag from /home/airflow/.local/lib/python3.7/site-packages/airflow/example_dags/example_trigger_controller_dag.py
[2024-01-30T18:52:11.407+0000] {processor.py:766} INFO - DAG(s) dict_keys(['example_trigger_controller_dag']) retrieved from /home/airflow/.local/lib/python3.7/site-packages/airflow/example_dags/example_trigger_controller_dag.py
[2024-01-30T18:52:11.493+0000] {logging_mixin.py:120} INFO - [2024-01-30T18:52:11.493+0000] {dag.py:2585} INFO - Sync 1 DAGs
[2024-01-30T18:52:11.542+0000] {logging_mixin.py:120} INFO - [2024-01-30T18:52:11.542+0000] {dag.py:3340} INFO - Setting next_dagrun for example_trigger_controller_dag to 2021-01-01T00:00:00+00:00, run_after=2021-01-01T00:00:00+00:00
[2024-01-30T18:52:11.666+0000] {processor.py:176} INFO - Processing /home/airflow/.local/lib/python3.7/site-packages/airflow/example_dags/example_trigger_controller_dag.py took 0.311 seconds
[2024-01-30T18:52:42.527+0000] {processor.py:154} INFO - Started process (PID=509) to work on /home/airflow/.local/lib/python3.7/site-packages/airflow/example_dags/example_trigger_controller_dag.py
[2024-01-30T18:52:42.528+0000] {processor.py:756} INFO - Processing file /home/airflow/.local/lib/python3.7/site-packages/airflow/example_dags/example_trigger_controller_dag.py for tasks to queue
[2024-01-30T18:52:42.529+0000] {logging_mixin.py:120} INFO - [2024-01-30T18:52:42.529+0000] {dagbag.py:537} INFO - Filling up the DagBag from /home/airflow/.local/lib/python3.7/site-packages/airflow/example_dags/example_trigger_controller_dag.py
[2024-01-30T18:52:42.545+0000] {processor.py:766} INFO - DAG(s) dict_keys(['example_trigger_controller_dag']) retrieved from /home/airflow/.local/lib/python3.7/site-packages/airflow/example_dags/example_trigger_controller_dag.py
[2024-01-30T18:52:42.600+0000] {logging_mixin.py:120} INFO - [2024-01-30T18:52:42.600+0000] {dag.py:2585} INFO - Sync 1 DAGs
[2024-01-30T18:52:42.633+0000] {logging_mixin.py:120} INFO - [2024-01-30T18:52:42.633+0000] {dag.py:3340} INFO - Setting next_dagrun for example_trigger_controller_dag to 2021-01-01T00:00:00+00:00, run_after=2021-01-01T00:00:00+00:00
[2024-01-30T18:52:42.657+0000] {processor.py:176} INFO - Processing /home/airflow/.local/lib/python3.7/site-packages/airflow/example_dags/example_trigger_controller_dag.py took 0.134 seconds
[2024-01-30T18:53:12.857+0000] {processor.py:154} INFO - Started process (PID=564) to work on /home/airflow/.local/lib/python3.7/site-packages/airflow/example_dags/example_trigger_controller_dag.py
[2024-01-30T18:53:12.860+0000] {processor.py:756} INFO - Processing file /home/airflow/.local/lib/python3.7/site-packages/airflow/example_dags/example_trigger_controller_dag.py for tasks to queue
[2024-01-30T18:53:12.862+0000] {logging_mixin.py:120} INFO - [2024-01-30T18:53:12.862+0000] {dagbag.py:537} INFO - Filling up the DagBag from /home/airflow/.local/lib/python3.7/site-packages/airflow/example_dags/example_trigger_controller_dag.py
[2024-01-30T18:53:12.883+0000] {processor.py:766} INFO - DAG(s) dict_keys(['example_trigger_controller_dag']) retrieved from /home/airflow/.local/lib/python3.7/site-packages/airflow/example_dags/example_trigger_controller_dag.py
[2024-01-30T18:53:12.955+0000] {logging_mixin.py:120} INFO - [2024-01-30T18:53:12.955+0000] {dag.py:2585} INFO - Sync 1 DAGs
[2024-01-30T18:53:12.994+0000] {logging_mixin.py:120} INFO - [2024-01-30T18:53:12.994+0000] {dag.py:3340} INFO - Setting next_dagrun for example_trigger_controller_dag to 2021-01-01T00:00:00+00:00, run_after=2021-01-01T00:00:00+00:00
[2024-01-30T18:53:13.023+0000] {processor.py:176} INFO - Processing /home/airflow/.local/lib/python3.7/site-packages/airflow/example_dags/example_trigger_controller_dag.py took 0.172 seconds
[2024-01-30T18:53:43.056+0000] {processor.py:154} INFO - Started process (PID=637) to work on /home/airflow/.local/lib/python3.7/site-packages/airflow/example_dags/example_trigger_controller_dag.py
[2024-01-30T18:53:43.058+0000] {processor.py:756} INFO - Processing file /home/airflow/.local/lib/python3.7/site-packages/airflow/example_dags/example_trigger_controller_dag.py for tasks to queue
[2024-01-30T18:53:43.059+0000] {logging_mixin.py:120} INFO - [2024-01-30T18:53:43.059+0000] {dagbag.py:537} INFO - Filling up the DagBag from /home/airflow/.local/lib/python3.7/site-packages/airflow/example_dags/example_trigger_controller_dag.py
[2024-01-30T18:53:43.076+0000] {processor.py:766} INFO - DAG(s) dict_keys(['example_trigger_controller_dag']) retrieved from /home/airflow/.local/lib/python3.7/site-packages/airflow/example_dags/example_trigger_controller_dag.py
[2024-01-30T18:53:43.139+0000] {logging_mixin.py:120} INFO - [2024-01-30T18:53:43.139+0000] {dag.py:2585} INFO - Sync 1 DAGs
[2024-01-30T18:53:43.174+0000] {logging_mixin.py:120} INFO - [2024-01-30T18:53:43.173+0000] {dag.py:3340} INFO - Setting next_dagrun for example_trigger_controller_dag to 2021-01-01T00:00:00+00:00, run_after=2021-01-01T00:00:00+00:00
[2024-01-30T18:53:43.204+0000] {processor.py:176} INFO - Processing /home/airflow/.local/lib/python3.7/site-packages/airflow/example_dags/example_trigger_controller_dag.py took 0.153 seconds
[2024-01-30T18:54:13.995+0000] {processor.py:154} INFO - Started process (PID=693) to work on /home/airflow/.local/lib/python3.7/site-packages/airflow/example_dags/example_trigger_controller_dag.py
[2024-01-30T18:54:13.996+0000] {processor.py:756} INFO - Processing file /home/airflow/.local/lib/python3.7/site-packages/airflow/example_dags/example_trigger_controller_dag.py for tasks to queue
[2024-01-30T18:54:13.997+0000] {logging_mixin.py:120} INFO - [2024-01-30T18:54:13.997+0000] {dagbag.py:537} INFO - Filling up the DagBag from /home/airflow/.local/lib/python3.7/site-packages/airflow/example_dags/example_trigger_controller_dag.py
[2024-01-30T18:54:14.020+0000] {processor.py:766} INFO - DAG(s) dict_keys(['example_trigger_controller_dag']) retrieved from /home/airflow/.local/lib/python3.7/site-packages/airflow/example_dags/example_trigger_controller_dag.py
[2024-01-30T18:54:14.095+0000] {logging_mixin.py:120} INFO - [2024-01-30T18:54:14.095+0000] {dag.py:2585} INFO - Sync 1 DAGs
[2024-01-30T18:54:14.139+0000] {logging_mixin.py:120} INFO - [2024-01-30T18:54:14.138+0000] {dag.py:3340} INFO - Setting next_dagrun for example_trigger_controller_dag to 2021-01-01T00:00:00+00:00, run_after=2021-01-01T00:00:00+00:00
[2024-01-30T18:54:14.173+0000] {processor.py:176} INFO - Processing /home/airflow/.local/lib/python3.7/site-packages/airflow/example_dags/example_trigger_controller_dag.py took 0.185 seconds
[2024-01-30T18:54:44.441+0000] {processor.py:154} INFO - Started process (PID=757) to work on /home/airflow/.local/lib/python3.7/site-packages/airflow/example_dags/example_trigger_controller_dag.py
[2024-01-30T18:54:44.443+0000] {processor.py:756} INFO - Processing file /home/airflow/.local/lib/python3.7/site-packages/airflow/example_dags/example_trigger_controller_dag.py for tasks to queue
[2024-01-30T18:54:44.445+0000] {logging_mixin.py:120} INFO - [2024-01-30T18:54:44.444+0000] {dagbag.py:537} INFO - Filling up the DagBag from /home/airflow/.local/lib/python3.7/site-packages/airflow/example_dags/example_trigger_controller_dag.py
[2024-01-30T18:54:44.465+0000] {processor.py:766} INFO - DAG(s) dict_keys(['example_trigger_controller_dag']) retrieved from /home/airflow/.local/lib/python3.7/site-packages/airflow/example_dags/example_trigger_controller_dag.py
[2024-01-30T18:54:44.545+0000] {logging_mixin.py:120} INFO - [2024-01-30T18:54:44.545+0000] {dag.py:2585} INFO - Sync 1 DAGs
[2024-01-30T18:54:44.585+0000] {logging_mixin.py:120} INFO - [2024-01-30T18:54:44.584+0000] {dag.py:3340} INFO - Setting next_dagrun for example_trigger_controller_dag to 2021-01-01T00:00:00+00:00, run_after=2021-01-01T00:00:00+00:00
[2024-01-30T18:54:44.617+0000] {processor.py:176} INFO - Processing /home/airflow/.local/lib/python3.7/site-packages/airflow/example_dags/example_trigger_controller_dag.py took 0.182 seconds
[2024-01-30T18:55:15.334+0000] {processor.py:154} INFO - Started process (PID=821) to work on /home/airflow/.local/lib/python3.7/site-packages/airflow/example_dags/example_trigger_controller_dag.py
[2024-01-30T18:55:15.336+0000] {processor.py:756} INFO - Processing file /home/airflow/.local/lib/python3.7/site-packages/airflow/example_dags/example_trigger_controller_dag.py for tasks to queue
[2024-01-30T18:55:15.337+0000] {logging_mixin.py:120} INFO - [2024-01-30T18:55:15.337+0000] {dagbag.py:537} INFO - Filling up the DagBag from /home/airflow/.local/lib/python3.7/site-packages/airflow/example_dags/example_trigger_controller_dag.py
[2024-01-30T18:55:15.357+0000] {processor.py:766} INFO - DAG(s) dict_keys(['example_trigger_controller_dag']) retrieved from /home/airflow/.local/lib/python3.7/site-packages/airflow/example_dags/example_trigger_controller_dag.py
[2024-01-30T18:55:15.430+0000] {logging_mixin.py:120} INFO - [2024-01-30T18:55:15.429+0000] {dag.py:2585} INFO - Sync 1 DAGs
[2024-01-30T18:55:15.469+0000] {logging_mixin.py:120} INFO - [2024-01-30T18:55:15.469+0000] {dag.py:3340} INFO - Setting next_dagrun for example_trigger_controller_dag to 2021-01-01T00:00:00+00:00, run_after=2021-01-01T00:00:00+00:00
[2024-01-30T18:55:15.505+0000] {processor.py:176} INFO - Processing /home/airflow/.local/lib/python3.7/site-packages/airflow/example_dags/example_trigger_controller_dag.py took 0.175 seconds
[2024-01-30T18:55:45.997+0000] {processor.py:154} INFO - Started process (PID=875) to work on /home/airflow/.local/lib/python3.7/site-packages/airflow/example_dags/example_trigger_controller_dag.py
[2024-01-30T18:55:45.998+0000] {processor.py:756} INFO - Processing file /home/airflow/.local/lib/python3.7/site-packages/airflow/example_dags/example_trigger_controller_dag.py for tasks to queue
[2024-01-30T18:55:45.999+0000] {logging_mixin.py:120} INFO - [2024-01-30T18:55:45.999+0000] {dagbag.py:537} INFO - Filling up the DagBag from /home/airflow/.local/lib/python3.7/site-packages/airflow/example_dags/example_trigger_controller_dag.py
[2024-01-30T18:55:46.015+0000] {processor.py:766} INFO - DAG(s) dict_keys(['example_trigger_controller_dag']) retrieved from /home/airflow/.local/lib/python3.7/site-packages/airflow/example_dags/example_trigger_controller_dag.py
[2024-01-30T18:55:46.086+0000] {logging_mixin.py:120} INFO - [2024-01-30T18:55:46.086+0000] {dag.py:2585} INFO - Sync 1 DAGs
[2024-01-30T18:55:46.132+0000] {logging_mixin.py:120} INFO - [2024-01-30T18:55:46.132+0000] {dag.py:3340} INFO - Setting next_dagrun for example_trigger_controller_dag to 2021-01-01T00:00:00+00:00, run_after=2021-01-01T00:00:00+00:00
[2024-01-30T18:55:46.174+0000] {processor.py:176} INFO - Processing /home/airflow/.local/lib/python3.7/site-packages/airflow/example_dags/example_trigger_controller_dag.py took 0.181 seconds
[2024-01-30T18:56:16.331+0000] {processor.py:154} INFO - Started process (PID=939) to work on /home/airflow/.local/lib/python3.7/site-packages/airflow/example_dags/example_trigger_controller_dag.py
[2024-01-30T18:56:16.333+0000] {processor.py:756} INFO - Processing file /home/airflow/.local/lib/python3.7/site-packages/airflow/example_dags/example_trigger_controller_dag.py for tasks to queue
[2024-01-30T18:56:16.334+0000] {logging_mixin.py:120} INFO - [2024-01-30T18:56:16.334+0000] {dagbag.py:537} INFO - Filling up the DagBag from /home/airflow/.local/lib/python3.7/site-packages/airflow/example_dags/example_trigger_controller_dag.py
[2024-01-30T18:56:16.353+0000] {processor.py:766} INFO - DAG(s) dict_keys(['example_trigger_controller_dag']) retrieved from /home/airflow/.local/lib/python3.7/site-packages/airflow/example_dags/example_trigger_controller_dag.py
[2024-01-30T18:56:16.413+0000] {logging_mixin.py:120} INFO - [2024-01-30T18:56:16.412+0000] {dag.py:2585} INFO - Sync 1 DAGs
[2024-01-30T18:56:16.449+0000] {logging_mixin.py:120} INFO - [2024-01-30T18:56:16.449+0000] {dag.py:3340} INFO - Setting next_dagrun for example_trigger_controller_dag to 2021-01-01T00:00:00+00:00, run_after=2021-01-01T00:00:00+00:00
[2024-01-30T18:56:16.481+0000] {processor.py:176} INFO - Processing /home/airflow/.local/lib/python3.7/site-packages/airflow/example_dags/example_trigger_controller_dag.py took 0.155 seconds
[2024-01-30T18:56:46.863+0000] {processor.py:154} INFO - Started process (PID=1003) to work on /home/airflow/.local/lib/python3.7/site-packages/airflow/example_dags/example_trigger_controller_dag.py
[2024-01-30T18:56:46.865+0000] {processor.py:756} INFO - Processing file /home/airflow/.local/lib/python3.7/site-packages/airflow/example_dags/example_trigger_controller_dag.py for tasks to queue
[2024-01-30T18:56:46.866+0000] {logging_mixin.py:120} INFO - [2024-01-30T18:56:46.866+0000] {dagbag.py:537} INFO - Filling up the DagBag from /home/airflow/.local/lib/python3.7/site-packages/airflow/example_dags/example_trigger_controller_dag.py
[2024-01-30T18:56:46.882+0000] {processor.py:766} INFO - DAG(s) dict_keys(['example_trigger_controller_dag']) retrieved from /home/airflow/.local/lib/python3.7/site-packages/airflow/example_dags/example_trigger_controller_dag.py
[2024-01-30T18:56:46.943+0000] {logging_mixin.py:120} INFO - [2024-01-30T18:56:46.943+0000] {dag.py:2585} INFO - Sync 1 DAGs
[2024-01-30T18:56:46.975+0000] {logging_mixin.py:120} INFO - [2024-01-30T18:56:46.975+0000] {dag.py:3340} INFO - Setting next_dagrun for example_trigger_controller_dag to 2021-01-01T00:00:00+00:00, run_after=2021-01-01T00:00:00+00:00
[2024-01-30T18:56:47.000+0000] {processor.py:176} INFO - Processing /home/airflow/.local/lib/python3.7/site-packages/airflow/example_dags/example_trigger_controller_dag.py took 0.141 seconds
[2024-01-30T18:57:17.412+0000] {processor.py:154} INFO - Started process (PID=1058) to work on /home/airflow/.local/lib/python3.7/site-packages/airflow/example_dags/example_trigger_controller_dag.py
[2024-01-30T18:57:17.415+0000] {processor.py:756} INFO - Processing file /home/airflow/.local/lib/python3.7/site-packages/airflow/example_dags/example_trigger_controller_dag.py for tasks to queue
[2024-01-30T18:57:17.418+0000] {logging_mixin.py:120} INFO - [2024-01-30T18:57:17.418+0000] {dagbag.py:537} INFO - Filling up the DagBag from /home/airflow/.local/lib/python3.7/site-packages/airflow/example_dags/example_trigger_controller_dag.py
[2024-01-30T18:57:17.441+0000] {processor.py:766} INFO - DAG(s) dict_keys(['example_trigger_controller_dag']) retrieved from /home/airflow/.local/lib/python3.7/site-packages/airflow/example_dags/example_trigger_controller_dag.py
[2024-01-30T18:57:17.512+0000] {logging_mixin.py:120} INFO - [2024-01-30T18:57:17.512+0000] {dag.py:2585} INFO - Sync 1 DAGs
[2024-01-30T18:57:17.549+0000] {logging_mixin.py:120} INFO - [2024-01-30T18:57:17.549+0000] {dag.py:3340} INFO - Setting next_dagrun for example_trigger_controller_dag to 2021-01-01T00:00:00+00:00, run_after=2021-01-01T00:00:00+00:00
[2024-01-30T18:57:17.578+0000] {processor.py:176} INFO - Processing /home/airflow/.local/lib/python3.7/site-packages/airflow/example_dags/example_trigger_controller_dag.py took 0.173 seconds
[2024-01-30T18:57:48.030+0000] {processor.py:154} INFO - Started process (PID=1122) to work on /home/airflow/.local/lib/python3.7/site-packages/airflow/example_dags/example_trigger_controller_dag.py
[2024-01-30T18:57:48.031+0000] {processor.py:756} INFO - Processing file /home/airflow/.local/lib/python3.7/site-packages/airflow/example_dags/example_trigger_controller_dag.py for tasks to queue
[2024-01-30T18:57:48.034+0000] {logging_mixin.py:120} INFO - [2024-01-30T18:57:48.034+0000] {dagbag.py:537} INFO - Filling up the DagBag from /home/airflow/.local/lib/python3.7/site-packages/airflow/example_dags/example_trigger_controller_dag.py
[2024-01-30T18:57:48.056+0000] {processor.py:766} INFO - DAG(s) dict_keys(['example_trigger_controller_dag']) retrieved from /home/airflow/.local/lib/python3.7/site-packages/airflow/example_dags/example_trigger_controller_dag.py
[2024-01-30T18:57:48.114+0000] {logging_mixin.py:120} INFO - [2024-01-30T18:57:48.114+0000] {dag.py:2585} INFO - Sync 1 DAGs
[2024-01-30T18:57:48.146+0000] {logging_mixin.py:120} INFO - [2024-01-30T18:57:48.146+0000] {dag.py:3340} INFO - Setting next_dagrun for example_trigger_controller_dag to 2021-01-01T00:00:00+00:00, run_after=2021-01-01T00:00:00+00:00
[2024-01-30T18:57:48.173+0000] {processor.py:176} INFO - Processing /home/airflow/.local/lib/python3.7/site-packages/airflow/example_dags/example_trigger_controller_dag.py took 0.150 seconds
[2024-01-30T18:58:18.292+0000] {processor.py:154} INFO - Started process (PID=1177) to work on /home/airflow/.local/lib/python3.7/site-packages/airflow/example_dags/example_trigger_controller_dag.py
[2024-01-30T18:58:18.295+0000] {processor.py:756} INFO - Processing file /home/airflow/.local/lib/python3.7/site-packages/airflow/example_dags/example_trigger_controller_dag.py for tasks to queue
[2024-01-30T18:58:18.297+0000] {logging_mixin.py:120} INFO - [2024-01-30T18:58:18.296+0000] {dagbag.py:537} INFO - Filling up the DagBag from /home/airflow/.local/lib/python3.7/site-packages/airflow/example_dags/example_trigger_controller_dag.py
[2024-01-30T18:58:18.325+0000] {processor.py:766} INFO - DAG(s) dict_keys(['example_trigger_controller_dag']) retrieved from /home/airflow/.local/lib/python3.7/site-packages/airflow/example_dags/example_trigger_controller_dag.py
[2024-01-30T18:58:18.381+0000] {logging_mixin.py:120} INFO - [2024-01-30T18:58:18.381+0000] {dag.py:2585} INFO - Sync 1 DAGs
[2024-01-30T18:58:18.415+0000] {logging_mixin.py:120} INFO - [2024-01-30T18:58:18.415+0000] {dag.py:3340} INFO - Setting next_dagrun for example_trigger_controller_dag to 2021-01-01T00:00:00+00:00, run_after=2021-01-01T00:00:00+00:00
[2024-01-30T18:58:18.441+0000] {processor.py:176} INFO - Processing /home/airflow/.local/lib/python3.7/site-packages/airflow/example_dags/example_trigger_controller_dag.py took 0.157 seconds
[2024-01-30T18:58:48.673+0000] {processor.py:154} INFO - Started process (PID=1240) to work on /home/airflow/.local/lib/python3.7/site-packages/airflow/example_dags/example_trigger_controller_dag.py
[2024-01-30T18:58:48.675+0000] {processor.py:756} INFO - Processing file /home/airflow/.local/lib/python3.7/site-packages/airflow/example_dags/example_trigger_controller_dag.py for tasks to queue
[2024-01-30T18:58:48.677+0000] {logging_mixin.py:120} INFO - [2024-01-30T18:58:48.676+0000] {dagbag.py:537} INFO - Filling up the DagBag from /home/airflow/.local/lib/python3.7/site-packages/airflow/example_dags/example_trigger_controller_dag.py
[2024-01-30T18:58:48.701+0000] {processor.py:766} INFO - DAG(s) dict_keys(['example_trigger_controller_dag']) retrieved from /home/airflow/.local/lib/python3.7/site-packages/airflow/example_dags/example_trigger_controller_dag.py
[2024-01-30T18:58:48.783+0000] {logging_mixin.py:120} INFO - [2024-01-30T18:58:48.783+0000] {dag.py:2585} INFO - Sync 1 DAGs
[2024-01-30T18:58:48.833+0000] {logging_mixin.py:120} INFO - [2024-01-30T18:58:48.833+0000] {dag.py:3340} INFO - Setting next_dagrun for example_trigger_controller_dag to 2021-01-01T00:00:00+00:00, run_after=2021-01-01T00:00:00+00:00
[2024-01-30T18:58:48.873+0000] {processor.py:176} INFO - Processing /home/airflow/.local/lib/python3.7/site-packages/airflow/example_dags/example_trigger_controller_dag.py took 0.207 seconds
[2024-01-30T18:59:19.665+0000] {processor.py:154} INFO - Started process (PID=1303) to work on /home/airflow/.local/lib/python3.7/site-packages/airflow/example_dags/example_trigger_controller_dag.py
[2024-01-30T18:59:19.667+0000] {processor.py:756} INFO - Processing file /home/airflow/.local/lib/python3.7/site-packages/airflow/example_dags/example_trigger_controller_dag.py for tasks to queue
[2024-01-30T18:59:19.670+0000] {logging_mixin.py:120} INFO - [2024-01-30T18:59:19.670+0000] {dagbag.py:537} INFO - Filling up the DagBag from /home/airflow/.local/lib/python3.7/site-packages/airflow/example_dags/example_trigger_controller_dag.py
[2024-01-30T18:59:19.698+0000] {processor.py:766} INFO - DAG(s) dict_keys(['example_trigger_controller_dag']) retrieved from /home/airflow/.local/lib/python3.7/site-packages/airflow/example_dags/example_trigger_controller_dag.py
[2024-01-30T18:59:20.671+0000] {logging_mixin.py:120} INFO - [2024-01-30T18:59:20.670+0000] {dag.py:2585} INFO - Sync 1 DAGs
[2024-01-30T18:59:20.760+0000] {logging_mixin.py:120} INFO - [2024-01-30T18:59:20.760+0000] {dag.py:3340} INFO - Setting next_dagrun for example_trigger_controller_dag to 2021-01-01T00:00:00+00:00, run_after=2021-01-01T00:00:00+00:00
[2024-01-30T18:59:20.789+0000] {processor.py:176} INFO - Processing /home/airflow/.local/lib/python3.7/site-packages/airflow/example_dags/example_trigger_controller_dag.py took 1.128 seconds
[2024-01-30T18:59:51.311+0000] {processor.py:154} INFO - Started process (PID=1359) to work on /home/airflow/.local/lib/python3.7/site-packages/airflow/example_dags/example_trigger_controller_dag.py
[2024-01-30T18:59:51.313+0000] {processor.py:756} INFO - Processing file /home/airflow/.local/lib/python3.7/site-packages/airflow/example_dags/example_trigger_controller_dag.py for tasks to queue
[2024-01-30T18:59:51.314+0000] {logging_mixin.py:120} INFO - [2024-01-30T18:59:51.314+0000] {dagbag.py:537} INFO - Filling up the DagBag from /home/airflow/.local/lib/python3.7/site-packages/airflow/example_dags/example_trigger_controller_dag.py
[2024-01-30T18:59:51.330+0000] {processor.py:766} INFO - DAG(s) dict_keys(['example_trigger_controller_dag']) retrieved from /home/airflow/.local/lib/python3.7/site-packages/airflow/example_dags/example_trigger_controller_dag.py
[2024-01-30T18:59:51.396+0000] {logging_mixin.py:120} INFO - [2024-01-30T18:59:51.396+0000] {dag.py:2585} INFO - Sync 1 DAGs
[2024-01-30T18:59:51.444+0000] {logging_mixin.py:120} INFO - [2024-01-30T18:59:51.444+0000] {dag.py:3340} INFO - Setting next_dagrun for example_trigger_controller_dag to 2021-01-01T00:00:00+00:00, run_after=2021-01-01T00:00:00+00:00
[2024-01-30T18:59:51.493+0000] {processor.py:176} INFO - Processing /home/airflow/.local/lib/python3.7/site-packages/airflow/example_dags/example_trigger_controller_dag.py took 0.186 seconds
[2024-01-30T19:00:22.380+0000] {processor.py:154} INFO - Started process (PID=1423) to work on /home/airflow/.local/lib/python3.7/site-packages/airflow/example_dags/example_trigger_controller_dag.py
[2024-01-30T19:00:22.381+0000] {processor.py:756} INFO - Processing file /home/airflow/.local/lib/python3.7/site-packages/airflow/example_dags/example_trigger_controller_dag.py for tasks to queue
[2024-01-30T19:00:22.383+0000] {logging_mixin.py:120} INFO - [2024-01-30T19:00:22.383+0000] {dagbag.py:537} INFO - Filling up the DagBag from /home/airflow/.local/lib/python3.7/site-packages/airflow/example_dags/example_trigger_controller_dag.py
[2024-01-30T19:00:22.407+0000] {processor.py:766} INFO - DAG(s) dict_keys(['example_trigger_controller_dag']) retrieved from /home/airflow/.local/lib/python3.7/site-packages/airflow/example_dags/example_trigger_controller_dag.py
[2024-01-30T19:00:22.487+0000] {logging_mixin.py:120} INFO - [2024-01-30T19:00:22.487+0000] {dag.py:2585} INFO - Sync 1 DAGs
[2024-01-30T19:00:22.544+0000] {logging_mixin.py:120} INFO - [2024-01-30T19:00:22.543+0000] {dag.py:3340} INFO - Setting next_dagrun for example_trigger_controller_dag to 2021-01-01T00:00:00+00:00, run_after=2021-01-01T00:00:00+00:00
[2024-01-30T19:00:22.589+0000] {processor.py:176} INFO - Processing /home/airflow/.local/lib/python3.7/site-packages/airflow/example_dags/example_trigger_controller_dag.py took 0.216 seconds
[2024-01-30T19:00:53.012+0000] {processor.py:154} INFO - Started process (PID=1486) to work on /home/airflow/.local/lib/python3.7/site-packages/airflow/example_dags/example_trigger_controller_dag.py
[2024-01-30T19:00:53.014+0000] {processor.py:756} INFO - Processing file /home/airflow/.local/lib/python3.7/site-packages/airflow/example_dags/example_trigger_controller_dag.py for tasks to queue
[2024-01-30T19:00:53.015+0000] {logging_mixin.py:120} INFO - [2024-01-30T19:00:53.015+0000] {dagbag.py:537} INFO - Filling up the DagBag from /home/airflow/.local/lib/python3.7/site-packages/airflow/example_dags/example_trigger_controller_dag.py
[2024-01-30T19:00:53.040+0000] {processor.py:766} INFO - DAG(s) dict_keys(['example_trigger_controller_dag']) retrieved from /home/airflow/.local/lib/python3.7/site-packages/airflow/example_dags/example_trigger_controller_dag.py
[2024-01-30T19:00:53.122+0000] {logging_mixin.py:120} INFO - [2024-01-30T19:00:53.121+0000] {dag.py:2585} INFO - Sync 1 DAGs
[2024-01-30T19:00:53.174+0000] {logging_mixin.py:120} INFO - [2024-01-30T19:00:53.173+0000] {dag.py:3340} INFO - Setting next_dagrun for example_trigger_controller_dag to 2021-01-01T00:00:00+00:00, run_after=2021-01-01T00:00:00+00:00
[2024-01-30T19:00:53.207+0000] {processor.py:176} INFO - Processing /home/airflow/.local/lib/python3.7/site-packages/airflow/example_dags/example_trigger_controller_dag.py took 0.202 seconds
[2024-01-30T19:01:23.911+0000] {processor.py:154} INFO - Started process (PID=1544) to work on /home/airflow/.local/lib/python3.7/site-packages/airflow/example_dags/example_trigger_controller_dag.py
[2024-01-30T19:01:23.913+0000] {processor.py:756} INFO - Processing file /home/airflow/.local/lib/python3.7/site-packages/airflow/example_dags/example_trigger_controller_dag.py for tasks to queue
[2024-01-30T19:01:23.914+0000] {logging_mixin.py:120} INFO - [2024-01-30T19:01:23.914+0000] {dagbag.py:537} INFO - Filling up the DagBag from /home/airflow/.local/lib/python3.7/site-packages/airflow/example_dags/example_trigger_controller_dag.py
[2024-01-30T19:01:23.936+0000] {processor.py:766} INFO - DAG(s) dict_keys(['example_trigger_controller_dag']) retrieved from /home/airflow/.local/lib/python3.7/site-packages/airflow/example_dags/example_trigger_controller_dag.py
[2024-01-30T19:01:24.275+0000] {logging_mixin.py:120} INFO - [2024-01-30T19:01:24.274+0000] {dag.py:2585} INFO - Sync 1 DAGs
[2024-01-30T19:01:24.370+0000] {logging_mixin.py:120} INFO - [2024-01-30T19:01:24.369+0000] {dag.py:3340} INFO - Setting next_dagrun for example_trigger_controller_dag to 2021-01-01T00:00:00+00:00, run_after=2021-01-01T00:00:00+00:00
[2024-01-30T19:01:24.416+0000] {processor.py:176} INFO - Processing /home/airflow/.local/lib/python3.7/site-packages/airflow/example_dags/example_trigger_controller_dag.py took 0.513 seconds
[2024-01-30T19:01:54.745+0000] {processor.py:154} INFO - Started process (PID=1608) to work on /home/airflow/.local/lib/python3.7/site-packages/airflow/example_dags/example_trigger_controller_dag.py
[2024-01-30T19:01:54.747+0000] {processor.py:756} INFO - Processing file /home/airflow/.local/lib/python3.7/site-packages/airflow/example_dags/example_trigger_controller_dag.py for tasks to queue
[2024-01-30T19:01:54.748+0000] {logging_mixin.py:120} INFO - [2024-01-30T19:01:54.748+0000] {dagbag.py:537} INFO - Filling up the DagBag from /home/airflow/.local/lib/python3.7/site-packages/airflow/example_dags/example_trigger_controller_dag.py
[2024-01-30T19:01:54.765+0000] {processor.py:766} INFO - DAG(s) dict_keys(['example_trigger_controller_dag']) retrieved from /home/airflow/.local/lib/python3.7/site-packages/airflow/example_dags/example_trigger_controller_dag.py
[2024-01-30T19:01:54.831+0000] {logging_mixin.py:120} INFO - [2024-01-30T19:01:54.831+0000] {dag.py:2585} INFO - Sync 1 DAGs
[2024-01-30T19:01:54.877+0000] {logging_mixin.py:120} INFO - [2024-01-30T19:01:54.876+0000] {dag.py:3340} INFO - Setting next_dagrun for example_trigger_controller_dag to 2021-01-01T00:00:00+00:00, run_after=2021-01-01T00:00:00+00:00
[2024-01-30T19:01:54.922+0000] {processor.py:176} INFO - Processing /home/airflow/.local/lib/python3.7/site-packages/airflow/example_dags/example_trigger_controller_dag.py took 0.182 seconds
[2024-01-30T19:02:25.589+0000] {processor.py:154} INFO - Started process (PID=1663) to work on /home/airflow/.local/lib/python3.7/site-packages/airflow/example_dags/example_trigger_controller_dag.py
[2024-01-30T19:02:25.591+0000] {processor.py:756} INFO - Processing file /home/airflow/.local/lib/python3.7/site-packages/airflow/example_dags/example_trigger_controller_dag.py for tasks to queue
[2024-01-30T19:02:25.596+0000] {logging_mixin.py:120} INFO - [2024-01-30T19:02:25.596+0000] {dagbag.py:537} INFO - Filling up the DagBag from /home/airflow/.local/lib/python3.7/site-packages/airflow/example_dags/example_trigger_controller_dag.py
[2024-01-30T19:02:25.620+0000] {processor.py:766} INFO - DAG(s) dict_keys(['example_trigger_controller_dag']) retrieved from /home/airflow/.local/lib/python3.7/site-packages/airflow/example_dags/example_trigger_controller_dag.py
[2024-01-30T19:02:25.699+0000] {logging_mixin.py:120} INFO - [2024-01-30T19:02:25.699+0000] {dag.py:2585} INFO - Sync 1 DAGs
[2024-01-30T19:02:25.748+0000] {logging_mixin.py:120} INFO - [2024-01-30T19:02:25.748+0000] {dag.py:3340} INFO - Setting next_dagrun for example_trigger_controller_dag to 2021-01-01T00:00:00+00:00, run_after=2021-01-01T00:00:00+00:00
[2024-01-30T19:02:25.782+0000] {processor.py:176} INFO - Processing /home/airflow/.local/lib/python3.7/site-packages/airflow/example_dags/example_trigger_controller_dag.py took 0.198 seconds
[2024-01-30T19:02:55.892+0000] {processor.py:154} INFO - Started process (PID=1728) to work on /home/airflow/.local/lib/python3.7/site-packages/airflow/example_dags/example_trigger_controller_dag.py
[2024-01-30T19:02:55.894+0000] {processor.py:756} INFO - Processing file /home/airflow/.local/lib/python3.7/site-packages/airflow/example_dags/example_trigger_controller_dag.py for tasks to queue
[2024-01-30T19:02:55.896+0000] {logging_mixin.py:120} INFO - [2024-01-30T19:02:55.896+0000] {dagbag.py:537} INFO - Filling up the DagBag from /home/airflow/.local/lib/python3.7/site-packages/airflow/example_dags/example_trigger_controller_dag.py
[2024-01-30T19:02:55.917+0000] {processor.py:766} INFO - DAG(s) dict_keys(['example_trigger_controller_dag']) retrieved from /home/airflow/.local/lib/python3.7/site-packages/airflow/example_dags/example_trigger_controller_dag.py
[2024-01-30T19:02:55.997+0000] {logging_mixin.py:120} INFO - [2024-01-30T19:02:55.996+0000] {dag.py:2585} INFO - Sync 1 DAGs
[2024-01-30T19:02:56.051+0000] {logging_mixin.py:120} INFO - [2024-01-30T19:02:56.051+0000] {dag.py:3340} INFO - Setting next_dagrun for example_trigger_controller_dag to 2021-01-01T00:00:00+00:00, run_after=2021-01-01T00:00:00+00:00
[2024-01-30T19:02:56.104+0000] {processor.py:176} INFO - Processing /home/airflow/.local/lib/python3.7/site-packages/airflow/example_dags/example_trigger_controller_dag.py took 0.218 seconds
[2024-01-30T19:03:26.607+0000] {processor.py:154} INFO - Started process (PID=1792) to work on /home/airflow/.local/lib/python3.7/site-packages/airflow/example_dags/example_trigger_controller_dag.py
[2024-01-30T19:03:26.609+0000] {processor.py:756} INFO - Processing file /home/airflow/.local/lib/python3.7/site-packages/airflow/example_dags/example_trigger_controller_dag.py for tasks to queue
[2024-01-30T19:03:26.610+0000] {logging_mixin.py:120} INFO - [2024-01-30T19:03:26.610+0000] {dagbag.py:537} INFO - Filling up the DagBag from /home/airflow/.local/lib/python3.7/site-packages/airflow/example_dags/example_trigger_controller_dag.py
[2024-01-30T19:03:26.630+0000] {processor.py:766} INFO - DAG(s) dict_keys(['example_trigger_controller_dag']) retrieved from /home/airflow/.local/lib/python3.7/site-packages/airflow/example_dags/example_trigger_controller_dag.py
[2024-01-30T19:03:26.689+0000] {logging_mixin.py:120} INFO - [2024-01-30T19:03:26.689+0000] {dag.py:2585} INFO - Sync 1 DAGs
[2024-01-30T19:03:26.722+0000] {logging_mixin.py:120} INFO - [2024-01-30T19:03:26.721+0000] {dag.py:3340} INFO - Setting next_dagrun for example_trigger_controller_dag to 2021-01-01T00:00:00+00:00, run_after=2021-01-01T00:00:00+00:00
[2024-01-30T19:03:26.755+0000] {processor.py:176} INFO - Processing /home/airflow/.local/lib/python3.7/site-packages/airflow/example_dags/example_trigger_controller_dag.py took 0.155 seconds
[2024-01-30T19:03:57.144+0000] {processor.py:154} INFO - Started process (PID=1847) to work on /home/airflow/.local/lib/python3.7/site-packages/airflow/example_dags/example_trigger_controller_dag.py
[2024-01-30T19:03:57.145+0000] {processor.py:756} INFO - Processing file /home/airflow/.local/lib/python3.7/site-packages/airflow/example_dags/example_trigger_controller_dag.py for tasks to queue
[2024-01-30T19:03:57.147+0000] {logging_mixin.py:120} INFO - [2024-01-30T19:03:57.147+0000] {dagbag.py:537} INFO - Filling up the DagBag from /home/airflow/.local/lib/python3.7/site-packages/airflow/example_dags/example_trigger_controller_dag.py
[2024-01-30T19:03:57.168+0000] {processor.py:766} INFO - DAG(s) dict_keys(['example_trigger_controller_dag']) retrieved from /home/airflow/.local/lib/python3.7/site-packages/airflow/example_dags/example_trigger_controller_dag.py
[2024-01-30T19:03:57.246+0000] {logging_mixin.py:120} INFO - [2024-01-30T19:03:57.246+0000] {dag.py:2585} INFO - Sync 1 DAGs
[2024-01-30T19:03:57.298+0000] {logging_mixin.py:120} INFO - [2024-01-30T19:03:57.297+0000] {dag.py:3340} INFO - Setting next_dagrun for example_trigger_controller_dag to 2021-01-01T00:00:00+00:00, run_after=2021-01-01T00:00:00+00:00
[2024-01-30T19:03:57.354+0000] {processor.py:176} INFO - Processing /home/airflow/.local/lib/python3.7/site-packages/airflow/example_dags/example_trigger_controller_dag.py took 0.216 seconds
[2024-01-30T19:04:27.538+0000] {processor.py:154} INFO - Started process (PID=1910) to work on /home/airflow/.local/lib/python3.7/site-packages/airflow/example_dags/example_trigger_controller_dag.py
[2024-01-30T19:04:27.541+0000] {processor.py:756} INFO - Processing file /home/airflow/.local/lib/python3.7/site-packages/airflow/example_dags/example_trigger_controller_dag.py for tasks to queue
[2024-01-30T19:04:27.542+0000] {logging_mixin.py:120} INFO - [2024-01-30T19:04:27.542+0000] {dagbag.py:537} INFO - Filling up the DagBag from /home/airflow/.local/lib/python3.7/site-packages/airflow/example_dags/example_trigger_controller_dag.py
[2024-01-30T19:04:27.563+0000] {processor.py:766} INFO - DAG(s) dict_keys(['example_trigger_controller_dag']) retrieved from /home/airflow/.local/lib/python3.7/site-packages/airflow/example_dags/example_trigger_controller_dag.py
[2024-01-30T19:04:27.629+0000] {logging_mixin.py:120} INFO - [2024-01-30T19:04:27.629+0000] {dag.py:2585} INFO - Sync 1 DAGs
[2024-01-30T19:04:27.670+0000] {logging_mixin.py:120} INFO - [2024-01-30T19:04:27.670+0000] {dag.py:3340} INFO - Setting next_dagrun for example_trigger_controller_dag to 2021-01-01T00:00:00+00:00, run_after=2021-01-01T00:00:00+00:00
[2024-01-30T19:04:27.702+0000] {processor.py:176} INFO - Processing /home/airflow/.local/lib/python3.7/site-packages/airflow/example_dags/example_trigger_controller_dag.py took 0.170 seconds
[2024-01-30T19:04:57.985+0000] {processor.py:154} INFO - Started process (PID=1974) to work on /home/airflow/.local/lib/python3.7/site-packages/airflow/example_dags/example_trigger_controller_dag.py
[2024-01-30T19:04:57.987+0000] {processor.py:756} INFO - Processing file /home/airflow/.local/lib/python3.7/site-packages/airflow/example_dags/example_trigger_controller_dag.py for tasks to queue
[2024-01-30T19:04:57.990+0000] {logging_mixin.py:120} INFO - [2024-01-30T19:04:57.989+0000] {dagbag.py:537} INFO - Filling up the DagBag from /home/airflow/.local/lib/python3.7/site-packages/airflow/example_dags/example_trigger_controller_dag.py
[2024-01-30T19:04:58.018+0000] {processor.py:766} INFO - DAG(s) dict_keys(['example_trigger_controller_dag']) retrieved from /home/airflow/.local/lib/python3.7/site-packages/airflow/example_dags/example_trigger_controller_dag.py
[2024-01-30T19:04:58.112+0000] {logging_mixin.py:120} INFO - [2024-01-30T19:04:58.112+0000] {dag.py:2585} INFO - Sync 1 DAGs
[2024-01-30T19:04:58.160+0000] {logging_mixin.py:120} INFO - [2024-01-30T19:04:58.160+0000] {dag.py:3340} INFO - Setting next_dagrun for example_trigger_controller_dag to 2021-01-01T00:00:00+00:00, run_after=2021-01-01T00:00:00+00:00
[2024-01-30T19:04:58.190+0000] {processor.py:176} INFO - Processing /home/airflow/.local/lib/python3.7/site-packages/airflow/example_dags/example_trigger_controller_dag.py took 0.211 seconds
[2024-01-30T19:05:28.416+0000] {processor.py:154} INFO - Started process (PID=2029) to work on /home/airflow/.local/lib/python3.7/site-packages/airflow/example_dags/example_trigger_controller_dag.py
[2024-01-30T19:05:28.418+0000] {processor.py:756} INFO - Processing file /home/airflow/.local/lib/python3.7/site-packages/airflow/example_dags/example_trigger_controller_dag.py for tasks to queue
[2024-01-30T19:05:28.420+0000] {logging_mixin.py:120} INFO - [2024-01-30T19:05:28.420+0000] {dagbag.py:537} INFO - Filling up the DagBag from /home/airflow/.local/lib/python3.7/site-packages/airflow/example_dags/example_trigger_controller_dag.py
[2024-01-30T19:05:28.451+0000] {processor.py:766} INFO - DAG(s) dict_keys(['example_trigger_controller_dag']) retrieved from /home/airflow/.local/lib/python3.7/site-packages/airflow/example_dags/example_trigger_controller_dag.py
[2024-01-30T19:05:28.550+0000] {logging_mixin.py:120} INFO - [2024-01-30T19:05:28.549+0000] {dag.py:2585} INFO - Sync 1 DAGs
[2024-01-30T19:05:28.615+0000] {logging_mixin.py:120} INFO - [2024-01-30T19:05:28.614+0000] {dag.py:3340} INFO - Setting next_dagrun for example_trigger_controller_dag to 2021-01-01T00:00:00+00:00, run_after=2021-01-01T00:00:00+00:00
[2024-01-30T19:05:28.661+0000] {processor.py:176} INFO - Processing /home/airflow/.local/lib/python3.7/site-packages/airflow/example_dags/example_trigger_controller_dag.py took 0.251 seconds
[2024-01-30T19:05:58.885+0000] {processor.py:154} INFO - Started process (PID=2094) to work on /home/airflow/.local/lib/python3.7/site-packages/airflow/example_dags/example_trigger_controller_dag.py
[2024-01-30T19:05:58.887+0000] {processor.py:756} INFO - Processing file /home/airflow/.local/lib/python3.7/site-packages/airflow/example_dags/example_trigger_controller_dag.py for tasks to queue
[2024-01-30T19:05:58.889+0000] {logging_mixin.py:120} INFO - [2024-01-30T19:05:58.889+0000] {dagbag.py:537} INFO - Filling up the DagBag from /home/airflow/.local/lib/python3.7/site-packages/airflow/example_dags/example_trigger_controller_dag.py
[2024-01-30T19:05:58.909+0000] {processor.py:766} INFO - DAG(s) dict_keys(['example_trigger_controller_dag']) retrieved from /home/airflow/.local/lib/python3.7/site-packages/airflow/example_dags/example_trigger_controller_dag.py
[2024-01-30T19:05:58.973+0000] {logging_mixin.py:120} INFO - [2024-01-30T19:05:58.973+0000] {dag.py:2585} INFO - Sync 1 DAGs
[2024-01-30T19:05:59.011+0000] {logging_mixin.py:120} INFO - [2024-01-30T19:05:59.011+0000] {dag.py:3340} INFO - Setting next_dagrun for example_trigger_controller_dag to 2021-01-01T00:00:00+00:00, run_after=2021-01-01T00:00:00+00:00
[2024-01-30T19:05:59.041+0000] {processor.py:176} INFO - Processing /home/airflow/.local/lib/python3.7/site-packages/airflow/example_dags/example_trigger_controller_dag.py took 0.162 seconds
[2024-01-30T19:06:29.528+0000] {processor.py:154} INFO - Started process (PID=2150) to work on /home/airflow/.local/lib/python3.7/site-packages/airflow/example_dags/example_trigger_controller_dag.py
[2024-01-30T19:06:29.529+0000] {processor.py:756} INFO - Processing file /home/airflow/.local/lib/python3.7/site-packages/airflow/example_dags/example_trigger_controller_dag.py for tasks to queue
[2024-01-30T19:06:29.532+0000] {logging_mixin.py:120} INFO - [2024-01-30T19:06:29.531+0000] {dagbag.py:537} INFO - Filling up the DagBag from /home/airflow/.local/lib/python3.7/site-packages/airflow/example_dags/example_trigger_controller_dag.py
[2024-01-30T19:06:29.559+0000] {processor.py:766} INFO - DAG(s) dict_keys(['example_trigger_controller_dag']) retrieved from /home/airflow/.local/lib/python3.7/site-packages/airflow/example_dags/example_trigger_controller_dag.py
[2024-01-30T19:06:29.636+0000] {logging_mixin.py:120} INFO - [2024-01-30T19:06:29.636+0000] {dag.py:2585} INFO - Sync 1 DAGs
[2024-01-30T19:06:29.682+0000] {logging_mixin.py:120} INFO - [2024-01-30T19:06:29.682+0000] {dag.py:3340} INFO - Setting next_dagrun for example_trigger_controller_dag to 2021-01-01T00:00:00+00:00, run_after=2021-01-01T00:00:00+00:00
[2024-01-30T19:06:29.717+0000] {processor.py:176} INFO - Processing /home/airflow/.local/lib/python3.7/site-packages/airflow/example_dags/example_trigger_controller_dag.py took 0.198 seconds
[2024-01-30T19:06:59.879+0000] {processor.py:154} INFO - Started process (PID=2214) to work on /home/airflow/.local/lib/python3.7/site-packages/airflow/example_dags/example_trigger_controller_dag.py
[2024-01-30T19:06:59.882+0000] {processor.py:756} INFO - Processing file /home/airflow/.local/lib/python3.7/site-packages/airflow/example_dags/example_trigger_controller_dag.py for tasks to queue
[2024-01-30T19:06:59.885+0000] {logging_mixin.py:120} INFO - [2024-01-30T19:06:59.884+0000] {dagbag.py:537} INFO - Filling up the DagBag from /home/airflow/.local/lib/python3.7/site-packages/airflow/example_dags/example_trigger_controller_dag.py
[2024-01-30T19:06:59.912+0000] {processor.py:766} INFO - DAG(s) dict_keys(['example_trigger_controller_dag']) retrieved from /home/airflow/.local/lib/python3.7/site-packages/airflow/example_dags/example_trigger_controller_dag.py
[2024-01-30T19:06:59.986+0000] {logging_mixin.py:120} INFO - [2024-01-30T19:06:59.986+0000] {dag.py:2585} INFO - Sync 1 DAGs
[2024-01-30T19:07:00.034+0000] {logging_mixin.py:120} INFO - [2024-01-30T19:07:00.034+0000] {dag.py:3340} INFO - Setting next_dagrun for example_trigger_controller_dag to 2021-01-01T00:00:00+00:00, run_after=2021-01-01T00:00:00+00:00
[2024-01-30T19:07:00.082+0000] {processor.py:176} INFO - Processing /home/airflow/.local/lib/python3.7/site-packages/airflow/example_dags/example_trigger_controller_dag.py took 0.213 seconds
[2024-01-30T19:07:30.301+0000] {processor.py:154} INFO - Started process (PID=2278) to work on /home/airflow/.local/lib/python3.7/site-packages/airflow/example_dags/example_trigger_controller_dag.py
[2024-01-30T19:07:30.303+0000] {processor.py:756} INFO - Processing file /home/airflow/.local/lib/python3.7/site-packages/airflow/example_dags/example_trigger_controller_dag.py for tasks to queue
[2024-01-30T19:07:30.304+0000] {logging_mixin.py:120} INFO - [2024-01-30T19:07:30.304+0000] {dagbag.py:537} INFO - Filling up the DagBag from /home/airflow/.local/lib/python3.7/site-packages/airflow/example_dags/example_trigger_controller_dag.py
[2024-01-30T19:07:30.318+0000] {processor.py:766} INFO - DAG(s) dict_keys(['example_trigger_controller_dag']) retrieved from /home/airflow/.local/lib/python3.7/site-packages/airflow/example_dags/example_trigger_controller_dag.py
[2024-01-30T19:07:30.371+0000] {logging_mixin.py:120} INFO - [2024-01-30T19:07:30.371+0000] {dag.py:2585} INFO - Sync 1 DAGs
[2024-01-30T19:07:30.403+0000] {logging_mixin.py:120} INFO - [2024-01-30T19:07:30.403+0000] {dag.py:3340} INFO - Setting next_dagrun for example_trigger_controller_dag to 2021-01-01T00:00:00+00:00, run_after=2021-01-01T00:00:00+00:00
[2024-01-30T19:07:30.428+0000] {processor.py:176} INFO - Processing /home/airflow/.local/lib/python3.7/site-packages/airflow/example_dags/example_trigger_controller_dag.py took 0.132 seconds
[2024-01-30T19:08:00.827+0000] {processor.py:154} INFO - Started process (PID=2332) to work on /home/airflow/.local/lib/python3.7/site-packages/airflow/example_dags/example_trigger_controller_dag.py
[2024-01-30T19:08:00.830+0000] {processor.py:756} INFO - Processing file /home/airflow/.local/lib/python3.7/site-packages/airflow/example_dags/example_trigger_controller_dag.py for tasks to queue
[2024-01-30T19:08:00.831+0000] {logging_mixin.py:120} INFO - [2024-01-30T19:08:00.831+0000] {dagbag.py:537} INFO - Filling up the DagBag from /home/airflow/.local/lib/python3.7/site-packages/airflow/example_dags/example_trigger_controller_dag.py
[2024-01-30T19:08:00.859+0000] {processor.py:766} INFO - DAG(s) dict_keys(['example_trigger_controller_dag']) retrieved from /home/airflow/.local/lib/python3.7/site-packages/airflow/example_dags/example_trigger_controller_dag.py
[2024-01-30T19:08:00.943+0000] {logging_mixin.py:120} INFO - [2024-01-30T19:08:00.943+0000] {dag.py:2585} INFO - Sync 1 DAGs
[2024-01-30T19:08:01.010+0000] {logging_mixin.py:120} INFO - [2024-01-30T19:08:01.010+0000] {dag.py:3340} INFO - Setting next_dagrun for example_trigger_controller_dag to 2021-01-01T00:00:00+00:00, run_after=2021-01-01T00:00:00+00:00
[2024-01-30T19:08:01.060+0000] {processor.py:176} INFO - Processing /home/airflow/.local/lib/python3.7/site-packages/airflow/example_dags/example_trigger_controller_dag.py took 0.242 seconds
[2024-01-30T19:08:31.196+0000] {processor.py:154} INFO - Started process (PID=2398) to work on /home/airflow/.local/lib/python3.7/site-packages/airflow/example_dags/example_trigger_controller_dag.py
[2024-01-30T19:08:31.197+0000] {processor.py:756} INFO - Processing file /home/airflow/.local/lib/python3.7/site-packages/airflow/example_dags/example_trigger_controller_dag.py for tasks to queue
[2024-01-30T19:08:31.199+0000] {logging_mixin.py:120} INFO - [2024-01-30T19:08:31.198+0000] {dagbag.py:537} INFO - Filling up the DagBag from /home/airflow/.local/lib/python3.7/site-packages/airflow/example_dags/example_trigger_controller_dag.py
[2024-01-30T19:08:31.218+0000] {processor.py:766} INFO - DAG(s) dict_keys(['example_trigger_controller_dag']) retrieved from /home/airflow/.local/lib/python3.7/site-packages/airflow/example_dags/example_trigger_controller_dag.py
[2024-01-30T19:08:31.281+0000] {logging_mixin.py:120} INFO - [2024-01-30T19:08:31.281+0000] {dag.py:2585} INFO - Sync 1 DAGs
[2024-01-30T19:08:31.320+0000] {logging_mixin.py:120} INFO - [2024-01-30T19:08:31.320+0000] {dag.py:3340} INFO - Setting next_dagrun for example_trigger_controller_dag to 2021-01-01T00:00:00+00:00, run_after=2021-01-01T00:00:00+00:00
[2024-01-30T19:08:31.365+0000] {processor.py:176} INFO - Processing /home/airflow/.local/lib/python3.7/site-packages/airflow/example_dags/example_trigger_controller_dag.py took 0.176 seconds
[2024-01-30T19:09:01.858+0000] {processor.py:154} INFO - Started process (PID=2454) to work on /home/airflow/.local/lib/python3.7/site-packages/airflow/example_dags/example_trigger_controller_dag.py
[2024-01-30T19:09:01.860+0000] {processor.py:756} INFO - Processing file /home/airflow/.local/lib/python3.7/site-packages/airflow/example_dags/example_trigger_controller_dag.py for tasks to queue
[2024-01-30T19:09:01.861+0000] {logging_mixin.py:120} INFO - [2024-01-30T19:09:01.861+0000] {dagbag.py:537} INFO - Filling up the DagBag from /home/airflow/.local/lib/python3.7/site-packages/airflow/example_dags/example_trigger_controller_dag.py
[2024-01-30T19:09:01.878+0000] {processor.py:766} INFO - DAG(s) dict_keys(['example_trigger_controller_dag']) retrieved from /home/airflow/.local/lib/python3.7/site-packages/airflow/example_dags/example_trigger_controller_dag.py
[2024-01-30T19:09:01.930+0000] {logging_mixin.py:120} INFO - [2024-01-30T19:09:01.930+0000] {dag.py:2585} INFO - Sync 1 DAGs
[2024-01-30T19:09:01.962+0000] {logging_mixin.py:120} INFO - [2024-01-30T19:09:01.962+0000] {dag.py:3340} INFO - Setting next_dagrun for example_trigger_controller_dag to 2021-01-01T00:00:00+00:00, run_after=2021-01-01T00:00:00+00:00
[2024-01-30T19:09:02.025+0000] {processor.py:176} INFO - Processing /home/airflow/.local/lib/python3.7/site-packages/airflow/example_dags/example_trigger_controller_dag.py took 0.172 seconds
[2024-01-30T19:09:32.422+0000] {processor.py:154} INFO - Started process (PID=2522) to work on /home/airflow/.local/lib/python3.7/site-packages/airflow/example_dags/example_trigger_controller_dag.py
[2024-01-30T19:09:32.423+0000] {processor.py:756} INFO - Processing file /home/airflow/.local/lib/python3.7/site-packages/airflow/example_dags/example_trigger_controller_dag.py for tasks to queue
[2024-01-30T19:09:32.424+0000] {logging_mixin.py:120} INFO - [2024-01-30T19:09:32.424+0000] {dagbag.py:537} INFO - Filling up the DagBag from /home/airflow/.local/lib/python3.7/site-packages/airflow/example_dags/example_trigger_controller_dag.py
[2024-01-30T19:09:32.441+0000] {processor.py:766} INFO - DAG(s) dict_keys(['example_trigger_controller_dag']) retrieved from /home/airflow/.local/lib/python3.7/site-packages/airflow/example_dags/example_trigger_controller_dag.py
[2024-01-30T19:09:32.500+0000] {logging_mixin.py:120} INFO - [2024-01-30T19:09:32.500+0000] {dag.py:2585} INFO - Sync 1 DAGs
[2024-01-30T19:09:32.571+0000] {logging_mixin.py:120} INFO - [2024-01-30T19:09:32.570+0000] {dag.py:3340} INFO - Setting next_dagrun for example_trigger_controller_dag to 2021-01-01T00:00:00+00:00, run_after=2021-01-01T00:00:00+00:00
[2024-01-30T19:09:32.649+0000] {processor.py:176} INFO - Processing /home/airflow/.local/lib/python3.7/site-packages/airflow/example_dags/example_trigger_controller_dag.py took 0.234 seconds
[2024-01-30T19:10:02.972+0000] {processor.py:154} INFO - Started process (PID=2583) to work on /home/airflow/.local/lib/python3.7/site-packages/airflow/example_dags/example_trigger_controller_dag.py
[2024-01-30T19:10:02.974+0000] {processor.py:756} INFO - Processing file /home/airflow/.local/lib/python3.7/site-packages/airflow/example_dags/example_trigger_controller_dag.py for tasks to queue
[2024-01-30T19:10:02.975+0000] {logging_mixin.py:120} INFO - [2024-01-30T19:10:02.975+0000] {dagbag.py:537} INFO - Filling up the DagBag from /home/airflow/.local/lib/python3.7/site-packages/airflow/example_dags/example_trigger_controller_dag.py
[2024-01-30T19:10:02.997+0000] {processor.py:766} INFO - DAG(s) dict_keys(['example_trigger_controller_dag']) retrieved from /home/airflow/.local/lib/python3.7/site-packages/airflow/example_dags/example_trigger_controller_dag.py
[2024-01-30T19:10:03.068+0000] {logging_mixin.py:120} INFO - [2024-01-30T19:10:03.068+0000] {dag.py:2585} INFO - Sync 1 DAGs
[2024-01-30T19:10:03.107+0000] {logging_mixin.py:120} INFO - [2024-01-30T19:10:03.107+0000] {dag.py:3340} INFO - Setting next_dagrun for example_trigger_controller_dag to 2021-01-01T00:00:00+00:00, run_after=2021-01-01T00:00:00+00:00
[2024-01-30T19:10:03.140+0000] {processor.py:176} INFO - Processing /home/airflow/.local/lib/python3.7/site-packages/airflow/example_dags/example_trigger_controller_dag.py took 0.176 seconds
[2024-01-30T19:10:33.386+0000] {processor.py:154} INFO - Started process (PID=2641) to work on /home/airflow/.local/lib/python3.7/site-packages/airflow/example_dags/example_trigger_controller_dag.py
[2024-01-30T19:10:33.388+0000] {processor.py:756} INFO - Processing file /home/airflow/.local/lib/python3.7/site-packages/airflow/example_dags/example_trigger_controller_dag.py for tasks to queue
[2024-01-30T19:10:33.390+0000] {logging_mixin.py:120} INFO - [2024-01-30T19:10:33.390+0000] {dagbag.py:537} INFO - Filling up the DagBag from /home/airflow/.local/lib/python3.7/site-packages/airflow/example_dags/example_trigger_controller_dag.py
[2024-01-30T19:10:33.415+0000] {processor.py:766} INFO - DAG(s) dict_keys(['example_trigger_controller_dag']) retrieved from /home/airflow/.local/lib/python3.7/site-packages/airflow/example_dags/example_trigger_controller_dag.py
[2024-01-30T19:10:33.491+0000] {logging_mixin.py:120} INFO - [2024-01-30T19:10:33.490+0000] {dag.py:2585} INFO - Sync 1 DAGs
[2024-01-30T19:10:33.537+0000] {logging_mixin.py:120} INFO - [2024-01-30T19:10:33.537+0000] {dag.py:3340} INFO - Setting next_dagrun for example_trigger_controller_dag to 2021-01-01T00:00:00+00:00, run_after=2021-01-01T00:00:00+00:00
[2024-01-30T19:10:33.572+0000] {processor.py:176} INFO - Processing /home/airflow/.local/lib/python3.7/site-packages/airflow/example_dags/example_trigger_controller_dag.py took 0.193 seconds
[2024-01-30T19:11:03.927+0000] {processor.py:154} INFO - Started process (PID=2705) to work on /home/airflow/.local/lib/python3.7/site-packages/airflow/example_dags/example_trigger_controller_dag.py
[2024-01-30T19:11:03.928+0000] {processor.py:756} INFO - Processing file /home/airflow/.local/lib/python3.7/site-packages/airflow/example_dags/example_trigger_controller_dag.py for tasks to queue
[2024-01-30T19:11:03.930+0000] {logging_mixin.py:120} INFO - [2024-01-30T19:11:03.930+0000] {dagbag.py:537} INFO - Filling up the DagBag from /home/airflow/.local/lib/python3.7/site-packages/airflow/example_dags/example_trigger_controller_dag.py
[2024-01-30T19:11:03.949+0000] {processor.py:766} INFO - DAG(s) dict_keys(['example_trigger_controller_dag']) retrieved from /home/airflow/.local/lib/python3.7/site-packages/airflow/example_dags/example_trigger_controller_dag.py
[2024-01-30T19:11:04.017+0000] {logging_mixin.py:120} INFO - [2024-01-30T19:11:04.016+0000] {dag.py:2585} INFO - Sync 1 DAGs
[2024-01-30T19:11:04.078+0000] {logging_mixin.py:120} INFO - [2024-01-30T19:11:04.078+0000] {dag.py:3340} INFO - Setting next_dagrun for example_trigger_controller_dag to 2021-01-01T00:00:00+00:00, run_after=2021-01-01T00:00:00+00:00
[2024-01-30T19:11:04.112+0000] {processor.py:176} INFO - Processing /home/airflow/.local/lib/python3.7/site-packages/airflow/example_dags/example_trigger_controller_dag.py took 0.189 seconds
[2024-01-30T19:11:34.392+0000] {processor.py:154} INFO - Started process (PID=2762) to work on /home/airflow/.local/lib/python3.7/site-packages/airflow/example_dags/example_trigger_controller_dag.py
[2024-01-30T19:11:34.394+0000] {processor.py:756} INFO - Processing file /home/airflow/.local/lib/python3.7/site-packages/airflow/example_dags/example_trigger_controller_dag.py for tasks to queue
[2024-01-30T19:11:34.395+0000] {logging_mixin.py:120} INFO - [2024-01-30T19:11:34.395+0000] {dagbag.py:537} INFO - Filling up the DagBag from /home/airflow/.local/lib/python3.7/site-packages/airflow/example_dags/example_trigger_controller_dag.py
[2024-01-30T19:11:34.415+0000] {processor.py:766} INFO - DAG(s) dict_keys(['example_trigger_controller_dag']) retrieved from /home/airflow/.local/lib/python3.7/site-packages/airflow/example_dags/example_trigger_controller_dag.py
[2024-01-30T19:11:34.511+0000] {logging_mixin.py:120} INFO - [2024-01-30T19:11:34.510+0000] {dag.py:2585} INFO - Sync 1 DAGs
[2024-01-30T19:11:34.566+0000] {logging_mixin.py:120} INFO - [2024-01-30T19:11:34.566+0000] {dag.py:3340} INFO - Setting next_dagrun for example_trigger_controller_dag to 2021-01-01T00:00:00+00:00, run_after=2021-01-01T00:00:00+00:00
[2024-01-30T19:11:34.602+0000] {processor.py:176} INFO - Processing /home/airflow/.local/lib/python3.7/site-packages/airflow/example_dags/example_trigger_controller_dag.py took 0.215 seconds
[2024-01-30T19:12:04.825+0000] {processor.py:154} INFO - Started process (PID=2830) to work on /home/airflow/.local/lib/python3.7/site-packages/airflow/example_dags/example_trigger_controller_dag.py
[2024-01-30T19:12:04.827+0000] {processor.py:756} INFO - Processing file /home/airflow/.local/lib/python3.7/site-packages/airflow/example_dags/example_trigger_controller_dag.py for tasks to queue
[2024-01-30T19:12:04.828+0000] {logging_mixin.py:120} INFO - [2024-01-30T19:12:04.828+0000] {dagbag.py:537} INFO - Filling up the DagBag from /home/airflow/.local/lib/python3.7/site-packages/airflow/example_dags/example_trigger_controller_dag.py
[2024-01-30T19:12:04.848+0000] {processor.py:766} INFO - DAG(s) dict_keys(['example_trigger_controller_dag']) retrieved from /home/airflow/.local/lib/python3.7/site-packages/airflow/example_dags/example_trigger_controller_dag.py
[2024-01-30T19:12:04.914+0000] {logging_mixin.py:120} INFO - [2024-01-30T19:12:04.914+0000] {dag.py:2585} INFO - Sync 1 DAGs
[2024-01-30T19:12:04.955+0000] {logging_mixin.py:120} INFO - [2024-01-30T19:12:04.955+0000] {dag.py:3340} INFO - Setting next_dagrun for example_trigger_controller_dag to 2021-01-01T00:00:00+00:00, run_after=2021-01-01T00:00:00+00:00
[2024-01-30T19:12:05.020+0000] {processor.py:176} INFO - Processing /home/airflow/.local/lib/python3.7/site-packages/airflow/example_dags/example_trigger_controller_dag.py took 0.200 seconds
[2024-01-30T19:12:35.503+0000] {processor.py:154} INFO - Started process (PID=2896) to work on /home/airflow/.local/lib/python3.7/site-packages/airflow/example_dags/example_trigger_controller_dag.py
[2024-01-30T19:12:35.504+0000] {processor.py:756} INFO - Processing file /home/airflow/.local/lib/python3.7/site-packages/airflow/example_dags/example_trigger_controller_dag.py for tasks to queue
[2024-01-30T19:12:35.505+0000] {logging_mixin.py:120} INFO - [2024-01-30T19:12:35.505+0000] {dagbag.py:537} INFO - Filling up the DagBag from /home/airflow/.local/lib/python3.7/site-packages/airflow/example_dags/example_trigger_controller_dag.py
[2024-01-30T19:12:35.521+0000] {processor.py:766} INFO - DAG(s) dict_keys(['example_trigger_controller_dag']) retrieved from /home/airflow/.local/lib/python3.7/site-packages/airflow/example_dags/example_trigger_controller_dag.py
[2024-01-30T19:12:35.606+0000] {logging_mixin.py:120} INFO - [2024-01-30T19:12:35.606+0000] {dag.py:2585} INFO - Sync 1 DAGs
[2024-01-30T19:12:35.700+0000] {logging_mixin.py:120} INFO - [2024-01-30T19:12:35.700+0000] {dag.py:3340} INFO - Setting next_dagrun for example_trigger_controller_dag to 2021-01-01T00:00:00+00:00, run_after=2021-01-01T00:00:00+00:00
[2024-01-30T19:12:35.726+0000] {processor.py:176} INFO - Processing /home/airflow/.local/lib/python3.7/site-packages/airflow/example_dags/example_trigger_controller_dag.py took 0.227 seconds
[2024-01-30T19:13:05.896+0000] {processor.py:154} INFO - Started process (PID=2952) to work on /home/airflow/.local/lib/python3.7/site-packages/airflow/example_dags/example_trigger_controller_dag.py
[2024-01-30T19:13:05.897+0000] {processor.py:756} INFO - Processing file /home/airflow/.local/lib/python3.7/site-packages/airflow/example_dags/example_trigger_controller_dag.py for tasks to queue
[2024-01-30T19:13:05.899+0000] {logging_mixin.py:120} INFO - [2024-01-30T19:13:05.899+0000] {dagbag.py:537} INFO - Filling up the DagBag from /home/airflow/.local/lib/python3.7/site-packages/airflow/example_dags/example_trigger_controller_dag.py
[2024-01-30T19:13:05.923+0000] {processor.py:766} INFO - DAG(s) dict_keys(['example_trigger_controller_dag']) retrieved from /home/airflow/.local/lib/python3.7/site-packages/airflow/example_dags/example_trigger_controller_dag.py
[2024-01-30T19:13:06.006+0000] {logging_mixin.py:120} INFO - [2024-01-30T19:13:06.006+0000] {dag.py:2585} INFO - Sync 1 DAGs
[2024-01-30T19:13:06.066+0000] {logging_mixin.py:120} INFO - [2024-01-30T19:13:06.065+0000] {dag.py:3340} INFO - Setting next_dagrun for example_trigger_controller_dag to 2021-01-01T00:00:00+00:00, run_after=2021-01-01T00:00:00+00:00
[2024-01-30T19:13:06.109+0000] {processor.py:176} INFO - Processing /home/airflow/.local/lib/python3.7/site-packages/airflow/example_dags/example_trigger_controller_dag.py took 0.219 seconds
[2024-01-30T19:13:36.787+0000] {processor.py:154} INFO - Started process (PID=3017) to work on /home/airflow/.local/lib/python3.7/site-packages/airflow/example_dags/example_trigger_controller_dag.py
[2024-01-30T19:13:36.789+0000] {processor.py:756} INFO - Processing file /home/airflow/.local/lib/python3.7/site-packages/airflow/example_dags/example_trigger_controller_dag.py for tasks to queue
[2024-01-30T19:13:36.790+0000] {logging_mixin.py:120} INFO - [2024-01-30T19:13:36.790+0000] {dagbag.py:537} INFO - Filling up the DagBag from /home/airflow/.local/lib/python3.7/site-packages/airflow/example_dags/example_trigger_controller_dag.py
[2024-01-30T19:13:36.809+0000] {processor.py:766} INFO - DAG(s) dict_keys(['example_trigger_controller_dag']) retrieved from /home/airflow/.local/lib/python3.7/site-packages/airflow/example_dags/example_trigger_controller_dag.py
[2024-01-30T19:13:36.877+0000] {logging_mixin.py:120} INFO - [2024-01-30T19:13:36.877+0000] {dag.py:2585} INFO - Sync 1 DAGs
[2024-01-30T19:13:36.919+0000] {logging_mixin.py:120} INFO - [2024-01-30T19:13:36.919+0000] {dag.py:3340} INFO - Setting next_dagrun for example_trigger_controller_dag to 2021-01-01T00:00:00+00:00, run_after=2021-01-01T00:00:00+00:00
[2024-01-30T19:13:36.954+0000] {processor.py:176} INFO - Processing /home/airflow/.local/lib/python3.7/site-packages/airflow/example_dags/example_trigger_controller_dag.py took 0.174 seconds
[2024-01-30T19:14:07.151+0000] {processor.py:154} INFO - Started process (PID=3073) to work on /home/airflow/.local/lib/python3.7/site-packages/airflow/example_dags/example_trigger_controller_dag.py
[2024-01-30T19:14:07.153+0000] {processor.py:756} INFO - Processing file /home/airflow/.local/lib/python3.7/site-packages/airflow/example_dags/example_trigger_controller_dag.py for tasks to queue
[2024-01-30T19:14:07.154+0000] {logging_mixin.py:120} INFO - [2024-01-30T19:14:07.154+0000] {dagbag.py:537} INFO - Filling up the DagBag from /home/airflow/.local/lib/python3.7/site-packages/airflow/example_dags/example_trigger_controller_dag.py
[2024-01-30T19:14:07.174+0000] {processor.py:766} INFO - DAG(s) dict_keys(['example_trigger_controller_dag']) retrieved from /home/airflow/.local/lib/python3.7/site-packages/airflow/example_dags/example_trigger_controller_dag.py
[2024-01-30T19:14:07.239+0000] {logging_mixin.py:120} INFO - [2024-01-30T19:14:07.239+0000] {dag.py:2585} INFO - Sync 1 DAGs
[2024-01-30T19:14:07.276+0000] {logging_mixin.py:120} INFO - [2024-01-30T19:14:07.276+0000] {dag.py:3340} INFO - Setting next_dagrun for example_trigger_controller_dag to 2021-01-01T00:00:00+00:00, run_after=2021-01-01T00:00:00+00:00
[2024-01-30T19:14:07.310+0000] {processor.py:176} INFO - Processing /home/airflow/.local/lib/python3.7/site-packages/airflow/example_dags/example_trigger_controller_dag.py took 0.165 seconds
[2024-01-30T19:14:37.598+0000] {processor.py:154} INFO - Started process (PID=3138) to work on /home/airflow/.local/lib/python3.7/site-packages/airflow/example_dags/example_trigger_controller_dag.py
[2024-01-30T19:14:37.599+0000] {processor.py:756} INFO - Processing file /home/airflow/.local/lib/python3.7/site-packages/airflow/example_dags/example_trigger_controller_dag.py for tasks to queue
[2024-01-30T19:14:37.601+0000] {logging_mixin.py:120} INFO - [2024-01-30T19:14:37.601+0000] {dagbag.py:537} INFO - Filling up the DagBag from /home/airflow/.local/lib/python3.7/site-packages/airflow/example_dags/example_trigger_controller_dag.py
[2024-01-30T19:14:37.625+0000] {processor.py:766} INFO - DAG(s) dict_keys(['example_trigger_controller_dag']) retrieved from /home/airflow/.local/lib/python3.7/site-packages/airflow/example_dags/example_trigger_controller_dag.py
[2024-01-30T19:14:37.695+0000] {logging_mixin.py:120} INFO - [2024-01-30T19:14:37.695+0000] {dag.py:2585} INFO - Sync 1 DAGs
[2024-01-30T19:14:37.737+0000] {logging_mixin.py:120} INFO - [2024-01-30T19:14:37.737+0000] {dag.py:3340} INFO - Setting next_dagrun for example_trigger_controller_dag to 2021-01-01T00:00:00+00:00, run_after=2021-01-01T00:00:00+00:00
[2024-01-30T19:14:37.781+0000] {processor.py:176} INFO - Processing /home/airflow/.local/lib/python3.7/site-packages/airflow/example_dags/example_trigger_controller_dag.py took 0.188 seconds
[2024-01-30T19:15:07.830+0000] {processor.py:154} INFO - Started process (PID=3202) to work on /home/airflow/.local/lib/python3.7/site-packages/airflow/example_dags/example_trigger_controller_dag.py
[2024-01-30T19:15:07.833+0000] {processor.py:756} INFO - Processing file /home/airflow/.local/lib/python3.7/site-packages/airflow/example_dags/example_trigger_controller_dag.py for tasks to queue
[2024-01-30T19:15:07.835+0000] {logging_mixin.py:120} INFO - [2024-01-30T19:15:07.835+0000] {dagbag.py:537} INFO - Filling up the DagBag from /home/airflow/.local/lib/python3.7/site-packages/airflow/example_dags/example_trigger_controller_dag.py
[2024-01-30T19:15:07.861+0000] {processor.py:766} INFO - DAG(s) dict_keys(['example_trigger_controller_dag']) retrieved from /home/airflow/.local/lib/python3.7/site-packages/airflow/example_dags/example_trigger_controller_dag.py
[2024-01-30T19:15:07.942+0000] {logging_mixin.py:120} INFO - [2024-01-30T19:15:07.942+0000] {dag.py:2585} INFO - Sync 1 DAGs
[2024-01-30T19:15:07.991+0000] {logging_mixin.py:120} INFO - [2024-01-30T19:15:07.991+0000] {dag.py:3340} INFO - Setting next_dagrun for example_trigger_controller_dag to 2021-01-01T00:00:00+00:00, run_after=2021-01-01T00:00:00+00:00
[2024-01-30T19:15:08.031+0000] {processor.py:176} INFO - Processing /home/airflow/.local/lib/python3.7/site-packages/airflow/example_dags/example_trigger_controller_dag.py took 0.207 seconds
[2024-01-30T19:15:38.862+0000] {processor.py:154} INFO - Started process (PID=3259) to work on /home/airflow/.local/lib/python3.7/site-packages/airflow/example_dags/example_trigger_controller_dag.py
[2024-01-30T19:15:38.864+0000] {processor.py:756} INFO - Processing file /home/airflow/.local/lib/python3.7/site-packages/airflow/example_dags/example_trigger_controller_dag.py for tasks to queue
[2024-01-30T19:15:38.869+0000] {logging_mixin.py:120} INFO - [2024-01-30T19:15:38.868+0000] {dagbag.py:537} INFO - Filling up the DagBag from /home/airflow/.local/lib/python3.7/site-packages/airflow/example_dags/example_trigger_controller_dag.py
[2024-01-30T19:15:38.910+0000] {processor.py:766} INFO - DAG(s) dict_keys(['example_trigger_controller_dag']) retrieved from /home/airflow/.local/lib/python3.7/site-packages/airflow/example_dags/example_trigger_controller_dag.py
[2024-01-30T19:15:39.026+0000] {logging_mixin.py:120} INFO - [2024-01-30T19:15:39.026+0000] {dag.py:2585} INFO - Sync 1 DAGs
[2024-01-30T19:15:39.073+0000] {logging_mixin.py:120} INFO - [2024-01-30T19:15:39.072+0000] {dag.py:3340} INFO - Setting next_dagrun for example_trigger_controller_dag to 2021-01-01T00:00:00+00:00, run_after=2021-01-01T00:00:00+00:00
[2024-01-30T19:15:39.105+0000] {processor.py:176} INFO - Processing /home/airflow/.local/lib/python3.7/site-packages/airflow/example_dags/example_trigger_controller_dag.py took 0.252 seconds
[2024-01-30T19:16:09.249+0000] {processor.py:154} INFO - Started process (PID=3323) to work on /home/airflow/.local/lib/python3.7/site-packages/airflow/example_dags/example_trigger_controller_dag.py
[2024-01-30T19:16:09.251+0000] {processor.py:756} INFO - Processing file /home/airflow/.local/lib/python3.7/site-packages/airflow/example_dags/example_trigger_controller_dag.py for tasks to queue
[2024-01-30T19:16:09.253+0000] {logging_mixin.py:120} INFO - [2024-01-30T19:16:09.253+0000] {dagbag.py:537} INFO - Filling up the DagBag from /home/airflow/.local/lib/python3.7/site-packages/airflow/example_dags/example_trigger_controller_dag.py
[2024-01-30T19:16:09.275+0000] {processor.py:766} INFO - DAG(s) dict_keys(['example_trigger_controller_dag']) retrieved from /home/airflow/.local/lib/python3.7/site-packages/airflow/example_dags/example_trigger_controller_dag.py
[2024-01-30T19:16:09.336+0000] {logging_mixin.py:120} INFO - [2024-01-30T19:16:09.336+0000] {dag.py:2585} INFO - Sync 1 DAGs
[2024-01-30T19:16:09.368+0000] {logging_mixin.py:120} INFO - [2024-01-30T19:16:09.368+0000] {dag.py:3340} INFO - Setting next_dagrun for example_trigger_controller_dag to 2021-01-01T00:00:00+00:00, run_after=2021-01-01T00:00:00+00:00
[2024-01-30T19:16:09.392+0000] {processor.py:176} INFO - Processing /home/airflow/.local/lib/python3.7/site-packages/airflow/example_dags/example_trigger_controller_dag.py took 0.149 seconds
[2024-01-30T19:16:39.442+0000] {processor.py:154} INFO - Started process (PID=3389) to work on /home/airflow/.local/lib/python3.7/site-packages/airflow/example_dags/example_trigger_controller_dag.py
[2024-01-30T19:16:39.443+0000] {processor.py:756} INFO - Processing file /home/airflow/.local/lib/python3.7/site-packages/airflow/example_dags/example_trigger_controller_dag.py for tasks to queue
[2024-01-30T19:16:39.444+0000] {logging_mixin.py:120} INFO - [2024-01-30T19:16:39.444+0000] {dagbag.py:537} INFO - Filling up the DagBag from /home/airflow/.local/lib/python3.7/site-packages/airflow/example_dags/example_trigger_controller_dag.py
[2024-01-30T19:16:39.459+0000] {processor.py:766} INFO - DAG(s) dict_keys(['example_trigger_controller_dag']) retrieved from /home/airflow/.local/lib/python3.7/site-packages/airflow/example_dags/example_trigger_controller_dag.py
[2024-01-30T19:16:39.517+0000] {logging_mixin.py:120} INFO - [2024-01-30T19:16:39.516+0000] {dag.py:2585} INFO - Sync 1 DAGs
[2024-01-30T19:16:39.564+0000] {logging_mixin.py:120} INFO - [2024-01-30T19:16:39.563+0000] {dag.py:3340} INFO - Setting next_dagrun for example_trigger_controller_dag to 2021-01-01T00:00:00+00:00, run_after=2021-01-01T00:00:00+00:00
[2024-01-30T19:16:39.606+0000] {processor.py:176} INFO - Processing /home/airflow/.local/lib/python3.7/site-packages/airflow/example_dags/example_trigger_controller_dag.py took 0.169 seconds
[2024-01-30T19:17:09.811+0000] {processor.py:154} INFO - Started process (PID=3445) to work on /home/airflow/.local/lib/python3.7/site-packages/airflow/example_dags/example_trigger_controller_dag.py
[2024-01-30T19:17:09.813+0000] {processor.py:756} INFO - Processing file /home/airflow/.local/lib/python3.7/site-packages/airflow/example_dags/example_trigger_controller_dag.py for tasks to queue
[2024-01-30T19:17:09.814+0000] {logging_mixin.py:120} INFO - [2024-01-30T19:17:09.814+0000] {dagbag.py:537} INFO - Filling up the DagBag from /home/airflow/.local/lib/python3.7/site-packages/airflow/example_dags/example_trigger_controller_dag.py
[2024-01-30T19:17:09.835+0000] {processor.py:766} INFO - DAG(s) dict_keys(['example_trigger_controller_dag']) retrieved from /home/airflow/.local/lib/python3.7/site-packages/airflow/example_dags/example_trigger_controller_dag.py
[2024-01-30T19:17:09.890+0000] {logging_mixin.py:120} INFO - [2024-01-30T19:17:09.890+0000] {dag.py:2585} INFO - Sync 1 DAGs
[2024-01-30T19:17:09.922+0000] {logging_mixin.py:120} INFO - [2024-01-30T19:17:09.922+0000] {dag.py:3340} INFO - Setting next_dagrun for example_trigger_controller_dag to 2021-01-01T00:00:00+00:00, run_after=2021-01-01T00:00:00+00:00
[2024-01-30T19:17:09.946+0000] {processor.py:176} INFO - Processing /home/airflow/.local/lib/python3.7/site-packages/airflow/example_dags/example_trigger_controller_dag.py took 0.142 seconds
[2024-01-30T19:17:40.336+0000] {processor.py:154} INFO - Started process (PID=3510) to work on /home/airflow/.local/lib/python3.7/site-packages/airflow/example_dags/example_trigger_controller_dag.py
[2024-01-30T19:17:40.338+0000] {processor.py:756} INFO - Processing file /home/airflow/.local/lib/python3.7/site-packages/airflow/example_dags/example_trigger_controller_dag.py for tasks to queue
[2024-01-30T19:17:40.340+0000] {logging_mixin.py:120} INFO - [2024-01-30T19:17:40.339+0000] {dagbag.py:537} INFO - Filling up the DagBag from /home/airflow/.local/lib/python3.7/site-packages/airflow/example_dags/example_trigger_controller_dag.py
[2024-01-30T19:17:40.360+0000] {processor.py:766} INFO - DAG(s) dict_keys(['example_trigger_controller_dag']) retrieved from /home/airflow/.local/lib/python3.7/site-packages/airflow/example_dags/example_trigger_controller_dag.py
[2024-01-30T19:17:40.420+0000] {logging_mixin.py:120} INFO - [2024-01-30T19:17:40.420+0000] {dag.py:2585} INFO - Sync 1 DAGs
[2024-01-30T19:17:40.457+0000] {logging_mixin.py:120} INFO - [2024-01-30T19:17:40.457+0000] {dag.py:3340} INFO - Setting next_dagrun for example_trigger_controller_dag to 2021-01-01T00:00:00+00:00, run_after=2021-01-01T00:00:00+00:00
[2024-01-30T19:17:40.486+0000] {processor.py:176} INFO - Processing /home/airflow/.local/lib/python3.7/site-packages/airflow/example_dags/example_trigger_controller_dag.py took 0.156 seconds
[2024-01-30T19:18:11.164+0000] {processor.py:154} INFO - Started process (PID=3567) to work on /home/airflow/.local/lib/python3.7/site-packages/airflow/example_dags/example_trigger_controller_dag.py
[2024-01-30T19:18:11.165+0000] {processor.py:756} INFO - Processing file /home/airflow/.local/lib/python3.7/site-packages/airflow/example_dags/example_trigger_controller_dag.py for tasks to queue
[2024-01-30T19:18:11.167+0000] {logging_mixin.py:120} INFO - [2024-01-30T19:18:11.167+0000] {dagbag.py:537} INFO - Filling up the DagBag from /home/airflow/.local/lib/python3.7/site-packages/airflow/example_dags/example_trigger_controller_dag.py
[2024-01-30T19:18:11.183+0000] {processor.py:766} INFO - DAG(s) dict_keys(['example_trigger_controller_dag']) retrieved from /home/airflow/.local/lib/python3.7/site-packages/airflow/example_dags/example_trigger_controller_dag.py
[2024-01-30T19:18:11.237+0000] {logging_mixin.py:120} INFO - [2024-01-30T19:18:11.236+0000] {dag.py:2585} INFO - Sync 1 DAGs
[2024-01-30T19:18:11.273+0000] {logging_mixin.py:120} INFO - [2024-01-30T19:18:11.273+0000] {dag.py:3340} INFO - Setting next_dagrun for example_trigger_controller_dag to 2021-01-01T00:00:00+00:00, run_after=2021-01-01T00:00:00+00:00
[2024-01-30T19:18:11.300+0000] {processor.py:176} INFO - Processing /home/airflow/.local/lib/python3.7/site-packages/airflow/example_dags/example_trigger_controller_dag.py took 0.141 seconds
