[2024-01-30T18:48:50.658+0000] {processor.py:154} INFO - Started process (PID=54) to work on /home/airflow/.local/lib/python3.7/site-packages/airflow/example_dags/example_trigger_target_dag.py
[2024-01-30T18:48:50.711+0000] {processor.py:756} INFO - Processing file /home/airflow/.local/lib/python3.7/site-packages/airflow/example_dags/example_trigger_target_dag.py for tasks to queue
[2024-01-30T18:48:50.731+0000] {logging_mixin.py:120} INFO - [2024-01-30T18:48:50.730+0000] {dagbag.py:537} INFO - Filling up the DagBag from /home/airflow/.local/lib/python3.7/site-packages/airflow/example_dags/example_trigger_target_dag.py
[2024-01-30T18:48:51.931+0000] {processor.py:766} INFO - DAG(s) dict_keys(['example_trigger_target_dag']) retrieved from /home/airflow/.local/lib/python3.7/site-packages/airflow/example_dags/example_trigger_target_dag.py
[2024-01-30T18:48:52.281+0000] {logging_mixin.py:120} INFO - [2024-01-30T18:48:52.280+0000] {dag.py:2585} INFO - Sync 1 DAGs
[2024-01-30T18:48:52.392+0000] {logging_mixin.py:120} INFO - [2024-01-30T18:48:52.381+0000] {dag.py:3340} INFO - Setting next_dagrun for example_trigger_target_dag to None, run_after=None
[2024-01-30T18:48:52.513+0000] {processor.py:176} INFO - Processing /home/airflow/.local/lib/python3.7/site-packages/airflow/example_dags/example_trigger_target_dag.py took 2.020 seconds
[2024-01-30T18:49:22.695+0000] {processor.py:154} INFO - Started process (PID=102) to work on /home/airflow/.local/lib/python3.7/site-packages/airflow/example_dags/example_trigger_target_dag.py
[2024-01-30T18:49:22.701+0000] {processor.py:756} INFO - Processing file /home/airflow/.local/lib/python3.7/site-packages/airflow/example_dags/example_trigger_target_dag.py for tasks to queue
[2024-01-30T18:49:22.703+0000] {logging_mixin.py:120} INFO - [2024-01-30T18:49:22.702+0000] {dagbag.py:537} INFO - Filling up the DagBag from /home/airflow/.local/lib/python3.7/site-packages/airflow/example_dags/example_trigger_target_dag.py
[2024-01-30T18:49:22.754+0000] {processor.py:766} INFO - DAG(s) dict_keys(['example_trigger_target_dag']) retrieved from /home/airflow/.local/lib/python3.7/site-packages/airflow/example_dags/example_trigger_target_dag.py
[2024-01-30T18:49:22.817+0000] {logging_mixin.py:120} INFO - [2024-01-30T18:49:22.816+0000] {dag.py:2585} INFO - Sync 1 DAGs
[2024-01-30T18:49:22.867+0000] {logging_mixin.py:120} INFO - [2024-01-30T18:49:22.867+0000] {dag.py:3340} INFO - Setting next_dagrun for example_trigger_target_dag to None, run_after=None
[2024-01-30T18:49:22.904+0000] {processor.py:176} INFO - Processing /home/airflow/.local/lib/python3.7/site-packages/airflow/example_dags/example_trigger_target_dag.py took 0.214 seconds
[2024-01-30T18:49:53.488+0000] {processor.py:154} INFO - Started process (PID=168) to work on /home/airflow/.local/lib/python3.7/site-packages/airflow/example_dags/example_trigger_target_dag.py
[2024-01-30T18:49:53.505+0000] {processor.py:756} INFO - Processing file /home/airflow/.local/lib/python3.7/site-packages/airflow/example_dags/example_trigger_target_dag.py for tasks to queue
[2024-01-30T18:49:53.509+0000] {logging_mixin.py:120} INFO - [2024-01-30T18:49:53.509+0000] {dagbag.py:537} INFO - Filling up the DagBag from /home/airflow/.local/lib/python3.7/site-packages/airflow/example_dags/example_trigger_target_dag.py
[2024-01-30T18:49:53.559+0000] {processor.py:766} INFO - DAG(s) dict_keys(['example_trigger_target_dag']) retrieved from /home/airflow/.local/lib/python3.7/site-packages/airflow/example_dags/example_trigger_target_dag.py
[2024-01-30T18:49:53.647+0000] {logging_mixin.py:120} INFO - [2024-01-30T18:49:53.647+0000] {dag.py:2585} INFO - Sync 1 DAGs
[2024-01-30T18:49:53.724+0000] {logging_mixin.py:120} INFO - [2024-01-30T18:49:53.724+0000] {dag.py:3340} INFO - Setting next_dagrun for example_trigger_target_dag to None, run_after=None
[2024-01-30T18:49:53.780+0000] {processor.py:176} INFO - Processing /home/airflow/.local/lib/python3.7/site-packages/airflow/example_dags/example_trigger_target_dag.py took 0.302 seconds
[2024-01-30T18:50:23.980+0000] {processor.py:154} INFO - Started process (PID=223) to work on /home/airflow/.local/lib/python3.7/site-packages/airflow/example_dags/example_trigger_target_dag.py
[2024-01-30T18:50:23.982+0000] {processor.py:756} INFO - Processing file /home/airflow/.local/lib/python3.7/site-packages/airflow/example_dags/example_trigger_target_dag.py for tasks to queue
[2024-01-30T18:50:23.983+0000] {logging_mixin.py:120} INFO - [2024-01-30T18:50:23.982+0000] {dagbag.py:537} INFO - Filling up the DagBag from /home/airflow/.local/lib/python3.7/site-packages/airflow/example_dags/example_trigger_target_dag.py
[2024-01-30T18:50:24.011+0000] {processor.py:766} INFO - DAG(s) dict_keys(['example_trigger_target_dag']) retrieved from /home/airflow/.local/lib/python3.7/site-packages/airflow/example_dags/example_trigger_target_dag.py
[2024-01-30T18:50:24.080+0000] {logging_mixin.py:120} INFO - [2024-01-30T18:50:24.080+0000] {dag.py:2585} INFO - Sync 1 DAGs
[2024-01-30T18:50:24.112+0000] {logging_mixin.py:120} INFO - [2024-01-30T18:50:24.112+0000] {dag.py:3340} INFO - Setting next_dagrun for example_trigger_target_dag to None, run_after=None
[2024-01-30T18:50:24.137+0000] {processor.py:176} INFO - Processing /home/airflow/.local/lib/python3.7/site-packages/airflow/example_dags/example_trigger_target_dag.py took 0.165 seconds
[2024-01-30T18:50:54.237+0000] {processor.py:154} INFO - Started process (PID=286) to work on /home/airflow/.local/lib/python3.7/site-packages/airflow/example_dags/example_trigger_target_dag.py
[2024-01-30T18:50:54.239+0000] {processor.py:756} INFO - Processing file /home/airflow/.local/lib/python3.7/site-packages/airflow/example_dags/example_trigger_target_dag.py for tasks to queue
[2024-01-30T18:50:54.240+0000] {logging_mixin.py:120} INFO - [2024-01-30T18:50:54.240+0000] {dagbag.py:537} INFO - Filling up the DagBag from /home/airflow/.local/lib/python3.7/site-packages/airflow/example_dags/example_trigger_target_dag.py
[2024-01-30T18:50:54.273+0000] {processor.py:766} INFO - DAG(s) dict_keys(['example_trigger_target_dag']) retrieved from /home/airflow/.local/lib/python3.7/site-packages/airflow/example_dags/example_trigger_target_dag.py
[2024-01-30T18:50:54.334+0000] {logging_mixin.py:120} INFO - [2024-01-30T18:50:54.334+0000] {dag.py:2585} INFO - Sync 1 DAGs
[2024-01-30T18:50:54.374+0000] {logging_mixin.py:120} INFO - [2024-01-30T18:50:54.374+0000] {dag.py:3340} INFO - Setting next_dagrun for example_trigger_target_dag to None, run_after=None
[2024-01-30T18:50:54.404+0000] {processor.py:176} INFO - Processing /home/airflow/.local/lib/python3.7/site-packages/airflow/example_dags/example_trigger_target_dag.py took 0.172 seconds
[2024-01-30T18:51:25.054+0000] {processor.py:154} INFO - Started process (PID=350) to work on /home/airflow/.local/lib/python3.7/site-packages/airflow/example_dags/example_trigger_target_dag.py
[2024-01-30T18:51:25.055+0000] {processor.py:756} INFO - Processing file /home/airflow/.local/lib/python3.7/site-packages/airflow/example_dags/example_trigger_target_dag.py for tasks to queue
[2024-01-30T18:51:25.056+0000] {logging_mixin.py:120} INFO - [2024-01-30T18:51:25.056+0000] {dagbag.py:537} INFO - Filling up the DagBag from /home/airflow/.local/lib/python3.7/site-packages/airflow/example_dags/example_trigger_target_dag.py
[2024-01-30T18:51:25.085+0000] {processor.py:766} INFO - DAG(s) dict_keys(['example_trigger_target_dag']) retrieved from /home/airflow/.local/lib/python3.7/site-packages/airflow/example_dags/example_trigger_target_dag.py
[2024-01-30T18:51:25.141+0000] {logging_mixin.py:120} INFO - [2024-01-30T18:51:25.141+0000] {dag.py:2585} INFO - Sync 1 DAGs
[2024-01-30T18:51:25.195+0000] {logging_mixin.py:120} INFO - [2024-01-30T18:51:25.195+0000] {dag.py:3340} INFO - Setting next_dagrun for example_trigger_target_dag to None, run_after=None
[2024-01-30T18:51:25.241+0000] {processor.py:176} INFO - Processing /home/airflow/.local/lib/python3.7/site-packages/airflow/example_dags/example_trigger_target_dag.py took 0.193 seconds
[2024-01-30T18:51:55.767+0000] {processor.py:154} INFO - Started process (PID=407) to work on /home/airflow/.local/lib/python3.7/site-packages/airflow/example_dags/example_trigger_target_dag.py
[2024-01-30T18:51:55.769+0000] {processor.py:756} INFO - Processing file /home/airflow/.local/lib/python3.7/site-packages/airflow/example_dags/example_trigger_target_dag.py for tasks to queue
[2024-01-30T18:51:55.770+0000] {logging_mixin.py:120} INFO - [2024-01-30T18:51:55.770+0000] {dagbag.py:537} INFO - Filling up the DagBag from /home/airflow/.local/lib/python3.7/site-packages/airflow/example_dags/example_trigger_target_dag.py
[2024-01-30T18:51:55.799+0000] {processor.py:766} INFO - DAG(s) dict_keys(['example_trigger_target_dag']) retrieved from /home/airflow/.local/lib/python3.7/site-packages/airflow/example_dags/example_trigger_target_dag.py
[2024-01-30T18:51:55.850+0000] {logging_mixin.py:120} INFO - [2024-01-30T18:51:55.849+0000] {dag.py:2585} INFO - Sync 1 DAGs
[2024-01-30T18:51:55.884+0000] {logging_mixin.py:120} INFO - [2024-01-30T18:51:55.884+0000] {dag.py:3340} INFO - Setting next_dagrun for example_trigger_target_dag to None, run_after=None
[2024-01-30T18:51:55.920+0000] {processor.py:176} INFO - Processing /home/airflow/.local/lib/python3.7/site-packages/airflow/example_dags/example_trigger_target_dag.py took 0.158 seconds
[2024-01-30T18:52:26.059+0000] {processor.py:154} INFO - Started process (PID=472) to work on /home/airflow/.local/lib/python3.7/site-packages/airflow/example_dags/example_trigger_target_dag.py
[2024-01-30T18:52:26.061+0000] {processor.py:756} INFO - Processing file /home/airflow/.local/lib/python3.7/site-packages/airflow/example_dags/example_trigger_target_dag.py for tasks to queue
[2024-01-30T18:52:26.063+0000] {logging_mixin.py:120} INFO - [2024-01-30T18:52:26.062+0000] {dagbag.py:537} INFO - Filling up the DagBag from /home/airflow/.local/lib/python3.7/site-packages/airflow/example_dags/example_trigger_target_dag.py
[2024-01-30T18:52:26.110+0000] {processor.py:766} INFO - DAG(s) dict_keys(['example_trigger_target_dag']) retrieved from /home/airflow/.local/lib/python3.7/site-packages/airflow/example_dags/example_trigger_target_dag.py
[2024-01-30T18:52:26.169+0000] {logging_mixin.py:120} INFO - [2024-01-30T18:52:26.168+0000] {dag.py:2585} INFO - Sync 1 DAGs
[2024-01-30T18:52:26.201+0000] {logging_mixin.py:120} INFO - [2024-01-30T18:52:26.201+0000] {dag.py:3340} INFO - Setting next_dagrun for example_trigger_target_dag to None, run_after=None
[2024-01-30T18:52:26.227+0000] {processor.py:176} INFO - Processing /home/airflow/.local/lib/python3.7/site-packages/airflow/example_dags/example_trigger_target_dag.py took 0.174 seconds
[2024-01-30T18:52:56.359+0000] {processor.py:154} INFO - Started process (PID=536) to work on /home/airflow/.local/lib/python3.7/site-packages/airflow/example_dags/example_trigger_target_dag.py
[2024-01-30T18:52:56.361+0000] {processor.py:756} INFO - Processing file /home/airflow/.local/lib/python3.7/site-packages/airflow/example_dags/example_trigger_target_dag.py for tasks to queue
[2024-01-30T18:52:56.363+0000] {logging_mixin.py:120} INFO - [2024-01-30T18:52:56.363+0000] {dagbag.py:537} INFO - Filling up the DagBag from /home/airflow/.local/lib/python3.7/site-packages/airflow/example_dags/example_trigger_target_dag.py
[2024-01-30T18:52:56.428+0000] {processor.py:766} INFO - DAG(s) dict_keys(['example_trigger_target_dag']) retrieved from /home/airflow/.local/lib/python3.7/site-packages/airflow/example_dags/example_trigger_target_dag.py
[2024-01-30T18:52:56.580+0000] {logging_mixin.py:120} INFO - [2024-01-30T18:52:56.580+0000] {dag.py:2585} INFO - Sync 1 DAGs
[2024-01-30T18:52:56.665+0000] {logging_mixin.py:120} INFO - [2024-01-30T18:52:56.665+0000] {dag.py:3340} INFO - Setting next_dagrun for example_trigger_target_dag to None, run_after=None
[2024-01-30T18:52:56.703+0000] {processor.py:176} INFO - Processing /home/airflow/.local/lib/python3.7/site-packages/airflow/example_dags/example_trigger_target_dag.py took 0.350 seconds
[2024-01-30T18:53:27.507+0000] {processor.py:154} INFO - Started process (PID=598) to work on /home/airflow/.local/lib/python3.7/site-packages/airflow/example_dags/example_trigger_target_dag.py
[2024-01-30T18:53:27.509+0000] {processor.py:756} INFO - Processing file /home/airflow/.local/lib/python3.7/site-packages/airflow/example_dags/example_trigger_target_dag.py for tasks to queue
[2024-01-30T18:53:27.510+0000] {logging_mixin.py:120} INFO - [2024-01-30T18:53:27.510+0000] {dagbag.py:537} INFO - Filling up the DagBag from /home/airflow/.local/lib/python3.7/site-packages/airflow/example_dags/example_trigger_target_dag.py
[2024-01-30T18:53:27.545+0000] {processor.py:766} INFO - DAG(s) dict_keys(['example_trigger_target_dag']) retrieved from /home/airflow/.local/lib/python3.7/site-packages/airflow/example_dags/example_trigger_target_dag.py
[2024-01-30T18:53:27.601+0000] {logging_mixin.py:120} INFO - [2024-01-30T18:53:27.601+0000] {dag.py:2585} INFO - Sync 1 DAGs
[2024-01-30T18:53:27.664+0000] {logging_mixin.py:120} INFO - [2024-01-30T18:53:27.663+0000] {dag.py:3340} INFO - Setting next_dagrun for example_trigger_target_dag to None, run_after=None
[2024-01-30T18:53:27.698+0000] {processor.py:176} INFO - Processing /home/airflow/.local/lib/python3.7/site-packages/airflow/example_dags/example_trigger_target_dag.py took 0.198 seconds
[2024-01-30T18:53:58.047+0000] {processor.py:154} INFO - Started process (PID=665) to work on /home/airflow/.local/lib/python3.7/site-packages/airflow/example_dags/example_trigger_target_dag.py
[2024-01-30T18:53:58.048+0000] {processor.py:756} INFO - Processing file /home/airflow/.local/lib/python3.7/site-packages/airflow/example_dags/example_trigger_target_dag.py for tasks to queue
[2024-01-30T18:53:58.050+0000] {logging_mixin.py:120} INFO - [2024-01-30T18:53:58.050+0000] {dagbag.py:537} INFO - Filling up the DagBag from /home/airflow/.local/lib/python3.7/site-packages/airflow/example_dags/example_trigger_target_dag.py
[2024-01-30T18:53:58.088+0000] {processor.py:766} INFO - DAG(s) dict_keys(['example_trigger_target_dag']) retrieved from /home/airflow/.local/lib/python3.7/site-packages/airflow/example_dags/example_trigger_target_dag.py
[2024-01-30T18:53:58.155+0000] {logging_mixin.py:120} INFO - [2024-01-30T18:53:58.155+0000] {dag.py:2585} INFO - Sync 1 DAGs
[2024-01-30T18:53:58.205+0000] {logging_mixin.py:120} INFO - [2024-01-30T18:53:58.205+0000] {dag.py:3340} INFO - Setting next_dagrun for example_trigger_target_dag to None, run_after=None
[2024-01-30T18:53:58.256+0000] {processor.py:176} INFO - Processing /home/airflow/.local/lib/python3.7/site-packages/airflow/example_dags/example_trigger_target_dag.py took 0.214 seconds
[2024-01-30T18:54:28.351+0000] {processor.py:154} INFO - Started process (PID=729) to work on /home/airflow/.local/lib/python3.7/site-packages/airflow/example_dags/example_trigger_target_dag.py
[2024-01-30T18:54:28.352+0000] {processor.py:756} INFO - Processing file /home/airflow/.local/lib/python3.7/site-packages/airflow/example_dags/example_trigger_target_dag.py for tasks to queue
[2024-01-30T18:54:28.354+0000] {logging_mixin.py:120} INFO - [2024-01-30T18:54:28.353+0000] {dagbag.py:537} INFO - Filling up the DagBag from /home/airflow/.local/lib/python3.7/site-packages/airflow/example_dags/example_trigger_target_dag.py
[2024-01-30T18:54:28.383+0000] {processor.py:766} INFO - DAG(s) dict_keys(['example_trigger_target_dag']) retrieved from /home/airflow/.local/lib/python3.7/site-packages/airflow/example_dags/example_trigger_target_dag.py
[2024-01-30T18:54:28.436+0000] {logging_mixin.py:120} INFO - [2024-01-30T18:54:28.436+0000] {dag.py:2585} INFO - Sync 1 DAGs
[2024-01-30T18:54:28.470+0000] {logging_mixin.py:120} INFO - [2024-01-30T18:54:28.470+0000] {dag.py:3340} INFO - Setting next_dagrun for example_trigger_target_dag to None, run_after=None
[2024-01-30T18:54:28.498+0000] {processor.py:176} INFO - Processing /home/airflow/.local/lib/python3.7/site-packages/airflow/example_dags/example_trigger_target_dag.py took 0.152 seconds
[2024-01-30T18:54:58.714+0000] {processor.py:154} INFO - Started process (PID=784) to work on /home/airflow/.local/lib/python3.7/site-packages/airflow/example_dags/example_trigger_target_dag.py
[2024-01-30T18:54:58.715+0000] {processor.py:756} INFO - Processing file /home/airflow/.local/lib/python3.7/site-packages/airflow/example_dags/example_trigger_target_dag.py for tasks to queue
[2024-01-30T18:54:58.717+0000] {logging_mixin.py:120} INFO - [2024-01-30T18:54:58.717+0000] {dagbag.py:537} INFO - Filling up the DagBag from /home/airflow/.local/lib/python3.7/site-packages/airflow/example_dags/example_trigger_target_dag.py
[2024-01-30T18:54:58.746+0000] {processor.py:766} INFO - DAG(s) dict_keys(['example_trigger_target_dag']) retrieved from /home/airflow/.local/lib/python3.7/site-packages/airflow/example_dags/example_trigger_target_dag.py
[2024-01-30T18:54:58.797+0000] {logging_mixin.py:120} INFO - [2024-01-30T18:54:58.797+0000] {dag.py:2585} INFO - Sync 1 DAGs
[2024-01-30T18:54:58.829+0000] {logging_mixin.py:120} INFO - [2024-01-30T18:54:58.829+0000] {dag.py:3340} INFO - Setting next_dagrun for example_trigger_target_dag to None, run_after=None
[2024-01-30T18:54:58.854+0000] {processor.py:176} INFO - Processing /home/airflow/.local/lib/python3.7/site-packages/airflow/example_dags/example_trigger_target_dag.py took 0.146 seconds
[2024-01-30T18:55:29.418+0000] {processor.py:154} INFO - Started process (PID=848) to work on /home/airflow/.local/lib/python3.7/site-packages/airflow/example_dags/example_trigger_target_dag.py
[2024-01-30T18:55:29.419+0000] {processor.py:756} INFO - Processing file /home/airflow/.local/lib/python3.7/site-packages/airflow/example_dags/example_trigger_target_dag.py for tasks to queue
[2024-01-30T18:55:29.421+0000] {logging_mixin.py:120} INFO - [2024-01-30T18:55:29.420+0000] {dagbag.py:537} INFO - Filling up the DagBag from /home/airflow/.local/lib/python3.7/site-packages/airflow/example_dags/example_trigger_target_dag.py
[2024-01-30T18:55:29.455+0000] {processor.py:766} INFO - DAG(s) dict_keys(['example_trigger_target_dag']) retrieved from /home/airflow/.local/lib/python3.7/site-packages/airflow/example_dags/example_trigger_target_dag.py
[2024-01-30T18:55:29.519+0000] {logging_mixin.py:120} INFO - [2024-01-30T18:55:29.519+0000] {dag.py:2585} INFO - Sync 1 DAGs
[2024-01-30T18:55:29.560+0000] {logging_mixin.py:120} INFO - [2024-01-30T18:55:29.560+0000] {dag.py:3340} INFO - Setting next_dagrun for example_trigger_target_dag to None, run_after=None
[2024-01-30T18:55:29.593+0000] {processor.py:176} INFO - Processing /home/airflow/.local/lib/python3.7/site-packages/airflow/example_dags/example_trigger_target_dag.py took 0.180 seconds
[2024-01-30T18:55:59.886+0000] {processor.py:154} INFO - Started process (PID=902) to work on /home/airflow/.local/lib/python3.7/site-packages/airflow/example_dags/example_trigger_target_dag.py
[2024-01-30T18:55:59.887+0000] {processor.py:756} INFO - Processing file /home/airflow/.local/lib/python3.7/site-packages/airflow/example_dags/example_trigger_target_dag.py for tasks to queue
[2024-01-30T18:55:59.889+0000] {logging_mixin.py:120} INFO - [2024-01-30T18:55:59.889+0000] {dagbag.py:537} INFO - Filling up the DagBag from /home/airflow/.local/lib/python3.7/site-packages/airflow/example_dags/example_trigger_target_dag.py
[2024-01-30T18:55:59.925+0000] {processor.py:766} INFO - DAG(s) dict_keys(['example_trigger_target_dag']) retrieved from /home/airflow/.local/lib/python3.7/site-packages/airflow/example_dags/example_trigger_target_dag.py
[2024-01-30T18:55:59.998+0000] {logging_mixin.py:120} INFO - [2024-01-30T18:55:59.998+0000] {dag.py:2585} INFO - Sync 1 DAGs
[2024-01-30T18:56:00.076+0000] {logging_mixin.py:120} INFO - [2024-01-30T18:56:00.076+0000] {dag.py:3340} INFO - Setting next_dagrun for example_trigger_target_dag to None, run_after=None
[2024-01-30T18:56:00.110+0000] {processor.py:176} INFO - Processing /home/airflow/.local/lib/python3.7/site-packages/airflow/example_dags/example_trigger_target_dag.py took 0.229 seconds
[2024-01-30T18:56:30.203+0000] {processor.py:154} INFO - Started process (PID=966) to work on /home/airflow/.local/lib/python3.7/site-packages/airflow/example_dags/example_trigger_target_dag.py
[2024-01-30T18:56:30.205+0000] {processor.py:756} INFO - Processing file /home/airflow/.local/lib/python3.7/site-packages/airflow/example_dags/example_trigger_target_dag.py for tasks to queue
[2024-01-30T18:56:30.207+0000] {logging_mixin.py:120} INFO - [2024-01-30T18:56:30.206+0000] {dagbag.py:537} INFO - Filling up the DagBag from /home/airflow/.local/lib/python3.7/site-packages/airflow/example_dags/example_trigger_target_dag.py
[2024-01-30T18:56:30.242+0000] {processor.py:766} INFO - DAG(s) dict_keys(['example_trigger_target_dag']) retrieved from /home/airflow/.local/lib/python3.7/site-packages/airflow/example_dags/example_trigger_target_dag.py
[2024-01-30T18:56:30.310+0000] {logging_mixin.py:120} INFO - [2024-01-30T18:56:30.310+0000] {dag.py:2585} INFO - Sync 1 DAGs
[2024-01-30T18:56:30.348+0000] {logging_mixin.py:120} INFO - [2024-01-30T18:56:30.348+0000] {dag.py:3340} INFO - Setting next_dagrun for example_trigger_target_dag to None, run_after=None
[2024-01-30T18:56:30.381+0000] {processor.py:176} INFO - Processing /home/airflow/.local/lib/python3.7/site-packages/airflow/example_dags/example_trigger_target_dag.py took 0.184 seconds
[2024-01-30T18:57:00.888+0000] {processor.py:154} INFO - Started process (PID=1030) to work on /home/airflow/.local/lib/python3.7/site-packages/airflow/example_dags/example_trigger_target_dag.py
[2024-01-30T18:57:00.890+0000] {processor.py:756} INFO - Processing file /home/airflow/.local/lib/python3.7/site-packages/airflow/example_dags/example_trigger_target_dag.py for tasks to queue
[2024-01-30T18:57:00.892+0000] {logging_mixin.py:120} INFO - [2024-01-30T18:57:00.892+0000] {dagbag.py:537} INFO - Filling up the DagBag from /home/airflow/.local/lib/python3.7/site-packages/airflow/example_dags/example_trigger_target_dag.py
[2024-01-30T18:57:00.929+0000] {processor.py:766} INFO - DAG(s) dict_keys(['example_trigger_target_dag']) retrieved from /home/airflow/.local/lib/python3.7/site-packages/airflow/example_dags/example_trigger_target_dag.py
[2024-01-30T18:57:01.012+0000] {logging_mixin.py:120} INFO - [2024-01-30T18:57:01.012+0000] {dag.py:2585} INFO - Sync 1 DAGs
[2024-01-30T18:57:01.058+0000] {logging_mixin.py:120} INFO - [2024-01-30T18:57:01.058+0000] {dag.py:3340} INFO - Setting next_dagrun for example_trigger_target_dag to None, run_after=None
[2024-01-30T18:57:01.105+0000] {processor.py:176} INFO - Processing /home/airflow/.local/lib/python3.7/site-packages/airflow/example_dags/example_trigger_target_dag.py took 0.223 seconds
[2024-01-30T18:57:31.351+0000] {processor.py:154} INFO - Started process (PID=1085) to work on /home/airflow/.local/lib/python3.7/site-packages/airflow/example_dags/example_trigger_target_dag.py
[2024-01-30T18:57:31.352+0000] {processor.py:756} INFO - Processing file /home/airflow/.local/lib/python3.7/site-packages/airflow/example_dags/example_trigger_target_dag.py for tasks to queue
[2024-01-30T18:57:31.354+0000] {logging_mixin.py:120} INFO - [2024-01-30T18:57:31.353+0000] {dagbag.py:537} INFO - Filling up the DagBag from /home/airflow/.local/lib/python3.7/site-packages/airflow/example_dags/example_trigger_target_dag.py
[2024-01-30T18:57:31.383+0000] {processor.py:766} INFO - DAG(s) dict_keys(['example_trigger_target_dag']) retrieved from /home/airflow/.local/lib/python3.7/site-packages/airflow/example_dags/example_trigger_target_dag.py
[2024-01-30T18:57:31.440+0000] {logging_mixin.py:120} INFO - [2024-01-30T18:57:31.440+0000] {dag.py:2585} INFO - Sync 1 DAGs
[2024-01-30T18:57:31.475+0000] {logging_mixin.py:120} INFO - [2024-01-30T18:57:31.475+0000] {dag.py:3340} INFO - Setting next_dagrun for example_trigger_target_dag to None, run_after=None
[2024-01-30T18:57:31.506+0000] {processor.py:176} INFO - Processing /home/airflow/.local/lib/python3.7/site-packages/airflow/example_dags/example_trigger_target_dag.py took 0.161 seconds
[2024-01-30T18:58:01.952+0000] {processor.py:154} INFO - Started process (PID=1149) to work on /home/airflow/.local/lib/python3.7/site-packages/airflow/example_dags/example_trigger_target_dag.py
[2024-01-30T18:58:01.954+0000] {processor.py:756} INFO - Processing file /home/airflow/.local/lib/python3.7/site-packages/airflow/example_dags/example_trigger_target_dag.py for tasks to queue
[2024-01-30T18:58:01.956+0000] {logging_mixin.py:120} INFO - [2024-01-30T18:58:01.956+0000] {dagbag.py:537} INFO - Filling up the DagBag from /home/airflow/.local/lib/python3.7/site-packages/airflow/example_dags/example_trigger_target_dag.py
[2024-01-30T18:58:02.001+0000] {processor.py:766} INFO - DAG(s) dict_keys(['example_trigger_target_dag']) retrieved from /home/airflow/.local/lib/python3.7/site-packages/airflow/example_dags/example_trigger_target_dag.py
[2024-01-30T18:58:02.077+0000] {logging_mixin.py:120} INFO - [2024-01-30T18:58:02.076+0000] {dag.py:2585} INFO - Sync 1 DAGs
[2024-01-30T18:58:02.123+0000] {logging_mixin.py:120} INFO - [2024-01-30T18:58:02.123+0000] {dag.py:3340} INFO - Setting next_dagrun for example_trigger_target_dag to None, run_after=None
[2024-01-30T18:58:02.154+0000] {processor.py:176} INFO - Processing /home/airflow/.local/lib/python3.7/site-packages/airflow/example_dags/example_trigger_target_dag.py took 0.210 seconds
[2024-01-30T18:58:32.398+0000] {processor.py:154} INFO - Started process (PID=1213) to work on /home/airflow/.local/lib/python3.7/site-packages/airflow/example_dags/example_trigger_target_dag.py
[2024-01-30T18:58:32.400+0000] {processor.py:756} INFO - Processing file /home/airflow/.local/lib/python3.7/site-packages/airflow/example_dags/example_trigger_target_dag.py for tasks to queue
[2024-01-30T18:58:32.402+0000] {logging_mixin.py:120} INFO - [2024-01-30T18:58:32.401+0000] {dagbag.py:537} INFO - Filling up the DagBag from /home/airflow/.local/lib/python3.7/site-packages/airflow/example_dags/example_trigger_target_dag.py
[2024-01-30T18:58:32.441+0000] {processor.py:766} INFO - DAG(s) dict_keys(['example_trigger_target_dag']) retrieved from /home/airflow/.local/lib/python3.7/site-packages/airflow/example_dags/example_trigger_target_dag.py
[2024-01-30T18:58:32.493+0000] {logging_mixin.py:120} INFO - [2024-01-30T18:58:32.493+0000] {dag.py:2585} INFO - Sync 1 DAGs
[2024-01-30T18:58:32.527+0000] {logging_mixin.py:120} INFO - [2024-01-30T18:58:32.527+0000] {dag.py:3340} INFO - Setting next_dagrun for example_trigger_target_dag to None, run_after=None
[2024-01-30T18:58:32.569+0000] {processor.py:176} INFO - Processing /home/airflow/.local/lib/python3.7/site-packages/airflow/example_dags/example_trigger_target_dag.py took 0.176 seconds
[2024-01-30T18:59:03.287+0000] {processor.py:154} INFO - Started process (PID=1268) to work on /home/airflow/.local/lib/python3.7/site-packages/airflow/example_dags/example_trigger_target_dag.py
[2024-01-30T18:59:03.289+0000] {processor.py:756} INFO - Processing file /home/airflow/.local/lib/python3.7/site-packages/airflow/example_dags/example_trigger_target_dag.py for tasks to queue
[2024-01-30T18:59:03.292+0000] {logging_mixin.py:120} INFO - [2024-01-30T18:59:03.290+0000] {dagbag.py:537} INFO - Filling up the DagBag from /home/airflow/.local/lib/python3.7/site-packages/airflow/example_dags/example_trigger_target_dag.py
[2024-01-30T18:59:03.327+0000] {processor.py:766} INFO - DAG(s) dict_keys(['example_trigger_target_dag']) retrieved from /home/airflow/.local/lib/python3.7/site-packages/airflow/example_dags/example_trigger_target_dag.py
[2024-01-30T18:59:03.396+0000] {logging_mixin.py:120} INFO - [2024-01-30T18:59:03.396+0000] {dag.py:2585} INFO - Sync 1 DAGs
[2024-01-30T18:59:03.441+0000] {logging_mixin.py:120} INFO - [2024-01-30T18:59:03.440+0000] {dag.py:3340} INFO - Setting next_dagrun for example_trigger_target_dag to None, run_after=None
[2024-01-30T18:59:03.477+0000] {processor.py:176} INFO - Processing /home/airflow/.local/lib/python3.7/site-packages/airflow/example_dags/example_trigger_target_dag.py took 0.195 seconds
[2024-01-30T18:59:33.669+0000] {processor.py:154} INFO - Started process (PID=1332) to work on /home/airflow/.local/lib/python3.7/site-packages/airflow/example_dags/example_trigger_target_dag.py
[2024-01-30T18:59:33.673+0000] {processor.py:756} INFO - Processing file /home/airflow/.local/lib/python3.7/site-packages/airflow/example_dags/example_trigger_target_dag.py for tasks to queue
[2024-01-30T18:59:33.676+0000] {logging_mixin.py:120} INFO - [2024-01-30T18:59:33.676+0000] {dagbag.py:537} INFO - Filling up the DagBag from /home/airflow/.local/lib/python3.7/site-packages/airflow/example_dags/example_trigger_target_dag.py
[2024-01-30T18:59:33.730+0000] {processor.py:766} INFO - DAG(s) dict_keys(['example_trigger_target_dag']) retrieved from /home/airflow/.local/lib/python3.7/site-packages/airflow/example_dags/example_trigger_target_dag.py
[2024-01-30T18:59:33.830+0000] {logging_mixin.py:120} INFO - [2024-01-30T18:59:33.830+0000] {dag.py:2585} INFO - Sync 1 DAGs
[2024-01-30T18:59:33.882+0000] {logging_mixin.py:120} INFO - [2024-01-30T18:59:33.882+0000] {dag.py:3340} INFO - Setting next_dagrun for example_trigger_target_dag to None, run_after=None
[2024-01-30T18:59:33.929+0000] {processor.py:176} INFO - Processing /home/airflow/.local/lib/python3.7/site-packages/airflow/example_dags/example_trigger_target_dag.py took 0.266 seconds
[2024-01-30T19:00:04.243+0000] {processor.py:154} INFO - Started process (PID=1387) to work on /home/airflow/.local/lib/python3.7/site-packages/airflow/example_dags/example_trigger_target_dag.py
[2024-01-30T19:00:04.245+0000] {processor.py:756} INFO - Processing file /home/airflow/.local/lib/python3.7/site-packages/airflow/example_dags/example_trigger_target_dag.py for tasks to queue
[2024-01-30T19:00:04.246+0000] {logging_mixin.py:120} INFO - [2024-01-30T19:00:04.246+0000] {dagbag.py:537} INFO - Filling up the DagBag from /home/airflow/.local/lib/python3.7/site-packages/airflow/example_dags/example_trigger_target_dag.py
[2024-01-30T19:00:04.275+0000] {processor.py:766} INFO - DAG(s) dict_keys(['example_trigger_target_dag']) retrieved from /home/airflow/.local/lib/python3.7/site-packages/airflow/example_dags/example_trigger_target_dag.py
[2024-01-30T19:00:04.326+0000] {logging_mixin.py:120} INFO - [2024-01-30T19:00:04.326+0000] {dag.py:2585} INFO - Sync 1 DAGs
[2024-01-30T19:00:04.358+0000] {logging_mixin.py:120} INFO - [2024-01-30T19:00:04.358+0000] {dag.py:3340} INFO - Setting next_dagrun for example_trigger_target_dag to None, run_after=None
[2024-01-30T19:00:04.382+0000] {processor.py:176} INFO - Processing /home/airflow/.local/lib/python3.7/site-packages/airflow/example_dags/example_trigger_target_dag.py took 0.143 seconds
[2024-01-30T19:00:34.717+0000] {processor.py:154} INFO - Started process (PID=1451) to work on /home/airflow/.local/lib/python3.7/site-packages/airflow/example_dags/example_trigger_target_dag.py
[2024-01-30T19:00:34.719+0000] {processor.py:756} INFO - Processing file /home/airflow/.local/lib/python3.7/site-packages/airflow/example_dags/example_trigger_target_dag.py for tasks to queue
[2024-01-30T19:00:34.721+0000] {logging_mixin.py:120} INFO - [2024-01-30T19:00:34.721+0000] {dagbag.py:537} INFO - Filling up the DagBag from /home/airflow/.local/lib/python3.7/site-packages/airflow/example_dags/example_trigger_target_dag.py
[2024-01-30T19:00:34.769+0000] {processor.py:766} INFO - DAG(s) dict_keys(['example_trigger_target_dag']) retrieved from /home/airflow/.local/lib/python3.7/site-packages/airflow/example_dags/example_trigger_target_dag.py
[2024-01-30T19:00:34.831+0000] {logging_mixin.py:120} INFO - [2024-01-30T19:00:34.831+0000] {dag.py:2585} INFO - Sync 1 DAGs
[2024-01-30T19:00:34.869+0000] {logging_mixin.py:120} INFO - [2024-01-30T19:00:34.868+0000] {dag.py:3340} INFO - Setting next_dagrun for example_trigger_target_dag to None, run_after=None
[2024-01-30T19:00:34.901+0000] {processor.py:176} INFO - Processing /home/airflow/.local/lib/python3.7/site-packages/airflow/example_dags/example_trigger_target_dag.py took 0.198 seconds
[2024-01-30T19:01:05.359+0000] {processor.py:154} INFO - Started process (PID=1516) to work on /home/airflow/.local/lib/python3.7/site-packages/airflow/example_dags/example_trigger_target_dag.py
[2024-01-30T19:01:05.361+0000] {processor.py:756} INFO - Processing file /home/airflow/.local/lib/python3.7/site-packages/airflow/example_dags/example_trigger_target_dag.py for tasks to queue
[2024-01-30T19:01:05.362+0000] {logging_mixin.py:120} INFO - [2024-01-30T19:01:05.362+0000] {dagbag.py:537} INFO - Filling up the DagBag from /home/airflow/.local/lib/python3.7/site-packages/airflow/example_dags/example_trigger_target_dag.py
[2024-01-30T19:01:05.392+0000] {processor.py:766} INFO - DAG(s) dict_keys(['example_trigger_target_dag']) retrieved from /home/airflow/.local/lib/python3.7/site-packages/airflow/example_dags/example_trigger_target_dag.py
[2024-01-30T19:01:05.446+0000] {logging_mixin.py:120} INFO - [2024-01-30T19:01:05.446+0000] {dag.py:2585} INFO - Sync 1 DAGs
[2024-01-30T19:01:05.478+0000] {logging_mixin.py:120} INFO - [2024-01-30T19:01:05.478+0000] {dag.py:3340} INFO - Setting next_dagrun for example_trigger_target_dag to None, run_after=None
[2024-01-30T19:01:05.511+0000] {processor.py:176} INFO - Processing /home/airflow/.local/lib/python3.7/site-packages/airflow/example_dags/example_trigger_target_dag.py took 0.156 seconds
[2024-01-30T19:01:35.818+0000] {processor.py:154} INFO - Started process (PID=1571) to work on /home/airflow/.local/lib/python3.7/site-packages/airflow/example_dags/example_trigger_target_dag.py
[2024-01-30T19:01:35.819+0000] {processor.py:756} INFO - Processing file /home/airflow/.local/lib/python3.7/site-packages/airflow/example_dags/example_trigger_target_dag.py for tasks to queue
[2024-01-30T19:01:35.821+0000] {logging_mixin.py:120} INFO - [2024-01-30T19:01:35.821+0000] {dagbag.py:537} INFO - Filling up the DagBag from /home/airflow/.local/lib/python3.7/site-packages/airflow/example_dags/example_trigger_target_dag.py
[2024-01-30T19:01:35.859+0000] {processor.py:766} INFO - DAG(s) dict_keys(['example_trigger_target_dag']) retrieved from /home/airflow/.local/lib/python3.7/site-packages/airflow/example_dags/example_trigger_target_dag.py
[2024-01-30T19:01:35.935+0000] {logging_mixin.py:120} INFO - [2024-01-30T19:01:35.935+0000] {dag.py:2585} INFO - Sync 1 DAGs
[2024-01-30T19:01:35.972+0000] {logging_mixin.py:120} INFO - [2024-01-30T19:01:35.972+0000] {dag.py:3340} INFO - Setting next_dagrun for example_trigger_target_dag to None, run_after=None
[2024-01-30T19:01:36.000+0000] {processor.py:176} INFO - Processing /home/airflow/.local/lib/python3.7/site-packages/airflow/example_dags/example_trigger_target_dag.py took 0.187 seconds
[2024-01-30T19:02:06.666+0000] {processor.py:154} INFO - Started process (PID=1635) to work on /home/airflow/.local/lib/python3.7/site-packages/airflow/example_dags/example_trigger_target_dag.py
[2024-01-30T19:02:06.668+0000] {processor.py:756} INFO - Processing file /home/airflow/.local/lib/python3.7/site-packages/airflow/example_dags/example_trigger_target_dag.py for tasks to queue
[2024-01-30T19:02:06.669+0000] {logging_mixin.py:120} INFO - [2024-01-30T19:02:06.669+0000] {dagbag.py:537} INFO - Filling up the DagBag from /home/airflow/.local/lib/python3.7/site-packages/airflow/example_dags/example_trigger_target_dag.py
[2024-01-30T19:02:06.696+0000] {processor.py:766} INFO - DAG(s) dict_keys(['example_trigger_target_dag']) retrieved from /home/airflow/.local/lib/python3.7/site-packages/airflow/example_dags/example_trigger_target_dag.py
[2024-01-30T19:02:06.747+0000] {logging_mixin.py:120} INFO - [2024-01-30T19:02:06.746+0000] {dag.py:2585} INFO - Sync 1 DAGs
[2024-01-30T19:02:06.778+0000] {logging_mixin.py:120} INFO - [2024-01-30T19:02:06.778+0000] {dag.py:3340} INFO - Setting next_dagrun for example_trigger_target_dag to None, run_after=None
[2024-01-30T19:02:06.800+0000] {processor.py:176} INFO - Processing /home/airflow/.local/lib/python3.7/site-packages/airflow/example_dags/example_trigger_target_dag.py took 0.138 seconds
[2024-01-30T19:02:37.757+0000] {processor.py:154} INFO - Started process (PID=1690) to work on /home/airflow/.local/lib/python3.7/site-packages/airflow/example_dags/example_trigger_target_dag.py
[2024-01-30T19:02:37.760+0000] {processor.py:756} INFO - Processing file /home/airflow/.local/lib/python3.7/site-packages/airflow/example_dags/example_trigger_target_dag.py for tasks to queue
[2024-01-30T19:02:37.763+0000] {logging_mixin.py:120} INFO - [2024-01-30T19:02:37.762+0000] {dagbag.py:537} INFO - Filling up the DagBag from /home/airflow/.local/lib/python3.7/site-packages/airflow/example_dags/example_trigger_target_dag.py
[2024-01-30T19:02:37.812+0000] {processor.py:766} INFO - DAG(s) dict_keys(['example_trigger_target_dag']) retrieved from /home/airflow/.local/lib/python3.7/site-packages/airflow/example_dags/example_trigger_target_dag.py
[2024-01-30T19:02:37.900+0000] {logging_mixin.py:120} INFO - [2024-01-30T19:02:37.900+0000] {dag.py:2585} INFO - Sync 1 DAGs
[2024-01-30T19:02:38.021+0000] {logging_mixin.py:120} INFO - [2024-01-30T19:02:38.021+0000] {dag.py:3340} INFO - Setting next_dagrun for example_trigger_target_dag to None, run_after=None
[2024-01-30T19:02:38.074+0000] {processor.py:176} INFO - Processing /home/airflow/.local/lib/python3.7/site-packages/airflow/example_dags/example_trigger_target_dag.py took 0.323 seconds
[2024-01-30T19:03:08.166+0000] {processor.py:154} INFO - Started process (PID=1755) to work on /home/airflow/.local/lib/python3.7/site-packages/airflow/example_dags/example_trigger_target_dag.py
[2024-01-30T19:03:08.167+0000] {processor.py:756} INFO - Processing file /home/airflow/.local/lib/python3.7/site-packages/airflow/example_dags/example_trigger_target_dag.py for tasks to queue
[2024-01-30T19:03:08.168+0000] {logging_mixin.py:120} INFO - [2024-01-30T19:03:08.168+0000] {dagbag.py:537} INFO - Filling up the DagBag from /home/airflow/.local/lib/python3.7/site-packages/airflow/example_dags/example_trigger_target_dag.py
[2024-01-30T19:03:08.194+0000] {processor.py:766} INFO - DAG(s) dict_keys(['example_trigger_target_dag']) retrieved from /home/airflow/.local/lib/python3.7/site-packages/airflow/example_dags/example_trigger_target_dag.py
[2024-01-30T19:03:08.244+0000] {logging_mixin.py:120} INFO - [2024-01-30T19:03:08.244+0000] {dag.py:2585} INFO - Sync 1 DAGs
[2024-01-30T19:03:08.276+0000] {logging_mixin.py:120} INFO - [2024-01-30T19:03:08.276+0000] {dag.py:3340} INFO - Setting next_dagrun for example_trigger_target_dag to None, run_after=None
[2024-01-30T19:03:08.299+0000] {processor.py:176} INFO - Processing /home/airflow/.local/lib/python3.7/site-packages/airflow/example_dags/example_trigger_target_dag.py took 0.139 seconds
[2024-01-30T19:03:38.432+0000] {processor.py:154} INFO - Started process (PID=1819) to work on /home/airflow/.local/lib/python3.7/site-packages/airflow/example_dags/example_trigger_target_dag.py
[2024-01-30T19:03:38.434+0000] {processor.py:756} INFO - Processing file /home/airflow/.local/lib/python3.7/site-packages/airflow/example_dags/example_trigger_target_dag.py for tasks to queue
[2024-01-30T19:03:38.436+0000] {logging_mixin.py:120} INFO - [2024-01-30T19:03:38.436+0000] {dagbag.py:537} INFO - Filling up the DagBag from /home/airflow/.local/lib/python3.7/site-packages/airflow/example_dags/example_trigger_target_dag.py
[2024-01-30T19:03:38.488+0000] {processor.py:766} INFO - DAG(s) dict_keys(['example_trigger_target_dag']) retrieved from /home/airflow/.local/lib/python3.7/site-packages/airflow/example_dags/example_trigger_target_dag.py
[2024-01-30T19:03:38.561+0000] {logging_mixin.py:120} INFO - [2024-01-30T19:03:38.560+0000] {dag.py:2585} INFO - Sync 1 DAGs
[2024-01-30T19:03:38.601+0000] {logging_mixin.py:120} INFO - [2024-01-30T19:03:38.601+0000] {dag.py:3340} INFO - Setting next_dagrun for example_trigger_target_dag to None, run_after=None
[2024-01-30T19:03:38.630+0000] {processor.py:176} INFO - Processing /home/airflow/.local/lib/python3.7/site-packages/airflow/example_dags/example_trigger_target_dag.py took 0.205 seconds
[2024-01-30T19:04:09.427+0000] {processor.py:154} INFO - Started process (PID=1873) to work on /home/airflow/.local/lib/python3.7/site-packages/airflow/example_dags/example_trigger_target_dag.py
[2024-01-30T19:04:09.430+0000] {processor.py:756} INFO - Processing file /home/airflow/.local/lib/python3.7/site-packages/airflow/example_dags/example_trigger_target_dag.py for tasks to queue
[2024-01-30T19:04:09.431+0000] {logging_mixin.py:120} INFO - [2024-01-30T19:04:09.431+0000] {dagbag.py:537} INFO - Filling up the DagBag from /home/airflow/.local/lib/python3.7/site-packages/airflow/example_dags/example_trigger_target_dag.py
[2024-01-30T19:04:09.470+0000] {processor.py:766} INFO - DAG(s) dict_keys(['example_trigger_target_dag']) retrieved from /home/airflow/.local/lib/python3.7/site-packages/airflow/example_dags/example_trigger_target_dag.py
[2024-01-30T19:04:09.550+0000] {logging_mixin.py:120} INFO - [2024-01-30T19:04:09.549+0000] {dag.py:2585} INFO - Sync 1 DAGs
[2024-01-30T19:04:09.588+0000] {logging_mixin.py:120} INFO - [2024-01-30T19:04:09.587+0000] {dag.py:3340} INFO - Setting next_dagrun for example_trigger_target_dag to None, run_after=None
[2024-01-30T19:04:09.614+0000] {processor.py:176} INFO - Processing /home/airflow/.local/lib/python3.7/site-packages/airflow/example_dags/example_trigger_target_dag.py took 0.196 seconds
[2024-01-30T19:04:39.793+0000] {processor.py:154} INFO - Started process (PID=1937) to work on /home/airflow/.local/lib/python3.7/site-packages/airflow/example_dags/example_trigger_target_dag.py
[2024-01-30T19:04:39.794+0000] {processor.py:756} INFO - Processing file /home/airflow/.local/lib/python3.7/site-packages/airflow/example_dags/example_trigger_target_dag.py for tasks to queue
[2024-01-30T19:04:39.796+0000] {logging_mixin.py:120} INFO - [2024-01-30T19:04:39.795+0000] {dagbag.py:537} INFO - Filling up the DagBag from /home/airflow/.local/lib/python3.7/site-packages/airflow/example_dags/example_trigger_target_dag.py
[2024-01-30T19:04:39.831+0000] {processor.py:766} INFO - DAG(s) dict_keys(['example_trigger_target_dag']) retrieved from /home/airflow/.local/lib/python3.7/site-packages/airflow/example_dags/example_trigger_target_dag.py
[2024-01-30T19:04:39.911+0000] {logging_mixin.py:120} INFO - [2024-01-30T19:04:39.911+0000] {dag.py:2585} INFO - Sync 1 DAGs
[2024-01-30T19:04:39.997+0000] {logging_mixin.py:120} INFO - [2024-01-30T19:04:39.996+0000] {dag.py:3340} INFO - Setting next_dagrun for example_trigger_target_dag to None, run_after=None
[2024-01-30T19:04:40.040+0000] {processor.py:176} INFO - Processing /home/airflow/.local/lib/python3.7/site-packages/airflow/example_dags/example_trigger_target_dag.py took 0.254 seconds
[2024-01-30T19:05:10.200+0000] {processor.py:154} INFO - Started process (PID=2001) to work on /home/airflow/.local/lib/python3.7/site-packages/airflow/example_dags/example_trigger_target_dag.py
[2024-01-30T19:05:10.202+0000] {processor.py:756} INFO - Processing file /home/airflow/.local/lib/python3.7/site-packages/airflow/example_dags/example_trigger_target_dag.py for tasks to queue
[2024-01-30T19:05:10.204+0000] {logging_mixin.py:120} INFO - [2024-01-30T19:05:10.203+0000] {dagbag.py:537} INFO - Filling up the DagBag from /home/airflow/.local/lib/python3.7/site-packages/airflow/example_dags/example_trigger_target_dag.py
[2024-01-30T19:05:10.239+0000] {processor.py:766} INFO - DAG(s) dict_keys(['example_trigger_target_dag']) retrieved from /home/airflow/.local/lib/python3.7/site-packages/airflow/example_dags/example_trigger_target_dag.py
[2024-01-30T19:05:10.302+0000] {logging_mixin.py:120} INFO - [2024-01-30T19:05:10.301+0000] {dag.py:2585} INFO - Sync 1 DAGs
[2024-01-30T19:05:10.336+0000] {logging_mixin.py:120} INFO - [2024-01-30T19:05:10.336+0000] {dag.py:3340} INFO - Setting next_dagrun for example_trigger_target_dag to None, run_after=None
[2024-01-30T19:05:10.363+0000] {processor.py:176} INFO - Processing /home/airflow/.local/lib/python3.7/site-packages/airflow/example_dags/example_trigger_target_dag.py took 0.167 seconds
[2024-01-30T19:05:40.606+0000] {processor.py:154} INFO - Started process (PID=2057) to work on /home/airflow/.local/lib/python3.7/site-packages/airflow/example_dags/example_trigger_target_dag.py
[2024-01-30T19:05:40.608+0000] {processor.py:756} INFO - Processing file /home/airflow/.local/lib/python3.7/site-packages/airflow/example_dags/example_trigger_target_dag.py for tasks to queue
[2024-01-30T19:05:40.610+0000] {logging_mixin.py:120} INFO - [2024-01-30T19:05:40.609+0000] {dagbag.py:537} INFO - Filling up the DagBag from /home/airflow/.local/lib/python3.7/site-packages/airflow/example_dags/example_trigger_target_dag.py
[2024-01-30T19:05:40.660+0000] {processor.py:766} INFO - DAG(s) dict_keys(['example_trigger_target_dag']) retrieved from /home/airflow/.local/lib/python3.7/site-packages/airflow/example_dags/example_trigger_target_dag.py
[2024-01-30T19:05:40.736+0000] {logging_mixin.py:120} INFO - [2024-01-30T19:05:40.736+0000] {dag.py:2585} INFO - Sync 1 DAGs
[2024-01-30T19:05:40.784+0000] {logging_mixin.py:120} INFO - [2024-01-30T19:05:40.784+0000] {dag.py:3340} INFO - Setting next_dagrun for example_trigger_target_dag to None, run_after=None
[2024-01-30T19:05:40.812+0000] {processor.py:176} INFO - Processing /home/airflow/.local/lib/python3.7/site-packages/airflow/example_dags/example_trigger_target_dag.py took 0.213 seconds
[2024-01-30T19:06:11.316+0000] {processor.py:154} INFO - Started process (PID=2121) to work on /home/airflow/.local/lib/python3.7/site-packages/airflow/example_dags/example_trigger_target_dag.py
[2024-01-30T19:06:11.323+0000] {processor.py:756} INFO - Processing file /home/airflow/.local/lib/python3.7/site-packages/airflow/example_dags/example_trigger_target_dag.py for tasks to queue
[2024-01-30T19:06:11.326+0000] {logging_mixin.py:120} INFO - [2024-01-30T19:06:11.325+0000] {dagbag.py:537} INFO - Filling up the DagBag from /home/airflow/.local/lib/python3.7/site-packages/airflow/example_dags/example_trigger_target_dag.py
[2024-01-30T19:06:11.376+0000] {processor.py:766} INFO - DAG(s) dict_keys(['example_trigger_target_dag']) retrieved from /home/airflow/.local/lib/python3.7/site-packages/airflow/example_dags/example_trigger_target_dag.py
[2024-01-30T19:06:11.450+0000] {logging_mixin.py:120} INFO - [2024-01-30T19:06:11.450+0000] {dag.py:2585} INFO - Sync 1 DAGs
[2024-01-30T19:06:11.498+0000] {logging_mixin.py:120} INFO - [2024-01-30T19:06:11.498+0000] {dag.py:3340} INFO - Setting next_dagrun for example_trigger_target_dag to None, run_after=None
[2024-01-30T19:06:11.528+0000] {processor.py:176} INFO - Processing /home/airflow/.local/lib/python3.7/site-packages/airflow/example_dags/example_trigger_target_dag.py took 0.223 seconds
[2024-01-30T19:06:41.671+0000] {processor.py:154} INFO - Started process (PID=2178) to work on /home/airflow/.local/lib/python3.7/site-packages/airflow/example_dags/example_trigger_target_dag.py
[2024-01-30T19:06:41.673+0000] {processor.py:756} INFO - Processing file /home/airflow/.local/lib/python3.7/site-packages/airflow/example_dags/example_trigger_target_dag.py for tasks to queue
[2024-01-30T19:06:41.675+0000] {logging_mixin.py:120} INFO - [2024-01-30T19:06:41.675+0000] {dagbag.py:537} INFO - Filling up the DagBag from /home/airflow/.local/lib/python3.7/site-packages/airflow/example_dags/example_trigger_target_dag.py
[2024-01-30T19:06:41.726+0000] {processor.py:766} INFO - DAG(s) dict_keys(['example_trigger_target_dag']) retrieved from /home/airflow/.local/lib/python3.7/site-packages/airflow/example_dags/example_trigger_target_dag.py
[2024-01-30T19:06:41.795+0000] {logging_mixin.py:120} INFO - [2024-01-30T19:06:41.795+0000] {dag.py:2585} INFO - Sync 1 DAGs
[2024-01-30T19:06:41.840+0000] {logging_mixin.py:120} INFO - [2024-01-30T19:06:41.840+0000] {dag.py:3340} INFO - Setting next_dagrun for example_trigger_target_dag to None, run_after=None
[2024-01-30T19:06:41.874+0000] {processor.py:176} INFO - Processing /home/airflow/.local/lib/python3.7/site-packages/airflow/example_dags/example_trigger_target_dag.py took 0.212 seconds
[2024-01-30T19:07:12.134+0000] {processor.py:154} INFO - Started process (PID=2242) to work on /home/airflow/.local/lib/python3.7/site-packages/airflow/example_dags/example_trigger_target_dag.py
[2024-01-30T19:07:12.136+0000] {processor.py:756} INFO - Processing file /home/airflow/.local/lib/python3.7/site-packages/airflow/example_dags/example_trigger_target_dag.py for tasks to queue
[2024-01-30T19:07:12.140+0000] {logging_mixin.py:120} INFO - [2024-01-30T19:07:12.140+0000] {dagbag.py:537} INFO - Filling up the DagBag from /home/airflow/.local/lib/python3.7/site-packages/airflow/example_dags/example_trigger_target_dag.py
[2024-01-30T19:07:12.182+0000] {processor.py:766} INFO - DAG(s) dict_keys(['example_trigger_target_dag']) retrieved from /home/airflow/.local/lib/python3.7/site-packages/airflow/example_dags/example_trigger_target_dag.py
[2024-01-30T19:07:12.255+0000] {logging_mixin.py:120} INFO - [2024-01-30T19:07:12.254+0000] {dag.py:2585} INFO - Sync 1 DAGs
[2024-01-30T19:07:12.301+0000] {logging_mixin.py:120} INFO - [2024-01-30T19:07:12.301+0000] {dag.py:3340} INFO - Setting next_dagrun for example_trigger_target_dag to None, run_after=None
[2024-01-30T19:07:12.337+0000] {processor.py:176} INFO - Processing /home/airflow/.local/lib/python3.7/site-packages/airflow/example_dags/example_trigger_target_dag.py took 0.209 seconds
[2024-01-30T19:07:42.447+0000] {processor.py:154} INFO - Started process (PID=2305) to work on /home/airflow/.local/lib/python3.7/site-packages/airflow/example_dags/example_trigger_target_dag.py
[2024-01-30T19:07:42.448+0000] {processor.py:756} INFO - Processing file /home/airflow/.local/lib/python3.7/site-packages/airflow/example_dags/example_trigger_target_dag.py for tasks to queue
[2024-01-30T19:07:42.449+0000] {logging_mixin.py:120} INFO - [2024-01-30T19:07:42.449+0000] {dagbag.py:537} INFO - Filling up the DagBag from /home/airflow/.local/lib/python3.7/site-packages/airflow/example_dags/example_trigger_target_dag.py
[2024-01-30T19:07:42.485+0000] {processor.py:766} INFO - DAG(s) dict_keys(['example_trigger_target_dag']) retrieved from /home/airflow/.local/lib/python3.7/site-packages/airflow/example_dags/example_trigger_target_dag.py
[2024-01-30T19:07:42.563+0000] {logging_mixin.py:120} INFO - [2024-01-30T19:07:42.563+0000] {dag.py:2585} INFO - Sync 1 DAGs
[2024-01-30T19:07:42.622+0000] {logging_mixin.py:120} INFO - [2024-01-30T19:07:42.621+0000] {dag.py:3340} INFO - Setting next_dagrun for example_trigger_target_dag to None, run_after=None
[2024-01-30T19:07:42.666+0000] {processor.py:176} INFO - Processing /home/airflow/.local/lib/python3.7/site-packages/airflow/example_dags/example_trigger_target_dag.py took 0.224 seconds
[2024-01-30T19:08:13.058+0000] {processor.py:154} INFO - Started process (PID=2360) to work on /home/airflow/.local/lib/python3.7/site-packages/airflow/example_dags/example_trigger_target_dag.py
[2024-01-30T19:08:13.060+0000] {processor.py:756} INFO - Processing file /home/airflow/.local/lib/python3.7/site-packages/airflow/example_dags/example_trigger_target_dag.py for tasks to queue
[2024-01-30T19:08:13.062+0000] {logging_mixin.py:120} INFO - [2024-01-30T19:08:13.061+0000] {dagbag.py:537} INFO - Filling up the DagBag from /home/airflow/.local/lib/python3.7/site-packages/airflow/example_dags/example_trigger_target_dag.py
[2024-01-30T19:08:13.108+0000] {processor.py:766} INFO - DAG(s) dict_keys(['example_trigger_target_dag']) retrieved from /home/airflow/.local/lib/python3.7/site-packages/airflow/example_dags/example_trigger_target_dag.py
[2024-01-30T19:08:13.193+0000] {logging_mixin.py:120} INFO - [2024-01-30T19:08:13.193+0000] {dag.py:2585} INFO - Sync 1 DAGs
[2024-01-30T19:08:13.247+0000] {logging_mixin.py:120} INFO - [2024-01-30T19:08:13.246+0000] {dag.py:3340} INFO - Setting next_dagrun for example_trigger_target_dag to None, run_after=None
[2024-01-30T19:08:13.284+0000] {processor.py:176} INFO - Processing /home/airflow/.local/lib/python3.7/site-packages/airflow/example_dags/example_trigger_target_dag.py took 0.233 seconds
[2024-01-30T19:08:44.080+0000] {processor.py:154} INFO - Started process (PID=2426) to work on /home/airflow/.local/lib/python3.7/site-packages/airflow/example_dags/example_trigger_target_dag.py
[2024-01-30T19:08:44.082+0000] {processor.py:756} INFO - Processing file /home/airflow/.local/lib/python3.7/site-packages/airflow/example_dags/example_trigger_target_dag.py for tasks to queue
[2024-01-30T19:08:44.083+0000] {logging_mixin.py:120} INFO - [2024-01-30T19:08:44.083+0000] {dagbag.py:537} INFO - Filling up the DagBag from /home/airflow/.local/lib/python3.7/site-packages/airflow/example_dags/example_trigger_target_dag.py
[2024-01-30T19:08:44.116+0000] {processor.py:766} INFO - DAG(s) dict_keys(['example_trigger_target_dag']) retrieved from /home/airflow/.local/lib/python3.7/site-packages/airflow/example_dags/example_trigger_target_dag.py
[2024-01-30T19:08:44.184+0000] {logging_mixin.py:120} INFO - [2024-01-30T19:08:44.184+0000] {dag.py:2585} INFO - Sync 1 DAGs
[2024-01-30T19:08:44.222+0000] {logging_mixin.py:120} INFO - [2024-01-30T19:08:44.222+0000] {dag.py:3340} INFO - Setting next_dagrun for example_trigger_target_dag to None, run_after=None
[2024-01-30T19:08:44.250+0000] {processor.py:176} INFO - Processing /home/airflow/.local/lib/python3.7/site-packages/airflow/example_dags/example_trigger_target_dag.py took 0.175 seconds
[2024-01-30T19:09:14.914+0000] {processor.py:154} INFO - Started process (PID=2482) to work on /home/airflow/.local/lib/python3.7/site-packages/airflow/example_dags/example_trigger_target_dag.py
[2024-01-30T19:09:14.916+0000] {processor.py:756} INFO - Processing file /home/airflow/.local/lib/python3.7/site-packages/airflow/example_dags/example_trigger_target_dag.py for tasks to queue
[2024-01-30T19:09:14.920+0000] {logging_mixin.py:120} INFO - [2024-01-30T19:09:14.919+0000] {dagbag.py:537} INFO - Filling up the DagBag from /home/airflow/.local/lib/python3.7/site-packages/airflow/example_dags/example_trigger_target_dag.py
[2024-01-30T19:09:14.959+0000] {processor.py:766} INFO - DAG(s) dict_keys(['example_trigger_target_dag']) retrieved from /home/airflow/.local/lib/python3.7/site-packages/airflow/example_dags/example_trigger_target_dag.py
[2024-01-30T19:09:15.042+0000] {logging_mixin.py:120} INFO - [2024-01-30T19:09:15.042+0000] {dag.py:2585} INFO - Sync 1 DAGs
[2024-01-30T19:09:15.088+0000] {logging_mixin.py:120} INFO - [2024-01-30T19:09:15.088+0000] {dag.py:3340} INFO - Setting next_dagrun for example_trigger_target_dag to None, run_after=None
[2024-01-30T19:09:15.116+0000] {processor.py:176} INFO - Processing /home/airflow/.local/lib/python3.7/site-packages/airflow/example_dags/example_trigger_target_dag.py took 0.208 seconds
[2024-01-30T19:09:45.662+0000] {processor.py:154} INFO - Started process (PID=2551) to work on /home/airflow/.local/lib/python3.7/site-packages/airflow/example_dags/example_trigger_target_dag.py
[2024-01-30T19:09:45.663+0000] {processor.py:756} INFO - Processing file /home/airflow/.local/lib/python3.7/site-packages/airflow/example_dags/example_trigger_target_dag.py for tasks to queue
[2024-01-30T19:09:45.665+0000] {logging_mixin.py:120} INFO - [2024-01-30T19:09:45.665+0000] {dagbag.py:537} INFO - Filling up the DagBag from /home/airflow/.local/lib/python3.7/site-packages/airflow/example_dags/example_trigger_target_dag.py
[2024-01-30T19:09:45.719+0000] {processor.py:766} INFO - DAG(s) dict_keys(['example_trigger_target_dag']) retrieved from /home/airflow/.local/lib/python3.7/site-packages/airflow/example_dags/example_trigger_target_dag.py
[2024-01-30T19:09:45.819+0000] {logging_mixin.py:120} INFO - [2024-01-30T19:09:45.818+0000] {dag.py:2585} INFO - Sync 1 DAGs
[2024-01-30T19:09:45.868+0000] {logging_mixin.py:120} INFO - [2024-01-30T19:09:45.868+0000] {dag.py:3340} INFO - Setting next_dagrun for example_trigger_target_dag to None, run_after=None
[2024-01-30T19:09:45.901+0000] {processor.py:176} INFO - Processing /home/airflow/.local/lib/python3.7/site-packages/airflow/example_dags/example_trigger_target_dag.py took 0.244 seconds
[2024-01-30T19:10:16.314+0000] {processor.py:154} INFO - Started process (PID=2615) to work on /home/airflow/.local/lib/python3.7/site-packages/airflow/example_dags/example_trigger_target_dag.py
[2024-01-30T19:10:16.316+0000] {processor.py:756} INFO - Processing file /home/airflow/.local/lib/python3.7/site-packages/airflow/example_dags/example_trigger_target_dag.py for tasks to queue
[2024-01-30T19:10:16.318+0000] {logging_mixin.py:120} INFO - [2024-01-30T19:10:16.318+0000] {dagbag.py:537} INFO - Filling up the DagBag from /home/airflow/.local/lib/python3.7/site-packages/airflow/example_dags/example_trigger_target_dag.py
[2024-01-30T19:10:16.355+0000] {processor.py:766} INFO - DAG(s) dict_keys(['example_trigger_target_dag']) retrieved from /home/airflow/.local/lib/python3.7/site-packages/airflow/example_dags/example_trigger_target_dag.py
[2024-01-30T19:10:16.419+0000] {logging_mixin.py:120} INFO - [2024-01-30T19:10:16.419+0000] {dag.py:2585} INFO - Sync 1 DAGs
[2024-01-30T19:10:16.451+0000] {logging_mixin.py:120} INFO - [2024-01-30T19:10:16.451+0000] {dag.py:3340} INFO - Setting next_dagrun for example_trigger_target_dag to None, run_after=None
[2024-01-30T19:10:16.476+0000] {processor.py:176} INFO - Processing /home/airflow/.local/lib/python3.7/site-packages/airflow/example_dags/example_trigger_target_dag.py took 0.167 seconds
[2024-01-30T19:10:46.930+0000] {processor.py:154} INFO - Started process (PID=2671) to work on /home/airflow/.local/lib/python3.7/site-packages/airflow/example_dags/example_trigger_target_dag.py
[2024-01-30T19:10:46.931+0000] {processor.py:756} INFO - Processing file /home/airflow/.local/lib/python3.7/site-packages/airflow/example_dags/example_trigger_target_dag.py for tasks to queue
[2024-01-30T19:10:46.933+0000] {logging_mixin.py:120} INFO - [2024-01-30T19:10:46.933+0000] {dagbag.py:537} INFO - Filling up the DagBag from /home/airflow/.local/lib/python3.7/site-packages/airflow/example_dags/example_trigger_target_dag.py
[2024-01-30T19:10:46.967+0000] {processor.py:766} INFO - DAG(s) dict_keys(['example_trigger_target_dag']) retrieved from /home/airflow/.local/lib/python3.7/site-packages/airflow/example_dags/example_trigger_target_dag.py
[2024-01-30T19:10:47.028+0000] {logging_mixin.py:120} INFO - [2024-01-30T19:10:47.028+0000] {dag.py:2585} INFO - Sync 1 DAGs
[2024-01-30T19:10:47.070+0000] {logging_mixin.py:120} INFO - [2024-01-30T19:10:47.070+0000] {dag.py:3340} INFO - Setting next_dagrun for example_trigger_target_dag to None, run_after=None
[2024-01-30T19:10:47.096+0000] {processor.py:176} INFO - Processing /home/airflow/.local/lib/python3.7/site-packages/airflow/example_dags/example_trigger_target_dag.py took 0.171 seconds
[2024-01-30T19:11:17.437+0000] {processor.py:154} INFO - Started process (PID=2736) to work on /home/airflow/.local/lib/python3.7/site-packages/airflow/example_dags/example_trigger_target_dag.py
[2024-01-30T19:11:17.439+0000] {processor.py:756} INFO - Processing file /home/airflow/.local/lib/python3.7/site-packages/airflow/example_dags/example_trigger_target_dag.py for tasks to queue
[2024-01-30T19:11:17.441+0000] {logging_mixin.py:120} INFO - [2024-01-30T19:11:17.440+0000] {dagbag.py:537} INFO - Filling up the DagBag from /home/airflow/.local/lib/python3.7/site-packages/airflow/example_dags/example_trigger_target_dag.py
[2024-01-30T19:11:17.477+0000] {processor.py:766} INFO - DAG(s) dict_keys(['example_trigger_target_dag']) retrieved from /home/airflow/.local/lib/python3.7/site-packages/airflow/example_dags/example_trigger_target_dag.py
[2024-01-30T19:11:17.547+0000] {logging_mixin.py:120} INFO - [2024-01-30T19:11:17.547+0000] {dag.py:2585} INFO - Sync 1 DAGs
[2024-01-30T19:11:17.589+0000] {logging_mixin.py:120} INFO - [2024-01-30T19:11:17.589+0000] {dag.py:3340} INFO - Setting next_dagrun for example_trigger_target_dag to None, run_after=None
[2024-01-30T19:11:17.617+0000] {processor.py:176} INFO - Processing /home/airflow/.local/lib/python3.7/site-packages/airflow/example_dags/example_trigger_target_dag.py took 0.189 seconds
[2024-01-30T19:11:47.754+0000] {processor.py:154} INFO - Started process (PID=2792) to work on /home/airflow/.local/lib/python3.7/site-packages/airflow/example_dags/example_trigger_target_dag.py
[2024-01-30T19:11:47.756+0000] {processor.py:756} INFO - Processing file /home/airflow/.local/lib/python3.7/site-packages/airflow/example_dags/example_trigger_target_dag.py for tasks to queue
[2024-01-30T19:11:47.758+0000] {logging_mixin.py:120} INFO - [2024-01-30T19:11:47.757+0000] {dagbag.py:537} INFO - Filling up the DagBag from /home/airflow/.local/lib/python3.7/site-packages/airflow/example_dags/example_trigger_target_dag.py
[2024-01-30T19:11:47.793+0000] {processor.py:766} INFO - DAG(s) dict_keys(['example_trigger_target_dag']) retrieved from /home/airflow/.local/lib/python3.7/site-packages/airflow/example_dags/example_trigger_target_dag.py
[2024-01-30T19:11:47.866+0000] {logging_mixin.py:120} INFO - [2024-01-30T19:11:47.866+0000] {dag.py:2585} INFO - Sync 1 DAGs
[2024-01-30T19:11:47.923+0000] {logging_mixin.py:120} INFO - [2024-01-30T19:11:47.923+0000] {dag.py:3340} INFO - Setting next_dagrun for example_trigger_target_dag to None, run_after=None
[2024-01-30T19:11:47.981+0000] {processor.py:176} INFO - Processing /home/airflow/.local/lib/python3.7/site-packages/airflow/example_dags/example_trigger_target_dag.py took 0.232 seconds
[2024-01-30T19:12:18.416+0000] {processor.py:154} INFO - Started process (PID=2859) to work on /home/airflow/.local/lib/python3.7/site-packages/airflow/example_dags/example_trigger_target_dag.py
[2024-01-30T19:12:18.418+0000] {processor.py:756} INFO - Processing file /home/airflow/.local/lib/python3.7/site-packages/airflow/example_dags/example_trigger_target_dag.py for tasks to queue
[2024-01-30T19:12:18.420+0000] {logging_mixin.py:120} INFO - [2024-01-30T19:12:18.420+0000] {dagbag.py:537} INFO - Filling up the DagBag from /home/airflow/.local/lib/python3.7/site-packages/airflow/example_dags/example_trigger_target_dag.py
[2024-01-30T19:12:18.486+0000] {processor.py:766} INFO - DAG(s) dict_keys(['example_trigger_target_dag']) retrieved from /home/airflow/.local/lib/python3.7/site-packages/airflow/example_dags/example_trigger_target_dag.py
[2024-01-30T19:12:18.589+0000] {logging_mixin.py:120} INFO - [2024-01-30T19:12:18.589+0000] {dag.py:2585} INFO - Sync 1 DAGs
[2024-01-30T19:12:18.646+0000] {logging_mixin.py:120} INFO - [2024-01-30T19:12:18.645+0000] {dag.py:3340} INFO - Setting next_dagrun for example_trigger_target_dag to None, run_after=None
[2024-01-30T19:12:18.685+0000] {processor.py:176} INFO - Processing /home/airflow/.local/lib/python3.7/site-packages/airflow/example_dags/example_trigger_target_dag.py took 0.291 seconds
[2024-01-30T19:12:48.770+0000] {processor.py:154} INFO - Started process (PID=2924) to work on /home/airflow/.local/lib/python3.7/site-packages/airflow/example_dags/example_trigger_target_dag.py
[2024-01-30T19:12:48.772+0000] {processor.py:756} INFO - Processing file /home/airflow/.local/lib/python3.7/site-packages/airflow/example_dags/example_trigger_target_dag.py for tasks to queue
[2024-01-30T19:12:48.773+0000] {logging_mixin.py:120} INFO - [2024-01-30T19:12:48.773+0000] {dagbag.py:537} INFO - Filling up the DagBag from /home/airflow/.local/lib/python3.7/site-packages/airflow/example_dags/example_trigger_target_dag.py
[2024-01-30T19:12:48.806+0000] {processor.py:766} INFO - DAG(s) dict_keys(['example_trigger_target_dag']) retrieved from /home/airflow/.local/lib/python3.7/site-packages/airflow/example_dags/example_trigger_target_dag.py
[2024-01-30T19:12:48.857+0000] {logging_mixin.py:120} INFO - [2024-01-30T19:12:48.857+0000] {dag.py:2585} INFO - Sync 1 DAGs
[2024-01-30T19:12:48.894+0000] {logging_mixin.py:120} INFO - [2024-01-30T19:12:48.894+0000] {dag.py:3340} INFO - Setting next_dagrun for example_trigger_target_dag to None, run_after=None
[2024-01-30T19:12:48.921+0000] {processor.py:176} INFO - Processing /home/airflow/.local/lib/python3.7/site-packages/airflow/example_dags/example_trigger_target_dag.py took 0.156 seconds
[2024-01-30T19:13:19.495+0000] {processor.py:154} INFO - Started process (PID=2980) to work on /home/airflow/.local/lib/python3.7/site-packages/airflow/example_dags/example_trigger_target_dag.py
[2024-01-30T19:13:19.496+0000] {processor.py:756} INFO - Processing file /home/airflow/.local/lib/python3.7/site-packages/airflow/example_dags/example_trigger_target_dag.py for tasks to queue
[2024-01-30T19:13:19.498+0000] {logging_mixin.py:120} INFO - [2024-01-30T19:13:19.498+0000] {dagbag.py:537} INFO - Filling up the DagBag from /home/airflow/.local/lib/python3.7/site-packages/airflow/example_dags/example_trigger_target_dag.py
[2024-01-30T19:13:19.539+0000] {processor.py:766} INFO - DAG(s) dict_keys(['example_trigger_target_dag']) retrieved from /home/airflow/.local/lib/python3.7/site-packages/airflow/example_dags/example_trigger_target_dag.py
[2024-01-30T19:13:19.611+0000] {logging_mixin.py:120} INFO - [2024-01-30T19:13:19.610+0000] {dag.py:2585} INFO - Sync 1 DAGs
[2024-01-30T19:13:19.662+0000] {logging_mixin.py:120} INFO - [2024-01-30T19:13:19.662+0000] {dag.py:3340} INFO - Setting next_dagrun for example_trigger_target_dag to None, run_after=None
[2024-01-30T19:13:19.699+0000] {processor.py:176} INFO - Processing /home/airflow/.local/lib/python3.7/site-packages/airflow/example_dags/example_trigger_target_dag.py took 0.209 seconds
[2024-01-30T19:13:49.835+0000] {processor.py:154} INFO - Started process (PID=3045) to work on /home/airflow/.local/lib/python3.7/site-packages/airflow/example_dags/example_trigger_target_dag.py
[2024-01-30T19:13:49.837+0000] {processor.py:756} INFO - Processing file /home/airflow/.local/lib/python3.7/site-packages/airflow/example_dags/example_trigger_target_dag.py for tasks to queue
[2024-01-30T19:13:49.838+0000] {logging_mixin.py:120} INFO - [2024-01-30T19:13:49.838+0000] {dagbag.py:537} INFO - Filling up the DagBag from /home/airflow/.local/lib/python3.7/site-packages/airflow/example_dags/example_trigger_target_dag.py
[2024-01-30T19:13:49.875+0000] {processor.py:766} INFO - DAG(s) dict_keys(['example_trigger_target_dag']) retrieved from /home/airflow/.local/lib/python3.7/site-packages/airflow/example_dags/example_trigger_target_dag.py
[2024-01-30T19:13:49.946+0000] {logging_mixin.py:120} INFO - [2024-01-30T19:13:49.946+0000] {dag.py:2585} INFO - Sync 1 DAGs
[2024-01-30T19:13:49.989+0000] {logging_mixin.py:120} INFO - [2024-01-30T19:13:49.989+0000] {dag.py:3340} INFO - Setting next_dagrun for example_trigger_target_dag to None, run_after=None
[2024-01-30T19:13:50.021+0000] {processor.py:176} INFO - Processing /home/airflow/.local/lib/python3.7/site-packages/airflow/example_dags/example_trigger_target_dag.py took 0.191 seconds
[2024-01-30T19:14:20.367+0000] {processor.py:154} INFO - Started process (PID=3112) to work on /home/airflow/.local/lib/python3.7/site-packages/airflow/example_dags/example_trigger_target_dag.py
[2024-01-30T19:14:20.369+0000] {processor.py:756} INFO - Processing file /home/airflow/.local/lib/python3.7/site-packages/airflow/example_dags/example_trigger_target_dag.py for tasks to queue
[2024-01-30T19:14:20.370+0000] {logging_mixin.py:120} INFO - [2024-01-30T19:14:20.370+0000] {dagbag.py:537} INFO - Filling up the DagBag from /home/airflow/.local/lib/python3.7/site-packages/airflow/example_dags/example_trigger_target_dag.py
[2024-01-30T19:14:20.401+0000] {processor.py:766} INFO - DAG(s) dict_keys(['example_trigger_target_dag']) retrieved from /home/airflow/.local/lib/python3.7/site-packages/airflow/example_dags/example_trigger_target_dag.py
[2024-01-30T19:14:20.453+0000] {logging_mixin.py:120} INFO - [2024-01-30T19:14:20.453+0000] {dag.py:2585} INFO - Sync 1 DAGs
[2024-01-30T19:14:20.487+0000] {logging_mixin.py:120} INFO - [2024-01-30T19:14:20.487+0000] {dag.py:3340} INFO - Setting next_dagrun for example_trigger_target_dag to None, run_after=None
[2024-01-30T19:14:20.512+0000] {processor.py:176} INFO - Processing /home/airflow/.local/lib/python3.7/site-packages/airflow/example_dags/example_trigger_target_dag.py took 0.151 seconds
[2024-01-30T19:14:50.584+0000] {processor.py:154} INFO - Started process (PID=3168) to work on /home/airflow/.local/lib/python3.7/site-packages/airflow/example_dags/example_trigger_target_dag.py
[2024-01-30T19:14:50.585+0000] {processor.py:756} INFO - Processing file /home/airflow/.local/lib/python3.7/site-packages/airflow/example_dags/example_trigger_target_dag.py for tasks to queue
[2024-01-30T19:14:50.586+0000] {logging_mixin.py:120} INFO - [2024-01-30T19:14:50.586+0000] {dagbag.py:537} INFO - Filling up the DagBag from /home/airflow/.local/lib/python3.7/site-packages/airflow/example_dags/example_trigger_target_dag.py
[2024-01-30T19:14:50.612+0000] {processor.py:766} INFO - DAG(s) dict_keys(['example_trigger_target_dag']) retrieved from /home/airflow/.local/lib/python3.7/site-packages/airflow/example_dags/example_trigger_target_dag.py
[2024-01-30T19:14:50.659+0000] {logging_mixin.py:120} INFO - [2024-01-30T19:14:50.659+0000] {dag.py:2585} INFO - Sync 1 DAGs
[2024-01-30T19:14:50.688+0000] {logging_mixin.py:120} INFO - [2024-01-30T19:14:50.688+0000] {dag.py:3340} INFO - Setting next_dagrun for example_trigger_target_dag to None, run_after=None
[2024-01-30T19:14:50.712+0000] {processor.py:176} INFO - Processing /home/airflow/.local/lib/python3.7/site-packages/airflow/example_dags/example_trigger_target_dag.py took 0.133 seconds
[2024-01-30T19:15:21.550+0000] {processor.py:154} INFO - Started process (PID=3233) to work on /home/airflow/.local/lib/python3.7/site-packages/airflow/example_dags/example_trigger_target_dag.py
[2024-01-30T19:15:21.551+0000] {processor.py:756} INFO - Processing file /home/airflow/.local/lib/python3.7/site-packages/airflow/example_dags/example_trigger_target_dag.py for tasks to queue
[2024-01-30T19:15:21.552+0000] {logging_mixin.py:120} INFO - [2024-01-30T19:15:21.552+0000] {dagbag.py:537} INFO - Filling up the DagBag from /home/airflow/.local/lib/python3.7/site-packages/airflow/example_dags/example_trigger_target_dag.py
[2024-01-30T19:15:21.582+0000] {processor.py:766} INFO - DAG(s) dict_keys(['example_trigger_target_dag']) retrieved from /home/airflow/.local/lib/python3.7/site-packages/airflow/example_dags/example_trigger_target_dag.py
[2024-01-30T19:15:21.658+0000] {logging_mixin.py:120} INFO - [2024-01-30T19:15:21.658+0000] {dag.py:2585} INFO - Sync 1 DAGs
[2024-01-30T19:15:21.698+0000] {logging_mixin.py:120} INFO - [2024-01-30T19:15:21.698+0000] {dag.py:3340} INFO - Setting next_dagrun for example_trigger_target_dag to None, run_after=None
[2024-01-30T19:15:21.727+0000] {processor.py:176} INFO - Processing /home/airflow/.local/lib/python3.7/site-packages/airflow/example_dags/example_trigger_target_dag.py took 0.182 seconds
[2024-01-30T19:15:51.883+0000] {processor.py:154} INFO - Started process (PID=3287) to work on /home/airflow/.local/lib/python3.7/site-packages/airflow/example_dags/example_trigger_target_dag.py
[2024-01-30T19:15:51.884+0000] {processor.py:756} INFO - Processing file /home/airflow/.local/lib/python3.7/site-packages/airflow/example_dags/example_trigger_target_dag.py for tasks to queue
[2024-01-30T19:15:51.886+0000] {logging_mixin.py:120} INFO - [2024-01-30T19:15:51.886+0000] {dagbag.py:537} INFO - Filling up the DagBag from /home/airflow/.local/lib/python3.7/site-packages/airflow/example_dags/example_trigger_target_dag.py
[2024-01-30T19:15:51.921+0000] {processor.py:766} INFO - DAG(s) dict_keys(['example_trigger_target_dag']) retrieved from /home/airflow/.local/lib/python3.7/site-packages/airflow/example_dags/example_trigger_target_dag.py
[2024-01-30T19:15:51.979+0000] {logging_mixin.py:120} INFO - [2024-01-30T19:15:51.979+0000] {dag.py:2585} INFO - Sync 1 DAGs
[2024-01-30T19:15:52.011+0000] {logging_mixin.py:120} INFO - [2024-01-30T19:15:52.011+0000] {dag.py:3340} INFO - Setting next_dagrun for example_trigger_target_dag to None, run_after=None
[2024-01-30T19:15:52.036+0000] {processor.py:176} INFO - Processing /home/airflow/.local/lib/python3.7/site-packages/airflow/example_dags/example_trigger_target_dag.py took 0.161 seconds
[2024-01-30T19:16:22.620+0000] {processor.py:154} INFO - Started process (PID=3351) to work on /home/airflow/.local/lib/python3.7/site-packages/airflow/example_dags/example_trigger_target_dag.py
[2024-01-30T19:16:22.621+0000] {processor.py:756} INFO - Processing file /home/airflow/.local/lib/python3.7/site-packages/airflow/example_dags/example_trigger_target_dag.py for tasks to queue
[2024-01-30T19:16:22.623+0000] {logging_mixin.py:120} INFO - [2024-01-30T19:16:22.623+0000] {dagbag.py:537} INFO - Filling up the DagBag from /home/airflow/.local/lib/python3.7/site-packages/airflow/example_dags/example_trigger_target_dag.py
[2024-01-30T19:16:22.670+0000] {processor.py:766} INFO - DAG(s) dict_keys(['example_trigger_target_dag']) retrieved from /home/airflow/.local/lib/python3.7/site-packages/airflow/example_dags/example_trigger_target_dag.py
[2024-01-30T19:16:22.758+0000] {logging_mixin.py:120} INFO - [2024-01-30T19:16:22.758+0000] {dag.py:2585} INFO - Sync 1 DAGs
[2024-01-30T19:16:22.814+0000] {logging_mixin.py:120} INFO - [2024-01-30T19:16:22.813+0000] {dag.py:3340} INFO - Setting next_dagrun for example_trigger_target_dag to None, run_after=None
[2024-01-30T19:16:22.849+0000] {processor.py:176} INFO - Processing /home/airflow/.local/lib/python3.7/site-packages/airflow/example_dags/example_trigger_target_dag.py took 0.235 seconds
[2024-01-30T19:16:53.010+0000] {processor.py:154} INFO - Started process (PID=3417) to work on /home/airflow/.local/lib/python3.7/site-packages/airflow/example_dags/example_trigger_target_dag.py
[2024-01-30T19:16:53.012+0000] {processor.py:756} INFO - Processing file /home/airflow/.local/lib/python3.7/site-packages/airflow/example_dags/example_trigger_target_dag.py for tasks to queue
[2024-01-30T19:16:53.014+0000] {logging_mixin.py:120} INFO - [2024-01-30T19:16:53.013+0000] {dagbag.py:537} INFO - Filling up the DagBag from /home/airflow/.local/lib/python3.7/site-packages/airflow/example_dags/example_trigger_target_dag.py
[2024-01-30T19:16:53.053+0000] {processor.py:766} INFO - DAG(s) dict_keys(['example_trigger_target_dag']) retrieved from /home/airflow/.local/lib/python3.7/site-packages/airflow/example_dags/example_trigger_target_dag.py
[2024-01-30T19:16:53.128+0000] {logging_mixin.py:120} INFO - [2024-01-30T19:16:53.128+0000] {dag.py:2585} INFO - Sync 1 DAGs
[2024-01-30T19:16:53.171+0000] {logging_mixin.py:120} INFO - [2024-01-30T19:16:53.171+0000] {dag.py:3340} INFO - Setting next_dagrun for example_trigger_target_dag to None, run_after=None
[2024-01-30T19:16:53.202+0000] {processor.py:176} INFO - Processing /home/airflow/.local/lib/python3.7/site-packages/airflow/example_dags/example_trigger_target_dag.py took 0.198 seconds
[2024-01-30T19:17:23.866+0000] {processor.py:154} INFO - Started process (PID=3473) to work on /home/airflow/.local/lib/python3.7/site-packages/airflow/example_dags/example_trigger_target_dag.py
[2024-01-30T19:17:23.868+0000] {processor.py:756} INFO - Processing file /home/airflow/.local/lib/python3.7/site-packages/airflow/example_dags/example_trigger_target_dag.py for tasks to queue
[2024-01-30T19:17:23.869+0000] {logging_mixin.py:120} INFO - [2024-01-30T19:17:23.869+0000] {dagbag.py:537} INFO - Filling up the DagBag from /home/airflow/.local/lib/python3.7/site-packages/airflow/example_dags/example_trigger_target_dag.py
[2024-01-30T19:17:23.900+0000] {processor.py:766} INFO - DAG(s) dict_keys(['example_trigger_target_dag']) retrieved from /home/airflow/.local/lib/python3.7/site-packages/airflow/example_dags/example_trigger_target_dag.py
[2024-01-30T19:17:23.959+0000] {logging_mixin.py:120} INFO - [2024-01-30T19:17:23.959+0000] {dag.py:2585} INFO - Sync 1 DAGs
[2024-01-30T19:17:23.996+0000] {logging_mixin.py:120} INFO - [2024-01-30T19:17:23.996+0000] {dag.py:3340} INFO - Setting next_dagrun for example_trigger_target_dag to None, run_after=None
[2024-01-30T19:17:24.025+0000] {processor.py:176} INFO - Processing /home/airflow/.local/lib/python3.7/site-packages/airflow/example_dags/example_trigger_target_dag.py took 0.164 seconds
[2024-01-30T19:17:54.470+0000] {processor.py:154} INFO - Started process (PID=3538) to work on /home/airflow/.local/lib/python3.7/site-packages/airflow/example_dags/example_trigger_target_dag.py
[2024-01-30T19:17:54.472+0000] {processor.py:756} INFO - Processing file /home/airflow/.local/lib/python3.7/site-packages/airflow/example_dags/example_trigger_target_dag.py for tasks to queue
[2024-01-30T19:17:54.473+0000] {logging_mixin.py:120} INFO - [2024-01-30T19:17:54.473+0000] {dagbag.py:537} INFO - Filling up the DagBag from /home/airflow/.local/lib/python3.7/site-packages/airflow/example_dags/example_trigger_target_dag.py
[2024-01-30T19:17:54.504+0000] {processor.py:766} INFO - DAG(s) dict_keys(['example_trigger_target_dag']) retrieved from /home/airflow/.local/lib/python3.7/site-packages/airflow/example_dags/example_trigger_target_dag.py
[2024-01-30T19:17:54.576+0000] {logging_mixin.py:120} INFO - [2024-01-30T19:17:54.576+0000] {dag.py:2585} INFO - Sync 1 DAGs
[2024-01-30T19:17:54.627+0000] {logging_mixin.py:120} INFO - [2024-01-30T19:17:54.626+0000] {dag.py:3340} INFO - Setting next_dagrun for example_trigger_target_dag to None, run_after=None
[2024-01-30T19:17:54.680+0000] {processor.py:176} INFO - Processing /home/airflow/.local/lib/python3.7/site-packages/airflow/example_dags/example_trigger_target_dag.py took 0.214 seconds
