[2024-01-30T18:48:54.124+0000] {processor.py:154} INFO - Started process (PID=59) to work on /home/airflow/.local/lib/python3.7/site-packages/airflow/example_dags/example_bash_operator.py
[2024-01-30T18:48:54.137+0000] {processor.py:756} INFO - Processing file /home/airflow/.local/lib/python3.7/site-packages/airflow/example_dags/example_bash_operator.py for tasks to queue
[2024-01-30T18:48:54.139+0000] {logging_mixin.py:120} INFO - [2024-01-30T18:48:54.139+0000] {dagbag.py:537} INFO - Filling up the DagBag from /home/airflow/.local/lib/python3.7/site-packages/airflow/example_dags/example_bash_operator.py
[2024-01-30T18:48:54.328+0000] {processor.py:766} INFO - DAG(s) dict_keys(['example_bash_operator']) retrieved from /home/airflow/.local/lib/python3.7/site-packages/airflow/example_dags/example_bash_operator.py
[2024-01-30T18:48:55.729+0000] {logging_mixin.py:120} INFO - [2024-01-30T18:48:55.729+0000] {dag.py:2585} INFO - Sync 1 DAGs
[2024-01-30T18:48:56.049+0000] {logging_mixin.py:120} INFO - [2024-01-30T18:48:56.049+0000] {dag.py:3340} INFO - Setting next_dagrun for example_bash_operator to 2024-01-29T00:00:00+00:00, run_after=2024-01-30T00:00:00+00:00
[2024-01-30T18:48:56.251+0000] {processor.py:176} INFO - Processing /home/airflow/.local/lib/python3.7/site-packages/airflow/example_dags/example_bash_operator.py took 2.164 seconds
[2024-01-30T18:49:26.970+0000] {processor.py:154} INFO - Started process (PID=115) to work on /home/airflow/.local/lib/python3.7/site-packages/airflow/example_dags/example_bash_operator.py
[2024-01-30T18:49:26.972+0000] {processor.py:756} INFO - Processing file /home/airflow/.local/lib/python3.7/site-packages/airflow/example_dags/example_bash_operator.py for tasks to queue
[2024-01-30T18:49:26.973+0000] {logging_mixin.py:120} INFO - [2024-01-30T18:49:26.973+0000] {dagbag.py:537} INFO - Filling up the DagBag from /home/airflow/.local/lib/python3.7/site-packages/airflow/example_dags/example_bash_operator.py
[2024-01-30T18:49:27.013+0000] {processor.py:766} INFO - DAG(s) dict_keys(['example_bash_operator']) retrieved from /home/airflow/.local/lib/python3.7/site-packages/airflow/example_dags/example_bash_operator.py
[2024-01-30T18:49:27.077+0000] {logging_mixin.py:120} INFO - [2024-01-30T18:49:27.077+0000] {dag.py:2585} INFO - Sync 1 DAGs
[2024-01-30T18:49:27.193+0000] {logging_mixin.py:120} INFO - [2024-01-30T18:49:27.193+0000] {dag.py:3340} INFO - Setting next_dagrun for example_bash_operator to 2024-01-29T00:00:00+00:00, run_after=2024-01-30T00:00:00+00:00
[2024-01-30T18:49:27.256+0000] {processor.py:176} INFO - Processing /home/airflow/.local/lib/python3.7/site-packages/airflow/example_dags/example_bash_operator.py took 0.289 seconds
[2024-01-30T18:49:57.872+0000] {processor.py:154} INFO - Started process (PID=171) to work on /home/airflow/.local/lib/python3.7/site-packages/airflow/example_dags/example_bash_operator.py
[2024-01-30T18:49:57.875+0000] {processor.py:756} INFO - Processing file /home/airflow/.local/lib/python3.7/site-packages/airflow/example_dags/example_bash_operator.py for tasks to queue
[2024-01-30T18:49:57.877+0000] {logging_mixin.py:120} INFO - [2024-01-30T18:49:57.877+0000] {dagbag.py:537} INFO - Filling up the DagBag from /home/airflow/.local/lib/python3.7/site-packages/airflow/example_dags/example_bash_operator.py
[2024-01-30T18:49:57.928+0000] {processor.py:766} INFO - DAG(s) dict_keys(['example_bash_operator']) retrieved from /home/airflow/.local/lib/python3.7/site-packages/airflow/example_dags/example_bash_operator.py
[2024-01-30T18:49:58.044+0000] {logging_mixin.py:120} INFO - [2024-01-30T18:49:58.044+0000] {dag.py:2585} INFO - Sync 1 DAGs
[2024-01-30T18:49:58.126+0000] {logging_mixin.py:120} INFO - [2024-01-30T18:49:58.118+0000] {dag.py:3340} INFO - Setting next_dagrun for example_bash_operator to 2024-01-29T00:00:00+00:00, run_after=2024-01-30T00:00:00+00:00
[2024-01-30T18:49:58.172+0000] {processor.py:176} INFO - Processing /home/airflow/.local/lib/python3.7/site-packages/airflow/example_dags/example_bash_operator.py took 0.306 seconds
[2024-01-30T18:50:28.223+0000] {processor.py:154} INFO - Started process (PID=234) to work on /home/airflow/.local/lib/python3.7/site-packages/airflow/example_dags/example_bash_operator.py
[2024-01-30T18:50:28.225+0000] {processor.py:756} INFO - Processing file /home/airflow/.local/lib/python3.7/site-packages/airflow/example_dags/example_bash_operator.py for tasks to queue
[2024-01-30T18:50:28.227+0000] {logging_mixin.py:120} INFO - [2024-01-30T18:50:28.226+0000] {dagbag.py:537} INFO - Filling up the DagBag from /home/airflow/.local/lib/python3.7/site-packages/airflow/example_dags/example_bash_operator.py
[2024-01-30T18:50:28.259+0000] {processor.py:766} INFO - DAG(s) dict_keys(['example_bash_operator']) retrieved from /home/airflow/.local/lib/python3.7/site-packages/airflow/example_dags/example_bash_operator.py
[2024-01-30T18:50:28.318+0000] {logging_mixin.py:120} INFO - [2024-01-30T18:50:28.317+0000] {dag.py:2585} INFO - Sync 1 DAGs
[2024-01-30T18:50:28.350+0000] {logging_mixin.py:120} INFO - [2024-01-30T18:50:28.350+0000] {dag.py:3340} INFO - Setting next_dagrun for example_bash_operator to 2024-01-29T00:00:00+00:00, run_after=2024-01-30T00:00:00+00:00
[2024-01-30T18:50:28.376+0000] {processor.py:176} INFO - Processing /home/airflow/.local/lib/python3.7/site-packages/airflow/example_dags/example_bash_operator.py took 0.158 seconds
[2024-01-30T18:50:58.466+0000] {processor.py:154} INFO - Started process (PID=295) to work on /home/airflow/.local/lib/python3.7/site-packages/airflow/example_dags/example_bash_operator.py
[2024-01-30T18:50:58.468+0000] {processor.py:756} INFO - Processing file /home/airflow/.local/lib/python3.7/site-packages/airflow/example_dags/example_bash_operator.py for tasks to queue
[2024-01-30T18:50:58.470+0000] {logging_mixin.py:120} INFO - [2024-01-30T18:50:58.470+0000] {dagbag.py:537} INFO - Filling up the DagBag from /home/airflow/.local/lib/python3.7/site-packages/airflow/example_dags/example_bash_operator.py
[2024-01-30T18:50:58.514+0000] {processor.py:766} INFO - DAG(s) dict_keys(['example_bash_operator']) retrieved from /home/airflow/.local/lib/python3.7/site-packages/airflow/example_dags/example_bash_operator.py
[2024-01-30T18:50:58.604+0000] {logging_mixin.py:120} INFO - [2024-01-30T18:50:58.604+0000] {dag.py:2585} INFO - Sync 1 DAGs
[2024-01-30T18:50:58.654+0000] {logging_mixin.py:120} INFO - [2024-01-30T18:50:58.653+0000] {dag.py:3340} INFO - Setting next_dagrun for example_bash_operator to 2024-01-29T00:00:00+00:00, run_after=2024-01-30T00:00:00+00:00
[2024-01-30T18:50:58.695+0000] {processor.py:176} INFO - Processing /home/airflow/.local/lib/python3.7/site-packages/airflow/example_dags/example_bash_operator.py took 0.235 seconds
[2024-01-30T18:51:29.494+0000] {processor.py:154} INFO - Started process (PID=353) to work on /home/airflow/.local/lib/python3.7/site-packages/airflow/example_dags/example_bash_operator.py
[2024-01-30T18:51:29.496+0000] {processor.py:756} INFO - Processing file /home/airflow/.local/lib/python3.7/site-packages/airflow/example_dags/example_bash_operator.py for tasks to queue
[2024-01-30T18:51:29.498+0000] {logging_mixin.py:120} INFO - [2024-01-30T18:51:29.498+0000] {dagbag.py:537} INFO - Filling up the DagBag from /home/airflow/.local/lib/python3.7/site-packages/airflow/example_dags/example_bash_operator.py
[2024-01-30T18:51:29.558+0000] {processor.py:766} INFO - DAG(s) dict_keys(['example_bash_operator']) retrieved from /home/airflow/.local/lib/python3.7/site-packages/airflow/example_dags/example_bash_operator.py
[2024-01-30T18:51:29.676+0000] {logging_mixin.py:120} INFO - [2024-01-30T18:51:29.676+0000] {dag.py:2585} INFO - Sync 1 DAGs
[2024-01-30T18:51:29.720+0000] {logging_mixin.py:120} INFO - [2024-01-30T18:51:29.720+0000] {dag.py:3340} INFO - Setting next_dagrun for example_bash_operator to 2024-01-29T00:00:00+00:00, run_after=2024-01-30T00:00:00+00:00
[2024-01-30T18:51:29.752+0000] {processor.py:176} INFO - Processing /home/airflow/.local/lib/python3.7/site-packages/airflow/example_dags/example_bash_operator.py took 0.267 seconds
[2024-01-30T18:52:00.001+0000] {processor.py:154} INFO - Started process (PID=418) to work on /home/airflow/.local/lib/python3.7/site-packages/airflow/example_dags/example_bash_operator.py
[2024-01-30T18:52:00.004+0000] {processor.py:756} INFO - Processing file /home/airflow/.local/lib/python3.7/site-packages/airflow/example_dags/example_bash_operator.py for tasks to queue
[2024-01-30T18:52:00.006+0000] {logging_mixin.py:120} INFO - [2024-01-30T18:52:00.005+0000] {dagbag.py:537} INFO - Filling up the DagBag from /home/airflow/.local/lib/python3.7/site-packages/airflow/example_dags/example_bash_operator.py
[2024-01-30T18:52:00.051+0000] {processor.py:766} INFO - DAG(s) dict_keys(['example_bash_operator']) retrieved from /home/airflow/.local/lib/python3.7/site-packages/airflow/example_dags/example_bash_operator.py
[2024-01-30T18:52:00.146+0000] {logging_mixin.py:120} INFO - [2024-01-30T18:52:00.146+0000] {dag.py:2585} INFO - Sync 1 DAGs
[2024-01-30T18:52:00.191+0000] {logging_mixin.py:120} INFO - [2024-01-30T18:52:00.190+0000] {dag.py:3340} INFO - Setting next_dagrun for example_bash_operator to 2024-01-29T00:00:00+00:00, run_after=2024-01-30T00:00:00+00:00
[2024-01-30T18:52:00.220+0000] {processor.py:176} INFO - Processing /home/airflow/.local/lib/python3.7/site-packages/airflow/example_dags/example_bash_operator.py took 0.224 seconds
[2024-01-30T18:52:30.291+0000] {processor.py:154} INFO - Started process (PID=474) to work on /home/airflow/.local/lib/python3.7/site-packages/airflow/example_dags/example_bash_operator.py
[2024-01-30T18:52:30.292+0000] {processor.py:756} INFO - Processing file /home/airflow/.local/lib/python3.7/site-packages/airflow/example_dags/example_bash_operator.py for tasks to queue
[2024-01-30T18:52:30.294+0000] {logging_mixin.py:120} INFO - [2024-01-30T18:52:30.293+0000] {dagbag.py:537} INFO - Filling up the DagBag from /home/airflow/.local/lib/python3.7/site-packages/airflow/example_dags/example_bash_operator.py
[2024-01-30T18:52:30.326+0000] {processor.py:766} INFO - DAG(s) dict_keys(['example_bash_operator']) retrieved from /home/airflow/.local/lib/python3.7/site-packages/airflow/example_dags/example_bash_operator.py
[2024-01-30T18:52:30.385+0000] {logging_mixin.py:120} INFO - [2024-01-30T18:52:30.385+0000] {dag.py:2585} INFO - Sync 1 DAGs
[2024-01-30T18:52:30.418+0000] {logging_mixin.py:120} INFO - [2024-01-30T18:52:30.418+0000] {dag.py:3340} INFO - Setting next_dagrun for example_bash_operator to 2024-01-29T00:00:00+00:00, run_after=2024-01-30T00:00:00+00:00
[2024-01-30T18:52:30.445+0000] {processor.py:176} INFO - Processing /home/airflow/.local/lib/python3.7/site-packages/airflow/example_dags/example_bash_operator.py took 0.159 seconds
[2024-01-30T18:53:00.774+0000] {processor.py:154} INFO - Started process (PID=538) to work on /home/airflow/.local/lib/python3.7/site-packages/airflow/example_dags/example_bash_operator.py
[2024-01-30T18:53:00.776+0000] {processor.py:756} INFO - Processing file /home/airflow/.local/lib/python3.7/site-packages/airflow/example_dags/example_bash_operator.py for tasks to queue
[2024-01-30T18:53:00.777+0000] {logging_mixin.py:120} INFO - [2024-01-30T18:53:00.777+0000] {dagbag.py:537} INFO - Filling up the DagBag from /home/airflow/.local/lib/python3.7/site-packages/airflow/example_dags/example_bash_operator.py
[2024-01-30T18:53:00.809+0000] {processor.py:766} INFO - DAG(s) dict_keys(['example_bash_operator']) retrieved from /home/airflow/.local/lib/python3.7/site-packages/airflow/example_dags/example_bash_operator.py
[2024-01-30T18:53:00.872+0000] {logging_mixin.py:120} INFO - [2024-01-30T18:53:00.872+0000] {dag.py:2585} INFO - Sync 1 DAGs
[2024-01-30T18:53:00.913+0000] {logging_mixin.py:120} INFO - [2024-01-30T18:53:00.913+0000] {dag.py:3340} INFO - Setting next_dagrun for example_bash_operator to 2024-01-29T00:00:00+00:00, run_after=2024-01-30T00:00:00+00:00
[2024-01-30T18:53:00.945+0000] {processor.py:176} INFO - Processing /home/airflow/.local/lib/python3.7/site-packages/airflow/example_dags/example_bash_operator.py took 0.177 seconds
[2024-01-30T18:53:31.767+0000] {processor.py:154} INFO - Started process (PID=612) to work on /home/airflow/.local/lib/python3.7/site-packages/airflow/example_dags/example_bash_operator.py
[2024-01-30T18:53:31.769+0000] {processor.py:756} INFO - Processing file /home/airflow/.local/lib/python3.7/site-packages/airflow/example_dags/example_bash_operator.py for tasks to queue
[2024-01-30T18:53:31.769+0000] {logging_mixin.py:120} INFO - [2024-01-30T18:53:31.769+0000] {dagbag.py:537} INFO - Filling up the DagBag from /home/airflow/.local/lib/python3.7/site-packages/airflow/example_dags/example_bash_operator.py
[2024-01-30T18:53:32.127+0000] {processor.py:766} INFO - DAG(s) dict_keys(['example_bash_operator']) retrieved from /home/airflow/.local/lib/python3.7/site-packages/airflow/example_dags/example_bash_operator.py
[2024-01-30T18:53:32.284+0000] {logging_mixin.py:120} INFO - [2024-01-30T18:53:32.284+0000] {dag.py:2585} INFO - Sync 1 DAGs
[2024-01-30T18:53:32.326+0000] {logging_mixin.py:120} INFO - [2024-01-30T18:53:32.326+0000] {dag.py:3340} INFO - Setting next_dagrun for example_bash_operator to 2024-01-29T00:00:00+00:00, run_after=2024-01-30T00:00:00+00:00
[2024-01-30T18:53:32.362+0000] {processor.py:176} INFO - Processing /home/airflow/.local/lib/python3.7/site-packages/airflow/example_dags/example_bash_operator.py took 0.602 seconds
[2024-01-30T18:54:02.587+0000] {processor.py:154} INFO - Started process (PID=674) to work on /home/airflow/.local/lib/python3.7/site-packages/airflow/example_dags/example_bash_operator.py
[2024-01-30T18:54:02.589+0000] {processor.py:756} INFO - Processing file /home/airflow/.local/lib/python3.7/site-packages/airflow/example_dags/example_bash_operator.py for tasks to queue
[2024-01-30T18:54:02.590+0000] {logging_mixin.py:120} INFO - [2024-01-30T18:54:02.590+0000] {dagbag.py:537} INFO - Filling up the DagBag from /home/airflow/.local/lib/python3.7/site-packages/airflow/example_dags/example_bash_operator.py
[2024-01-30T18:54:02.638+0000] {processor.py:766} INFO - DAG(s) dict_keys(['example_bash_operator']) retrieved from /home/airflow/.local/lib/python3.7/site-packages/airflow/example_dags/example_bash_operator.py
[2024-01-30T18:54:02.776+0000] {logging_mixin.py:120} INFO - [2024-01-30T18:54:02.775+0000] {dag.py:2585} INFO - Sync 1 DAGs
[2024-01-30T18:54:02.843+0000] {logging_mixin.py:120} INFO - [2024-01-30T18:54:02.843+0000] {dag.py:3340} INFO - Setting next_dagrun for example_bash_operator to 2024-01-29T00:00:00+00:00, run_after=2024-01-30T00:00:00+00:00
[2024-01-30T18:54:02.896+0000] {processor.py:176} INFO - Processing /home/airflow/.local/lib/python3.7/site-packages/airflow/example_dags/example_bash_operator.py took 0.314 seconds
[2024-01-30T18:54:33.579+0000] {processor.py:154} INFO - Started process (PID=731) to work on /home/airflow/.local/lib/python3.7/site-packages/airflow/example_dags/example_bash_operator.py
[2024-01-30T18:54:33.581+0000] {processor.py:756} INFO - Processing file /home/airflow/.local/lib/python3.7/site-packages/airflow/example_dags/example_bash_operator.py for tasks to queue
[2024-01-30T18:54:33.582+0000] {logging_mixin.py:120} INFO - [2024-01-30T18:54:33.582+0000] {dagbag.py:537} INFO - Filling up the DagBag from /home/airflow/.local/lib/python3.7/site-packages/airflow/example_dags/example_bash_operator.py
[2024-01-30T18:54:33.625+0000] {processor.py:766} INFO - DAG(s) dict_keys(['example_bash_operator']) retrieved from /home/airflow/.local/lib/python3.7/site-packages/airflow/example_dags/example_bash_operator.py
[2024-01-30T18:54:33.706+0000] {logging_mixin.py:120} INFO - [2024-01-30T18:54:33.705+0000] {dag.py:2585} INFO - Sync 1 DAGs
[2024-01-30T18:54:33.749+0000] {logging_mixin.py:120} INFO - [2024-01-30T18:54:33.749+0000] {dag.py:3340} INFO - Setting next_dagrun for example_bash_operator to 2024-01-29T00:00:00+00:00, run_after=2024-01-30T00:00:00+00:00
[2024-01-30T18:54:33.782+0000] {processor.py:176} INFO - Processing /home/airflow/.local/lib/python3.7/site-packages/airflow/example_dags/example_bash_operator.py took 0.208 seconds
[2024-01-30T18:55:03.921+0000] {processor.py:154} INFO - Started process (PID=795) to work on /home/airflow/.local/lib/python3.7/site-packages/airflow/example_dags/example_bash_operator.py
[2024-01-30T18:55:03.923+0000] {processor.py:756} INFO - Processing file /home/airflow/.local/lib/python3.7/site-packages/airflow/example_dags/example_bash_operator.py for tasks to queue
[2024-01-30T18:55:03.925+0000] {logging_mixin.py:120} INFO - [2024-01-30T18:55:03.925+0000] {dagbag.py:537} INFO - Filling up the DagBag from /home/airflow/.local/lib/python3.7/site-packages/airflow/example_dags/example_bash_operator.py
[2024-01-30T18:55:03.957+0000] {processor.py:766} INFO - DAG(s) dict_keys(['example_bash_operator']) retrieved from /home/airflow/.local/lib/python3.7/site-packages/airflow/example_dags/example_bash_operator.py
[2024-01-30T18:55:04.019+0000] {logging_mixin.py:120} INFO - [2024-01-30T18:55:04.019+0000] {dag.py:2585} INFO - Sync 1 DAGs
[2024-01-30T18:55:04.052+0000] {logging_mixin.py:120} INFO - [2024-01-30T18:55:04.052+0000] {dag.py:3340} INFO - Setting next_dagrun for example_bash_operator to 2024-01-29T00:00:00+00:00, run_after=2024-01-30T00:00:00+00:00
[2024-01-30T18:55:04.079+0000] {processor.py:176} INFO - Processing /home/airflow/.local/lib/python3.7/site-packages/airflow/example_dags/example_bash_operator.py took 0.163 seconds
[2024-01-30T18:55:34.666+0000] {processor.py:154} INFO - Started process (PID=850) to work on /home/airflow/.local/lib/python3.7/site-packages/airflow/example_dags/example_bash_operator.py
[2024-01-30T18:55:34.667+0000] {processor.py:756} INFO - Processing file /home/airflow/.local/lib/python3.7/site-packages/airflow/example_dags/example_bash_operator.py for tasks to queue
[2024-01-30T18:55:34.668+0000] {logging_mixin.py:120} INFO - [2024-01-30T18:55:34.668+0000] {dagbag.py:537} INFO - Filling up the DagBag from /home/airflow/.local/lib/python3.7/site-packages/airflow/example_dags/example_bash_operator.py
[2024-01-30T18:55:34.705+0000] {processor.py:766} INFO - DAG(s) dict_keys(['example_bash_operator']) retrieved from /home/airflow/.local/lib/python3.7/site-packages/airflow/example_dags/example_bash_operator.py
[2024-01-30T18:55:34.782+0000] {logging_mixin.py:120} INFO - [2024-01-30T18:55:34.782+0000] {dag.py:2585} INFO - Sync 1 DAGs
[2024-01-30T18:55:34.820+0000] {logging_mixin.py:120} INFO - [2024-01-30T18:55:34.820+0000] {dag.py:3340} INFO - Setting next_dagrun for example_bash_operator to 2024-01-29T00:00:00+00:00, run_after=2024-01-30T00:00:00+00:00
[2024-01-30T18:55:34.847+0000] {processor.py:176} INFO - Processing /home/airflow/.local/lib/python3.7/site-packages/airflow/example_dags/example_bash_operator.py took 0.187 seconds
[2024-01-30T18:56:05.185+0000] {processor.py:154} INFO - Started process (PID=913) to work on /home/airflow/.local/lib/python3.7/site-packages/airflow/example_dags/example_bash_operator.py
[2024-01-30T18:56:05.187+0000] {processor.py:756} INFO - Processing file /home/airflow/.local/lib/python3.7/site-packages/airflow/example_dags/example_bash_operator.py for tasks to queue
[2024-01-30T18:56:05.189+0000] {logging_mixin.py:120} INFO - [2024-01-30T18:56:05.189+0000] {dagbag.py:537} INFO - Filling up the DagBag from /home/airflow/.local/lib/python3.7/site-packages/airflow/example_dags/example_bash_operator.py
[2024-01-30T18:56:05.230+0000] {processor.py:766} INFO - DAG(s) dict_keys(['example_bash_operator']) retrieved from /home/airflow/.local/lib/python3.7/site-packages/airflow/example_dags/example_bash_operator.py
[2024-01-30T18:56:05.298+0000] {logging_mixin.py:120} INFO - [2024-01-30T18:56:05.298+0000] {dag.py:2585} INFO - Sync 1 DAGs
[2024-01-30T18:56:05.339+0000] {logging_mixin.py:120} INFO - [2024-01-30T18:56:05.339+0000] {dag.py:3340} INFO - Setting next_dagrun for example_bash_operator to 2024-01-29T00:00:00+00:00, run_after=2024-01-30T00:00:00+00:00
[2024-01-30T18:56:05.367+0000] {processor.py:176} INFO - Processing /home/airflow/.local/lib/python3.7/site-packages/airflow/example_dags/example_bash_operator.py took 0.187 seconds
[2024-01-30T18:56:35.449+0000] {processor.py:154} INFO - Started process (PID=977) to work on /home/airflow/.local/lib/python3.7/site-packages/airflow/example_dags/example_bash_operator.py
[2024-01-30T18:56:35.451+0000] {processor.py:756} INFO - Processing file /home/airflow/.local/lib/python3.7/site-packages/airflow/example_dags/example_bash_operator.py for tasks to queue
[2024-01-30T18:56:35.452+0000] {logging_mixin.py:120} INFO - [2024-01-30T18:56:35.452+0000] {dagbag.py:537} INFO - Filling up the DagBag from /home/airflow/.local/lib/python3.7/site-packages/airflow/example_dags/example_bash_operator.py
[2024-01-30T18:56:35.484+0000] {processor.py:766} INFO - DAG(s) dict_keys(['example_bash_operator']) retrieved from /home/airflow/.local/lib/python3.7/site-packages/airflow/example_dags/example_bash_operator.py
[2024-01-30T18:56:35.553+0000] {logging_mixin.py:120} INFO - [2024-01-30T18:56:35.553+0000] {dag.py:2585} INFO - Sync 1 DAGs
[2024-01-30T18:56:35.592+0000] {logging_mixin.py:120} INFO - [2024-01-30T18:56:35.592+0000] {dag.py:3340} INFO - Setting next_dagrun for example_bash_operator to 2024-01-29T00:00:00+00:00, run_after=2024-01-30T00:00:00+00:00
[2024-01-30T18:56:35.619+0000] {processor.py:176} INFO - Processing /home/airflow/.local/lib/python3.7/site-packages/airflow/example_dags/example_bash_operator.py took 0.174 seconds
[2024-01-30T18:57:06.192+0000] {processor.py:154} INFO - Started process (PID=1032) to work on /home/airflow/.local/lib/python3.7/site-packages/airflow/example_dags/example_bash_operator.py
[2024-01-30T18:57:06.195+0000] {processor.py:756} INFO - Processing file /home/airflow/.local/lib/python3.7/site-packages/airflow/example_dags/example_bash_operator.py for tasks to queue
[2024-01-30T18:57:06.197+0000] {logging_mixin.py:120} INFO - [2024-01-30T18:57:06.197+0000] {dagbag.py:537} INFO - Filling up the DagBag from /home/airflow/.local/lib/python3.7/site-packages/airflow/example_dags/example_bash_operator.py
[2024-01-30T18:57:06.235+0000] {processor.py:766} INFO - DAG(s) dict_keys(['example_bash_operator']) retrieved from /home/airflow/.local/lib/python3.7/site-packages/airflow/example_dags/example_bash_operator.py
[2024-01-30T18:57:06.311+0000] {logging_mixin.py:120} INFO - [2024-01-30T18:57:06.311+0000] {dag.py:2585} INFO - Sync 1 DAGs
[2024-01-30T18:57:06.352+0000] {logging_mixin.py:120} INFO - [2024-01-30T18:57:06.351+0000] {dag.py:3340} INFO - Setting next_dagrun for example_bash_operator to 2024-01-29T00:00:00+00:00, run_after=2024-01-30T00:00:00+00:00
[2024-01-30T18:57:06.380+0000] {processor.py:176} INFO - Processing /home/airflow/.local/lib/python3.7/site-packages/airflow/example_dags/example_bash_operator.py took 0.195 seconds
[2024-01-30T18:57:36.587+0000] {processor.py:154} INFO - Started process (PID=1096) to work on /home/airflow/.local/lib/python3.7/site-packages/airflow/example_dags/example_bash_operator.py
[2024-01-30T18:57:36.589+0000] {processor.py:756} INFO - Processing file /home/airflow/.local/lib/python3.7/site-packages/airflow/example_dags/example_bash_operator.py for tasks to queue
[2024-01-30T18:57:36.590+0000] {logging_mixin.py:120} INFO - [2024-01-30T18:57:36.590+0000] {dagbag.py:537} INFO - Filling up the DagBag from /home/airflow/.local/lib/python3.7/site-packages/airflow/example_dags/example_bash_operator.py
[2024-01-30T18:57:36.627+0000] {processor.py:766} INFO - DAG(s) dict_keys(['example_bash_operator']) retrieved from /home/airflow/.local/lib/python3.7/site-packages/airflow/example_dags/example_bash_operator.py
[2024-01-30T18:57:36.697+0000] {logging_mixin.py:120} INFO - [2024-01-30T18:57:36.697+0000] {dag.py:2585} INFO - Sync 1 DAGs
[2024-01-30T18:57:36.735+0000] {logging_mixin.py:120} INFO - [2024-01-30T18:57:36.735+0000] {dag.py:3340} INFO - Setting next_dagrun for example_bash_operator to 2024-01-29T00:00:00+00:00, run_after=2024-01-30T00:00:00+00:00
[2024-01-30T18:57:36.766+0000] {processor.py:176} INFO - Processing /home/airflow/.local/lib/python3.7/site-packages/airflow/example_dags/example_bash_operator.py took 0.184 seconds
[2024-01-30T18:58:07.232+0000] {processor.py:154} INFO - Started process (PID=1151) to work on /home/airflow/.local/lib/python3.7/site-packages/airflow/example_dags/example_bash_operator.py
[2024-01-30T18:58:07.234+0000] {processor.py:756} INFO - Processing file /home/airflow/.local/lib/python3.7/site-packages/airflow/example_dags/example_bash_operator.py for tasks to queue
[2024-01-30T18:58:07.235+0000] {logging_mixin.py:120} INFO - [2024-01-30T18:58:07.235+0000] {dagbag.py:537} INFO - Filling up the DagBag from /home/airflow/.local/lib/python3.7/site-packages/airflow/example_dags/example_bash_operator.py
[2024-01-30T18:58:07.268+0000] {processor.py:766} INFO - DAG(s) dict_keys(['example_bash_operator']) retrieved from /home/airflow/.local/lib/python3.7/site-packages/airflow/example_dags/example_bash_operator.py
[2024-01-30T18:58:07.334+0000] {logging_mixin.py:120} INFO - [2024-01-30T18:58:07.334+0000] {dag.py:2585} INFO - Sync 1 DAGs
[2024-01-30T18:58:07.370+0000] {logging_mixin.py:120} INFO - [2024-01-30T18:58:07.370+0000] {dag.py:3340} INFO - Setting next_dagrun for example_bash_operator to 2024-01-29T00:00:00+00:00, run_after=2024-01-30T00:00:00+00:00
[2024-01-30T18:58:07.396+0000] {processor.py:176} INFO - Processing /home/airflow/.local/lib/python3.7/site-packages/airflow/example_dags/example_bash_operator.py took 0.169 seconds
[2024-01-30T18:58:37.649+0000] {processor.py:154} INFO - Started process (PID=1215) to work on /home/airflow/.local/lib/python3.7/site-packages/airflow/example_dags/example_bash_operator.py
[2024-01-30T18:58:37.650+0000] {processor.py:756} INFO - Processing file /home/airflow/.local/lib/python3.7/site-packages/airflow/example_dags/example_bash_operator.py for tasks to queue
[2024-01-30T18:58:37.652+0000] {logging_mixin.py:120} INFO - [2024-01-30T18:58:37.652+0000] {dagbag.py:537} INFO - Filling up the DagBag from /home/airflow/.local/lib/python3.7/site-packages/airflow/example_dags/example_bash_operator.py
[2024-01-30T18:58:37.687+0000] {processor.py:766} INFO - DAG(s) dict_keys(['example_bash_operator']) retrieved from /home/airflow/.local/lib/python3.7/site-packages/airflow/example_dags/example_bash_operator.py
[2024-01-30T18:58:37.761+0000] {logging_mixin.py:120} INFO - [2024-01-30T18:58:37.761+0000] {dag.py:2585} INFO - Sync 1 DAGs
[2024-01-30T18:58:37.810+0000] {logging_mixin.py:120} INFO - [2024-01-30T18:58:37.810+0000] {dag.py:3340} INFO - Setting next_dagrun for example_bash_operator to 2024-01-29T00:00:00+00:00, run_after=2024-01-30T00:00:00+00:00
[2024-01-30T18:58:37.851+0000] {processor.py:176} INFO - Processing /home/airflow/.local/lib/python3.7/site-packages/airflow/example_dags/example_bash_operator.py took 0.207 seconds
[2024-01-30T18:59:08.555+0000] {processor.py:154} INFO - Started process (PID=1278) to work on /home/airflow/.local/lib/python3.7/site-packages/airflow/example_dags/example_bash_operator.py
[2024-01-30T18:59:08.556+0000] {processor.py:756} INFO - Processing file /home/airflow/.local/lib/python3.7/site-packages/airflow/example_dags/example_bash_operator.py for tasks to queue
[2024-01-30T18:59:08.558+0000] {logging_mixin.py:120} INFO - [2024-01-30T18:59:08.558+0000] {dagbag.py:537} INFO - Filling up the DagBag from /home/airflow/.local/lib/python3.7/site-packages/airflow/example_dags/example_bash_operator.py
[2024-01-30T18:59:08.589+0000] {processor.py:766} INFO - DAG(s) dict_keys(['example_bash_operator']) retrieved from /home/airflow/.local/lib/python3.7/site-packages/airflow/example_dags/example_bash_operator.py
[2024-01-30T18:59:08.655+0000] {logging_mixin.py:120} INFO - [2024-01-30T18:59:08.655+0000] {dag.py:2585} INFO - Sync 1 DAGs
[2024-01-30T18:59:08.694+0000] {logging_mixin.py:120} INFO - [2024-01-30T18:59:08.693+0000] {dag.py:3340} INFO - Setting next_dagrun for example_bash_operator to 2024-01-29T00:00:00+00:00, run_after=2024-01-30T00:00:00+00:00
[2024-01-30T18:59:08.720+0000] {processor.py:176} INFO - Processing /home/airflow/.local/lib/python3.7/site-packages/airflow/example_dags/example_bash_operator.py took 0.170 seconds
[2024-01-30T18:59:38.998+0000] {processor.py:154} INFO - Started process (PID=1334) to work on /home/airflow/.local/lib/python3.7/site-packages/airflow/example_dags/example_bash_operator.py
[2024-01-30T18:59:38.999+0000] {processor.py:756} INFO - Processing file /home/airflow/.local/lib/python3.7/site-packages/airflow/example_dags/example_bash_operator.py for tasks to queue
[2024-01-30T18:59:39.001+0000] {logging_mixin.py:120} INFO - [2024-01-30T18:59:39.000+0000] {dagbag.py:537} INFO - Filling up the DagBag from /home/airflow/.local/lib/python3.7/site-packages/airflow/example_dags/example_bash_operator.py
[2024-01-30T18:59:39.042+0000] {processor.py:766} INFO - DAG(s) dict_keys(['example_bash_operator']) retrieved from /home/airflow/.local/lib/python3.7/site-packages/airflow/example_dags/example_bash_operator.py
[2024-01-30T18:59:39.119+0000] {logging_mixin.py:120} INFO - [2024-01-30T18:59:39.119+0000] {dag.py:2585} INFO - Sync 1 DAGs
[2024-01-30T18:59:39.163+0000] {logging_mixin.py:120} INFO - [2024-01-30T18:59:39.163+0000] {dag.py:3340} INFO - Setting next_dagrun for example_bash_operator to 2024-01-29T00:00:00+00:00, run_after=2024-01-30T00:00:00+00:00
[2024-01-30T18:59:39.198+0000] {processor.py:176} INFO - Processing /home/airflow/.local/lib/python3.7/site-packages/airflow/example_dags/example_bash_operator.py took 0.205 seconds
[2024-01-30T19:00:09.453+0000] {processor.py:154} INFO - Started process (PID=1398) to work on /home/airflow/.local/lib/python3.7/site-packages/airflow/example_dags/example_bash_operator.py
[2024-01-30T19:00:09.455+0000] {processor.py:756} INFO - Processing file /home/airflow/.local/lib/python3.7/site-packages/airflow/example_dags/example_bash_operator.py for tasks to queue
[2024-01-30T19:00:09.457+0000] {logging_mixin.py:120} INFO - [2024-01-30T19:00:09.457+0000] {dagbag.py:537} INFO - Filling up the DagBag from /home/airflow/.local/lib/python3.7/site-packages/airflow/example_dags/example_bash_operator.py
[2024-01-30T19:00:09.490+0000] {processor.py:766} INFO - DAG(s) dict_keys(['example_bash_operator']) retrieved from /home/airflow/.local/lib/python3.7/site-packages/airflow/example_dags/example_bash_operator.py
[2024-01-30T19:00:09.553+0000] {logging_mixin.py:120} INFO - [2024-01-30T19:00:09.552+0000] {dag.py:2585} INFO - Sync 1 DAGs
[2024-01-30T19:00:09.593+0000] {logging_mixin.py:120} INFO - [2024-01-30T19:00:09.593+0000] {dag.py:3340} INFO - Setting next_dagrun for example_bash_operator to 2024-01-29T00:00:00+00:00, run_after=2024-01-30T00:00:00+00:00
[2024-01-30T19:00:09.626+0000] {processor.py:176} INFO - Processing /home/airflow/.local/lib/python3.7/site-packages/airflow/example_dags/example_bash_operator.py took 0.179 seconds
[2024-01-30T19:00:39.978+0000] {processor.py:154} INFO - Started process (PID=1453) to work on /home/airflow/.local/lib/python3.7/site-packages/airflow/example_dags/example_bash_operator.py
[2024-01-30T19:00:39.980+0000] {processor.py:756} INFO - Processing file /home/airflow/.local/lib/python3.7/site-packages/airflow/example_dags/example_bash_operator.py for tasks to queue
[2024-01-30T19:00:39.981+0000] {logging_mixin.py:120} INFO - [2024-01-30T19:00:39.981+0000] {dagbag.py:537} INFO - Filling up the DagBag from /home/airflow/.local/lib/python3.7/site-packages/airflow/example_dags/example_bash_operator.py
[2024-01-30T19:00:40.017+0000] {processor.py:766} INFO - DAG(s) dict_keys(['example_bash_operator']) retrieved from /home/airflow/.local/lib/python3.7/site-packages/airflow/example_dags/example_bash_operator.py
[2024-01-30T19:00:40.084+0000] {logging_mixin.py:120} INFO - [2024-01-30T19:00:40.084+0000] {dag.py:2585} INFO - Sync 1 DAGs
[2024-01-30T19:00:40.119+0000] {logging_mixin.py:120} INFO - [2024-01-30T19:00:40.118+0000] {dag.py:3340} INFO - Setting next_dagrun for example_bash_operator to 2024-01-29T00:00:00+00:00, run_after=2024-01-30T00:00:00+00:00
[2024-01-30T19:00:40.147+0000] {processor.py:176} INFO - Processing /home/airflow/.local/lib/python3.7/site-packages/airflow/example_dags/example_bash_operator.py took 0.174 seconds
[2024-01-30T19:01:10.580+0000] {processor.py:154} INFO - Started process (PID=1518) to work on /home/airflow/.local/lib/python3.7/site-packages/airflow/example_dags/example_bash_operator.py
[2024-01-30T19:01:10.582+0000] {processor.py:756} INFO - Processing file /home/airflow/.local/lib/python3.7/site-packages/airflow/example_dags/example_bash_operator.py for tasks to queue
[2024-01-30T19:01:10.583+0000] {logging_mixin.py:120} INFO - [2024-01-30T19:01:10.583+0000] {dagbag.py:537} INFO - Filling up the DagBag from /home/airflow/.local/lib/python3.7/site-packages/airflow/example_dags/example_bash_operator.py
[2024-01-30T19:01:10.619+0000] {processor.py:766} INFO - DAG(s) dict_keys(['example_bash_operator']) retrieved from /home/airflow/.local/lib/python3.7/site-packages/airflow/example_dags/example_bash_operator.py
[2024-01-30T19:01:10.691+0000] {logging_mixin.py:120} INFO - [2024-01-30T19:01:10.691+0000] {dag.py:2585} INFO - Sync 1 DAGs
[2024-01-30T19:01:10.730+0000] {logging_mixin.py:120} INFO - [2024-01-30T19:01:10.730+0000] {dag.py:3340} INFO - Setting next_dagrun for example_bash_operator to 2024-01-29T00:00:00+00:00, run_after=2024-01-30T00:00:00+00:00
[2024-01-30T19:01:10.764+0000] {processor.py:176} INFO - Processing /home/airflow/.local/lib/python3.7/site-packages/airflow/example_dags/example_bash_operator.py took 0.189 seconds
[2024-01-30T19:01:41.076+0000] {processor.py:154} INFO - Started process (PID=1583) to work on /home/airflow/.local/lib/python3.7/site-packages/airflow/example_dags/example_bash_operator.py
[2024-01-30T19:01:41.079+0000] {processor.py:756} INFO - Processing file /home/airflow/.local/lib/python3.7/site-packages/airflow/example_dags/example_bash_operator.py for tasks to queue
[2024-01-30T19:01:41.080+0000] {logging_mixin.py:120} INFO - [2024-01-30T19:01:41.080+0000] {dagbag.py:537} INFO - Filling up the DagBag from /home/airflow/.local/lib/python3.7/site-packages/airflow/example_dags/example_bash_operator.py
[2024-01-30T19:01:41.130+0000] {processor.py:766} INFO - DAG(s) dict_keys(['example_bash_operator']) retrieved from /home/airflow/.local/lib/python3.7/site-packages/airflow/example_dags/example_bash_operator.py
[2024-01-30T19:01:41.222+0000] {logging_mixin.py:120} INFO - [2024-01-30T19:01:41.221+0000] {dag.py:2585} INFO - Sync 1 DAGs
[2024-01-30T19:01:41.263+0000] {logging_mixin.py:120} INFO - [2024-01-30T19:01:41.263+0000] {dag.py:3340} INFO - Setting next_dagrun for example_bash_operator to 2024-01-29T00:00:00+00:00, run_after=2024-01-30T00:00:00+00:00
[2024-01-30T19:01:41.296+0000] {processor.py:176} INFO - Processing /home/airflow/.local/lib/python3.7/site-packages/airflow/example_dags/example_bash_operator.py took 0.228 seconds
[2024-01-30T19:02:11.876+0000] {processor.py:154} INFO - Started process (PID=1638) to work on /home/airflow/.local/lib/python3.7/site-packages/airflow/example_dags/example_bash_operator.py
[2024-01-30T19:02:11.878+0000] {processor.py:756} INFO - Processing file /home/airflow/.local/lib/python3.7/site-packages/airflow/example_dags/example_bash_operator.py for tasks to queue
[2024-01-30T19:02:11.880+0000] {logging_mixin.py:120} INFO - [2024-01-30T19:02:11.880+0000] {dagbag.py:537} INFO - Filling up the DagBag from /home/airflow/.local/lib/python3.7/site-packages/airflow/example_dags/example_bash_operator.py
[2024-01-30T19:02:11.929+0000] {processor.py:766} INFO - DAG(s) dict_keys(['example_bash_operator']) retrieved from /home/airflow/.local/lib/python3.7/site-packages/airflow/example_dags/example_bash_operator.py
[2024-01-30T19:02:12.011+0000] {logging_mixin.py:120} INFO - [2024-01-30T19:02:12.011+0000] {dag.py:2585} INFO - Sync 1 DAGs
[2024-01-30T19:02:12.059+0000] {logging_mixin.py:120} INFO - [2024-01-30T19:02:12.059+0000] {dag.py:3340} INFO - Setting next_dagrun for example_bash_operator to 2024-01-29T00:00:00+00:00, run_after=2024-01-30T00:00:00+00:00
[2024-01-30T19:02:12.091+0000] {processor.py:176} INFO - Processing /home/airflow/.local/lib/python3.7/site-packages/airflow/example_dags/example_bash_operator.py took 0.220 seconds
[2024-01-30T19:02:42.134+0000] {processor.py:154} INFO - Started process (PID=1702) to work on /home/airflow/.local/lib/python3.7/site-packages/airflow/example_dags/example_bash_operator.py
[2024-01-30T19:02:42.135+0000] {processor.py:756} INFO - Processing file /home/airflow/.local/lib/python3.7/site-packages/airflow/example_dags/example_bash_operator.py for tasks to queue
[2024-01-30T19:02:42.136+0000] {logging_mixin.py:120} INFO - [2024-01-30T19:02:42.136+0000] {dagbag.py:537} INFO - Filling up the DagBag from /home/airflow/.local/lib/python3.7/site-packages/airflow/example_dags/example_bash_operator.py
[2024-01-30T19:02:42.170+0000] {processor.py:766} INFO - DAG(s) dict_keys(['example_bash_operator']) retrieved from /home/airflow/.local/lib/python3.7/site-packages/airflow/example_dags/example_bash_operator.py
[2024-01-30T19:02:42.292+0000] {logging_mixin.py:120} INFO - [2024-01-30T19:02:42.291+0000] {dag.py:2585} INFO - Sync 1 DAGs
[2024-01-30T19:02:42.337+0000] {logging_mixin.py:120} INFO - [2024-01-30T19:02:42.337+0000] {dag.py:3340} INFO - Setting next_dagrun for example_bash_operator to 2024-01-29T00:00:00+00:00, run_after=2024-01-30T00:00:00+00:00
[2024-01-30T19:02:42.379+0000] {processor.py:176} INFO - Processing /home/airflow/.local/lib/python3.7/site-packages/airflow/example_dags/example_bash_operator.py took 0.249 seconds
[2024-01-30T19:03:12.427+0000] {processor.py:154} INFO - Started process (PID=1757) to work on /home/airflow/.local/lib/python3.7/site-packages/airflow/example_dags/example_bash_operator.py
[2024-01-30T19:03:12.429+0000] {processor.py:756} INFO - Processing file /home/airflow/.local/lib/python3.7/site-packages/airflow/example_dags/example_bash_operator.py for tasks to queue
[2024-01-30T19:03:12.430+0000] {logging_mixin.py:120} INFO - [2024-01-30T19:03:12.430+0000] {dagbag.py:537} INFO - Filling up the DagBag from /home/airflow/.local/lib/python3.7/site-packages/airflow/example_dags/example_bash_operator.py
[2024-01-30T19:03:12.465+0000] {processor.py:766} INFO - DAG(s) dict_keys(['example_bash_operator']) retrieved from /home/airflow/.local/lib/python3.7/site-packages/airflow/example_dags/example_bash_operator.py
[2024-01-30T19:03:12.543+0000] {logging_mixin.py:120} INFO - [2024-01-30T19:03:12.542+0000] {dag.py:2585} INFO - Sync 1 DAGs
[2024-01-30T19:03:12.589+0000] {logging_mixin.py:120} INFO - [2024-01-30T19:03:12.589+0000] {dag.py:3340} INFO - Setting next_dagrun for example_bash_operator to 2024-01-29T00:00:00+00:00, run_after=2024-01-30T00:00:00+00:00
[2024-01-30T19:03:12.627+0000] {processor.py:176} INFO - Processing /home/airflow/.local/lib/python3.7/site-packages/airflow/example_dags/example_bash_operator.py took 0.205 seconds
[2024-01-30T19:03:43.023+0000] {processor.py:154} INFO - Started process (PID=1822) to work on /home/airflow/.local/lib/python3.7/site-packages/airflow/example_dags/example_bash_operator.py
[2024-01-30T19:03:43.027+0000] {processor.py:756} INFO - Processing file /home/airflow/.local/lib/python3.7/site-packages/airflow/example_dags/example_bash_operator.py for tasks to queue
[2024-01-30T19:03:43.029+0000] {logging_mixin.py:120} INFO - [2024-01-30T19:03:43.029+0000] {dagbag.py:537} INFO - Filling up the DagBag from /home/airflow/.local/lib/python3.7/site-packages/airflow/example_dags/example_bash_operator.py
[2024-01-30T19:03:43.083+0000] {processor.py:766} INFO - DAG(s) dict_keys(['example_bash_operator']) retrieved from /home/airflow/.local/lib/python3.7/site-packages/airflow/example_dags/example_bash_operator.py
[2024-01-30T19:03:43.169+0000] {logging_mixin.py:120} INFO - [2024-01-30T19:03:43.169+0000] {dag.py:2585} INFO - Sync 1 DAGs
[2024-01-30T19:03:43.202+0000] {logging_mixin.py:120} INFO - [2024-01-30T19:03:43.202+0000] {dag.py:3340} INFO - Setting next_dagrun for example_bash_operator to 2024-01-29T00:00:00+00:00, run_after=2024-01-30T00:00:00+00:00
[2024-01-30T19:03:43.227+0000] {processor.py:176} INFO - Processing /home/airflow/.local/lib/python3.7/site-packages/airflow/example_dags/example_bash_operator.py took 0.211 seconds
[2024-01-30T19:04:13.808+0000] {processor.py:154} INFO - Started process (PID=1885) to work on /home/airflow/.local/lib/python3.7/site-packages/airflow/example_dags/example_bash_operator.py
[2024-01-30T19:04:13.810+0000] {processor.py:756} INFO - Processing file /home/airflow/.local/lib/python3.7/site-packages/airflow/example_dags/example_bash_operator.py for tasks to queue
[2024-01-30T19:04:13.811+0000] {logging_mixin.py:120} INFO - [2024-01-30T19:04:13.811+0000] {dagbag.py:537} INFO - Filling up the DagBag from /home/airflow/.local/lib/python3.7/site-packages/airflow/example_dags/example_bash_operator.py
[2024-01-30T19:04:13.850+0000] {processor.py:766} INFO - DAG(s) dict_keys(['example_bash_operator']) retrieved from /home/airflow/.local/lib/python3.7/site-packages/airflow/example_dags/example_bash_operator.py
[2024-01-30T19:04:13.924+0000] {logging_mixin.py:120} INFO - [2024-01-30T19:04:13.923+0000] {dag.py:2585} INFO - Sync 1 DAGs
[2024-01-30T19:04:13.969+0000] {logging_mixin.py:120} INFO - [2024-01-30T19:04:13.969+0000] {dag.py:3340} INFO - Setting next_dagrun for example_bash_operator to 2024-01-29T00:00:00+00:00, run_after=2024-01-30T00:00:00+00:00
[2024-01-30T19:04:14.005+0000] {processor.py:176} INFO - Processing /home/airflow/.local/lib/python3.7/site-packages/airflow/example_dags/example_bash_operator.py took 0.204 seconds
[2024-01-30T19:04:44.111+0000] {processor.py:154} INFO - Started process (PID=1940) to work on /home/airflow/.local/lib/python3.7/site-packages/airflow/example_dags/example_bash_operator.py
[2024-01-30T19:04:44.112+0000] {processor.py:756} INFO - Processing file /home/airflow/.local/lib/python3.7/site-packages/airflow/example_dags/example_bash_operator.py for tasks to queue
[2024-01-30T19:04:44.114+0000] {logging_mixin.py:120} INFO - [2024-01-30T19:04:44.114+0000] {dagbag.py:537} INFO - Filling up the DagBag from /home/airflow/.local/lib/python3.7/site-packages/airflow/example_dags/example_bash_operator.py
[2024-01-30T19:04:44.151+0000] {processor.py:766} INFO - DAG(s) dict_keys(['example_bash_operator']) retrieved from /home/airflow/.local/lib/python3.7/site-packages/airflow/example_dags/example_bash_operator.py
[2024-01-30T19:04:44.214+0000] {logging_mixin.py:120} INFO - [2024-01-30T19:04:44.214+0000] {dag.py:2585} INFO - Sync 1 DAGs
[2024-01-30T19:04:44.250+0000] {logging_mixin.py:120} INFO - [2024-01-30T19:04:44.250+0000] {dag.py:3340} INFO - Setting next_dagrun for example_bash_operator to 2024-01-29T00:00:00+00:00, run_after=2024-01-30T00:00:00+00:00
[2024-01-30T19:04:44.278+0000] {processor.py:176} INFO - Processing /home/airflow/.local/lib/python3.7/site-packages/airflow/example_dags/example_bash_operator.py took 0.175 seconds
[2024-01-30T19:05:14.425+0000] {processor.py:154} INFO - Started process (PID=2003) to work on /home/airflow/.local/lib/python3.7/site-packages/airflow/example_dags/example_bash_operator.py
[2024-01-30T19:05:14.426+0000] {processor.py:756} INFO - Processing file /home/airflow/.local/lib/python3.7/site-packages/airflow/example_dags/example_bash_operator.py for tasks to queue
[2024-01-30T19:05:14.428+0000] {logging_mixin.py:120} INFO - [2024-01-30T19:05:14.427+0000] {dagbag.py:537} INFO - Filling up the DagBag from /home/airflow/.local/lib/python3.7/site-packages/airflow/example_dags/example_bash_operator.py
[2024-01-30T19:05:14.463+0000] {processor.py:766} INFO - DAG(s) dict_keys(['example_bash_operator']) retrieved from /home/airflow/.local/lib/python3.7/site-packages/airflow/example_dags/example_bash_operator.py
[2024-01-30T19:05:14.542+0000] {logging_mixin.py:120} INFO - [2024-01-30T19:05:14.542+0000] {dag.py:2585} INFO - Sync 1 DAGs
[2024-01-30T19:05:14.586+0000] {logging_mixin.py:120} INFO - [2024-01-30T19:05:14.586+0000] {dag.py:3340} INFO - Setting next_dagrun for example_bash_operator to 2024-01-29T00:00:00+00:00, run_after=2024-01-30T00:00:00+00:00
[2024-01-30T19:05:14.619+0000] {processor.py:176} INFO - Processing /home/airflow/.local/lib/python3.7/site-packages/airflow/example_dags/example_bash_operator.py took 0.200 seconds
[2024-01-30T19:05:44.876+0000] {processor.py:154} INFO - Started process (PID=2068) to work on /home/airflow/.local/lib/python3.7/site-packages/airflow/example_dags/example_bash_operator.py
[2024-01-30T19:05:44.878+0000] {processor.py:756} INFO - Processing file /home/airflow/.local/lib/python3.7/site-packages/airflow/example_dags/example_bash_operator.py for tasks to queue
[2024-01-30T19:05:44.880+0000] {logging_mixin.py:120} INFO - [2024-01-30T19:05:44.880+0000] {dagbag.py:537} INFO - Filling up the DagBag from /home/airflow/.local/lib/python3.7/site-packages/airflow/example_dags/example_bash_operator.py
[2024-01-30T19:05:44.917+0000] {processor.py:766} INFO - DAG(s) dict_keys(['example_bash_operator']) retrieved from /home/airflow/.local/lib/python3.7/site-packages/airflow/example_dags/example_bash_operator.py
[2024-01-30T19:05:44.984+0000] {logging_mixin.py:120} INFO - [2024-01-30T19:05:44.984+0000] {dag.py:2585} INFO - Sync 1 DAGs
[2024-01-30T19:05:45.019+0000] {logging_mixin.py:120} INFO - [2024-01-30T19:05:45.019+0000] {dag.py:3340} INFO - Setting next_dagrun for example_bash_operator to 2024-01-29T00:00:00+00:00, run_after=2024-01-30T00:00:00+00:00
[2024-01-30T19:05:45.046+0000] {processor.py:176} INFO - Processing /home/airflow/.local/lib/python3.7/site-packages/airflow/example_dags/example_bash_operator.py took 0.178 seconds
[2024-01-30T19:06:15.597+0000] {processor.py:154} INFO - Started process (PID=2124) to work on /home/airflow/.local/lib/python3.7/site-packages/airflow/example_dags/example_bash_operator.py
[2024-01-30T19:06:15.598+0000] {processor.py:756} INFO - Processing file /home/airflow/.local/lib/python3.7/site-packages/airflow/example_dags/example_bash_operator.py for tasks to queue
[2024-01-30T19:06:15.600+0000] {logging_mixin.py:120} INFO - [2024-01-30T19:06:15.599+0000] {dagbag.py:537} INFO - Filling up the DagBag from /home/airflow/.local/lib/python3.7/site-packages/airflow/example_dags/example_bash_operator.py
[2024-01-30T19:06:15.628+0000] {processor.py:766} INFO - DAG(s) dict_keys(['example_bash_operator']) retrieved from /home/airflow/.local/lib/python3.7/site-packages/airflow/example_dags/example_bash_operator.py
[2024-01-30T19:06:15.696+0000] {logging_mixin.py:120} INFO - [2024-01-30T19:06:15.695+0000] {dag.py:2585} INFO - Sync 1 DAGs
[2024-01-30T19:06:15.751+0000] {logging_mixin.py:120} INFO - [2024-01-30T19:06:15.751+0000] {dag.py:3340} INFO - Setting next_dagrun for example_bash_operator to 2024-01-29T00:00:00+00:00, run_after=2024-01-30T00:00:00+00:00
[2024-01-30T19:06:15.780+0000] {processor.py:176} INFO - Processing /home/airflow/.local/lib/python3.7/site-packages/airflow/example_dags/example_bash_operator.py took 0.188 seconds
[2024-01-30T19:06:45.952+0000] {processor.py:154} INFO - Started process (PID=2189) to work on /home/airflow/.local/lib/python3.7/site-packages/airflow/example_dags/example_bash_operator.py
[2024-01-30T19:06:45.953+0000] {processor.py:756} INFO - Processing file /home/airflow/.local/lib/python3.7/site-packages/airflow/example_dags/example_bash_operator.py for tasks to queue
[2024-01-30T19:06:45.955+0000] {logging_mixin.py:120} INFO - [2024-01-30T19:06:45.955+0000] {dagbag.py:537} INFO - Filling up the DagBag from /home/airflow/.local/lib/python3.7/site-packages/airflow/example_dags/example_bash_operator.py
[2024-01-30T19:06:45.986+0000] {processor.py:766} INFO - DAG(s) dict_keys(['example_bash_operator']) retrieved from /home/airflow/.local/lib/python3.7/site-packages/airflow/example_dags/example_bash_operator.py
[2024-01-30T19:06:46.057+0000] {logging_mixin.py:120} INFO - [2024-01-30T19:06:46.057+0000] {dag.py:2585} INFO - Sync 1 DAGs
[2024-01-30T19:06:46.129+0000] {logging_mixin.py:120} INFO - [2024-01-30T19:06:46.129+0000] {dag.py:3340} INFO - Setting next_dagrun for example_bash_operator to 2024-01-29T00:00:00+00:00, run_after=2024-01-30T00:00:00+00:00
[2024-01-30T19:06:46.169+0000] {processor.py:176} INFO - Processing /home/airflow/.local/lib/python3.7/site-packages/airflow/example_dags/example_bash_operator.py took 0.224 seconds
[2024-01-30T19:07:16.404+0000] {processor.py:154} INFO - Started process (PID=2244) to work on /home/airflow/.local/lib/python3.7/site-packages/airflow/example_dags/example_bash_operator.py
[2024-01-30T19:07:16.410+0000] {processor.py:756} INFO - Processing file /home/airflow/.local/lib/python3.7/site-packages/airflow/example_dags/example_bash_operator.py for tasks to queue
[2024-01-30T19:07:16.412+0000] {logging_mixin.py:120} INFO - [2024-01-30T19:07:16.412+0000] {dagbag.py:537} INFO - Filling up the DagBag from /home/airflow/.local/lib/python3.7/site-packages/airflow/example_dags/example_bash_operator.py
[2024-01-30T19:07:16.464+0000] {processor.py:766} INFO - DAG(s) dict_keys(['example_bash_operator']) retrieved from /home/airflow/.local/lib/python3.7/site-packages/airflow/example_dags/example_bash_operator.py
[2024-01-30T19:07:16.570+0000] {logging_mixin.py:120} INFO - [2024-01-30T19:07:16.570+0000] {dag.py:2585} INFO - Sync 1 DAGs
[2024-01-30T19:07:16.655+0000] {logging_mixin.py:120} INFO - [2024-01-30T19:07:16.655+0000] {dag.py:3340} INFO - Setting next_dagrun for example_bash_operator to 2024-01-29T00:00:00+00:00, run_after=2024-01-30T00:00:00+00:00
[2024-01-30T19:07:16.692+0000] {processor.py:176} INFO - Processing /home/airflow/.local/lib/python3.7/site-packages/airflow/example_dags/example_bash_operator.py took 0.294 seconds
[2024-01-30T19:07:46.741+0000] {processor.py:154} INFO - Started process (PID=2307) to work on /home/airflow/.local/lib/python3.7/site-packages/airflow/example_dags/example_bash_operator.py
[2024-01-30T19:07:46.743+0000] {processor.py:756} INFO - Processing file /home/airflow/.local/lib/python3.7/site-packages/airflow/example_dags/example_bash_operator.py for tasks to queue
[2024-01-30T19:07:46.745+0000] {logging_mixin.py:120} INFO - [2024-01-30T19:07:46.744+0000] {dagbag.py:537} INFO - Filling up the DagBag from /home/airflow/.local/lib/python3.7/site-packages/airflow/example_dags/example_bash_operator.py
[2024-01-30T19:07:46.779+0000] {processor.py:766} INFO - DAG(s) dict_keys(['example_bash_operator']) retrieved from /home/airflow/.local/lib/python3.7/site-packages/airflow/example_dags/example_bash_operator.py
[2024-01-30T19:07:46.879+0000] {logging_mixin.py:120} INFO - [2024-01-30T19:07:46.879+0000] {dag.py:2585} INFO - Sync 1 DAGs
[2024-01-30T19:07:46.944+0000] {logging_mixin.py:120} INFO - [2024-01-30T19:07:46.944+0000] {dag.py:3340} INFO - Setting next_dagrun for example_bash_operator to 2024-01-29T00:00:00+00:00, run_after=2024-01-30T00:00:00+00:00
[2024-01-30T19:07:47.009+0000] {processor.py:176} INFO - Processing /home/airflow/.local/lib/python3.7/site-packages/airflow/example_dags/example_bash_operator.py took 0.274 seconds
[2024-01-30T19:08:17.463+0000] {processor.py:154} INFO - Started process (PID=2372) to work on /home/airflow/.local/lib/python3.7/site-packages/airflow/example_dags/example_bash_operator.py
[2024-01-30T19:08:17.466+0000] {processor.py:756} INFO - Processing file /home/airflow/.local/lib/python3.7/site-packages/airflow/example_dags/example_bash_operator.py for tasks to queue
[2024-01-30T19:08:17.469+0000] {logging_mixin.py:120} INFO - [2024-01-30T19:08:17.468+0000] {dagbag.py:537} INFO - Filling up the DagBag from /home/airflow/.local/lib/python3.7/site-packages/airflow/example_dags/example_bash_operator.py
[2024-01-30T19:08:17.545+0000] {processor.py:766} INFO - DAG(s) dict_keys(['example_bash_operator']) retrieved from /home/airflow/.local/lib/python3.7/site-packages/airflow/example_dags/example_bash_operator.py
[2024-01-30T19:08:17.618+0000] {logging_mixin.py:120} INFO - [2024-01-30T19:08:17.617+0000] {dag.py:2585} INFO - Sync 1 DAGs
[2024-01-30T19:08:17.660+0000] {logging_mixin.py:120} INFO - [2024-01-30T19:08:17.659+0000] {dag.py:3340} INFO - Setting next_dagrun for example_bash_operator to 2024-01-29T00:00:00+00:00, run_after=2024-01-30T00:00:00+00:00
[2024-01-30T19:08:17.688+0000] {processor.py:176} INFO - Processing /home/airflow/.local/lib/python3.7/site-packages/airflow/example_dags/example_bash_operator.py took 0.239 seconds
[2024-01-30T19:08:48.315+0000] {processor.py:154} INFO - Started process (PID=2428) to work on /home/airflow/.local/lib/python3.7/site-packages/airflow/example_dags/example_bash_operator.py
[2024-01-30T19:08:48.318+0000] {processor.py:756} INFO - Processing file /home/airflow/.local/lib/python3.7/site-packages/airflow/example_dags/example_bash_operator.py for tasks to queue
[2024-01-30T19:08:48.320+0000] {logging_mixin.py:120} INFO - [2024-01-30T19:08:48.319+0000] {dagbag.py:537} INFO - Filling up the DagBag from /home/airflow/.local/lib/python3.7/site-packages/airflow/example_dags/example_bash_operator.py
[2024-01-30T19:08:48.357+0000] {processor.py:766} INFO - DAG(s) dict_keys(['example_bash_operator']) retrieved from /home/airflow/.local/lib/python3.7/site-packages/airflow/example_dags/example_bash_operator.py
[2024-01-30T19:08:48.437+0000] {logging_mixin.py:120} INFO - [2024-01-30T19:08:48.437+0000] {dag.py:2585} INFO - Sync 1 DAGs
[2024-01-30T19:08:48.490+0000] {logging_mixin.py:120} INFO - [2024-01-30T19:08:48.489+0000] {dag.py:3340} INFO - Setting next_dagrun for example_bash_operator to 2024-01-29T00:00:00+00:00, run_after=2024-01-30T00:00:00+00:00
[2024-01-30T19:08:48.527+0000] {processor.py:176} INFO - Processing /home/airflow/.local/lib/python3.7/site-packages/airflow/example_dags/example_bash_operator.py took 0.216 seconds
[2024-01-30T19:09:19.193+0000] {processor.py:154} INFO - Started process (PID=2494) to work on /home/airflow/.local/lib/python3.7/site-packages/airflow/example_dags/example_bash_operator.py
[2024-01-30T19:09:19.195+0000] {processor.py:756} INFO - Processing file /home/airflow/.local/lib/python3.7/site-packages/airflow/example_dags/example_bash_operator.py for tasks to queue
[2024-01-30T19:09:19.196+0000] {logging_mixin.py:120} INFO - [2024-01-30T19:09:19.196+0000] {dagbag.py:537} INFO - Filling up the DagBag from /home/airflow/.local/lib/python3.7/site-packages/airflow/example_dags/example_bash_operator.py
[2024-01-30T19:09:19.233+0000] {processor.py:766} INFO - DAG(s) dict_keys(['example_bash_operator']) retrieved from /home/airflow/.local/lib/python3.7/site-packages/airflow/example_dags/example_bash_operator.py
[2024-01-30T19:09:19.301+0000] {logging_mixin.py:120} INFO - [2024-01-30T19:09:19.301+0000] {dag.py:2585} INFO - Sync 1 DAGs
[2024-01-30T19:09:19.340+0000] {logging_mixin.py:120} INFO - [2024-01-30T19:09:19.339+0000] {dag.py:3340} INFO - Setting next_dagrun for example_bash_operator to 2024-01-29T00:00:00+00:00, run_after=2024-01-30T00:00:00+00:00
[2024-01-30T19:09:19.373+0000] {processor.py:176} INFO - Processing /home/airflow/.local/lib/python3.7/site-packages/airflow/example_dags/example_bash_operator.py took 0.185 seconds
[2024-01-30T19:09:49.968+0000] {processor.py:154} INFO - Started process (PID=2553) to work on /home/airflow/.local/lib/python3.7/site-packages/airflow/example_dags/example_bash_operator.py
[2024-01-30T19:09:49.970+0000] {processor.py:756} INFO - Processing file /home/airflow/.local/lib/python3.7/site-packages/airflow/example_dags/example_bash_operator.py for tasks to queue
[2024-01-30T19:09:49.972+0000] {logging_mixin.py:120} INFO - [2024-01-30T19:09:49.971+0000] {dagbag.py:537} INFO - Filling up the DagBag from /home/airflow/.local/lib/python3.7/site-packages/airflow/example_dags/example_bash_operator.py
[2024-01-30T19:09:50.028+0000] {processor.py:766} INFO - DAG(s) dict_keys(['example_bash_operator']) retrieved from /home/airflow/.local/lib/python3.7/site-packages/airflow/example_dags/example_bash_operator.py
[2024-01-30T19:09:50.115+0000] {logging_mixin.py:120} INFO - [2024-01-30T19:09:50.114+0000] {dag.py:2585} INFO - Sync 1 DAGs
[2024-01-30T19:09:50.153+0000] {logging_mixin.py:120} INFO - [2024-01-30T19:09:50.153+0000] {dag.py:3340} INFO - Setting next_dagrun for example_bash_operator to 2024-01-29T00:00:00+00:00, run_after=2024-01-30T00:00:00+00:00
[2024-01-30T19:09:50.177+0000] {processor.py:176} INFO - Processing /home/airflow/.local/lib/python3.7/site-packages/airflow/example_dags/example_bash_operator.py took 0.216 seconds
[2024-01-30T19:10:20.537+0000] {processor.py:154} INFO - Started process (PID=2617) to work on /home/airflow/.local/lib/python3.7/site-packages/airflow/example_dags/example_bash_operator.py
[2024-01-30T19:10:20.539+0000] {processor.py:756} INFO - Processing file /home/airflow/.local/lib/python3.7/site-packages/airflow/example_dags/example_bash_operator.py for tasks to queue
[2024-01-30T19:10:20.540+0000] {logging_mixin.py:120} INFO - [2024-01-30T19:10:20.540+0000] {dagbag.py:537} INFO - Filling up the DagBag from /home/airflow/.local/lib/python3.7/site-packages/airflow/example_dags/example_bash_operator.py
[2024-01-30T19:10:20.574+0000] {processor.py:766} INFO - DAG(s) dict_keys(['example_bash_operator']) retrieved from /home/airflow/.local/lib/python3.7/site-packages/airflow/example_dags/example_bash_operator.py
[2024-01-30T19:10:20.636+0000] {logging_mixin.py:120} INFO - [2024-01-30T19:10:20.636+0000] {dag.py:2585} INFO - Sync 1 DAGs
[2024-01-30T19:10:20.672+0000] {logging_mixin.py:120} INFO - [2024-01-30T19:10:20.672+0000] {dag.py:3340} INFO - Setting next_dagrun for example_bash_operator to 2024-01-29T00:00:00+00:00, run_after=2024-01-30T00:00:00+00:00
[2024-01-30T19:10:20.700+0000] {processor.py:176} INFO - Processing /home/airflow/.local/lib/python3.7/site-packages/airflow/example_dags/example_bash_operator.py took 0.169 seconds
[2024-01-30T19:10:51.161+0000] {processor.py:154} INFO - Started process (PID=2682) to work on /home/airflow/.local/lib/python3.7/site-packages/airflow/example_dags/example_bash_operator.py
[2024-01-30T19:10:51.163+0000] {processor.py:756} INFO - Processing file /home/airflow/.local/lib/python3.7/site-packages/airflow/example_dags/example_bash_operator.py for tasks to queue
[2024-01-30T19:10:51.165+0000] {logging_mixin.py:120} INFO - [2024-01-30T19:10:51.165+0000] {dagbag.py:537} INFO - Filling up the DagBag from /home/airflow/.local/lib/python3.7/site-packages/airflow/example_dags/example_bash_operator.py
[2024-01-30T19:10:51.203+0000] {processor.py:766} INFO - DAG(s) dict_keys(['example_bash_operator']) retrieved from /home/airflow/.local/lib/python3.7/site-packages/airflow/example_dags/example_bash_operator.py
[2024-01-30T19:10:51.266+0000] {logging_mixin.py:120} INFO - [2024-01-30T19:10:51.266+0000] {dag.py:2585} INFO - Sync 1 DAGs
[2024-01-30T19:10:51.348+0000] {logging_mixin.py:120} INFO - [2024-01-30T19:10:51.348+0000] {dag.py:3340} INFO - Setting next_dagrun for example_bash_operator to 2024-01-29T00:00:00+00:00, run_after=2024-01-30T00:00:00+00:00
[2024-01-30T19:10:51.409+0000] {processor.py:176} INFO - Processing /home/airflow/.local/lib/python3.7/site-packages/airflow/example_dags/example_bash_operator.py took 0.253 seconds
[2024-01-30T19:11:21.689+0000] {processor.py:154} INFO - Started process (PID=2738) to work on /home/airflow/.local/lib/python3.7/site-packages/airflow/example_dags/example_bash_operator.py
[2024-01-30T19:11:21.690+0000] {processor.py:756} INFO - Processing file /home/airflow/.local/lib/python3.7/site-packages/airflow/example_dags/example_bash_operator.py for tasks to queue
[2024-01-30T19:11:21.692+0000] {logging_mixin.py:120} INFO - [2024-01-30T19:11:21.691+0000] {dagbag.py:537} INFO - Filling up the DagBag from /home/airflow/.local/lib/python3.7/site-packages/airflow/example_dags/example_bash_operator.py
[2024-01-30T19:11:21.726+0000] {processor.py:766} INFO - DAG(s) dict_keys(['example_bash_operator']) retrieved from /home/airflow/.local/lib/python3.7/site-packages/airflow/example_dags/example_bash_operator.py
[2024-01-30T19:11:21.791+0000] {logging_mixin.py:120} INFO - [2024-01-30T19:11:21.790+0000] {dag.py:2585} INFO - Sync 1 DAGs
[2024-01-30T19:11:21.826+0000] {logging_mixin.py:120} INFO - [2024-01-30T19:11:21.826+0000] {dag.py:3340} INFO - Setting next_dagrun for example_bash_operator to 2024-01-29T00:00:00+00:00, run_after=2024-01-30T00:00:00+00:00
[2024-01-30T19:11:21.864+0000] {processor.py:176} INFO - Processing /home/airflow/.local/lib/python3.7/site-packages/airflow/example_dags/example_bash_operator.py took 0.182 seconds
[2024-01-30T19:11:52.050+0000] {processor.py:154} INFO - Started process (PID=2803) to work on /home/airflow/.local/lib/python3.7/site-packages/airflow/example_dags/example_bash_operator.py
[2024-01-30T19:11:52.052+0000] {processor.py:756} INFO - Processing file /home/airflow/.local/lib/python3.7/site-packages/airflow/example_dags/example_bash_operator.py for tasks to queue
[2024-01-30T19:11:52.053+0000] {logging_mixin.py:120} INFO - [2024-01-30T19:11:52.053+0000] {dagbag.py:537} INFO - Filling up the DagBag from /home/airflow/.local/lib/python3.7/site-packages/airflow/example_dags/example_bash_operator.py
[2024-01-30T19:11:52.087+0000] {processor.py:766} INFO - DAG(s) dict_keys(['example_bash_operator']) retrieved from /home/airflow/.local/lib/python3.7/site-packages/airflow/example_dags/example_bash_operator.py
[2024-01-30T19:11:52.148+0000] {logging_mixin.py:120} INFO - [2024-01-30T19:11:52.148+0000] {dag.py:2585} INFO - Sync 1 DAGs
[2024-01-30T19:11:52.183+0000] {logging_mixin.py:120} INFO - [2024-01-30T19:11:52.182+0000] {dag.py:3340} INFO - Setting next_dagrun for example_bash_operator to 2024-01-29T00:00:00+00:00, run_after=2024-01-30T00:00:00+00:00
[2024-01-30T19:11:52.211+0000] {processor.py:176} INFO - Processing /home/airflow/.local/lib/python3.7/site-packages/airflow/example_dags/example_bash_operator.py took 0.167 seconds
[2024-01-30T19:12:22.748+0000] {processor.py:154} INFO - Started process (PID=2868) to work on /home/airflow/.local/lib/python3.7/site-packages/airflow/example_dags/example_bash_operator.py
[2024-01-30T19:12:22.750+0000] {processor.py:756} INFO - Processing file /home/airflow/.local/lib/python3.7/site-packages/airflow/example_dags/example_bash_operator.py for tasks to queue
[2024-01-30T19:12:22.752+0000] {logging_mixin.py:120} INFO - [2024-01-30T19:12:22.751+0000] {dagbag.py:537} INFO - Filling up the DagBag from /home/airflow/.local/lib/python3.7/site-packages/airflow/example_dags/example_bash_operator.py
[2024-01-30T19:12:22.786+0000] {processor.py:766} INFO - DAG(s) dict_keys(['example_bash_operator']) retrieved from /home/airflow/.local/lib/python3.7/site-packages/airflow/example_dags/example_bash_operator.py
[2024-01-30T19:12:22.865+0000] {logging_mixin.py:120} INFO - [2024-01-30T19:12:22.865+0000] {dag.py:2585} INFO - Sync 1 DAGs
[2024-01-30T19:12:22.920+0000] {logging_mixin.py:120} INFO - [2024-01-30T19:12:22.920+0000] {dag.py:3340} INFO - Setting next_dagrun for example_bash_operator to 2024-01-29T00:00:00+00:00, run_after=2024-01-30T00:00:00+00:00
[2024-01-30T19:12:22.956+0000] {processor.py:176} INFO - Processing /home/airflow/.local/lib/python3.7/site-packages/airflow/example_dags/example_bash_operator.py took 0.213 seconds
[2024-01-30T19:12:53.008+0000] {processor.py:154} INFO - Started process (PID=2927) to work on /home/airflow/.local/lib/python3.7/site-packages/airflow/example_dags/example_bash_operator.py
[2024-01-30T19:12:53.010+0000] {processor.py:756} INFO - Processing file /home/airflow/.local/lib/python3.7/site-packages/airflow/example_dags/example_bash_operator.py for tasks to queue
[2024-01-30T19:12:53.013+0000] {logging_mixin.py:120} INFO - [2024-01-30T19:12:53.013+0000] {dagbag.py:537} INFO - Filling up the DagBag from /home/airflow/.local/lib/python3.7/site-packages/airflow/example_dags/example_bash_operator.py
[2024-01-30T19:12:53.055+0000] {processor.py:766} INFO - DAG(s) dict_keys(['example_bash_operator']) retrieved from /home/airflow/.local/lib/python3.7/site-packages/airflow/example_dags/example_bash_operator.py
[2024-01-30T19:12:53.132+0000] {logging_mixin.py:120} INFO - [2024-01-30T19:12:53.132+0000] {dag.py:2585} INFO - Sync 1 DAGs
[2024-01-30T19:12:53.233+0000] {logging_mixin.py:120} INFO - [2024-01-30T19:12:53.231+0000] {dag.py:3340} INFO - Setting next_dagrun for example_bash_operator to 2024-01-29T00:00:00+00:00, run_after=2024-01-30T00:00:00+00:00
[2024-01-30T19:12:53.281+0000] {processor.py:176} INFO - Processing /home/airflow/.local/lib/python3.7/site-packages/airflow/example_dags/example_bash_operator.py took 0.278 seconds
[2024-01-30T19:13:23.766+0000] {processor.py:154} INFO - Started process (PID=2991) to work on /home/airflow/.local/lib/python3.7/site-packages/airflow/example_dags/example_bash_operator.py
[2024-01-30T19:13:23.768+0000] {processor.py:756} INFO - Processing file /home/airflow/.local/lib/python3.7/site-packages/airflow/example_dags/example_bash_operator.py for tasks to queue
[2024-01-30T19:13:23.769+0000] {logging_mixin.py:120} INFO - [2024-01-30T19:13:23.769+0000] {dagbag.py:537} INFO - Filling up the DagBag from /home/airflow/.local/lib/python3.7/site-packages/airflow/example_dags/example_bash_operator.py
[2024-01-30T19:13:23.808+0000] {processor.py:766} INFO - DAG(s) dict_keys(['example_bash_operator']) retrieved from /home/airflow/.local/lib/python3.7/site-packages/airflow/example_dags/example_bash_operator.py
[2024-01-30T19:13:23.889+0000] {logging_mixin.py:120} INFO - [2024-01-30T19:13:23.888+0000] {dag.py:2585} INFO - Sync 1 DAGs
[2024-01-30T19:13:23.931+0000] {logging_mixin.py:120} INFO - [2024-01-30T19:13:23.931+0000] {dag.py:3340} INFO - Setting next_dagrun for example_bash_operator to 2024-01-29T00:00:00+00:00, run_after=2024-01-30T00:00:00+00:00
[2024-01-30T19:13:23.957+0000] {processor.py:176} INFO - Processing /home/airflow/.local/lib/python3.7/site-packages/airflow/example_dags/example_bash_operator.py took 0.198 seconds
[2024-01-30T19:13:54.085+0000] {processor.py:154} INFO - Started process (PID=3047) to work on /home/airflow/.local/lib/python3.7/site-packages/airflow/example_dags/example_bash_operator.py
[2024-01-30T19:13:54.087+0000] {processor.py:756} INFO - Processing file /home/airflow/.local/lib/python3.7/site-packages/airflow/example_dags/example_bash_operator.py for tasks to queue
[2024-01-30T19:13:54.089+0000] {logging_mixin.py:120} INFO - [2024-01-30T19:13:54.088+0000] {dagbag.py:537} INFO - Filling up the DagBag from /home/airflow/.local/lib/python3.7/site-packages/airflow/example_dags/example_bash_operator.py
[2024-01-30T19:13:54.123+0000] {processor.py:766} INFO - DAG(s) dict_keys(['example_bash_operator']) retrieved from /home/airflow/.local/lib/python3.7/site-packages/airflow/example_dags/example_bash_operator.py
[2024-01-30T19:13:54.191+0000] {logging_mixin.py:120} INFO - [2024-01-30T19:13:54.191+0000] {dag.py:2585} INFO - Sync 1 DAGs
[2024-01-30T19:13:54.230+0000] {logging_mixin.py:120} INFO - [2024-01-30T19:13:54.229+0000] {dag.py:3340} INFO - Setting next_dagrun for example_bash_operator to 2024-01-29T00:00:00+00:00, run_after=2024-01-30T00:00:00+00:00
[2024-01-30T19:13:54.260+0000] {processor.py:176} INFO - Processing /home/airflow/.local/lib/python3.7/site-packages/airflow/example_dags/example_bash_operator.py took 0.180 seconds
[2024-01-30T19:14:24.577+0000] {processor.py:154} INFO - Started process (PID=3114) to work on /home/airflow/.local/lib/python3.7/site-packages/airflow/example_dags/example_bash_operator.py
[2024-01-30T19:14:24.579+0000] {processor.py:756} INFO - Processing file /home/airflow/.local/lib/python3.7/site-packages/airflow/example_dags/example_bash_operator.py for tasks to queue
[2024-01-30T19:14:24.581+0000] {logging_mixin.py:120} INFO - [2024-01-30T19:14:24.580+0000] {dagbag.py:537} INFO - Filling up the DagBag from /home/airflow/.local/lib/python3.7/site-packages/airflow/example_dags/example_bash_operator.py
[2024-01-30T19:14:24.630+0000] {processor.py:766} INFO - DAG(s) dict_keys(['example_bash_operator']) retrieved from /home/airflow/.local/lib/python3.7/site-packages/airflow/example_dags/example_bash_operator.py
[2024-01-30T19:14:24.711+0000] {logging_mixin.py:120} INFO - [2024-01-30T19:14:24.711+0000] {dag.py:2585} INFO - Sync 1 DAGs
[2024-01-30T19:14:24.765+0000] {logging_mixin.py:120} INFO - [2024-01-30T19:14:24.765+0000] {dag.py:3340} INFO - Setting next_dagrun for example_bash_operator to 2024-01-29T00:00:00+00:00, run_after=2024-01-30T00:00:00+00:00
[2024-01-30T19:14:24.802+0000] {processor.py:176} INFO - Processing /home/airflow/.local/lib/python3.7/site-packages/airflow/example_dags/example_bash_operator.py took 0.234 seconds
[2024-01-30T19:14:54.949+0000] {processor.py:154} INFO - Started process (PID=3179) to work on /home/airflow/.local/lib/python3.7/site-packages/airflow/example_dags/example_bash_operator.py
[2024-01-30T19:14:54.950+0000] {processor.py:756} INFO - Processing file /home/airflow/.local/lib/python3.7/site-packages/airflow/example_dags/example_bash_operator.py for tasks to queue
[2024-01-30T19:14:54.952+0000] {logging_mixin.py:120} INFO - [2024-01-30T19:14:54.952+0000] {dagbag.py:537} INFO - Filling up the DagBag from /home/airflow/.local/lib/python3.7/site-packages/airflow/example_dags/example_bash_operator.py
[2024-01-30T19:14:54.984+0000] {processor.py:766} INFO - DAG(s) dict_keys(['example_bash_operator']) retrieved from /home/airflow/.local/lib/python3.7/site-packages/airflow/example_dags/example_bash_operator.py
[2024-01-30T19:14:55.042+0000] {logging_mixin.py:120} INFO - [2024-01-30T19:14:55.042+0000] {dag.py:2585} INFO - Sync 1 DAGs
[2024-01-30T19:14:55.077+0000] {logging_mixin.py:120} INFO - [2024-01-30T19:14:55.077+0000] {dag.py:3340} INFO - Setting next_dagrun for example_bash_operator to 2024-01-29T00:00:00+00:00, run_after=2024-01-30T00:00:00+00:00
[2024-01-30T19:14:55.109+0000] {processor.py:176} INFO - Processing /home/airflow/.local/lib/python3.7/site-packages/airflow/example_dags/example_bash_operator.py took 0.165 seconds
[2024-01-30T19:15:25.886+0000] {processor.py:154} INFO - Started process (PID=3235) to work on /home/airflow/.local/lib/python3.7/site-packages/airflow/example_dags/example_bash_operator.py
[2024-01-30T19:15:25.887+0000] {processor.py:756} INFO - Processing file /home/airflow/.local/lib/python3.7/site-packages/airflow/example_dags/example_bash_operator.py for tasks to queue
[2024-01-30T19:15:25.889+0000] {logging_mixin.py:120} INFO - [2024-01-30T19:15:25.889+0000] {dagbag.py:537} INFO - Filling up the DagBag from /home/airflow/.local/lib/python3.7/site-packages/airflow/example_dags/example_bash_operator.py
[2024-01-30T19:15:25.918+0000] {processor.py:766} INFO - DAG(s) dict_keys(['example_bash_operator']) retrieved from /home/airflow/.local/lib/python3.7/site-packages/airflow/example_dags/example_bash_operator.py
[2024-01-30T19:15:25.976+0000] {logging_mixin.py:120} INFO - [2024-01-30T19:15:25.976+0000] {dag.py:2585} INFO - Sync 1 DAGs
[2024-01-30T19:15:26.017+0000] {logging_mixin.py:120} INFO - [2024-01-30T19:15:26.017+0000] {dag.py:3340} INFO - Setting next_dagrun for example_bash_operator to 2024-01-29T00:00:00+00:00, run_after=2024-01-30T00:00:00+00:00
[2024-01-30T19:15:26.046+0000] {processor.py:176} INFO - Processing /home/airflow/.local/lib/python3.7/site-packages/airflow/example_dags/example_bash_operator.py took 0.165 seconds
[2024-01-30T19:15:56.116+0000] {processor.py:154} INFO - Started process (PID=3299) to work on /home/airflow/.local/lib/python3.7/site-packages/airflow/example_dags/example_bash_operator.py
[2024-01-30T19:15:56.119+0000] {processor.py:756} INFO - Processing file /home/airflow/.local/lib/python3.7/site-packages/airflow/example_dags/example_bash_operator.py for tasks to queue
[2024-01-30T19:15:56.121+0000] {logging_mixin.py:120} INFO - [2024-01-30T19:15:56.120+0000] {dagbag.py:537} INFO - Filling up the DagBag from /home/airflow/.local/lib/python3.7/site-packages/airflow/example_dags/example_bash_operator.py
[2024-01-30T19:15:56.175+0000] {processor.py:766} INFO - DAG(s) dict_keys(['example_bash_operator']) retrieved from /home/airflow/.local/lib/python3.7/site-packages/airflow/example_dags/example_bash_operator.py
[2024-01-30T19:15:56.262+0000] {logging_mixin.py:120} INFO - [2024-01-30T19:15:56.262+0000] {dag.py:2585} INFO - Sync 1 DAGs
[2024-01-30T19:15:56.309+0000] {logging_mixin.py:120} INFO - [2024-01-30T19:15:56.309+0000] {dag.py:3340} INFO - Setting next_dagrun for example_bash_operator to 2024-01-29T00:00:00+00:00, run_after=2024-01-30T00:00:00+00:00
[2024-01-30T19:15:56.344+0000] {processor.py:176} INFO - Processing /home/airflow/.local/lib/python3.7/site-packages/airflow/example_dags/example_bash_operator.py took 0.238 seconds
[2024-01-30T19:16:26.960+0000] {processor.py:154} INFO - Started process (PID=3355) to work on /home/airflow/.local/lib/python3.7/site-packages/airflow/example_dags/example_bash_operator.py
[2024-01-30T19:16:26.966+0000] {processor.py:756} INFO - Processing file /home/airflow/.local/lib/python3.7/site-packages/airflow/example_dags/example_bash_operator.py for tasks to queue
[2024-01-30T19:16:26.968+0000] {logging_mixin.py:120} INFO - [2024-01-30T19:16:26.967+0000] {dagbag.py:537} INFO - Filling up the DagBag from /home/airflow/.local/lib/python3.7/site-packages/airflow/example_dags/example_bash_operator.py
[2024-01-30T19:16:27.029+0000] {processor.py:766} INFO - DAG(s) dict_keys(['example_bash_operator']) retrieved from /home/airflow/.local/lib/python3.7/site-packages/airflow/example_dags/example_bash_operator.py
[2024-01-30T19:16:27.112+0000] {logging_mixin.py:120} INFO - [2024-01-30T19:16:27.112+0000] {dag.py:2585} INFO - Sync 1 DAGs
[2024-01-30T19:16:27.152+0000] {logging_mixin.py:120} INFO - [2024-01-30T19:16:27.152+0000] {dag.py:3340} INFO - Setting next_dagrun for example_bash_operator to 2024-01-29T00:00:00+00:00, run_after=2024-01-30T00:00:00+00:00
[2024-01-30T19:16:27.185+0000] {processor.py:176} INFO - Processing /home/airflow/.local/lib/python3.7/site-packages/airflow/example_dags/example_bash_operator.py took 0.238 seconds
[2024-01-30T19:16:57.286+0000] {processor.py:154} INFO - Started process (PID=3419) to work on /home/airflow/.local/lib/python3.7/site-packages/airflow/example_dags/example_bash_operator.py
[2024-01-30T19:16:57.288+0000] {processor.py:756} INFO - Processing file /home/airflow/.local/lib/python3.7/site-packages/airflow/example_dags/example_bash_operator.py for tasks to queue
[2024-01-30T19:16:57.289+0000] {logging_mixin.py:120} INFO - [2024-01-30T19:16:57.289+0000] {dagbag.py:537} INFO - Filling up the DagBag from /home/airflow/.local/lib/python3.7/site-packages/airflow/example_dags/example_bash_operator.py
[2024-01-30T19:16:57.333+0000] {processor.py:766} INFO - DAG(s) dict_keys(['example_bash_operator']) retrieved from /home/airflow/.local/lib/python3.7/site-packages/airflow/example_dags/example_bash_operator.py
[2024-01-30T19:16:57.414+0000] {logging_mixin.py:120} INFO - [2024-01-30T19:16:57.413+0000] {dag.py:2585} INFO - Sync 1 DAGs
[2024-01-30T19:16:57.463+0000] {logging_mixin.py:120} INFO - [2024-01-30T19:16:57.462+0000] {dag.py:3340} INFO - Setting next_dagrun for example_bash_operator to 2024-01-29T00:00:00+00:00, run_after=2024-01-30T00:00:00+00:00
[2024-01-30T19:16:57.493+0000] {processor.py:176} INFO - Processing /home/airflow/.local/lib/python3.7/site-packages/airflow/example_dags/example_bash_operator.py took 0.214 seconds
[2024-01-30T19:17:28.099+0000] {processor.py:154} INFO - Started process (PID=3484) to work on /home/airflow/.local/lib/python3.7/site-packages/airflow/example_dags/example_bash_operator.py
[2024-01-30T19:17:28.101+0000] {processor.py:756} INFO - Processing file /home/airflow/.local/lib/python3.7/site-packages/airflow/example_dags/example_bash_operator.py for tasks to queue
[2024-01-30T19:17:28.103+0000] {logging_mixin.py:120} INFO - [2024-01-30T19:17:28.102+0000] {dagbag.py:537} INFO - Filling up the DagBag from /home/airflow/.local/lib/python3.7/site-packages/airflow/example_dags/example_bash_operator.py
[2024-01-30T19:17:28.181+0000] {processor.py:766} INFO - DAG(s) dict_keys(['example_bash_operator']) retrieved from /home/airflow/.local/lib/python3.7/site-packages/airflow/example_dags/example_bash_operator.py
[2024-01-30T19:17:28.270+0000] {logging_mixin.py:120} INFO - [2024-01-30T19:17:28.270+0000] {dag.py:2585} INFO - Sync 1 DAGs
[2024-01-30T19:17:28.304+0000] {logging_mixin.py:120} INFO - [2024-01-30T19:17:28.304+0000] {dag.py:3340} INFO - Setting next_dagrun for example_bash_operator to 2024-01-29T00:00:00+00:00, run_after=2024-01-30T00:00:00+00:00
[2024-01-30T19:17:28.338+0000] {processor.py:176} INFO - Processing /home/airflow/.local/lib/python3.7/site-packages/airflow/example_dags/example_bash_operator.py took 0.245 seconds
[2024-01-30T19:17:58.749+0000] {processor.py:154} INFO - Started process (PID=3540) to work on /home/airflow/.local/lib/python3.7/site-packages/airflow/example_dags/example_bash_operator.py
[2024-01-30T19:17:58.750+0000] {processor.py:756} INFO - Processing file /home/airflow/.local/lib/python3.7/site-packages/airflow/example_dags/example_bash_operator.py for tasks to queue
[2024-01-30T19:17:58.751+0000] {logging_mixin.py:120} INFO - [2024-01-30T19:17:58.751+0000] {dagbag.py:537} INFO - Filling up the DagBag from /home/airflow/.local/lib/python3.7/site-packages/airflow/example_dags/example_bash_operator.py
[2024-01-30T19:17:58.785+0000] {processor.py:766} INFO - DAG(s) dict_keys(['example_bash_operator']) retrieved from /home/airflow/.local/lib/python3.7/site-packages/airflow/example_dags/example_bash_operator.py
[2024-01-30T19:17:58.850+0000] {logging_mixin.py:120} INFO - [2024-01-30T19:17:58.850+0000] {dag.py:2585} INFO - Sync 1 DAGs
[2024-01-30T19:17:58.884+0000] {logging_mixin.py:120} INFO - [2024-01-30T19:17:58.884+0000] {dag.py:3340} INFO - Setting next_dagrun for example_bash_operator to 2024-01-29T00:00:00+00:00, run_after=2024-01-30T00:00:00+00:00
[2024-01-30T19:17:58.914+0000] {processor.py:176} INFO - Processing /home/airflow/.local/lib/python3.7/site-packages/airflow/example_dags/example_bash_operator.py took 0.169 seconds
[2024-01-30T19:18:29.337+0000] {processor.py:154} INFO - Started process (PID=3606) to work on /home/airflow/.local/lib/python3.7/site-packages/airflow/example_dags/example_bash_operator.py
[2024-01-30T19:18:29.339+0000] {processor.py:756} INFO - Processing file /home/airflow/.local/lib/python3.7/site-packages/airflow/example_dags/example_bash_operator.py for tasks to queue
[2024-01-30T19:18:29.341+0000] {logging_mixin.py:120} INFO - [2024-01-30T19:18:29.340+0000] {dagbag.py:537} INFO - Filling up the DagBag from /home/airflow/.local/lib/python3.7/site-packages/airflow/example_dags/example_bash_operator.py
[2024-01-30T19:18:29.373+0000] {processor.py:766} INFO - DAG(s) dict_keys(['example_bash_operator']) retrieved from /home/airflow/.local/lib/python3.7/site-packages/airflow/example_dags/example_bash_operator.py
[2024-01-30T19:18:29.432+0000] {logging_mixin.py:120} INFO - [2024-01-30T19:18:29.432+0000] {dag.py:2585} INFO - Sync 1 DAGs
[2024-01-30T19:18:29.464+0000] {logging_mixin.py:120} INFO - [2024-01-30T19:18:29.464+0000] {dag.py:3340} INFO - Setting next_dagrun for example_bash_operator to 2024-01-29T00:00:00+00:00, run_after=2024-01-30T00:00:00+00:00
[2024-01-30T19:18:29.489+0000] {processor.py:176} INFO - Processing /home/airflow/.local/lib/python3.7/site-packages/airflow/example_dags/example_bash_operator.py took 0.157 seconds
[2024-01-30T19:18:59.742+0000] {processor.py:154} INFO - Started process (PID=3671) to work on /home/airflow/.local/lib/python3.7/site-packages/airflow/example_dags/example_bash_operator.py
[2024-01-30T19:18:59.744+0000] {processor.py:756} INFO - Processing file /home/airflow/.local/lib/python3.7/site-packages/airflow/example_dags/example_bash_operator.py for tasks to queue
[2024-01-30T19:18:59.745+0000] {logging_mixin.py:120} INFO - [2024-01-30T19:18:59.745+0000] {dagbag.py:537} INFO - Filling up the DagBag from /home/airflow/.local/lib/python3.7/site-packages/airflow/example_dags/example_bash_operator.py
[2024-01-30T19:18:59.777+0000] {processor.py:766} INFO - DAG(s) dict_keys(['example_bash_operator']) retrieved from /home/airflow/.local/lib/python3.7/site-packages/airflow/example_dags/example_bash_operator.py
[2024-01-30T19:18:59.838+0000] {logging_mixin.py:120} INFO - [2024-01-30T19:18:59.837+0000] {dag.py:2585} INFO - Sync 1 DAGs
[2024-01-30T19:18:59.876+0000] {logging_mixin.py:120} INFO - [2024-01-30T19:18:59.876+0000] {dag.py:3340} INFO - Setting next_dagrun for example_bash_operator to 2024-01-29T00:00:00+00:00, run_after=2024-01-30T00:00:00+00:00
[2024-01-30T19:18:59.903+0000] {processor.py:176} INFO - Processing /home/airflow/.local/lib/python3.7/site-packages/airflow/example_dags/example_bash_operator.py took 0.167 seconds
[2024-01-30T19:19:30.002+0000] {processor.py:154} INFO - Started process (PID=3727) to work on /home/airflow/.local/lib/python3.7/site-packages/airflow/example_dags/example_bash_operator.py
[2024-01-30T19:19:30.004+0000] {processor.py:756} INFO - Processing file /home/airflow/.local/lib/python3.7/site-packages/airflow/example_dags/example_bash_operator.py for tasks to queue
[2024-01-30T19:19:30.006+0000] {logging_mixin.py:120} INFO - [2024-01-30T19:19:30.006+0000] {dagbag.py:537} INFO - Filling up the DagBag from /home/airflow/.local/lib/python3.7/site-packages/airflow/example_dags/example_bash_operator.py
[2024-01-30T19:19:30.041+0000] {processor.py:766} INFO - DAG(s) dict_keys(['example_bash_operator']) retrieved from /home/airflow/.local/lib/python3.7/site-packages/airflow/example_dags/example_bash_operator.py
[2024-01-30T19:19:30.101+0000] {logging_mixin.py:120} INFO - [2024-01-30T19:19:30.101+0000] {dag.py:2585} INFO - Sync 1 DAGs
[2024-01-30T19:19:30.133+0000] {logging_mixin.py:120} INFO - [2024-01-30T19:19:30.133+0000] {dag.py:3340} INFO - Setting next_dagrun for example_bash_operator to 2024-01-29T00:00:00+00:00, run_after=2024-01-30T00:00:00+00:00
[2024-01-30T19:19:30.157+0000] {processor.py:176} INFO - Processing /home/airflow/.local/lib/python3.7/site-packages/airflow/example_dags/example_bash_operator.py took 0.160 seconds
[2024-01-30T19:20:00.550+0000] {processor.py:154} INFO - Started process (PID=3792) to work on /home/airflow/.local/lib/python3.7/site-packages/airflow/example_dags/example_bash_operator.py
[2024-01-30T19:20:00.552+0000] {processor.py:756} INFO - Processing file /home/airflow/.local/lib/python3.7/site-packages/airflow/example_dags/example_bash_operator.py for tasks to queue
[2024-01-30T19:20:00.554+0000] {logging_mixin.py:120} INFO - [2024-01-30T19:20:00.553+0000] {dagbag.py:537} INFO - Filling up the DagBag from /home/airflow/.local/lib/python3.7/site-packages/airflow/example_dags/example_bash_operator.py
[2024-01-30T19:20:00.589+0000] {processor.py:766} INFO - DAG(s) dict_keys(['example_bash_operator']) retrieved from /home/airflow/.local/lib/python3.7/site-packages/airflow/example_dags/example_bash_operator.py
[2024-01-30T19:20:00.653+0000] {logging_mixin.py:120} INFO - [2024-01-30T19:20:00.653+0000] {dag.py:2585} INFO - Sync 1 DAGs
[2024-01-30T19:20:00.704+0000] {logging_mixin.py:120} INFO - [2024-01-30T19:20:00.703+0000] {dag.py:3340} INFO - Setting next_dagrun for example_bash_operator to 2024-01-29T00:00:00+00:00, run_after=2024-01-30T00:00:00+00:00
[2024-01-30T19:20:00.748+0000] {processor.py:176} INFO - Processing /home/airflow/.local/lib/python3.7/site-packages/airflow/example_dags/example_bash_operator.py took 0.203 seconds
[2024-01-30T19:20:31.042+0000] {processor.py:154} INFO - Started process (PID=3857) to work on /home/airflow/.local/lib/python3.7/site-packages/airflow/example_dags/example_bash_operator.py
[2024-01-30T19:20:31.043+0000] {processor.py:756} INFO - Processing file /home/airflow/.local/lib/python3.7/site-packages/airflow/example_dags/example_bash_operator.py for tasks to queue
[2024-01-30T19:20:31.045+0000] {logging_mixin.py:120} INFO - [2024-01-30T19:20:31.045+0000] {dagbag.py:537} INFO - Filling up the DagBag from /home/airflow/.local/lib/python3.7/site-packages/airflow/example_dags/example_bash_operator.py
[2024-01-30T19:20:31.088+0000] {processor.py:766} INFO - DAG(s) dict_keys(['example_bash_operator']) retrieved from /home/airflow/.local/lib/python3.7/site-packages/airflow/example_dags/example_bash_operator.py
[2024-01-30T19:20:31.168+0000] {logging_mixin.py:120} INFO - [2024-01-30T19:20:31.167+0000] {dag.py:2585} INFO - Sync 1 DAGs
[2024-01-30T19:20:31.223+0000] {logging_mixin.py:120} INFO - [2024-01-30T19:20:31.223+0000] {dag.py:3340} INFO - Setting next_dagrun for example_bash_operator to 2024-01-29T00:00:00+00:00, run_after=2024-01-30T00:00:00+00:00
[2024-01-30T19:20:31.312+0000] {processor.py:176} INFO - Processing /home/airflow/.local/lib/python3.7/site-packages/airflow/example_dags/example_bash_operator.py took 0.275 seconds
[2024-01-30T19:21:01.424+0000] {processor.py:154} INFO - Started process (PID=3913) to work on /home/airflow/.local/lib/python3.7/site-packages/airflow/example_dags/example_bash_operator.py
[2024-01-30T19:21:01.427+0000] {processor.py:756} INFO - Processing file /home/airflow/.local/lib/python3.7/site-packages/airflow/example_dags/example_bash_operator.py for tasks to queue
[2024-01-30T19:21:01.429+0000] {logging_mixin.py:120} INFO - [2024-01-30T19:21:01.429+0000] {dagbag.py:537} INFO - Filling up the DagBag from /home/airflow/.local/lib/python3.7/site-packages/airflow/example_dags/example_bash_operator.py
[2024-01-30T19:21:01.458+0000] {processor.py:766} INFO - DAG(s) dict_keys(['example_bash_operator']) retrieved from /home/airflow/.local/lib/python3.7/site-packages/airflow/example_dags/example_bash_operator.py
[2024-01-30T19:21:01.516+0000] {logging_mixin.py:120} INFO - [2024-01-30T19:21:01.516+0000] {dag.py:2585} INFO - Sync 1 DAGs
[2024-01-30T19:21:01.553+0000] {logging_mixin.py:120} INFO - [2024-01-30T19:21:01.553+0000] {dag.py:3340} INFO - Setting next_dagrun for example_bash_operator to 2024-01-29T00:00:00+00:00, run_after=2024-01-30T00:00:00+00:00
[2024-01-30T19:21:01.577+0000] {processor.py:176} INFO - Processing /home/airflow/.local/lib/python3.7/site-packages/airflow/example_dags/example_bash_operator.py took 0.158 seconds
[2024-01-30T19:21:31.862+0000] {processor.py:154} INFO - Started process (PID=3978) to work on /home/airflow/.local/lib/python3.7/site-packages/airflow/example_dags/example_bash_operator.py
[2024-01-30T19:21:31.863+0000] {processor.py:756} INFO - Processing file /home/airflow/.local/lib/python3.7/site-packages/airflow/example_dags/example_bash_operator.py for tasks to queue
[2024-01-30T19:21:31.865+0000] {logging_mixin.py:120} INFO - [2024-01-30T19:21:31.864+0000] {dagbag.py:537} INFO - Filling up the DagBag from /home/airflow/.local/lib/python3.7/site-packages/airflow/example_dags/example_bash_operator.py
[2024-01-30T19:21:31.892+0000] {processor.py:766} INFO - DAG(s) dict_keys(['example_bash_operator']) retrieved from /home/airflow/.local/lib/python3.7/site-packages/airflow/example_dags/example_bash_operator.py
[2024-01-30T19:21:31.946+0000] {logging_mixin.py:120} INFO - [2024-01-30T19:21:31.946+0000] {dag.py:2585} INFO - Sync 1 DAGs
[2024-01-30T19:21:31.977+0000] {logging_mixin.py:120} INFO - [2024-01-30T19:21:31.977+0000] {dag.py:3340} INFO - Setting next_dagrun for example_bash_operator to 2024-01-29T00:00:00+00:00, run_after=2024-01-30T00:00:00+00:00
[2024-01-30T19:21:32.002+0000] {processor.py:176} INFO - Processing /home/airflow/.local/lib/python3.7/site-packages/airflow/example_dags/example_bash_operator.py took 0.144 seconds
