[2024-01-30T18:49:01.464+0000] {processor.py:154} INFO - Started process (PID=67) to work on /home/airflow/.local/lib/python3.7/site-packages/airflow/example_dags/example_kubernetes_executor.py
[2024-01-30T18:49:01.479+0000] {processor.py:756} INFO - Processing file /home/airflow/.local/lib/python3.7/site-packages/airflow/example_dags/example_kubernetes_executor.py for tasks to queue
[2024-01-30T18:49:01.483+0000] {logging_mixin.py:120} INFO - [2024-01-30T18:49:01.483+0000] {dagbag.py:537} INFO - Filling up the DagBag from /home/airflow/.local/lib/python3.7/site-packages/airflow/example_dags/example_kubernetes_executor.py
[2024-01-30T18:49:01.706+0000] {processor.py:766} INFO - DAG(s) dict_keys(['example_kubernetes_executor']) retrieved from /home/airflow/.local/lib/python3.7/site-packages/airflow/example_dags/example_kubernetes_executor.py
[2024-01-30T18:49:01.980+0000] {logging_mixin.py:120} INFO - [2024-01-30T18:49:01.979+0000] {dag.py:2585} INFO - Sync 1 DAGs
[2024-01-30T18:49:02.312+0000] {logging_mixin.py:120} INFO - [2024-01-30T18:49:02.312+0000] {dag.py:3340} INFO - Setting next_dagrun for example_kubernetes_executor to None, run_after=None
[2024-01-30T18:49:02.454+0000] {processor.py:176} INFO - Processing /home/airflow/.local/lib/python3.7/site-packages/airflow/example_dags/example_kubernetes_executor.py took 1.018 seconds
[2024-01-30T18:49:32.622+0000] {processor.py:154} INFO - Started process (PID=123) to work on /home/airflow/.local/lib/python3.7/site-packages/airflow/example_dags/example_kubernetes_executor.py
[2024-01-30T18:49:32.624+0000] {processor.py:756} INFO - Processing file /home/airflow/.local/lib/python3.7/site-packages/airflow/example_dags/example_kubernetes_executor.py for tasks to queue
[2024-01-30T18:49:32.625+0000] {logging_mixin.py:120} INFO - [2024-01-30T18:49:32.625+0000] {dagbag.py:537} INFO - Filling up the DagBag from /home/airflow/.local/lib/python3.7/site-packages/airflow/example_dags/example_kubernetes_executor.py
[2024-01-30T18:49:32.690+0000] {processor.py:766} INFO - DAG(s) dict_keys(['example_kubernetes_executor']) retrieved from /home/airflow/.local/lib/python3.7/site-packages/airflow/example_dags/example_kubernetes_executor.py
[2024-01-30T18:49:32.796+0000] {logging_mixin.py:120} INFO - [2024-01-30T18:49:32.796+0000] {dag.py:2585} INFO - Sync 1 DAGs
[2024-01-30T18:49:32.841+0000] {logging_mixin.py:120} INFO - [2024-01-30T18:49:32.841+0000] {dag.py:3340} INFO - Setting next_dagrun for example_kubernetes_executor to None, run_after=None
[2024-01-30T18:49:32.880+0000] {processor.py:176} INFO - Processing /home/airflow/.local/lib/python3.7/site-packages/airflow/example_dags/example_kubernetes_executor.py took 0.262 seconds
[2024-01-30T18:50:03.126+0000] {processor.py:154} INFO - Started process (PID=188) to work on /home/airflow/.local/lib/python3.7/site-packages/airflow/example_dags/example_kubernetes_executor.py
[2024-01-30T18:50:03.127+0000] {processor.py:756} INFO - Processing file /home/airflow/.local/lib/python3.7/site-packages/airflow/example_dags/example_kubernetes_executor.py for tasks to queue
[2024-01-30T18:50:03.129+0000] {logging_mixin.py:120} INFO - [2024-01-30T18:50:03.128+0000] {dagbag.py:537} INFO - Filling up the DagBag from /home/airflow/.local/lib/python3.7/site-packages/airflow/example_dags/example_kubernetes_executor.py
[2024-01-30T18:50:03.165+0000] {processor.py:766} INFO - DAG(s) dict_keys(['example_kubernetes_executor']) retrieved from /home/airflow/.local/lib/python3.7/site-packages/airflow/example_dags/example_kubernetes_executor.py
[2024-01-30T18:50:03.219+0000] {logging_mixin.py:120} INFO - [2024-01-30T18:50:03.219+0000] {dag.py:2585} INFO - Sync 1 DAGs
[2024-01-30T18:50:03.252+0000] {logging_mixin.py:120} INFO - [2024-01-30T18:50:03.252+0000] {dag.py:3340} INFO - Setting next_dagrun for example_kubernetes_executor to None, run_after=None
[2024-01-30T18:50:03.275+0000] {processor.py:176} INFO - Processing /home/airflow/.local/lib/python3.7/site-packages/airflow/example_dags/example_kubernetes_executor.py took 0.155 seconds
[2024-01-30T18:50:33.316+0000] {processor.py:154} INFO - Started process (PID=242) to work on /home/airflow/.local/lib/python3.7/site-packages/airflow/example_dags/example_kubernetes_executor.py
[2024-01-30T18:50:33.318+0000] {processor.py:756} INFO - Processing file /home/airflow/.local/lib/python3.7/site-packages/airflow/example_dags/example_kubernetes_executor.py for tasks to queue
[2024-01-30T18:50:33.319+0000] {logging_mixin.py:120} INFO - [2024-01-30T18:50:33.319+0000] {dagbag.py:537} INFO - Filling up the DagBag from /home/airflow/.local/lib/python3.7/site-packages/airflow/example_dags/example_kubernetes_executor.py
[2024-01-30T18:50:33.363+0000] {processor.py:766} INFO - DAG(s) dict_keys(['example_kubernetes_executor']) retrieved from /home/airflow/.local/lib/python3.7/site-packages/airflow/example_dags/example_kubernetes_executor.py
[2024-01-30T18:50:33.452+0000] {logging_mixin.py:120} INFO - [2024-01-30T18:50:33.452+0000] {dag.py:2585} INFO - Sync 1 DAGs
[2024-01-30T18:50:33.563+0000] {logging_mixin.py:120} INFO - [2024-01-30T18:50:33.562+0000] {dag.py:3340} INFO - Setting next_dagrun for example_kubernetes_executor to None, run_after=None
[2024-01-30T18:50:33.601+0000] {processor.py:176} INFO - Processing /home/airflow/.local/lib/python3.7/site-packages/airflow/example_dags/example_kubernetes_executor.py took 0.289 seconds
[2024-01-30T18:51:04.442+0000] {processor.py:154} INFO - Started process (PID=306) to work on /home/airflow/.local/lib/python3.7/site-packages/airflow/example_dags/example_kubernetes_executor.py
[2024-01-30T18:51:04.444+0000] {processor.py:756} INFO - Processing file /home/airflow/.local/lib/python3.7/site-packages/airflow/example_dags/example_kubernetes_executor.py for tasks to queue
[2024-01-30T18:51:04.445+0000] {logging_mixin.py:120} INFO - [2024-01-30T18:51:04.445+0000] {dagbag.py:537} INFO - Filling up the DagBag from /home/airflow/.local/lib/python3.7/site-packages/airflow/example_dags/example_kubernetes_executor.py
[2024-01-30T18:51:04.484+0000] {processor.py:766} INFO - DAG(s) dict_keys(['example_kubernetes_executor']) retrieved from /home/airflow/.local/lib/python3.7/site-packages/airflow/example_dags/example_kubernetes_executor.py
[2024-01-30T18:51:04.537+0000] {logging_mixin.py:120} INFO - [2024-01-30T18:51:04.537+0000] {dag.py:2585} INFO - Sync 1 DAGs
[2024-01-30T18:51:04.567+0000] {logging_mixin.py:120} INFO - [2024-01-30T18:51:04.567+0000] {dag.py:3340} INFO - Setting next_dagrun for example_kubernetes_executor to None, run_after=None
[2024-01-30T18:51:04.595+0000] {processor.py:176} INFO - Processing /home/airflow/.local/lib/python3.7/site-packages/airflow/example_dags/example_kubernetes_executor.py took 0.160 seconds
[2024-01-30T18:51:34.908+0000] {processor.py:154} INFO - Started process (PID=371) to work on /home/airflow/.local/lib/python3.7/site-packages/airflow/example_dags/example_kubernetes_executor.py
[2024-01-30T18:51:34.909+0000] {processor.py:756} INFO - Processing file /home/airflow/.local/lib/python3.7/site-packages/airflow/example_dags/example_kubernetes_executor.py for tasks to queue
[2024-01-30T18:51:34.910+0000] {logging_mixin.py:120} INFO - [2024-01-30T18:51:34.910+0000] {dagbag.py:537} INFO - Filling up the DagBag from /home/airflow/.local/lib/python3.7/site-packages/airflow/example_dags/example_kubernetes_executor.py
[2024-01-30T18:51:34.949+0000] {processor.py:766} INFO - DAG(s) dict_keys(['example_kubernetes_executor']) retrieved from /home/airflow/.local/lib/python3.7/site-packages/airflow/example_dags/example_kubernetes_executor.py
[2024-01-30T18:51:35.024+0000] {logging_mixin.py:120} INFO - [2024-01-30T18:51:35.023+0000] {dag.py:2585} INFO - Sync 1 DAGs
[2024-01-30T18:51:35.078+0000] {logging_mixin.py:120} INFO - [2024-01-30T18:51:35.078+0000] {dag.py:3340} INFO - Setting next_dagrun for example_kubernetes_executor to None, run_after=None
[2024-01-30T18:51:35.106+0000] {processor.py:176} INFO - Processing /home/airflow/.local/lib/python3.7/site-packages/airflow/example_dags/example_kubernetes_executor.py took 0.204 seconds
[2024-01-30T18:52:05.148+0000] {processor.py:154} INFO - Started process (PID=426) to work on /home/airflow/.local/lib/python3.7/site-packages/airflow/example_dags/example_kubernetes_executor.py
[2024-01-30T18:52:05.150+0000] {processor.py:756} INFO - Processing file /home/airflow/.local/lib/python3.7/site-packages/airflow/example_dags/example_kubernetes_executor.py for tasks to queue
[2024-01-30T18:52:05.151+0000] {logging_mixin.py:120} INFO - [2024-01-30T18:52:05.151+0000] {dagbag.py:537} INFO - Filling up the DagBag from /home/airflow/.local/lib/python3.7/site-packages/airflow/example_dags/example_kubernetes_executor.py
[2024-01-30T18:52:05.191+0000] {processor.py:766} INFO - DAG(s) dict_keys(['example_kubernetes_executor']) retrieved from /home/airflow/.local/lib/python3.7/site-packages/airflow/example_dags/example_kubernetes_executor.py
[2024-01-30T18:52:05.248+0000] {logging_mixin.py:120} INFO - [2024-01-30T18:52:05.248+0000] {dag.py:2585} INFO - Sync 1 DAGs
[2024-01-30T18:52:05.282+0000] {logging_mixin.py:120} INFO - [2024-01-30T18:52:05.282+0000] {dag.py:3340} INFO - Setting next_dagrun for example_kubernetes_executor to None, run_after=None
[2024-01-30T18:52:05.319+0000] {processor.py:176} INFO - Processing /home/airflow/.local/lib/python3.7/site-packages/airflow/example_dags/example_kubernetes_executor.py took 0.176 seconds
[2024-01-30T18:52:35.365+0000] {processor.py:154} INFO - Started process (PID=491) to work on /home/airflow/.local/lib/python3.7/site-packages/airflow/example_dags/example_kubernetes_executor.py
[2024-01-30T18:52:35.366+0000] {processor.py:756} INFO - Processing file /home/airflow/.local/lib/python3.7/site-packages/airflow/example_dags/example_kubernetes_executor.py for tasks to queue
[2024-01-30T18:52:35.367+0000] {logging_mixin.py:120} INFO - [2024-01-30T18:52:35.367+0000] {dagbag.py:537} INFO - Filling up the DagBag from /home/airflow/.local/lib/python3.7/site-packages/airflow/example_dags/example_kubernetes_executor.py
[2024-01-30T18:52:35.402+0000] {processor.py:766} INFO - DAG(s) dict_keys(['example_kubernetes_executor']) retrieved from /home/airflow/.local/lib/python3.7/site-packages/airflow/example_dags/example_kubernetes_executor.py
[2024-01-30T18:52:35.453+0000] {logging_mixin.py:120} INFO - [2024-01-30T18:52:35.453+0000] {dag.py:2585} INFO - Sync 1 DAGs
[2024-01-30T18:52:35.483+0000] {logging_mixin.py:120} INFO - [2024-01-30T18:52:35.483+0000] {dag.py:3340} INFO - Setting next_dagrun for example_kubernetes_executor to None, run_after=None
[2024-01-30T18:52:35.509+0000] {processor.py:176} INFO - Processing /home/airflow/.local/lib/python3.7/site-packages/airflow/example_dags/example_kubernetes_executor.py took 0.149 seconds
[2024-01-30T18:53:05.602+0000] {processor.py:154} INFO - Started process (PID=555) to work on /home/airflow/.local/lib/python3.7/site-packages/airflow/example_dags/example_kubernetes_executor.py
[2024-01-30T18:53:05.603+0000] {processor.py:756} INFO - Processing file /home/airflow/.local/lib/python3.7/site-packages/airflow/example_dags/example_kubernetes_executor.py for tasks to queue
[2024-01-30T18:53:05.604+0000] {logging_mixin.py:120} INFO - [2024-01-30T18:53:05.604+0000] {dagbag.py:537} INFO - Filling up the DagBag from /home/airflow/.local/lib/python3.7/site-packages/airflow/example_dags/example_kubernetes_executor.py
[2024-01-30T18:53:05.650+0000] {processor.py:766} INFO - DAG(s) dict_keys(['example_kubernetes_executor']) retrieved from /home/airflow/.local/lib/python3.7/site-packages/airflow/example_dags/example_kubernetes_executor.py
[2024-01-30T18:53:05.718+0000] {logging_mixin.py:120} INFO - [2024-01-30T18:53:05.718+0000] {dag.py:2585} INFO - Sync 1 DAGs
[2024-01-30T18:53:05.753+0000] {logging_mixin.py:120} INFO - [2024-01-30T18:53:05.753+0000] {dag.py:3340} INFO - Setting next_dagrun for example_kubernetes_executor to None, run_after=None
[2024-01-30T18:53:05.786+0000] {processor.py:176} INFO - Processing /home/airflow/.local/lib/python3.7/site-packages/airflow/example_dags/example_kubernetes_executor.py took 0.188 seconds
[2024-01-30T18:53:36.173+0000] {processor.py:154} INFO - Started process (PID=620) to work on /home/airflow/.local/lib/python3.7/site-packages/airflow/example_dags/example_kubernetes_executor.py
[2024-01-30T18:53:36.176+0000] {processor.py:756} INFO - Processing file /home/airflow/.local/lib/python3.7/site-packages/airflow/example_dags/example_kubernetes_executor.py for tasks to queue
[2024-01-30T18:53:36.179+0000] {logging_mixin.py:120} INFO - [2024-01-30T18:53:36.179+0000] {dagbag.py:537} INFO - Filling up the DagBag from /home/airflow/.local/lib/python3.7/site-packages/airflow/example_dags/example_kubernetes_executor.py
[2024-01-30T18:53:36.229+0000] {processor.py:766} INFO - DAG(s) dict_keys(['example_kubernetes_executor']) retrieved from /home/airflow/.local/lib/python3.7/site-packages/airflow/example_dags/example_kubernetes_executor.py
[2024-01-30T18:53:36.282+0000] {logging_mixin.py:120} INFO - [2024-01-30T18:53:36.281+0000] {dag.py:2585} INFO - Sync 1 DAGs
[2024-01-30T18:53:36.313+0000] {logging_mixin.py:120} INFO - [2024-01-30T18:53:36.312+0000] {dag.py:3340} INFO - Setting next_dagrun for example_kubernetes_executor to None, run_after=None
[2024-01-30T18:53:36.343+0000] {processor.py:176} INFO - Processing /home/airflow/.local/lib/python3.7/site-packages/airflow/example_dags/example_kubernetes_executor.py took 0.179 seconds
[2024-01-30T18:54:06.812+0000] {processor.py:154} INFO - Started process (PID=684) to work on /home/airflow/.local/lib/python3.7/site-packages/airflow/example_dags/example_kubernetes_executor.py
[2024-01-30T18:54:06.815+0000] {processor.py:756} INFO - Processing file /home/airflow/.local/lib/python3.7/site-packages/airflow/example_dags/example_kubernetes_executor.py for tasks to queue
[2024-01-30T18:54:06.817+0000] {logging_mixin.py:120} INFO - [2024-01-30T18:54:06.816+0000] {dagbag.py:537} INFO - Filling up the DagBag from /home/airflow/.local/lib/python3.7/site-packages/airflow/example_dags/example_kubernetes_executor.py
[2024-01-30T18:54:06.894+0000] {processor.py:766} INFO - DAG(s) dict_keys(['example_kubernetes_executor']) retrieved from /home/airflow/.local/lib/python3.7/site-packages/airflow/example_dags/example_kubernetes_executor.py
[2024-01-30T18:54:06.984+0000] {logging_mixin.py:120} INFO - [2024-01-30T18:54:06.983+0000] {dag.py:2585} INFO - Sync 1 DAGs
[2024-01-30T18:54:07.035+0000] {logging_mixin.py:120} INFO - [2024-01-30T18:54:07.035+0000] {dag.py:3340} INFO - Setting next_dagrun for example_kubernetes_executor to None, run_after=None
[2024-01-30T18:54:07.077+0000] {processor.py:176} INFO - Processing /home/airflow/.local/lib/python3.7/site-packages/airflow/example_dags/example_kubernetes_executor.py took 0.273 seconds
[2024-01-30T18:54:37.562+0000] {processor.py:154} INFO - Started process (PID=739) to work on /home/airflow/.local/lib/python3.7/site-packages/airflow/example_dags/example_kubernetes_executor.py
[2024-01-30T18:54:37.564+0000] {processor.py:756} INFO - Processing file /home/airflow/.local/lib/python3.7/site-packages/airflow/example_dags/example_kubernetes_executor.py for tasks to queue
[2024-01-30T18:54:37.565+0000] {logging_mixin.py:120} INFO - [2024-01-30T18:54:37.565+0000] {dagbag.py:537} INFO - Filling up the DagBag from /home/airflow/.local/lib/python3.7/site-packages/airflow/example_dags/example_kubernetes_executor.py
[2024-01-30T18:54:37.609+0000] {processor.py:766} INFO - DAG(s) dict_keys(['example_kubernetes_executor']) retrieved from /home/airflow/.local/lib/python3.7/site-packages/airflow/example_dags/example_kubernetes_executor.py
[2024-01-30T18:54:37.684+0000] {logging_mixin.py:120} INFO - [2024-01-30T18:54:37.684+0000] {dag.py:2585} INFO - Sync 1 DAGs
[2024-01-30T18:54:37.732+0000] {logging_mixin.py:120} INFO - [2024-01-30T18:54:37.731+0000] {dag.py:3340} INFO - Setting next_dagrun for example_kubernetes_executor to None, run_after=None
[2024-01-30T18:54:37.817+0000] {processor.py:176} INFO - Processing /home/airflow/.local/lib/python3.7/site-packages/airflow/example_dags/example_kubernetes_executor.py took 0.260 seconds
[2024-01-30T18:55:08.279+0000] {processor.py:154} INFO - Started process (PID=804) to work on /home/airflow/.local/lib/python3.7/site-packages/airflow/example_dags/example_kubernetes_executor.py
[2024-01-30T18:55:08.280+0000] {processor.py:756} INFO - Processing file /home/airflow/.local/lib/python3.7/site-packages/airflow/example_dags/example_kubernetes_executor.py for tasks to queue
[2024-01-30T18:55:08.282+0000] {logging_mixin.py:120} INFO - [2024-01-30T18:55:08.282+0000] {dagbag.py:537} INFO - Filling up the DagBag from /home/airflow/.local/lib/python3.7/site-packages/airflow/example_dags/example_kubernetes_executor.py
[2024-01-30T18:55:08.336+0000] {processor.py:766} INFO - DAG(s) dict_keys(['example_kubernetes_executor']) retrieved from /home/airflow/.local/lib/python3.7/site-packages/airflow/example_dags/example_kubernetes_executor.py
[2024-01-30T18:55:08.431+0000] {logging_mixin.py:120} INFO - [2024-01-30T18:55:08.431+0000] {dag.py:2585} INFO - Sync 1 DAGs
[2024-01-30T18:55:08.474+0000] {logging_mixin.py:120} INFO - [2024-01-30T18:55:08.474+0000] {dag.py:3340} INFO - Setting next_dagrun for example_kubernetes_executor to None, run_after=None
[2024-01-30T18:55:08.512+0000] {processor.py:176} INFO - Processing /home/airflow/.local/lib/python3.7/site-packages/airflow/example_dags/example_kubernetes_executor.py took 0.240 seconds
[2024-01-30T18:55:39.095+0000] {processor.py:154} INFO - Started process (PID=867) to work on /home/airflow/.local/lib/python3.7/site-packages/airflow/example_dags/example_kubernetes_executor.py
[2024-01-30T18:55:39.097+0000] {processor.py:756} INFO - Processing file /home/airflow/.local/lib/python3.7/site-packages/airflow/example_dags/example_kubernetes_executor.py for tasks to queue
[2024-01-30T18:55:39.098+0000] {logging_mixin.py:120} INFO - [2024-01-30T18:55:39.098+0000] {dagbag.py:537} INFO - Filling up the DagBag from /home/airflow/.local/lib/python3.7/site-packages/airflow/example_dags/example_kubernetes_executor.py
[2024-01-30T18:55:39.148+0000] {processor.py:766} INFO - DAG(s) dict_keys(['example_kubernetes_executor']) retrieved from /home/airflow/.local/lib/python3.7/site-packages/airflow/example_dags/example_kubernetes_executor.py
[2024-01-30T18:55:39.218+0000] {logging_mixin.py:120} INFO - [2024-01-30T18:55:39.217+0000] {dag.py:2585} INFO - Sync 1 DAGs
[2024-01-30T18:55:39.256+0000] {logging_mixin.py:120} INFO - [2024-01-30T18:55:39.255+0000] {dag.py:3340} INFO - Setting next_dagrun for example_kubernetes_executor to None, run_after=None
[2024-01-30T18:55:39.287+0000] {processor.py:176} INFO - Processing /home/airflow/.local/lib/python3.7/site-packages/airflow/example_dags/example_kubernetes_executor.py took 0.198 seconds
[2024-01-30T18:56:09.412+0000] {processor.py:154} INFO - Started process (PID=922) to work on /home/airflow/.local/lib/python3.7/site-packages/airflow/example_dags/example_kubernetes_executor.py
[2024-01-30T18:56:09.413+0000] {processor.py:756} INFO - Processing file /home/airflow/.local/lib/python3.7/site-packages/airflow/example_dags/example_kubernetes_executor.py for tasks to queue
[2024-01-30T18:56:09.415+0000] {logging_mixin.py:120} INFO - [2024-01-30T18:56:09.414+0000] {dagbag.py:537} INFO - Filling up the DagBag from /home/airflow/.local/lib/python3.7/site-packages/airflow/example_dags/example_kubernetes_executor.py
[2024-01-30T18:56:09.453+0000] {processor.py:766} INFO - DAG(s) dict_keys(['example_kubernetes_executor']) retrieved from /home/airflow/.local/lib/python3.7/site-packages/airflow/example_dags/example_kubernetes_executor.py
[2024-01-30T18:56:09.512+0000] {logging_mixin.py:120} INFO - [2024-01-30T18:56:09.511+0000] {dag.py:2585} INFO - Sync 1 DAGs
[2024-01-30T18:56:09.557+0000] {logging_mixin.py:120} INFO - [2024-01-30T18:56:09.557+0000] {dag.py:3340} INFO - Setting next_dagrun for example_kubernetes_executor to None, run_after=None
[2024-01-30T18:56:09.582+0000] {processor.py:176} INFO - Processing /home/airflow/.local/lib/python3.7/site-packages/airflow/example_dags/example_kubernetes_executor.py took 0.175 seconds
[2024-01-30T18:56:40.143+0000] {processor.py:154} INFO - Started process (PID=985) to work on /home/airflow/.local/lib/python3.7/site-packages/airflow/example_dags/example_kubernetes_executor.py
[2024-01-30T18:56:40.145+0000] {processor.py:756} INFO - Processing file /home/airflow/.local/lib/python3.7/site-packages/airflow/example_dags/example_kubernetes_executor.py for tasks to queue
[2024-01-30T18:56:40.147+0000] {logging_mixin.py:120} INFO - [2024-01-30T18:56:40.147+0000] {dagbag.py:537} INFO - Filling up the DagBag from /home/airflow/.local/lib/python3.7/site-packages/airflow/example_dags/example_kubernetes_executor.py
[2024-01-30T18:56:40.197+0000] {processor.py:766} INFO - DAG(s) dict_keys(['example_kubernetes_executor']) retrieved from /home/airflow/.local/lib/python3.7/site-packages/airflow/example_dags/example_kubernetes_executor.py
[2024-01-30T18:56:40.298+0000] {logging_mixin.py:120} INFO - [2024-01-30T18:56:40.298+0000] {dag.py:2585} INFO - Sync 1 DAGs
[2024-01-30T18:56:40.336+0000] {logging_mixin.py:120} INFO - [2024-01-30T18:56:40.336+0000] {dag.py:3340} INFO - Setting next_dagrun for example_kubernetes_executor to None, run_after=None
[2024-01-30T18:56:40.368+0000] {processor.py:176} INFO - Processing /home/airflow/.local/lib/python3.7/site-packages/airflow/example_dags/example_kubernetes_executor.py took 0.235 seconds
[2024-01-30T18:57:10.586+0000] {processor.py:154} INFO - Started process (PID=1049) to work on /home/airflow/.local/lib/python3.7/site-packages/airflow/example_dags/example_kubernetes_executor.py
[2024-01-30T18:57:10.588+0000] {processor.py:756} INFO - Processing file /home/airflow/.local/lib/python3.7/site-packages/airflow/example_dags/example_kubernetes_executor.py for tasks to queue
[2024-01-30T18:57:10.590+0000] {logging_mixin.py:120} INFO - [2024-01-30T18:57:10.590+0000] {dagbag.py:537} INFO - Filling up the DagBag from /home/airflow/.local/lib/python3.7/site-packages/airflow/example_dags/example_kubernetes_executor.py
[2024-01-30T18:57:10.625+0000] {processor.py:766} INFO - DAG(s) dict_keys(['example_kubernetes_executor']) retrieved from /home/airflow/.local/lib/python3.7/site-packages/airflow/example_dags/example_kubernetes_executor.py
[2024-01-30T18:57:10.677+0000] {logging_mixin.py:120} INFO - [2024-01-30T18:57:10.677+0000] {dag.py:2585} INFO - Sync 1 DAGs
[2024-01-30T18:57:10.707+0000] {logging_mixin.py:120} INFO - [2024-01-30T18:57:10.707+0000] {dag.py:3340} INFO - Setting next_dagrun for example_kubernetes_executor to None, run_after=None
[2024-01-30T18:57:10.733+0000] {processor.py:176} INFO - Processing /home/airflow/.local/lib/python3.7/site-packages/airflow/example_dags/example_kubernetes_executor.py took 0.151 seconds
[2024-01-30T18:57:41.824+0000] {processor.py:154} INFO - Started process (PID=1104) to work on /home/airflow/.local/lib/python3.7/site-packages/airflow/example_dags/example_kubernetes_executor.py
[2024-01-30T18:57:41.826+0000] {processor.py:756} INFO - Processing file /home/airflow/.local/lib/python3.7/site-packages/airflow/example_dags/example_kubernetes_executor.py for tasks to queue
[2024-01-30T18:57:41.827+0000] {logging_mixin.py:120} INFO - [2024-01-30T18:57:41.827+0000] {dagbag.py:537} INFO - Filling up the DagBag from /home/airflow/.local/lib/python3.7/site-packages/airflow/example_dags/example_kubernetes_executor.py
[2024-01-30T18:57:41.864+0000] {processor.py:766} INFO - DAG(s) dict_keys(['example_kubernetes_executor']) retrieved from /home/airflow/.local/lib/python3.7/site-packages/airflow/example_dags/example_kubernetes_executor.py
[2024-01-30T18:57:41.918+0000] {logging_mixin.py:120} INFO - [2024-01-30T18:57:41.918+0000] {dag.py:2585} INFO - Sync 1 DAGs
[2024-01-30T18:57:41.954+0000] {logging_mixin.py:120} INFO - [2024-01-30T18:57:41.953+0000] {dag.py:3340} INFO - Setting next_dagrun for example_kubernetes_executor to None, run_after=None
[2024-01-30T18:57:41.980+0000] {processor.py:176} INFO - Processing /home/airflow/.local/lib/python3.7/site-packages/airflow/example_dags/example_kubernetes_executor.py took 0.161 seconds
[2024-01-30T18:58:12.083+0000] {processor.py:154} INFO - Started process (PID=1168) to work on /home/airflow/.local/lib/python3.7/site-packages/airflow/example_dags/example_kubernetes_executor.py
[2024-01-30T18:58:12.085+0000] {processor.py:756} INFO - Processing file /home/airflow/.local/lib/python3.7/site-packages/airflow/example_dags/example_kubernetes_executor.py for tasks to queue
[2024-01-30T18:58:12.088+0000] {logging_mixin.py:120} INFO - [2024-01-30T18:58:12.088+0000] {dagbag.py:537} INFO - Filling up the DagBag from /home/airflow/.local/lib/python3.7/site-packages/airflow/example_dags/example_kubernetes_executor.py
[2024-01-30T18:58:12.140+0000] {processor.py:766} INFO - DAG(s) dict_keys(['example_kubernetes_executor']) retrieved from /home/airflow/.local/lib/python3.7/site-packages/airflow/example_dags/example_kubernetes_executor.py
[2024-01-30T18:58:12.209+0000] {logging_mixin.py:120} INFO - [2024-01-30T18:58:12.209+0000] {dag.py:2585} INFO - Sync 1 DAGs
[2024-01-30T18:58:12.245+0000] {logging_mixin.py:120} INFO - [2024-01-30T18:58:12.245+0000] {dag.py:3340} INFO - Setting next_dagrun for example_kubernetes_executor to None, run_after=None
[2024-01-30T18:58:12.275+0000] {processor.py:176} INFO - Processing /home/airflow/.local/lib/python3.7/site-packages/airflow/example_dags/example_kubernetes_executor.py took 0.197 seconds
[2024-01-30T18:58:42.903+0000] {processor.py:154} INFO - Started process (PID=1229) to work on /home/airflow/.local/lib/python3.7/site-packages/airflow/example_dags/example_kubernetes_executor.py
[2024-01-30T18:58:42.905+0000] {processor.py:756} INFO - Processing file /home/airflow/.local/lib/python3.7/site-packages/airflow/example_dags/example_kubernetes_executor.py for tasks to queue
[2024-01-30T18:58:42.906+0000] {logging_mixin.py:120} INFO - [2024-01-30T18:58:42.906+0000] {dagbag.py:537} INFO - Filling up the DagBag from /home/airflow/.local/lib/python3.7/site-packages/airflow/example_dags/example_kubernetes_executor.py
[2024-01-30T18:58:42.948+0000] {processor.py:766} INFO - DAG(s) dict_keys(['example_kubernetes_executor']) retrieved from /home/airflow/.local/lib/python3.7/site-packages/airflow/example_dags/example_kubernetes_executor.py
[2024-01-30T18:58:43.050+0000] {logging_mixin.py:120} INFO - [2024-01-30T18:58:43.050+0000] {dag.py:2585} INFO - Sync 1 DAGs
[2024-01-30T18:58:43.089+0000] {logging_mixin.py:120} INFO - [2024-01-30T18:58:43.089+0000] {dag.py:3340} INFO - Setting next_dagrun for example_kubernetes_executor to None, run_after=None
[2024-01-30T18:58:43.127+0000] {processor.py:176} INFO - Processing /home/airflow/.local/lib/python3.7/site-packages/airflow/example_dags/example_kubernetes_executor.py took 0.230 seconds
[2024-01-30T18:59:13.328+0000] {processor.py:154} INFO - Started process (PID=1286) to work on /home/airflow/.local/lib/python3.7/site-packages/airflow/example_dags/example_kubernetes_executor.py
[2024-01-30T18:59:13.330+0000] {processor.py:756} INFO - Processing file /home/airflow/.local/lib/python3.7/site-packages/airflow/example_dags/example_kubernetes_executor.py for tasks to queue
[2024-01-30T18:59:13.332+0000] {logging_mixin.py:120} INFO - [2024-01-30T18:59:13.331+0000] {dagbag.py:537} INFO - Filling up the DagBag from /home/airflow/.local/lib/python3.7/site-packages/airflow/example_dags/example_kubernetes_executor.py
[2024-01-30T18:59:13.376+0000] {processor.py:766} INFO - DAG(s) dict_keys(['example_kubernetes_executor']) retrieved from /home/airflow/.local/lib/python3.7/site-packages/airflow/example_dags/example_kubernetes_executor.py
[2024-01-30T18:59:13.443+0000] {logging_mixin.py:120} INFO - [2024-01-30T18:59:13.443+0000] {dag.py:2585} INFO - Sync 1 DAGs
[2024-01-30T18:59:13.477+0000] {logging_mixin.py:120} INFO - [2024-01-30T18:59:13.477+0000] {dag.py:3340} INFO - Setting next_dagrun for example_kubernetes_executor to None, run_after=None
[2024-01-30T18:59:13.508+0000] {processor.py:176} INFO - Processing /home/airflow/.local/lib/python3.7/site-packages/airflow/example_dags/example_kubernetes_executor.py took 0.185 seconds
[2024-01-30T18:59:44.289+0000] {processor.py:154} INFO - Started process (PID=1351) to work on /home/airflow/.local/lib/python3.7/site-packages/airflow/example_dags/example_kubernetes_executor.py
[2024-01-30T18:59:44.291+0000] {processor.py:756} INFO - Processing file /home/airflow/.local/lib/python3.7/site-packages/airflow/example_dags/example_kubernetes_executor.py for tasks to queue
[2024-01-30T18:59:44.292+0000] {logging_mixin.py:120} INFO - [2024-01-30T18:59:44.292+0000] {dagbag.py:537} INFO - Filling up the DagBag from /home/airflow/.local/lib/python3.7/site-packages/airflow/example_dags/example_kubernetes_executor.py
[2024-01-30T18:59:44.339+0000] {processor.py:766} INFO - DAG(s) dict_keys(['example_kubernetes_executor']) retrieved from /home/airflow/.local/lib/python3.7/site-packages/airflow/example_dags/example_kubernetes_executor.py
[2024-01-30T18:59:44.411+0000] {logging_mixin.py:120} INFO - [2024-01-30T18:59:44.411+0000] {dag.py:2585} INFO - Sync 1 DAGs
[2024-01-30T18:59:44.448+0000] {logging_mixin.py:120} INFO - [2024-01-30T18:59:44.448+0000] {dag.py:3340} INFO - Setting next_dagrun for example_kubernetes_executor to None, run_after=None
[2024-01-30T18:59:44.478+0000] {processor.py:176} INFO - Processing /home/airflow/.local/lib/python3.7/site-packages/airflow/example_dags/example_kubernetes_executor.py took 0.195 seconds
[2024-01-30T19:00:15.265+0000] {processor.py:154} INFO - Started process (PID=1406) to work on /home/airflow/.local/lib/python3.7/site-packages/airflow/example_dags/example_kubernetes_executor.py
[2024-01-30T19:00:15.267+0000] {processor.py:756} INFO - Processing file /home/airflow/.local/lib/python3.7/site-packages/airflow/example_dags/example_kubernetes_executor.py for tasks to queue
[2024-01-30T19:00:15.269+0000] {logging_mixin.py:120} INFO - [2024-01-30T19:00:15.268+0000] {dagbag.py:537} INFO - Filling up the DagBag from /home/airflow/.local/lib/python3.7/site-packages/airflow/example_dags/example_kubernetes_executor.py
[2024-01-30T19:00:15.314+0000] {processor.py:766} INFO - DAG(s) dict_keys(['example_kubernetes_executor']) retrieved from /home/airflow/.local/lib/python3.7/site-packages/airflow/example_dags/example_kubernetes_executor.py
[2024-01-30T19:00:15.380+0000] {logging_mixin.py:120} INFO - [2024-01-30T19:00:15.380+0000] {dag.py:2585} INFO - Sync 1 DAGs
[2024-01-30T19:00:15.422+0000] {logging_mixin.py:120} INFO - [2024-01-30T19:00:15.421+0000] {dag.py:3340} INFO - Setting next_dagrun for example_kubernetes_executor to None, run_after=None
[2024-01-30T19:00:15.450+0000] {processor.py:176} INFO - Processing /home/airflow/.local/lib/python3.7/site-packages/airflow/example_dags/example_kubernetes_executor.py took 0.190 seconds
[2024-01-30T19:00:46.372+0000] {processor.py:154} INFO - Started process (PID=1470) to work on /home/airflow/.local/lib/python3.7/site-packages/airflow/example_dags/example_kubernetes_executor.py
[2024-01-30T19:00:46.374+0000] {processor.py:756} INFO - Processing file /home/airflow/.local/lib/python3.7/site-packages/airflow/example_dags/example_kubernetes_executor.py for tasks to queue
[2024-01-30T19:00:46.375+0000] {logging_mixin.py:120} INFO - [2024-01-30T19:00:46.375+0000] {dagbag.py:537} INFO - Filling up the DagBag from /home/airflow/.local/lib/python3.7/site-packages/airflow/example_dags/example_kubernetes_executor.py
[2024-01-30T19:00:46.428+0000] {processor.py:766} INFO - DAG(s) dict_keys(['example_kubernetes_executor']) retrieved from /home/airflow/.local/lib/python3.7/site-packages/airflow/example_dags/example_kubernetes_executor.py
[2024-01-30T19:00:46.487+0000] {logging_mixin.py:120} INFO - [2024-01-30T19:00:46.486+0000] {dag.py:2585} INFO - Sync 1 DAGs
[2024-01-30T19:00:46.518+0000] {logging_mixin.py:120} INFO - [2024-01-30T19:00:46.518+0000] {dag.py:3340} INFO - Setting next_dagrun for example_kubernetes_executor to None, run_after=None
[2024-01-30T19:00:46.543+0000] {processor.py:176} INFO - Processing /home/airflow/.local/lib/python3.7/site-packages/airflow/example_dags/example_kubernetes_executor.py took 0.176 seconds
[2024-01-30T19:01:16.739+0000] {processor.py:154} INFO - Started process (PID=1536) to work on /home/airflow/.local/lib/python3.7/site-packages/airflow/example_dags/example_kubernetes_executor.py
[2024-01-30T19:01:16.741+0000] {processor.py:756} INFO - Processing file /home/airflow/.local/lib/python3.7/site-packages/airflow/example_dags/example_kubernetes_executor.py for tasks to queue
[2024-01-30T19:01:16.743+0000] {logging_mixin.py:120} INFO - [2024-01-30T19:01:16.743+0000] {dagbag.py:537} INFO - Filling up the DagBag from /home/airflow/.local/lib/python3.7/site-packages/airflow/example_dags/example_kubernetes_executor.py
[2024-01-30T19:01:16.806+0000] {processor.py:766} INFO - DAG(s) dict_keys(['example_kubernetes_executor']) retrieved from /home/airflow/.local/lib/python3.7/site-packages/airflow/example_dags/example_kubernetes_executor.py
[2024-01-30T19:01:16.885+0000] {logging_mixin.py:120} INFO - [2024-01-30T19:01:16.885+0000] {dag.py:2585} INFO - Sync 1 DAGs
[2024-01-30T19:01:16.925+0000] {logging_mixin.py:120} INFO - [2024-01-30T19:01:16.925+0000] {dag.py:3340} INFO - Setting next_dagrun for example_kubernetes_executor to None, run_after=None
[2024-01-30T19:01:16.951+0000] {processor.py:176} INFO - Processing /home/airflow/.local/lib/python3.7/site-packages/airflow/example_dags/example_kubernetes_executor.py took 0.219 seconds
[2024-01-30T19:01:47.651+0000] {processor.py:154} INFO - Started process (PID=1591) to work on /home/airflow/.local/lib/python3.7/site-packages/airflow/example_dags/example_kubernetes_executor.py
[2024-01-30T19:01:47.652+0000] {processor.py:756} INFO - Processing file /home/airflow/.local/lib/python3.7/site-packages/airflow/example_dags/example_kubernetes_executor.py for tasks to queue
[2024-01-30T19:01:47.653+0000] {logging_mixin.py:120} INFO - [2024-01-30T19:01:47.653+0000] {dagbag.py:537} INFO - Filling up the DagBag from /home/airflow/.local/lib/python3.7/site-packages/airflow/example_dags/example_kubernetes_executor.py
[2024-01-30T19:01:47.700+0000] {processor.py:766} INFO - DAG(s) dict_keys(['example_kubernetes_executor']) retrieved from /home/airflow/.local/lib/python3.7/site-packages/airflow/example_dags/example_kubernetes_executor.py
[2024-01-30T19:01:47.774+0000] {logging_mixin.py:120} INFO - [2024-01-30T19:01:47.773+0000] {dag.py:2585} INFO - Sync 1 DAGs
[2024-01-30T19:01:47.822+0000] {logging_mixin.py:120} INFO - [2024-01-30T19:01:47.822+0000] {dag.py:3340} INFO - Setting next_dagrun for example_kubernetes_executor to None, run_after=None
[2024-01-30T19:01:47.867+0000] {processor.py:176} INFO - Processing /home/airflow/.local/lib/python3.7/site-packages/airflow/example_dags/example_kubernetes_executor.py took 0.221 seconds
[2024-01-30T19:02:18.139+0000] {processor.py:154} INFO - Started process (PID=1655) to work on /home/airflow/.local/lib/python3.7/site-packages/airflow/example_dags/example_kubernetes_executor.py
[2024-01-30T19:02:18.141+0000] {processor.py:756} INFO - Processing file /home/airflow/.local/lib/python3.7/site-packages/airflow/example_dags/example_kubernetes_executor.py for tasks to queue
[2024-01-30T19:02:18.144+0000] {logging_mixin.py:120} INFO - [2024-01-30T19:02:18.143+0000] {dagbag.py:537} INFO - Filling up the DagBag from /home/airflow/.local/lib/python3.7/site-packages/airflow/example_dags/example_kubernetes_executor.py
[2024-01-30T19:02:18.191+0000] {processor.py:766} INFO - DAG(s) dict_keys(['example_kubernetes_executor']) retrieved from /home/airflow/.local/lib/python3.7/site-packages/airflow/example_dags/example_kubernetes_executor.py
[2024-01-30T19:02:18.248+0000] {logging_mixin.py:120} INFO - [2024-01-30T19:02:18.248+0000] {dag.py:2585} INFO - Sync 1 DAGs
[2024-01-30T19:02:18.319+0000] {logging_mixin.py:120} INFO - [2024-01-30T19:02:18.318+0000] {dag.py:3340} INFO - Setting next_dagrun for example_kubernetes_executor to None, run_after=None
[2024-01-30T19:02:18.383+0000] {processor.py:176} INFO - Processing /home/airflow/.local/lib/python3.7/site-packages/airflow/example_dags/example_kubernetes_executor.py took 0.250 seconds
[2024-01-30T19:02:48.573+0000] {processor.py:154} INFO - Started process (PID=1710) to work on /home/airflow/.local/lib/python3.7/site-packages/airflow/example_dags/example_kubernetes_executor.py
[2024-01-30T19:02:48.575+0000] {processor.py:756} INFO - Processing file /home/airflow/.local/lib/python3.7/site-packages/airflow/example_dags/example_kubernetes_executor.py for tasks to queue
[2024-01-30T19:02:48.577+0000] {logging_mixin.py:120} INFO - [2024-01-30T19:02:48.577+0000] {dagbag.py:537} INFO - Filling up the DagBag from /home/airflow/.local/lib/python3.7/site-packages/airflow/example_dags/example_kubernetes_executor.py
[2024-01-30T19:02:48.626+0000] {processor.py:766} INFO - DAG(s) dict_keys(['example_kubernetes_executor']) retrieved from /home/airflow/.local/lib/python3.7/site-packages/airflow/example_dags/example_kubernetes_executor.py
[2024-01-30T19:02:48.693+0000] {logging_mixin.py:120} INFO - [2024-01-30T19:02:48.693+0000] {dag.py:2585} INFO - Sync 1 DAGs
[2024-01-30T19:02:48.724+0000] {logging_mixin.py:120} INFO - [2024-01-30T19:02:48.724+0000] {dag.py:3340} INFO - Setting next_dagrun for example_kubernetes_executor to None, run_after=None
[2024-01-30T19:02:48.751+0000] {processor.py:176} INFO - Processing /home/airflow/.local/lib/python3.7/site-packages/airflow/example_dags/example_kubernetes_executor.py took 0.183 seconds
[2024-01-30T19:03:19.557+0000] {processor.py:154} INFO - Started process (PID=1775) to work on /home/airflow/.local/lib/python3.7/site-packages/airflow/example_dags/example_kubernetes_executor.py
[2024-01-30T19:03:19.558+0000] {processor.py:756} INFO - Processing file /home/airflow/.local/lib/python3.7/site-packages/airflow/example_dags/example_kubernetes_executor.py for tasks to queue
[2024-01-30T19:03:19.560+0000] {logging_mixin.py:120} INFO - [2024-01-30T19:03:19.559+0000] {dagbag.py:537} INFO - Filling up the DagBag from /home/airflow/.local/lib/python3.7/site-packages/airflow/example_dags/example_kubernetes_executor.py
[2024-01-30T19:03:19.593+0000] {processor.py:766} INFO - DAG(s) dict_keys(['example_kubernetes_executor']) retrieved from /home/airflow/.local/lib/python3.7/site-packages/airflow/example_dags/example_kubernetes_executor.py
[2024-01-30T19:03:19.643+0000] {logging_mixin.py:120} INFO - [2024-01-30T19:03:19.643+0000] {dag.py:2585} INFO - Sync 1 DAGs
[2024-01-30T19:03:19.673+0000] {logging_mixin.py:120} INFO - [2024-01-30T19:03:19.672+0000] {dag.py:3340} INFO - Setting next_dagrun for example_kubernetes_executor to None, run_after=None
[2024-01-30T19:03:19.695+0000] {processor.py:176} INFO - Processing /home/airflow/.local/lib/python3.7/site-packages/airflow/example_dags/example_kubernetes_executor.py took 0.143 seconds
[2024-01-30T19:03:50.043+0000] {processor.py:154} INFO - Started process (PID=1839) to work on /home/airflow/.local/lib/python3.7/site-packages/airflow/example_dags/example_kubernetes_executor.py
[2024-01-30T19:03:50.044+0000] {processor.py:756} INFO - Processing file /home/airflow/.local/lib/python3.7/site-packages/airflow/example_dags/example_kubernetes_executor.py for tasks to queue
[2024-01-30T19:03:50.046+0000] {logging_mixin.py:120} INFO - [2024-01-30T19:03:50.045+0000] {dagbag.py:537} INFO - Filling up the DagBag from /home/airflow/.local/lib/python3.7/site-packages/airflow/example_dags/example_kubernetes_executor.py
[2024-01-30T19:03:50.085+0000] {processor.py:766} INFO - DAG(s) dict_keys(['example_kubernetes_executor']) retrieved from /home/airflow/.local/lib/python3.7/site-packages/airflow/example_dags/example_kubernetes_executor.py
[2024-01-30T19:03:50.142+0000] {logging_mixin.py:120} INFO - [2024-01-30T19:03:50.141+0000] {dag.py:2585} INFO - Sync 1 DAGs
[2024-01-30T19:03:50.174+0000] {logging_mixin.py:120} INFO - [2024-01-30T19:03:50.174+0000] {dag.py:3340} INFO - Setting next_dagrun for example_kubernetes_executor to None, run_after=None
[2024-01-30T19:03:50.199+0000] {processor.py:176} INFO - Processing /home/airflow/.local/lib/python3.7/site-packages/airflow/example_dags/example_kubernetes_executor.py took 0.162 seconds
[2024-01-30T19:04:20.703+0000] {processor.py:154} INFO - Started process (PID=1893) to work on /home/airflow/.local/lib/python3.7/site-packages/airflow/example_dags/example_kubernetes_executor.py
[2024-01-30T19:04:20.705+0000] {processor.py:756} INFO - Processing file /home/airflow/.local/lib/python3.7/site-packages/airflow/example_dags/example_kubernetes_executor.py for tasks to queue
[2024-01-30T19:04:20.707+0000] {logging_mixin.py:120} INFO - [2024-01-30T19:04:20.707+0000] {dagbag.py:537} INFO - Filling up the DagBag from /home/airflow/.local/lib/python3.7/site-packages/airflow/example_dags/example_kubernetes_executor.py
[2024-01-30T19:04:20.751+0000] {processor.py:766} INFO - DAG(s) dict_keys(['example_kubernetes_executor']) retrieved from /home/airflow/.local/lib/python3.7/site-packages/airflow/example_dags/example_kubernetes_executor.py
[2024-01-30T19:04:20.807+0000] {logging_mixin.py:120} INFO - [2024-01-30T19:04:20.806+0000] {dag.py:2585} INFO - Sync 1 DAGs
[2024-01-30T19:04:20.848+0000] {logging_mixin.py:120} INFO - [2024-01-30T19:04:20.847+0000] {dag.py:3340} INFO - Setting next_dagrun for example_kubernetes_executor to None, run_after=None
[2024-01-30T19:04:20.882+0000] {processor.py:176} INFO - Processing /home/airflow/.local/lib/python3.7/site-packages/airflow/example_dags/example_kubernetes_executor.py took 0.184 seconds
[2024-01-30T19:04:51.067+0000] {processor.py:154} INFO - Started process (PID=1957) to work on /home/airflow/.local/lib/python3.7/site-packages/airflow/example_dags/example_kubernetes_executor.py
[2024-01-30T19:04:51.072+0000] {processor.py:756} INFO - Processing file /home/airflow/.local/lib/python3.7/site-packages/airflow/example_dags/example_kubernetes_executor.py for tasks to queue
[2024-01-30T19:04:51.074+0000] {logging_mixin.py:120} INFO - [2024-01-30T19:04:51.074+0000] {dagbag.py:537} INFO - Filling up the DagBag from /home/airflow/.local/lib/python3.7/site-packages/airflow/example_dags/example_kubernetes_executor.py
[2024-01-30T19:04:51.131+0000] {processor.py:766} INFO - DAG(s) dict_keys(['example_kubernetes_executor']) retrieved from /home/airflow/.local/lib/python3.7/site-packages/airflow/example_dags/example_kubernetes_executor.py
[2024-01-30T19:04:51.201+0000] {logging_mixin.py:120} INFO - [2024-01-30T19:04:51.200+0000] {dag.py:2585} INFO - Sync 1 DAGs
[2024-01-30T19:04:51.237+0000] {logging_mixin.py:120} INFO - [2024-01-30T19:04:51.237+0000] {dag.py:3340} INFO - Setting next_dagrun for example_kubernetes_executor to None, run_after=None
[2024-01-30T19:04:51.270+0000] {processor.py:176} INFO - Processing /home/airflow/.local/lib/python3.7/site-packages/airflow/example_dags/example_kubernetes_executor.py took 0.215 seconds
[2024-01-30T19:05:21.447+0000] {processor.py:154} INFO - Started process (PID=2020) to work on /home/airflow/.local/lib/python3.7/site-packages/airflow/example_dags/example_kubernetes_executor.py
[2024-01-30T19:05:21.448+0000] {processor.py:756} INFO - Processing file /home/airflow/.local/lib/python3.7/site-packages/airflow/example_dags/example_kubernetes_executor.py for tasks to queue
[2024-01-30T19:05:21.450+0000] {logging_mixin.py:120} INFO - [2024-01-30T19:05:21.450+0000] {dagbag.py:537} INFO - Filling up the DagBag from /home/airflow/.local/lib/python3.7/site-packages/airflow/example_dags/example_kubernetes_executor.py
[2024-01-30T19:05:21.503+0000] {processor.py:766} INFO - DAG(s) dict_keys(['example_kubernetes_executor']) retrieved from /home/airflow/.local/lib/python3.7/site-packages/airflow/example_dags/example_kubernetes_executor.py
[2024-01-30T19:05:21.559+0000] {logging_mixin.py:120} INFO - [2024-01-30T19:05:21.558+0000] {dag.py:2585} INFO - Sync 1 DAGs
[2024-01-30T19:05:21.591+0000] {logging_mixin.py:120} INFO - [2024-01-30T19:05:21.591+0000] {dag.py:3340} INFO - Setting next_dagrun for example_kubernetes_executor to None, run_after=None
[2024-01-30T19:05:21.616+0000] {processor.py:176} INFO - Processing /home/airflow/.local/lib/python3.7/site-packages/airflow/example_dags/example_kubernetes_executor.py took 0.175 seconds
[2024-01-30T19:05:51.745+0000] {processor.py:154} INFO - Started process (PID=2076) to work on /home/airflow/.local/lib/python3.7/site-packages/airflow/example_dags/example_kubernetes_executor.py
[2024-01-30T19:05:51.746+0000] {processor.py:756} INFO - Processing file /home/airflow/.local/lib/python3.7/site-packages/airflow/example_dags/example_kubernetes_executor.py for tasks to queue
[2024-01-30T19:05:51.748+0000] {logging_mixin.py:120} INFO - [2024-01-30T19:05:51.748+0000] {dagbag.py:537} INFO - Filling up the DagBag from /home/airflow/.local/lib/python3.7/site-packages/airflow/example_dags/example_kubernetes_executor.py
[2024-01-30T19:05:51.790+0000] {processor.py:766} INFO - DAG(s) dict_keys(['example_kubernetes_executor']) retrieved from /home/airflow/.local/lib/python3.7/site-packages/airflow/example_dags/example_kubernetes_executor.py
[2024-01-30T19:05:51.842+0000] {logging_mixin.py:120} INFO - [2024-01-30T19:05:51.842+0000] {dag.py:2585} INFO - Sync 1 DAGs
[2024-01-30T19:05:51.873+0000] {logging_mixin.py:120} INFO - [2024-01-30T19:05:51.873+0000] {dag.py:3340} INFO - Setting next_dagrun for example_kubernetes_executor to None, run_after=None
[2024-01-30T19:05:51.899+0000] {processor.py:176} INFO - Processing /home/airflow/.local/lib/python3.7/site-packages/airflow/example_dags/example_kubernetes_executor.py took 0.159 seconds
[2024-01-30T19:06:22.476+0000] {processor.py:154} INFO - Started process (PID=2141) to work on /home/airflow/.local/lib/python3.7/site-packages/airflow/example_dags/example_kubernetes_executor.py
[2024-01-30T19:06:22.478+0000] {processor.py:756} INFO - Processing file /home/airflow/.local/lib/python3.7/site-packages/airflow/example_dags/example_kubernetes_executor.py for tasks to queue
[2024-01-30T19:06:22.480+0000] {logging_mixin.py:120} INFO - [2024-01-30T19:06:22.479+0000] {dagbag.py:537} INFO - Filling up the DagBag from /home/airflow/.local/lib/python3.7/site-packages/airflow/example_dags/example_kubernetes_executor.py
[2024-01-30T19:06:22.535+0000] {processor.py:766} INFO - DAG(s) dict_keys(['example_kubernetes_executor']) retrieved from /home/airflow/.local/lib/python3.7/site-packages/airflow/example_dags/example_kubernetes_executor.py
[2024-01-30T19:06:22.608+0000] {logging_mixin.py:120} INFO - [2024-01-30T19:06:22.608+0000] {dag.py:2585} INFO - Sync 1 DAGs
[2024-01-30T19:06:22.649+0000] {logging_mixin.py:120} INFO - [2024-01-30T19:06:22.649+0000] {dag.py:3340} INFO - Setting next_dagrun for example_kubernetes_executor to None, run_after=None
[2024-01-30T19:06:22.684+0000] {processor.py:176} INFO - Processing /home/airflow/.local/lib/python3.7/site-packages/airflow/example_dags/example_kubernetes_executor.py took 0.215 seconds
[2024-01-30T19:06:53.102+0000] {processor.py:154} INFO - Started process (PID=2196) to work on /home/airflow/.local/lib/python3.7/site-packages/airflow/example_dags/example_kubernetes_executor.py
[2024-01-30T19:06:53.105+0000] {processor.py:756} INFO - Processing file /home/airflow/.local/lib/python3.7/site-packages/airflow/example_dags/example_kubernetes_executor.py for tasks to queue
[2024-01-30T19:06:53.107+0000] {logging_mixin.py:120} INFO - [2024-01-30T19:06:53.106+0000] {dagbag.py:537} INFO - Filling up the DagBag from /home/airflow/.local/lib/python3.7/site-packages/airflow/example_dags/example_kubernetes_executor.py
[2024-01-30T19:06:53.153+0000] {processor.py:766} INFO - DAG(s) dict_keys(['example_kubernetes_executor']) retrieved from /home/airflow/.local/lib/python3.7/site-packages/airflow/example_dags/example_kubernetes_executor.py
[2024-01-30T19:06:53.247+0000] {logging_mixin.py:120} INFO - [2024-01-30T19:06:53.247+0000] {dag.py:2585} INFO - Sync 1 DAGs
[2024-01-30T19:06:53.286+0000] {logging_mixin.py:120} INFO - [2024-01-30T19:06:53.286+0000] {dag.py:3340} INFO - Setting next_dagrun for example_kubernetes_executor to None, run_after=None
[2024-01-30T19:06:53.320+0000] {processor.py:176} INFO - Processing /home/airflow/.local/lib/python3.7/site-packages/airflow/example_dags/example_kubernetes_executor.py took 0.223 seconds
[2024-01-30T19:07:24.020+0000] {processor.py:154} INFO - Started process (PID=2260) to work on /home/airflow/.local/lib/python3.7/site-packages/airflow/example_dags/example_kubernetes_executor.py
[2024-01-30T19:07:24.022+0000] {processor.py:756} INFO - Processing file /home/airflow/.local/lib/python3.7/site-packages/airflow/example_dags/example_kubernetes_executor.py for tasks to queue
[2024-01-30T19:07:24.024+0000] {logging_mixin.py:120} INFO - [2024-01-30T19:07:24.024+0000] {dagbag.py:537} INFO - Filling up the DagBag from /home/airflow/.local/lib/python3.7/site-packages/airflow/example_dags/example_kubernetes_executor.py
[2024-01-30T19:07:24.080+0000] {processor.py:766} INFO - DAG(s) dict_keys(['example_kubernetes_executor']) retrieved from /home/airflow/.local/lib/python3.7/site-packages/airflow/example_dags/example_kubernetes_executor.py
[2024-01-30T19:07:24.155+0000] {logging_mixin.py:120} INFO - [2024-01-30T19:07:24.154+0000] {dag.py:2585} INFO - Sync 1 DAGs
[2024-01-30T19:07:24.195+0000] {logging_mixin.py:120} INFO - [2024-01-30T19:07:24.195+0000] {dag.py:3340} INFO - Setting next_dagrun for example_kubernetes_executor to None, run_after=None
[2024-01-30T19:07:24.231+0000] {processor.py:176} INFO - Processing /home/airflow/.local/lib/python3.7/site-packages/airflow/example_dags/example_kubernetes_executor.py took 0.217 seconds
[2024-01-30T19:07:54.500+0000] {processor.py:154} INFO - Started process (PID=2323) to work on /home/airflow/.local/lib/python3.7/site-packages/airflow/example_dags/example_kubernetes_executor.py
[2024-01-30T19:07:54.502+0000] {processor.py:756} INFO - Processing file /home/airflow/.local/lib/python3.7/site-packages/airflow/example_dags/example_kubernetes_executor.py for tasks to queue
[2024-01-30T19:07:54.504+0000] {logging_mixin.py:120} INFO - [2024-01-30T19:07:54.503+0000] {dagbag.py:537} INFO - Filling up the DagBag from /home/airflow/.local/lib/python3.7/site-packages/airflow/example_dags/example_kubernetes_executor.py
[2024-01-30T19:07:54.548+0000] {processor.py:766} INFO - DAG(s) dict_keys(['example_kubernetes_executor']) retrieved from /home/airflow/.local/lib/python3.7/site-packages/airflow/example_dags/example_kubernetes_executor.py
[2024-01-30T19:07:54.630+0000] {logging_mixin.py:120} INFO - [2024-01-30T19:07:54.629+0000] {dag.py:2585} INFO - Sync 1 DAGs
[2024-01-30T19:07:54.689+0000] {logging_mixin.py:120} INFO - [2024-01-30T19:07:54.689+0000] {dag.py:3340} INFO - Setting next_dagrun for example_kubernetes_executor to None, run_after=None
[2024-01-30T19:07:54.744+0000] {processor.py:176} INFO - Processing /home/airflow/.local/lib/python3.7/site-packages/airflow/example_dags/example_kubernetes_executor.py took 0.249 seconds
[2024-01-30T19:08:25.130+0000] {processor.py:154} INFO - Started process (PID=2380) to work on /home/airflow/.local/lib/python3.7/site-packages/airflow/example_dags/example_kubernetes_executor.py
[2024-01-30T19:08:25.131+0000] {processor.py:756} INFO - Processing file /home/airflow/.local/lib/python3.7/site-packages/airflow/example_dags/example_kubernetes_executor.py for tasks to queue
[2024-01-30T19:08:25.132+0000] {logging_mixin.py:120} INFO - [2024-01-30T19:08:25.132+0000] {dagbag.py:537} INFO - Filling up the DagBag from /home/airflow/.local/lib/python3.7/site-packages/airflow/example_dags/example_kubernetes_executor.py
[2024-01-30T19:08:25.178+0000] {processor.py:766} INFO - DAG(s) dict_keys(['example_kubernetes_executor']) retrieved from /home/airflow/.local/lib/python3.7/site-packages/airflow/example_dags/example_kubernetes_executor.py
[2024-01-30T19:08:25.263+0000] {logging_mixin.py:120} INFO - [2024-01-30T19:08:25.263+0000] {dag.py:2585} INFO - Sync 1 DAGs
[2024-01-30T19:08:25.330+0000] {logging_mixin.py:120} INFO - [2024-01-30T19:08:25.330+0000] {dag.py:3340} INFO - Setting next_dagrun for example_kubernetes_executor to None, run_after=None
[2024-01-30T19:08:25.381+0000] {processor.py:176} INFO - Processing /home/airflow/.local/lib/python3.7/site-packages/airflow/example_dags/example_kubernetes_executor.py took 0.257 seconds
[2024-01-30T19:08:55.655+0000] {processor.py:154} INFO - Started process (PID=2445) to work on /home/airflow/.local/lib/python3.7/site-packages/airflow/example_dags/example_kubernetes_executor.py
[2024-01-30T19:08:55.657+0000] {processor.py:756} INFO - Processing file /home/airflow/.local/lib/python3.7/site-packages/airflow/example_dags/example_kubernetes_executor.py for tasks to queue
[2024-01-30T19:08:55.659+0000] {logging_mixin.py:120} INFO - [2024-01-30T19:08:55.659+0000] {dagbag.py:537} INFO - Filling up the DagBag from /home/airflow/.local/lib/python3.7/site-packages/airflow/example_dags/example_kubernetes_executor.py
[2024-01-30T19:08:55.702+0000] {processor.py:766} INFO - DAG(s) dict_keys(['example_kubernetes_executor']) retrieved from /home/airflow/.local/lib/python3.7/site-packages/airflow/example_dags/example_kubernetes_executor.py
[2024-01-30T19:08:55.775+0000] {logging_mixin.py:120} INFO - [2024-01-30T19:08:55.775+0000] {dag.py:2585} INFO - Sync 1 DAGs
[2024-01-30T19:08:55.812+0000] {logging_mixin.py:120} INFO - [2024-01-30T19:08:55.811+0000] {dag.py:3340} INFO - Setting next_dagrun for example_kubernetes_executor to None, run_after=None
[2024-01-30T19:08:55.841+0000] {processor.py:176} INFO - Processing /home/airflow/.local/lib/python3.7/site-packages/airflow/example_dags/example_kubernetes_executor.py took 0.191 seconds
[2024-01-30T19:09:27.187+0000] {processor.py:154} INFO - Started process (PID=2504) to work on /home/airflow/.local/lib/python3.7/site-packages/airflow/example_dags/example_kubernetes_executor.py
[2024-01-30T19:09:27.191+0000] {processor.py:756} INFO - Processing file /home/airflow/.local/lib/python3.7/site-packages/airflow/example_dags/example_kubernetes_executor.py for tasks to queue
[2024-01-30T19:09:27.194+0000] {logging_mixin.py:120} INFO - [2024-01-30T19:09:27.193+0000] {dagbag.py:537} INFO - Filling up the DagBag from /home/airflow/.local/lib/python3.7/site-packages/airflow/example_dags/example_kubernetes_executor.py
[2024-01-30T19:09:27.280+0000] {processor.py:766} INFO - DAG(s) dict_keys(['example_kubernetes_executor']) retrieved from /home/airflow/.local/lib/python3.7/site-packages/airflow/example_dags/example_kubernetes_executor.py
[2024-01-30T19:09:27.370+0000] {logging_mixin.py:120} INFO - [2024-01-30T19:09:27.369+0000] {dag.py:2585} INFO - Sync 1 DAGs
[2024-01-30T19:09:27.405+0000] {logging_mixin.py:120} INFO - [2024-01-30T19:09:27.404+0000] {dag.py:3340} INFO - Setting next_dagrun for example_kubernetes_executor to None, run_after=None
[2024-01-30T19:09:27.431+0000] {processor.py:176} INFO - Processing /home/airflow/.local/lib/python3.7/site-packages/airflow/example_dags/example_kubernetes_executor.py took 0.287 seconds
[2024-01-30T19:09:57.735+0000] {processor.py:154} INFO - Started process (PID=2568) to work on /home/airflow/.local/lib/python3.7/site-packages/airflow/example_dags/example_kubernetes_executor.py
[2024-01-30T19:09:57.738+0000] {processor.py:756} INFO - Processing file /home/airflow/.local/lib/python3.7/site-packages/airflow/example_dags/example_kubernetes_executor.py for tasks to queue
[2024-01-30T19:09:57.741+0000] {logging_mixin.py:120} INFO - [2024-01-30T19:09:57.740+0000] {dagbag.py:537} INFO - Filling up the DagBag from /home/airflow/.local/lib/python3.7/site-packages/airflow/example_dags/example_kubernetes_executor.py
[2024-01-30T19:09:57.798+0000] {processor.py:766} INFO - DAG(s) dict_keys(['example_kubernetes_executor']) retrieved from /home/airflow/.local/lib/python3.7/site-packages/airflow/example_dags/example_kubernetes_executor.py
[2024-01-30T19:09:57.884+0000] {logging_mixin.py:120} INFO - [2024-01-30T19:09:57.884+0000] {dag.py:2585} INFO - Sync 1 DAGs
[2024-01-30T19:09:57.939+0000] {logging_mixin.py:120} INFO - [2024-01-30T19:09:57.938+0000] {dag.py:3340} INFO - Setting next_dagrun for example_kubernetes_executor to None, run_after=None
[2024-01-30T19:09:57.994+0000] {processor.py:176} INFO - Processing /home/airflow/.local/lib/python3.7/site-packages/airflow/example_dags/example_kubernetes_executor.py took 0.265 seconds
[2024-01-30T19:10:28.219+0000] {processor.py:154} INFO - Started process (PID=2633) to work on /home/airflow/.local/lib/python3.7/site-packages/airflow/example_dags/example_kubernetes_executor.py
[2024-01-30T19:10:28.221+0000] {processor.py:756} INFO - Processing file /home/airflow/.local/lib/python3.7/site-packages/airflow/example_dags/example_kubernetes_executor.py for tasks to queue
[2024-01-30T19:10:28.222+0000] {logging_mixin.py:120} INFO - [2024-01-30T19:10:28.222+0000] {dagbag.py:537} INFO - Filling up the DagBag from /home/airflow/.local/lib/python3.7/site-packages/airflow/example_dags/example_kubernetes_executor.py
[2024-01-30T19:10:28.267+0000] {processor.py:766} INFO - DAG(s) dict_keys(['example_kubernetes_executor']) retrieved from /home/airflow/.local/lib/python3.7/site-packages/airflow/example_dags/example_kubernetes_executor.py
[2024-01-30T19:10:28.338+0000] {logging_mixin.py:120} INFO - [2024-01-30T19:10:28.338+0000] {dag.py:2585} INFO - Sync 1 DAGs
[2024-01-30T19:10:28.392+0000] {logging_mixin.py:120} INFO - [2024-01-30T19:10:28.392+0000] {dag.py:3340} INFO - Setting next_dagrun for example_kubernetes_executor to None, run_after=None
[2024-01-30T19:10:28.432+0000] {processor.py:176} INFO - Processing /home/airflow/.local/lib/python3.7/site-packages/airflow/example_dags/example_kubernetes_executor.py took 0.220 seconds
[2024-01-30T19:10:58.981+0000] {processor.py:154} INFO - Started process (PID=2689) to work on /home/airflow/.local/lib/python3.7/site-packages/airflow/example_dags/example_kubernetes_executor.py
[2024-01-30T19:10:58.986+0000] {processor.py:756} INFO - Processing file /home/airflow/.local/lib/python3.7/site-packages/airflow/example_dags/example_kubernetes_executor.py for tasks to queue
[2024-01-30T19:10:58.988+0000] {logging_mixin.py:120} INFO - [2024-01-30T19:10:58.988+0000] {dagbag.py:537} INFO - Filling up the DagBag from /home/airflow/.local/lib/python3.7/site-packages/airflow/example_dags/example_kubernetes_executor.py
[2024-01-30T19:10:59.051+0000] {processor.py:766} INFO - DAG(s) dict_keys(['example_kubernetes_executor']) retrieved from /home/airflow/.local/lib/python3.7/site-packages/airflow/example_dags/example_kubernetes_executor.py
[2024-01-30T19:10:59.123+0000] {logging_mixin.py:120} INFO - [2024-01-30T19:10:59.123+0000] {dag.py:2585} INFO - Sync 1 DAGs
[2024-01-30T19:10:59.162+0000] {logging_mixin.py:120} INFO - [2024-01-30T19:10:59.162+0000] {dag.py:3340} INFO - Setting next_dagrun for example_kubernetes_executor to None, run_after=None
[2024-01-30T19:10:59.195+0000] {processor.py:176} INFO - Processing /home/airflow/.local/lib/python3.7/site-packages/airflow/example_dags/example_kubernetes_executor.py took 0.223 seconds
[2024-01-30T19:11:29.327+0000] {processor.py:154} INFO - Started process (PID=2754) to work on /home/airflow/.local/lib/python3.7/site-packages/airflow/example_dags/example_kubernetes_executor.py
[2024-01-30T19:11:29.329+0000] {processor.py:756} INFO - Processing file /home/airflow/.local/lib/python3.7/site-packages/airflow/example_dags/example_kubernetes_executor.py for tasks to queue
[2024-01-30T19:11:29.331+0000] {logging_mixin.py:120} INFO - [2024-01-30T19:11:29.331+0000] {dagbag.py:537} INFO - Filling up the DagBag from /home/airflow/.local/lib/python3.7/site-packages/airflow/example_dags/example_kubernetes_executor.py
[2024-01-30T19:11:29.376+0000] {processor.py:766} INFO - DAG(s) dict_keys(['example_kubernetes_executor']) retrieved from /home/airflow/.local/lib/python3.7/site-packages/airflow/example_dags/example_kubernetes_executor.py
[2024-01-30T19:11:29.442+0000] {logging_mixin.py:120} INFO - [2024-01-30T19:11:29.441+0000] {dag.py:2585} INFO - Sync 1 DAGs
[2024-01-30T19:11:29.480+0000] {logging_mixin.py:120} INFO - [2024-01-30T19:11:29.480+0000] {dag.py:3340} INFO - Setting next_dagrun for example_kubernetes_executor to None, run_after=None
[2024-01-30T19:11:29.511+0000] {processor.py:176} INFO - Processing /home/airflow/.local/lib/python3.7/site-packages/airflow/example_dags/example_kubernetes_executor.py took 0.190 seconds
[2024-01-30T19:11:59.882+0000] {processor.py:154} INFO - Started process (PID=2822) to work on /home/airflow/.local/lib/python3.7/site-packages/airflow/example_dags/example_kubernetes_executor.py
[2024-01-30T19:11:59.884+0000] {processor.py:756} INFO - Processing file /home/airflow/.local/lib/python3.7/site-packages/airflow/example_dags/example_kubernetes_executor.py for tasks to queue
[2024-01-30T19:11:59.887+0000] {logging_mixin.py:120} INFO - [2024-01-30T19:11:59.886+0000] {dagbag.py:537} INFO - Filling up the DagBag from /home/airflow/.local/lib/python3.7/site-packages/airflow/example_dags/example_kubernetes_executor.py
[2024-01-30T19:11:59.938+0000] {processor.py:766} INFO - DAG(s) dict_keys(['example_kubernetes_executor']) retrieved from /home/airflow/.local/lib/python3.7/site-packages/airflow/example_dags/example_kubernetes_executor.py
[2024-01-30T19:12:00.026+0000] {logging_mixin.py:120} INFO - [2024-01-30T19:12:00.025+0000] {dag.py:2585} INFO - Sync 1 DAGs
[2024-01-30T19:12:00.083+0000] {logging_mixin.py:120} INFO - [2024-01-30T19:12:00.083+0000] {dag.py:3340} INFO - Setting next_dagrun for example_kubernetes_executor to None, run_after=None
[2024-01-30T19:12:00.124+0000] {processor.py:176} INFO - Processing /home/airflow/.local/lib/python3.7/site-packages/airflow/example_dags/example_kubernetes_executor.py took 0.247 seconds
[2024-01-30T19:12:30.299+0000] {processor.py:154} INFO - Started process (PID=2879) to work on /home/airflow/.local/lib/python3.7/site-packages/airflow/example_dags/example_kubernetes_executor.py
[2024-01-30T19:12:30.300+0000] {processor.py:756} INFO - Processing file /home/airflow/.local/lib/python3.7/site-packages/airflow/example_dags/example_kubernetes_executor.py for tasks to queue
[2024-01-30T19:12:30.301+0000] {logging_mixin.py:120} INFO - [2024-01-30T19:12:30.301+0000] {dagbag.py:537} INFO - Filling up the DagBag from /home/airflow/.local/lib/python3.7/site-packages/airflow/example_dags/example_kubernetes_executor.py
[2024-01-30T19:12:30.370+0000] {processor.py:766} INFO - DAG(s) dict_keys(['example_kubernetes_executor']) retrieved from /home/airflow/.local/lib/python3.7/site-packages/airflow/example_dags/example_kubernetes_executor.py
[2024-01-30T19:12:30.428+0000] {logging_mixin.py:120} INFO - [2024-01-30T19:12:30.428+0000] {dag.py:2585} INFO - Sync 1 DAGs
[2024-01-30T19:12:30.467+0000] {logging_mixin.py:120} INFO - [2024-01-30T19:12:30.466+0000] {dag.py:3340} INFO - Setting next_dagrun for example_kubernetes_executor to None, run_after=None
[2024-01-30T19:12:30.494+0000] {processor.py:176} INFO - Processing /home/airflow/.local/lib/python3.7/site-packages/airflow/example_dags/example_kubernetes_executor.py took 0.199 seconds
[2024-01-30T19:13:00.878+0000] {processor.py:154} INFO - Started process (PID=2944) to work on /home/airflow/.local/lib/python3.7/site-packages/airflow/example_dags/example_kubernetes_executor.py
[2024-01-30T19:13:00.879+0000] {processor.py:756} INFO - Processing file /home/airflow/.local/lib/python3.7/site-packages/airflow/example_dags/example_kubernetes_executor.py for tasks to queue
[2024-01-30T19:13:00.881+0000] {logging_mixin.py:120} INFO - [2024-01-30T19:13:00.880+0000] {dagbag.py:537} INFO - Filling up the DagBag from /home/airflow/.local/lib/python3.7/site-packages/airflow/example_dags/example_kubernetes_executor.py
[2024-01-30T19:13:00.926+0000] {processor.py:766} INFO - DAG(s) dict_keys(['example_kubernetes_executor']) retrieved from /home/airflow/.local/lib/python3.7/site-packages/airflow/example_dags/example_kubernetes_executor.py
[2024-01-30T19:13:00.996+0000] {logging_mixin.py:120} INFO - [2024-01-30T19:13:00.996+0000] {dag.py:2585} INFO - Sync 1 DAGs
[2024-01-30T19:13:01.044+0000] {logging_mixin.py:120} INFO - [2024-01-30T19:13:01.044+0000] {dag.py:3340} INFO - Setting next_dagrun for example_kubernetes_executor to None, run_after=None
[2024-01-30T19:13:01.083+0000] {processor.py:176} INFO - Processing /home/airflow/.local/lib/python3.7/site-packages/airflow/example_dags/example_kubernetes_executor.py took 0.211 seconds
[2024-01-30T19:13:31.514+0000] {processor.py:154} INFO - Started process (PID=3000) to work on /home/airflow/.local/lib/python3.7/site-packages/airflow/example_dags/example_kubernetes_executor.py
[2024-01-30T19:13:31.518+0000] {processor.py:756} INFO - Processing file /home/airflow/.local/lib/python3.7/site-packages/airflow/example_dags/example_kubernetes_executor.py for tasks to queue
[2024-01-30T19:13:31.521+0000] {logging_mixin.py:120} INFO - [2024-01-30T19:13:31.521+0000] {dagbag.py:537} INFO - Filling up the DagBag from /home/airflow/.local/lib/python3.7/site-packages/airflow/example_dags/example_kubernetes_executor.py
[2024-01-30T19:13:31.612+0000] {processor.py:766} INFO - DAG(s) dict_keys(['example_kubernetes_executor']) retrieved from /home/airflow/.local/lib/python3.7/site-packages/airflow/example_dags/example_kubernetes_executor.py
[2024-01-30T19:13:31.718+0000] {logging_mixin.py:120} INFO - [2024-01-30T19:13:31.717+0000] {dag.py:2585} INFO - Sync 1 DAGs
[2024-01-30T19:13:31.780+0000] {logging_mixin.py:120} INFO - [2024-01-30T19:13:31.779+0000] {dag.py:3340} INFO - Setting next_dagrun for example_kubernetes_executor to None, run_after=None
[2024-01-30T19:13:31.816+0000] {processor.py:176} INFO - Processing /home/airflow/.local/lib/python3.7/site-packages/airflow/example_dags/example_kubernetes_executor.py took 0.313 seconds
[2024-01-30T19:14:01.896+0000] {processor.py:154} INFO - Started process (PID=3065) to work on /home/airflow/.local/lib/python3.7/site-packages/airflow/example_dags/example_kubernetes_executor.py
[2024-01-30T19:14:01.898+0000] {processor.py:756} INFO - Processing file /home/airflow/.local/lib/python3.7/site-packages/airflow/example_dags/example_kubernetes_executor.py for tasks to queue
[2024-01-30T19:14:01.899+0000] {logging_mixin.py:120} INFO - [2024-01-30T19:14:01.899+0000] {dagbag.py:537} INFO - Filling up the DagBag from /home/airflow/.local/lib/python3.7/site-packages/airflow/example_dags/example_kubernetes_executor.py
[2024-01-30T19:14:01.944+0000] {processor.py:766} INFO - DAG(s) dict_keys(['example_kubernetes_executor']) retrieved from /home/airflow/.local/lib/python3.7/site-packages/airflow/example_dags/example_kubernetes_executor.py
[2024-01-30T19:14:02.021+0000] {logging_mixin.py:120} INFO - [2024-01-30T19:14:02.021+0000] {dag.py:2585} INFO - Sync 1 DAGs
[2024-01-30T19:14:02.064+0000] {logging_mixin.py:120} INFO - [2024-01-30T19:14:02.064+0000] {dag.py:3340} INFO - Setting next_dagrun for example_kubernetes_executor to None, run_after=None
[2024-01-30T19:14:02.111+0000] {processor.py:176} INFO - Processing /home/airflow/.local/lib/python3.7/site-packages/airflow/example_dags/example_kubernetes_executor.py took 0.221 seconds
[2024-01-30T19:14:32.537+0000] {processor.py:154} INFO - Started process (PID=3130) to work on /home/airflow/.local/lib/python3.7/site-packages/airflow/example_dags/example_kubernetes_executor.py
[2024-01-30T19:14:32.539+0000] {processor.py:756} INFO - Processing file /home/airflow/.local/lib/python3.7/site-packages/airflow/example_dags/example_kubernetes_executor.py for tasks to queue
[2024-01-30T19:14:32.541+0000] {logging_mixin.py:120} INFO - [2024-01-30T19:14:32.540+0000] {dagbag.py:537} INFO - Filling up the DagBag from /home/airflow/.local/lib/python3.7/site-packages/airflow/example_dags/example_kubernetes_executor.py
[2024-01-30T19:14:32.583+0000] {processor.py:766} INFO - DAG(s) dict_keys(['example_kubernetes_executor']) retrieved from /home/airflow/.local/lib/python3.7/site-packages/airflow/example_dags/example_kubernetes_executor.py
[2024-01-30T19:14:32.641+0000] {logging_mixin.py:120} INFO - [2024-01-30T19:14:32.641+0000] {dag.py:2585} INFO - Sync 1 DAGs
[2024-01-30T19:14:32.679+0000] {logging_mixin.py:120} INFO - [2024-01-30T19:14:32.679+0000] {dag.py:3340} INFO - Setting next_dagrun for example_kubernetes_executor to None, run_after=None
[2024-01-30T19:14:32.710+0000] {processor.py:176} INFO - Processing /home/airflow/.local/lib/python3.7/site-packages/airflow/example_dags/example_kubernetes_executor.py took 0.181 seconds
[2024-01-30T19:15:02.868+0000] {processor.py:154} INFO - Started process (PID=3186) to work on /home/airflow/.local/lib/python3.7/site-packages/airflow/example_dags/example_kubernetes_executor.py
[2024-01-30T19:15:02.870+0000] {processor.py:756} INFO - Processing file /home/airflow/.local/lib/python3.7/site-packages/airflow/example_dags/example_kubernetes_executor.py for tasks to queue
[2024-01-30T19:15:02.872+0000] {logging_mixin.py:120} INFO - [2024-01-30T19:15:02.872+0000] {dagbag.py:537} INFO - Filling up the DagBag from /home/airflow/.local/lib/python3.7/site-packages/airflow/example_dags/example_kubernetes_executor.py
[2024-01-30T19:15:02.909+0000] {processor.py:766} INFO - DAG(s) dict_keys(['example_kubernetes_executor']) retrieved from /home/airflow/.local/lib/python3.7/site-packages/airflow/example_dags/example_kubernetes_executor.py
[2024-01-30T19:15:02.968+0000] {logging_mixin.py:120} INFO - [2024-01-30T19:15:02.967+0000] {dag.py:2585} INFO - Sync 1 DAGs
[2024-01-30T19:15:03.005+0000] {logging_mixin.py:120} INFO - [2024-01-30T19:15:03.005+0000] {dag.py:3340} INFO - Setting next_dagrun for example_kubernetes_executor to None, run_after=None
[2024-01-30T19:15:03.036+0000] {processor.py:176} INFO - Processing /home/airflow/.local/lib/python3.7/site-packages/airflow/example_dags/example_kubernetes_executor.py took 0.175 seconds
[2024-01-30T19:15:33.761+0000] {processor.py:154} INFO - Started process (PID=3251) to work on /home/airflow/.local/lib/python3.7/site-packages/airflow/example_dags/example_kubernetes_executor.py
[2024-01-30T19:15:33.763+0000] {processor.py:756} INFO - Processing file /home/airflow/.local/lib/python3.7/site-packages/airflow/example_dags/example_kubernetes_executor.py for tasks to queue
[2024-01-30T19:15:33.764+0000] {logging_mixin.py:120} INFO - [2024-01-30T19:15:33.764+0000] {dagbag.py:537} INFO - Filling up the DagBag from /home/airflow/.local/lib/python3.7/site-packages/airflow/example_dags/example_kubernetes_executor.py
[2024-01-30T19:15:33.810+0000] {processor.py:766} INFO - DAG(s) dict_keys(['example_kubernetes_executor']) retrieved from /home/airflow/.local/lib/python3.7/site-packages/airflow/example_dags/example_kubernetes_executor.py
[2024-01-30T19:15:33.879+0000] {logging_mixin.py:120} INFO - [2024-01-30T19:15:33.879+0000] {dag.py:2585} INFO - Sync 1 DAGs
[2024-01-30T19:15:33.914+0000] {logging_mixin.py:120} INFO - [2024-01-30T19:15:33.914+0000] {dag.py:3340} INFO - Setting next_dagrun for example_kubernetes_executor to None, run_after=None
[2024-01-30T19:15:33.946+0000] {processor.py:176} INFO - Processing /home/airflow/.local/lib/python3.7/site-packages/airflow/example_dags/example_kubernetes_executor.py took 0.190 seconds
[2024-01-30T19:16:04.031+0000] {processor.py:154} INFO - Started process (PID=3313) to work on /home/airflow/.local/lib/python3.7/site-packages/airflow/example_dags/example_kubernetes_executor.py
[2024-01-30T19:16:04.034+0000] {processor.py:756} INFO - Processing file /home/airflow/.local/lib/python3.7/site-packages/airflow/example_dags/example_kubernetes_executor.py for tasks to queue
[2024-01-30T19:16:04.037+0000] {logging_mixin.py:120} INFO - [2024-01-30T19:16:04.036+0000] {dagbag.py:537} INFO - Filling up the DagBag from /home/airflow/.local/lib/python3.7/site-packages/airflow/example_dags/example_kubernetes_executor.py
[2024-01-30T19:16:04.090+0000] {processor.py:766} INFO - DAG(s) dict_keys(['example_kubernetes_executor']) retrieved from /home/airflow/.local/lib/python3.7/site-packages/airflow/example_dags/example_kubernetes_executor.py
[2024-01-30T19:16:04.155+0000] {logging_mixin.py:120} INFO - [2024-01-30T19:16:04.155+0000] {dag.py:2585} INFO - Sync 1 DAGs
[2024-01-30T19:16:04.193+0000] {logging_mixin.py:120} INFO - [2024-01-30T19:16:04.193+0000] {dag.py:3340} INFO - Setting next_dagrun for example_kubernetes_executor to None, run_after=None
[2024-01-30T19:16:04.228+0000] {processor.py:176} INFO - Processing /home/airflow/.local/lib/python3.7/site-packages/airflow/example_dags/example_kubernetes_executor.py took 0.207 seconds
[2024-01-30T19:16:34.655+0000] {processor.py:154} INFO - Started process (PID=3372) to work on /home/airflow/.local/lib/python3.7/site-packages/airflow/example_dags/example_kubernetes_executor.py
[2024-01-30T19:16:34.656+0000] {processor.py:756} INFO - Processing file /home/airflow/.local/lib/python3.7/site-packages/airflow/example_dags/example_kubernetes_executor.py for tasks to queue
[2024-01-30T19:16:34.657+0000] {logging_mixin.py:120} INFO - [2024-01-30T19:16:34.657+0000] {dagbag.py:537} INFO - Filling up the DagBag from /home/airflow/.local/lib/python3.7/site-packages/airflow/example_dags/example_kubernetes_executor.py
[2024-01-30T19:16:34.692+0000] {processor.py:766} INFO - DAG(s) dict_keys(['example_kubernetes_executor']) retrieved from /home/airflow/.local/lib/python3.7/site-packages/airflow/example_dags/example_kubernetes_executor.py
[2024-01-30T19:16:34.743+0000] {logging_mixin.py:120} INFO - [2024-01-30T19:16:34.743+0000] {dag.py:2585} INFO - Sync 1 DAGs
[2024-01-30T19:16:34.774+0000] {logging_mixin.py:120} INFO - [2024-01-30T19:16:34.774+0000] {dag.py:3340} INFO - Setting next_dagrun for example_kubernetes_executor to None, run_after=None
[2024-01-30T19:16:34.803+0000] {processor.py:176} INFO - Processing /home/airflow/.local/lib/python3.7/site-packages/airflow/example_dags/example_kubernetes_executor.py took 0.152 seconds
[2024-01-30T19:17:05.163+0000] {processor.py:154} INFO - Started process (PID=3437) to work on /home/airflow/.local/lib/python3.7/site-packages/airflow/example_dags/example_kubernetes_executor.py
[2024-01-30T19:17:05.164+0000] {processor.py:756} INFO - Processing file /home/airflow/.local/lib/python3.7/site-packages/airflow/example_dags/example_kubernetes_executor.py for tasks to queue
[2024-01-30T19:17:05.165+0000] {logging_mixin.py:120} INFO - [2024-01-30T19:17:05.165+0000] {dagbag.py:537} INFO - Filling up the DagBag from /home/airflow/.local/lib/python3.7/site-packages/airflow/example_dags/example_kubernetes_executor.py
[2024-01-30T19:17:05.200+0000] {processor.py:766} INFO - DAG(s) dict_keys(['example_kubernetes_executor']) retrieved from /home/airflow/.local/lib/python3.7/site-packages/airflow/example_dags/example_kubernetes_executor.py
[2024-01-30T19:17:05.258+0000] {logging_mixin.py:120} INFO - [2024-01-30T19:17:05.258+0000] {dag.py:2585} INFO - Sync 1 DAGs
[2024-01-30T19:17:05.289+0000] {logging_mixin.py:120} INFO - [2024-01-30T19:17:05.289+0000] {dag.py:3340} INFO - Setting next_dagrun for example_kubernetes_executor to None, run_after=None
[2024-01-30T19:17:05.315+0000] {processor.py:176} INFO - Processing /home/airflow/.local/lib/python3.7/site-packages/airflow/example_dags/example_kubernetes_executor.py took 0.157 seconds
[2024-01-30T19:17:35.650+0000] {processor.py:154} INFO - Started process (PID=3493) to work on /home/airflow/.local/lib/python3.7/site-packages/airflow/example_dags/example_kubernetes_executor.py
[2024-01-30T19:17:35.652+0000] {processor.py:756} INFO - Processing file /home/airflow/.local/lib/python3.7/site-packages/airflow/example_dags/example_kubernetes_executor.py for tasks to queue
[2024-01-30T19:17:35.654+0000] {logging_mixin.py:120} INFO - [2024-01-30T19:17:35.653+0000] {dagbag.py:537} INFO - Filling up the DagBag from /home/airflow/.local/lib/python3.7/site-packages/airflow/example_dags/example_kubernetes_executor.py
[2024-01-30T19:17:35.690+0000] {processor.py:766} INFO - DAG(s) dict_keys(['example_kubernetes_executor']) retrieved from /home/airflow/.local/lib/python3.7/site-packages/airflow/example_dags/example_kubernetes_executor.py
[2024-01-30T19:17:35.749+0000] {logging_mixin.py:120} INFO - [2024-01-30T19:17:35.748+0000] {dag.py:2585} INFO - Sync 1 DAGs
[2024-01-30T19:17:35.787+0000] {logging_mixin.py:120} INFO - [2024-01-30T19:17:35.787+0000] {dag.py:3340} INFO - Setting next_dagrun for example_kubernetes_executor to None, run_after=None
[2024-01-30T19:17:35.824+0000] {processor.py:176} INFO - Processing /home/airflow/.local/lib/python3.7/site-packages/airflow/example_dags/example_kubernetes_executor.py took 0.179 seconds
[2024-01-30T19:18:06.405+0000] {processor.py:154} INFO - Started process (PID=3559) to work on /home/airflow/.local/lib/python3.7/site-packages/airflow/example_dags/example_kubernetes_executor.py
[2024-01-30T19:18:06.406+0000] {processor.py:756} INFO - Processing file /home/airflow/.local/lib/python3.7/site-packages/airflow/example_dags/example_kubernetes_executor.py for tasks to queue
[2024-01-30T19:18:06.407+0000] {logging_mixin.py:120} INFO - [2024-01-30T19:18:06.407+0000] {dagbag.py:537} INFO - Filling up the DagBag from /home/airflow/.local/lib/python3.7/site-packages/airflow/example_dags/example_kubernetes_executor.py
[2024-01-30T19:18:06.440+0000] {processor.py:766} INFO - DAG(s) dict_keys(['example_kubernetes_executor']) retrieved from /home/airflow/.local/lib/python3.7/site-packages/airflow/example_dags/example_kubernetes_executor.py
[2024-01-30T19:18:06.491+0000] {logging_mixin.py:120} INFO - [2024-01-30T19:18:06.490+0000] {dag.py:2585} INFO - Sync 1 DAGs
[2024-01-30T19:18:06.527+0000] {logging_mixin.py:120} INFO - [2024-01-30T19:18:06.527+0000] {dag.py:3340} INFO - Setting next_dagrun for example_kubernetes_executor to None, run_after=None
[2024-01-30T19:18:06.551+0000] {processor.py:176} INFO - Processing /home/airflow/.local/lib/python3.7/site-packages/airflow/example_dags/example_kubernetes_executor.py took 0.150 seconds
[2024-01-30T19:18:37.505+0000] {processor.py:154} INFO - Started process (PID=3624) to work on /home/airflow/.local/lib/python3.7/site-packages/airflow/example_dags/example_kubernetes_executor.py
[2024-01-30T19:18:37.507+0000] {processor.py:756} INFO - Processing file /home/airflow/.local/lib/python3.7/site-packages/airflow/example_dags/example_kubernetes_executor.py for tasks to queue
[2024-01-30T19:18:37.509+0000] {logging_mixin.py:120} INFO - [2024-01-30T19:18:37.508+0000] {dagbag.py:537} INFO - Filling up the DagBag from /home/airflow/.local/lib/python3.7/site-packages/airflow/example_dags/example_kubernetes_executor.py
[2024-01-30T19:18:37.557+0000] {processor.py:766} INFO - DAG(s) dict_keys(['example_kubernetes_executor']) retrieved from /home/airflow/.local/lib/python3.7/site-packages/airflow/example_dags/example_kubernetes_executor.py
[2024-01-30T19:18:37.610+0000] {logging_mixin.py:120} INFO - [2024-01-30T19:18:37.610+0000] {dag.py:2585} INFO - Sync 1 DAGs
[2024-01-30T19:18:37.643+0000] {logging_mixin.py:120} INFO - [2024-01-30T19:18:37.643+0000] {dag.py:3340} INFO - Setting next_dagrun for example_kubernetes_executor to None, run_after=None
[2024-01-30T19:18:37.668+0000] {processor.py:176} INFO - Processing /home/airflow/.local/lib/python3.7/site-packages/airflow/example_dags/example_kubernetes_executor.py took 0.167 seconds
[2024-01-30T19:19:07.822+0000] {processor.py:154} INFO - Started process (PID=3679) to work on /home/airflow/.local/lib/python3.7/site-packages/airflow/example_dags/example_kubernetes_executor.py
[2024-01-30T19:19:07.823+0000] {processor.py:756} INFO - Processing file /home/airflow/.local/lib/python3.7/site-packages/airflow/example_dags/example_kubernetes_executor.py for tasks to queue
[2024-01-30T19:19:07.824+0000] {logging_mixin.py:120} INFO - [2024-01-30T19:19:07.824+0000] {dagbag.py:537} INFO - Filling up the DagBag from /home/airflow/.local/lib/python3.7/site-packages/airflow/example_dags/example_kubernetes_executor.py
[2024-01-30T19:19:07.865+0000] {processor.py:766} INFO - DAG(s) dict_keys(['example_kubernetes_executor']) retrieved from /home/airflow/.local/lib/python3.7/site-packages/airflow/example_dags/example_kubernetes_executor.py
[2024-01-30T19:19:07.916+0000] {logging_mixin.py:120} INFO - [2024-01-30T19:19:07.916+0000] {dag.py:2585} INFO - Sync 1 DAGs
[2024-01-30T19:19:07.947+0000] {logging_mixin.py:120} INFO - [2024-01-30T19:19:07.947+0000] {dag.py:3340} INFO - Setting next_dagrun for example_kubernetes_executor to None, run_after=None
[2024-01-30T19:19:07.973+0000] {processor.py:176} INFO - Processing /home/airflow/.local/lib/python3.7/site-packages/airflow/example_dags/example_kubernetes_executor.py took 0.156 seconds
[2024-01-30T19:19:38.138+0000] {processor.py:154} INFO - Started process (PID=3743) to work on /home/airflow/.local/lib/python3.7/site-packages/airflow/example_dags/example_kubernetes_executor.py
[2024-01-30T19:19:38.139+0000] {processor.py:756} INFO - Processing file /home/airflow/.local/lib/python3.7/site-packages/airflow/example_dags/example_kubernetes_executor.py for tasks to queue
[2024-01-30T19:19:38.141+0000] {logging_mixin.py:120} INFO - [2024-01-30T19:19:38.141+0000] {dagbag.py:537} INFO - Filling up the DagBag from /home/airflow/.local/lib/python3.7/site-packages/airflow/example_dags/example_kubernetes_executor.py
[2024-01-30T19:19:38.175+0000] {processor.py:766} INFO - DAG(s) dict_keys(['example_kubernetes_executor']) retrieved from /home/airflow/.local/lib/python3.7/site-packages/airflow/example_dags/example_kubernetes_executor.py
[2024-01-30T19:19:38.242+0000] {logging_mixin.py:120} INFO - [2024-01-30T19:19:38.241+0000] {dag.py:2585} INFO - Sync 1 DAGs
[2024-01-30T19:19:38.271+0000] {logging_mixin.py:120} INFO - [2024-01-30T19:19:38.270+0000] {dag.py:3340} INFO - Setting next_dagrun for example_kubernetes_executor to None, run_after=None
[2024-01-30T19:19:38.294+0000] {processor.py:176} INFO - Processing /home/airflow/.local/lib/python3.7/site-packages/airflow/example_dags/example_kubernetes_executor.py took 0.160 seconds
[2024-01-30T19:20:08.518+0000] {processor.py:154} INFO - Started process (PID=3808) to work on /home/airflow/.local/lib/python3.7/site-packages/airflow/example_dags/example_kubernetes_executor.py
[2024-01-30T19:20:08.520+0000] {processor.py:756} INFO - Processing file /home/airflow/.local/lib/python3.7/site-packages/airflow/example_dags/example_kubernetes_executor.py for tasks to queue
[2024-01-30T19:20:08.521+0000] {logging_mixin.py:120} INFO - [2024-01-30T19:20:08.521+0000] {dagbag.py:537} INFO - Filling up the DagBag from /home/airflow/.local/lib/python3.7/site-packages/airflow/example_dags/example_kubernetes_executor.py
[2024-01-30T19:20:08.608+0000] {processor.py:766} INFO - DAG(s) dict_keys(['example_kubernetes_executor']) retrieved from /home/airflow/.local/lib/python3.7/site-packages/airflow/example_dags/example_kubernetes_executor.py
[2024-01-30T19:20:08.672+0000] {logging_mixin.py:120} INFO - [2024-01-30T19:20:08.672+0000] {dag.py:2585} INFO - Sync 1 DAGs
[2024-01-30T19:20:08.717+0000] {logging_mixin.py:120} INFO - [2024-01-30T19:20:08.717+0000] {dag.py:3340} INFO - Setting next_dagrun for example_kubernetes_executor to None, run_after=None
[2024-01-30T19:20:08.749+0000] {processor.py:176} INFO - Processing /home/airflow/.local/lib/python3.7/site-packages/airflow/example_dags/example_kubernetes_executor.py took 0.235 seconds
[2024-01-30T19:20:39.001+0000] {processor.py:154} INFO - Started process (PID=3864) to work on /home/airflow/.local/lib/python3.7/site-packages/airflow/example_dags/example_kubernetes_executor.py
[2024-01-30T19:20:39.003+0000] {processor.py:756} INFO - Processing file /home/airflow/.local/lib/python3.7/site-packages/airflow/example_dags/example_kubernetes_executor.py for tasks to queue
[2024-01-30T19:20:39.004+0000] {logging_mixin.py:120} INFO - [2024-01-30T19:20:39.004+0000] {dagbag.py:537} INFO - Filling up the DagBag from /home/airflow/.local/lib/python3.7/site-packages/airflow/example_dags/example_kubernetes_executor.py
[2024-01-30T19:20:39.039+0000] {processor.py:766} INFO - DAG(s) dict_keys(['example_kubernetes_executor']) retrieved from /home/airflow/.local/lib/python3.7/site-packages/airflow/example_dags/example_kubernetes_executor.py
[2024-01-30T19:20:39.092+0000] {logging_mixin.py:120} INFO - [2024-01-30T19:20:39.091+0000] {dag.py:2585} INFO - Sync 1 DAGs
[2024-01-30T19:20:39.123+0000] {logging_mixin.py:120} INFO - [2024-01-30T19:20:39.123+0000] {dag.py:3340} INFO - Setting next_dagrun for example_kubernetes_executor to None, run_after=None
[2024-01-30T19:20:39.149+0000] {processor.py:176} INFO - Processing /home/airflow/.local/lib/python3.7/site-packages/airflow/example_dags/example_kubernetes_executor.py took 0.152 seconds
[2024-01-30T19:21:09.283+0000] {processor.py:154} INFO - Started process (PID=3929) to work on /home/airflow/.local/lib/python3.7/site-packages/airflow/example_dags/example_kubernetes_executor.py
[2024-01-30T19:21:09.285+0000] {processor.py:756} INFO - Processing file /home/airflow/.local/lib/python3.7/site-packages/airflow/example_dags/example_kubernetes_executor.py for tasks to queue
[2024-01-30T19:21:09.287+0000] {logging_mixin.py:120} INFO - [2024-01-30T19:21:09.286+0000] {dagbag.py:537} INFO - Filling up the DagBag from /home/airflow/.local/lib/python3.7/site-packages/airflow/example_dags/example_kubernetes_executor.py
[2024-01-30T19:21:09.326+0000] {processor.py:766} INFO - DAG(s) dict_keys(['example_kubernetes_executor']) retrieved from /home/airflow/.local/lib/python3.7/site-packages/airflow/example_dags/example_kubernetes_executor.py
[2024-01-30T19:21:09.384+0000] {logging_mixin.py:120} INFO - [2024-01-30T19:21:09.384+0000] {dag.py:2585} INFO - Sync 1 DAGs
[2024-01-30T19:21:09.415+0000] {logging_mixin.py:120} INFO - [2024-01-30T19:21:09.415+0000] {dag.py:3340} INFO - Setting next_dagrun for example_kubernetes_executor to None, run_after=None
[2024-01-30T19:21:09.442+0000] {processor.py:176} INFO - Processing /home/airflow/.local/lib/python3.7/site-packages/airflow/example_dags/example_kubernetes_executor.py took 0.164 seconds
[2024-01-30T19:21:40.285+0000] {processor.py:154} INFO - Started process (PID=3993) to work on /home/airflow/.local/lib/python3.7/site-packages/airflow/example_dags/example_kubernetes_executor.py
[2024-01-30T19:21:40.287+0000] {processor.py:756} INFO - Processing file /home/airflow/.local/lib/python3.7/site-packages/airflow/example_dags/example_kubernetes_executor.py for tasks to queue
[2024-01-30T19:21:40.288+0000] {logging_mixin.py:120} INFO - [2024-01-30T19:21:40.288+0000] {dagbag.py:537} INFO - Filling up the DagBag from /home/airflow/.local/lib/python3.7/site-packages/airflow/example_dags/example_kubernetes_executor.py
[2024-01-30T19:21:40.330+0000] {processor.py:766} INFO - DAG(s) dict_keys(['example_kubernetes_executor']) retrieved from /home/airflow/.local/lib/python3.7/site-packages/airflow/example_dags/example_kubernetes_executor.py
[2024-01-30T19:21:40.398+0000] {logging_mixin.py:120} INFO - [2024-01-30T19:21:40.398+0000] {dag.py:2585} INFO - Sync 1 DAGs
[2024-01-30T19:21:40.433+0000] {logging_mixin.py:120} INFO - [2024-01-30T19:21:40.433+0000] {dag.py:3340} INFO - Setting next_dagrun for example_kubernetes_executor to None, run_after=None
[2024-01-30T19:21:40.463+0000] {processor.py:176} INFO - Processing /home/airflow/.local/lib/python3.7/site-packages/airflow/example_dags/example_kubernetes_executor.py took 0.182 seconds
