[2024-01-30T18:48:52.601+0000] {processor.py:154} INFO - Started process (PID=58) to work on /home/airflow/.local/lib/python3.7/site-packages/airflow/example_dags/example_time_delta_sensor_async.py
[2024-01-30T18:48:52.617+0000] {processor.py:756} INFO - Processing file /home/airflow/.local/lib/python3.7/site-packages/airflow/example_dags/example_time_delta_sensor_async.py for tasks to queue
[2024-01-30T18:48:52.625+0000] {logging_mixin.py:120} INFO - [2024-01-30T18:48:52.625+0000] {dagbag.py:537} INFO - Filling up the DagBag from /home/airflow/.local/lib/python3.7/site-packages/airflow/example_dags/example_time_delta_sensor_async.py
[2024-01-30T18:48:52.945+0000] {processor.py:766} INFO - DAG(s) dict_keys(['example_time_delta_sensor_async']) retrieved from /home/airflow/.local/lib/python3.7/site-packages/airflow/example_dags/example_time_delta_sensor_async.py
[2024-01-30T18:48:55.960+0000] {logging_mixin.py:120} INFO - [2024-01-30T18:48:55.959+0000] {dag.py:2585} INFO - Sync 1 DAGs
[2024-01-30T18:48:56.092+0000] {logging_mixin.py:120} INFO - [2024-01-30T18:48:56.091+0000] {dag.py:3340} INFO - Setting next_dagrun for example_time_delta_sensor_async to None, run_after=None
[2024-01-30T18:48:56.321+0000] {processor.py:176} INFO - Processing /home/airflow/.local/lib/python3.7/site-packages/airflow/example_dags/example_time_delta_sensor_async.py took 3.725 seconds
[2024-01-30T18:49:26.968+0000] {processor.py:154} INFO - Started process (PID=114) to work on /home/airflow/.local/lib/python3.7/site-packages/airflow/example_dags/example_time_delta_sensor_async.py
[2024-01-30T18:49:26.970+0000] {processor.py:756} INFO - Processing file /home/airflow/.local/lib/python3.7/site-packages/airflow/example_dags/example_time_delta_sensor_async.py for tasks to queue
[2024-01-30T18:49:26.971+0000] {logging_mixin.py:120} INFO - [2024-01-30T18:49:26.971+0000] {dagbag.py:537} INFO - Filling up the DagBag from /home/airflow/.local/lib/python3.7/site-packages/airflow/example_dags/example_time_delta_sensor_async.py
[2024-01-30T18:49:26.999+0000] {processor.py:766} INFO - DAG(s) dict_keys(['example_time_delta_sensor_async']) retrieved from /home/airflow/.local/lib/python3.7/site-packages/airflow/example_dags/example_time_delta_sensor_async.py
[2024-01-30T18:49:27.300+0000] {logging_mixin.py:120} INFO - [2024-01-30T18:49:27.300+0000] {dag.py:2585} INFO - Sync 1 DAGs
[2024-01-30T18:49:27.338+0000] {logging_mixin.py:120} INFO - [2024-01-30T18:49:27.338+0000] {dag.py:3340} INFO - Setting next_dagrun for example_time_delta_sensor_async to None, run_after=None
[2024-01-30T18:49:27.363+0000] {processor.py:176} INFO - Processing /home/airflow/.local/lib/python3.7/site-packages/airflow/example_dags/example_time_delta_sensor_async.py took 0.399 seconds
[2024-01-30T18:49:57.851+0000] {processor.py:154} INFO - Started process (PID=170) to work on /home/airflow/.local/lib/python3.7/site-packages/airflow/example_dags/example_time_delta_sensor_async.py
[2024-01-30T18:49:57.854+0000] {processor.py:756} INFO - Processing file /home/airflow/.local/lib/python3.7/site-packages/airflow/example_dags/example_time_delta_sensor_async.py for tasks to queue
[2024-01-30T18:49:57.865+0000] {logging_mixin.py:120} INFO - [2024-01-30T18:49:57.864+0000] {dagbag.py:537} INFO - Filling up the DagBag from /home/airflow/.local/lib/python3.7/site-packages/airflow/example_dags/example_time_delta_sensor_async.py
[2024-01-30T18:49:57.904+0000] {processor.py:766} INFO - DAG(s) dict_keys(['example_time_delta_sensor_async']) retrieved from /home/airflow/.local/lib/python3.7/site-packages/airflow/example_dags/example_time_delta_sensor_async.py
[2024-01-30T18:49:58.278+0000] {logging_mixin.py:120} INFO - [2024-01-30T18:49:58.278+0000] {dag.py:2585} INFO - Sync 1 DAGs
[2024-01-30T18:49:58.311+0000] {logging_mixin.py:120} INFO - [2024-01-30T18:49:58.310+0000] {dag.py:3340} INFO - Setting next_dagrun for example_time_delta_sensor_async to None, run_after=None
[2024-01-30T18:49:58.337+0000] {processor.py:176} INFO - Processing /home/airflow/.local/lib/python3.7/site-packages/airflow/example_dags/example_time_delta_sensor_async.py took 0.491 seconds
[2024-01-30T18:50:28.405+0000] {processor.py:154} INFO - Started process (PID=235) to work on /home/airflow/.local/lib/python3.7/site-packages/airflow/example_dags/example_time_delta_sensor_async.py
[2024-01-30T18:50:28.407+0000] {processor.py:756} INFO - Processing file /home/airflow/.local/lib/python3.7/site-packages/airflow/example_dags/example_time_delta_sensor_async.py for tasks to queue
[2024-01-30T18:50:28.410+0000] {logging_mixin.py:120} INFO - [2024-01-30T18:50:28.409+0000] {dagbag.py:537} INFO - Filling up the DagBag from /home/airflow/.local/lib/python3.7/site-packages/airflow/example_dags/example_time_delta_sensor_async.py
[2024-01-30T18:50:28.437+0000] {processor.py:766} INFO - DAG(s) dict_keys(['example_time_delta_sensor_async']) retrieved from /home/airflow/.local/lib/python3.7/site-packages/airflow/example_dags/example_time_delta_sensor_async.py
[2024-01-30T18:50:28.695+0000] {logging_mixin.py:120} INFO - [2024-01-30T18:50:28.695+0000] {dag.py:2585} INFO - Sync 1 DAGs
[2024-01-30T18:50:28.735+0000] {logging_mixin.py:120} INFO - [2024-01-30T18:50:28.735+0000] {dag.py:3340} INFO - Setting next_dagrun for example_time_delta_sensor_async to None, run_after=None
[2024-01-30T18:50:28.765+0000] {processor.py:176} INFO - Processing /home/airflow/.local/lib/python3.7/site-packages/airflow/example_dags/example_time_delta_sensor_async.py took 0.366 seconds
[2024-01-30T18:50:59.618+0000] {processor.py:154} INFO - Started process (PID=298) to work on /home/airflow/.local/lib/python3.7/site-packages/airflow/example_dags/example_time_delta_sensor_async.py
[2024-01-30T18:50:59.621+0000] {processor.py:756} INFO - Processing file /home/airflow/.local/lib/python3.7/site-packages/airflow/example_dags/example_time_delta_sensor_async.py for tasks to queue
[2024-01-30T18:50:59.624+0000] {logging_mixin.py:120} INFO - [2024-01-30T18:50:59.623+0000] {dagbag.py:537} INFO - Filling up the DagBag from /home/airflow/.local/lib/python3.7/site-packages/airflow/example_dags/example_time_delta_sensor_async.py
[2024-01-30T18:50:59.643+0000] {processor.py:766} INFO - DAG(s) dict_keys(['example_time_delta_sensor_async']) retrieved from /home/airflow/.local/lib/python3.7/site-packages/airflow/example_dags/example_time_delta_sensor_async.py
[2024-01-30T18:50:59.912+0000] {logging_mixin.py:120} INFO - [2024-01-30T18:50:59.912+0000] {dag.py:2585} INFO - Sync 1 DAGs
[2024-01-30T18:50:59.946+0000] {logging_mixin.py:120} INFO - [2024-01-30T18:50:59.946+0000] {dag.py:3340} INFO - Setting next_dagrun for example_time_delta_sensor_async to None, run_after=None
[2024-01-30T18:50:59.972+0000] {processor.py:176} INFO - Processing /home/airflow/.local/lib/python3.7/site-packages/airflow/example_dags/example_time_delta_sensor_async.py took 0.359 seconds
[2024-01-30T18:51:30.517+0000] {processor.py:154} INFO - Started process (PID=354) to work on /home/airflow/.local/lib/python3.7/site-packages/airflow/example_dags/example_time_delta_sensor_async.py
[2024-01-30T18:51:30.518+0000] {processor.py:756} INFO - Processing file /home/airflow/.local/lib/python3.7/site-packages/airflow/example_dags/example_time_delta_sensor_async.py for tasks to queue
[2024-01-30T18:51:30.520+0000] {logging_mixin.py:120} INFO - [2024-01-30T18:51:30.520+0000] {dagbag.py:537} INFO - Filling up the DagBag from /home/airflow/.local/lib/python3.7/site-packages/airflow/example_dags/example_time_delta_sensor_async.py
[2024-01-30T18:51:30.541+0000] {processor.py:766} INFO - DAG(s) dict_keys(['example_time_delta_sensor_async']) retrieved from /home/airflow/.local/lib/python3.7/site-packages/airflow/example_dags/example_time_delta_sensor_async.py
[2024-01-30T18:51:30.787+0000] {logging_mixin.py:120} INFO - [2024-01-30T18:51:30.787+0000] {dag.py:2585} INFO - Sync 1 DAGs
[2024-01-30T18:51:30.817+0000] {logging_mixin.py:120} INFO - [2024-01-30T18:51:30.817+0000] {dag.py:3340} INFO - Setting next_dagrun for example_time_delta_sensor_async to None, run_after=None
[2024-01-30T18:51:30.842+0000] {processor.py:176} INFO - Processing /home/airflow/.local/lib/python3.7/site-packages/airflow/example_dags/example_time_delta_sensor_async.py took 0.331 seconds
[2024-01-30T18:52:01.243+0000] {processor.py:154} INFO - Started process (PID=419) to work on /home/airflow/.local/lib/python3.7/site-packages/airflow/example_dags/example_time_delta_sensor_async.py
[2024-01-30T18:52:01.244+0000] {processor.py:756} INFO - Processing file /home/airflow/.local/lib/python3.7/site-packages/airflow/example_dags/example_time_delta_sensor_async.py for tasks to queue
[2024-01-30T18:52:01.245+0000] {logging_mixin.py:120} INFO - [2024-01-30T18:52:01.245+0000] {dagbag.py:537} INFO - Filling up the DagBag from /home/airflow/.local/lib/python3.7/site-packages/airflow/example_dags/example_time_delta_sensor_async.py
[2024-01-30T18:52:01.263+0000] {processor.py:766} INFO - DAG(s) dict_keys(['example_time_delta_sensor_async']) retrieved from /home/airflow/.local/lib/python3.7/site-packages/airflow/example_dags/example_time_delta_sensor_async.py
[2024-01-30T18:52:01.622+0000] {logging_mixin.py:120} INFO - [2024-01-30T18:52:01.621+0000] {dag.py:2585} INFO - Sync 1 DAGs
[2024-01-30T18:52:01.665+0000] {logging_mixin.py:120} INFO - [2024-01-30T18:52:01.665+0000] {dag.py:3340} INFO - Setting next_dagrun for example_time_delta_sensor_async to None, run_after=None
[2024-01-30T18:52:01.692+0000] {processor.py:176} INFO - Processing /home/airflow/.local/lib/python3.7/site-packages/airflow/example_dags/example_time_delta_sensor_async.py took 0.454 seconds
[2024-01-30T18:52:32.443+0000] {processor.py:154} INFO - Started process (PID=484) to work on /home/airflow/.local/lib/python3.7/site-packages/airflow/example_dags/example_time_delta_sensor_async.py
[2024-01-30T18:52:32.445+0000] {processor.py:756} INFO - Processing file /home/airflow/.local/lib/python3.7/site-packages/airflow/example_dags/example_time_delta_sensor_async.py for tasks to queue
[2024-01-30T18:52:32.446+0000] {logging_mixin.py:120} INFO - [2024-01-30T18:52:32.446+0000] {dagbag.py:537} INFO - Filling up the DagBag from /home/airflow/.local/lib/python3.7/site-packages/airflow/example_dags/example_time_delta_sensor_async.py
[2024-01-30T18:52:32.465+0000] {processor.py:766} INFO - DAG(s) dict_keys(['example_time_delta_sensor_async']) retrieved from /home/airflow/.local/lib/python3.7/site-packages/airflow/example_dags/example_time_delta_sensor_async.py
[2024-01-30T18:52:32.690+0000] {logging_mixin.py:120} INFO - [2024-01-30T18:52:32.690+0000] {dag.py:2585} INFO - Sync 1 DAGs
[2024-01-30T18:52:32.719+0000] {logging_mixin.py:120} INFO - [2024-01-30T18:52:32.719+0000] {dag.py:3340} INFO - Setting next_dagrun for example_time_delta_sensor_async to None, run_after=None
[2024-01-30T18:52:32.745+0000] {processor.py:176} INFO - Processing /home/airflow/.local/lib/python3.7/site-packages/airflow/example_dags/example_time_delta_sensor_async.py took 0.307 seconds
[2024-01-30T18:53:02.929+0000] {processor.py:154} INFO - Started process (PID=539) to work on /home/airflow/.local/lib/python3.7/site-packages/airflow/example_dags/example_time_delta_sensor_async.py
[2024-01-30T18:53:02.930+0000] {processor.py:756} INFO - Processing file /home/airflow/.local/lib/python3.7/site-packages/airflow/example_dags/example_time_delta_sensor_async.py for tasks to queue
[2024-01-30T18:53:02.931+0000] {logging_mixin.py:120} INFO - [2024-01-30T18:53:02.931+0000] {dagbag.py:537} INFO - Filling up the DagBag from /home/airflow/.local/lib/python3.7/site-packages/airflow/example_dags/example_time_delta_sensor_async.py
[2024-01-30T18:53:02.947+0000] {processor.py:766} INFO - DAG(s) dict_keys(['example_time_delta_sensor_async']) retrieved from /home/airflow/.local/lib/python3.7/site-packages/airflow/example_dags/example_time_delta_sensor_async.py
[2024-01-30T18:53:03.199+0000] {logging_mixin.py:120} INFO - [2024-01-30T18:53:03.198+0000] {dag.py:2585} INFO - Sync 1 DAGs
[2024-01-30T18:53:03.232+0000] {logging_mixin.py:120} INFO - [2024-01-30T18:53:03.232+0000] {dag.py:3340} INFO - Setting next_dagrun for example_time_delta_sensor_async to None, run_after=None
[2024-01-30T18:53:03.261+0000] {processor.py:176} INFO - Processing /home/airflow/.local/lib/python3.7/site-packages/airflow/example_dags/example_time_delta_sensor_async.py took 0.336 seconds
[2024-01-30T18:53:33.433+0000] {processor.py:154} INFO - Started process (PID=613) to work on /home/airflow/.local/lib/python3.7/site-packages/airflow/example_dags/example_time_delta_sensor_async.py
[2024-01-30T18:53:33.437+0000] {processor.py:756} INFO - Processing file /home/airflow/.local/lib/python3.7/site-packages/airflow/example_dags/example_time_delta_sensor_async.py for tasks to queue
[2024-01-30T18:53:33.438+0000] {logging_mixin.py:120} INFO - [2024-01-30T18:53:33.438+0000] {dagbag.py:537} INFO - Filling up the DagBag from /home/airflow/.local/lib/python3.7/site-packages/airflow/example_dags/example_time_delta_sensor_async.py
[2024-01-30T18:53:33.469+0000] {processor.py:766} INFO - DAG(s) dict_keys(['example_time_delta_sensor_async']) retrieved from /home/airflow/.local/lib/python3.7/site-packages/airflow/example_dags/example_time_delta_sensor_async.py
[2024-01-30T18:53:33.851+0000] {logging_mixin.py:120} INFO - [2024-01-30T18:53:33.851+0000] {dag.py:2585} INFO - Sync 1 DAGs
[2024-01-30T18:53:33.882+0000] {logging_mixin.py:120} INFO - [2024-01-30T18:53:33.881+0000] {dag.py:3340} INFO - Setting next_dagrun for example_time_delta_sensor_async to None, run_after=None
[2024-01-30T18:53:33.915+0000] {processor.py:176} INFO - Processing /home/airflow/.local/lib/python3.7/site-packages/airflow/example_dags/example_time_delta_sensor_async.py took 0.500 seconds
[2024-01-30T18:54:04.170+0000] {processor.py:154} INFO - Started process (PID=678) to work on /home/airflow/.local/lib/python3.7/site-packages/airflow/example_dags/example_time_delta_sensor_async.py
[2024-01-30T18:54:04.172+0000] {processor.py:756} INFO - Processing file /home/airflow/.local/lib/python3.7/site-packages/airflow/example_dags/example_time_delta_sensor_async.py for tasks to queue
[2024-01-30T18:54:04.174+0000] {logging_mixin.py:120} INFO - [2024-01-30T18:54:04.174+0000] {dagbag.py:537} INFO - Filling up the DagBag from /home/airflow/.local/lib/python3.7/site-packages/airflow/example_dags/example_time_delta_sensor_async.py
[2024-01-30T18:54:04.203+0000] {processor.py:766} INFO - DAG(s) dict_keys(['example_time_delta_sensor_async']) retrieved from /home/airflow/.local/lib/python3.7/site-packages/airflow/example_dags/example_time_delta_sensor_async.py
[2024-01-30T18:54:04.508+0000] {logging_mixin.py:120} INFO - [2024-01-30T18:54:04.508+0000] {dag.py:2585} INFO - Sync 1 DAGs
[2024-01-30T18:54:04.539+0000] {logging_mixin.py:120} INFO - [2024-01-30T18:54:04.539+0000] {dag.py:3340} INFO - Setting next_dagrun for example_time_delta_sensor_async to None, run_after=None
[2024-01-30T18:54:04.567+0000] {processor.py:176} INFO - Processing /home/airflow/.local/lib/python3.7/site-packages/airflow/example_dags/example_time_delta_sensor_async.py took 0.404 seconds
[2024-01-30T18:54:34.803+0000] {processor.py:154} INFO - Started process (PID=732) to work on /home/airflow/.local/lib/python3.7/site-packages/airflow/example_dags/example_time_delta_sensor_async.py
[2024-01-30T18:54:34.805+0000] {processor.py:756} INFO - Processing file /home/airflow/.local/lib/python3.7/site-packages/airflow/example_dags/example_time_delta_sensor_async.py for tasks to queue
[2024-01-30T18:54:34.807+0000] {logging_mixin.py:120} INFO - [2024-01-30T18:54:34.806+0000] {dagbag.py:537} INFO - Filling up the DagBag from /home/airflow/.local/lib/python3.7/site-packages/airflow/example_dags/example_time_delta_sensor_async.py
[2024-01-30T18:54:34.833+0000] {processor.py:766} INFO - DAG(s) dict_keys(['example_time_delta_sensor_async']) retrieved from /home/airflow/.local/lib/python3.7/site-packages/airflow/example_dags/example_time_delta_sensor_async.py
[2024-01-30T18:54:35.198+0000] {logging_mixin.py:120} INFO - [2024-01-30T18:54:35.198+0000] {dag.py:2585} INFO - Sync 1 DAGs
[2024-01-30T18:54:35.246+0000] {logging_mixin.py:120} INFO - [2024-01-30T18:54:35.245+0000] {dag.py:3340} INFO - Setting next_dagrun for example_time_delta_sensor_async to None, run_after=None
[2024-01-30T18:54:35.284+0000] {processor.py:176} INFO - Processing /home/airflow/.local/lib/python3.7/site-packages/airflow/example_dags/example_time_delta_sensor_async.py took 0.487 seconds
[2024-01-30T18:55:05.352+0000] {processor.py:154} INFO - Started process (PID=797) to work on /home/airflow/.local/lib/python3.7/site-packages/airflow/example_dags/example_time_delta_sensor_async.py
[2024-01-30T18:55:05.354+0000] {processor.py:756} INFO - Processing file /home/airflow/.local/lib/python3.7/site-packages/airflow/example_dags/example_time_delta_sensor_async.py for tasks to queue
[2024-01-30T18:55:05.355+0000] {logging_mixin.py:120} INFO - [2024-01-30T18:55:05.355+0000] {dagbag.py:537} INFO - Filling up the DagBag from /home/airflow/.local/lib/python3.7/site-packages/airflow/example_dags/example_time_delta_sensor_async.py
[2024-01-30T18:55:05.378+0000] {processor.py:766} INFO - DAG(s) dict_keys(['example_time_delta_sensor_async']) retrieved from /home/airflow/.local/lib/python3.7/site-packages/airflow/example_dags/example_time_delta_sensor_async.py
[2024-01-30T18:55:05.789+0000] {logging_mixin.py:120} INFO - [2024-01-30T18:55:05.789+0000] {dag.py:2585} INFO - Sync 1 DAGs
[2024-01-30T18:55:05.860+0000] {logging_mixin.py:120} INFO - [2024-01-30T18:55:05.860+0000] {dag.py:3340} INFO - Setting next_dagrun for example_time_delta_sensor_async to None, run_after=None
[2024-01-30T18:55:05.884+0000] {processor.py:176} INFO - Processing /home/airflow/.local/lib/python3.7/site-packages/airflow/example_dags/example_time_delta_sensor_async.py took 0.538 seconds
[2024-01-30T18:55:36.090+0000] {processor.py:154} INFO - Started process (PID=853) to work on /home/airflow/.local/lib/python3.7/site-packages/airflow/example_dags/example_time_delta_sensor_async.py
[2024-01-30T18:55:36.092+0000] {processor.py:756} INFO - Processing file /home/airflow/.local/lib/python3.7/site-packages/airflow/example_dags/example_time_delta_sensor_async.py for tasks to queue
[2024-01-30T18:55:36.093+0000] {logging_mixin.py:120} INFO - [2024-01-30T18:55:36.093+0000] {dagbag.py:537} INFO - Filling up the DagBag from /home/airflow/.local/lib/python3.7/site-packages/airflow/example_dags/example_time_delta_sensor_async.py
[2024-01-30T18:55:36.114+0000] {processor.py:766} INFO - DAG(s) dict_keys(['example_time_delta_sensor_async']) retrieved from /home/airflow/.local/lib/python3.7/site-packages/airflow/example_dags/example_time_delta_sensor_async.py
[2024-01-30T18:55:36.392+0000] {logging_mixin.py:120} INFO - [2024-01-30T18:55:36.392+0000] {dag.py:2585} INFO - Sync 1 DAGs
[2024-01-30T18:55:36.424+0000] {logging_mixin.py:120} INFO - [2024-01-30T18:55:36.424+0000] {dag.py:3340} INFO - Setting next_dagrun for example_time_delta_sensor_async to None, run_after=None
[2024-01-30T18:55:36.450+0000] {processor.py:176} INFO - Processing /home/airflow/.local/lib/python3.7/site-packages/airflow/example_dags/example_time_delta_sensor_async.py took 0.366 seconds
[2024-01-30T18:56:06.564+0000] {processor.py:154} INFO - Started process (PID=916) to work on /home/airflow/.local/lib/python3.7/site-packages/airflow/example_dags/example_time_delta_sensor_async.py
[2024-01-30T18:56:06.565+0000] {processor.py:756} INFO - Processing file /home/airflow/.local/lib/python3.7/site-packages/airflow/example_dags/example_time_delta_sensor_async.py for tasks to queue
[2024-01-30T18:56:06.566+0000] {logging_mixin.py:120} INFO - [2024-01-30T18:56:06.566+0000] {dagbag.py:537} INFO - Filling up the DagBag from /home/airflow/.local/lib/python3.7/site-packages/airflow/example_dags/example_time_delta_sensor_async.py
[2024-01-30T18:56:06.590+0000] {processor.py:766} INFO - DAG(s) dict_keys(['example_time_delta_sensor_async']) retrieved from /home/airflow/.local/lib/python3.7/site-packages/airflow/example_dags/example_time_delta_sensor_async.py
[2024-01-30T18:56:06.835+0000] {logging_mixin.py:120} INFO - [2024-01-30T18:56:06.835+0000] {dag.py:2585} INFO - Sync 1 DAGs
[2024-01-30T18:56:06.866+0000] {logging_mixin.py:120} INFO - [2024-01-30T18:56:06.866+0000] {dag.py:3340} INFO - Setting next_dagrun for example_time_delta_sensor_async to None, run_after=None
[2024-01-30T18:56:06.893+0000] {processor.py:176} INFO - Processing /home/airflow/.local/lib/python3.7/site-packages/airflow/example_dags/example_time_delta_sensor_async.py took 0.335 seconds
[2024-01-30T18:56:37.140+0000] {processor.py:154} INFO - Started process (PID=980) to work on /home/airflow/.local/lib/python3.7/site-packages/airflow/example_dags/example_time_delta_sensor_async.py
[2024-01-30T18:56:37.141+0000] {processor.py:756} INFO - Processing file /home/airflow/.local/lib/python3.7/site-packages/airflow/example_dags/example_time_delta_sensor_async.py for tasks to queue
[2024-01-30T18:56:37.143+0000] {logging_mixin.py:120} INFO - [2024-01-30T18:56:37.143+0000] {dagbag.py:537} INFO - Filling up the DagBag from /home/airflow/.local/lib/python3.7/site-packages/airflow/example_dags/example_time_delta_sensor_async.py
[2024-01-30T18:56:37.165+0000] {processor.py:766} INFO - DAG(s) dict_keys(['example_time_delta_sensor_async']) retrieved from /home/airflow/.local/lib/python3.7/site-packages/airflow/example_dags/example_time_delta_sensor_async.py
[2024-01-30T18:56:37.538+0000] {logging_mixin.py:120} INFO - [2024-01-30T18:56:37.538+0000] {dag.py:2585} INFO - Sync 1 DAGs
[2024-01-30T18:56:37.570+0000] {logging_mixin.py:120} INFO - [2024-01-30T18:56:37.570+0000] {dag.py:3340} INFO - Setting next_dagrun for example_time_delta_sensor_async to None, run_after=None
[2024-01-30T18:56:37.596+0000] {processor.py:176} INFO - Processing /home/airflow/.local/lib/python3.7/site-packages/airflow/example_dags/example_time_delta_sensor_async.py took 0.462 seconds
[2024-01-30T18:57:07.680+0000] {processor.py:154} INFO - Started process (PID=1035) to work on /home/airflow/.local/lib/python3.7/site-packages/airflow/example_dags/example_time_delta_sensor_async.py
[2024-01-30T18:57:07.682+0000] {processor.py:756} INFO - Processing file /home/airflow/.local/lib/python3.7/site-packages/airflow/example_dags/example_time_delta_sensor_async.py for tasks to queue
[2024-01-30T18:57:07.684+0000] {logging_mixin.py:120} INFO - [2024-01-30T18:57:07.683+0000] {dagbag.py:537} INFO - Filling up the DagBag from /home/airflow/.local/lib/python3.7/site-packages/airflow/example_dags/example_time_delta_sensor_async.py
[2024-01-30T18:57:07.713+0000] {processor.py:766} INFO - DAG(s) dict_keys(['example_time_delta_sensor_async']) retrieved from /home/airflow/.local/lib/python3.7/site-packages/airflow/example_dags/example_time_delta_sensor_async.py
[2024-01-30T18:57:08.091+0000] {logging_mixin.py:120} INFO - [2024-01-30T18:57:08.091+0000] {dag.py:2585} INFO - Sync 1 DAGs
[2024-01-30T18:57:08.125+0000] {logging_mixin.py:120} INFO - [2024-01-30T18:57:08.125+0000] {dag.py:3340} INFO - Setting next_dagrun for example_time_delta_sensor_async to None, run_after=None
[2024-01-30T18:57:08.150+0000] {processor.py:176} INFO - Processing /home/airflow/.local/lib/python3.7/site-packages/airflow/example_dags/example_time_delta_sensor_async.py took 0.479 seconds
[2024-01-30T18:57:39.036+0000] {processor.py:154} INFO - Started process (PID=1099) to work on /home/airflow/.local/lib/python3.7/site-packages/airflow/example_dags/example_time_delta_sensor_async.py
[2024-01-30T18:57:39.039+0000] {processor.py:756} INFO - Processing file /home/airflow/.local/lib/python3.7/site-packages/airflow/example_dags/example_time_delta_sensor_async.py for tasks to queue
[2024-01-30T18:57:39.042+0000] {logging_mixin.py:120} INFO - [2024-01-30T18:57:39.042+0000] {dagbag.py:537} INFO - Filling up the DagBag from /home/airflow/.local/lib/python3.7/site-packages/airflow/example_dags/example_time_delta_sensor_async.py
[2024-01-30T18:57:39.076+0000] {processor.py:766} INFO - DAG(s) dict_keys(['example_time_delta_sensor_async']) retrieved from /home/airflow/.local/lib/python3.7/site-packages/airflow/example_dags/example_time_delta_sensor_async.py
[2024-01-30T18:57:39.414+0000] {logging_mixin.py:120} INFO - [2024-01-30T18:57:39.414+0000] {dag.py:2585} INFO - Sync 1 DAGs
[2024-01-30T18:57:39.454+0000] {logging_mixin.py:120} INFO - [2024-01-30T18:57:39.454+0000] {dag.py:3340} INFO - Setting next_dagrun for example_time_delta_sensor_async to None, run_after=None
[2024-01-30T18:57:39.497+0000] {processor.py:176} INFO - Processing /home/airflow/.local/lib/python3.7/site-packages/airflow/example_dags/example_time_delta_sensor_async.py took 0.469 seconds
[2024-01-30T18:58:09.665+0000] {processor.py:154} INFO - Started process (PID=1164) to work on /home/airflow/.local/lib/python3.7/site-packages/airflow/example_dags/example_time_delta_sensor_async.py
[2024-01-30T18:58:09.667+0000] {processor.py:756} INFO - Processing file /home/airflow/.local/lib/python3.7/site-packages/airflow/example_dags/example_time_delta_sensor_async.py for tasks to queue
[2024-01-30T18:58:09.668+0000] {logging_mixin.py:120} INFO - [2024-01-30T18:58:09.668+0000] {dagbag.py:537} INFO - Filling up the DagBag from /home/airflow/.local/lib/python3.7/site-packages/airflow/example_dags/example_time_delta_sensor_async.py
[2024-01-30T18:58:09.693+0000] {processor.py:766} INFO - DAG(s) dict_keys(['example_time_delta_sensor_async']) retrieved from /home/airflow/.local/lib/python3.7/site-packages/airflow/example_dags/example_time_delta_sensor_async.py
[2024-01-30T18:58:09.972+0000] {logging_mixin.py:120} INFO - [2024-01-30T18:58:09.971+0000] {dag.py:2585} INFO - Sync 1 DAGs
[2024-01-30T18:58:10.013+0000] {logging_mixin.py:120} INFO - [2024-01-30T18:58:10.013+0000] {dag.py:3340} INFO - Setting next_dagrun for example_time_delta_sensor_async to None, run_after=None
[2024-01-30T18:58:10.042+0000] {processor.py:176} INFO - Processing /home/airflow/.local/lib/python3.7/site-packages/airflow/example_dags/example_time_delta_sensor_async.py took 0.382 seconds
[2024-01-30T18:58:40.091+0000] {processor.py:154} INFO - Started process (PID=1218) to work on /home/airflow/.local/lib/python3.7/site-packages/airflow/example_dags/example_time_delta_sensor_async.py
[2024-01-30T18:58:40.094+0000] {processor.py:756} INFO - Processing file /home/airflow/.local/lib/python3.7/site-packages/airflow/example_dags/example_time_delta_sensor_async.py for tasks to queue
[2024-01-30T18:58:40.096+0000] {logging_mixin.py:120} INFO - [2024-01-30T18:58:40.096+0000] {dagbag.py:537} INFO - Filling up the DagBag from /home/airflow/.local/lib/python3.7/site-packages/airflow/example_dags/example_time_delta_sensor_async.py
[2024-01-30T18:58:40.119+0000] {processor.py:766} INFO - DAG(s) dict_keys(['example_time_delta_sensor_async']) retrieved from /home/airflow/.local/lib/python3.7/site-packages/airflow/example_dags/example_time_delta_sensor_async.py
[2024-01-30T18:58:40.471+0000] {logging_mixin.py:120} INFO - [2024-01-30T18:58:40.471+0000] {dag.py:2585} INFO - Sync 1 DAGs
[2024-01-30T18:58:40.536+0000] {logging_mixin.py:120} INFO - [2024-01-30T18:58:40.536+0000] {dag.py:3340} INFO - Setting next_dagrun for example_time_delta_sensor_async to None, run_after=None
[2024-01-30T18:58:40.578+0000] {processor.py:176} INFO - Processing /home/airflow/.local/lib/python3.7/site-packages/airflow/example_dags/example_time_delta_sensor_async.py took 0.493 seconds
[2024-01-30T18:59:10.812+0000] {processor.py:154} INFO - Started process (PID=1281) to work on /home/airflow/.local/lib/python3.7/site-packages/airflow/example_dags/example_time_delta_sensor_async.py
[2024-01-30T18:59:10.815+0000] {processor.py:756} INFO - Processing file /home/airflow/.local/lib/python3.7/site-packages/airflow/example_dags/example_time_delta_sensor_async.py for tasks to queue
[2024-01-30T18:59:10.817+0000] {logging_mixin.py:120} INFO - [2024-01-30T18:59:10.816+0000] {dagbag.py:537} INFO - Filling up the DagBag from /home/airflow/.local/lib/python3.7/site-packages/airflow/example_dags/example_time_delta_sensor_async.py
[2024-01-30T18:59:10.846+0000] {processor.py:766} INFO - DAG(s) dict_keys(['example_time_delta_sensor_async']) retrieved from /home/airflow/.local/lib/python3.7/site-packages/airflow/example_dags/example_time_delta_sensor_async.py
[2024-01-30T18:59:11.197+0000] {logging_mixin.py:120} INFO - [2024-01-30T18:59:11.197+0000] {dag.py:2585} INFO - Sync 1 DAGs
[2024-01-30T18:59:11.253+0000] {logging_mixin.py:120} INFO - [2024-01-30T18:59:11.253+0000] {dag.py:3340} INFO - Setting next_dagrun for example_time_delta_sensor_async to None, run_after=None
[2024-01-30T18:59:11.292+0000] {processor.py:176} INFO - Processing /home/airflow/.local/lib/python3.7/site-packages/airflow/example_dags/example_time_delta_sensor_async.py took 0.489 seconds
[2024-01-30T18:59:41.465+0000] {processor.py:154} INFO - Started process (PID=1337) to work on /home/airflow/.local/lib/python3.7/site-packages/airflow/example_dags/example_time_delta_sensor_async.py
[2024-01-30T18:59:41.467+0000] {processor.py:756} INFO - Processing file /home/airflow/.local/lib/python3.7/site-packages/airflow/example_dags/example_time_delta_sensor_async.py for tasks to queue
[2024-01-30T18:59:41.470+0000] {logging_mixin.py:120} INFO - [2024-01-30T18:59:41.469+0000] {dagbag.py:537} INFO - Filling up the DagBag from /home/airflow/.local/lib/python3.7/site-packages/airflow/example_dags/example_time_delta_sensor_async.py
[2024-01-30T18:59:41.500+0000] {processor.py:766} INFO - DAG(s) dict_keys(['example_time_delta_sensor_async']) retrieved from /home/airflow/.local/lib/python3.7/site-packages/airflow/example_dags/example_time_delta_sensor_async.py
[2024-01-30T18:59:41.890+0000] {logging_mixin.py:120} INFO - [2024-01-30T18:59:41.889+0000] {dag.py:2585} INFO - Sync 1 DAGs
[2024-01-30T18:59:41.923+0000] {logging_mixin.py:120} INFO - [2024-01-30T18:59:41.923+0000] {dag.py:3340} INFO - Setting next_dagrun for example_time_delta_sensor_async to None, run_after=None
[2024-01-30T18:59:41.955+0000] {processor.py:176} INFO - Processing /home/airflow/.local/lib/python3.7/site-packages/airflow/example_dags/example_time_delta_sensor_async.py took 0.497 seconds
[2024-01-30T19:00:12.729+0000] {processor.py:154} INFO - Started process (PID=1401) to work on /home/airflow/.local/lib/python3.7/site-packages/airflow/example_dags/example_time_delta_sensor_async.py
[2024-01-30T19:00:12.732+0000] {processor.py:756} INFO - Processing file /home/airflow/.local/lib/python3.7/site-packages/airflow/example_dags/example_time_delta_sensor_async.py for tasks to queue
[2024-01-30T19:00:12.737+0000] {logging_mixin.py:120} INFO - [2024-01-30T19:00:12.736+0000] {dagbag.py:537} INFO - Filling up the DagBag from /home/airflow/.local/lib/python3.7/site-packages/airflow/example_dags/example_time_delta_sensor_async.py
[2024-01-30T19:00:12.766+0000] {processor.py:766} INFO - DAG(s) dict_keys(['example_time_delta_sensor_async']) retrieved from /home/airflow/.local/lib/python3.7/site-packages/airflow/example_dags/example_time_delta_sensor_async.py
[2024-01-30T19:00:13.087+0000] {logging_mixin.py:120} INFO - [2024-01-30T19:00:13.087+0000] {dag.py:2585} INFO - Sync 1 DAGs
[2024-01-30T19:00:13.125+0000] {logging_mixin.py:120} INFO - [2024-01-30T19:00:13.124+0000] {dag.py:3340} INFO - Setting next_dagrun for example_time_delta_sensor_async to None, run_after=None
[2024-01-30T19:00:13.155+0000] {processor.py:176} INFO - Processing /home/airflow/.local/lib/python3.7/site-packages/airflow/example_dags/example_time_delta_sensor_async.py took 0.434 seconds
[2024-01-30T19:00:43.414+0000] {processor.py:154} INFO - Started process (PID=1465) to work on /home/airflow/.local/lib/python3.7/site-packages/airflow/example_dags/example_time_delta_sensor_async.py
[2024-01-30T19:00:43.415+0000] {processor.py:756} INFO - Processing file /home/airflow/.local/lib/python3.7/site-packages/airflow/example_dags/example_time_delta_sensor_async.py for tasks to queue
[2024-01-30T19:00:43.417+0000] {logging_mixin.py:120} INFO - [2024-01-30T19:00:43.416+0000] {dagbag.py:537} INFO - Filling up the DagBag from /home/airflow/.local/lib/python3.7/site-packages/airflow/example_dags/example_time_delta_sensor_async.py
[2024-01-30T19:00:43.434+0000] {processor.py:766} INFO - DAG(s) dict_keys(['example_time_delta_sensor_async']) retrieved from /home/airflow/.local/lib/python3.7/site-packages/airflow/example_dags/example_time_delta_sensor_async.py
[2024-01-30T19:00:43.750+0000] {logging_mixin.py:120} INFO - [2024-01-30T19:00:43.749+0000] {dag.py:2585} INFO - Sync 1 DAGs
[2024-01-30T19:00:43.781+0000] {logging_mixin.py:120} INFO - [2024-01-30T19:00:43.781+0000] {dag.py:3340} INFO - Setting next_dagrun for example_time_delta_sensor_async to None, run_after=None
[2024-01-30T19:00:43.807+0000] {processor.py:176} INFO - Processing /home/airflow/.local/lib/python3.7/site-packages/airflow/example_dags/example_time_delta_sensor_async.py took 0.397 seconds
[2024-01-30T19:01:14.043+0000] {processor.py:154} INFO - Started process (PID=1522) to work on /home/airflow/.local/lib/python3.7/site-packages/airflow/example_dags/example_time_delta_sensor_async.py
[2024-01-30T19:01:14.044+0000] {processor.py:756} INFO - Processing file /home/airflow/.local/lib/python3.7/site-packages/airflow/example_dags/example_time_delta_sensor_async.py for tasks to queue
[2024-01-30T19:01:14.046+0000] {logging_mixin.py:120} INFO - [2024-01-30T19:01:14.045+0000] {dagbag.py:537} INFO - Filling up the DagBag from /home/airflow/.local/lib/python3.7/site-packages/airflow/example_dags/example_time_delta_sensor_async.py
[2024-01-30T19:01:14.069+0000] {processor.py:766} INFO - DAG(s) dict_keys(['example_time_delta_sensor_async']) retrieved from /home/airflow/.local/lib/python3.7/site-packages/airflow/example_dags/example_time_delta_sensor_async.py
[2024-01-30T19:01:14.361+0000] {logging_mixin.py:120} INFO - [2024-01-30T19:01:14.361+0000] {dag.py:2585} INFO - Sync 1 DAGs
[2024-01-30T19:01:14.393+0000] {logging_mixin.py:120} INFO - [2024-01-30T19:01:14.393+0000] {dag.py:3340} INFO - Setting next_dagrun for example_time_delta_sensor_async to None, run_after=None
[2024-01-30T19:01:14.422+0000] {processor.py:176} INFO - Processing /home/airflow/.local/lib/python3.7/site-packages/airflow/example_dags/example_time_delta_sensor_async.py took 0.385 seconds
[2024-01-30T19:01:44.691+0000] {processor.py:154} INFO - Started process (PID=1586) to work on /home/airflow/.local/lib/python3.7/site-packages/airflow/example_dags/example_time_delta_sensor_async.py
[2024-01-30T19:01:44.694+0000] {processor.py:756} INFO - Processing file /home/airflow/.local/lib/python3.7/site-packages/airflow/example_dags/example_time_delta_sensor_async.py for tasks to queue
[2024-01-30T19:01:44.696+0000] {logging_mixin.py:120} INFO - [2024-01-30T19:01:44.696+0000] {dagbag.py:537} INFO - Filling up the DagBag from /home/airflow/.local/lib/python3.7/site-packages/airflow/example_dags/example_time_delta_sensor_async.py
[2024-01-30T19:01:44.725+0000] {processor.py:766} INFO - DAG(s) dict_keys(['example_time_delta_sensor_async']) retrieved from /home/airflow/.local/lib/python3.7/site-packages/airflow/example_dags/example_time_delta_sensor_async.py
[2024-01-30T19:01:45.069+0000] {logging_mixin.py:120} INFO - [2024-01-30T19:01:45.069+0000] {dag.py:2585} INFO - Sync 1 DAGs
[2024-01-30T19:01:45.118+0000] {logging_mixin.py:120} INFO - [2024-01-30T19:01:45.117+0000] {dag.py:3340} INFO - Setting next_dagrun for example_time_delta_sensor_async to None, run_after=None
[2024-01-30T19:01:45.157+0000] {processor.py:176} INFO - Processing /home/airflow/.local/lib/python3.7/site-packages/airflow/example_dags/example_time_delta_sensor_async.py took 0.473 seconds
[2024-01-30T19:02:15.464+0000] {processor.py:154} INFO - Started process (PID=1650) to work on /home/airflow/.local/lib/python3.7/site-packages/airflow/example_dags/example_time_delta_sensor_async.py
[2024-01-30T19:02:15.468+0000] {processor.py:756} INFO - Processing file /home/airflow/.local/lib/python3.7/site-packages/airflow/example_dags/example_time_delta_sensor_async.py for tasks to queue
[2024-01-30T19:02:15.469+0000] {logging_mixin.py:120} INFO - [2024-01-30T19:02:15.469+0000] {dagbag.py:537} INFO - Filling up the DagBag from /home/airflow/.local/lib/python3.7/site-packages/airflow/example_dags/example_time_delta_sensor_async.py
[2024-01-30T19:02:15.488+0000] {processor.py:766} INFO - DAG(s) dict_keys(['example_time_delta_sensor_async']) retrieved from /home/airflow/.local/lib/python3.7/site-packages/airflow/example_dags/example_time_delta_sensor_async.py
[2024-01-30T19:02:15.764+0000] {logging_mixin.py:120} INFO - [2024-01-30T19:02:15.764+0000] {dag.py:2585} INFO - Sync 1 DAGs
[2024-01-30T19:02:15.798+0000] {logging_mixin.py:120} INFO - [2024-01-30T19:02:15.798+0000] {dag.py:3340} INFO - Setting next_dagrun for example_time_delta_sensor_async to None, run_after=None
[2024-01-30T19:02:15.824+0000] {processor.py:176} INFO - Processing /home/airflow/.local/lib/python3.7/site-packages/airflow/example_dags/example_time_delta_sensor_async.py took 0.366 seconds
[2024-01-30T19:02:46.175+0000] {processor.py:154} INFO - Started process (PID=1706) to work on /home/airflow/.local/lib/python3.7/site-packages/airflow/example_dags/example_time_delta_sensor_async.py
[2024-01-30T19:02:46.177+0000] {processor.py:756} INFO - Processing file /home/airflow/.local/lib/python3.7/site-packages/airflow/example_dags/example_time_delta_sensor_async.py for tasks to queue
[2024-01-30T19:02:46.178+0000] {logging_mixin.py:120} INFO - [2024-01-30T19:02:46.178+0000] {dagbag.py:537} INFO - Filling up the DagBag from /home/airflow/.local/lib/python3.7/site-packages/airflow/example_dags/example_time_delta_sensor_async.py
[2024-01-30T19:02:46.205+0000] {processor.py:766} INFO - DAG(s) dict_keys(['example_time_delta_sensor_async']) retrieved from /home/airflow/.local/lib/python3.7/site-packages/airflow/example_dags/example_time_delta_sensor_async.py
[2024-01-30T19:02:46.476+0000] {logging_mixin.py:120} INFO - [2024-01-30T19:02:46.476+0000] {dag.py:2585} INFO - Sync 1 DAGs
[2024-01-30T19:02:46.508+0000] {logging_mixin.py:120} INFO - [2024-01-30T19:02:46.508+0000] {dag.py:3340} INFO - Setting next_dagrun for example_time_delta_sensor_async to None, run_after=None
[2024-01-30T19:02:46.531+0000] {processor.py:176} INFO - Processing /home/airflow/.local/lib/python3.7/site-packages/airflow/example_dags/example_time_delta_sensor_async.py took 0.362 seconds
[2024-01-30T19:03:16.960+0000] {processor.py:154} INFO - Started process (PID=1770) to work on /home/airflow/.local/lib/python3.7/site-packages/airflow/example_dags/example_time_delta_sensor_async.py
[2024-01-30T19:03:16.962+0000] {processor.py:756} INFO - Processing file /home/airflow/.local/lib/python3.7/site-packages/airflow/example_dags/example_time_delta_sensor_async.py for tasks to queue
[2024-01-30T19:03:16.964+0000] {logging_mixin.py:120} INFO - [2024-01-30T19:03:16.963+0000] {dagbag.py:537} INFO - Filling up the DagBag from /home/airflow/.local/lib/python3.7/site-packages/airflow/example_dags/example_time_delta_sensor_async.py
[2024-01-30T19:03:16.988+0000] {processor.py:766} INFO - DAG(s) dict_keys(['example_time_delta_sensor_async']) retrieved from /home/airflow/.local/lib/python3.7/site-packages/airflow/example_dags/example_time_delta_sensor_async.py
[2024-01-30T19:03:17.281+0000] {logging_mixin.py:120} INFO - [2024-01-30T19:03:17.281+0000] {dag.py:2585} INFO - Sync 1 DAGs
[2024-01-30T19:03:17.315+0000] {logging_mixin.py:120} INFO - [2024-01-30T19:03:17.315+0000] {dag.py:3340} INFO - Setting next_dagrun for example_time_delta_sensor_async to None, run_after=None
[2024-01-30T19:03:17.342+0000] {processor.py:176} INFO - Processing /home/airflow/.local/lib/python3.7/site-packages/airflow/example_dags/example_time_delta_sensor_async.py took 0.387 seconds
[2024-01-30T19:03:47.529+0000] {processor.py:154} INFO - Started process (PID=1826) to work on /home/airflow/.local/lib/python3.7/site-packages/airflow/example_dags/example_time_delta_sensor_async.py
[2024-01-30T19:03:47.532+0000] {processor.py:756} INFO - Processing file /home/airflow/.local/lib/python3.7/site-packages/airflow/example_dags/example_time_delta_sensor_async.py for tasks to queue
[2024-01-30T19:03:47.535+0000] {logging_mixin.py:120} INFO - [2024-01-30T19:03:47.535+0000] {dagbag.py:537} INFO - Filling up the DagBag from /home/airflow/.local/lib/python3.7/site-packages/airflow/example_dags/example_time_delta_sensor_async.py
[2024-01-30T19:03:47.560+0000] {processor.py:766} INFO - DAG(s) dict_keys(['example_time_delta_sensor_async']) retrieved from /home/airflow/.local/lib/python3.7/site-packages/airflow/example_dags/example_time_delta_sensor_async.py
[2024-01-30T19:03:47.883+0000] {logging_mixin.py:120} INFO - [2024-01-30T19:03:47.883+0000] {dag.py:2585} INFO - Sync 1 DAGs
[2024-01-30T19:03:47.950+0000] {logging_mixin.py:120} INFO - [2024-01-30T19:03:47.950+0000] {dag.py:3340} INFO - Setting next_dagrun for example_time_delta_sensor_async to None, run_after=None
[2024-01-30T19:03:47.993+0000] {processor.py:176} INFO - Processing /home/airflow/.local/lib/python3.7/site-packages/airflow/example_dags/example_time_delta_sensor_async.py took 0.470 seconds
[2024-01-30T19:04:18.065+0000] {processor.py:154} INFO - Started process (PID=1888) to work on /home/airflow/.local/lib/python3.7/site-packages/airflow/example_dags/example_time_delta_sensor_async.py
[2024-01-30T19:04:18.067+0000] {processor.py:756} INFO - Processing file /home/airflow/.local/lib/python3.7/site-packages/airflow/example_dags/example_time_delta_sensor_async.py for tasks to queue
[2024-01-30T19:04:18.068+0000] {logging_mixin.py:120} INFO - [2024-01-30T19:04:18.068+0000] {dagbag.py:537} INFO - Filling up the DagBag from /home/airflow/.local/lib/python3.7/site-packages/airflow/example_dags/example_time_delta_sensor_async.py
[2024-01-30T19:04:18.103+0000] {processor.py:766} INFO - DAG(s) dict_keys(['example_time_delta_sensor_async']) retrieved from /home/airflow/.local/lib/python3.7/site-packages/airflow/example_dags/example_time_delta_sensor_async.py
[2024-01-30T19:04:18.362+0000] {logging_mixin.py:120} INFO - [2024-01-30T19:04:18.362+0000] {dag.py:2585} INFO - Sync 1 DAGs
[2024-01-30T19:04:18.391+0000] {logging_mixin.py:120} INFO - [2024-01-30T19:04:18.391+0000] {dag.py:3340} INFO - Setting next_dagrun for example_time_delta_sensor_async to None, run_after=None
[2024-01-30T19:04:18.418+0000] {processor.py:176} INFO - Processing /home/airflow/.local/lib/python3.7/site-packages/airflow/example_dags/example_time_delta_sensor_async.py took 0.360 seconds
[2024-01-30T19:04:48.540+0000] {processor.py:154} INFO - Started process (PID=1952) to work on /home/airflow/.local/lib/python3.7/site-packages/airflow/example_dags/example_time_delta_sensor_async.py
[2024-01-30T19:04:48.543+0000] {processor.py:756} INFO - Processing file /home/airflow/.local/lib/python3.7/site-packages/airflow/example_dags/example_time_delta_sensor_async.py for tasks to queue
[2024-01-30T19:04:48.546+0000] {logging_mixin.py:120} INFO - [2024-01-30T19:04:48.545+0000] {dagbag.py:537} INFO - Filling up the DagBag from /home/airflow/.local/lib/python3.7/site-packages/airflow/example_dags/example_time_delta_sensor_async.py
[2024-01-30T19:04:48.580+0000] {processor.py:766} INFO - DAG(s) dict_keys(['example_time_delta_sensor_async']) retrieved from /home/airflow/.local/lib/python3.7/site-packages/airflow/example_dags/example_time_delta_sensor_async.py
[2024-01-30T19:04:49.058+0000] {logging_mixin.py:120} INFO - [2024-01-30T19:04:49.058+0000] {dag.py:2585} INFO - Sync 1 DAGs
[2024-01-30T19:04:49.102+0000] {logging_mixin.py:120} INFO - [2024-01-30T19:04:49.101+0000] {dag.py:3340} INFO - Setting next_dagrun for example_time_delta_sensor_async to None, run_after=None
[2024-01-30T19:04:49.132+0000] {processor.py:176} INFO - Processing /home/airflow/.local/lib/python3.7/site-packages/airflow/example_dags/example_time_delta_sensor_async.py took 0.604 seconds
[2024-01-30T19:05:19.913+0000] {processor.py:154} INFO - Started process (PID=2008) to work on /home/airflow/.local/lib/python3.7/site-packages/airflow/example_dags/example_time_delta_sensor_async.py
[2024-01-30T19:05:19.915+0000] {processor.py:756} INFO - Processing file /home/airflow/.local/lib/python3.7/site-packages/airflow/example_dags/example_time_delta_sensor_async.py for tasks to queue
[2024-01-30T19:05:19.917+0000] {logging_mixin.py:120} INFO - [2024-01-30T19:05:19.917+0000] {dagbag.py:537} INFO - Filling up the DagBag from /home/airflow/.local/lib/python3.7/site-packages/airflow/example_dags/example_time_delta_sensor_async.py
[2024-01-30T19:05:19.952+0000] {processor.py:766} INFO - DAG(s) dict_keys(['example_time_delta_sensor_async']) retrieved from /home/airflow/.local/lib/python3.7/site-packages/airflow/example_dags/example_time_delta_sensor_async.py
[2024-01-30T19:05:20.331+0000] {logging_mixin.py:120} INFO - [2024-01-30T19:05:20.330+0000] {dag.py:2585} INFO - Sync 1 DAGs
[2024-01-30T19:05:20.369+0000] {logging_mixin.py:120} INFO - [2024-01-30T19:05:20.369+0000] {dag.py:3340} INFO - Setting next_dagrun for example_time_delta_sensor_async to None, run_after=None
[2024-01-30T19:05:20.401+0000] {processor.py:176} INFO - Processing /home/airflow/.local/lib/python3.7/site-packages/airflow/example_dags/example_time_delta_sensor_async.py took 0.497 seconds
[2024-01-30T19:05:50.521+0000] {processor.py:154} INFO - Started process (PID=2074) to work on /home/airflow/.local/lib/python3.7/site-packages/airflow/example_dags/example_time_delta_sensor_async.py
[2024-01-30T19:05:50.522+0000] {processor.py:756} INFO - Processing file /home/airflow/.local/lib/python3.7/site-packages/airflow/example_dags/example_time_delta_sensor_async.py for tasks to queue
[2024-01-30T19:05:50.524+0000] {logging_mixin.py:120} INFO - [2024-01-30T19:05:50.524+0000] {dagbag.py:537} INFO - Filling up the DagBag from /home/airflow/.local/lib/python3.7/site-packages/airflow/example_dags/example_time_delta_sensor_async.py
[2024-01-30T19:05:50.547+0000] {processor.py:766} INFO - DAG(s) dict_keys(['example_time_delta_sensor_async']) retrieved from /home/airflow/.local/lib/python3.7/site-packages/airflow/example_dags/example_time_delta_sensor_async.py
[2024-01-30T19:05:50.796+0000] {logging_mixin.py:120} INFO - [2024-01-30T19:05:50.795+0000] {dag.py:2585} INFO - Sync 1 DAGs
[2024-01-30T19:05:50.829+0000] {logging_mixin.py:120} INFO - [2024-01-30T19:05:50.829+0000] {dag.py:3340} INFO - Setting next_dagrun for example_time_delta_sensor_async to None, run_after=None
[2024-01-30T19:05:50.859+0000] {processor.py:176} INFO - Processing /home/airflow/.local/lib/python3.7/site-packages/airflow/example_dags/example_time_delta_sensor_async.py took 0.344 seconds
[2024-01-30T19:06:21.233+0000] {processor.py:154} INFO - Started process (PID=2138) to work on /home/airflow/.local/lib/python3.7/site-packages/airflow/example_dags/example_time_delta_sensor_async.py
[2024-01-30T19:06:21.235+0000] {processor.py:756} INFO - Processing file /home/airflow/.local/lib/python3.7/site-packages/airflow/example_dags/example_time_delta_sensor_async.py for tasks to queue
[2024-01-30T19:06:21.237+0000] {logging_mixin.py:120} INFO - [2024-01-30T19:06:21.236+0000] {dagbag.py:537} INFO - Filling up the DagBag from /home/airflow/.local/lib/python3.7/site-packages/airflow/example_dags/example_time_delta_sensor_async.py
[2024-01-30T19:06:21.260+0000] {processor.py:766} INFO - DAG(s) dict_keys(['example_time_delta_sensor_async']) retrieved from /home/airflow/.local/lib/python3.7/site-packages/airflow/example_dags/example_time_delta_sensor_async.py
[2024-01-30T19:06:21.570+0000] {logging_mixin.py:120} INFO - [2024-01-30T19:06:21.570+0000] {dag.py:2585} INFO - Sync 1 DAGs
[2024-01-30T19:06:21.610+0000] {logging_mixin.py:120} INFO - [2024-01-30T19:06:21.610+0000] {dag.py:3340} INFO - Setting next_dagrun for example_time_delta_sensor_async to None, run_after=None
[2024-01-30T19:06:21.639+0000] {processor.py:176} INFO - Processing /home/airflow/.local/lib/python3.7/site-packages/airflow/example_dags/example_time_delta_sensor_async.py took 0.410 seconds
[2024-01-30T19:06:51.680+0000] {processor.py:154} INFO - Started process (PID=2194) to work on /home/airflow/.local/lib/python3.7/site-packages/airflow/example_dags/example_time_delta_sensor_async.py
[2024-01-30T19:06:51.681+0000] {processor.py:756} INFO - Processing file /home/airflow/.local/lib/python3.7/site-packages/airflow/example_dags/example_time_delta_sensor_async.py for tasks to queue
[2024-01-30T19:06:51.682+0000] {logging_mixin.py:120} INFO - [2024-01-30T19:06:51.682+0000] {dagbag.py:537} INFO - Filling up the DagBag from /home/airflow/.local/lib/python3.7/site-packages/airflow/example_dags/example_time_delta_sensor_async.py
[2024-01-30T19:06:51.700+0000] {processor.py:766} INFO - DAG(s) dict_keys(['example_time_delta_sensor_async']) retrieved from /home/airflow/.local/lib/python3.7/site-packages/airflow/example_dags/example_time_delta_sensor_async.py
[2024-01-30T19:06:51.975+0000] {logging_mixin.py:120} INFO - [2024-01-30T19:06:51.975+0000] {dag.py:2585} INFO - Sync 1 DAGs
[2024-01-30T19:06:52.017+0000] {logging_mixin.py:120} INFO - [2024-01-30T19:06:52.017+0000] {dag.py:3340} INFO - Setting next_dagrun for example_time_delta_sensor_async to None, run_after=None
[2024-01-30T19:06:52.051+0000] {processor.py:176} INFO - Processing /home/airflow/.local/lib/python3.7/site-packages/airflow/example_dags/example_time_delta_sensor_async.py took 0.376 seconds
[2024-01-30T19:07:22.823+0000] {processor.py:154} INFO - Started process (PID=2258) to work on /home/airflow/.local/lib/python3.7/site-packages/airflow/example_dags/example_time_delta_sensor_async.py
[2024-01-30T19:07:22.825+0000] {processor.py:756} INFO - Processing file /home/airflow/.local/lib/python3.7/site-packages/airflow/example_dags/example_time_delta_sensor_async.py for tasks to queue
[2024-01-30T19:07:22.826+0000] {logging_mixin.py:120} INFO - [2024-01-30T19:07:22.826+0000] {dagbag.py:537} INFO - Filling up the DagBag from /home/airflow/.local/lib/python3.7/site-packages/airflow/example_dags/example_time_delta_sensor_async.py
[2024-01-30T19:07:22.848+0000] {processor.py:766} INFO - DAG(s) dict_keys(['example_time_delta_sensor_async']) retrieved from /home/airflow/.local/lib/python3.7/site-packages/airflow/example_dags/example_time_delta_sensor_async.py
[2024-01-30T19:07:23.150+0000] {logging_mixin.py:120} INFO - [2024-01-30T19:07:23.150+0000] {dag.py:2585} INFO - Sync 1 DAGs
[2024-01-30T19:07:23.192+0000] {logging_mixin.py:120} INFO - [2024-01-30T19:07:23.192+0000] {dag.py:3340} INFO - Setting next_dagrun for example_time_delta_sensor_async to None, run_after=None
[2024-01-30T19:07:23.229+0000] {processor.py:176} INFO - Processing /home/airflow/.local/lib/python3.7/site-packages/airflow/example_dags/example_time_delta_sensor_async.py took 0.412 seconds
[2024-01-30T19:07:53.439+0000] {processor.py:154} INFO - Started process (PID=2321) to work on /home/airflow/.local/lib/python3.7/site-packages/airflow/example_dags/example_time_delta_sensor_async.py
[2024-01-30T19:07:53.441+0000] {processor.py:756} INFO - Processing file /home/airflow/.local/lib/python3.7/site-packages/airflow/example_dags/example_time_delta_sensor_async.py for tasks to queue
[2024-01-30T19:07:53.442+0000] {logging_mixin.py:120} INFO - [2024-01-30T19:07:53.442+0000] {dagbag.py:537} INFO - Filling up the DagBag from /home/airflow/.local/lib/python3.7/site-packages/airflow/example_dags/example_time_delta_sensor_async.py
[2024-01-30T19:07:53.466+0000] {processor.py:766} INFO - DAG(s) dict_keys(['example_time_delta_sensor_async']) retrieved from /home/airflow/.local/lib/python3.7/site-packages/airflow/example_dags/example_time_delta_sensor_async.py
[2024-01-30T19:07:53.798+0000] {logging_mixin.py:120} INFO - [2024-01-30T19:07:53.797+0000] {dag.py:2585} INFO - Sync 1 DAGs
[2024-01-30T19:07:53.833+0000] {logging_mixin.py:120} INFO - [2024-01-30T19:07:53.833+0000] {dag.py:3340} INFO - Setting next_dagrun for example_time_delta_sensor_async to None, run_after=None
[2024-01-30T19:07:53.860+0000] {processor.py:176} INFO - Processing /home/airflow/.local/lib/python3.7/site-packages/airflow/example_dags/example_time_delta_sensor_async.py took 0.427 seconds
[2024-01-30T19:08:24.094+0000] {processor.py:154} INFO - Started process (PID=2378) to work on /home/airflow/.local/lib/python3.7/site-packages/airflow/example_dags/example_time_delta_sensor_async.py
[2024-01-30T19:08:24.096+0000] {processor.py:756} INFO - Processing file /home/airflow/.local/lib/python3.7/site-packages/airflow/example_dags/example_time_delta_sensor_async.py for tasks to queue
[2024-01-30T19:08:24.098+0000] {logging_mixin.py:120} INFO - [2024-01-30T19:08:24.098+0000] {dagbag.py:537} INFO - Filling up the DagBag from /home/airflow/.local/lib/python3.7/site-packages/airflow/example_dags/example_time_delta_sensor_async.py
[2024-01-30T19:08:24.173+0000] {processor.py:766} INFO - DAG(s) dict_keys(['example_time_delta_sensor_async']) retrieved from /home/airflow/.local/lib/python3.7/site-packages/airflow/example_dags/example_time_delta_sensor_async.py
[2024-01-30T19:08:24.555+0000] {logging_mixin.py:120} INFO - [2024-01-30T19:08:24.555+0000] {dag.py:2585} INFO - Sync 1 DAGs
[2024-01-30T19:08:24.587+0000] {logging_mixin.py:120} INFO - [2024-01-30T19:08:24.587+0000] {dag.py:3340} INFO - Setting next_dagrun for example_time_delta_sensor_async to None, run_after=None
[2024-01-30T19:08:24.610+0000] {processor.py:176} INFO - Processing /home/airflow/.local/lib/python3.7/site-packages/airflow/example_dags/example_time_delta_sensor_async.py took 0.528 seconds
[2024-01-30T19:08:55.094+0000] {processor.py:154} INFO - Started process (PID=2443) to work on /home/airflow/.local/lib/python3.7/site-packages/airflow/example_dags/example_time_delta_sensor_async.py
[2024-01-30T19:08:55.098+0000] {processor.py:756} INFO - Processing file /home/airflow/.local/lib/python3.7/site-packages/airflow/example_dags/example_time_delta_sensor_async.py for tasks to queue
[2024-01-30T19:08:55.100+0000] {logging_mixin.py:120} INFO - [2024-01-30T19:08:55.100+0000] {dagbag.py:537} INFO - Filling up the DagBag from /home/airflow/.local/lib/python3.7/site-packages/airflow/example_dags/example_time_delta_sensor_async.py
[2024-01-30T19:08:55.149+0000] {processor.py:766} INFO - DAG(s) dict_keys(['example_time_delta_sensor_async']) retrieved from /home/airflow/.local/lib/python3.7/site-packages/airflow/example_dags/example_time_delta_sensor_async.py
[2024-01-30T19:08:55.526+0000] {logging_mixin.py:120} INFO - [2024-01-30T19:08:55.525+0000] {dag.py:2585} INFO - Sync 1 DAGs
[2024-01-30T19:08:55.572+0000] {logging_mixin.py:120} INFO - [2024-01-30T19:08:55.572+0000] {dag.py:3340} INFO - Setting next_dagrun for example_time_delta_sensor_async to None, run_after=None
[2024-01-30T19:08:55.611+0000] {processor.py:176} INFO - Processing /home/airflow/.local/lib/python3.7/site-packages/airflow/example_dags/example_time_delta_sensor_async.py took 0.529 seconds
[2024-01-30T19:09:25.815+0000] {processor.py:154} INFO - Started process (PID=2501) to work on /home/airflow/.local/lib/python3.7/site-packages/airflow/example_dags/example_time_delta_sensor_async.py
[2024-01-30T19:09:25.817+0000] {processor.py:756} INFO - Processing file /home/airflow/.local/lib/python3.7/site-packages/airflow/example_dags/example_time_delta_sensor_async.py for tasks to queue
[2024-01-30T19:09:25.819+0000] {logging_mixin.py:120} INFO - [2024-01-30T19:09:25.819+0000] {dagbag.py:537} INFO - Filling up the DagBag from /home/airflow/.local/lib/python3.7/site-packages/airflow/example_dags/example_time_delta_sensor_async.py
[2024-01-30T19:09:25.840+0000] {processor.py:766} INFO - DAG(s) dict_keys(['example_time_delta_sensor_async']) retrieved from /home/airflow/.local/lib/python3.7/site-packages/airflow/example_dags/example_time_delta_sensor_async.py
[2024-01-30T19:09:26.163+0000] {logging_mixin.py:120} INFO - [2024-01-30T19:09:26.162+0000] {dag.py:2585} INFO - Sync 1 DAGs
[2024-01-30T19:09:26.198+0000] {logging_mixin.py:120} INFO - [2024-01-30T19:09:26.198+0000] {dag.py:3340} INFO - Setting next_dagrun for example_time_delta_sensor_async to None, run_after=None
[2024-01-30T19:09:26.312+0000] {processor.py:176} INFO - Processing /home/airflow/.local/lib/python3.7/site-packages/airflow/example_dags/example_time_delta_sensor_async.py took 0.502 seconds
[2024-01-30T19:09:56.575+0000] {processor.py:154} INFO - Started process (PID=2566) to work on /home/airflow/.local/lib/python3.7/site-packages/airflow/example_dags/example_time_delta_sensor_async.py
[2024-01-30T19:09:56.577+0000] {processor.py:756} INFO - Processing file /home/airflow/.local/lib/python3.7/site-packages/airflow/example_dags/example_time_delta_sensor_async.py for tasks to queue
[2024-01-30T19:09:56.578+0000] {logging_mixin.py:120} INFO - [2024-01-30T19:09:56.578+0000] {dagbag.py:537} INFO - Filling up the DagBag from /home/airflow/.local/lib/python3.7/site-packages/airflow/example_dags/example_time_delta_sensor_async.py
[2024-01-30T19:09:56.603+0000] {processor.py:766} INFO - DAG(s) dict_keys(['example_time_delta_sensor_async']) retrieved from /home/airflow/.local/lib/python3.7/site-packages/airflow/example_dags/example_time_delta_sensor_async.py
[2024-01-30T19:09:56.902+0000] {logging_mixin.py:120} INFO - [2024-01-30T19:09:56.902+0000] {dag.py:2585} INFO - Sync 1 DAGs
[2024-01-30T19:09:56.944+0000] {logging_mixin.py:120} INFO - [2024-01-30T19:09:56.944+0000] {dag.py:3340} INFO - Setting next_dagrun for example_time_delta_sensor_async to None, run_after=None
[2024-01-30T19:09:56.981+0000] {processor.py:176} INFO - Processing /home/airflow/.local/lib/python3.7/site-packages/airflow/example_dags/example_time_delta_sensor_async.py took 0.413 seconds
[2024-01-30T19:10:27.051+0000] {processor.py:154} INFO - Started process (PID=2631) to work on /home/airflow/.local/lib/python3.7/site-packages/airflow/example_dags/example_time_delta_sensor_async.py
[2024-01-30T19:10:27.053+0000] {processor.py:756} INFO - Processing file /home/airflow/.local/lib/python3.7/site-packages/airflow/example_dags/example_time_delta_sensor_async.py for tasks to queue
[2024-01-30T19:10:27.054+0000] {logging_mixin.py:120} INFO - [2024-01-30T19:10:27.054+0000] {dagbag.py:537} INFO - Filling up the DagBag from /home/airflow/.local/lib/python3.7/site-packages/airflow/example_dags/example_time_delta_sensor_async.py
[2024-01-30T19:10:27.098+0000] {processor.py:766} INFO - DAG(s) dict_keys(['example_time_delta_sensor_async']) retrieved from /home/airflow/.local/lib/python3.7/site-packages/airflow/example_dags/example_time_delta_sensor_async.py
[2024-01-30T19:10:27.377+0000] {logging_mixin.py:120} INFO - [2024-01-30T19:10:27.376+0000] {dag.py:2585} INFO - Sync 1 DAGs
[2024-01-30T19:10:27.420+0000] {logging_mixin.py:120} INFO - [2024-01-30T19:10:27.420+0000] {dag.py:3340} INFO - Setting next_dagrun for example_time_delta_sensor_async to None, run_after=None
[2024-01-30T19:10:27.443+0000] {processor.py:176} INFO - Processing /home/airflow/.local/lib/python3.7/site-packages/airflow/example_dags/example_time_delta_sensor_async.py took 0.397 seconds
[2024-01-30T19:10:57.822+0000] {processor.py:154} INFO - Started process (PID=2687) to work on /home/airflow/.local/lib/python3.7/site-packages/airflow/example_dags/example_time_delta_sensor_async.py
[2024-01-30T19:10:57.824+0000] {processor.py:756} INFO - Processing file /home/airflow/.local/lib/python3.7/site-packages/airflow/example_dags/example_time_delta_sensor_async.py for tasks to queue
[2024-01-30T19:10:57.825+0000] {logging_mixin.py:120} INFO - [2024-01-30T19:10:57.825+0000] {dagbag.py:537} INFO - Filling up the DagBag from /home/airflow/.local/lib/python3.7/site-packages/airflow/example_dags/example_time_delta_sensor_async.py
[2024-01-30T19:10:57.848+0000] {processor.py:766} INFO - DAG(s) dict_keys(['example_time_delta_sensor_async']) retrieved from /home/airflow/.local/lib/python3.7/site-packages/airflow/example_dags/example_time_delta_sensor_async.py
[2024-01-30T19:10:58.131+0000] {logging_mixin.py:120} INFO - [2024-01-30T19:10:58.131+0000] {dag.py:2585} INFO - Sync 1 DAGs
[2024-01-30T19:10:58.161+0000] {logging_mixin.py:120} INFO - [2024-01-30T19:10:58.161+0000] {dag.py:3340} INFO - Setting next_dagrun for example_time_delta_sensor_async to None, run_after=None
[2024-01-30T19:10:58.188+0000] {processor.py:176} INFO - Processing /home/airflow/.local/lib/python3.7/site-packages/airflow/example_dags/example_time_delta_sensor_async.py took 0.372 seconds
[2024-01-30T19:11:28.305+0000] {processor.py:154} INFO - Started process (PID=2752) to work on /home/airflow/.local/lib/python3.7/site-packages/airflow/example_dags/example_time_delta_sensor_async.py
[2024-01-30T19:11:28.308+0000] {processor.py:756} INFO - Processing file /home/airflow/.local/lib/python3.7/site-packages/airflow/example_dags/example_time_delta_sensor_async.py for tasks to queue
[2024-01-30T19:11:28.309+0000] {logging_mixin.py:120} INFO - [2024-01-30T19:11:28.309+0000] {dagbag.py:537} INFO - Filling up the DagBag from /home/airflow/.local/lib/python3.7/site-packages/airflow/example_dags/example_time_delta_sensor_async.py
[2024-01-30T19:11:28.329+0000] {processor.py:766} INFO - DAG(s) dict_keys(['example_time_delta_sensor_async']) retrieved from /home/airflow/.local/lib/python3.7/site-packages/airflow/example_dags/example_time_delta_sensor_async.py
[2024-01-30T19:11:28.574+0000] {logging_mixin.py:120} INFO - [2024-01-30T19:11:28.574+0000] {dag.py:2585} INFO - Sync 1 DAGs
[2024-01-30T19:11:28.604+0000] {logging_mixin.py:120} INFO - [2024-01-30T19:11:28.604+0000] {dag.py:3340} INFO - Setting next_dagrun for example_time_delta_sensor_async to None, run_after=None
[2024-01-30T19:11:28.629+0000] {processor.py:176} INFO - Processing /home/airflow/.local/lib/python3.7/site-packages/airflow/example_dags/example_time_delta_sensor_async.py took 0.330 seconds
[2024-01-30T19:11:58.688+0000] {processor.py:154} INFO - Started process (PID=2810) to work on /home/airflow/.local/lib/python3.7/site-packages/airflow/example_dags/example_time_delta_sensor_async.py
[2024-01-30T19:11:58.689+0000] {processor.py:756} INFO - Processing file /home/airflow/.local/lib/python3.7/site-packages/airflow/example_dags/example_time_delta_sensor_async.py for tasks to queue
[2024-01-30T19:11:58.691+0000] {logging_mixin.py:120} INFO - [2024-01-30T19:11:58.691+0000] {dagbag.py:537} INFO - Filling up the DagBag from /home/airflow/.local/lib/python3.7/site-packages/airflow/example_dags/example_time_delta_sensor_async.py
[2024-01-30T19:11:58.711+0000] {processor.py:766} INFO - DAG(s) dict_keys(['example_time_delta_sensor_async']) retrieved from /home/airflow/.local/lib/python3.7/site-packages/airflow/example_dags/example_time_delta_sensor_async.py
[2024-01-30T19:11:58.971+0000] {logging_mixin.py:120} INFO - [2024-01-30T19:11:58.971+0000] {dag.py:2585} INFO - Sync 1 DAGs
[2024-01-30T19:11:59.005+0000] {logging_mixin.py:120} INFO - [2024-01-30T19:11:59.005+0000] {dag.py:3340} INFO - Setting next_dagrun for example_time_delta_sensor_async to None, run_after=None
[2024-01-30T19:11:59.036+0000] {processor.py:176} INFO - Processing /home/airflow/.local/lib/python3.7/site-packages/airflow/example_dags/example_time_delta_sensor_async.py took 0.354 seconds
[2024-01-30T19:12:29.180+0000] {processor.py:154} INFO - Started process (PID=2877) to work on /home/airflow/.local/lib/python3.7/site-packages/airflow/example_dags/example_time_delta_sensor_async.py
[2024-01-30T19:12:29.183+0000] {processor.py:756} INFO - Processing file /home/airflow/.local/lib/python3.7/site-packages/airflow/example_dags/example_time_delta_sensor_async.py for tasks to queue
[2024-01-30T19:12:29.186+0000] {logging_mixin.py:120} INFO - [2024-01-30T19:12:29.186+0000] {dagbag.py:537} INFO - Filling up the DagBag from /home/airflow/.local/lib/python3.7/site-packages/airflow/example_dags/example_time_delta_sensor_async.py
[2024-01-30T19:12:29.210+0000] {processor.py:766} INFO - DAG(s) dict_keys(['example_time_delta_sensor_async']) retrieved from /home/airflow/.local/lib/python3.7/site-packages/airflow/example_dags/example_time_delta_sensor_async.py
[2024-01-30T19:12:29.515+0000] {logging_mixin.py:120} INFO - [2024-01-30T19:12:29.515+0000] {dag.py:2585} INFO - Sync 1 DAGs
[2024-01-30T19:12:29.612+0000] {logging_mixin.py:120} INFO - [2024-01-30T19:12:29.612+0000] {dag.py:3340} INFO - Setting next_dagrun for example_time_delta_sensor_async to None, run_after=None
[2024-01-30T19:12:29.653+0000] {processor.py:176} INFO - Processing /home/airflow/.local/lib/python3.7/site-packages/airflow/example_dags/example_time_delta_sensor_async.py took 0.480 seconds
[2024-01-30T19:12:59.844+0000] {processor.py:154} INFO - Started process (PID=2942) to work on /home/airflow/.local/lib/python3.7/site-packages/airflow/example_dags/example_time_delta_sensor_async.py
[2024-01-30T19:12:59.845+0000] {processor.py:756} INFO - Processing file /home/airflow/.local/lib/python3.7/site-packages/airflow/example_dags/example_time_delta_sensor_async.py for tasks to queue
[2024-01-30T19:12:59.846+0000] {logging_mixin.py:120} INFO - [2024-01-30T19:12:59.846+0000] {dagbag.py:537} INFO - Filling up the DagBag from /home/airflow/.local/lib/python3.7/site-packages/airflow/example_dags/example_time_delta_sensor_async.py
[2024-01-30T19:12:59.863+0000] {processor.py:766} INFO - DAG(s) dict_keys(['example_time_delta_sensor_async']) retrieved from /home/airflow/.local/lib/python3.7/site-packages/airflow/example_dags/example_time_delta_sensor_async.py
[2024-01-30T19:13:00.119+0000] {logging_mixin.py:120} INFO - [2024-01-30T19:13:00.118+0000] {dag.py:2585} INFO - Sync 1 DAGs
[2024-01-30T19:13:00.153+0000] {logging_mixin.py:120} INFO - [2024-01-30T19:13:00.153+0000] {dag.py:3340} INFO - Setting next_dagrun for example_time_delta_sensor_async to None, run_after=None
[2024-01-30T19:13:00.177+0000] {processor.py:176} INFO - Processing /home/airflow/.local/lib/python3.7/site-packages/airflow/example_dags/example_time_delta_sensor_async.py took 0.337 seconds
[2024-01-30T19:13:30.426+0000] {processor.py:154} INFO - Started process (PID=2998) to work on /home/airflow/.local/lib/python3.7/site-packages/airflow/example_dags/example_time_delta_sensor_async.py
[2024-01-30T19:13:30.428+0000] {processor.py:756} INFO - Processing file /home/airflow/.local/lib/python3.7/site-packages/airflow/example_dags/example_time_delta_sensor_async.py for tasks to queue
[2024-01-30T19:13:30.430+0000] {logging_mixin.py:120} INFO - [2024-01-30T19:13:30.429+0000] {dagbag.py:537} INFO - Filling up the DagBag from /home/airflow/.local/lib/python3.7/site-packages/airflow/example_dags/example_time_delta_sensor_async.py
[2024-01-30T19:13:30.460+0000] {processor.py:766} INFO - DAG(s) dict_keys(['example_time_delta_sensor_async']) retrieved from /home/airflow/.local/lib/python3.7/site-packages/airflow/example_dags/example_time_delta_sensor_async.py
[2024-01-30T19:13:30.752+0000] {logging_mixin.py:120} INFO - [2024-01-30T19:13:30.752+0000] {dag.py:2585} INFO - Sync 1 DAGs
[2024-01-30T19:13:30.787+0000] {logging_mixin.py:120} INFO - [2024-01-30T19:13:30.786+0000] {dag.py:3340} INFO - Setting next_dagrun for example_time_delta_sensor_async to None, run_after=None
[2024-01-30T19:13:30.813+0000] {processor.py:176} INFO - Processing /home/airflow/.local/lib/python3.7/site-packages/airflow/example_dags/example_time_delta_sensor_async.py took 0.394 seconds
[2024-01-30T19:14:00.876+0000] {processor.py:154} INFO - Started process (PID=3063) to work on /home/airflow/.local/lib/python3.7/site-packages/airflow/example_dags/example_time_delta_sensor_async.py
[2024-01-30T19:14:00.878+0000] {processor.py:756} INFO - Processing file /home/airflow/.local/lib/python3.7/site-packages/airflow/example_dags/example_time_delta_sensor_async.py for tasks to queue
[2024-01-30T19:14:00.879+0000] {logging_mixin.py:120} INFO - [2024-01-30T19:14:00.879+0000] {dagbag.py:537} INFO - Filling up the DagBag from /home/airflow/.local/lib/python3.7/site-packages/airflow/example_dags/example_time_delta_sensor_async.py
[2024-01-30T19:14:00.908+0000] {processor.py:766} INFO - DAG(s) dict_keys(['example_time_delta_sensor_async']) retrieved from /home/airflow/.local/lib/python3.7/site-packages/airflow/example_dags/example_time_delta_sensor_async.py
[2024-01-30T19:14:01.334+0000] {logging_mixin.py:120} INFO - [2024-01-30T19:14:01.334+0000] {dag.py:2585} INFO - Sync 1 DAGs
[2024-01-30T19:14:01.393+0000] {logging_mixin.py:120} INFO - [2024-01-30T19:14:01.393+0000] {dag.py:3340} INFO - Setting next_dagrun for example_time_delta_sensor_async to None, run_after=None
[2024-01-30T19:14:01.439+0000] {processor.py:176} INFO - Processing /home/airflow/.local/lib/python3.7/site-packages/airflow/example_dags/example_time_delta_sensor_async.py took 0.569 seconds
[2024-01-30T19:14:32.261+0000] {processor.py:154} INFO - Started process (PID=3128) to work on /home/airflow/.local/lib/python3.7/site-packages/airflow/example_dags/example_time_delta_sensor_async.py
[2024-01-30T19:14:32.262+0000] {processor.py:756} INFO - Processing file /home/airflow/.local/lib/python3.7/site-packages/airflow/example_dags/example_time_delta_sensor_async.py for tasks to queue
[2024-01-30T19:14:32.263+0000] {logging_mixin.py:120} INFO - [2024-01-30T19:14:32.263+0000] {dagbag.py:537} INFO - Filling up the DagBag from /home/airflow/.local/lib/python3.7/site-packages/airflow/example_dags/example_time_delta_sensor_async.py
[2024-01-30T19:14:32.289+0000] {processor.py:766} INFO - DAG(s) dict_keys(['example_time_delta_sensor_async']) retrieved from /home/airflow/.local/lib/python3.7/site-packages/airflow/example_dags/example_time_delta_sensor_async.py
[2024-01-30T19:14:32.632+0000] {logging_mixin.py:120} INFO - [2024-01-30T19:14:32.632+0000] {dag.py:2585} INFO - Sync 1 DAGs
[2024-01-30T19:14:32.671+0000] {logging_mixin.py:120} INFO - [2024-01-30T19:14:32.670+0000] {dag.py:3340} INFO - Setting next_dagrun for example_time_delta_sensor_async to None, run_after=None
[2024-01-30T19:14:32.699+0000] {processor.py:176} INFO - Processing /home/airflow/.local/lib/python3.7/site-packages/airflow/example_dags/example_time_delta_sensor_async.py took 0.444 seconds
[2024-01-30T19:15:02.804+0000] {processor.py:154} INFO - Started process (PID=3185) to work on /home/airflow/.local/lib/python3.7/site-packages/airflow/example_dags/example_time_delta_sensor_async.py
[2024-01-30T19:15:02.806+0000] {processor.py:756} INFO - Processing file /home/airflow/.local/lib/python3.7/site-packages/airflow/example_dags/example_time_delta_sensor_async.py for tasks to queue
[2024-01-30T19:15:02.807+0000] {logging_mixin.py:120} INFO - [2024-01-30T19:15:02.807+0000] {dagbag.py:537} INFO - Filling up the DagBag from /home/airflow/.local/lib/python3.7/site-packages/airflow/example_dags/example_time_delta_sensor_async.py
[2024-01-30T19:15:02.826+0000] {processor.py:766} INFO - DAG(s) dict_keys(['example_time_delta_sensor_async']) retrieved from /home/airflow/.local/lib/python3.7/site-packages/airflow/example_dags/example_time_delta_sensor_async.py
[2024-01-30T19:15:03.114+0000] {logging_mixin.py:120} INFO - [2024-01-30T19:15:03.114+0000] {dag.py:2585} INFO - Sync 1 DAGs
[2024-01-30T19:15:03.144+0000] {logging_mixin.py:120} INFO - [2024-01-30T19:15:03.144+0000] {dag.py:3340} INFO - Setting next_dagrun for example_time_delta_sensor_async to None, run_after=None
[2024-01-30T19:15:03.168+0000] {processor.py:176} INFO - Processing /home/airflow/.local/lib/python3.7/site-packages/airflow/example_dags/example_time_delta_sensor_async.py took 0.370 seconds
[2024-01-30T19:15:33.550+0000] {processor.py:154} INFO - Started process (PID=3249) to work on /home/airflow/.local/lib/python3.7/site-packages/airflow/example_dags/example_time_delta_sensor_async.py
[2024-01-30T19:15:33.551+0000] {processor.py:756} INFO - Processing file /home/airflow/.local/lib/python3.7/site-packages/airflow/example_dags/example_time_delta_sensor_async.py for tasks to queue
[2024-01-30T19:15:33.553+0000] {logging_mixin.py:120} INFO - [2024-01-30T19:15:33.552+0000] {dagbag.py:537} INFO - Filling up the DagBag from /home/airflow/.local/lib/python3.7/site-packages/airflow/example_dags/example_time_delta_sensor_async.py
[2024-01-30T19:15:33.571+0000] {processor.py:766} INFO - DAG(s) dict_keys(['example_time_delta_sensor_async']) retrieved from /home/airflow/.local/lib/python3.7/site-packages/airflow/example_dags/example_time_delta_sensor_async.py
[2024-01-30T19:15:33.877+0000] {logging_mixin.py:120} INFO - [2024-01-30T19:15:33.877+0000] {dag.py:2585} INFO - Sync 1 DAGs
[2024-01-30T19:15:33.912+0000] {logging_mixin.py:120} INFO - [2024-01-30T19:15:33.912+0000] {dag.py:3340} INFO - Setting next_dagrun for example_time_delta_sensor_async to None, run_after=None
[2024-01-30T19:15:33.941+0000] {processor.py:176} INFO - Processing /home/airflow/.local/lib/python3.7/site-packages/airflow/example_dags/example_time_delta_sensor_async.py took 0.395 seconds
[2024-01-30T19:16:04.019+0000] {processor.py:154} INFO - Started process (PID=3312) to work on /home/airflow/.local/lib/python3.7/site-packages/airflow/example_dags/example_time_delta_sensor_async.py
[2024-01-30T19:16:04.022+0000] {processor.py:756} INFO - Processing file /home/airflow/.local/lib/python3.7/site-packages/airflow/example_dags/example_time_delta_sensor_async.py for tasks to queue
[2024-01-30T19:16:04.025+0000] {logging_mixin.py:120} INFO - [2024-01-30T19:16:04.024+0000] {dagbag.py:537} INFO - Filling up the DagBag from /home/airflow/.local/lib/python3.7/site-packages/airflow/example_dags/example_time_delta_sensor_async.py
[2024-01-30T19:16:04.056+0000] {processor.py:766} INFO - DAG(s) dict_keys(['example_time_delta_sensor_async']) retrieved from /home/airflow/.local/lib/python3.7/site-packages/airflow/example_dags/example_time_delta_sensor_async.py
[2024-01-30T19:16:04.364+0000] {logging_mixin.py:120} INFO - [2024-01-30T19:16:04.363+0000] {dag.py:2585} INFO - Sync 1 DAGs
[2024-01-30T19:16:04.407+0000] {logging_mixin.py:120} INFO - [2024-01-30T19:16:04.407+0000] {dag.py:3340} INFO - Setting next_dagrun for example_time_delta_sensor_async to None, run_after=None
[2024-01-30T19:16:04.435+0000] {processor.py:176} INFO - Processing /home/airflow/.local/lib/python3.7/site-packages/airflow/example_dags/example_time_delta_sensor_async.py took 0.426 seconds
[2024-01-30T19:16:34.473+0000] {processor.py:154} INFO - Started process (PID=3370) to work on /home/airflow/.local/lib/python3.7/site-packages/airflow/example_dags/example_time_delta_sensor_async.py
[2024-01-30T19:16:34.474+0000] {processor.py:756} INFO - Processing file /home/airflow/.local/lib/python3.7/site-packages/airflow/example_dags/example_time_delta_sensor_async.py for tasks to queue
[2024-01-30T19:16:34.476+0000] {logging_mixin.py:120} INFO - [2024-01-30T19:16:34.476+0000] {dagbag.py:537} INFO - Filling up the DagBag from /home/airflow/.local/lib/python3.7/site-packages/airflow/example_dags/example_time_delta_sensor_async.py
[2024-01-30T19:16:34.495+0000] {processor.py:766} INFO - DAG(s) dict_keys(['example_time_delta_sensor_async']) retrieved from /home/airflow/.local/lib/python3.7/site-packages/airflow/example_dags/example_time_delta_sensor_async.py
[2024-01-30T19:16:34.730+0000] {logging_mixin.py:120} INFO - [2024-01-30T19:16:34.730+0000] {dag.py:2585} INFO - Sync 1 DAGs
[2024-01-30T19:16:34.759+0000] {logging_mixin.py:120} INFO - [2024-01-30T19:16:34.759+0000] {dag.py:3340} INFO - Setting next_dagrun for example_time_delta_sensor_async to None, run_after=None
[2024-01-30T19:16:34.783+0000] {processor.py:176} INFO - Processing /home/airflow/.local/lib/python3.7/site-packages/airflow/example_dags/example_time_delta_sensor_async.py took 0.315 seconds
[2024-01-30T19:17:04.961+0000] {processor.py:154} INFO - Started process (PID=3435) to work on /home/airflow/.local/lib/python3.7/site-packages/airflow/example_dags/example_time_delta_sensor_async.py
[2024-01-30T19:17:04.963+0000] {processor.py:756} INFO - Processing file /home/airflow/.local/lib/python3.7/site-packages/airflow/example_dags/example_time_delta_sensor_async.py for tasks to queue
[2024-01-30T19:17:04.965+0000] {logging_mixin.py:120} INFO - [2024-01-30T19:17:04.965+0000] {dagbag.py:537} INFO - Filling up the DagBag from /home/airflow/.local/lib/python3.7/site-packages/airflow/example_dags/example_time_delta_sensor_async.py
[2024-01-30T19:17:04.990+0000] {processor.py:766} INFO - DAG(s) dict_keys(['example_time_delta_sensor_async']) retrieved from /home/airflow/.local/lib/python3.7/site-packages/airflow/example_dags/example_time_delta_sensor_async.py
[2024-01-30T19:17:05.256+0000] {logging_mixin.py:120} INFO - [2024-01-30T19:17:05.256+0000] {dag.py:2585} INFO - Sync 1 DAGs
[2024-01-30T19:17:05.285+0000] {logging_mixin.py:120} INFO - [2024-01-30T19:17:05.285+0000] {dag.py:3340} INFO - Setting next_dagrun for example_time_delta_sensor_async to None, run_after=None
[2024-01-30T19:17:05.309+0000] {processor.py:176} INFO - Processing /home/airflow/.local/lib/python3.7/site-packages/airflow/example_dags/example_time_delta_sensor_async.py took 0.355 seconds
[2024-01-30T19:17:35.427+0000] {processor.py:154} INFO - Started process (PID=3491) to work on /home/airflow/.local/lib/python3.7/site-packages/airflow/example_dags/example_time_delta_sensor_async.py
[2024-01-30T19:17:35.428+0000] {processor.py:756} INFO - Processing file /home/airflow/.local/lib/python3.7/site-packages/airflow/example_dags/example_time_delta_sensor_async.py for tasks to queue
[2024-01-30T19:17:35.430+0000] {logging_mixin.py:120} INFO - [2024-01-30T19:17:35.429+0000] {dagbag.py:537} INFO - Filling up the DagBag from /home/airflow/.local/lib/python3.7/site-packages/airflow/example_dags/example_time_delta_sensor_async.py
[2024-01-30T19:17:35.452+0000] {processor.py:766} INFO - DAG(s) dict_keys(['example_time_delta_sensor_async']) retrieved from /home/airflow/.local/lib/python3.7/site-packages/airflow/example_dags/example_time_delta_sensor_async.py
[2024-01-30T19:17:35.735+0000] {logging_mixin.py:120} INFO - [2024-01-30T19:17:35.735+0000] {dag.py:2585} INFO - Sync 1 DAGs
[2024-01-30T19:17:35.771+0000] {logging_mixin.py:120} INFO - [2024-01-30T19:17:35.771+0000] {dag.py:3340} INFO - Setting next_dagrun for example_time_delta_sensor_async to None, run_after=None
[2024-01-30T19:17:35.802+0000] {processor.py:176} INFO - Processing /home/airflow/.local/lib/python3.7/site-packages/airflow/example_dags/example_time_delta_sensor_async.py took 0.381 seconds
[2024-01-30T19:18:06.204+0000] {processor.py:154} INFO - Started process (PID=3557) to work on /home/airflow/.local/lib/python3.7/site-packages/airflow/example_dags/example_time_delta_sensor_async.py
[2024-01-30T19:18:06.205+0000] {processor.py:756} INFO - Processing file /home/airflow/.local/lib/python3.7/site-packages/airflow/example_dags/example_time_delta_sensor_async.py for tasks to queue
[2024-01-30T19:18:06.207+0000] {logging_mixin.py:120} INFO - [2024-01-30T19:18:06.206+0000] {dagbag.py:537} INFO - Filling up the DagBag from /home/airflow/.local/lib/python3.7/site-packages/airflow/example_dags/example_time_delta_sensor_async.py
[2024-01-30T19:18:06.228+0000] {processor.py:766} INFO - DAG(s) dict_keys(['example_time_delta_sensor_async']) retrieved from /home/airflow/.local/lib/python3.7/site-packages/airflow/example_dags/example_time_delta_sensor_async.py
[2024-01-30T19:18:06.471+0000] {logging_mixin.py:120} INFO - [2024-01-30T19:18:06.471+0000] {dag.py:2585} INFO - Sync 1 DAGs
[2024-01-30T19:18:06.501+0000] {logging_mixin.py:120} INFO - [2024-01-30T19:18:06.501+0000] {dag.py:3340} INFO - Setting next_dagrun for example_time_delta_sensor_async to None, run_after=None
[2024-01-30T19:18:06.525+0000] {processor.py:176} INFO - Processing /home/airflow/.local/lib/python3.7/site-packages/airflow/example_dags/example_time_delta_sensor_async.py took 0.327 seconds
[2024-01-30T19:18:36.910+0000] {processor.py:154} INFO - Started process (PID=3621) to work on /home/airflow/.local/lib/python3.7/site-packages/airflow/example_dags/example_time_delta_sensor_async.py
[2024-01-30T19:18:36.912+0000] {processor.py:756} INFO - Processing file /home/airflow/.local/lib/python3.7/site-packages/airflow/example_dags/example_time_delta_sensor_async.py for tasks to queue
[2024-01-30T19:18:36.913+0000] {logging_mixin.py:120} INFO - [2024-01-30T19:18:36.913+0000] {dagbag.py:537} INFO - Filling up the DagBag from /home/airflow/.local/lib/python3.7/site-packages/airflow/example_dags/example_time_delta_sensor_async.py
[2024-01-30T19:18:36.936+0000] {processor.py:766} INFO - DAG(s) dict_keys(['example_time_delta_sensor_async']) retrieved from /home/airflow/.local/lib/python3.7/site-packages/airflow/example_dags/example_time_delta_sensor_async.py
[2024-01-30T19:18:37.181+0000] {logging_mixin.py:120} INFO - [2024-01-30T19:18:37.181+0000] {dag.py:2585} INFO - Sync 1 DAGs
[2024-01-30T19:18:37.215+0000] {logging_mixin.py:120} INFO - [2024-01-30T19:18:37.215+0000] {dag.py:3340} INFO - Setting next_dagrun for example_time_delta_sensor_async to None, run_after=None
[2024-01-30T19:18:37.245+0000] {processor.py:176} INFO - Processing /home/airflow/.local/lib/python3.7/site-packages/airflow/example_dags/example_time_delta_sensor_async.py took 0.339 seconds
[2024-01-30T19:19:07.308+0000] {processor.py:154} INFO - Started process (PID=3676) to work on /home/airflow/.local/lib/python3.7/site-packages/airflow/example_dags/example_time_delta_sensor_async.py
[2024-01-30T19:19:07.309+0000] {processor.py:756} INFO - Processing file /home/airflow/.local/lib/python3.7/site-packages/airflow/example_dags/example_time_delta_sensor_async.py for tasks to queue
[2024-01-30T19:19:07.311+0000] {logging_mixin.py:120} INFO - [2024-01-30T19:19:07.311+0000] {dagbag.py:537} INFO - Filling up the DagBag from /home/airflow/.local/lib/python3.7/site-packages/airflow/example_dags/example_time_delta_sensor_async.py
[2024-01-30T19:19:07.330+0000] {processor.py:766} INFO - DAG(s) dict_keys(['example_time_delta_sensor_async']) retrieved from /home/airflow/.local/lib/python3.7/site-packages/airflow/example_dags/example_time_delta_sensor_async.py
[2024-01-30T19:19:07.550+0000] {logging_mixin.py:120} INFO - [2024-01-30T19:19:07.550+0000] {dag.py:2585} INFO - Sync 1 DAGs
[2024-01-30T19:19:07.578+0000] {logging_mixin.py:120} INFO - [2024-01-30T19:19:07.578+0000] {dag.py:3340} INFO - Setting next_dagrun for example_time_delta_sensor_async to None, run_after=None
[2024-01-30T19:19:07.602+0000] {processor.py:176} INFO - Processing /home/airflow/.local/lib/python3.7/site-packages/airflow/example_dags/example_time_delta_sensor_async.py took 0.300 seconds
[2024-01-30T19:19:37.632+0000] {processor.py:154} INFO - Started process (PID=3741) to work on /home/airflow/.local/lib/python3.7/site-packages/airflow/example_dags/example_time_delta_sensor_async.py
[2024-01-30T19:19:37.633+0000] {processor.py:756} INFO - Processing file /home/airflow/.local/lib/python3.7/site-packages/airflow/example_dags/example_time_delta_sensor_async.py for tasks to queue
[2024-01-30T19:19:37.634+0000] {logging_mixin.py:120} INFO - [2024-01-30T19:19:37.634+0000] {dagbag.py:537} INFO - Filling up the DagBag from /home/airflow/.local/lib/python3.7/site-packages/airflow/example_dags/example_time_delta_sensor_async.py
[2024-01-30T19:19:37.650+0000] {processor.py:766} INFO - DAG(s) dict_keys(['example_time_delta_sensor_async']) retrieved from /home/airflow/.local/lib/python3.7/site-packages/airflow/example_dags/example_time_delta_sensor_async.py
[2024-01-30T19:19:37.868+0000] {logging_mixin.py:120} INFO - [2024-01-30T19:19:37.868+0000] {dag.py:2585} INFO - Sync 1 DAGs
[2024-01-30T19:19:37.898+0000] {logging_mixin.py:120} INFO - [2024-01-30T19:19:37.898+0000] {dag.py:3340} INFO - Setting next_dagrun for example_time_delta_sensor_async to None, run_after=None
[2024-01-30T19:19:37.924+0000] {processor.py:176} INFO - Processing /home/airflow/.local/lib/python3.7/site-packages/airflow/example_dags/example_time_delta_sensor_async.py took 0.295 seconds
[2024-01-30T19:20:08.237+0000] {processor.py:154} INFO - Started process (PID=3806) to work on /home/airflow/.local/lib/python3.7/site-packages/airflow/example_dags/example_time_delta_sensor_async.py
[2024-01-30T19:20:08.241+0000] {processor.py:756} INFO - Processing file /home/airflow/.local/lib/python3.7/site-packages/airflow/example_dags/example_time_delta_sensor_async.py for tasks to queue
[2024-01-30T19:20:08.248+0000] {logging_mixin.py:120} INFO - [2024-01-30T19:20:08.248+0000] {dagbag.py:537} INFO - Filling up the DagBag from /home/airflow/.local/lib/python3.7/site-packages/airflow/example_dags/example_time_delta_sensor_async.py
[2024-01-30T19:20:08.277+0000] {processor.py:766} INFO - DAG(s) dict_keys(['example_time_delta_sensor_async']) retrieved from /home/airflow/.local/lib/python3.7/site-packages/airflow/example_dags/example_time_delta_sensor_async.py
[2024-01-30T19:20:08.661+0000] {logging_mixin.py:120} INFO - [2024-01-30T19:20:08.661+0000] {dag.py:2585} INFO - Sync 1 DAGs
[2024-01-30T19:20:08.705+0000] {logging_mixin.py:120} INFO - [2024-01-30T19:20:08.705+0000] {dag.py:3340} INFO - Setting next_dagrun for example_time_delta_sensor_async to None, run_after=None
[2024-01-30T19:20:08.737+0000] {processor.py:176} INFO - Processing /home/airflow/.local/lib/python3.7/site-packages/airflow/example_dags/example_time_delta_sensor_async.py took 0.505 seconds
[2024-01-30T19:20:38.816+0000] {processor.py:154} INFO - Started process (PID=3862) to work on /home/airflow/.local/lib/python3.7/site-packages/airflow/example_dags/example_time_delta_sensor_async.py
[2024-01-30T19:20:38.818+0000] {processor.py:756} INFO - Processing file /home/airflow/.local/lib/python3.7/site-packages/airflow/example_dags/example_time_delta_sensor_async.py for tasks to queue
[2024-01-30T19:20:38.819+0000] {logging_mixin.py:120} INFO - [2024-01-30T19:20:38.819+0000] {dagbag.py:537} INFO - Filling up the DagBag from /home/airflow/.local/lib/python3.7/site-packages/airflow/example_dags/example_time_delta_sensor_async.py
[2024-01-30T19:20:38.836+0000] {processor.py:766} INFO - DAG(s) dict_keys(['example_time_delta_sensor_async']) retrieved from /home/airflow/.local/lib/python3.7/site-packages/airflow/example_dags/example_time_delta_sensor_async.py
[2024-01-30T19:20:39.086+0000] {logging_mixin.py:120} INFO - [2024-01-30T19:20:39.086+0000] {dag.py:2585} INFO - Sync 1 DAGs
[2024-01-30T19:20:39.118+0000] {logging_mixin.py:120} INFO - [2024-01-30T19:20:39.117+0000] {dag.py:3340} INFO - Setting next_dagrun for example_time_delta_sensor_async to None, run_after=None
[2024-01-30T19:20:39.141+0000] {processor.py:176} INFO - Processing /home/airflow/.local/lib/python3.7/site-packages/airflow/example_dags/example_time_delta_sensor_async.py took 0.330 seconds
[2024-01-30T19:21:09.276+0000] {processor.py:154} INFO - Started process (PID=3928) to work on /home/airflow/.local/lib/python3.7/site-packages/airflow/example_dags/example_time_delta_sensor_async.py
[2024-01-30T19:21:09.278+0000] {processor.py:756} INFO - Processing file /home/airflow/.local/lib/python3.7/site-packages/airflow/example_dags/example_time_delta_sensor_async.py for tasks to queue
[2024-01-30T19:21:09.280+0000] {logging_mixin.py:120} INFO - [2024-01-30T19:21:09.279+0000] {dagbag.py:537} INFO - Filling up the DagBag from /home/airflow/.local/lib/python3.7/site-packages/airflow/example_dags/example_time_delta_sensor_async.py
[2024-01-30T19:21:09.300+0000] {processor.py:766} INFO - DAG(s) dict_keys(['example_time_delta_sensor_async']) retrieved from /home/airflow/.local/lib/python3.7/site-packages/airflow/example_dags/example_time_delta_sensor_async.py
[2024-01-30T19:21:09.537+0000] {logging_mixin.py:120} INFO - [2024-01-30T19:21:09.537+0000] {dag.py:2585} INFO - Sync 1 DAGs
[2024-01-30T19:21:09.566+0000] {logging_mixin.py:120} INFO - [2024-01-30T19:21:09.566+0000] {dag.py:3340} INFO - Setting next_dagrun for example_time_delta_sensor_async to None, run_after=None
[2024-01-30T19:21:09.589+0000] {processor.py:176} INFO - Processing /home/airflow/.local/lib/python3.7/site-packages/airflow/example_dags/example_time_delta_sensor_async.py took 0.323 seconds
[2024-01-30T19:21:40.279+0000] {processor.py:154} INFO - Started process (PID=3992) to work on /home/airflow/.local/lib/python3.7/site-packages/airflow/example_dags/example_time_delta_sensor_async.py
[2024-01-30T19:21:40.280+0000] {processor.py:756} INFO - Processing file /home/airflow/.local/lib/python3.7/site-packages/airflow/example_dags/example_time_delta_sensor_async.py for tasks to queue
[2024-01-30T19:21:40.281+0000] {logging_mixin.py:120} INFO - [2024-01-30T19:21:40.281+0000] {dagbag.py:537} INFO - Filling up the DagBag from /home/airflow/.local/lib/python3.7/site-packages/airflow/example_dags/example_time_delta_sensor_async.py
[2024-01-30T19:21:40.301+0000] {processor.py:766} INFO - DAG(s) dict_keys(['example_time_delta_sensor_async']) retrieved from /home/airflow/.local/lib/python3.7/site-packages/airflow/example_dags/example_time_delta_sensor_async.py
[2024-01-30T19:21:40.571+0000] {logging_mixin.py:120} INFO - [2024-01-30T19:21:40.571+0000] {dag.py:2585} INFO - Sync 1 DAGs
[2024-01-30T19:21:40.601+0000] {logging_mixin.py:120} INFO - [2024-01-30T19:21:40.601+0000] {dag.py:3340} INFO - Setting next_dagrun for example_time_delta_sensor_async to None, run_after=None
[2024-01-30T19:21:40.624+0000] {processor.py:176} INFO - Processing /home/airflow/.local/lib/python3.7/site-packages/airflow/example_dags/example_time_delta_sensor_async.py took 0.350 seconds
