[2024-01-30T18:48:56.743+0000] {processor.py:154} INFO - Started process (PID=60) to work on /home/airflow/.local/lib/python3.7/site-packages/airflow/example_dags/tutorial_taskflow_api.py
[2024-01-30T18:48:56.764+0000] {processor.py:756} INFO - Processing file /home/airflow/.local/lib/python3.7/site-packages/airflow/example_dags/tutorial_taskflow_api.py for tasks to queue
[2024-01-30T18:48:56.773+0000] {logging_mixin.py:120} INFO - [2024-01-30T18:48:56.772+0000] {dagbag.py:537} INFO - Filling up the DagBag from /home/airflow/.local/lib/python3.7/site-packages/airflow/example_dags/tutorial_taskflow_api.py
[2024-01-30T18:48:56.988+0000] {processor.py:766} INFO - DAG(s) dict_keys(['tutorial_taskflow_api']) retrieved from /home/airflow/.local/lib/python3.7/site-packages/airflow/example_dags/tutorial_taskflow_api.py
[2024-01-30T18:48:57.762+0000] {logging_mixin.py:120} INFO - [2024-01-30T18:48:57.762+0000] {dag.py:2585} INFO - Sync 1 DAGs
[2024-01-30T18:48:57.912+0000] {logging_mixin.py:120} INFO - [2024-01-30T18:48:57.912+0000] {dag.py:3340} INFO - Setting next_dagrun for tutorial_taskflow_api to None, run_after=None
[2024-01-30T18:48:58.049+0000] {processor.py:176} INFO - Processing /home/airflow/.local/lib/python3.7/site-packages/airflow/example_dags/tutorial_taskflow_api.py took 1.328 seconds
[2024-01-30T18:49:28.326+0000] {processor.py:154} INFO - Started process (PID=116) to work on /home/airflow/.local/lib/python3.7/site-packages/airflow/example_dags/tutorial_taskflow_api.py
[2024-01-30T18:49:28.328+0000] {processor.py:756} INFO - Processing file /home/airflow/.local/lib/python3.7/site-packages/airflow/example_dags/tutorial_taskflow_api.py for tasks to queue
[2024-01-30T18:49:28.330+0000] {logging_mixin.py:120} INFO - [2024-01-30T18:49:28.330+0000] {dagbag.py:537} INFO - Filling up the DagBag from /home/airflow/.local/lib/python3.7/site-packages/airflow/example_dags/tutorial_taskflow_api.py
[2024-01-30T18:49:28.366+0000] {processor.py:766} INFO - DAG(s) dict_keys(['tutorial_taskflow_api']) retrieved from /home/airflow/.local/lib/python3.7/site-packages/airflow/example_dags/tutorial_taskflow_api.py
[2024-01-30T18:49:28.442+0000] {logging_mixin.py:120} INFO - [2024-01-30T18:49:28.442+0000] {dag.py:2585} INFO - Sync 1 DAGs
[2024-01-30T18:49:28.491+0000] {logging_mixin.py:120} INFO - [2024-01-30T18:49:28.491+0000] {dag.py:3340} INFO - Setting next_dagrun for tutorial_taskflow_api to None, run_after=None
[2024-01-30T18:49:28.517+0000] {processor.py:176} INFO - Processing /home/airflow/.local/lib/python3.7/site-packages/airflow/example_dags/tutorial_taskflow_api.py took 0.198 seconds
[2024-01-30T18:49:59.212+0000] {processor.py:154} INFO - Started process (PID=172) to work on /home/airflow/.local/lib/python3.7/site-packages/airflow/example_dags/tutorial_taskflow_api.py
[2024-01-30T18:49:59.215+0000] {processor.py:756} INFO - Processing file /home/airflow/.local/lib/python3.7/site-packages/airflow/example_dags/tutorial_taskflow_api.py for tasks to queue
[2024-01-30T18:49:59.217+0000] {logging_mixin.py:120} INFO - [2024-01-30T18:49:59.216+0000] {dagbag.py:537} INFO - Filling up the DagBag from /home/airflow/.local/lib/python3.7/site-packages/airflow/example_dags/tutorial_taskflow_api.py
[2024-01-30T18:49:59.257+0000] {processor.py:766} INFO - DAG(s) dict_keys(['tutorial_taskflow_api']) retrieved from /home/airflow/.local/lib/python3.7/site-packages/airflow/example_dags/tutorial_taskflow_api.py
[2024-01-30T18:49:59.356+0000] {logging_mixin.py:120} INFO - [2024-01-30T18:49:59.356+0000] {dag.py:2585} INFO - Sync 1 DAGs
[2024-01-30T18:49:59.410+0000] {logging_mixin.py:120} INFO - [2024-01-30T18:49:59.410+0000] {dag.py:3340} INFO - Setting next_dagrun for tutorial_taskflow_api to None, run_after=None
[2024-01-30T18:49:59.446+0000] {processor.py:176} INFO - Processing /home/airflow/.local/lib/python3.7/site-packages/airflow/example_dags/tutorial_taskflow_api.py took 0.239 seconds
[2024-01-30T18:50:29.810+0000] {processor.py:154} INFO - Started process (PID=236) to work on /home/airflow/.local/lib/python3.7/site-packages/airflow/example_dags/tutorial_taskflow_api.py
[2024-01-30T18:50:29.813+0000] {processor.py:756} INFO - Processing file /home/airflow/.local/lib/python3.7/site-packages/airflow/example_dags/tutorial_taskflow_api.py for tasks to queue
[2024-01-30T18:50:29.816+0000] {logging_mixin.py:120} INFO - [2024-01-30T18:50:29.815+0000] {dagbag.py:537} INFO - Filling up the DagBag from /home/airflow/.local/lib/python3.7/site-packages/airflow/example_dags/tutorial_taskflow_api.py
[2024-01-30T18:50:29.855+0000] {processor.py:766} INFO - DAG(s) dict_keys(['tutorial_taskflow_api']) retrieved from /home/airflow/.local/lib/python3.7/site-packages/airflow/example_dags/tutorial_taskflow_api.py
[2024-01-30T18:50:29.924+0000] {logging_mixin.py:120} INFO - [2024-01-30T18:50:29.923+0000] {dag.py:2585} INFO - Sync 1 DAGs
[2024-01-30T18:50:29.965+0000] {logging_mixin.py:120} INFO - [2024-01-30T18:50:29.965+0000] {dag.py:3340} INFO - Setting next_dagrun for tutorial_taskflow_api to None, run_after=None
[2024-01-30T18:50:29.997+0000] {processor.py:176} INFO - Processing /home/airflow/.local/lib/python3.7/site-packages/airflow/example_dags/tutorial_taskflow_api.py took 0.193 seconds
[2024-01-30T18:51:00.750+0000] {processor.py:154} INFO - Started process (PID=299) to work on /home/airflow/.local/lib/python3.7/site-packages/airflow/example_dags/tutorial_taskflow_api.py
[2024-01-30T18:51:00.752+0000] {processor.py:756} INFO - Processing file /home/airflow/.local/lib/python3.7/site-packages/airflow/example_dags/tutorial_taskflow_api.py for tasks to queue
[2024-01-30T18:51:00.755+0000] {logging_mixin.py:120} INFO - [2024-01-30T18:51:00.754+0000] {dagbag.py:537} INFO - Filling up the DagBag from /home/airflow/.local/lib/python3.7/site-packages/airflow/example_dags/tutorial_taskflow_api.py
[2024-01-30T18:51:00.788+0000] {processor.py:766} INFO - DAG(s) dict_keys(['tutorial_taskflow_api']) retrieved from /home/airflow/.local/lib/python3.7/site-packages/airflow/example_dags/tutorial_taskflow_api.py
[2024-01-30T18:51:00.848+0000] {logging_mixin.py:120} INFO - [2024-01-30T18:51:00.848+0000] {dag.py:2585} INFO - Sync 1 DAGs
[2024-01-30T18:51:00.879+0000] {logging_mixin.py:120} INFO - [2024-01-30T18:51:00.878+0000] {dag.py:3340} INFO - Setting next_dagrun for tutorial_taskflow_api to None, run_after=None
[2024-01-30T18:51:00.907+0000] {processor.py:176} INFO - Processing /home/airflow/.local/lib/python3.7/site-packages/airflow/example_dags/tutorial_taskflow_api.py took 0.163 seconds
[2024-01-30T18:51:31.793+0000] {processor.py:154} INFO - Started process (PID=355) to work on /home/airflow/.local/lib/python3.7/site-packages/airflow/example_dags/tutorial_taskflow_api.py
[2024-01-30T18:51:31.801+0000] {processor.py:756} INFO - Processing file /home/airflow/.local/lib/python3.7/site-packages/airflow/example_dags/tutorial_taskflow_api.py for tasks to queue
[2024-01-30T18:51:31.803+0000] {logging_mixin.py:120} INFO - [2024-01-30T18:51:31.803+0000] {dagbag.py:537} INFO - Filling up the DagBag from /home/airflow/.local/lib/python3.7/site-packages/airflow/example_dags/tutorial_taskflow_api.py
[2024-01-30T18:51:31.835+0000] {processor.py:766} INFO - DAG(s) dict_keys(['tutorial_taskflow_api']) retrieved from /home/airflow/.local/lib/python3.7/site-packages/airflow/example_dags/tutorial_taskflow_api.py
[2024-01-30T18:51:31.894+0000] {logging_mixin.py:120} INFO - [2024-01-30T18:51:31.893+0000] {dag.py:2585} INFO - Sync 1 DAGs
[2024-01-30T18:51:32.011+0000] {logging_mixin.py:120} INFO - [2024-01-30T18:51:32.009+0000] {dag.py:3340} INFO - Setting next_dagrun for tutorial_taskflow_api to None, run_after=None
[2024-01-30T18:51:32.139+0000] {processor.py:176} INFO - Processing /home/airflow/.local/lib/python3.7/site-packages/airflow/example_dags/tutorial_taskflow_api.py took 0.350 seconds
[2024-01-30T18:52:02.272+0000] {processor.py:154} INFO - Started process (PID=420) to work on /home/airflow/.local/lib/python3.7/site-packages/airflow/example_dags/tutorial_taskflow_api.py
[2024-01-30T18:52:02.274+0000] {processor.py:756} INFO - Processing file /home/airflow/.local/lib/python3.7/site-packages/airflow/example_dags/tutorial_taskflow_api.py for tasks to queue
[2024-01-30T18:52:02.275+0000] {logging_mixin.py:120} INFO - [2024-01-30T18:52:02.275+0000] {dagbag.py:537} INFO - Filling up the DagBag from /home/airflow/.local/lib/python3.7/site-packages/airflow/example_dags/tutorial_taskflow_api.py
[2024-01-30T18:52:02.311+0000] {processor.py:766} INFO - DAG(s) dict_keys(['tutorial_taskflow_api']) retrieved from /home/airflow/.local/lib/python3.7/site-packages/airflow/example_dags/tutorial_taskflow_api.py
[2024-01-30T18:52:02.386+0000] {logging_mixin.py:120} INFO - [2024-01-30T18:52:02.385+0000] {dag.py:2585} INFO - Sync 1 DAGs
[2024-01-30T18:52:02.436+0000] {logging_mixin.py:120} INFO - [2024-01-30T18:52:02.435+0000] {dag.py:3340} INFO - Setting next_dagrun for tutorial_taskflow_api to None, run_after=None
[2024-01-30T18:52:02.473+0000] {processor.py:176} INFO - Processing /home/airflow/.local/lib/python3.7/site-packages/airflow/example_dags/tutorial_taskflow_api.py took 0.208 seconds
[2024-01-30T18:52:32.773+0000] {processor.py:154} INFO - Started process (PID=485) to work on /home/airflow/.local/lib/python3.7/site-packages/airflow/example_dags/tutorial_taskflow_api.py
[2024-01-30T18:52:32.775+0000] {processor.py:756} INFO - Processing file /home/airflow/.local/lib/python3.7/site-packages/airflow/example_dags/tutorial_taskflow_api.py for tasks to queue
[2024-01-30T18:52:32.776+0000] {logging_mixin.py:120} INFO - [2024-01-30T18:52:32.776+0000] {dagbag.py:537} INFO - Filling up the DagBag from /home/airflow/.local/lib/python3.7/site-packages/airflow/example_dags/tutorial_taskflow_api.py
[2024-01-30T18:52:32.803+0000] {processor.py:766} INFO - DAG(s) dict_keys(['tutorial_taskflow_api']) retrieved from /home/airflow/.local/lib/python3.7/site-packages/airflow/example_dags/tutorial_taskflow_api.py
[2024-01-30T18:52:32.855+0000] {logging_mixin.py:120} INFO - [2024-01-30T18:52:32.855+0000] {dag.py:2585} INFO - Sync 1 DAGs
[2024-01-30T18:52:32.887+0000] {logging_mixin.py:120} INFO - [2024-01-30T18:52:32.886+0000] {dag.py:3340} INFO - Setting next_dagrun for tutorial_taskflow_api to None, run_after=None
[2024-01-30T18:52:32.912+0000] {processor.py:176} INFO - Processing /home/airflow/.local/lib/python3.7/site-packages/airflow/example_dags/tutorial_taskflow_api.py took 0.143 seconds
[2024-01-30T18:53:02.994+0000] {processor.py:154} INFO - Started process (PID=540) to work on /home/airflow/.local/lib/python3.7/site-packages/airflow/example_dags/tutorial_taskflow_api.py
[2024-01-30T18:53:02.995+0000] {processor.py:756} INFO - Processing file /home/airflow/.local/lib/python3.7/site-packages/airflow/example_dags/tutorial_taskflow_api.py for tasks to queue
[2024-01-30T18:53:02.996+0000] {logging_mixin.py:120} INFO - [2024-01-30T18:53:02.996+0000] {dagbag.py:537} INFO - Filling up the DagBag from /home/airflow/.local/lib/python3.7/site-packages/airflow/example_dags/tutorial_taskflow_api.py
[2024-01-30T18:53:03.021+0000] {processor.py:766} INFO - DAG(s) dict_keys(['tutorial_taskflow_api']) retrieved from /home/airflow/.local/lib/python3.7/site-packages/airflow/example_dags/tutorial_taskflow_api.py
[2024-01-30T18:53:03.075+0000] {logging_mixin.py:120} INFO - [2024-01-30T18:53:03.074+0000] {dag.py:2585} INFO - Sync 1 DAGs
[2024-01-30T18:53:03.110+0000] {logging_mixin.py:120} INFO - [2024-01-30T18:53:03.110+0000] {dag.py:3340} INFO - Setting next_dagrun for tutorial_taskflow_api to None, run_after=None
[2024-01-30T18:53:03.140+0000] {processor.py:176} INFO - Processing /home/airflow/.local/lib/python3.7/site-packages/airflow/example_dags/tutorial_taskflow_api.py took 0.150 seconds
[2024-01-30T18:53:33.430+0000] {processor.py:154} INFO - Started process (PID=614) to work on /home/airflow/.local/lib/python3.7/site-packages/airflow/example_dags/tutorial_taskflow_api.py
[2024-01-30T18:53:33.432+0000] {processor.py:756} INFO - Processing file /home/airflow/.local/lib/python3.7/site-packages/airflow/example_dags/tutorial_taskflow_api.py for tasks to queue
[2024-01-30T18:53:33.438+0000] {logging_mixin.py:120} INFO - [2024-01-30T18:53:33.437+0000] {dagbag.py:537} INFO - Filling up the DagBag from /home/airflow/.local/lib/python3.7/site-packages/airflow/example_dags/tutorial_taskflow_api.py
[2024-01-30T18:53:33.508+0000] {processor.py:766} INFO - DAG(s) dict_keys(['tutorial_taskflow_api']) retrieved from /home/airflow/.local/lib/python3.7/site-packages/airflow/example_dags/tutorial_taskflow_api.py
[2024-01-30T18:53:33.638+0000] {logging_mixin.py:120} INFO - [2024-01-30T18:53:33.637+0000] {dag.py:2585} INFO - Sync 1 DAGs
[2024-01-30T18:53:33.687+0000] {logging_mixin.py:120} INFO - [2024-01-30T18:53:33.687+0000] {dag.py:3340} INFO - Setting next_dagrun for tutorial_taskflow_api to None, run_after=None
[2024-01-30T18:53:33.772+0000] {processor.py:176} INFO - Processing /home/airflow/.local/lib/python3.7/site-packages/airflow/example_dags/tutorial_taskflow_api.py took 0.348 seconds
[2024-01-30T18:54:03.944+0000] {processor.py:154} INFO - Started process (PID=677) to work on /home/airflow/.local/lib/python3.7/site-packages/airflow/example_dags/tutorial_taskflow_api.py
[2024-01-30T18:54:03.946+0000] {processor.py:756} INFO - Processing file /home/airflow/.local/lib/python3.7/site-packages/airflow/example_dags/tutorial_taskflow_api.py for tasks to queue
[2024-01-30T18:54:03.948+0000] {logging_mixin.py:120} INFO - [2024-01-30T18:54:03.948+0000] {dagbag.py:537} INFO - Filling up the DagBag from /home/airflow/.local/lib/python3.7/site-packages/airflow/example_dags/tutorial_taskflow_api.py
[2024-01-30T18:54:04.019+0000] {processor.py:766} INFO - DAG(s) dict_keys(['tutorial_taskflow_api']) retrieved from /home/airflow/.local/lib/python3.7/site-packages/airflow/example_dags/tutorial_taskflow_api.py
[2024-01-30T18:54:04.077+0000] {logging_mixin.py:120} INFO - [2024-01-30T18:54:04.076+0000] {dag.py:2585} INFO - Sync 1 DAGs
[2024-01-30T18:54:04.110+0000] {logging_mixin.py:120} INFO - [2024-01-30T18:54:04.110+0000] {dag.py:3340} INFO - Setting next_dagrun for tutorial_taskflow_api to None, run_after=None
[2024-01-30T18:54:04.137+0000] {processor.py:176} INFO - Processing /home/airflow/.local/lib/python3.7/site-packages/airflow/example_dags/tutorial_taskflow_api.py took 0.202 seconds
[2024-01-30T18:54:34.813+0000] {processor.py:154} INFO - Started process (PID=733) to work on /home/airflow/.local/lib/python3.7/site-packages/airflow/example_dags/tutorial_taskflow_api.py
[2024-01-30T18:54:34.815+0000] {processor.py:756} INFO - Processing file /home/airflow/.local/lib/python3.7/site-packages/airflow/example_dags/tutorial_taskflow_api.py for tasks to queue
[2024-01-30T18:54:34.816+0000] {logging_mixin.py:120} INFO - [2024-01-30T18:54:34.816+0000] {dagbag.py:537} INFO - Filling up the DagBag from /home/airflow/.local/lib/python3.7/site-packages/airflow/example_dags/tutorial_taskflow_api.py
[2024-01-30T18:54:34.862+0000] {processor.py:766} INFO - DAG(s) dict_keys(['tutorial_taskflow_api']) retrieved from /home/airflow/.local/lib/python3.7/site-packages/airflow/example_dags/tutorial_taskflow_api.py
[2024-01-30T18:54:34.980+0000] {logging_mixin.py:120} INFO - [2024-01-30T18:54:34.980+0000] {dag.py:2585} INFO - Sync 1 DAGs
[2024-01-30T18:54:35.034+0000] {logging_mixin.py:120} INFO - [2024-01-30T18:54:35.034+0000] {dag.py:3340} INFO - Setting next_dagrun for tutorial_taskflow_api to None, run_after=None
[2024-01-30T18:54:35.067+0000] {processor.py:176} INFO - Processing /home/airflow/.local/lib/python3.7/site-packages/airflow/example_dags/tutorial_taskflow_api.py took 0.260 seconds
[2024-01-30T18:55:05.122+0000] {processor.py:154} INFO - Started process (PID=796) to work on /home/airflow/.local/lib/python3.7/site-packages/airflow/example_dags/tutorial_taskflow_api.py
[2024-01-30T18:55:05.126+0000] {processor.py:756} INFO - Processing file /home/airflow/.local/lib/python3.7/site-packages/airflow/example_dags/tutorial_taskflow_api.py for tasks to queue
[2024-01-30T18:55:05.131+0000] {logging_mixin.py:120} INFO - [2024-01-30T18:55:05.130+0000] {dagbag.py:537} INFO - Filling up the DagBag from /home/airflow/.local/lib/python3.7/site-packages/airflow/example_dags/tutorial_taskflow_api.py
[2024-01-30T18:55:05.172+0000] {processor.py:766} INFO - DAG(s) dict_keys(['tutorial_taskflow_api']) retrieved from /home/airflow/.local/lib/python3.7/site-packages/airflow/example_dags/tutorial_taskflow_api.py
[2024-01-30T18:55:05.243+0000] {logging_mixin.py:120} INFO - [2024-01-30T18:55:05.243+0000] {dag.py:2585} INFO - Sync 1 DAGs
[2024-01-30T18:55:05.284+0000] {logging_mixin.py:120} INFO - [2024-01-30T18:55:05.284+0000] {dag.py:3340} INFO - Setting next_dagrun for tutorial_taskflow_api to None, run_after=None
[2024-01-30T18:55:05.317+0000] {processor.py:176} INFO - Processing /home/airflow/.local/lib/python3.7/site-packages/airflow/example_dags/tutorial_taskflow_api.py took 0.203 seconds
[2024-01-30T18:55:35.849+0000] {processor.py:154} INFO - Started process (PID=851) to work on /home/airflow/.local/lib/python3.7/site-packages/airflow/example_dags/tutorial_taskflow_api.py
[2024-01-30T18:55:35.850+0000] {processor.py:756} INFO - Processing file /home/airflow/.local/lib/python3.7/site-packages/airflow/example_dags/tutorial_taskflow_api.py for tasks to queue
[2024-01-30T18:55:35.852+0000] {logging_mixin.py:120} INFO - [2024-01-30T18:55:35.852+0000] {dagbag.py:537} INFO - Filling up the DagBag from /home/airflow/.local/lib/python3.7/site-packages/airflow/example_dags/tutorial_taskflow_api.py
[2024-01-30T18:55:35.885+0000] {processor.py:766} INFO - DAG(s) dict_keys(['tutorial_taskflow_api']) retrieved from /home/airflow/.local/lib/python3.7/site-packages/airflow/example_dags/tutorial_taskflow_api.py
[2024-01-30T18:55:35.966+0000] {logging_mixin.py:120} INFO - [2024-01-30T18:55:35.966+0000] {dag.py:2585} INFO - Sync 1 DAGs
[2024-01-30T18:55:36.020+0000] {logging_mixin.py:120} INFO - [2024-01-30T18:55:36.019+0000] {dag.py:3340} INFO - Setting next_dagrun for tutorial_taskflow_api to None, run_after=None
[2024-01-30T18:55:36.053+0000] {processor.py:176} INFO - Processing /home/airflow/.local/lib/python3.7/site-packages/airflow/example_dags/tutorial_taskflow_api.py took 0.209 seconds
[2024-01-30T18:56:06.347+0000] {processor.py:154} INFO - Started process (PID=914) to work on /home/airflow/.local/lib/python3.7/site-packages/airflow/example_dags/tutorial_taskflow_api.py
[2024-01-30T18:56:06.348+0000] {processor.py:756} INFO - Processing file /home/airflow/.local/lib/python3.7/site-packages/airflow/example_dags/tutorial_taskflow_api.py for tasks to queue
[2024-01-30T18:56:06.350+0000] {logging_mixin.py:120} INFO - [2024-01-30T18:56:06.349+0000] {dagbag.py:537} INFO - Filling up the DagBag from /home/airflow/.local/lib/python3.7/site-packages/airflow/example_dags/tutorial_taskflow_api.py
[2024-01-30T18:56:06.382+0000] {processor.py:766} INFO - DAG(s) dict_keys(['tutorial_taskflow_api']) retrieved from /home/airflow/.local/lib/python3.7/site-packages/airflow/example_dags/tutorial_taskflow_api.py
[2024-01-30T18:56:06.452+0000] {logging_mixin.py:120} INFO - [2024-01-30T18:56:06.452+0000] {dag.py:2585} INFO - Sync 1 DAGs
[2024-01-30T18:56:06.492+0000] {logging_mixin.py:120} INFO - [2024-01-30T18:56:06.491+0000] {dag.py:3340} INFO - Setting next_dagrun for tutorial_taskflow_api to None, run_after=None
[2024-01-30T18:56:06.524+0000] {processor.py:176} INFO - Processing /home/airflow/.local/lib/python3.7/site-packages/airflow/example_dags/tutorial_taskflow_api.py took 0.183 seconds
[2024-01-30T18:56:36.684+0000] {processor.py:154} INFO - Started process (PID=978) to work on /home/airflow/.local/lib/python3.7/site-packages/airflow/example_dags/tutorial_taskflow_api.py
[2024-01-30T18:56:36.686+0000] {processor.py:756} INFO - Processing file /home/airflow/.local/lib/python3.7/site-packages/airflow/example_dags/tutorial_taskflow_api.py for tasks to queue
[2024-01-30T18:56:36.688+0000] {logging_mixin.py:120} INFO - [2024-01-30T18:56:36.688+0000] {dagbag.py:537} INFO - Filling up the DagBag from /home/airflow/.local/lib/python3.7/site-packages/airflow/example_dags/tutorial_taskflow_api.py
[2024-01-30T18:56:36.784+0000] {processor.py:766} INFO - DAG(s) dict_keys(['tutorial_taskflow_api']) retrieved from /home/airflow/.local/lib/python3.7/site-packages/airflow/example_dags/tutorial_taskflow_api.py
[2024-01-30T18:56:36.995+0000] {logging_mixin.py:120} INFO - [2024-01-30T18:56:36.995+0000] {dag.py:2585} INFO - Sync 1 DAGs
[2024-01-30T18:56:37.054+0000] {logging_mixin.py:120} INFO - [2024-01-30T18:56:37.054+0000] {dag.py:3340} INFO - Setting next_dagrun for tutorial_taskflow_api to None, run_after=None
[2024-01-30T18:56:37.096+0000] {processor.py:176} INFO - Processing /home/airflow/.local/lib/python3.7/site-packages/airflow/example_dags/tutorial_taskflow_api.py took 0.421 seconds
[2024-01-30T18:57:07.359+0000] {processor.py:154} INFO - Started process (PID=1033) to work on /home/airflow/.local/lib/python3.7/site-packages/airflow/example_dags/tutorial_taskflow_api.py
[2024-01-30T18:57:07.361+0000] {processor.py:756} INFO - Processing file /home/airflow/.local/lib/python3.7/site-packages/airflow/example_dags/tutorial_taskflow_api.py for tasks to queue
[2024-01-30T18:57:07.364+0000] {logging_mixin.py:120} INFO - [2024-01-30T18:57:07.363+0000] {dagbag.py:537} INFO - Filling up the DagBag from /home/airflow/.local/lib/python3.7/site-packages/airflow/example_dags/tutorial_taskflow_api.py
[2024-01-30T18:57:07.409+0000] {processor.py:766} INFO - DAG(s) dict_keys(['tutorial_taskflow_api']) retrieved from /home/airflow/.local/lib/python3.7/site-packages/airflow/example_dags/tutorial_taskflow_api.py
[2024-01-30T18:57:07.517+0000] {logging_mixin.py:120} INFO - [2024-01-30T18:57:07.516+0000] {dag.py:2585} INFO - Sync 1 DAGs
[2024-01-30T18:57:07.570+0000] {logging_mixin.py:120} INFO - [2024-01-30T18:57:07.570+0000] {dag.py:3340} INFO - Setting next_dagrun for tutorial_taskflow_api to None, run_after=None
[2024-01-30T18:57:07.620+0000] {processor.py:176} INFO - Processing /home/airflow/.local/lib/python3.7/site-packages/airflow/example_dags/tutorial_taskflow_api.py took 0.267 seconds
[2024-01-30T18:57:37.781+0000] {processor.py:154} INFO - Started process (PID=1097) to work on /home/airflow/.local/lib/python3.7/site-packages/airflow/example_dags/tutorial_taskflow_api.py
[2024-01-30T18:57:37.784+0000] {processor.py:756} INFO - Processing file /home/airflow/.local/lib/python3.7/site-packages/airflow/example_dags/tutorial_taskflow_api.py for tasks to queue
[2024-01-30T18:57:37.786+0000] {logging_mixin.py:120} INFO - [2024-01-30T18:57:37.786+0000] {dagbag.py:537} INFO - Filling up the DagBag from /home/airflow/.local/lib/python3.7/site-packages/airflow/example_dags/tutorial_taskflow_api.py
[2024-01-30T18:57:37.823+0000] {processor.py:766} INFO - DAG(s) dict_keys(['tutorial_taskflow_api']) retrieved from /home/airflow/.local/lib/python3.7/site-packages/airflow/example_dags/tutorial_taskflow_api.py
[2024-01-30T18:57:37.913+0000] {logging_mixin.py:120} INFO - [2024-01-30T18:57:37.913+0000] {dag.py:2585} INFO - Sync 1 DAGs
[2024-01-30T18:57:37.955+0000] {logging_mixin.py:120} INFO - [2024-01-30T18:57:37.955+0000] {dag.py:3340} INFO - Setting next_dagrun for tutorial_taskflow_api to None, run_after=None
[2024-01-30T18:57:37.987+0000] {processor.py:176} INFO - Processing /home/airflow/.local/lib/python3.7/site-packages/airflow/example_dags/tutorial_taskflow_api.py took 0.211 seconds
[2024-01-30T18:58:08.245+0000] {processor.py:154} INFO - Started process (PID=1159) to work on /home/airflow/.local/lib/python3.7/site-packages/airflow/example_dags/tutorial_taskflow_api.py
[2024-01-30T18:58:08.247+0000] {processor.py:756} INFO - Processing file /home/airflow/.local/lib/python3.7/site-packages/airflow/example_dags/tutorial_taskflow_api.py for tasks to queue
[2024-01-30T18:58:08.248+0000] {logging_mixin.py:120} INFO - [2024-01-30T18:58:08.248+0000] {dagbag.py:537} INFO - Filling up the DagBag from /home/airflow/.local/lib/python3.7/site-packages/airflow/example_dags/tutorial_taskflow_api.py
[2024-01-30T18:58:08.279+0000] {processor.py:766} INFO - DAG(s) dict_keys(['tutorial_taskflow_api']) retrieved from /home/airflow/.local/lib/python3.7/site-packages/airflow/example_dags/tutorial_taskflow_api.py
[2024-01-30T18:58:08.334+0000] {logging_mixin.py:120} INFO - [2024-01-30T18:58:08.334+0000] {dag.py:2585} INFO - Sync 1 DAGs
[2024-01-30T18:58:08.369+0000] {logging_mixin.py:120} INFO - [2024-01-30T18:58:08.369+0000] {dag.py:3340} INFO - Setting next_dagrun for tutorial_taskflow_api to None, run_after=None
[2024-01-30T18:58:08.395+0000] {processor.py:176} INFO - Processing /home/airflow/.local/lib/python3.7/site-packages/airflow/example_dags/tutorial_taskflow_api.py took 0.156 seconds
[2024-01-30T18:58:38.813+0000] {processor.py:154} INFO - Started process (PID=1216) to work on /home/airflow/.local/lib/python3.7/site-packages/airflow/example_dags/tutorial_taskflow_api.py
[2024-01-30T18:58:38.815+0000] {processor.py:756} INFO - Processing file /home/airflow/.local/lib/python3.7/site-packages/airflow/example_dags/tutorial_taskflow_api.py for tasks to queue
[2024-01-30T18:58:38.816+0000] {logging_mixin.py:120} INFO - [2024-01-30T18:58:38.816+0000] {dagbag.py:537} INFO - Filling up the DagBag from /home/airflow/.local/lib/python3.7/site-packages/airflow/example_dags/tutorial_taskflow_api.py
[2024-01-30T18:58:38.854+0000] {processor.py:766} INFO - DAG(s) dict_keys(['tutorial_taskflow_api']) retrieved from /home/airflow/.local/lib/python3.7/site-packages/airflow/example_dags/tutorial_taskflow_api.py
[2024-01-30T18:58:38.948+0000] {logging_mixin.py:120} INFO - [2024-01-30T18:58:38.948+0000] {dag.py:2585} INFO - Sync 1 DAGs
[2024-01-30T18:58:39.003+0000] {logging_mixin.py:120} INFO - [2024-01-30T18:58:39.002+0000] {dag.py:3340} INFO - Setting next_dagrun for tutorial_taskflow_api to None, run_after=None
[2024-01-30T18:58:39.047+0000] {processor.py:176} INFO - Processing /home/airflow/.local/lib/python3.7/site-packages/airflow/example_dags/tutorial_taskflow_api.py took 0.238 seconds
[2024-01-30T18:59:09.569+0000] {processor.py:154} INFO - Started process (PID=1279) to work on /home/airflow/.local/lib/python3.7/site-packages/airflow/example_dags/tutorial_taskflow_api.py
[2024-01-30T18:59:09.571+0000] {processor.py:756} INFO - Processing file /home/airflow/.local/lib/python3.7/site-packages/airflow/example_dags/tutorial_taskflow_api.py for tasks to queue
[2024-01-30T18:59:09.573+0000] {logging_mixin.py:120} INFO - [2024-01-30T18:59:09.572+0000] {dagbag.py:537} INFO - Filling up the DagBag from /home/airflow/.local/lib/python3.7/site-packages/airflow/example_dags/tutorial_taskflow_api.py
[2024-01-30T18:59:09.609+0000] {processor.py:766} INFO - DAG(s) dict_keys(['tutorial_taskflow_api']) retrieved from /home/airflow/.local/lib/python3.7/site-packages/airflow/example_dags/tutorial_taskflow_api.py
[2024-01-30T18:59:09.674+0000] {logging_mixin.py:120} INFO - [2024-01-30T18:59:09.674+0000] {dag.py:2585} INFO - Sync 1 DAGs
[2024-01-30T18:59:09.711+0000] {logging_mixin.py:120} INFO - [2024-01-30T18:59:09.710+0000] {dag.py:3340} INFO - Setting next_dagrun for tutorial_taskflow_api to None, run_after=None
[2024-01-30T18:59:09.747+0000] {processor.py:176} INFO - Processing /home/airflow/.local/lib/python3.7/site-packages/airflow/example_dags/tutorial_taskflow_api.py took 0.184 seconds
[2024-01-30T18:59:40.195+0000] {processor.py:154} INFO - Started process (PID=1335) to work on /home/airflow/.local/lib/python3.7/site-packages/airflow/example_dags/tutorial_taskflow_api.py
[2024-01-30T18:59:40.197+0000] {processor.py:756} INFO - Processing file /home/airflow/.local/lib/python3.7/site-packages/airflow/example_dags/tutorial_taskflow_api.py for tasks to queue
[2024-01-30T18:59:40.198+0000] {logging_mixin.py:120} INFO - [2024-01-30T18:59:40.198+0000] {dagbag.py:537} INFO - Filling up the DagBag from /home/airflow/.local/lib/python3.7/site-packages/airflow/example_dags/tutorial_taskflow_api.py
[2024-01-30T18:59:40.252+0000] {processor.py:766} INFO - DAG(s) dict_keys(['tutorial_taskflow_api']) retrieved from /home/airflow/.local/lib/python3.7/site-packages/airflow/example_dags/tutorial_taskflow_api.py
[2024-01-30T18:59:40.345+0000] {logging_mixin.py:120} INFO - [2024-01-30T18:59:40.345+0000] {dag.py:2585} INFO - Sync 1 DAGs
[2024-01-30T18:59:40.388+0000] {logging_mixin.py:120} INFO - [2024-01-30T18:59:40.387+0000] {dag.py:3340} INFO - Setting next_dagrun for tutorial_taskflow_api to None, run_after=None
[2024-01-30T18:59:40.421+0000] {processor.py:176} INFO - Processing /home/airflow/.local/lib/python3.7/site-packages/airflow/example_dags/tutorial_taskflow_api.py took 0.234 seconds
[2024-01-30T19:00:10.469+0000] {processor.py:154} INFO - Started process (PID=1399) to work on /home/airflow/.local/lib/python3.7/site-packages/airflow/example_dags/tutorial_taskflow_api.py
[2024-01-30T19:00:10.471+0000] {processor.py:756} INFO - Processing file /home/airflow/.local/lib/python3.7/site-packages/airflow/example_dags/tutorial_taskflow_api.py for tasks to queue
[2024-01-30T19:00:10.474+0000] {logging_mixin.py:120} INFO - [2024-01-30T19:00:10.474+0000] {dagbag.py:537} INFO - Filling up the DagBag from /home/airflow/.local/lib/python3.7/site-packages/airflow/example_dags/tutorial_taskflow_api.py
[2024-01-30T19:00:10.518+0000] {processor.py:766} INFO - DAG(s) dict_keys(['tutorial_taskflow_api']) retrieved from /home/airflow/.local/lib/python3.7/site-packages/airflow/example_dags/tutorial_taskflow_api.py
[2024-01-30T19:00:10.593+0000] {logging_mixin.py:120} INFO - [2024-01-30T19:00:10.593+0000] {dag.py:2585} INFO - Sync 1 DAGs
[2024-01-30T19:00:10.639+0000] {logging_mixin.py:120} INFO - [2024-01-30T19:00:10.639+0000] {dag.py:3340} INFO - Setting next_dagrun for tutorial_taskflow_api to None, run_after=None
[2024-01-30T19:00:10.676+0000] {processor.py:176} INFO - Processing /home/airflow/.local/lib/python3.7/site-packages/airflow/example_dags/tutorial_taskflow_api.py took 0.214 seconds
[2024-01-30T19:00:41.169+0000] {processor.py:154} INFO - Started process (PID=1454) to work on /home/airflow/.local/lib/python3.7/site-packages/airflow/example_dags/tutorial_taskflow_api.py
[2024-01-30T19:00:41.171+0000] {processor.py:756} INFO - Processing file /home/airflow/.local/lib/python3.7/site-packages/airflow/example_dags/tutorial_taskflow_api.py for tasks to queue
[2024-01-30T19:00:41.174+0000] {logging_mixin.py:120} INFO - [2024-01-30T19:00:41.173+0000] {dagbag.py:537} INFO - Filling up the DagBag from /home/airflow/.local/lib/python3.7/site-packages/airflow/example_dags/tutorial_taskflow_api.py
[2024-01-30T19:00:41.214+0000] {processor.py:766} INFO - DAG(s) dict_keys(['tutorial_taskflow_api']) retrieved from /home/airflow/.local/lib/python3.7/site-packages/airflow/example_dags/tutorial_taskflow_api.py
[2024-01-30T19:00:41.291+0000] {logging_mixin.py:120} INFO - [2024-01-30T19:00:41.291+0000] {dag.py:2585} INFO - Sync 1 DAGs
[2024-01-30T19:00:41.335+0000] {logging_mixin.py:120} INFO - [2024-01-30T19:00:41.334+0000] {dag.py:3340} INFO - Setting next_dagrun for tutorial_taskflow_api to None, run_after=None
[2024-01-30T19:00:41.372+0000] {processor.py:176} INFO - Processing /home/airflow/.local/lib/python3.7/site-packages/airflow/example_dags/tutorial_taskflow_api.py took 0.209 seconds
[2024-01-30T19:01:11.773+0000] {processor.py:154} INFO - Started process (PID=1519) to work on /home/airflow/.local/lib/python3.7/site-packages/airflow/example_dags/tutorial_taskflow_api.py
[2024-01-30T19:01:11.777+0000] {processor.py:756} INFO - Processing file /home/airflow/.local/lib/python3.7/site-packages/airflow/example_dags/tutorial_taskflow_api.py for tasks to queue
[2024-01-30T19:01:11.779+0000] {logging_mixin.py:120} INFO - [2024-01-30T19:01:11.779+0000] {dagbag.py:537} INFO - Filling up the DagBag from /home/airflow/.local/lib/python3.7/site-packages/airflow/example_dags/tutorial_taskflow_api.py
[2024-01-30T19:01:11.815+0000] {processor.py:766} INFO - DAG(s) dict_keys(['tutorial_taskflow_api']) retrieved from /home/airflow/.local/lib/python3.7/site-packages/airflow/example_dags/tutorial_taskflow_api.py
[2024-01-30T19:01:11.893+0000] {logging_mixin.py:120} INFO - [2024-01-30T19:01:11.892+0000] {dag.py:2585} INFO - Sync 1 DAGs
[2024-01-30T19:01:11.947+0000] {logging_mixin.py:120} INFO - [2024-01-30T19:01:11.947+0000] {dag.py:3340} INFO - Setting next_dagrun for tutorial_taskflow_api to None, run_after=None
[2024-01-30T19:01:11.991+0000] {processor.py:176} INFO - Processing /home/airflow/.local/lib/python3.7/site-packages/airflow/example_dags/tutorial_taskflow_api.py took 0.224 seconds
[2024-01-30T19:01:42.353+0000] {processor.py:154} INFO - Started process (PID=1584) to work on /home/airflow/.local/lib/python3.7/site-packages/airflow/example_dags/tutorial_taskflow_api.py
[2024-01-30T19:01:42.360+0000] {processor.py:756} INFO - Processing file /home/airflow/.local/lib/python3.7/site-packages/airflow/example_dags/tutorial_taskflow_api.py for tasks to queue
[2024-01-30T19:01:42.363+0000] {logging_mixin.py:120} INFO - [2024-01-30T19:01:42.363+0000] {dagbag.py:537} INFO - Filling up the DagBag from /home/airflow/.local/lib/python3.7/site-packages/airflow/example_dags/tutorial_taskflow_api.py
[2024-01-30T19:01:42.422+0000] {processor.py:766} INFO - DAG(s) dict_keys(['tutorial_taskflow_api']) retrieved from /home/airflow/.local/lib/python3.7/site-packages/airflow/example_dags/tutorial_taskflow_api.py
[2024-01-30T19:01:42.515+0000] {logging_mixin.py:120} INFO - [2024-01-30T19:01:42.515+0000] {dag.py:2585} INFO - Sync 1 DAGs
[2024-01-30T19:01:42.571+0000] {logging_mixin.py:120} INFO - [2024-01-30T19:01:42.571+0000] {dag.py:3340} INFO - Setting next_dagrun for tutorial_taskflow_api to None, run_after=None
[2024-01-30T19:01:42.624+0000] {processor.py:176} INFO - Processing /home/airflow/.local/lib/python3.7/site-packages/airflow/example_dags/tutorial_taskflow_api.py took 0.280 seconds
[2024-01-30T19:02:13.134+0000] {processor.py:154} INFO - Started process (PID=1639) to work on /home/airflow/.local/lib/python3.7/site-packages/airflow/example_dags/tutorial_taskflow_api.py
[2024-01-30T19:02:13.138+0000] {processor.py:756} INFO - Processing file /home/airflow/.local/lib/python3.7/site-packages/airflow/example_dags/tutorial_taskflow_api.py for tasks to queue
[2024-01-30T19:02:13.140+0000] {logging_mixin.py:120} INFO - [2024-01-30T19:02:13.139+0000] {dagbag.py:537} INFO - Filling up the DagBag from /home/airflow/.local/lib/python3.7/site-packages/airflow/example_dags/tutorial_taskflow_api.py
[2024-01-30T19:02:13.209+0000] {processor.py:766} INFO - DAG(s) dict_keys(['tutorial_taskflow_api']) retrieved from /home/airflow/.local/lib/python3.7/site-packages/airflow/example_dags/tutorial_taskflow_api.py
[2024-01-30T19:02:13.303+0000] {logging_mixin.py:120} INFO - [2024-01-30T19:02:13.303+0000] {dag.py:2585} INFO - Sync 1 DAGs
[2024-01-30T19:02:13.357+0000] {logging_mixin.py:120} INFO - [2024-01-30T19:02:13.357+0000] {dag.py:3340} INFO - Setting next_dagrun for tutorial_taskflow_api to None, run_after=None
[2024-01-30T19:02:13.402+0000] {processor.py:176} INFO - Processing /home/airflow/.local/lib/python3.7/site-packages/airflow/example_dags/tutorial_taskflow_api.py took 0.274 seconds
[2024-01-30T19:02:43.458+0000] {processor.py:154} INFO - Started process (PID=1704) to work on /home/airflow/.local/lib/python3.7/site-packages/airflow/example_dags/tutorial_taskflow_api.py
[2024-01-30T19:02:43.460+0000] {processor.py:756} INFO - Processing file /home/airflow/.local/lib/python3.7/site-packages/airflow/example_dags/tutorial_taskflow_api.py for tasks to queue
[2024-01-30T19:02:43.462+0000] {logging_mixin.py:120} INFO - [2024-01-30T19:02:43.461+0000] {dagbag.py:537} INFO - Filling up the DagBag from /home/airflow/.local/lib/python3.7/site-packages/airflow/example_dags/tutorial_taskflow_api.py
[2024-01-30T19:02:43.510+0000] {processor.py:766} INFO - DAG(s) dict_keys(['tutorial_taskflow_api']) retrieved from /home/airflow/.local/lib/python3.7/site-packages/airflow/example_dags/tutorial_taskflow_api.py
[2024-01-30T19:02:43.698+0000] {logging_mixin.py:120} INFO - [2024-01-30T19:02:43.697+0000] {dag.py:2585} INFO - Sync 1 DAGs
[2024-01-30T19:02:43.782+0000] {logging_mixin.py:120} INFO - [2024-01-30T19:02:43.782+0000] {dag.py:3340} INFO - Setting next_dagrun for tutorial_taskflow_api to None, run_after=None
[2024-01-30T19:02:43.833+0000] {processor.py:176} INFO - Processing /home/airflow/.local/lib/python3.7/site-packages/airflow/example_dags/tutorial_taskflow_api.py took 0.383 seconds
[2024-01-30T19:03:14.460+0000] {processor.py:154} INFO - Started process (PID=1768) to work on /home/airflow/.local/lib/python3.7/site-packages/airflow/example_dags/tutorial_taskflow_api.py
[2024-01-30T19:03:14.463+0000] {processor.py:756} INFO - Processing file /home/airflow/.local/lib/python3.7/site-packages/airflow/example_dags/tutorial_taskflow_api.py for tasks to queue
[2024-01-30T19:03:14.464+0000] {logging_mixin.py:120} INFO - [2024-01-30T19:03:14.464+0000] {dagbag.py:537} INFO - Filling up the DagBag from /home/airflow/.local/lib/python3.7/site-packages/airflow/example_dags/tutorial_taskflow_api.py
[2024-01-30T19:03:14.509+0000] {processor.py:766} INFO - DAG(s) dict_keys(['tutorial_taskflow_api']) retrieved from /home/airflow/.local/lib/python3.7/site-packages/airflow/example_dags/tutorial_taskflow_api.py
[2024-01-30T19:03:14.580+0000] {logging_mixin.py:120} INFO - [2024-01-30T19:03:14.580+0000] {dag.py:2585} INFO - Sync 1 DAGs
[2024-01-30T19:03:14.628+0000] {logging_mixin.py:120} INFO - [2024-01-30T19:03:14.628+0000] {dag.py:3340} INFO - Setting next_dagrun for tutorial_taskflow_api to None, run_after=None
[2024-01-30T19:03:14.669+0000] {processor.py:176} INFO - Processing /home/airflow/.local/lib/python3.7/site-packages/airflow/example_dags/tutorial_taskflow_api.py took 0.217 seconds
[2024-01-30T19:03:45.035+0000] {processor.py:154} INFO - Started process (PID=1823) to work on /home/airflow/.local/lib/python3.7/site-packages/airflow/example_dags/tutorial_taskflow_api.py
[2024-01-30T19:03:45.037+0000] {processor.py:756} INFO - Processing file /home/airflow/.local/lib/python3.7/site-packages/airflow/example_dags/tutorial_taskflow_api.py for tasks to queue
[2024-01-30T19:03:45.038+0000] {logging_mixin.py:120} INFO - [2024-01-30T19:03:45.038+0000] {dagbag.py:537} INFO - Filling up the DagBag from /home/airflow/.local/lib/python3.7/site-packages/airflow/example_dags/tutorial_taskflow_api.py
[2024-01-30T19:03:45.066+0000] {processor.py:766} INFO - DAG(s) dict_keys(['tutorial_taskflow_api']) retrieved from /home/airflow/.local/lib/python3.7/site-packages/airflow/example_dags/tutorial_taskflow_api.py
[2024-01-30T19:03:45.121+0000] {logging_mixin.py:120} INFO - [2024-01-30T19:03:45.120+0000] {dag.py:2585} INFO - Sync 1 DAGs
[2024-01-30T19:03:45.153+0000] {logging_mixin.py:120} INFO - [2024-01-30T19:03:45.153+0000] {dag.py:3340} INFO - Setting next_dagrun for tutorial_taskflow_api to None, run_after=None
[2024-01-30T19:03:45.187+0000] {processor.py:176} INFO - Processing /home/airflow/.local/lib/python3.7/site-packages/airflow/example_dags/tutorial_taskflow_api.py took 0.156 seconds
[2024-01-30T19:04:15.832+0000] {processor.py:154} INFO - Started process (PID=1886) to work on /home/airflow/.local/lib/python3.7/site-packages/airflow/example_dags/tutorial_taskflow_api.py
[2024-01-30T19:04:15.833+0000] {processor.py:756} INFO - Processing file /home/airflow/.local/lib/python3.7/site-packages/airflow/example_dags/tutorial_taskflow_api.py for tasks to queue
[2024-01-30T19:04:15.835+0000] {logging_mixin.py:120} INFO - [2024-01-30T19:04:15.835+0000] {dagbag.py:537} INFO - Filling up the DagBag from /home/airflow/.local/lib/python3.7/site-packages/airflow/example_dags/tutorial_taskflow_api.py
[2024-01-30T19:04:15.874+0000] {processor.py:766} INFO - DAG(s) dict_keys(['tutorial_taskflow_api']) retrieved from /home/airflow/.local/lib/python3.7/site-packages/airflow/example_dags/tutorial_taskflow_api.py
[2024-01-30T19:04:15.941+0000] {logging_mixin.py:120} INFO - [2024-01-30T19:04:15.941+0000] {dag.py:2585} INFO - Sync 1 DAGs
[2024-01-30T19:04:15.983+0000] {logging_mixin.py:120} INFO - [2024-01-30T19:04:15.983+0000] {dag.py:3340} INFO - Setting next_dagrun for tutorial_taskflow_api to None, run_after=None
[2024-01-30T19:04:16.016+0000] {processor.py:176} INFO - Processing /home/airflow/.local/lib/python3.7/site-packages/airflow/example_dags/tutorial_taskflow_api.py took 0.190 seconds
[2024-01-30T19:04:46.316+0000] {processor.py:154} INFO - Started process (PID=1948) to work on /home/airflow/.local/lib/python3.7/site-packages/airflow/example_dags/tutorial_taskflow_api.py
[2024-01-30T19:04:46.317+0000] {processor.py:756} INFO - Processing file /home/airflow/.local/lib/python3.7/site-packages/airflow/example_dags/tutorial_taskflow_api.py for tasks to queue
[2024-01-30T19:04:46.318+0000] {logging_mixin.py:120} INFO - [2024-01-30T19:04:46.318+0000] {dagbag.py:537} INFO - Filling up the DagBag from /home/airflow/.local/lib/python3.7/site-packages/airflow/example_dags/tutorial_taskflow_api.py
[2024-01-30T19:04:46.347+0000] {processor.py:766} INFO - DAG(s) dict_keys(['tutorial_taskflow_api']) retrieved from /home/airflow/.local/lib/python3.7/site-packages/airflow/example_dags/tutorial_taskflow_api.py
[2024-01-30T19:04:46.403+0000] {logging_mixin.py:120} INFO - [2024-01-30T19:04:46.403+0000] {dag.py:2585} INFO - Sync 1 DAGs
[2024-01-30T19:04:46.437+0000] {logging_mixin.py:120} INFO - [2024-01-30T19:04:46.437+0000] {dag.py:3340} INFO - Setting next_dagrun for tutorial_taskflow_api to None, run_after=None
[2024-01-30T19:04:46.466+0000] {processor.py:176} INFO - Processing /home/airflow/.local/lib/python3.7/site-packages/airflow/example_dags/tutorial_taskflow_api.py took 0.155 seconds
[2024-01-30T19:05:16.682+0000] {processor.py:154} INFO - Started process (PID=2005) to work on /home/airflow/.local/lib/python3.7/site-packages/airflow/example_dags/tutorial_taskflow_api.py
[2024-01-30T19:05:16.685+0000] {processor.py:756} INFO - Processing file /home/airflow/.local/lib/python3.7/site-packages/airflow/example_dags/tutorial_taskflow_api.py for tasks to queue
[2024-01-30T19:05:16.687+0000] {logging_mixin.py:120} INFO - [2024-01-30T19:05:16.687+0000] {dagbag.py:537} INFO - Filling up the DagBag from /home/airflow/.local/lib/python3.7/site-packages/airflow/example_dags/tutorial_taskflow_api.py
[2024-01-30T19:05:16.727+0000] {processor.py:766} INFO - DAG(s) dict_keys(['tutorial_taskflow_api']) retrieved from /home/airflow/.local/lib/python3.7/site-packages/airflow/example_dags/tutorial_taskflow_api.py
[2024-01-30T19:05:16.784+0000] {logging_mixin.py:120} INFO - [2024-01-30T19:05:16.784+0000] {dag.py:2585} INFO - Sync 1 DAGs
[2024-01-30T19:05:16.816+0000] {logging_mixin.py:120} INFO - [2024-01-30T19:05:16.816+0000] {dag.py:3340} INFO - Setting next_dagrun for tutorial_taskflow_api to None, run_after=None
[2024-01-30T19:05:16.844+0000] {processor.py:176} INFO - Processing /home/airflow/.local/lib/python3.7/site-packages/airflow/example_dags/tutorial_taskflow_api.py took 0.168 seconds
[2024-01-30T19:05:47.097+0000] {processor.py:154} INFO - Started process (PID=2070) to work on /home/airflow/.local/lib/python3.7/site-packages/airflow/example_dags/tutorial_taskflow_api.py
[2024-01-30T19:05:47.098+0000] {processor.py:756} INFO - Processing file /home/airflow/.local/lib/python3.7/site-packages/airflow/example_dags/tutorial_taskflow_api.py for tasks to queue
[2024-01-30T19:05:47.099+0000] {logging_mixin.py:120} INFO - [2024-01-30T19:05:47.099+0000] {dagbag.py:537} INFO - Filling up the DagBag from /home/airflow/.local/lib/python3.7/site-packages/airflow/example_dags/tutorial_taskflow_api.py
[2024-01-30T19:05:47.131+0000] {processor.py:766} INFO - DAG(s) dict_keys(['tutorial_taskflow_api']) retrieved from /home/airflow/.local/lib/python3.7/site-packages/airflow/example_dags/tutorial_taskflow_api.py
[2024-01-30T19:05:47.191+0000] {logging_mixin.py:120} INFO - [2024-01-30T19:05:47.191+0000] {dag.py:2585} INFO - Sync 1 DAGs
[2024-01-30T19:05:47.226+0000] {logging_mixin.py:120} INFO - [2024-01-30T19:05:47.226+0000] {dag.py:3340} INFO - Setting next_dagrun for tutorial_taskflow_api to None, run_after=None
[2024-01-30T19:05:47.258+0000] {processor.py:176} INFO - Processing /home/airflow/.local/lib/python3.7/site-packages/airflow/example_dags/tutorial_taskflow_api.py took 0.166 seconds
[2024-01-30T19:06:17.828+0000] {processor.py:154} INFO - Started process (PID=2125) to work on /home/airflow/.local/lib/python3.7/site-packages/airflow/example_dags/tutorial_taskflow_api.py
[2024-01-30T19:06:17.830+0000] {processor.py:756} INFO - Processing file /home/airflow/.local/lib/python3.7/site-packages/airflow/example_dags/tutorial_taskflow_api.py for tasks to queue
[2024-01-30T19:06:17.832+0000] {logging_mixin.py:120} INFO - [2024-01-30T19:06:17.831+0000] {dagbag.py:537} INFO - Filling up the DagBag from /home/airflow/.local/lib/python3.7/site-packages/airflow/example_dags/tutorial_taskflow_api.py
[2024-01-30T19:06:17.870+0000] {processor.py:766} INFO - DAG(s) dict_keys(['tutorial_taskflow_api']) retrieved from /home/airflow/.local/lib/python3.7/site-packages/airflow/example_dags/tutorial_taskflow_api.py
[2024-01-30T19:06:17.948+0000] {logging_mixin.py:120} INFO - [2024-01-30T19:06:17.948+0000] {dag.py:2585} INFO - Sync 1 DAGs
[2024-01-30T19:06:17.997+0000] {logging_mixin.py:120} INFO - [2024-01-30T19:06:17.996+0000] {dag.py:3340} INFO - Setting next_dagrun for tutorial_taskflow_api to None, run_after=None
[2024-01-30T19:06:18.087+0000] {processor.py:176} INFO - Processing /home/airflow/.local/lib/python3.7/site-packages/airflow/example_dags/tutorial_taskflow_api.py took 0.263 seconds
[2024-01-30T19:06:48.221+0000] {processor.py:154} INFO - Started process (PID=2190) to work on /home/airflow/.local/lib/python3.7/site-packages/airflow/example_dags/tutorial_taskflow_api.py
[2024-01-30T19:06:48.223+0000] {processor.py:756} INFO - Processing file /home/airflow/.local/lib/python3.7/site-packages/airflow/example_dags/tutorial_taskflow_api.py for tasks to queue
[2024-01-30T19:06:48.226+0000] {logging_mixin.py:120} INFO - [2024-01-30T19:06:48.225+0000] {dagbag.py:537} INFO - Filling up the DagBag from /home/airflow/.local/lib/python3.7/site-packages/airflow/example_dags/tutorial_taskflow_api.py
[2024-01-30T19:06:48.266+0000] {processor.py:766} INFO - DAG(s) dict_keys(['tutorial_taskflow_api']) retrieved from /home/airflow/.local/lib/python3.7/site-packages/airflow/example_dags/tutorial_taskflow_api.py
[2024-01-30T19:06:48.345+0000] {logging_mixin.py:120} INFO - [2024-01-30T19:06:48.345+0000] {dag.py:2585} INFO - Sync 1 DAGs
[2024-01-30T19:06:48.391+0000] {logging_mixin.py:120} INFO - [2024-01-30T19:06:48.390+0000] {dag.py:3340} INFO - Setting next_dagrun for tutorial_taskflow_api to None, run_after=None
[2024-01-30T19:06:48.426+0000] {processor.py:176} INFO - Processing /home/airflow/.local/lib/python3.7/site-packages/airflow/example_dags/tutorial_taskflow_api.py took 0.211 seconds
[2024-01-30T19:07:18.574+0000] {processor.py:154} INFO - Started process (PID=2254) to work on /home/airflow/.local/lib/python3.7/site-packages/airflow/example_dags/tutorial_taskflow_api.py
[2024-01-30T19:07:18.576+0000] {processor.py:756} INFO - Processing file /home/airflow/.local/lib/python3.7/site-packages/airflow/example_dags/tutorial_taskflow_api.py for tasks to queue
[2024-01-30T19:07:18.577+0000] {logging_mixin.py:120} INFO - [2024-01-30T19:07:18.577+0000] {dagbag.py:537} INFO - Filling up the DagBag from /home/airflow/.local/lib/python3.7/site-packages/airflow/example_dags/tutorial_taskflow_api.py
[2024-01-30T19:07:18.611+0000] {processor.py:766} INFO - DAG(s) dict_keys(['tutorial_taskflow_api']) retrieved from /home/airflow/.local/lib/python3.7/site-packages/airflow/example_dags/tutorial_taskflow_api.py
[2024-01-30T19:07:18.663+0000] {logging_mixin.py:120} INFO - [2024-01-30T19:07:18.663+0000] {dag.py:2585} INFO - Sync 1 DAGs
[2024-01-30T19:07:18.701+0000] {logging_mixin.py:120} INFO - [2024-01-30T19:07:18.701+0000] {dag.py:3340} INFO - Setting next_dagrun for tutorial_taskflow_api to None, run_after=None
[2024-01-30T19:07:18.728+0000] {processor.py:176} INFO - Processing /home/airflow/.local/lib/python3.7/site-packages/airflow/example_dags/tutorial_taskflow_api.py took 0.160 seconds
[2024-01-30T19:07:48.914+0000] {processor.py:154} INFO - Started process (PID=2308) to work on /home/airflow/.local/lib/python3.7/site-packages/airflow/example_dags/tutorial_taskflow_api.py
[2024-01-30T19:07:48.916+0000] {processor.py:756} INFO - Processing file /home/airflow/.local/lib/python3.7/site-packages/airflow/example_dags/tutorial_taskflow_api.py for tasks to queue
[2024-01-30T19:07:48.918+0000] {logging_mixin.py:120} INFO - [2024-01-30T19:07:48.918+0000] {dagbag.py:537} INFO - Filling up the DagBag from /home/airflow/.local/lib/python3.7/site-packages/airflow/example_dags/tutorial_taskflow_api.py
[2024-01-30T19:07:48.976+0000] {processor.py:766} INFO - DAG(s) dict_keys(['tutorial_taskflow_api']) retrieved from /home/airflow/.local/lib/python3.7/site-packages/airflow/example_dags/tutorial_taskflow_api.py
[2024-01-30T19:07:49.090+0000] {logging_mixin.py:120} INFO - [2024-01-30T19:07:49.089+0000] {dag.py:2585} INFO - Sync 1 DAGs
[2024-01-30T19:07:49.139+0000] {logging_mixin.py:120} INFO - [2024-01-30T19:07:49.139+0000] {dag.py:3340} INFO - Setting next_dagrun for tutorial_taskflow_api to None, run_after=None
[2024-01-30T19:07:49.191+0000] {processor.py:176} INFO - Processing /home/airflow/.local/lib/python3.7/site-packages/airflow/example_dags/tutorial_taskflow_api.py took 0.282 seconds
[2024-01-30T19:08:19.520+0000] {processor.py:154} INFO - Started process (PID=2374) to work on /home/airflow/.local/lib/python3.7/site-packages/airflow/example_dags/tutorial_taskflow_api.py
[2024-01-30T19:08:19.521+0000] {processor.py:756} INFO - Processing file /home/airflow/.local/lib/python3.7/site-packages/airflow/example_dags/tutorial_taskflow_api.py for tasks to queue
[2024-01-30T19:08:19.523+0000] {logging_mixin.py:120} INFO - [2024-01-30T19:08:19.523+0000] {dagbag.py:537} INFO - Filling up the DagBag from /home/airflow/.local/lib/python3.7/site-packages/airflow/example_dags/tutorial_taskflow_api.py
[2024-01-30T19:08:19.556+0000] {processor.py:766} INFO - DAG(s) dict_keys(['tutorial_taskflow_api']) retrieved from /home/airflow/.local/lib/python3.7/site-packages/airflow/example_dags/tutorial_taskflow_api.py
[2024-01-30T19:08:19.617+0000] {logging_mixin.py:120} INFO - [2024-01-30T19:08:19.616+0000] {dag.py:2585} INFO - Sync 1 DAGs
[2024-01-30T19:08:19.764+0000] {logging_mixin.py:120} INFO - [2024-01-30T19:08:19.764+0000] {dag.py:3340} INFO - Setting next_dagrun for tutorial_taskflow_api to None, run_after=None
[2024-01-30T19:08:20.027+0000] {processor.py:176} INFO - Processing /home/airflow/.local/lib/python3.7/site-packages/airflow/example_dags/tutorial_taskflow_api.py took 0.511 seconds
[2024-01-30T19:08:50.388+0000] {processor.py:154} INFO - Started process (PID=2429) to work on /home/airflow/.local/lib/python3.7/site-packages/airflow/example_dags/tutorial_taskflow_api.py
[2024-01-30T19:08:50.391+0000] {processor.py:756} INFO - Processing file /home/airflow/.local/lib/python3.7/site-packages/airflow/example_dags/tutorial_taskflow_api.py for tasks to queue
[2024-01-30T19:08:50.392+0000] {logging_mixin.py:120} INFO - [2024-01-30T19:08:50.392+0000] {dagbag.py:537} INFO - Filling up the DagBag from /home/airflow/.local/lib/python3.7/site-packages/airflow/example_dags/tutorial_taskflow_api.py
[2024-01-30T19:08:50.430+0000] {processor.py:766} INFO - DAG(s) dict_keys(['tutorial_taskflow_api']) retrieved from /home/airflow/.local/lib/python3.7/site-packages/airflow/example_dags/tutorial_taskflow_api.py
[2024-01-30T19:08:50.511+0000] {logging_mixin.py:120} INFO - [2024-01-30T19:08:50.511+0000] {dag.py:2585} INFO - Sync 1 DAGs
[2024-01-30T19:08:50.558+0000] {logging_mixin.py:120} INFO - [2024-01-30T19:08:50.558+0000] {dag.py:3340} INFO - Setting next_dagrun for tutorial_taskflow_api to None, run_after=None
[2024-01-30T19:08:50.591+0000] {processor.py:176} INFO - Processing /home/airflow/.local/lib/python3.7/site-packages/airflow/example_dags/tutorial_taskflow_api.py took 0.209 seconds
[2024-01-30T19:09:21.360+0000] {processor.py:154} INFO - Started process (PID=2496) to work on /home/airflow/.local/lib/python3.7/site-packages/airflow/example_dags/tutorial_taskflow_api.py
[2024-01-30T19:09:21.361+0000] {processor.py:756} INFO - Processing file /home/airflow/.local/lib/python3.7/site-packages/airflow/example_dags/tutorial_taskflow_api.py for tasks to queue
[2024-01-30T19:09:21.362+0000] {logging_mixin.py:120} INFO - [2024-01-30T19:09:21.362+0000] {dagbag.py:537} INFO - Filling up the DagBag from /home/airflow/.local/lib/python3.7/site-packages/airflow/example_dags/tutorial_taskflow_api.py
[2024-01-30T19:09:21.394+0000] {processor.py:766} INFO - DAG(s) dict_keys(['tutorial_taskflow_api']) retrieved from /home/airflow/.local/lib/python3.7/site-packages/airflow/example_dags/tutorial_taskflow_api.py
[2024-01-30T19:09:21.450+0000] {logging_mixin.py:120} INFO - [2024-01-30T19:09:21.450+0000] {dag.py:2585} INFO - Sync 1 DAGs
[2024-01-30T19:09:21.484+0000] {logging_mixin.py:120} INFO - [2024-01-30T19:09:21.484+0000] {dag.py:3340} INFO - Setting next_dagrun for tutorial_taskflow_api to None, run_after=None
[2024-01-30T19:09:21.515+0000] {processor.py:176} INFO - Processing /home/airflow/.local/lib/python3.7/site-packages/airflow/example_dags/tutorial_taskflow_api.py took 0.161 seconds
[2024-01-30T19:09:52.096+0000] {processor.py:154} INFO - Started process (PID=2562) to work on /home/airflow/.local/lib/python3.7/site-packages/airflow/example_dags/tutorial_taskflow_api.py
[2024-01-30T19:09:52.098+0000] {processor.py:756} INFO - Processing file /home/airflow/.local/lib/python3.7/site-packages/airflow/example_dags/tutorial_taskflow_api.py for tasks to queue
[2024-01-30T19:09:52.099+0000] {logging_mixin.py:120} INFO - [2024-01-30T19:09:52.099+0000] {dagbag.py:537} INFO - Filling up the DagBag from /home/airflow/.local/lib/python3.7/site-packages/airflow/example_dags/tutorial_taskflow_api.py
[2024-01-30T19:09:52.153+0000] {processor.py:766} INFO - DAG(s) dict_keys(['tutorial_taskflow_api']) retrieved from /home/airflow/.local/lib/python3.7/site-packages/airflow/example_dags/tutorial_taskflow_api.py
[2024-01-30T19:09:52.216+0000] {logging_mixin.py:120} INFO - [2024-01-30T19:09:52.216+0000] {dag.py:2585} INFO - Sync 1 DAGs
[2024-01-30T19:09:52.247+0000] {logging_mixin.py:120} INFO - [2024-01-30T19:09:52.247+0000] {dag.py:3340} INFO - Setting next_dagrun for tutorial_taskflow_api to None, run_after=None
[2024-01-30T19:09:52.273+0000] {processor.py:176} INFO - Processing /home/airflow/.local/lib/python3.7/site-packages/airflow/example_dags/tutorial_taskflow_api.py took 0.182 seconds
[2024-01-30T19:10:22.738+0000] {processor.py:154} INFO - Started process (PID=2618) to work on /home/airflow/.local/lib/python3.7/site-packages/airflow/example_dags/tutorial_taskflow_api.py
[2024-01-30T19:10:22.740+0000] {processor.py:756} INFO - Processing file /home/airflow/.local/lib/python3.7/site-packages/airflow/example_dags/tutorial_taskflow_api.py for tasks to queue
[2024-01-30T19:10:22.742+0000] {logging_mixin.py:120} INFO - [2024-01-30T19:10:22.741+0000] {dagbag.py:537} INFO - Filling up the DagBag from /home/airflow/.local/lib/python3.7/site-packages/airflow/example_dags/tutorial_taskflow_api.py
[2024-01-30T19:10:22.779+0000] {processor.py:766} INFO - DAG(s) dict_keys(['tutorial_taskflow_api']) retrieved from /home/airflow/.local/lib/python3.7/site-packages/airflow/example_dags/tutorial_taskflow_api.py
[2024-01-30T19:10:22.891+0000] {logging_mixin.py:120} INFO - [2024-01-30T19:10:22.890+0000] {dag.py:2585} INFO - Sync 1 DAGs
[2024-01-30T19:10:22.942+0000] {logging_mixin.py:120} INFO - [2024-01-30T19:10:22.942+0000] {dag.py:3340} INFO - Setting next_dagrun for tutorial_taskflow_api to None, run_after=None
[2024-01-30T19:10:22.978+0000] {processor.py:176} INFO - Processing /home/airflow/.local/lib/python3.7/site-packages/airflow/example_dags/tutorial_taskflow_api.py took 0.245 seconds
[2024-01-30T19:10:53.298+0000] {processor.py:154} INFO - Started process (PID=2683) to work on /home/airflow/.local/lib/python3.7/site-packages/airflow/example_dags/tutorial_taskflow_api.py
[2024-01-30T19:10:53.300+0000] {processor.py:756} INFO - Processing file /home/airflow/.local/lib/python3.7/site-packages/airflow/example_dags/tutorial_taskflow_api.py for tasks to queue
[2024-01-30T19:10:53.301+0000] {logging_mixin.py:120} INFO - [2024-01-30T19:10:53.301+0000] {dagbag.py:537} INFO - Filling up the DagBag from /home/airflow/.local/lib/python3.7/site-packages/airflow/example_dags/tutorial_taskflow_api.py
[2024-01-30T19:10:53.330+0000] {processor.py:766} INFO - DAG(s) dict_keys(['tutorial_taskflow_api']) retrieved from /home/airflow/.local/lib/python3.7/site-packages/airflow/example_dags/tutorial_taskflow_api.py
[2024-01-30T19:10:53.401+0000] {logging_mixin.py:120} INFO - [2024-01-30T19:10:53.401+0000] {dag.py:2585} INFO - Sync 1 DAGs
[2024-01-30T19:10:53.441+0000] {logging_mixin.py:120} INFO - [2024-01-30T19:10:53.441+0000] {dag.py:3340} INFO - Setting next_dagrun for tutorial_taskflow_api to None, run_after=None
[2024-01-30T19:10:53.484+0000] {processor.py:176} INFO - Processing /home/airflow/.local/lib/python3.7/site-packages/airflow/example_dags/tutorial_taskflow_api.py took 0.191 seconds
[2024-01-30T19:11:23.857+0000] {processor.py:154} INFO - Started process (PID=2748) to work on /home/airflow/.local/lib/python3.7/site-packages/airflow/example_dags/tutorial_taskflow_api.py
[2024-01-30T19:11:23.859+0000] {processor.py:756} INFO - Processing file /home/airflow/.local/lib/python3.7/site-packages/airflow/example_dags/tutorial_taskflow_api.py for tasks to queue
[2024-01-30T19:11:23.860+0000] {logging_mixin.py:120} INFO - [2024-01-30T19:11:23.860+0000] {dagbag.py:537} INFO - Filling up the DagBag from /home/airflow/.local/lib/python3.7/site-packages/airflow/example_dags/tutorial_taskflow_api.py
[2024-01-30T19:11:23.886+0000] {processor.py:766} INFO - DAG(s) dict_keys(['tutorial_taskflow_api']) retrieved from /home/airflow/.local/lib/python3.7/site-packages/airflow/example_dags/tutorial_taskflow_api.py
[2024-01-30T19:11:23.936+0000] {logging_mixin.py:120} INFO - [2024-01-30T19:11:23.936+0000] {dag.py:2585} INFO - Sync 1 DAGs
[2024-01-30T19:11:23.967+0000] {logging_mixin.py:120} INFO - [2024-01-30T19:11:23.967+0000] {dag.py:3340} INFO - Setting next_dagrun for tutorial_taskflow_api to None, run_after=None
[2024-01-30T19:11:23.993+0000] {processor.py:176} INFO - Processing /home/airflow/.local/lib/python3.7/site-packages/airflow/example_dags/tutorial_taskflow_api.py took 0.140 seconds
[2024-01-30T19:11:54.227+0000] {processor.py:154} INFO - Started process (PID=2806) to work on /home/airflow/.local/lib/python3.7/site-packages/airflow/example_dags/tutorial_taskflow_api.py
[2024-01-30T19:11:54.228+0000] {processor.py:756} INFO - Processing file /home/airflow/.local/lib/python3.7/site-packages/airflow/example_dags/tutorial_taskflow_api.py for tasks to queue
[2024-01-30T19:11:54.230+0000] {logging_mixin.py:120} INFO - [2024-01-30T19:11:54.229+0000] {dagbag.py:537} INFO - Filling up the DagBag from /home/airflow/.local/lib/python3.7/site-packages/airflow/example_dags/tutorial_taskflow_api.py
[2024-01-30T19:11:54.270+0000] {processor.py:766} INFO - DAG(s) dict_keys(['tutorial_taskflow_api']) retrieved from /home/airflow/.local/lib/python3.7/site-packages/airflow/example_dags/tutorial_taskflow_api.py
[2024-01-30T19:11:54.344+0000] {logging_mixin.py:120} INFO - [2024-01-30T19:11:54.344+0000] {dag.py:2585} INFO - Sync 1 DAGs
[2024-01-30T19:11:54.381+0000] {logging_mixin.py:120} INFO - [2024-01-30T19:11:54.381+0000] {dag.py:3340} INFO - Setting next_dagrun for tutorial_taskflow_api to None, run_after=None
[2024-01-30T19:11:54.411+0000] {processor.py:176} INFO - Processing /home/airflow/.local/lib/python3.7/site-packages/airflow/example_dags/tutorial_taskflow_api.py took 0.190 seconds
[2024-01-30T19:12:24.913+0000] {processor.py:154} INFO - Started process (PID=2872) to work on /home/airflow/.local/lib/python3.7/site-packages/airflow/example_dags/tutorial_taskflow_api.py
[2024-01-30T19:12:24.915+0000] {processor.py:756} INFO - Processing file /home/airflow/.local/lib/python3.7/site-packages/airflow/example_dags/tutorial_taskflow_api.py for tasks to queue
[2024-01-30T19:12:24.917+0000] {logging_mixin.py:120} INFO - [2024-01-30T19:12:24.916+0000] {dagbag.py:537} INFO - Filling up the DagBag from /home/airflow/.local/lib/python3.7/site-packages/airflow/example_dags/tutorial_taskflow_api.py
[2024-01-30T19:12:24.956+0000] {processor.py:766} INFO - DAG(s) dict_keys(['tutorial_taskflow_api']) retrieved from /home/airflow/.local/lib/python3.7/site-packages/airflow/example_dags/tutorial_taskflow_api.py
[2024-01-30T19:12:25.024+0000] {logging_mixin.py:120} INFO - [2024-01-30T19:12:25.023+0000] {dag.py:2585} INFO - Sync 1 DAGs
[2024-01-30T19:12:25.068+0000] {logging_mixin.py:120} INFO - [2024-01-30T19:12:25.067+0000] {dag.py:3340} INFO - Setting next_dagrun for tutorial_taskflow_api to None, run_after=None
[2024-01-30T19:12:25.095+0000] {processor.py:176} INFO - Processing /home/airflow/.local/lib/python3.7/site-packages/airflow/example_dags/tutorial_taskflow_api.py took 0.188 seconds
[2024-01-30T19:12:55.341+0000] {processor.py:154} INFO - Started process (PID=2929) to work on /home/airflow/.local/lib/python3.7/site-packages/airflow/example_dags/tutorial_taskflow_api.py
[2024-01-30T19:12:55.343+0000] {processor.py:756} INFO - Processing file /home/airflow/.local/lib/python3.7/site-packages/airflow/example_dags/tutorial_taskflow_api.py for tasks to queue
[2024-01-30T19:12:55.345+0000] {logging_mixin.py:120} INFO - [2024-01-30T19:12:55.344+0000] {dagbag.py:537} INFO - Filling up the DagBag from /home/airflow/.local/lib/python3.7/site-packages/airflow/example_dags/tutorial_taskflow_api.py
[2024-01-30T19:12:55.380+0000] {processor.py:766} INFO - DAG(s) dict_keys(['tutorial_taskflow_api']) retrieved from /home/airflow/.local/lib/python3.7/site-packages/airflow/example_dags/tutorial_taskflow_api.py
[2024-01-30T19:12:55.465+0000] {logging_mixin.py:120} INFO - [2024-01-30T19:12:55.465+0000] {dag.py:2585} INFO - Sync 1 DAGs
[2024-01-30T19:12:55.506+0000] {logging_mixin.py:120} INFO - [2024-01-30T19:12:55.506+0000] {dag.py:3340} INFO - Setting next_dagrun for tutorial_taskflow_api to None, run_after=None
[2024-01-30T19:12:55.539+0000] {processor.py:176} INFO - Processing /home/airflow/.local/lib/python3.7/site-packages/airflow/example_dags/tutorial_taskflow_api.py took 0.202 seconds
[2024-01-30T19:13:25.910+0000] {processor.py:154} INFO - Started process (PID=2994) to work on /home/airflow/.local/lib/python3.7/site-packages/airflow/example_dags/tutorial_taskflow_api.py
[2024-01-30T19:13:25.911+0000] {processor.py:756} INFO - Processing file /home/airflow/.local/lib/python3.7/site-packages/airflow/example_dags/tutorial_taskflow_api.py for tasks to queue
[2024-01-30T19:13:25.912+0000] {logging_mixin.py:120} INFO - [2024-01-30T19:13:25.912+0000] {dagbag.py:537} INFO - Filling up the DagBag from /home/airflow/.local/lib/python3.7/site-packages/airflow/example_dags/tutorial_taskflow_api.py
[2024-01-30T19:13:25.945+0000] {processor.py:766} INFO - DAG(s) dict_keys(['tutorial_taskflow_api']) retrieved from /home/airflow/.local/lib/python3.7/site-packages/airflow/example_dags/tutorial_taskflow_api.py
[2024-01-30T19:13:26.018+0000] {logging_mixin.py:120} INFO - [2024-01-30T19:13:26.018+0000] {dag.py:2585} INFO - Sync 1 DAGs
[2024-01-30T19:13:26.063+0000] {logging_mixin.py:120} INFO - [2024-01-30T19:13:26.063+0000] {dag.py:3340} INFO - Setting next_dagrun for tutorial_taskflow_api to None, run_after=None
[2024-01-30T19:13:26.105+0000] {processor.py:176} INFO - Processing /home/airflow/.local/lib/python3.7/site-packages/airflow/example_dags/tutorial_taskflow_api.py took 0.201 seconds
[2024-01-30T19:13:56.254+0000] {processor.py:154} INFO - Started process (PID=3056) to work on /home/airflow/.local/lib/python3.7/site-packages/airflow/example_dags/tutorial_taskflow_api.py
[2024-01-30T19:13:56.255+0000] {processor.py:756} INFO - Processing file /home/airflow/.local/lib/python3.7/site-packages/airflow/example_dags/tutorial_taskflow_api.py for tasks to queue
[2024-01-30T19:13:56.256+0000] {logging_mixin.py:120} INFO - [2024-01-30T19:13:56.256+0000] {dagbag.py:537} INFO - Filling up the DagBag from /home/airflow/.local/lib/python3.7/site-packages/airflow/example_dags/tutorial_taskflow_api.py
[2024-01-30T19:13:56.300+0000] {processor.py:766} INFO - DAG(s) dict_keys(['tutorial_taskflow_api']) retrieved from /home/airflow/.local/lib/python3.7/site-packages/airflow/example_dags/tutorial_taskflow_api.py
[2024-01-30T19:13:56.385+0000] {logging_mixin.py:120} INFO - [2024-01-30T19:13:56.384+0000] {dag.py:2585} INFO - Sync 1 DAGs
[2024-01-30T19:13:56.427+0000] {logging_mixin.py:120} INFO - [2024-01-30T19:13:56.427+0000] {dag.py:3340} INFO - Setting next_dagrun for tutorial_taskflow_api to None, run_after=None
[2024-01-30T19:13:56.475+0000] {processor.py:176} INFO - Processing /home/airflow/.local/lib/python3.7/site-packages/airflow/example_dags/tutorial_taskflow_api.py took 0.229 seconds
[2024-01-30T19:14:26.778+0000] {processor.py:154} INFO - Started process (PID=3115) to work on /home/airflow/.local/lib/python3.7/site-packages/airflow/example_dags/tutorial_taskflow_api.py
[2024-01-30T19:14:26.779+0000] {processor.py:756} INFO - Processing file /home/airflow/.local/lib/python3.7/site-packages/airflow/example_dags/tutorial_taskflow_api.py for tasks to queue
[2024-01-30T19:14:26.782+0000] {logging_mixin.py:120} INFO - [2024-01-30T19:14:26.781+0000] {dagbag.py:537} INFO - Filling up the DagBag from /home/airflow/.local/lib/python3.7/site-packages/airflow/example_dags/tutorial_taskflow_api.py
[2024-01-30T19:14:26.818+0000] {processor.py:766} INFO - DAG(s) dict_keys(['tutorial_taskflow_api']) retrieved from /home/airflow/.local/lib/python3.7/site-packages/airflow/example_dags/tutorial_taskflow_api.py
[2024-01-30T19:14:26.883+0000] {logging_mixin.py:120} INFO - [2024-01-30T19:14:26.883+0000] {dag.py:2585} INFO - Sync 1 DAGs
[2024-01-30T19:14:26.924+0000] {logging_mixin.py:120} INFO - [2024-01-30T19:14:26.924+0000] {dag.py:3340} INFO - Setting next_dagrun for tutorial_taskflow_api to None, run_after=None
[2024-01-30T19:14:26.961+0000] {processor.py:176} INFO - Processing /home/airflow/.local/lib/python3.7/site-packages/airflow/example_dags/tutorial_taskflow_api.py took 0.190 seconds
[2024-01-30T19:14:57.158+0000] {processor.py:154} INFO - Started process (PID=3180) to work on /home/airflow/.local/lib/python3.7/site-packages/airflow/example_dags/tutorial_taskflow_api.py
[2024-01-30T19:14:57.160+0000] {processor.py:756} INFO - Processing file /home/airflow/.local/lib/python3.7/site-packages/airflow/example_dags/tutorial_taskflow_api.py for tasks to queue
[2024-01-30T19:14:57.162+0000] {logging_mixin.py:120} INFO - [2024-01-30T19:14:57.161+0000] {dagbag.py:537} INFO - Filling up the DagBag from /home/airflow/.local/lib/python3.7/site-packages/airflow/example_dags/tutorial_taskflow_api.py
[2024-01-30T19:14:57.199+0000] {processor.py:766} INFO - DAG(s) dict_keys(['tutorial_taskflow_api']) retrieved from /home/airflow/.local/lib/python3.7/site-packages/airflow/example_dags/tutorial_taskflow_api.py
[2024-01-30T19:14:57.271+0000] {logging_mixin.py:120} INFO - [2024-01-30T19:14:57.270+0000] {dag.py:2585} INFO - Sync 1 DAGs
[2024-01-30T19:14:57.311+0000] {logging_mixin.py:120} INFO - [2024-01-30T19:14:57.311+0000] {dag.py:3340} INFO - Setting next_dagrun for tutorial_taskflow_api to None, run_after=None
[2024-01-30T19:14:57.344+0000] {processor.py:176} INFO - Processing /home/airflow/.local/lib/python3.7/site-packages/airflow/example_dags/tutorial_taskflow_api.py took 0.191 seconds
[2024-01-30T19:15:27.912+0000] {processor.py:154} INFO - Started process (PID=3236) to work on /home/airflow/.local/lib/python3.7/site-packages/airflow/example_dags/tutorial_taskflow_api.py
[2024-01-30T19:15:27.913+0000] {processor.py:756} INFO - Processing file /home/airflow/.local/lib/python3.7/site-packages/airflow/example_dags/tutorial_taskflow_api.py for tasks to queue
[2024-01-30T19:15:27.915+0000] {logging_mixin.py:120} INFO - [2024-01-30T19:15:27.915+0000] {dagbag.py:537} INFO - Filling up the DagBag from /home/airflow/.local/lib/python3.7/site-packages/airflow/example_dags/tutorial_taskflow_api.py
[2024-01-30T19:15:27.948+0000] {processor.py:766} INFO - DAG(s) dict_keys(['tutorial_taskflow_api']) retrieved from /home/airflow/.local/lib/python3.7/site-packages/airflow/example_dags/tutorial_taskflow_api.py
[2024-01-30T19:15:28.047+0000] {logging_mixin.py:120} INFO - [2024-01-30T19:15:28.046+0000] {dag.py:2585} INFO - Sync 1 DAGs
[2024-01-30T19:15:28.131+0000] {logging_mixin.py:120} INFO - [2024-01-30T19:15:28.130+0000] {dag.py:3340} INFO - Setting next_dagrun for tutorial_taskflow_api to None, run_after=None
[2024-01-30T19:15:28.181+0000] {processor.py:176} INFO - Processing /home/airflow/.local/lib/python3.7/site-packages/airflow/example_dags/tutorial_taskflow_api.py took 0.274 seconds
[2024-01-30T19:15:58.320+0000] {processor.py:154} INFO - Started process (PID=3300) to work on /home/airflow/.local/lib/python3.7/site-packages/airflow/example_dags/tutorial_taskflow_api.py
[2024-01-30T19:15:58.322+0000] {processor.py:756} INFO - Processing file /home/airflow/.local/lib/python3.7/site-packages/airflow/example_dags/tutorial_taskflow_api.py for tasks to queue
[2024-01-30T19:15:58.323+0000] {logging_mixin.py:120} INFO - [2024-01-30T19:15:58.323+0000] {dagbag.py:537} INFO - Filling up the DagBag from /home/airflow/.local/lib/python3.7/site-packages/airflow/example_dags/tutorial_taskflow_api.py
[2024-01-30T19:15:58.356+0000] {processor.py:766} INFO - DAG(s) dict_keys(['tutorial_taskflow_api']) retrieved from /home/airflow/.local/lib/python3.7/site-packages/airflow/example_dags/tutorial_taskflow_api.py
[2024-01-30T19:15:58.408+0000] {logging_mixin.py:120} INFO - [2024-01-30T19:15:58.408+0000] {dag.py:2585} INFO - Sync 1 DAGs
[2024-01-30T19:15:58.439+0000] {logging_mixin.py:120} INFO - [2024-01-30T19:15:58.439+0000] {dag.py:3340} INFO - Setting next_dagrun for tutorial_taskflow_api to None, run_after=None
[2024-01-30T19:15:58.463+0000] {processor.py:176} INFO - Processing /home/airflow/.local/lib/python3.7/site-packages/airflow/example_dags/tutorial_taskflow_api.py took 0.149 seconds
[2024-01-30T19:16:29.018+0000] {processor.py:154} INFO - Started process (PID=3364) to work on /home/airflow/.local/lib/python3.7/site-packages/airflow/example_dags/tutorial_taskflow_api.py
[2024-01-30T19:16:29.020+0000] {processor.py:756} INFO - Processing file /home/airflow/.local/lib/python3.7/site-packages/airflow/example_dags/tutorial_taskflow_api.py for tasks to queue
[2024-01-30T19:16:29.021+0000] {logging_mixin.py:120} INFO - [2024-01-30T19:16:29.021+0000] {dagbag.py:537} INFO - Filling up the DagBag from /home/airflow/.local/lib/python3.7/site-packages/airflow/example_dags/tutorial_taskflow_api.py
[2024-01-30T19:16:29.055+0000] {processor.py:766} INFO - DAG(s) dict_keys(['tutorial_taskflow_api']) retrieved from /home/airflow/.local/lib/python3.7/site-packages/airflow/example_dags/tutorial_taskflow_api.py
[2024-01-30T19:16:29.116+0000] {logging_mixin.py:120} INFO - [2024-01-30T19:16:29.116+0000] {dag.py:2585} INFO - Sync 1 DAGs
[2024-01-30T19:16:29.153+0000] {logging_mixin.py:120} INFO - [2024-01-30T19:16:29.153+0000] {dag.py:3340} INFO - Setting next_dagrun for tutorial_taskflow_api to None, run_after=None
[2024-01-30T19:16:29.183+0000] {processor.py:176} INFO - Processing /home/airflow/.local/lib/python3.7/site-packages/airflow/example_dags/tutorial_taskflow_api.py took 0.171 seconds
[2024-01-30T19:16:59.473+0000] {processor.py:154} INFO - Started process (PID=3420) to work on /home/airflow/.local/lib/python3.7/site-packages/airflow/example_dags/tutorial_taskflow_api.py
[2024-01-30T19:16:59.474+0000] {processor.py:756} INFO - Processing file /home/airflow/.local/lib/python3.7/site-packages/airflow/example_dags/tutorial_taskflow_api.py for tasks to queue
[2024-01-30T19:16:59.477+0000] {logging_mixin.py:120} INFO - [2024-01-30T19:16:59.476+0000] {dagbag.py:537} INFO - Filling up the DagBag from /home/airflow/.local/lib/python3.7/site-packages/airflow/example_dags/tutorial_taskflow_api.py
[2024-01-30T19:16:59.510+0000] {processor.py:766} INFO - DAG(s) dict_keys(['tutorial_taskflow_api']) retrieved from /home/airflow/.local/lib/python3.7/site-packages/airflow/example_dags/tutorial_taskflow_api.py
[2024-01-30T19:16:59.579+0000] {logging_mixin.py:120} INFO - [2024-01-30T19:16:59.579+0000] {dag.py:2585} INFO - Sync 1 DAGs
[2024-01-30T19:16:59.627+0000] {logging_mixin.py:120} INFO - [2024-01-30T19:16:59.627+0000] {dag.py:3340} INFO - Setting next_dagrun for tutorial_taskflow_api to None, run_after=None
[2024-01-30T19:16:59.664+0000] {processor.py:176} INFO - Processing /home/airflow/.local/lib/python3.7/site-packages/airflow/example_dags/tutorial_taskflow_api.py took 0.197 seconds
[2024-01-30T19:17:30.123+0000] {processor.py:154} INFO - Started process (PID=3485) to work on /home/airflow/.local/lib/python3.7/site-packages/airflow/example_dags/tutorial_taskflow_api.py
[2024-01-30T19:17:30.125+0000] {processor.py:756} INFO - Processing file /home/airflow/.local/lib/python3.7/site-packages/airflow/example_dags/tutorial_taskflow_api.py for tasks to queue
[2024-01-30T19:17:30.126+0000] {logging_mixin.py:120} INFO - [2024-01-30T19:17:30.126+0000] {dagbag.py:537} INFO - Filling up the DagBag from /home/airflow/.local/lib/python3.7/site-packages/airflow/example_dags/tutorial_taskflow_api.py
[2024-01-30T19:17:30.160+0000] {processor.py:766} INFO - DAG(s) dict_keys(['tutorial_taskflow_api']) retrieved from /home/airflow/.local/lib/python3.7/site-packages/airflow/example_dags/tutorial_taskflow_api.py
[2024-01-30T19:17:30.219+0000] {logging_mixin.py:120} INFO - [2024-01-30T19:17:30.218+0000] {dag.py:2585} INFO - Sync 1 DAGs
[2024-01-30T19:17:30.252+0000] {logging_mixin.py:120} INFO - [2024-01-30T19:17:30.251+0000] {dag.py:3340} INFO - Setting next_dagrun for tutorial_taskflow_api to None, run_after=None
[2024-01-30T19:17:30.281+0000] {processor.py:176} INFO - Processing /home/airflow/.local/lib/python3.7/site-packages/airflow/example_dags/tutorial_taskflow_api.py took 0.164 seconds
[2024-01-30T19:18:00.919+0000] {processor.py:154} INFO - Started process (PID=3551) to work on /home/airflow/.local/lib/python3.7/site-packages/airflow/example_dags/tutorial_taskflow_api.py
[2024-01-30T19:18:00.921+0000] {processor.py:756} INFO - Processing file /home/airflow/.local/lib/python3.7/site-packages/airflow/example_dags/tutorial_taskflow_api.py for tasks to queue
[2024-01-30T19:18:00.922+0000] {logging_mixin.py:120} INFO - [2024-01-30T19:18:00.922+0000] {dagbag.py:537} INFO - Filling up the DagBag from /home/airflow/.local/lib/python3.7/site-packages/airflow/example_dags/tutorial_taskflow_api.py
[2024-01-30T19:18:00.952+0000] {processor.py:766} INFO - DAG(s) dict_keys(['tutorial_taskflow_api']) retrieved from /home/airflow/.local/lib/python3.7/site-packages/airflow/example_dags/tutorial_taskflow_api.py
[2024-01-30T19:18:01.011+0000] {logging_mixin.py:120} INFO - [2024-01-30T19:18:01.011+0000] {dag.py:2585} INFO - Sync 1 DAGs
[2024-01-30T19:18:01.054+0000] {logging_mixin.py:120} INFO - [2024-01-30T19:18:01.054+0000] {dag.py:3340} INFO - Setting next_dagrun for tutorial_taskflow_api to None, run_after=None
[2024-01-30T19:18:01.085+0000] {processor.py:176} INFO - Processing /home/airflow/.local/lib/python3.7/site-packages/airflow/example_dags/tutorial_taskflow_api.py took 0.171 seconds
[2024-01-30T19:18:31.502+0000] {processor.py:154} INFO - Started process (PID=3607) to work on /home/airflow/.local/lib/python3.7/site-packages/airflow/example_dags/tutorial_taskflow_api.py
[2024-01-30T19:18:31.503+0000] {processor.py:756} INFO - Processing file /home/airflow/.local/lib/python3.7/site-packages/airflow/example_dags/tutorial_taskflow_api.py for tasks to queue
[2024-01-30T19:18:31.504+0000] {logging_mixin.py:120} INFO - [2024-01-30T19:18:31.504+0000] {dagbag.py:537} INFO - Filling up the DagBag from /home/airflow/.local/lib/python3.7/site-packages/airflow/example_dags/tutorial_taskflow_api.py
[2024-01-30T19:18:31.533+0000] {processor.py:766} INFO - DAG(s) dict_keys(['tutorial_taskflow_api']) retrieved from /home/airflow/.local/lib/python3.7/site-packages/airflow/example_dags/tutorial_taskflow_api.py
[2024-01-30T19:18:31.584+0000] {logging_mixin.py:120} INFO - [2024-01-30T19:18:31.583+0000] {dag.py:2585} INFO - Sync 1 DAGs
[2024-01-30T19:18:31.614+0000] {logging_mixin.py:120} INFO - [2024-01-30T19:18:31.614+0000] {dag.py:3340} INFO - Setting next_dagrun for tutorial_taskflow_api to None, run_after=None
[2024-01-30T19:18:31.640+0000] {processor.py:176} INFO - Processing /home/airflow/.local/lib/python3.7/site-packages/airflow/example_dags/tutorial_taskflow_api.py took 0.143 seconds
[2024-01-30T19:19:01.912+0000] {processor.py:154} INFO - Started process (PID=3672) to work on /home/airflow/.local/lib/python3.7/site-packages/airflow/example_dags/tutorial_taskflow_api.py
[2024-01-30T19:19:01.914+0000] {processor.py:756} INFO - Processing file /home/airflow/.local/lib/python3.7/site-packages/airflow/example_dags/tutorial_taskflow_api.py for tasks to queue
[2024-01-30T19:19:01.915+0000] {logging_mixin.py:120} INFO - [2024-01-30T19:19:01.915+0000] {dagbag.py:537} INFO - Filling up the DagBag from /home/airflow/.local/lib/python3.7/site-packages/airflow/example_dags/tutorial_taskflow_api.py
[2024-01-30T19:19:01.948+0000] {processor.py:766} INFO - DAG(s) dict_keys(['tutorial_taskflow_api']) retrieved from /home/airflow/.local/lib/python3.7/site-packages/airflow/example_dags/tutorial_taskflow_api.py
[2024-01-30T19:19:02.001+0000] {logging_mixin.py:120} INFO - [2024-01-30T19:19:02.001+0000] {dag.py:2585} INFO - Sync 1 DAGs
[2024-01-30T19:19:02.034+0000] {logging_mixin.py:120} INFO - [2024-01-30T19:19:02.034+0000] {dag.py:3340} INFO - Setting next_dagrun for tutorial_taskflow_api to None, run_after=None
[2024-01-30T19:19:02.061+0000] {processor.py:176} INFO - Processing /home/airflow/.local/lib/python3.7/site-packages/airflow/example_dags/tutorial_taskflow_api.py took 0.154 seconds
[2024-01-30T19:19:32.173+0000] {processor.py:154} INFO - Started process (PID=3737) to work on /home/airflow/.local/lib/python3.7/site-packages/airflow/example_dags/tutorial_taskflow_api.py
[2024-01-30T19:19:32.174+0000] {processor.py:756} INFO - Processing file /home/airflow/.local/lib/python3.7/site-packages/airflow/example_dags/tutorial_taskflow_api.py for tasks to queue
[2024-01-30T19:19:32.176+0000] {logging_mixin.py:120} INFO - [2024-01-30T19:19:32.175+0000] {dagbag.py:537} INFO - Filling up the DagBag from /home/airflow/.local/lib/python3.7/site-packages/airflow/example_dags/tutorial_taskflow_api.py
[2024-01-30T19:19:32.207+0000] {processor.py:766} INFO - DAG(s) dict_keys(['tutorial_taskflow_api']) retrieved from /home/airflow/.local/lib/python3.7/site-packages/airflow/example_dags/tutorial_taskflow_api.py
[2024-01-30T19:19:32.267+0000] {logging_mixin.py:120} INFO - [2024-01-30T19:19:32.267+0000] {dag.py:2585} INFO - Sync 1 DAGs
[2024-01-30T19:19:32.300+0000] {logging_mixin.py:120} INFO - [2024-01-30T19:19:32.300+0000] {dag.py:3340} INFO - Setting next_dagrun for tutorial_taskflow_api to None, run_after=None
[2024-01-30T19:19:32.329+0000] {processor.py:176} INFO - Processing /home/airflow/.local/lib/python3.7/site-packages/airflow/example_dags/tutorial_taskflow_api.py took 0.160 seconds
[2024-01-30T19:20:02.815+0000] {processor.py:154} INFO - Started process (PID=3793) to work on /home/airflow/.local/lib/python3.7/site-packages/airflow/example_dags/tutorial_taskflow_api.py
[2024-01-30T19:20:02.830+0000] {processor.py:756} INFO - Processing file /home/airflow/.local/lib/python3.7/site-packages/airflow/example_dags/tutorial_taskflow_api.py for tasks to queue
[2024-01-30T19:20:02.834+0000] {logging_mixin.py:120} INFO - [2024-01-30T19:20:02.833+0000] {dagbag.py:537} INFO - Filling up the DagBag from /home/airflow/.local/lib/python3.7/site-packages/airflow/example_dags/tutorial_taskflow_api.py
[2024-01-30T19:20:02.905+0000] {processor.py:766} INFO - DAG(s) dict_keys(['tutorial_taskflow_api']) retrieved from /home/airflow/.local/lib/python3.7/site-packages/airflow/example_dags/tutorial_taskflow_api.py
[2024-01-30T19:20:03.023+0000] {logging_mixin.py:120} INFO - [2024-01-30T19:20:03.023+0000] {dag.py:2585} INFO - Sync 1 DAGs
[2024-01-30T19:20:03.079+0000] {logging_mixin.py:120} INFO - [2024-01-30T19:20:03.079+0000] {dag.py:3340} INFO - Setting next_dagrun for tutorial_taskflow_api to None, run_after=None
[2024-01-30T19:20:03.130+0000] {processor.py:176} INFO - Processing /home/airflow/.local/lib/python3.7/site-packages/airflow/example_dags/tutorial_taskflow_api.py took 0.337 seconds
[2024-01-30T19:20:33.366+0000] {processor.py:154} INFO - Started process (PID=3858) to work on /home/airflow/.local/lib/python3.7/site-packages/airflow/example_dags/tutorial_taskflow_api.py
[2024-01-30T19:20:33.368+0000] {processor.py:756} INFO - Processing file /home/airflow/.local/lib/python3.7/site-packages/airflow/example_dags/tutorial_taskflow_api.py for tasks to queue
[2024-01-30T19:20:33.370+0000] {logging_mixin.py:120} INFO - [2024-01-30T19:20:33.369+0000] {dagbag.py:537} INFO - Filling up the DagBag from /home/airflow/.local/lib/python3.7/site-packages/airflow/example_dags/tutorial_taskflow_api.py
[2024-01-30T19:20:33.408+0000] {processor.py:766} INFO - DAG(s) dict_keys(['tutorial_taskflow_api']) retrieved from /home/airflow/.local/lib/python3.7/site-packages/airflow/example_dags/tutorial_taskflow_api.py
[2024-01-30T19:20:33.467+0000] {logging_mixin.py:120} INFO - [2024-01-30T19:20:33.467+0000] {dag.py:2585} INFO - Sync 1 DAGs
[2024-01-30T19:20:33.501+0000] {logging_mixin.py:120} INFO - [2024-01-30T19:20:33.500+0000] {dag.py:3340} INFO - Setting next_dagrun for tutorial_taskflow_api to None, run_after=None
[2024-01-30T19:20:33.532+0000] {processor.py:176} INFO - Processing /home/airflow/.local/lib/python3.7/site-packages/airflow/example_dags/tutorial_taskflow_api.py took 0.172 seconds
[2024-01-30T19:21:03.619+0000] {processor.py:154} INFO - Started process (PID=3914) to work on /home/airflow/.local/lib/python3.7/site-packages/airflow/example_dags/tutorial_taskflow_api.py
[2024-01-30T19:21:03.621+0000] {processor.py:756} INFO - Processing file /home/airflow/.local/lib/python3.7/site-packages/airflow/example_dags/tutorial_taskflow_api.py for tasks to queue
[2024-01-30T19:21:03.623+0000] {logging_mixin.py:120} INFO - [2024-01-30T19:21:03.622+0000] {dagbag.py:537} INFO - Filling up the DagBag from /home/airflow/.local/lib/python3.7/site-packages/airflow/example_dags/tutorial_taskflow_api.py
[2024-01-30T19:21:03.655+0000] {processor.py:766} INFO - DAG(s) dict_keys(['tutorial_taskflow_api']) retrieved from /home/airflow/.local/lib/python3.7/site-packages/airflow/example_dags/tutorial_taskflow_api.py
[2024-01-30T19:21:03.717+0000] {logging_mixin.py:120} INFO - [2024-01-30T19:21:03.716+0000] {dag.py:2585} INFO - Sync 1 DAGs
[2024-01-30T19:21:03.753+0000] {logging_mixin.py:120} INFO - [2024-01-30T19:21:03.753+0000] {dag.py:3340} INFO - Setting next_dagrun for tutorial_taskflow_api to None, run_after=None
[2024-01-30T19:21:03.784+0000] {processor.py:176} INFO - Processing /home/airflow/.local/lib/python3.7/site-packages/airflow/example_dags/tutorial_taskflow_api.py took 0.170 seconds
[2024-01-30T19:21:33.892+0000] {processor.py:154} INFO - Started process (PID=3979) to work on /home/airflow/.local/lib/python3.7/site-packages/airflow/example_dags/tutorial_taskflow_api.py
[2024-01-30T19:21:33.893+0000] {processor.py:756} INFO - Processing file /home/airflow/.local/lib/python3.7/site-packages/airflow/example_dags/tutorial_taskflow_api.py for tasks to queue
[2024-01-30T19:21:33.894+0000] {logging_mixin.py:120} INFO - [2024-01-30T19:21:33.894+0000] {dagbag.py:537} INFO - Filling up the DagBag from /home/airflow/.local/lib/python3.7/site-packages/airflow/example_dags/tutorial_taskflow_api.py
[2024-01-30T19:21:33.920+0000] {processor.py:766} INFO - DAG(s) dict_keys(['tutorial_taskflow_api']) retrieved from /home/airflow/.local/lib/python3.7/site-packages/airflow/example_dags/tutorial_taskflow_api.py
[2024-01-30T19:21:33.971+0000] {logging_mixin.py:120} INFO - [2024-01-30T19:21:33.970+0000] {dag.py:2585} INFO - Sync 1 DAGs
[2024-01-30T19:21:34.000+0000] {logging_mixin.py:120} INFO - [2024-01-30T19:21:34.000+0000] {dag.py:3340} INFO - Setting next_dagrun for tutorial_taskflow_api to None, run_after=None
[2024-01-30T19:21:34.027+0000] {processor.py:176} INFO - Processing /home/airflow/.local/lib/python3.7/site-packages/airflow/example_dags/tutorial_taskflow_api.py took 0.140 seconds
