[2024-01-30T18:49:04.323+0000] {processor.py:154} INFO - Started process (PID=71) to work on /home/airflow/.local/lib/python3.7/site-packages/airflow/example_dags/tutorial.py
[2024-01-30T18:49:04.335+0000] {processor.py:756} INFO - Processing file /home/airflow/.local/lib/python3.7/site-packages/airflow/example_dags/tutorial.py for tasks to queue
[2024-01-30T18:49:04.341+0000] {logging_mixin.py:120} INFO - [2024-01-30T18:49:04.340+0000] {dagbag.py:537} INFO - Filling up the DagBag from /home/airflow/.local/lib/python3.7/site-packages/airflow/example_dags/tutorial.py
[2024-01-30T18:49:04.632+0000] {processor.py:766} INFO - DAG(s) dict_keys(['tutorial']) retrieved from /home/airflow/.local/lib/python3.7/site-packages/airflow/example_dags/tutorial.py
[2024-01-30T18:49:05.647+0000] {logging_mixin.py:120} INFO - [2024-01-30T18:49:05.647+0000] {dag.py:2585} INFO - Sync 1 DAGs
[2024-01-30T18:49:05.972+0000] {logging_mixin.py:120} INFO - [2024-01-30T18:49:05.971+0000] {dag.py:3340} INFO - Setting next_dagrun for tutorial to 2024-01-29T18:49:05.965344+00:00, run_after=2024-01-30T18:49:05.965344+00:00
[2024-01-30T18:49:06.142+0000] {processor.py:176} INFO - Processing /home/airflow/.local/lib/python3.7/site-packages/airflow/example_dags/tutorial.py took 1.833 seconds
[2024-01-30T18:49:36.417+0000] {processor.py:154} INFO - Started process (PID=127) to work on /home/airflow/.local/lib/python3.7/site-packages/airflow/example_dags/tutorial.py
[2024-01-30T18:49:36.424+0000] {processor.py:756} INFO - Processing file /home/airflow/.local/lib/python3.7/site-packages/airflow/example_dags/tutorial.py for tasks to queue
[2024-01-30T18:49:36.429+0000] {logging_mixin.py:120} INFO - [2024-01-30T18:49:36.427+0000] {dagbag.py:537} INFO - Filling up the DagBag from /home/airflow/.local/lib/python3.7/site-packages/airflow/example_dags/tutorial.py
[2024-01-30T18:49:36.492+0000] {processor.py:766} INFO - DAG(s) dict_keys(['tutorial']) retrieved from /home/airflow/.local/lib/python3.7/site-packages/airflow/example_dags/tutorial.py
[2024-01-30T18:49:36.587+0000] {logging_mixin.py:120} INFO - [2024-01-30T18:49:36.587+0000] {dag.py:2585} INFO - Sync 1 DAGs
[2024-01-30T18:49:36.630+0000] {logging_mixin.py:120} INFO - [2024-01-30T18:49:36.629+0000] {dag.py:3340} INFO - Setting next_dagrun for tutorial to 2024-01-29T18:49:36.629154+00:00, run_after=2024-01-30T18:49:36.629154+00:00
[2024-01-30T18:49:36.661+0000] {processor.py:176} INFO - Processing /home/airflow/.local/lib/python3.7/site-packages/airflow/example_dags/tutorial.py took 0.265 seconds
[2024-01-30T18:50:06.765+0000] {processor.py:154} INFO - Started process (PID=192) to work on /home/airflow/.local/lib/python3.7/site-packages/airflow/example_dags/tutorial.py
[2024-01-30T18:50:06.768+0000] {processor.py:756} INFO - Processing file /home/airflow/.local/lib/python3.7/site-packages/airflow/example_dags/tutorial.py for tasks to queue
[2024-01-30T18:50:06.770+0000] {logging_mixin.py:120} INFO - [2024-01-30T18:50:06.770+0000] {dagbag.py:537} INFO - Filling up the DagBag from /home/airflow/.local/lib/python3.7/site-packages/airflow/example_dags/tutorial.py
[2024-01-30T18:50:06.796+0000] {processor.py:766} INFO - DAG(s) dict_keys(['tutorial']) retrieved from /home/airflow/.local/lib/python3.7/site-packages/airflow/example_dags/tutorial.py
[2024-01-30T18:50:06.870+0000] {logging_mixin.py:120} INFO - [2024-01-30T18:50:06.869+0000] {dag.py:2585} INFO - Sync 1 DAGs
[2024-01-30T18:50:06.912+0000] {logging_mixin.py:120} INFO - [2024-01-30T18:50:06.912+0000] {dag.py:3340} INFO - Setting next_dagrun for tutorial to 2024-01-29T18:50:06.912071+00:00, run_after=2024-01-30T18:50:06.912071+00:00
[2024-01-30T18:50:06.949+0000] {processor.py:176} INFO - Processing /home/airflow/.local/lib/python3.7/site-packages/airflow/example_dags/tutorial.py took 0.190 seconds
[2024-01-30T18:50:37.052+0000] {processor.py:154} INFO - Started process (PID=256) to work on /home/airflow/.local/lib/python3.7/site-packages/airflow/example_dags/tutorial.py
[2024-01-30T18:50:37.054+0000] {processor.py:756} INFO - Processing file /home/airflow/.local/lib/python3.7/site-packages/airflow/example_dags/tutorial.py for tasks to queue
[2024-01-30T18:50:37.055+0000] {logging_mixin.py:120} INFO - [2024-01-30T18:50:37.055+0000] {dagbag.py:537} INFO - Filling up the DagBag from /home/airflow/.local/lib/python3.7/site-packages/airflow/example_dags/tutorial.py
[2024-01-30T18:50:37.078+0000] {processor.py:766} INFO - DAG(s) dict_keys(['tutorial']) retrieved from /home/airflow/.local/lib/python3.7/site-packages/airflow/example_dags/tutorial.py
[2024-01-30T18:50:37.145+0000] {logging_mixin.py:120} INFO - [2024-01-30T18:50:37.145+0000] {dag.py:2585} INFO - Sync 1 DAGs
[2024-01-30T18:50:37.188+0000] {logging_mixin.py:120} INFO - [2024-01-30T18:50:37.187+0000] {dag.py:3340} INFO - Setting next_dagrun for tutorial to 2024-01-29T18:50:37.187439+00:00, run_after=2024-01-30T18:50:37.187439+00:00
[2024-01-30T18:50:37.217+0000] {processor.py:176} INFO - Processing /home/airflow/.local/lib/python3.7/site-packages/airflow/example_dags/tutorial.py took 0.170 seconds
[2024-01-30T18:51:07.862+0000] {processor.py:154} INFO - Started process (PID=310) to work on /home/airflow/.local/lib/python3.7/site-packages/airflow/example_dags/tutorial.py
[2024-01-30T18:51:07.865+0000] {processor.py:756} INFO - Processing file /home/airflow/.local/lib/python3.7/site-packages/airflow/example_dags/tutorial.py for tasks to queue
[2024-01-30T18:51:07.867+0000] {logging_mixin.py:120} INFO - [2024-01-30T18:51:07.866+0000] {dagbag.py:537} INFO - Filling up the DagBag from /home/airflow/.local/lib/python3.7/site-packages/airflow/example_dags/tutorial.py
[2024-01-30T18:51:07.902+0000] {processor.py:766} INFO - DAG(s) dict_keys(['tutorial']) retrieved from /home/airflow/.local/lib/python3.7/site-packages/airflow/example_dags/tutorial.py
[2024-01-30T18:51:07.971+0000] {logging_mixin.py:120} INFO - [2024-01-30T18:51:07.971+0000] {dag.py:2585} INFO - Sync 1 DAGs
[2024-01-30T18:51:08.017+0000] {logging_mixin.py:120} INFO - [2024-01-30T18:51:08.016+0000] {dag.py:3340} INFO - Setting next_dagrun for tutorial to 2024-01-29T18:51:08.016336+00:00, run_after=2024-01-30T18:51:08.016336+00:00
[2024-01-30T18:51:08.052+0000] {processor.py:176} INFO - Processing /home/airflow/.local/lib/python3.7/site-packages/airflow/example_dags/tutorial.py took 0.196 seconds
[2024-01-30T18:51:38.521+0000] {processor.py:154} INFO - Started process (PID=375) to work on /home/airflow/.local/lib/python3.7/site-packages/airflow/example_dags/tutorial.py
[2024-01-30T18:51:38.523+0000] {processor.py:756} INFO - Processing file /home/airflow/.local/lib/python3.7/site-packages/airflow/example_dags/tutorial.py for tasks to queue
[2024-01-30T18:51:38.524+0000] {logging_mixin.py:120} INFO - [2024-01-30T18:51:38.524+0000] {dagbag.py:537} INFO - Filling up the DagBag from /home/airflow/.local/lib/python3.7/site-packages/airflow/example_dags/tutorial.py
[2024-01-30T18:51:38.548+0000] {processor.py:766} INFO - DAG(s) dict_keys(['tutorial']) retrieved from /home/airflow/.local/lib/python3.7/site-packages/airflow/example_dags/tutorial.py
[2024-01-30T18:51:38.609+0000] {logging_mixin.py:120} INFO - [2024-01-30T18:51:38.609+0000] {dag.py:2585} INFO - Sync 1 DAGs
[2024-01-30T18:51:38.644+0000] {logging_mixin.py:120} INFO - [2024-01-30T18:51:38.644+0000] {dag.py:3340} INFO - Setting next_dagrun for tutorial to 2024-01-29T18:51:38.644204+00:00, run_after=2024-01-30T18:51:38.644204+00:00
[2024-01-30T18:51:38.672+0000] {processor.py:176} INFO - Processing /home/airflow/.local/lib/python3.7/site-packages/airflow/example_dags/tutorial.py took 0.157 seconds
[2024-01-30T18:52:09.127+0000] {processor.py:154} INFO - Started process (PID=442) to work on /home/airflow/.local/lib/python3.7/site-packages/airflow/example_dags/tutorial.py
[2024-01-30T18:52:09.129+0000] {processor.py:756} INFO - Processing file /home/airflow/.local/lib/python3.7/site-packages/airflow/example_dags/tutorial.py for tasks to queue
[2024-01-30T18:52:09.130+0000] {logging_mixin.py:120} INFO - [2024-01-30T18:52:09.129+0000] {dagbag.py:537} INFO - Filling up the DagBag from /home/airflow/.local/lib/python3.7/site-packages/airflow/example_dags/tutorial.py
[2024-01-30T18:52:09.153+0000] {processor.py:766} INFO - DAG(s) dict_keys(['tutorial']) retrieved from /home/airflow/.local/lib/python3.7/site-packages/airflow/example_dags/tutorial.py
[2024-01-30T18:52:09.220+0000] {logging_mixin.py:120} INFO - [2024-01-30T18:52:09.219+0000] {dag.py:2585} INFO - Sync 1 DAGs
[2024-01-30T18:52:09.263+0000] {logging_mixin.py:120} INFO - [2024-01-30T18:52:09.263+0000] {dag.py:3340} INFO - Setting next_dagrun for tutorial to 2024-01-29T18:52:09.263126+00:00, run_after=2024-01-30T18:52:09.263126+00:00
[2024-01-30T18:52:09.297+0000] {processor.py:176} INFO - Processing /home/airflow/.local/lib/python3.7/site-packages/airflow/example_dags/tutorial.py took 0.174 seconds
[2024-01-30T18:52:39.332+0000] {processor.py:154} INFO - Started process (PID=497) to work on /home/airflow/.local/lib/python3.7/site-packages/airflow/example_dags/tutorial.py
[2024-01-30T18:52:39.334+0000] {processor.py:756} INFO - Processing file /home/airflow/.local/lib/python3.7/site-packages/airflow/example_dags/tutorial.py for tasks to queue
[2024-01-30T18:52:39.335+0000] {logging_mixin.py:120} INFO - [2024-01-30T18:52:39.335+0000] {dagbag.py:537} INFO - Filling up the DagBag from /home/airflow/.local/lib/python3.7/site-packages/airflow/example_dags/tutorial.py
[2024-01-30T18:52:39.357+0000] {processor.py:766} INFO - DAG(s) dict_keys(['tutorial']) retrieved from /home/airflow/.local/lib/python3.7/site-packages/airflow/example_dags/tutorial.py
[2024-01-30T18:52:39.412+0000] {logging_mixin.py:120} INFO - [2024-01-30T18:52:39.412+0000] {dag.py:2585} INFO - Sync 1 DAGs
[2024-01-30T18:52:39.443+0000] {logging_mixin.py:120} INFO - [2024-01-30T18:52:39.443+0000] {dag.py:3340} INFO - Setting next_dagrun for tutorial to 2024-01-29T18:52:39.443095+00:00, run_after=2024-01-30T18:52:39.443095+00:00
[2024-01-30T18:52:39.469+0000] {processor.py:176} INFO - Processing /home/airflow/.local/lib/python3.7/site-packages/airflow/example_dags/tutorial.py took 0.143 seconds
[2024-01-30T18:53:09.590+0000] {processor.py:154} INFO - Started process (PID=561) to work on /home/airflow/.local/lib/python3.7/site-packages/airflow/example_dags/tutorial.py
[2024-01-30T18:53:09.595+0000] {processor.py:756} INFO - Processing file /home/airflow/.local/lib/python3.7/site-packages/airflow/example_dags/tutorial.py for tasks to queue
[2024-01-30T18:53:09.596+0000] {logging_mixin.py:120} INFO - [2024-01-30T18:53:09.596+0000] {dagbag.py:537} INFO - Filling up the DagBag from /home/airflow/.local/lib/python3.7/site-packages/airflow/example_dags/tutorial.py
[2024-01-30T18:53:09.619+0000] {processor.py:766} INFO - DAG(s) dict_keys(['tutorial']) retrieved from /home/airflow/.local/lib/python3.7/site-packages/airflow/example_dags/tutorial.py
[2024-01-30T18:53:09.692+0000] {logging_mixin.py:120} INFO - [2024-01-30T18:53:09.692+0000] {dag.py:2585} INFO - Sync 1 DAGs
[2024-01-30T18:53:09.746+0000] {logging_mixin.py:120} INFO - [2024-01-30T18:53:09.746+0000] {dag.py:3340} INFO - Setting next_dagrun for tutorial to 2024-01-29T18:53:09.745483+00:00, run_after=2024-01-30T18:53:09.745483+00:00
[2024-01-30T18:53:09.783+0000] {processor.py:176} INFO - Processing /home/airflow/.local/lib/python3.7/site-packages/airflow/example_dags/tutorial.py took 0.199 seconds
[2024-01-30T18:53:39.836+0000] {processor.py:154} INFO - Started process (PID=635) to work on /home/airflow/.local/lib/python3.7/site-packages/airflow/example_dags/tutorial.py
[2024-01-30T18:53:39.839+0000] {processor.py:756} INFO - Processing file /home/airflow/.local/lib/python3.7/site-packages/airflow/example_dags/tutorial.py for tasks to queue
[2024-01-30T18:53:39.841+0000] {logging_mixin.py:120} INFO - [2024-01-30T18:53:39.840+0000] {dagbag.py:537} INFO - Filling up the DagBag from /home/airflow/.local/lib/python3.7/site-packages/airflow/example_dags/tutorial.py
[2024-01-30T18:53:39.869+0000] {processor.py:766} INFO - DAG(s) dict_keys(['tutorial']) retrieved from /home/airflow/.local/lib/python3.7/site-packages/airflow/example_dags/tutorial.py
[2024-01-30T18:53:39.942+0000] {logging_mixin.py:120} INFO - [2024-01-30T18:53:39.942+0000] {dag.py:2585} INFO - Sync 1 DAGs
[2024-01-30T18:53:39.976+0000] {logging_mixin.py:120} INFO - [2024-01-30T18:53:39.976+0000] {dag.py:3340} INFO - Setting next_dagrun for tutorial to 2024-01-29T18:53:39.976490+00:00, run_after=2024-01-30T18:53:39.976490+00:00
[2024-01-30T18:53:40.001+0000] {processor.py:176} INFO - Processing /home/airflow/.local/lib/python3.7/site-packages/airflow/example_dags/tutorial.py took 0.172 seconds
[2024-01-30T18:54:10.795+0000] {processor.py:154} INFO - Started process (PID=690) to work on /home/airflow/.local/lib/python3.7/site-packages/airflow/example_dags/tutorial.py
[2024-01-30T18:54:10.797+0000] {processor.py:756} INFO - Processing file /home/airflow/.local/lib/python3.7/site-packages/airflow/example_dags/tutorial.py for tasks to queue
[2024-01-30T18:54:10.798+0000] {logging_mixin.py:120} INFO - [2024-01-30T18:54:10.798+0000] {dagbag.py:537} INFO - Filling up the DagBag from /home/airflow/.local/lib/python3.7/site-packages/airflow/example_dags/tutorial.py
[2024-01-30T18:54:10.817+0000] {processor.py:766} INFO - DAG(s) dict_keys(['tutorial']) retrieved from /home/airflow/.local/lib/python3.7/site-packages/airflow/example_dags/tutorial.py
[2024-01-30T18:54:10.873+0000] {logging_mixin.py:120} INFO - [2024-01-30T18:54:10.873+0000] {dag.py:2585} INFO - Sync 1 DAGs
[2024-01-30T18:54:10.910+0000] {logging_mixin.py:120} INFO - [2024-01-30T18:54:10.910+0000] {dag.py:3340} INFO - Setting next_dagrun for tutorial to 2024-01-29T18:54:10.909732+00:00, run_after=2024-01-30T18:54:10.909732+00:00
[2024-01-30T18:54:10.935+0000] {processor.py:176} INFO - Processing /home/airflow/.local/lib/python3.7/site-packages/airflow/example_dags/tutorial.py took 0.144 seconds
[2024-01-30T18:54:41.148+0000] {processor.py:154} INFO - Started process (PID=754) to work on /home/airflow/.local/lib/python3.7/site-packages/airflow/example_dags/tutorial.py
[2024-01-30T18:54:41.150+0000] {processor.py:756} INFO - Processing file /home/airflow/.local/lib/python3.7/site-packages/airflow/example_dags/tutorial.py for tasks to queue
[2024-01-30T18:54:41.152+0000] {logging_mixin.py:120} INFO - [2024-01-30T18:54:41.152+0000] {dagbag.py:537} INFO - Filling up the DagBag from /home/airflow/.local/lib/python3.7/site-packages/airflow/example_dags/tutorial.py
[2024-01-30T18:54:41.183+0000] {processor.py:766} INFO - DAG(s) dict_keys(['tutorial']) retrieved from /home/airflow/.local/lib/python3.7/site-packages/airflow/example_dags/tutorial.py
[2024-01-30T18:54:41.279+0000] {logging_mixin.py:120} INFO - [2024-01-30T18:54:41.279+0000] {dag.py:2585} INFO - Sync 1 DAGs
[2024-01-30T18:54:41.321+0000] {logging_mixin.py:120} INFO - [2024-01-30T18:54:41.321+0000] {dag.py:3340} INFO - Setting next_dagrun for tutorial to 2024-01-29T18:54:41.321215+00:00, run_after=2024-01-30T18:54:41.321215+00:00
[2024-01-30T18:54:41.356+0000] {processor.py:176} INFO - Processing /home/airflow/.local/lib/python3.7/site-packages/airflow/example_dags/tutorial.py took 0.216 seconds
[2024-01-30T18:55:12.084+0000] {processor.py:154} INFO - Started process (PID=809) to work on /home/airflow/.local/lib/python3.7/site-packages/airflow/example_dags/tutorial.py
[2024-01-30T18:55:12.086+0000] {processor.py:756} INFO - Processing file /home/airflow/.local/lib/python3.7/site-packages/airflow/example_dags/tutorial.py for tasks to queue
[2024-01-30T18:55:12.088+0000] {logging_mixin.py:120} INFO - [2024-01-30T18:55:12.087+0000] {dagbag.py:537} INFO - Filling up the DagBag from /home/airflow/.local/lib/python3.7/site-packages/airflow/example_dags/tutorial.py
[2024-01-30T18:55:12.132+0000] {processor.py:766} INFO - DAG(s) dict_keys(['tutorial']) retrieved from /home/airflow/.local/lib/python3.7/site-packages/airflow/example_dags/tutorial.py
[2024-01-30T18:55:12.215+0000] {logging_mixin.py:120} INFO - [2024-01-30T18:55:12.214+0000] {dag.py:2585} INFO - Sync 1 DAGs
[2024-01-30T18:55:12.252+0000] {logging_mixin.py:120} INFO - [2024-01-30T18:55:12.252+0000] {dag.py:3340} INFO - Setting next_dagrun for tutorial to 2024-01-29T18:55:12.252027+00:00, run_after=2024-01-30T18:55:12.252027+00:00
[2024-01-30T18:55:12.279+0000] {processor.py:176} INFO - Processing /home/airflow/.local/lib/python3.7/site-packages/airflow/example_dags/tutorial.py took 0.202 seconds
[2024-01-30T18:55:42.752+0000] {processor.py:154} INFO - Started process (PID=872) to work on /home/airflow/.local/lib/python3.7/site-packages/airflow/example_dags/tutorial.py
[2024-01-30T18:55:42.755+0000] {processor.py:756} INFO - Processing file /home/airflow/.local/lib/python3.7/site-packages/airflow/example_dags/tutorial.py for tasks to queue
[2024-01-30T18:55:42.757+0000] {logging_mixin.py:120} INFO - [2024-01-30T18:55:42.757+0000] {dagbag.py:537} INFO - Filling up the DagBag from /home/airflow/.local/lib/python3.7/site-packages/airflow/example_dags/tutorial.py
[2024-01-30T18:55:42.781+0000] {processor.py:766} INFO - DAG(s) dict_keys(['tutorial']) retrieved from /home/airflow/.local/lib/python3.7/site-packages/airflow/example_dags/tutorial.py
[2024-01-30T18:55:42.848+0000] {logging_mixin.py:120} INFO - [2024-01-30T18:55:42.848+0000] {dag.py:2585} INFO - Sync 1 DAGs
[2024-01-30T18:55:42.892+0000] {logging_mixin.py:120} INFO - [2024-01-30T18:55:42.892+0000] {dag.py:3340} INFO - Setting next_dagrun for tutorial to 2024-01-29T18:55:42.892032+00:00, run_after=2024-01-30T18:55:42.892032+00:00
[2024-01-30T18:55:42.928+0000] {processor.py:176} INFO - Processing /home/airflow/.local/lib/python3.7/site-packages/airflow/example_dags/tutorial.py took 0.181 seconds
[2024-01-30T18:56:13.096+0000] {processor.py:154} INFO - Started process (PID=935) to work on /home/airflow/.local/lib/python3.7/site-packages/airflow/example_dags/tutorial.py
[2024-01-30T18:56:13.098+0000] {processor.py:756} INFO - Processing file /home/airflow/.local/lib/python3.7/site-packages/airflow/example_dags/tutorial.py for tasks to queue
[2024-01-30T18:56:13.099+0000] {logging_mixin.py:120} INFO - [2024-01-30T18:56:13.099+0000] {dagbag.py:537} INFO - Filling up the DagBag from /home/airflow/.local/lib/python3.7/site-packages/airflow/example_dags/tutorial.py
[2024-01-30T18:56:13.125+0000] {processor.py:766} INFO - DAG(s) dict_keys(['tutorial']) retrieved from /home/airflow/.local/lib/python3.7/site-packages/airflow/example_dags/tutorial.py
[2024-01-30T18:56:13.190+0000] {logging_mixin.py:120} INFO - [2024-01-30T18:56:13.189+0000] {dag.py:2585} INFO - Sync 1 DAGs
[2024-01-30T18:56:13.224+0000] {logging_mixin.py:120} INFO - [2024-01-30T18:56:13.224+0000] {dag.py:3340} INFO - Setting next_dagrun for tutorial to 2024-01-29T18:56:13.224229+00:00, run_after=2024-01-30T18:56:13.224229+00:00
[2024-01-30T18:56:13.249+0000] {processor.py:176} INFO - Processing /home/airflow/.local/lib/python3.7/site-packages/airflow/example_dags/tutorial.py took 0.158 seconds
[2024-01-30T18:56:43.570+0000] {processor.py:154} INFO - Started process (PID=990) to work on /home/airflow/.local/lib/python3.7/site-packages/airflow/example_dags/tutorial.py
[2024-01-30T18:56:43.571+0000] {processor.py:756} INFO - Processing file /home/airflow/.local/lib/python3.7/site-packages/airflow/example_dags/tutorial.py for tasks to queue
[2024-01-30T18:56:43.573+0000] {logging_mixin.py:120} INFO - [2024-01-30T18:56:43.573+0000] {dagbag.py:537} INFO - Filling up the DagBag from /home/airflow/.local/lib/python3.7/site-packages/airflow/example_dags/tutorial.py
[2024-01-30T18:56:43.603+0000] {processor.py:766} INFO - DAG(s) dict_keys(['tutorial']) retrieved from /home/airflow/.local/lib/python3.7/site-packages/airflow/example_dags/tutorial.py
[2024-01-30T18:56:43.687+0000] {logging_mixin.py:120} INFO - [2024-01-30T18:56:43.687+0000] {dag.py:2585} INFO - Sync 1 DAGs
[2024-01-30T18:56:43.749+0000] {logging_mixin.py:120} INFO - [2024-01-30T18:56:43.749+0000] {dag.py:3340} INFO - Setting next_dagrun for tutorial to 2024-01-29T18:56:43.748987+00:00, run_after=2024-01-30T18:56:43.748987+00:00
[2024-01-30T18:56:43.789+0000] {processor.py:176} INFO - Processing /home/airflow/.local/lib/python3.7/site-packages/airflow/example_dags/tutorial.py took 0.224 seconds
[2024-01-30T18:57:14.005+0000] {processor.py:154} INFO - Started process (PID=1054) to work on /home/airflow/.local/lib/python3.7/site-packages/airflow/example_dags/tutorial.py
[2024-01-30T18:57:14.006+0000] {processor.py:756} INFO - Processing file /home/airflow/.local/lib/python3.7/site-packages/airflow/example_dags/tutorial.py for tasks to queue
[2024-01-30T18:57:14.008+0000] {logging_mixin.py:120} INFO - [2024-01-30T18:57:14.008+0000] {dagbag.py:537} INFO - Filling up the DagBag from /home/airflow/.local/lib/python3.7/site-packages/airflow/example_dags/tutorial.py
[2024-01-30T18:57:14.040+0000] {processor.py:766} INFO - DAG(s) dict_keys(['tutorial']) retrieved from /home/airflow/.local/lib/python3.7/site-packages/airflow/example_dags/tutorial.py
[2024-01-30T18:57:14.098+0000] {logging_mixin.py:120} INFO - [2024-01-30T18:57:14.097+0000] {dag.py:2585} INFO - Sync 1 DAGs
[2024-01-30T18:57:14.129+0000] {logging_mixin.py:120} INFO - [2024-01-30T18:57:14.129+0000] {dag.py:3340} INFO - Setting next_dagrun for tutorial to 2024-01-29T18:57:14.129050+00:00, run_after=2024-01-30T18:57:14.129050+00:00
[2024-01-30T18:57:14.154+0000] {processor.py:176} INFO - Processing /home/airflow/.local/lib/python3.7/site-packages/airflow/example_dags/tutorial.py took 0.155 seconds
[2024-01-30T18:57:44.198+0000] {processor.py:154} INFO - Started process (PID=1108) to work on /home/airflow/.local/lib/python3.7/site-packages/airflow/example_dags/tutorial.py
[2024-01-30T18:57:44.199+0000] {processor.py:756} INFO - Processing file /home/airflow/.local/lib/python3.7/site-packages/airflow/example_dags/tutorial.py for tasks to queue
[2024-01-30T18:57:44.200+0000] {logging_mixin.py:120} INFO - [2024-01-30T18:57:44.200+0000] {dagbag.py:537} INFO - Filling up the DagBag from /home/airflow/.local/lib/python3.7/site-packages/airflow/example_dags/tutorial.py
[2024-01-30T18:57:44.225+0000] {processor.py:766} INFO - DAG(s) dict_keys(['tutorial']) retrieved from /home/airflow/.local/lib/python3.7/site-packages/airflow/example_dags/tutorial.py
[2024-01-30T18:57:44.287+0000] {logging_mixin.py:120} INFO - [2024-01-30T18:57:44.287+0000] {dag.py:2585} INFO - Sync 1 DAGs
[2024-01-30T18:57:44.321+0000] {logging_mixin.py:120} INFO - [2024-01-30T18:57:44.320+0000] {dag.py:3340} INFO - Setting next_dagrun for tutorial to 2024-01-29T18:57:44.320566+00:00, run_after=2024-01-30T18:57:44.320566+00:00
[2024-01-30T18:57:44.349+0000] {processor.py:176} INFO - Processing /home/airflow/.local/lib/python3.7/site-packages/airflow/example_dags/tutorial.py took 0.157 seconds
[2024-01-30T18:58:14.714+0000] {processor.py:154} INFO - Started process (PID=1172) to work on /home/airflow/.local/lib/python3.7/site-packages/airflow/example_dags/tutorial.py
[2024-01-30T18:58:14.716+0000] {processor.py:756} INFO - Processing file /home/airflow/.local/lib/python3.7/site-packages/airflow/example_dags/tutorial.py for tasks to queue
[2024-01-30T18:58:14.718+0000] {logging_mixin.py:120} INFO - [2024-01-30T18:58:14.718+0000] {dagbag.py:537} INFO - Filling up the DagBag from /home/airflow/.local/lib/python3.7/site-packages/airflow/example_dags/tutorial.py
[2024-01-30T18:58:14.752+0000] {processor.py:766} INFO - DAG(s) dict_keys(['tutorial']) retrieved from /home/airflow/.local/lib/python3.7/site-packages/airflow/example_dags/tutorial.py
[2024-01-30T18:58:14.843+0000] {logging_mixin.py:120} INFO - [2024-01-30T18:58:14.843+0000] {dag.py:2585} INFO - Sync 1 DAGs
[2024-01-30T18:58:14.902+0000] {logging_mixin.py:120} INFO - [2024-01-30T18:58:14.901+0000] {dag.py:3340} INFO - Setting next_dagrun for tutorial to 2024-01-29T18:58:14.901279+00:00, run_after=2024-01-30T18:58:14.901279+00:00
[2024-01-30T18:58:14.949+0000] {processor.py:176} INFO - Processing /home/airflow/.local/lib/python3.7/site-packages/airflow/example_dags/tutorial.py took 0.243 seconds
[2024-01-30T18:58:45.377+0000] {processor.py:154} INFO - Started process (PID=1236) to work on /home/airflow/.local/lib/python3.7/site-packages/airflow/example_dags/tutorial.py
[2024-01-30T18:58:45.379+0000] {processor.py:756} INFO - Processing file /home/airflow/.local/lib/python3.7/site-packages/airflow/example_dags/tutorial.py for tasks to queue
[2024-01-30T18:58:45.381+0000] {logging_mixin.py:120} INFO - [2024-01-30T18:58:45.381+0000] {dagbag.py:537} INFO - Filling up the DagBag from /home/airflow/.local/lib/python3.7/site-packages/airflow/example_dags/tutorial.py
[2024-01-30T18:58:45.413+0000] {processor.py:766} INFO - DAG(s) dict_keys(['tutorial']) retrieved from /home/airflow/.local/lib/python3.7/site-packages/airflow/example_dags/tutorial.py
[2024-01-30T18:58:45.499+0000] {logging_mixin.py:120} INFO - [2024-01-30T18:58:45.499+0000] {dag.py:2585} INFO - Sync 1 DAGs
[2024-01-30T18:58:45.547+0000] {logging_mixin.py:120} INFO - [2024-01-30T18:58:45.547+0000] {dag.py:3340} INFO - Setting next_dagrun for tutorial to 2024-01-29T18:58:45.546786+00:00, run_after=2024-01-30T18:58:45.546786+00:00
[2024-01-30T18:58:45.593+0000] {processor.py:176} INFO - Processing /home/airflow/.local/lib/python3.7/site-packages/airflow/example_dags/tutorial.py took 0.221 seconds
[2024-01-30T18:59:16.160+0000] {processor.py:154} INFO - Started process (PID=1291) to work on /home/airflow/.local/lib/python3.7/site-packages/airflow/example_dags/tutorial.py
[2024-01-30T18:59:16.161+0000] {processor.py:756} INFO - Processing file /home/airflow/.local/lib/python3.7/site-packages/airflow/example_dags/tutorial.py for tasks to queue
[2024-01-30T18:59:16.163+0000] {logging_mixin.py:120} INFO - [2024-01-30T18:59:16.163+0000] {dagbag.py:537} INFO - Filling up the DagBag from /home/airflow/.local/lib/python3.7/site-packages/airflow/example_dags/tutorial.py
[2024-01-30T18:59:16.191+0000] {processor.py:766} INFO - DAG(s) dict_keys(['tutorial']) retrieved from /home/airflow/.local/lib/python3.7/site-packages/airflow/example_dags/tutorial.py
[2024-01-30T18:59:16.284+0000] {logging_mixin.py:120} INFO - [2024-01-30T18:59:16.284+0000] {dag.py:2585} INFO - Sync 1 DAGs
[2024-01-30T18:59:16.337+0000] {logging_mixin.py:120} INFO - [2024-01-30T18:59:16.336+0000] {dag.py:3340} INFO - Setting next_dagrun for tutorial to 2024-01-29T18:59:16.336398+00:00, run_after=2024-01-30T18:59:16.336398+00:00
[2024-01-30T18:59:16.371+0000] {processor.py:176} INFO - Processing /home/airflow/.local/lib/python3.7/site-packages/airflow/example_dags/tutorial.py took 0.218 seconds
[2024-01-30T18:59:46.753+0000] {processor.py:154} INFO - Started process (PID=1356) to work on /home/airflow/.local/lib/python3.7/site-packages/airflow/example_dags/tutorial.py
[2024-01-30T18:59:46.755+0000] {processor.py:756} INFO - Processing file /home/airflow/.local/lib/python3.7/site-packages/airflow/example_dags/tutorial.py for tasks to queue
[2024-01-30T18:59:46.758+0000] {logging_mixin.py:120} INFO - [2024-01-30T18:59:46.757+0000] {dagbag.py:537} INFO - Filling up the DagBag from /home/airflow/.local/lib/python3.7/site-packages/airflow/example_dags/tutorial.py
[2024-01-30T18:59:46.786+0000] {processor.py:766} INFO - DAG(s) dict_keys(['tutorial']) retrieved from /home/airflow/.local/lib/python3.7/site-packages/airflow/example_dags/tutorial.py
[2024-01-30T18:59:46.858+0000] {logging_mixin.py:120} INFO - [2024-01-30T18:59:46.858+0000] {dag.py:2585} INFO - Sync 1 DAGs
[2024-01-30T18:59:46.901+0000] {logging_mixin.py:120} INFO - [2024-01-30T18:59:46.901+0000] {dag.py:3340} INFO - Setting next_dagrun for tutorial to 2024-01-29T18:59:46.901322+00:00, run_after=2024-01-30T18:59:46.901322+00:00
[2024-01-30T18:59:46.936+0000] {processor.py:176} INFO - Processing /home/airflow/.local/lib/python3.7/site-packages/airflow/example_dags/tutorial.py took 0.189 seconds
[2024-01-30T19:00:17.789+0000] {processor.py:154} INFO - Started process (PID=1411) to work on /home/airflow/.local/lib/python3.7/site-packages/airflow/example_dags/tutorial.py
[2024-01-30T19:00:17.792+0000] {processor.py:756} INFO - Processing file /home/airflow/.local/lib/python3.7/site-packages/airflow/example_dags/tutorial.py for tasks to queue
[2024-01-30T19:00:17.794+0000] {logging_mixin.py:120} INFO - [2024-01-30T19:00:17.794+0000] {dagbag.py:537} INFO - Filling up the DagBag from /home/airflow/.local/lib/python3.7/site-packages/airflow/example_dags/tutorial.py
[2024-01-30T19:00:17.840+0000] {processor.py:766} INFO - DAG(s) dict_keys(['tutorial']) retrieved from /home/airflow/.local/lib/python3.7/site-packages/airflow/example_dags/tutorial.py
[2024-01-30T19:00:17.987+0000] {logging_mixin.py:120} INFO - [2024-01-30T19:00:17.986+0000] {dag.py:2585} INFO - Sync 1 DAGs
[2024-01-30T19:00:18.091+0000] {logging_mixin.py:120} INFO - [2024-01-30T19:00:18.089+0000] {dag.py:3340} INFO - Setting next_dagrun for tutorial to 2024-01-29T19:00:18.088397+00:00, run_after=2024-01-30T19:00:18.088397+00:00
[2024-01-30T19:00:18.136+0000] {processor.py:176} INFO - Processing /home/airflow/.local/lib/python3.7/site-packages/airflow/example_dags/tutorial.py took 0.355 seconds
[2024-01-30T19:00:48.851+0000] {processor.py:154} INFO - Started process (PID=1475) to work on /home/airflow/.local/lib/python3.7/site-packages/airflow/example_dags/tutorial.py
[2024-01-30T19:00:48.853+0000] {processor.py:756} INFO - Processing file /home/airflow/.local/lib/python3.7/site-packages/airflow/example_dags/tutorial.py for tasks to queue
[2024-01-30T19:00:48.855+0000] {logging_mixin.py:120} INFO - [2024-01-30T19:00:48.855+0000] {dagbag.py:537} INFO - Filling up the DagBag from /home/airflow/.local/lib/python3.7/site-packages/airflow/example_dags/tutorial.py
[2024-01-30T19:00:48.881+0000] {processor.py:766} INFO - DAG(s) dict_keys(['tutorial']) retrieved from /home/airflow/.local/lib/python3.7/site-packages/airflow/example_dags/tutorial.py
[2024-01-30T19:00:48.980+0000] {logging_mixin.py:120} INFO - [2024-01-30T19:00:48.980+0000] {dag.py:2585} INFO - Sync 1 DAGs
[2024-01-30T19:00:49.025+0000] {logging_mixin.py:120} INFO - [2024-01-30T19:00:49.025+0000] {dag.py:3340} INFO - Setting next_dagrun for tutorial to 2024-01-29T19:00:49.025097+00:00, run_after=2024-01-30T19:00:49.025097+00:00
[2024-01-30T19:00:49.057+0000] {processor.py:176} INFO - Processing /home/airflow/.local/lib/python3.7/site-packages/airflow/example_dags/tutorial.py took 0.211 seconds
[2024-01-30T19:01:19.432+0000] {processor.py:154} INFO - Started process (PID=1541) to work on /home/airflow/.local/lib/python3.7/site-packages/airflow/example_dags/tutorial.py
[2024-01-30T19:01:19.433+0000] {processor.py:756} INFO - Processing file /home/airflow/.local/lib/python3.7/site-packages/airflow/example_dags/tutorial.py for tasks to queue
[2024-01-30T19:01:19.435+0000] {logging_mixin.py:120} INFO - [2024-01-30T19:01:19.434+0000] {dagbag.py:537} INFO - Filling up the DagBag from /home/airflow/.local/lib/python3.7/site-packages/airflow/example_dags/tutorial.py
[2024-01-30T19:01:19.456+0000] {processor.py:766} INFO - DAG(s) dict_keys(['tutorial']) retrieved from /home/airflow/.local/lib/python3.7/site-packages/airflow/example_dags/tutorial.py
[2024-01-30T19:01:19.529+0000] {logging_mixin.py:120} INFO - [2024-01-30T19:01:19.529+0000] {dag.py:2585} INFO - Sync 1 DAGs
[2024-01-30T19:01:19.580+0000] {logging_mixin.py:120} INFO - [2024-01-30T19:01:19.579+0000] {dag.py:3340} INFO - Setting next_dagrun for tutorial to 2024-01-29T19:01:19.579484+00:00, run_after=2024-01-30T19:01:19.579484+00:00
[2024-01-30T19:01:19.618+0000] {processor.py:176} INFO - Processing /home/airflow/.local/lib/python3.7/site-packages/airflow/example_dags/tutorial.py took 0.189 seconds
[2024-01-30T19:01:50.298+0000] {processor.py:154} INFO - Started process (PID=1596) to work on /home/airflow/.local/lib/python3.7/site-packages/airflow/example_dags/tutorial.py
[2024-01-30T19:01:50.300+0000] {processor.py:756} INFO - Processing file /home/airflow/.local/lib/python3.7/site-packages/airflow/example_dags/tutorial.py for tasks to queue
[2024-01-30T19:01:50.302+0000] {logging_mixin.py:120} INFO - [2024-01-30T19:01:50.302+0000] {dagbag.py:537} INFO - Filling up the DagBag from /home/airflow/.local/lib/python3.7/site-packages/airflow/example_dags/tutorial.py
[2024-01-30T19:01:50.328+0000] {processor.py:766} INFO - DAG(s) dict_keys(['tutorial']) retrieved from /home/airflow/.local/lib/python3.7/site-packages/airflow/example_dags/tutorial.py
[2024-01-30T19:01:50.399+0000] {logging_mixin.py:120} INFO - [2024-01-30T19:01:50.399+0000] {dag.py:2585} INFO - Sync 1 DAGs
[2024-01-30T19:01:50.444+0000] {logging_mixin.py:120} INFO - [2024-01-30T19:01:50.444+0000] {dag.py:3340} INFO - Setting next_dagrun for tutorial to 2024-01-29T19:01:50.443849+00:00, run_after=2024-01-30T19:01:50.443849+00:00
[2024-01-30T19:01:50.480+0000] {processor.py:176} INFO - Processing /home/airflow/.local/lib/python3.7/site-packages/airflow/example_dags/tutorial.py took 0.188 seconds
[2024-01-30T19:02:21.117+0000] {processor.py:154} INFO - Started process (PID=1660) to work on /home/airflow/.local/lib/python3.7/site-packages/airflow/example_dags/tutorial.py
[2024-01-30T19:02:21.119+0000] {processor.py:756} INFO - Processing file /home/airflow/.local/lib/python3.7/site-packages/airflow/example_dags/tutorial.py for tasks to queue
[2024-01-30T19:02:21.120+0000] {logging_mixin.py:120} INFO - [2024-01-30T19:02:21.120+0000] {dagbag.py:537} INFO - Filling up the DagBag from /home/airflow/.local/lib/python3.7/site-packages/airflow/example_dags/tutorial.py
[2024-01-30T19:02:21.146+0000] {processor.py:766} INFO - DAG(s) dict_keys(['tutorial']) retrieved from /home/airflow/.local/lib/python3.7/site-packages/airflow/example_dags/tutorial.py
[2024-01-30T19:02:21.214+0000] {logging_mixin.py:120} INFO - [2024-01-30T19:02:21.214+0000] {dag.py:2585} INFO - Sync 1 DAGs
[2024-01-30T19:02:21.255+0000] {logging_mixin.py:120} INFO - [2024-01-30T19:02:21.255+0000] {dag.py:3340} INFO - Setting next_dagrun for tutorial to 2024-01-29T19:02:21.254921+00:00, run_after=2024-01-30T19:02:21.254921+00:00
[2024-01-30T19:02:21.288+0000] {processor.py:176} INFO - Processing /home/airflow/.local/lib/python3.7/site-packages/airflow/example_dags/tutorial.py took 0.175 seconds
[2024-01-30T19:02:51.414+0000] {processor.py:154} INFO - Started process (PID=1724) to work on /home/airflow/.local/lib/python3.7/site-packages/airflow/example_dags/tutorial.py
[2024-01-30T19:02:51.416+0000] {processor.py:756} INFO - Processing file /home/airflow/.local/lib/python3.7/site-packages/airflow/example_dags/tutorial.py for tasks to queue
[2024-01-30T19:02:51.418+0000] {logging_mixin.py:120} INFO - [2024-01-30T19:02:51.418+0000] {dagbag.py:537} INFO - Filling up the DagBag from /home/airflow/.local/lib/python3.7/site-packages/airflow/example_dags/tutorial.py
[2024-01-30T19:02:51.442+0000] {processor.py:766} INFO - DAG(s) dict_keys(['tutorial']) retrieved from /home/airflow/.local/lib/python3.7/site-packages/airflow/example_dags/tutorial.py
[2024-01-30T19:02:51.501+0000] {logging_mixin.py:120} INFO - [2024-01-30T19:02:51.501+0000] {dag.py:2585} INFO - Sync 1 DAGs
[2024-01-30T19:02:51.538+0000] {logging_mixin.py:120} INFO - [2024-01-30T19:02:51.538+0000] {dag.py:3340} INFO - Setting next_dagrun for tutorial to 2024-01-29T19:02:51.538180+00:00, run_after=2024-01-30T19:02:51.538180+00:00
[2024-01-30T19:02:51.568+0000] {processor.py:176} INFO - Processing /home/airflow/.local/lib/python3.7/site-packages/airflow/example_dags/tutorial.py took 0.160 seconds
[2024-01-30T19:03:21.907+0000] {processor.py:154} INFO - Started process (PID=1779) to work on /home/airflow/.local/lib/python3.7/site-packages/airflow/example_dags/tutorial.py
[2024-01-30T19:03:21.909+0000] {processor.py:756} INFO - Processing file /home/airflow/.local/lib/python3.7/site-packages/airflow/example_dags/tutorial.py for tasks to queue
[2024-01-30T19:03:21.911+0000] {logging_mixin.py:120} INFO - [2024-01-30T19:03:21.910+0000] {dagbag.py:537} INFO - Filling up the DagBag from /home/airflow/.local/lib/python3.7/site-packages/airflow/example_dags/tutorial.py
[2024-01-30T19:03:21.933+0000] {processor.py:766} INFO - DAG(s) dict_keys(['tutorial']) retrieved from /home/airflow/.local/lib/python3.7/site-packages/airflow/example_dags/tutorial.py
[2024-01-30T19:03:21.994+0000] {logging_mixin.py:120} INFO - [2024-01-30T19:03:21.994+0000] {dag.py:2585} INFO - Sync 1 DAGs
[2024-01-30T19:03:22.035+0000] {logging_mixin.py:120} INFO - [2024-01-30T19:03:22.035+0000] {dag.py:3340} INFO - Setting next_dagrun for tutorial to 2024-01-29T19:03:22.034998+00:00, run_after=2024-01-30T19:03:22.034998+00:00
[2024-01-30T19:03:22.067+0000] {processor.py:176} INFO - Processing /home/airflow/.local/lib/python3.7/site-packages/airflow/example_dags/tutorial.py took 0.165 seconds
[2024-01-30T19:03:52.443+0000] {processor.py:154} INFO - Started process (PID=1843) to work on /home/airflow/.local/lib/python3.7/site-packages/airflow/example_dags/tutorial.py
[2024-01-30T19:03:52.445+0000] {processor.py:756} INFO - Processing file /home/airflow/.local/lib/python3.7/site-packages/airflow/example_dags/tutorial.py for tasks to queue
[2024-01-30T19:03:52.447+0000] {logging_mixin.py:120} INFO - [2024-01-30T19:03:52.447+0000] {dagbag.py:537} INFO - Filling up the DagBag from /home/airflow/.local/lib/python3.7/site-packages/airflow/example_dags/tutorial.py
[2024-01-30T19:03:52.473+0000] {processor.py:766} INFO - DAG(s) dict_keys(['tutorial']) retrieved from /home/airflow/.local/lib/python3.7/site-packages/airflow/example_dags/tutorial.py
[2024-01-30T19:03:52.546+0000] {logging_mixin.py:120} INFO - [2024-01-30T19:03:52.546+0000] {dag.py:2585} INFO - Sync 1 DAGs
[2024-01-30T19:03:52.587+0000] {logging_mixin.py:120} INFO - [2024-01-30T19:03:52.587+0000] {dag.py:3340} INFO - Setting next_dagrun for tutorial to 2024-01-29T19:03:52.586634+00:00, run_after=2024-01-30T19:03:52.586634+00:00
[2024-01-30T19:03:52.622+0000] {processor.py:176} INFO - Processing /home/airflow/.local/lib/python3.7/site-packages/airflow/example_dags/tutorial.py took 0.185 seconds
[2024-01-30T19:04:23.253+0000] {processor.py:154} INFO - Started process (PID=1906) to work on /home/airflow/.local/lib/python3.7/site-packages/airflow/example_dags/tutorial.py
[2024-01-30T19:04:23.254+0000] {processor.py:756} INFO - Processing file /home/airflow/.local/lib/python3.7/site-packages/airflow/example_dags/tutorial.py for tasks to queue
[2024-01-30T19:04:23.256+0000] {logging_mixin.py:120} INFO - [2024-01-30T19:04:23.255+0000] {dagbag.py:537} INFO - Filling up the DagBag from /home/airflow/.local/lib/python3.7/site-packages/airflow/example_dags/tutorial.py
[2024-01-30T19:04:23.281+0000] {processor.py:766} INFO - DAG(s) dict_keys(['tutorial']) retrieved from /home/airflow/.local/lib/python3.7/site-packages/airflow/example_dags/tutorial.py
[2024-01-30T19:04:23.346+0000] {logging_mixin.py:120} INFO - [2024-01-30T19:04:23.346+0000] {dag.py:2585} INFO - Sync 1 DAGs
[2024-01-30T19:04:23.386+0000] {logging_mixin.py:120} INFO - [2024-01-30T19:04:23.386+0000] {dag.py:3340} INFO - Setting next_dagrun for tutorial to 2024-01-29T19:04:23.386029+00:00, run_after=2024-01-30T19:04:23.386029+00:00
[2024-01-30T19:04:23.431+0000] {processor.py:176} INFO - Processing /home/airflow/.local/lib/python3.7/site-packages/airflow/example_dags/tutorial.py took 0.183 seconds
[2024-01-30T19:04:53.753+0000] {processor.py:154} INFO - Started process (PID=1961) to work on /home/airflow/.local/lib/python3.7/site-packages/airflow/example_dags/tutorial.py
[2024-01-30T19:04:53.756+0000] {processor.py:756} INFO - Processing file /home/airflow/.local/lib/python3.7/site-packages/airflow/example_dags/tutorial.py for tasks to queue
[2024-01-30T19:04:53.758+0000] {logging_mixin.py:120} INFO - [2024-01-30T19:04:53.758+0000] {dagbag.py:537} INFO - Filling up the DagBag from /home/airflow/.local/lib/python3.7/site-packages/airflow/example_dags/tutorial.py
[2024-01-30T19:04:53.781+0000] {processor.py:766} INFO - DAG(s) dict_keys(['tutorial']) retrieved from /home/airflow/.local/lib/python3.7/site-packages/airflow/example_dags/tutorial.py
[2024-01-30T19:04:53.836+0000] {logging_mixin.py:120} INFO - [2024-01-30T19:04:53.836+0000] {dag.py:2585} INFO - Sync 1 DAGs
[2024-01-30T19:04:53.871+0000] {logging_mixin.py:120} INFO - [2024-01-30T19:04:53.871+0000] {dag.py:3340} INFO - Setting next_dagrun for tutorial to 2024-01-29T19:04:53.870744+00:00, run_after=2024-01-30T19:04:53.870744+00:00
[2024-01-30T19:04:53.896+0000] {processor.py:176} INFO - Processing /home/airflow/.local/lib/python3.7/site-packages/airflow/example_dags/tutorial.py took 0.154 seconds
[2024-01-30T19:05:24.072+0000] {processor.py:154} INFO - Started process (PID=2025) to work on /home/airflow/.local/lib/python3.7/site-packages/airflow/example_dags/tutorial.py
[2024-01-30T19:05:24.074+0000] {processor.py:756} INFO - Processing file /home/airflow/.local/lib/python3.7/site-packages/airflow/example_dags/tutorial.py for tasks to queue
[2024-01-30T19:05:24.076+0000] {logging_mixin.py:120} INFO - [2024-01-30T19:05:24.075+0000] {dagbag.py:537} INFO - Filling up the DagBag from /home/airflow/.local/lib/python3.7/site-packages/airflow/example_dags/tutorial.py
[2024-01-30T19:05:24.101+0000] {processor.py:766} INFO - DAG(s) dict_keys(['tutorial']) retrieved from /home/airflow/.local/lib/python3.7/site-packages/airflow/example_dags/tutorial.py
[2024-01-30T19:05:24.183+0000] {logging_mixin.py:120} INFO - [2024-01-30T19:05:24.183+0000] {dag.py:2585} INFO - Sync 1 DAGs
[2024-01-30T19:05:24.243+0000] {logging_mixin.py:120} INFO - [2024-01-30T19:05:24.242+0000] {dag.py:3340} INFO - Setting next_dagrun for tutorial to 2024-01-29T19:05:24.241140+00:00, run_after=2024-01-30T19:05:24.241140+00:00
[2024-01-30T19:05:24.301+0000] {processor.py:176} INFO - Processing /home/airflow/.local/lib/python3.7/site-packages/airflow/example_dags/tutorial.py took 0.237 seconds
[2024-01-30T19:05:54.554+0000] {processor.py:154} INFO - Started process (PID=2081) to work on /home/airflow/.local/lib/python3.7/site-packages/airflow/example_dags/tutorial.py
[2024-01-30T19:05:54.557+0000] {processor.py:756} INFO - Processing file /home/airflow/.local/lib/python3.7/site-packages/airflow/example_dags/tutorial.py for tasks to queue
[2024-01-30T19:05:54.560+0000] {logging_mixin.py:120} INFO - [2024-01-30T19:05:54.560+0000] {dagbag.py:537} INFO - Filling up the DagBag from /home/airflow/.local/lib/python3.7/site-packages/airflow/example_dags/tutorial.py
[2024-01-30T19:05:54.594+0000] {processor.py:766} INFO - DAG(s) dict_keys(['tutorial']) retrieved from /home/airflow/.local/lib/python3.7/site-packages/airflow/example_dags/tutorial.py
[2024-01-30T19:05:54.683+0000] {logging_mixin.py:120} INFO - [2024-01-30T19:05:54.683+0000] {dag.py:2585} INFO - Sync 1 DAGs
[2024-01-30T19:05:54.735+0000] {logging_mixin.py:120} INFO - [2024-01-30T19:05:54.735+0000] {dag.py:3340} INFO - Setting next_dagrun for tutorial to 2024-01-29T19:05:54.734796+00:00, run_after=2024-01-30T19:05:54.734796+00:00
[2024-01-30T19:05:54.781+0000] {processor.py:176} INFO - Processing /home/airflow/.local/lib/python3.7/site-packages/airflow/example_dags/tutorial.py took 0.234 seconds
[2024-01-30T19:06:25.224+0000] {processor.py:154} INFO - Started process (PID=2146) to work on /home/airflow/.local/lib/python3.7/site-packages/airflow/example_dags/tutorial.py
[2024-01-30T19:06:25.226+0000] {processor.py:756} INFO - Processing file /home/airflow/.local/lib/python3.7/site-packages/airflow/example_dags/tutorial.py for tasks to queue
[2024-01-30T19:06:25.227+0000] {logging_mixin.py:120} INFO - [2024-01-30T19:06:25.227+0000] {dagbag.py:537} INFO - Filling up the DagBag from /home/airflow/.local/lib/python3.7/site-packages/airflow/example_dags/tutorial.py
[2024-01-30T19:06:25.252+0000] {processor.py:766} INFO - DAG(s) dict_keys(['tutorial']) retrieved from /home/airflow/.local/lib/python3.7/site-packages/airflow/example_dags/tutorial.py
[2024-01-30T19:06:25.350+0000] {logging_mixin.py:120} INFO - [2024-01-30T19:06:25.350+0000] {dag.py:2585} INFO - Sync 1 DAGs
[2024-01-30T19:06:25.394+0000] {logging_mixin.py:120} INFO - [2024-01-30T19:06:25.394+0000] {dag.py:3340} INFO - Setting next_dagrun for tutorial to 2024-01-29T19:06:25.393776+00:00, run_after=2024-01-30T19:06:25.393776+00:00
[2024-01-30T19:06:25.430+0000] {processor.py:176} INFO - Processing /home/airflow/.local/lib/python3.7/site-packages/airflow/example_dags/tutorial.py took 0.212 seconds
[2024-01-30T19:06:56.140+0000] {processor.py:154} INFO - Started process (PID=2210) to work on /home/airflow/.local/lib/python3.7/site-packages/airflow/example_dags/tutorial.py
[2024-01-30T19:06:56.143+0000] {processor.py:756} INFO - Processing file /home/airflow/.local/lib/python3.7/site-packages/airflow/example_dags/tutorial.py for tasks to queue
[2024-01-30T19:06:56.145+0000] {logging_mixin.py:120} INFO - [2024-01-30T19:06:56.145+0000] {dagbag.py:537} INFO - Filling up the DagBag from /home/airflow/.local/lib/python3.7/site-packages/airflow/example_dags/tutorial.py
[2024-01-30T19:06:56.188+0000] {processor.py:766} INFO - DAG(s) dict_keys(['tutorial']) retrieved from /home/airflow/.local/lib/python3.7/site-packages/airflow/example_dags/tutorial.py
[2024-01-30T19:06:56.287+0000] {logging_mixin.py:120} INFO - [2024-01-30T19:06:56.287+0000] {dag.py:2585} INFO - Sync 1 DAGs
[2024-01-30T19:06:56.364+0000] {logging_mixin.py:120} INFO - [2024-01-30T19:06:56.364+0000] {dag.py:3340} INFO - Setting next_dagrun for tutorial to 2024-01-29T19:06:56.363881+00:00, run_after=2024-01-30T19:06:56.363881+00:00
[2024-01-30T19:06:56.407+0000] {processor.py:176} INFO - Processing /home/airflow/.local/lib/python3.7/site-packages/airflow/example_dags/tutorial.py took 0.279 seconds
[2024-01-30T19:07:27.030+0000] {processor.py:154} INFO - Started process (PID=2265) to work on /home/airflow/.local/lib/python3.7/site-packages/airflow/example_dags/tutorial.py
[2024-01-30T19:07:27.031+0000] {processor.py:756} INFO - Processing file /home/airflow/.local/lib/python3.7/site-packages/airflow/example_dags/tutorial.py for tasks to queue
[2024-01-30T19:07:27.033+0000] {logging_mixin.py:120} INFO - [2024-01-30T19:07:27.033+0000] {dagbag.py:537} INFO - Filling up the DagBag from /home/airflow/.local/lib/python3.7/site-packages/airflow/example_dags/tutorial.py
[2024-01-30T19:07:27.061+0000] {processor.py:766} INFO - DAG(s) dict_keys(['tutorial']) retrieved from /home/airflow/.local/lib/python3.7/site-packages/airflow/example_dags/tutorial.py
[2024-01-30T19:07:27.150+0000] {logging_mixin.py:120} INFO - [2024-01-30T19:07:27.150+0000] {dag.py:2585} INFO - Sync 1 DAGs
[2024-01-30T19:07:27.197+0000] {logging_mixin.py:120} INFO - [2024-01-30T19:07:27.196+0000] {dag.py:3340} INFO - Setting next_dagrun for tutorial to 2024-01-29T19:07:27.196139+00:00, run_after=2024-01-30T19:07:27.196139+00:00
[2024-01-30T19:07:27.231+0000] {processor.py:176} INFO - Processing /home/airflow/.local/lib/python3.7/site-packages/airflow/example_dags/tutorial.py took 0.207 seconds
[2024-01-30T19:07:57.436+0000] {processor.py:154} INFO - Started process (PID=2328) to work on /home/airflow/.local/lib/python3.7/site-packages/airflow/example_dags/tutorial.py
[2024-01-30T19:07:57.438+0000] {processor.py:756} INFO - Processing file /home/airflow/.local/lib/python3.7/site-packages/airflow/example_dags/tutorial.py for tasks to queue
[2024-01-30T19:07:57.439+0000] {logging_mixin.py:120} INFO - [2024-01-30T19:07:57.439+0000] {dagbag.py:537} INFO - Filling up the DagBag from /home/airflow/.local/lib/python3.7/site-packages/airflow/example_dags/tutorial.py
[2024-01-30T19:07:57.464+0000] {processor.py:766} INFO - DAG(s) dict_keys(['tutorial']) retrieved from /home/airflow/.local/lib/python3.7/site-packages/airflow/example_dags/tutorial.py
[2024-01-30T19:07:57.540+0000] {logging_mixin.py:120} INFO - [2024-01-30T19:07:57.540+0000] {dag.py:2585} INFO - Sync 1 DAGs
[2024-01-30T19:07:57.601+0000] {logging_mixin.py:120} INFO - [2024-01-30T19:07:57.601+0000] {dag.py:3340} INFO - Setting next_dagrun for tutorial to 2024-01-29T19:07:57.601109+00:00, run_after=2024-01-30T19:07:57.601109+00:00
[2024-01-30T19:07:57.637+0000] {processor.py:176} INFO - Processing /home/airflow/.local/lib/python3.7/site-packages/airflow/example_dags/tutorial.py took 0.207 seconds
[2024-01-30T19:08:27.869+0000] {processor.py:154} INFO - Started process (PID=2385) to work on /home/airflow/.local/lib/python3.7/site-packages/airflow/example_dags/tutorial.py
[2024-01-30T19:08:27.872+0000] {processor.py:756} INFO - Processing file /home/airflow/.local/lib/python3.7/site-packages/airflow/example_dags/tutorial.py for tasks to queue
[2024-01-30T19:08:27.873+0000] {logging_mixin.py:120} INFO - [2024-01-30T19:08:27.873+0000] {dagbag.py:537} INFO - Filling up the DagBag from /home/airflow/.local/lib/python3.7/site-packages/airflow/example_dags/tutorial.py
[2024-01-30T19:08:27.898+0000] {processor.py:766} INFO - DAG(s) dict_keys(['tutorial']) retrieved from /home/airflow/.local/lib/python3.7/site-packages/airflow/example_dags/tutorial.py
[2024-01-30T19:08:27.970+0000] {logging_mixin.py:120} INFO - [2024-01-30T19:08:27.969+0000] {dag.py:2585} INFO - Sync 1 DAGs
[2024-01-30T19:08:28.021+0000] {logging_mixin.py:120} INFO - [2024-01-30T19:08:28.021+0000] {dag.py:3340} INFO - Setting next_dagrun for tutorial to 2024-01-29T19:08:28.020658+00:00, run_after=2024-01-30T19:08:28.020658+00:00
[2024-01-30T19:08:28.095+0000] {processor.py:176} INFO - Processing /home/airflow/.local/lib/python3.7/site-packages/airflow/example_dags/tutorial.py took 0.232 seconds
[2024-01-30T19:08:58.548+0000] {processor.py:154} INFO - Started process (PID=2450) to work on /home/airflow/.local/lib/python3.7/site-packages/airflow/example_dags/tutorial.py
[2024-01-30T19:08:58.550+0000] {processor.py:756} INFO - Processing file /home/airflow/.local/lib/python3.7/site-packages/airflow/example_dags/tutorial.py for tasks to queue
[2024-01-30T19:08:58.554+0000] {logging_mixin.py:120} INFO - [2024-01-30T19:08:58.553+0000] {dagbag.py:537} INFO - Filling up the DagBag from /home/airflow/.local/lib/python3.7/site-packages/airflow/example_dags/tutorial.py
[2024-01-30T19:08:58.580+0000] {processor.py:766} INFO - DAG(s) dict_keys(['tutorial']) retrieved from /home/airflow/.local/lib/python3.7/site-packages/airflow/example_dags/tutorial.py
[2024-01-30T19:08:58.653+0000] {logging_mixin.py:120} INFO - [2024-01-30T19:08:58.653+0000] {dag.py:2585} INFO - Sync 1 DAGs
[2024-01-30T19:08:58.724+0000] {logging_mixin.py:120} INFO - [2024-01-30T19:08:58.723+0000] {dag.py:3340} INFO - Setting next_dagrun for tutorial to 2024-01-29T19:08:58.723302+00:00, run_after=2024-01-30T19:08:58.723302+00:00
[2024-01-30T19:08:58.764+0000] {processor.py:176} INFO - Processing /home/airflow/.local/lib/python3.7/site-packages/airflow/example_dags/tutorial.py took 0.223 seconds
[2024-01-30T19:09:28.915+0000] {processor.py:154} INFO - Started process (PID=2518) to work on /home/airflow/.local/lib/python3.7/site-packages/airflow/example_dags/tutorial.py
[2024-01-30T19:09:28.917+0000] {processor.py:756} INFO - Processing file /home/airflow/.local/lib/python3.7/site-packages/airflow/example_dags/tutorial.py for tasks to queue
[2024-01-30T19:09:28.919+0000] {logging_mixin.py:120} INFO - [2024-01-30T19:09:28.918+0000] {dagbag.py:537} INFO - Filling up the DagBag from /home/airflow/.local/lib/python3.7/site-packages/airflow/example_dags/tutorial.py
[2024-01-30T19:09:28.951+0000] {processor.py:766} INFO - DAG(s) dict_keys(['tutorial']) retrieved from /home/airflow/.local/lib/python3.7/site-packages/airflow/example_dags/tutorial.py
[2024-01-30T19:09:29.031+0000] {logging_mixin.py:120} INFO - [2024-01-30T19:09:29.031+0000] {dag.py:2585} INFO - Sync 1 DAGs
[2024-01-30T19:09:29.073+0000] {logging_mixin.py:120} INFO - [2024-01-30T19:09:29.073+0000] {dag.py:3340} INFO - Setting next_dagrun for tutorial to 2024-01-29T19:09:29.072840+00:00, run_after=2024-01-30T19:09:29.072840+00:00
[2024-01-30T19:09:29.107+0000] {processor.py:176} INFO - Processing /home/airflow/.local/lib/python3.7/site-packages/airflow/example_dags/tutorial.py took 0.198 seconds
[2024-01-30T19:09:59.537+0000] {processor.py:154} INFO - Started process (PID=2573) to work on /home/airflow/.local/lib/python3.7/site-packages/airflow/example_dags/tutorial.py
[2024-01-30T19:09:59.538+0000] {processor.py:756} INFO - Processing file /home/airflow/.local/lib/python3.7/site-packages/airflow/example_dags/tutorial.py for tasks to queue
[2024-01-30T19:09:59.539+0000] {logging_mixin.py:120} INFO - [2024-01-30T19:09:59.539+0000] {dagbag.py:537} INFO - Filling up the DagBag from /home/airflow/.local/lib/python3.7/site-packages/airflow/example_dags/tutorial.py
[2024-01-30T19:09:59.559+0000] {processor.py:766} INFO - DAG(s) dict_keys(['tutorial']) retrieved from /home/airflow/.local/lib/python3.7/site-packages/airflow/example_dags/tutorial.py
[2024-01-30T19:09:59.616+0000] {logging_mixin.py:120} INFO - [2024-01-30T19:09:59.616+0000] {dag.py:2585} INFO - Sync 1 DAGs
[2024-01-30T19:09:59.649+0000] {logging_mixin.py:120} INFO - [2024-01-30T19:09:59.648+0000] {dag.py:3340} INFO - Setting next_dagrun for tutorial to 2024-01-29T19:09:59.648504+00:00, run_after=2024-01-30T19:09:59.648504+00:00
[2024-01-30T19:09:59.674+0000] {processor.py:176} INFO - Processing /home/airflow/.local/lib/python3.7/site-packages/airflow/example_dags/tutorial.py took 0.142 seconds
[2024-01-30T19:10:30.084+0000] {processor.py:154} INFO - Started process (PID=2638) to work on /home/airflow/.local/lib/python3.7/site-packages/airflow/example_dags/tutorial.py
[2024-01-30T19:10:30.086+0000] {processor.py:756} INFO - Processing file /home/airflow/.local/lib/python3.7/site-packages/airflow/example_dags/tutorial.py for tasks to queue
[2024-01-30T19:10:30.088+0000] {logging_mixin.py:120} INFO - [2024-01-30T19:10:30.088+0000] {dagbag.py:537} INFO - Filling up the DagBag from /home/airflow/.local/lib/python3.7/site-packages/airflow/example_dags/tutorial.py
[2024-01-30T19:10:30.121+0000] {processor.py:766} INFO - DAG(s) dict_keys(['tutorial']) retrieved from /home/airflow/.local/lib/python3.7/site-packages/airflow/example_dags/tutorial.py
[2024-01-30T19:10:30.206+0000] {logging_mixin.py:120} INFO - [2024-01-30T19:10:30.206+0000] {dag.py:2585} INFO - Sync 1 DAGs
[2024-01-30T19:10:30.265+0000] {logging_mixin.py:120} INFO - [2024-01-30T19:10:30.265+0000] {dag.py:3340} INFO - Setting next_dagrun for tutorial to 2024-01-29T19:10:30.264632+00:00, run_after=2024-01-30T19:10:30.264632+00:00
[2024-01-30T19:10:30.298+0000] {processor.py:176} INFO - Processing /home/airflow/.local/lib/python3.7/site-packages/airflow/example_dags/tutorial.py took 0.226 seconds
[2024-01-30T19:11:00.732+0000] {processor.py:154} INFO - Started process (PID=2702) to work on /home/airflow/.local/lib/python3.7/site-packages/airflow/example_dags/tutorial.py
[2024-01-30T19:11:00.733+0000] {processor.py:756} INFO - Processing file /home/airflow/.local/lib/python3.7/site-packages/airflow/example_dags/tutorial.py for tasks to queue
[2024-01-30T19:11:00.735+0000] {logging_mixin.py:120} INFO - [2024-01-30T19:11:00.735+0000] {dagbag.py:537} INFO - Filling up the DagBag from /home/airflow/.local/lib/python3.7/site-packages/airflow/example_dags/tutorial.py
[2024-01-30T19:11:00.755+0000] {processor.py:766} INFO - DAG(s) dict_keys(['tutorial']) retrieved from /home/airflow/.local/lib/python3.7/site-packages/airflow/example_dags/tutorial.py
[2024-01-30T19:11:00.808+0000] {logging_mixin.py:120} INFO - [2024-01-30T19:11:00.808+0000] {dag.py:2585} INFO - Sync 1 DAGs
[2024-01-30T19:11:00.840+0000] {logging_mixin.py:120} INFO - [2024-01-30T19:11:00.840+0000] {dag.py:3340} INFO - Setting next_dagrun for tutorial to 2024-01-29T19:11:00.840452+00:00, run_after=2024-01-30T19:11:00.840452+00:00
[2024-01-30T19:11:00.863+0000] {processor.py:176} INFO - Processing /home/airflow/.local/lib/python3.7/site-packages/airflow/example_dags/tutorial.py took 0.135 seconds
[2024-01-30T19:11:31.154+0000] {processor.py:154} INFO - Started process (PID=2759) to work on /home/airflow/.local/lib/python3.7/site-packages/airflow/example_dags/tutorial.py
[2024-01-30T19:11:31.156+0000] {processor.py:756} INFO - Processing file /home/airflow/.local/lib/python3.7/site-packages/airflow/example_dags/tutorial.py for tasks to queue
[2024-01-30T19:11:31.157+0000] {logging_mixin.py:120} INFO - [2024-01-30T19:11:31.157+0000] {dagbag.py:537} INFO - Filling up the DagBag from /home/airflow/.local/lib/python3.7/site-packages/airflow/example_dags/tutorial.py
[2024-01-30T19:11:31.187+0000] {processor.py:766} INFO - DAG(s) dict_keys(['tutorial']) retrieved from /home/airflow/.local/lib/python3.7/site-packages/airflow/example_dags/tutorial.py
[2024-01-30T19:11:31.257+0000] {logging_mixin.py:120} INFO - [2024-01-30T19:11:31.256+0000] {dag.py:2585} INFO - Sync 1 DAGs
[2024-01-30T19:11:31.297+0000] {logging_mixin.py:120} INFO - [2024-01-30T19:11:31.297+0000] {dag.py:3340} INFO - Setting next_dagrun for tutorial to 2024-01-29T19:11:31.297104+00:00, run_after=2024-01-30T19:11:31.297104+00:00
[2024-01-30T19:11:31.329+0000] {processor.py:176} INFO - Processing /home/airflow/.local/lib/python3.7/site-packages/airflow/example_dags/tutorial.py took 0.182 seconds
[2024-01-30T19:12:01.605+0000] {processor.py:154} INFO - Started process (PID=2827) to work on /home/airflow/.local/lib/python3.7/site-packages/airflow/example_dags/tutorial.py
[2024-01-30T19:12:01.606+0000] {processor.py:756} INFO - Processing file /home/airflow/.local/lib/python3.7/site-packages/airflow/example_dags/tutorial.py for tasks to queue
[2024-01-30T19:12:01.608+0000] {logging_mixin.py:120} INFO - [2024-01-30T19:12:01.608+0000] {dagbag.py:537} INFO - Filling up the DagBag from /home/airflow/.local/lib/python3.7/site-packages/airflow/example_dags/tutorial.py
[2024-01-30T19:12:01.628+0000] {processor.py:766} INFO - DAG(s) dict_keys(['tutorial']) retrieved from /home/airflow/.local/lib/python3.7/site-packages/airflow/example_dags/tutorial.py
[2024-01-30T19:12:01.690+0000] {logging_mixin.py:120} INFO - [2024-01-30T19:12:01.690+0000] {dag.py:2585} INFO - Sync 1 DAGs
[2024-01-30T19:12:01.727+0000] {logging_mixin.py:120} INFO - [2024-01-30T19:12:01.727+0000] {dag.py:3340} INFO - Setting next_dagrun for tutorial to 2024-01-29T19:12:01.726740+00:00, run_after=2024-01-30T19:12:01.726740+00:00
[2024-01-30T19:12:01.758+0000] {processor.py:176} INFO - Processing /home/airflow/.local/lib/python3.7/site-packages/airflow/example_dags/tutorial.py took 0.157 seconds
[2024-01-30T19:12:32.239+0000] {processor.py:154} INFO - Started process (PID=2884) to work on /home/airflow/.local/lib/python3.7/site-packages/airflow/example_dags/tutorial.py
[2024-01-30T19:12:32.241+0000] {processor.py:756} INFO - Processing file /home/airflow/.local/lib/python3.7/site-packages/airflow/example_dags/tutorial.py for tasks to queue
[2024-01-30T19:12:32.242+0000] {logging_mixin.py:120} INFO - [2024-01-30T19:12:32.242+0000] {dagbag.py:537} INFO - Filling up the DagBag from /home/airflow/.local/lib/python3.7/site-packages/airflow/example_dags/tutorial.py
[2024-01-30T19:12:32.271+0000] {processor.py:766} INFO - DAG(s) dict_keys(['tutorial']) retrieved from /home/airflow/.local/lib/python3.7/site-packages/airflow/example_dags/tutorial.py
[2024-01-30T19:12:32.350+0000] {logging_mixin.py:120} INFO - [2024-01-30T19:12:32.349+0000] {dag.py:2585} INFO - Sync 1 DAGs
[2024-01-30T19:12:32.401+0000] {logging_mixin.py:120} INFO - [2024-01-30T19:12:32.400+0000] {dag.py:3340} INFO - Setting next_dagrun for tutorial to 2024-01-29T19:12:32.400302+00:00, run_after=2024-01-30T19:12:32.400302+00:00
[2024-01-30T19:12:32.440+0000] {processor.py:176} INFO - Processing /home/airflow/.local/lib/python3.7/site-packages/airflow/example_dags/tutorial.py took 0.210 seconds
[2024-01-30T19:13:02.594+0000] {processor.py:154} INFO - Started process (PID=2949) to work on /home/airflow/.local/lib/python3.7/site-packages/airflow/example_dags/tutorial.py
[2024-01-30T19:13:02.596+0000] {processor.py:756} INFO - Processing file /home/airflow/.local/lib/python3.7/site-packages/airflow/example_dags/tutorial.py for tasks to queue
[2024-01-30T19:13:02.598+0000] {logging_mixin.py:120} INFO - [2024-01-30T19:13:02.597+0000] {dagbag.py:537} INFO - Filling up the DagBag from /home/airflow/.local/lib/python3.7/site-packages/airflow/example_dags/tutorial.py
[2024-01-30T19:13:02.632+0000] {processor.py:766} INFO - DAG(s) dict_keys(['tutorial']) retrieved from /home/airflow/.local/lib/python3.7/site-packages/airflow/example_dags/tutorial.py
[2024-01-30T19:13:02.713+0000] {logging_mixin.py:120} INFO - [2024-01-30T19:13:02.712+0000] {dag.py:2585} INFO - Sync 1 DAGs
[2024-01-30T19:13:02.775+0000] {logging_mixin.py:120} INFO - [2024-01-30T19:13:02.775+0000] {dag.py:3340} INFO - Setting next_dagrun for tutorial to 2024-01-29T19:13:02.775040+00:00, run_after=2024-01-30T19:13:02.775040+00:00
[2024-01-30T19:13:02.820+0000] {processor.py:176} INFO - Processing /home/airflow/.local/lib/python3.7/site-packages/airflow/example_dags/tutorial.py took 0.237 seconds
[2024-01-30T19:13:33.559+0000] {processor.py:154} INFO - Started process (PID=3014) to work on /home/airflow/.local/lib/python3.7/site-packages/airflow/example_dags/tutorial.py
[2024-01-30T19:13:33.561+0000] {processor.py:756} INFO - Processing file /home/airflow/.local/lib/python3.7/site-packages/airflow/example_dags/tutorial.py for tasks to queue
[2024-01-30T19:13:33.563+0000] {logging_mixin.py:120} INFO - [2024-01-30T19:13:33.562+0000] {dagbag.py:537} INFO - Filling up the DagBag from /home/airflow/.local/lib/python3.7/site-packages/airflow/example_dags/tutorial.py
[2024-01-30T19:13:33.588+0000] {processor.py:766} INFO - DAG(s) dict_keys(['tutorial']) retrieved from /home/airflow/.local/lib/python3.7/site-packages/airflow/example_dags/tutorial.py
[2024-01-30T19:13:33.654+0000] {logging_mixin.py:120} INFO - [2024-01-30T19:13:33.653+0000] {dag.py:2585} INFO - Sync 1 DAGs
[2024-01-30T19:13:33.692+0000] {logging_mixin.py:120} INFO - [2024-01-30T19:13:33.692+0000] {dag.py:3340} INFO - Setting next_dagrun for tutorial to 2024-01-29T19:13:33.692098+00:00, run_after=2024-01-30T19:13:33.692098+00:00
[2024-01-30T19:13:33.722+0000] {processor.py:176} INFO - Processing /home/airflow/.local/lib/python3.7/site-packages/airflow/example_dags/tutorial.py took 0.168 seconds
[2024-01-30T19:14:03.931+0000] {processor.py:154} INFO - Started process (PID=3070) to work on /home/airflow/.local/lib/python3.7/site-packages/airflow/example_dags/tutorial.py
[2024-01-30T19:14:03.933+0000] {processor.py:756} INFO - Processing file /home/airflow/.local/lib/python3.7/site-packages/airflow/example_dags/tutorial.py for tasks to queue
[2024-01-30T19:14:03.934+0000] {logging_mixin.py:120} INFO - [2024-01-30T19:14:03.934+0000] {dagbag.py:537} INFO - Filling up the DagBag from /home/airflow/.local/lib/python3.7/site-packages/airflow/example_dags/tutorial.py
[2024-01-30T19:14:03.959+0000] {processor.py:766} INFO - DAG(s) dict_keys(['tutorial']) retrieved from /home/airflow/.local/lib/python3.7/site-packages/airflow/example_dags/tutorial.py
[2024-01-30T19:14:04.022+0000] {logging_mixin.py:120} INFO - [2024-01-30T19:14:04.022+0000] {dag.py:2585} INFO - Sync 1 DAGs
[2024-01-30T19:14:04.058+0000] {logging_mixin.py:120} INFO - [2024-01-30T19:14:04.058+0000] {dag.py:3340} INFO - Setting next_dagrun for tutorial to 2024-01-29T19:14:04.058028+00:00, run_after=2024-01-30T19:14:04.058028+00:00
[2024-01-30T19:14:04.087+0000] {processor.py:176} INFO - Processing /home/airflow/.local/lib/python3.7/site-packages/airflow/example_dags/tutorial.py took 0.162 seconds
[2024-01-30T19:14:34.165+0000] {processor.py:154} INFO - Started process (PID=3135) to work on /home/airflow/.local/lib/python3.7/site-packages/airflow/example_dags/tutorial.py
[2024-01-30T19:14:34.167+0000] {processor.py:756} INFO - Processing file /home/airflow/.local/lib/python3.7/site-packages/airflow/example_dags/tutorial.py for tasks to queue
[2024-01-30T19:14:34.169+0000] {logging_mixin.py:120} INFO - [2024-01-30T19:14:34.169+0000] {dagbag.py:537} INFO - Filling up the DagBag from /home/airflow/.local/lib/python3.7/site-packages/airflow/example_dags/tutorial.py
[2024-01-30T19:14:34.190+0000] {processor.py:766} INFO - DAG(s) dict_keys(['tutorial']) retrieved from /home/airflow/.local/lib/python3.7/site-packages/airflow/example_dags/tutorial.py
[2024-01-30T19:14:34.243+0000] {logging_mixin.py:120} INFO - [2024-01-30T19:14:34.243+0000] {dag.py:2585} INFO - Sync 1 DAGs
[2024-01-30T19:14:34.277+0000] {logging_mixin.py:120} INFO - [2024-01-30T19:14:34.276+0000] {dag.py:3340} INFO - Setting next_dagrun for tutorial to 2024-01-29T19:14:34.276589+00:00, run_after=2024-01-30T19:14:34.276589+00:00
[2024-01-30T19:14:34.309+0000] {processor.py:176} INFO - Processing /home/airflow/.local/lib/python3.7/site-packages/airflow/example_dags/tutorial.py took 0.148 seconds
[2024-01-30T19:15:04.410+0000] {processor.py:154} INFO - Started process (PID=3190) to work on /home/airflow/.local/lib/python3.7/site-packages/airflow/example_dags/tutorial.py
[2024-01-30T19:15:04.413+0000] {processor.py:756} INFO - Processing file /home/airflow/.local/lib/python3.7/site-packages/airflow/example_dags/tutorial.py for tasks to queue
[2024-01-30T19:15:04.415+0000] {logging_mixin.py:120} INFO - [2024-01-30T19:15:04.415+0000] {dagbag.py:537} INFO - Filling up the DagBag from /home/airflow/.local/lib/python3.7/site-packages/airflow/example_dags/tutorial.py
[2024-01-30T19:15:04.438+0000] {processor.py:766} INFO - DAG(s) dict_keys(['tutorial']) retrieved from /home/airflow/.local/lib/python3.7/site-packages/airflow/example_dags/tutorial.py
[2024-01-30T19:15:04.501+0000] {logging_mixin.py:120} INFO - [2024-01-30T19:15:04.501+0000] {dag.py:2585} INFO - Sync 1 DAGs
[2024-01-30T19:15:04.540+0000] {logging_mixin.py:120} INFO - [2024-01-30T19:15:04.539+0000] {dag.py:3340} INFO - Setting next_dagrun for tutorial to 2024-01-29T19:15:04.539445+00:00, run_after=2024-01-30T19:15:04.539445+00:00
[2024-01-30T19:15:04.572+0000] {processor.py:176} INFO - Processing /home/airflow/.local/lib/python3.7/site-packages/airflow/example_dags/tutorial.py took 0.168 seconds
[2024-01-30T19:15:35.400+0000] {processor.py:154} INFO - Started process (PID=3256) to work on /home/airflow/.local/lib/python3.7/site-packages/airflow/example_dags/tutorial.py
[2024-01-30T19:15:35.402+0000] {processor.py:756} INFO - Processing file /home/airflow/.local/lib/python3.7/site-packages/airflow/example_dags/tutorial.py for tasks to queue
[2024-01-30T19:15:35.404+0000] {logging_mixin.py:120} INFO - [2024-01-30T19:15:35.404+0000] {dagbag.py:537} INFO - Filling up the DagBag from /home/airflow/.local/lib/python3.7/site-packages/airflow/example_dags/tutorial.py
[2024-01-30T19:15:35.430+0000] {processor.py:766} INFO - DAG(s) dict_keys(['tutorial']) retrieved from /home/airflow/.local/lib/python3.7/site-packages/airflow/example_dags/tutorial.py
[2024-01-30T19:15:35.503+0000] {logging_mixin.py:120} INFO - [2024-01-30T19:15:35.503+0000] {dag.py:2585} INFO - Sync 1 DAGs
[2024-01-30T19:15:35.534+0000] {logging_mixin.py:120} INFO - [2024-01-30T19:15:35.534+0000] {dag.py:3340} INFO - Setting next_dagrun for tutorial to 2024-01-29T19:15:35.534436+00:00, run_after=2024-01-30T19:15:35.534436+00:00
[2024-01-30T19:15:35.565+0000] {processor.py:176} INFO - Processing /home/airflow/.local/lib/python3.7/site-packages/airflow/example_dags/tutorial.py took 0.170 seconds
[2024-01-30T19:16:05.654+0000] {processor.py:154} INFO - Started process (PID=3319) to work on /home/airflow/.local/lib/python3.7/site-packages/airflow/example_dags/tutorial.py
[2024-01-30T19:16:05.656+0000] {processor.py:756} INFO - Processing file /home/airflow/.local/lib/python3.7/site-packages/airflow/example_dags/tutorial.py for tasks to queue
[2024-01-30T19:16:05.657+0000] {logging_mixin.py:120} INFO - [2024-01-30T19:16:05.657+0000] {dagbag.py:537} INFO - Filling up the DagBag from /home/airflow/.local/lib/python3.7/site-packages/airflow/example_dags/tutorial.py
[2024-01-30T19:16:05.682+0000] {processor.py:766} INFO - DAG(s) dict_keys(['tutorial']) retrieved from /home/airflow/.local/lib/python3.7/site-packages/airflow/example_dags/tutorial.py
[2024-01-30T19:16:05.742+0000] {logging_mixin.py:120} INFO - [2024-01-30T19:16:05.742+0000] {dag.py:2585} INFO - Sync 1 DAGs
[2024-01-30T19:16:05.775+0000] {logging_mixin.py:120} INFO - [2024-01-30T19:16:05.775+0000] {dag.py:3340} INFO - Setting next_dagrun for tutorial to 2024-01-29T19:16:05.775254+00:00, run_after=2024-01-30T19:16:05.775254+00:00
[2024-01-30T19:16:05.803+0000] {processor.py:176} INFO - Processing /home/airflow/.local/lib/python3.7/site-packages/airflow/example_dags/tutorial.py took 0.154 seconds
[2024-01-30T19:16:36.037+0000] {processor.py:154} INFO - Started process (PID=3376) to work on /home/airflow/.local/lib/python3.7/site-packages/airflow/example_dags/tutorial.py
[2024-01-30T19:16:36.039+0000] {processor.py:756} INFO - Processing file /home/airflow/.local/lib/python3.7/site-packages/airflow/example_dags/tutorial.py for tasks to queue
[2024-01-30T19:16:36.041+0000] {logging_mixin.py:120} INFO - [2024-01-30T19:16:36.040+0000] {dagbag.py:537} INFO - Filling up the DagBag from /home/airflow/.local/lib/python3.7/site-packages/airflow/example_dags/tutorial.py
[2024-01-30T19:16:36.067+0000] {processor.py:766} INFO - DAG(s) dict_keys(['tutorial']) retrieved from /home/airflow/.local/lib/python3.7/site-packages/airflow/example_dags/tutorial.py
[2024-01-30T19:16:36.127+0000] {logging_mixin.py:120} INFO - [2024-01-30T19:16:36.126+0000] {dag.py:2585} INFO - Sync 1 DAGs
[2024-01-30T19:16:36.162+0000] {logging_mixin.py:120} INFO - [2024-01-30T19:16:36.161+0000] {dag.py:3340} INFO - Setting next_dagrun for tutorial to 2024-01-29T19:16:36.161362+00:00, run_after=2024-01-30T19:16:36.161362+00:00
[2024-01-30T19:16:36.197+0000] {processor.py:176} INFO - Processing /home/airflow/.local/lib/python3.7/site-packages/airflow/example_dags/tutorial.py took 0.164 seconds
[2024-01-30T19:17:06.537+0000] {processor.py:154} INFO - Started process (PID=3441) to work on /home/airflow/.local/lib/python3.7/site-packages/airflow/example_dags/tutorial.py
[2024-01-30T19:17:06.539+0000] {processor.py:756} INFO - Processing file /home/airflow/.local/lib/python3.7/site-packages/airflow/example_dags/tutorial.py for tasks to queue
[2024-01-30T19:17:06.540+0000] {logging_mixin.py:120} INFO - [2024-01-30T19:17:06.540+0000] {dagbag.py:537} INFO - Filling up the DagBag from /home/airflow/.local/lib/python3.7/site-packages/airflow/example_dags/tutorial.py
[2024-01-30T19:17:06.567+0000] {processor.py:766} INFO - DAG(s) dict_keys(['tutorial']) retrieved from /home/airflow/.local/lib/python3.7/site-packages/airflow/example_dags/tutorial.py
[2024-01-30T19:17:06.637+0000] {logging_mixin.py:120} INFO - [2024-01-30T19:17:06.637+0000] {dag.py:2585} INFO - Sync 1 DAGs
[2024-01-30T19:17:06.683+0000] {logging_mixin.py:120} INFO - [2024-01-30T19:17:06.683+0000] {dag.py:3340} INFO - Setting next_dagrun for tutorial to 2024-01-29T19:17:06.682863+00:00, run_after=2024-01-30T19:17:06.682863+00:00
[2024-01-30T19:17:06.720+0000] {processor.py:176} INFO - Processing /home/airflow/.local/lib/python3.7/site-packages/airflow/example_dags/tutorial.py took 0.189 seconds
[2024-01-30T19:17:37.096+0000] {processor.py:154} INFO - Started process (PID=3497) to work on /home/airflow/.local/lib/python3.7/site-packages/airflow/example_dags/tutorial.py
[2024-01-30T19:17:37.097+0000] {processor.py:756} INFO - Processing file /home/airflow/.local/lib/python3.7/site-packages/airflow/example_dags/tutorial.py for tasks to queue
[2024-01-30T19:17:37.098+0000] {logging_mixin.py:120} INFO - [2024-01-30T19:17:37.098+0000] {dagbag.py:537} INFO - Filling up the DagBag from /home/airflow/.local/lib/python3.7/site-packages/airflow/example_dags/tutorial.py
[2024-01-30T19:17:37.122+0000] {processor.py:766} INFO - DAG(s) dict_keys(['tutorial']) retrieved from /home/airflow/.local/lib/python3.7/site-packages/airflow/example_dags/tutorial.py
[2024-01-30T19:17:37.183+0000] {logging_mixin.py:120} INFO - [2024-01-30T19:17:37.182+0000] {dag.py:2585} INFO - Sync 1 DAGs
[2024-01-30T19:17:37.222+0000] {logging_mixin.py:120} INFO - [2024-01-30T19:17:37.222+0000] {dag.py:3340} INFO - Setting next_dagrun for tutorial to 2024-01-29T19:17:37.222100+00:00, run_after=2024-01-30T19:17:37.222100+00:00
[2024-01-30T19:17:37.252+0000] {processor.py:176} INFO - Processing /home/airflow/.local/lib/python3.7/site-packages/airflow/example_dags/tutorial.py took 0.161 seconds
[2024-01-30T19:18:07.786+0000] {processor.py:154} INFO - Started process (PID=3564) to work on /home/airflow/.local/lib/python3.7/site-packages/airflow/example_dags/tutorial.py
[2024-01-30T19:18:07.788+0000] {processor.py:756} INFO - Processing file /home/airflow/.local/lib/python3.7/site-packages/airflow/example_dags/tutorial.py for tasks to queue
[2024-01-30T19:18:07.789+0000] {logging_mixin.py:120} INFO - [2024-01-30T19:18:07.789+0000] {dagbag.py:537} INFO - Filling up the DagBag from /home/airflow/.local/lib/python3.7/site-packages/airflow/example_dags/tutorial.py
[2024-01-30T19:18:07.811+0000] {processor.py:766} INFO - DAG(s) dict_keys(['tutorial']) retrieved from /home/airflow/.local/lib/python3.7/site-packages/airflow/example_dags/tutorial.py
[2024-01-30T19:18:07.861+0000] {logging_mixin.py:120} INFO - [2024-01-30T19:18:07.861+0000] {dag.py:2585} INFO - Sync 1 DAGs
[2024-01-30T19:18:07.896+0000] {logging_mixin.py:120} INFO - [2024-01-30T19:18:07.896+0000] {dag.py:3340} INFO - Setting next_dagrun for tutorial to 2024-01-29T19:18:07.895672+00:00, run_after=2024-01-30T19:18:07.895672+00:00
[2024-01-30T19:18:07.923+0000] {processor.py:176} INFO - Processing /home/airflow/.local/lib/python3.7/site-packages/airflow/example_dags/tutorial.py took 0.142 seconds
