[2024-01-25T15:36:58.742+0000] {taskinstance.py:1165} INFO - Dependencies all met for <TaskInstance: example_bash_operator.also_run_this scheduled__2024-01-24T00:00:00+00:00 [queued]>
[2024-01-25T15:36:58.785+0000] {taskinstance.py:1165} INFO - Dependencies all met for <TaskInstance: example_bash_operator.also_run_this scheduled__2024-01-24T00:00:00+00:00 [queued]>
[2024-01-25T15:36:58.786+0000] {taskinstance.py:1362} INFO - 
--------------------------------------------------------------------------------
[2024-01-25T15:36:58.786+0000] {taskinstance.py:1363} INFO - Starting attempt 1 of 1
[2024-01-25T15:36:58.787+0000] {taskinstance.py:1364} INFO - 
--------------------------------------------------------------------------------
[2024-01-25T15:36:58.832+0000] {taskinstance.py:1383} INFO - Executing <Task(BashOperator): also_run_this> on 2024-01-24 00:00:00+00:00
[2024-01-25T15:36:58.837+0000] {standard_task_runner.py:55} INFO - Started process 935 to run task
[2024-01-25T15:36:58.842+0000] {standard_task_runner.py:82} INFO - Running: ['***', 'tasks', 'run', 'example_bash_operator', 'also_run_this', 'scheduled__2024-01-24T00:00:00+00:00', '--job-id', '7', '--raw', '--subdir', '/home/***/.local/lib/python3.7/site-packages/***/example_dags/example_bash_operator.py', '--cfg-path', '/tmp/tmp97v3nztb']
[2024-01-25T15:36:58.843+0000] {standard_task_runner.py:83} INFO - Job 7: Subtask also_run_this
[2024-01-25T15:36:59.187+0000] {task_command.py:376} INFO - Running <TaskInstance: example_bash_operator.also_run_this scheduled__2024-01-24T00:00:00+00:00 [running]> on host 976476bc7b78
[2024-01-25T15:36:59.754+0000] {taskinstance.py:1592} INFO - Exporting the following env vars:
AIRFLOW_CTX_DAG_OWNER=***
AIRFLOW_CTX_DAG_ID=example_bash_operator
AIRFLOW_CTX_TASK_ID=also_run_this
AIRFLOW_CTX_EXECUTION_DATE=2024-01-24T00:00:00+00:00
AIRFLOW_CTX_TRY_NUMBER=1
AIRFLOW_CTX_DAG_RUN_ID=scheduled__2024-01-24T00:00:00+00:00
[2024-01-25T15:36:59.760+0000] {subprocess.py:63} INFO - Tmp dir root location: 
 /tmp
[2024-01-25T15:36:59.762+0000] {subprocess.py:75} INFO - Running command: ['/bin/bash', '-c', 'echo "ti_key=example_bash_operator__also_run_this__20240124"']
[2024-01-25T15:36:59.780+0000] {subprocess.py:86} INFO - Output:
[2024-01-25T15:36:59.781+0000] {subprocess.py:93} INFO - ti_key=example_bash_operator__also_run_this__20240124
[2024-01-25T15:36:59.782+0000] {subprocess.py:97} INFO - Command exited with return code 0
[2024-01-25T15:36:59.828+0000] {taskinstance.py:1406} INFO - Marking task as SUCCESS. dag_id=example_bash_operator, task_id=also_run_this, execution_date=20240124T000000, start_date=20240125T153658, end_date=20240125T153659
[2024-01-25T15:36:59.892+0000] {local_task_job.py:164} INFO - Task exited with return code 0
[2024-01-25T15:36:59.933+0000] {local_task_job.py:273} INFO - 0 downstream tasks scheduled from follow-on schedule check
